3924 0
77604 0
148236 0
260560 0
300600 0
384172 0
517060 0
561560 0
586776 0
660192 0
740756 0
819624 0
1008544 0
1055232 0
1096796 0
1138512 0
1138072 0
1217672 0
1296308 0
1373892 0
1450000 0
1517060 0
1583988 0
1657468 0
1730124 0
2025812 0
2067384 0
2104836 0
2142224 0
2176904 0
2211864 0
2246800 0
2281944 0
2216100 0
2283384 0
2357080 0
2430472 0
2503180 0
2567404 0
2631512 0
2695492 0
2758372 0
2821452 0
2883356 0
2945476 0
3006356 0
3067388 0
3127348 0
3187476 0
3253376 0
3318848 0
3383792 0
3441460 0
3692496 0
3818704 0
3937304 0
4023884 0
4070596 0
4103944 0
4135320 0
4166584 0
4198080 0
4229172 0
4260592 0
4292180 0
4323664 0
4354984 0
4386600 0
4417860 0
4449416 0
4481276 0
4267388 0
4330356 0
4492308 0
4557352 0
4618372 0
4679444 0
4737712 0
4797668 0
4856116 0
4915736 0
4972808 0
5030336 0
5086760 0
5143828 0
5200904 0
5258052 0
5314824 0
5372804 0
5429200 0
5483556 0
5539152 0
5593464 0
5649080 0
5702128 0
5755604 0
5809412 0
5862216 0
5915304 0
5966860 0
6020428 0
6072564 0
6125752 0
6179504 0
6231628 0
6282080 0
6334136 0
6386692 0
6437132 0
6488676 0
6537580 0
6586992 0
6635324 0
6684840 0
6733660 0
6782112 0
6830988 0
6880540 0
6929228 0
7216164 0
7665768 0
7891308 0
8007696 0
8069864 0
8109052 0
8137192 0
8162628 0
8187564 0
8196904 0
8202156 0
8209452 0
8219632 0
8232364 0
8250112 0
8272644 0
8296204 0
8319508 0
8342076 0
8364844 0
8390164 0
8414708 0
8439300 0
8463732 0
8488408 0
8513008 0
8537548 0
8562084 0
8586764 0
8611288 0
8635876 0
8660404 0
8685056 0
8190404 0
8244476 0
8296684 0
8348996 0
8401060 0
8452888 0
8504316 0
8556048 0
8607148 0
8657860 0
8708792 0
8753632 0
8797920 0
8844428 0
8927648 0
8976676 0
9022068 0
9067532 0
9111808 0
9156260 0
9201116 0
9246484 0
9290920 0
9336784 0
9380600 0
9421744 0
9462500 0
9503272 0
9543692 0
9584356 0
9625220 0
9666216 0
9706604 0
9747764 0
9788556 0
9828972 0
9869612 0
9910664 0
9951808 0
9992200 0
10032828 0
10073704 0
10114396 0
10156232 0
10195920 0
10233336 0
10273656 0
10310692 0
10347212 0
10383624 0
10420148 0
10456624 0
10493488 0
10530100 0
10566848 0
10603464 0
10640196 0
10676916 0
10713712 0
10750460 0
10787200 0
10823968 0
10860500 0
10897408 0
10934100 0
10970856 0
11007552 0
11019848 0
11035932 0
11054128 0
11074580 0
11096780 0
11119980 0
11144832 0
11170712 0
11197076 0
11226312 0
11255772 0
11285548 0
11315440 0
11349000 0
11381868 0
11415632 0
11448392 0
11481760 0
11514380 0
11547208 0
11579940 0
11613344 0
11650108 0
11687224 0
11722648 0
11754964 0
11817916 0
11852412 0
11886184 0
11922804 0
11955416 0
11988112 0
12020800 0
12053452 0
12086172 0
12118716 0
12151304 0
12183996 0
12216460 0
12249192 0
12281816 0
12314580 0
12347600 0
12379656 0
12412228 0
12444964 0
12474016 0
12506028 0
12535080 0
12567100 0
12596152 0
12624436 0
12653024 0
12681252 0
12709664 0
12737688 0
12794044 0
12825176 0
12854856 0
12885984 0
12915084 0
12941244 0
12969788 0
12998380 0
13027052 0
13055628 0
13081072 0
13108664 0
13133992 0
13161592 0
13187072 0
13214600 0
13240168 0
13267688 0
13293264 0
13320788 0
13345296 0
13370816 0
13395268 0
13419736 0
13444188 0
13468612 0
13493264 0
13517748 0
13542232 0
13566768 0
13591280 0
13615760 0
13639060 0
13663592 0
13688652 0
13713664 0
13737056 0
13761412 0
13786448 0
13810332 0
13835420 0
13859412 0
13883864 0
13908896 0
14233584 0
14574324 0
14887992 0
15128248 0
15335840 0
15507688 0
15536144 0
15568536 0
15605548 0
15644080 0
15691064 0
15736044 0
15787288 0
15845572 0
15901816 0
15955528 0
16003828 0
16045644 0
16080868 0
16112052 0
16135580 0
16156016 0
16176740 0
16195828 0
16213068 0
16229328 0
16256480 0
16269108 0
16282768 0
16299516 0
16311624 0
16324116 0
16336772 0
16349388 0
16361964 0
16374360 0
16386780 0
16397436 0
16409756 0
16422012 0
16434208 0
16446536 0
16458644 0
16470708 0
16482956 0
16493116 0
16504148 0
16531800 0
16531800 0
16531800 0
16531800 0
16531800 0
16531800 0
16531800 0
16531800 0
16531800 0
16531800 0
16531800 0
16531800 0
16531800 0
16531800 0
16531800 0
16531800 0
16531800 0
16531800 0
16531800 0
16531800 0
16531800 0
16531800 0
16531800 0
16531800 0
16531800 0
16531800 0
16531800 0
16531800 0
16531800 0
16531800 0
16531800 0
16531800 0
16531800 0
16531800 0
16531800 0
16531800 0
16531800 0
16531800 0
16531800 0
16531800 0
16531800 0
16531800 0
16531800 0
16531800 0
16531800 0
16531800 0
16531800 0
16531800 0
16531800 0
16531800 0
16531800 0
16531800 0
16531800 0
16531800 0
16531800 0
16531800 0
16531800 0
16531800 0
16531800 0
16531800 0
16531800 0
16531800 0
16531800 0
16531800 0
16531800 0
16531800 0
16531800 0
16531800 0
16531800 0
16531800 0
16531800 0
16531800 0
16531800 0
16531800 0
16531800 0
16531800 0
16531800 0
16531800 0
16531800 0
16531800 0
16531800 0
16531800 0
16531800 0
16531800 0
16531800 0
16531800 0
16531800 0
16531800 0
16531800 0
16531800 0
16531800 0
16531800 0
16531800 0
16531800 0
16531800 0
16531800 0
16531800 0
16531800 0
16531800 0
16531800 0
16531800 0
16531800 0
16531800 0
16531800 0
16531800 0
16531800 0
16531800 0
16531800 0
16531800 0
16531800 0
16531800 0
16531800 0
16531800 0
16531800 0
16531800 0
16531800 0
16531800 0
16531800 0
16531800 0
16531800 0
16531800 0
16531800 0
16531800 0
16531800 0
16531800 0
16531800 0
16531800 0
16531800 0
16531800 0
16531800 0
16531800 0
16531800 0
16531800 0
16531800 0
16531800 0
16531800 0
16531800 0
16531800 0
16531800 0
16531800 0
16531800 0
16531800 0
16531800 0
16531800 0
16531800 0
16531800 0
16531800 0
16531800 0
16531800 0
16531800 0
16531800 0
16531800 0
16531800 0
16531800 0
16531800 0
16531800 0
16531800 0
16531800 0
16531800 0
16531800 0
16531800 0
16531800 0
16531800 0
16531800 0
16531800 0
16531800 0
16531800 0
16531800 0
16531800 0
16531800 0
16531800 0
16531800 0
16531800 0
16531800 0
16531800 0
16531800 0
16531800 0
16531800 0
16531800 0
16531800 0
16531800 0
16531800 0
16531800 0
16531800 0
16531800 0
16531800 0
16531800 0
16531800 0
16531800 0
16531800 0
16531800 0
16531800 0
16531800 0
16531800 0
16531800 0
16531800 0
16531800 0
16531800 0
16531800 0
16531800 0
16531800 0
16531800 0
16531800 0
16531800 0
16531800 0
16531800 0
16531800 0
16531800 0
16531800 0

