97 (khugepaged) S 2 0 0 0 -1 2097216 0 0 0 0 0 75 0 0 39 19 1 0 26 0 0 18446744073709551615 0 0 0 0 0 0 0 2147483647 0 0 0 0 17 1 0 0 0 0 0 0 0 0 0 0 0 0 0
97 (khugepaged) S 2 0 0 0 -1 2097216 0 0 0 0 0 75 0 0 39 19 1 0 26 0 0 18446744073709551615 0 0 0 0 0 0 0 2147483647 0 0 0 0 17 1 0 0 0 0 0 0 0 0 0 0 0 0 0
97 (khugepaged) S 2 0 0 0 -1 2097216 0 0 0 0 0 75 0 0 39 19 1 0 26 0 0 18446744073709551615 0 0 0 0 0 0 0 2147483647 0 0 0 0 17 1 0 0 0 0 0 0 0 0 0 0 0 0 0
97 (khugepaged) S 2 0 0 0 -1 2097216 0 0 0 0 0 75 0 0 39 19 1 0 26 0 0 18446744073709551615 0 0 0 0 0 0 0 2147483647 0 0 0 0 17 1 0 0 0 0 0 0 0 0 0 0 0 0 0
97 (khugepaged) S 2 0 0 0 -1 2097216 0 0 0 0 0 75 0 0 39 19 1 0 26 0 0 18446744073709551615 0 0 0 0 0 0 0 2147483647 0 0 0 0 17 1 0 0 0 0 0 0 0 0 0 0 0 0 0
97 (khugepaged) S 2 0 0 0 -1 2097216 0 0 0 0 0 75 0 0 39 19 1 0 26 0 0 18446744073709551615 0 0 0 0 0 0 0 2147483647 0 0 0 0 17 1 0 0 0 0 0 0 0 0 0 0 0 0 0
97 (khugepaged) S 2 0 0 0 -1 2097216 0 0 0 0 0 75 0 0 39 19 1 0 26 0 0 18446744073709551615 0 0 0 0 0 0 0 2147483647 0 0 0 0 17 1 0 0 0 0 0 0 0 0 0 0 0 0 0
97 (khugepaged) S 2 0 0 0 -1 2097216 0 0 0 0 0 75 0 0 39 19 1 0 26 0 0 18446744073709551615 0 0 0 0 0 0 0 2147483647 0 0 0 0 17 1 0 0 0 0 0 0 0 0 0 0 0 0 0
97 (khugepaged) S 2 0 0 0 -1 2097216 0 0 0 0 0 75 0 0 39 19 1 0 26 0 0 18446744073709551615 0 0 0 0 0 0 0 2147483647 0 0 0 0 17 1 0 0 0 0 0 0 0 0 0 0 0 0 0
97 (khugepaged) S 2 0 0 0 -1 2097216 0 0 0 0 0 75 0 0 39 19 1 0 26 0 0 18446744073709551615 0 0 0 0 0 0 0 2147483647 0 0 0 0 17 1 0 0 0 0 0 0 0 0 0 0 0 0 0
97 (khugepaged) S 2 0 0 0 -1 2097216 0 0 0 0 0 76 0 0 39 19 1 0 26 0 0 18446744073709551615 0 0 0 0 0 0 0 2147483647 0 0 0 0 17 3 0 0 0 0 0 0 0 0 0 0 0 0 0
97 (khugepaged) S 2 0 0 0 -1 2097216 0 0 0 0 0 76 0 0 39 19 1 0 26 0 0 18446744073709551615 0 0 0 0 0 0 0 2147483647 0 0 0 0 17 3 0 0 0 0 0 0 0 0 0 0 0 0 0
97 (khugepaged) S 2 0 0 0 -1 2097216 0 0 0 0 0 76 0 0 39 19 1 0 26 0 0 18446744073709551615 0 0 0 0 0 0 0 2147483647 0 0 0 0 17 3 0 0 0 0 0 0 0 0 0 0 0 0 0
97 (khugepaged) S 2 0 0 0 -1 2097216 0 0 0 0 0 76 0 0 39 19 1 0 26 0 0 18446744073709551615 0 0 0 0 0 0 0 2147483647 0 0 0 0 17 3 0 0 0 0 0 0 0 0 0 0 0 0 0
97 (khugepaged) S 2 0 0 0 -1 2097216 0 0 0 0 0 76 0 0 39 19 1 0 26 0 0 18446744073709551615 0 0 0 0 0 0 0 2147483647 0 0 0 0 17 3 0 0 0 0 0 0 0 0 0 0 0 0 0
97 (khugepaged) S 2 0 0 0 -1 2097216 0 0 0 0 0 76 0 0 39 19 1 0 26 0 0 18446744073709551615 0 0 0 0 0 0 0 2147483647 0 0 0 0 17 3 0 0 0 0 0 0 0 0 0 0 0 0 0
97 (khugepaged) S 2 0 0 0 -1 2097216 0 0 0 0 0 76 0 0 39 19 1 0 26 0 0 18446744073709551615 0 0 0 0 0 0 0 2147483647 0 0 0 0 17 3 0 0 0 0 0 0 0 0 0 0 0 0 0
97 (khugepaged) S 2 0 0 0 -1 2097216 0 0 0 0 0 76 0 0 39 19 1 0 26 0 0 18446744073709551615 0 0 0 0 0 0 0 2147483647 0 0 0 0 17 3 0 0 0 0 0 0 0 0 0 0 0 0 0
97 (khugepaged) S 2 0 0 0 -1 2097216 0 0 0 0 0 76 0 0 39 19 1 0 26 0 0 18446744073709551615 0 0 0 0 0 0 0 2147483647 0 0 0 0 17 3 0 0 0 0 0 0 0 0 0 0 0 0 0
97 (khugepaged) S 2 0 0 0 -1 2097216 0 0 0 0 0 76 0 0 39 19 1 0 26 0 0 18446744073709551615 0 0 0 0 0 0 0 2147483647 0 0 0 0 17 3 0 0 0 0 0 0 0 0 0 0 0 0 0
97 (khugepaged) S 2 0 0 0 -1 2097216 0 0 0 0 0 76 0 0 39 19 1 0 26 0 0 18446744073709551615 0 0 0 0 0 0 0 2147483647 0 0 0 0 17 3 0 0 0 0 0 0 0 0 0 0 0 0 0
97 (khugepaged) S 2 0 0 0 -1 2097216 0 0 0 0 0 76 0 0 39 19 1 0 26 0 0 18446744073709551615 0 0 0 0 0 0 0 2147483647 0 0 0 0 17 3 0 0 0 0 0 0 0 0 0 0 0 0 0
97 (khugepaged) S 2 0 0 0 -1 2097216 0 0 0 0 0 76 0 0 39 19 1 0 26 0 0 18446744073709551615 0 0 0 0 0 0 0 2147483647 0 0 0 0 17 3 0 0 0 0 0 0 0 0 0 0 0 0 0
97 (khugepaged) S 2 0 0 0 -1 2097216 0 0 0 0 0 76 0 0 39 19 1 0 26 0 0 18446744073709551615 0 0 0 0 0 0 0 2147483647 0 0 0 0 17 3 0 0 0 0 0 0 0 0 0 0 0 0 0
97 (khugepaged) S 2 0 0 0 -1 2097216 0 0 0 0 0 76 0 0 39 19 1 0 26 0 0 18446744073709551615 0 0 0 0 0 0 0 2147483647 0 0 0 0 17 3 0 0 0 0 0 0 0 0 0 0 0 0 0
97 (khugepaged) S 2 0 0 0 -1 2097216 0 0 0 0 0 76 0 0 39 19 1 0 26 0 0 18446744073709551615 0 0 0 0 0 0 0 2147483647 0 0 0 0 17 3 0 0 0 0 0 0 0 0 0 0 0 0 0
97 (khugepaged) S 2 0 0 0 -1 2097216 0 0 0 0 0 76 0 0 39 19 1 0 26 0 0 18446744073709551615 0 0 0 0 0 0 0 2147483647 0 0 0 0 17 3 0 0 0 0 0 0 0 0 0 0 0 0 0
97 (khugepaged) S 2 0 0 0 -1 2097216 0 0 0 0 0 76 0 0 39 19 1 0 26 0 0 18446744073709551615 0 0 0 0 0 0 0 2147483647 0 0 0 0 17 3 0 0 0 0 0 0 0 0 0 0 0 0 0
97 (khugepaged) S 2 0 0 0 -1 2097216 0 0 0 0 0 78 0 0 39 19 1 0 26 0 0 18446744073709551615 0 0 0 0 0 0 0 2147483647 0 0 0 0 17 5 0 0 0 0 0 0 0 0 0 0 0 0 0
97 (khugepaged) S 2 0 0 0 -1 2097216 0 0 0 0 0 78 0 0 39 19 1 0 26 0 0 18446744073709551615 0 0 0 0 0 0 0 2147483647 0 0 0 0 17 5 0 0 0 0 0 0 0 0 0 0 0 0 0
97 (khugepaged) S 2 0 0 0 -1 2097216 0 0 0 0 0 78 0 0 39 19 1 0 26 0 0 18446744073709551615 0 0 0 0 0 0 0 2147483647 0 0 0 0 17 5 0 0 0 0 0 0 0 0 0 0 0 0 0
97 (khugepaged) S 2 0 0 0 -1 2097216 0 0 0 0 0 78 0 0 39 19 1 0 26 0 0 18446744073709551615 0 0 0 0 0 0 0 2147483647 0 0 0 0 17 5 0 0 0 0 0 0 0 0 0 0 0 0 0
97 (khugepaged) S 2 0 0 0 -1 2097216 0 0 0 0 0 78 0 0 39 19 1 0 26 0 0 18446744073709551615 0 0 0 0 0 0 0 2147483647 0 0 0 0 17 5 0 0 0 0 0 0 0 0 0 0 0 0 0
97 (khugepaged) S 2 0 0 0 -1 2097216 0 0 0 0 0 78 0 0 39 19 1 0 26 0 0 18446744073709551615 0 0 0 0 0 0 0 2147483647 0 0 0 0 17 5 0 0 0 0 0 0 0 0 0 0 0 0 0
97 (khugepaged) S 2 0 0 0 -1 2097216 0 0 0 0 0 78 0 0 39 19 1 0 26 0 0 18446744073709551615 0 0 0 0 0 0 0 2147483647 0 0 0 0 17 5 0 0 0 0 0 0 0 0 0 0 0 0 0
97 (khugepaged) S 2 0 0 0 -1 2097216 0 0 0 0 0 78 0 0 39 19 1 0 26 0 0 18446744073709551615 0 0 0 0 0 0 0 2147483647 0 0 0 0 17 5 0 0 0 0 0 0 0 0 0 0 0 0 0
97 (khugepaged) S 2 0 0 0 -1 2097216 0 0 0 0 0 78 0 0 39 19 1 0 26 0 0 18446744073709551615 0 0 0 0 0 0 0 2147483647 0 0 0 0 17 5 0 0 0 0 0 0 0 0 0 0 0 0 0
97 (khugepaged) S 2 0 0 0 -1 2097216 0 0 0 0 0 126 0 0 39 19 1 0 26 0 0 18446744073709551615 0 0 0 0 0 0 0 2147483647 0 0 0 0 17 0 0 0 0 0 0 0 0 0 0 0 0 0 0
97 (khugepaged) S 2 0 0 0 -1 2097216 0 0 0 0 0 126 0 0 39 19 1 0 26 0 0 18446744073709551615 0 0 0 0 0 0 0 2147483647 0 0 0 0 17 0 0 0 0 0 0 0 0 0 0 0 0 0 0
97 (khugepaged) S 2 0 0 0 -1 2097216 0 0 0 0 0 126 0 0 39 19 1 0 26 0 0 18446744073709551615 0 0 0 0 0 0 0 2147483647 0 0 0 0 17 0 0 0 0 0 0 0 0 0 0 0 0 0 0
97 (khugepaged) S 2 0 0 0 -1 2097216 0 0 0 0 0 126 0 0 39 19 1 0 26 0 0 18446744073709551615 0 0 0 0 0 0 0 2147483647 0 0 0 0 17 0 0 0 0 0 0 0 0 0 0 0 0 0 0
97 (khugepaged) S 2 0 0 0 -1 2097216 0 0 0 0 0 126 0 0 39 19 1 0 26 0 0 18446744073709551615 0 0 0 0 0 0 0 2147483647 0 0 0 0 17 0 0 0 0 0 0 0 0 0 0 0 0 0 0
97 (khugepaged) S 2 0 0 0 -1 2097216 0 0 0 0 0 126 0 0 39 19 1 0 26 0 0 18446744073709551615 0 0 0 0 0 0 0 2147483647 0 0 0 0 17 0 0 0 0 0 0 0 0 0 0 0 0 0 0
97 (khugepaged) S 2 0 0 0 -1 2097216 0 0 0 0 0 126 0 0 39 19 1 0 26 0 0 18446744073709551615 0 0 0 0 0 0 0 2147483647 0 0 0 0 17 0 0 0 0 0 0 0 0 0 0 0 0 0 0
97 (khugepaged) S 2 0 0 0 -1 2097216 0 0 0 0 0 126 0 0 39 19 1 0 26 0 0 18446744073709551615 0 0 0 0 0 0 0 2147483647 0 0 0 0 17 0 0 0 0 0 0 0 0 0 0 0 0 0 0
97 (khugepaged) S 2 0 0 0 -1 2097216 0 0 0 0 0 126 0 0 39 19 1 0 26 0 0 18446744073709551615 0 0 0 0 0 0 0 2147483647 0 0 0 0 17 0 0 0 0 0 0 0 0 0 0 0 0 0 0
97 (khugepaged) R 2 0 0 0 -1 2097216 0 0 0 0 0 130 0 0 39 19 1 0 26 0 0 18446744073709551615 0 0 0 0 0 0 0 2147483647 0 0 0 0 17 0 0 0 0 0 0 0 0 0 0 0 0 0 0
97 (khugepaged) R 2 0 0 0 -1 2097216 0 0 0 0 0 235 0 0 39 19 1 0 26 0 0 18446744073709551615 0 0 0 0 0 0 0 2147483647 0 0 0 0 17 1 0 0 0 0 0 0 0 0 0 0 0 0 0
97 (khugepaged) S 2 0 0 0 -1 2097216 0 0 0 0 0 290 0 0 39 19 1 0 26 0 0 18446744073709551615 0 0 0 0 0 0 0 2147483647 0 0 0 0 17 2 0 0 0 0 0 0 0 0 0 0 0 0 0
97 (khugepaged) S 2 0 0 0 -1 2097216 0 0 0 0 0 290 0 0 39 19 1 0 26 0 0 18446744073709551615 0 0 0 0 0 0 0 2147483647 0 0 0 0 17 2 0 0 0 0 0 0 0 0 0 0 0 0 0
97 (khugepaged) S 2 0 0 0 -1 2097216 0 0 0 0 0 290 0 0 39 19 1 0 26 0 0 18446744073709551615 0 0 0 0 0 0 0 2147483647 0 0 0 0 17 2 0 0 0 0 0 0 0 0 0 0 0 0 0
97 (khugepaged) S 2 0 0 0 -1 2097216 0 0 0 0 0 290 0 0 39 19 1 0 26 0 0 18446744073709551615 0 0 0 0 0 0 0 2147483647 0 0 0 0 17 2 0 0 0 0 0 0 0 0 0 0 0 0 0
97 (khugepaged) S 2 0 0 0 -1 2097216 0 0 0 0 0 290 0 0 39 19 1 0 26 0 0 18446744073709551615 0 0 0 0 0 0 0 2147483647 0 0 0 0 17 2 0 0 0 0 0 0 0 0 0 0 0 0 0
97 (khugepaged) S 2 0 0 0 -1 2097216 0 0 0 0 0 290 0 0 39 19 1 0 26 0 0 18446744073709551615 0 0 0 0 0 0 0 2147483647 0 0 0 0 17 2 0 0 0 0 0 0 0 0 0 0 0 0 0
97 (khugepaged) S 2 0 0 0 -1 2097216 0 0 0 0 0 290 0 0 39 19 1 0 26 0 0 18446744073709551615 0 0 0 0 0 0 0 2147483647 0 0 0 0 17 2 0 0 0 0 0 0 0 0 0 0 0 0 0
97 (khugepaged) S 2 0 0 0 -1 2097216 0 0 0 0 0 290 0 0 39 19 1 0 26 0 0 18446744073709551615 0 0 0 0 0 0 0 2147483647 0 0 0 0 17 2 0 0 0 0 0 0 0 0 0 0 0 0 0
97 (khugepaged) S 2 0 0 0 -1 2097216 0 0 0 0 0 290 0 0 39 19 1 0 26 0 0 18446744073709551615 0 0 0 0 0 0 0 2147483647 0 0 0 0 17 2 0 0 0 0 0 0 0 0 0 0 0 0 0
97 (khugepaged) R 2 0 0 0 -1 2097216 0 0 0 0 0 290 0 0 39 19 1 0 26 0 0 18446744073709551615 0 0 0 0 0 0 0 2147483647 0 0 0 0 17 2 0 0 0 0 0 0 0 0 0 0 0 0 0
97 (khugepaged) S 2 0 0 0 -1 2097216 0 0 0 0 0 322 0 0 39 19 1 0 26 0 0 18446744073709551615 0 0 0 0 0 0 0 2147483647 0 0 0 0 17 4 0 0 0 0 0 0 0 0 0 0 0 0 0
97 (khugepaged) S 2 0 0 0 -1 2097216 0 0 0 0 0 322 0 0 39 19 1 0 26 0 0 18446744073709551615 0 0 0 0 0 0 0 2147483647 0 0 0 0 17 4 0 0 0 0 0 0 0 0 0 0 0 0 0
97 (khugepaged) S 2 0 0 0 -1 2097216 0 0 0 0 0 322 0 0 39 19 1 0 26 0 0 18446744073709551615 0 0 0 0 0 0 0 2147483647 0 0 0 0 17 4 0 0 0 0 0 0 0 0 0 0 0 0 0
97 (khugepaged) S 2 0 0 0 -1 2097216 0 0 0 0 0 322 0 0 39 19 1 0 26 0 0 18446744073709551615 0 0 0 0 0 0 0 2147483647 0 0 0 0 17 4 0 0 0 0 0 0 0 0 0 0 0 0 0
97 (khugepaged) S 2 0 0 0 -1 2097216 0 0 0 0 0 322 0 0 39 19 1 0 26 0 0 18446744073709551615 0 0 0 0 0 0 0 2147483647 0 0 0 0 17 4 0 0 0 0 0 0 0 0 0 0 0 0 0
97 (khugepaged) S 2 0 0 0 -1 2097216 0 0 0 0 0 322 0 0 39 19 1 0 26 0 0 18446744073709551615 0 0 0 0 0 0 0 2147483647 0 0 0 0 17 4 0 0 0 0 0 0 0 0 0 0 0 0 0
97 (khugepaged) S 2 0 0 0 -1 2097216 0 0 0 0 0 322 0 0 39 19 1 0 26 0 0 18446744073709551615 0 0 0 0 0 0 0 2147483647 0 0 0 0 17 4 0 0 0 0 0 0 0 0 0 0 0 0 0
97 (khugepaged) S 2 0 0 0 -1 2097216 0 0 0 0 0 322 0 0 39 19 1 0 26 0 0 18446744073709551615 0 0 0 0 0 0 0 2147483647 0 0 0 0 17 4 0 0 0 0 0 0 0 0 0 0 0 0 0
97 (khugepaged) S 2 0 0 0 -1 2097216 0 0 0 0 0 322 0 0 39 19 1 0 26 0 0 18446744073709551615 0 0 0 0 0 0 0 2147483647 0 0 0 0 17 4 0 0 0 0 0 0 0 0 0 0 0 0 0
97 (khugepaged) S 2 0 0 0 -1 2097216 0 0 0 0 0 324 0 0 39 19 1 0 26 0 0 18446744073709551615 0 0 0 0 0 0 0 2147483647 0 0 0 0 17 5 0 0 0 0 0 0 0 0 0 0 0 0 0
97 (khugepaged) S 2 0 0 0 -1 2097216 0 0 0 0 0 324 0 0 39 19 1 0 26 0 0 18446744073709551615 0 0 0 0 0 0 0 2147483647 0 0 0 0 17 5 0 0 0 0 0 0 0 0 0 0 0 0 0
97 (khugepaged) S 2 0 0 0 -1 2097216 0 0 0 0 0 324 0 0 39 19 1 0 26 0 0 18446744073709551615 0 0 0 0 0 0 0 2147483647 0 0 0 0 17 5 0 0 0 0 0 0 0 0 0 0 0 0 0
97 (khugepaged) S 2 0 0 0 -1 2097216 0 0 0 0 0 324 0 0 39 19 1 0 26 0 0 18446744073709551615 0 0 0 0 0 0 0 2147483647 0 0 0 0 17 5 0 0 0 0 0 0 0 0 0 0 0 0 0
97 (khugepaged) S 2 0 0 0 -1 2097216 0 0 0 0 0 324 0 0 39 19 1 0 26 0 0 18446744073709551615 0 0 0 0 0 0 0 2147483647 0 0 0 0 17 5 0 0 0 0 0 0 0 0 0 0 0 0 0
97 (khugepaged) S 2 0 0 0 -1 2097216 0 0 0 0 0 324 0 0 39 19 1 0 26 0 0 18446744073709551615 0 0 0 0 0 0 0 2147483647 0 0 0 0 17 5 0 0 0 0 0 0 0 0 0 0 0 0 0
97 (khugepaged) S 2 0 0 0 -1 2097216 0 0 0 0 0 324 0 0 39 19 1 0 26 0 0 18446744073709551615 0 0 0 0 0 0 0 2147483647 0 0 0 0 17 5 0 0 0 0 0 0 0 0 0 0 0 0 0
97 (khugepaged) S 2 0 0 0 -1 2097216 0 0 0 0 0 324 0 0 39 19 1 0 26 0 0 18446744073709551615 0 0 0 0 0 0 0 2147483647 0 0 0 0 17 5 0 0 0 0 0 0 0 0 0 0 0 0 0
97 (khugepaged) S 2 0 0 0 -1 2097216 0 0 0 0 0 324 0 0 39 19 1 0 26 0 0 18446744073709551615 0 0 0 0 0 0 0 2147483647 0 0 0 0 17 5 0 0 0 0 0 0 0 0 0 0 0 0 0
97 (khugepaged) S 2 0 0 0 -1 2097216 0 0 0 0 0 330 0 0 39 19 1 0 26 0 0 18446744073709551615 0 0 0 0 0 0 0 2147483647 0 0 0 0 17 0 0 0 0 0 0 0 0 0 0 0 0 0 0
97 (khugepaged) S 2 0 0 0 -1 2097216 0 0 0 0 0 330 0 0 39 19 1 0 26 0 0 18446744073709551615 0 0 0 0 0 0 0 2147483647 0 0 0 0 17 0 0 0 0 0 0 0 0 0 0 0 0 0 0
97 (khugepaged) S 2 0 0 0 -1 2097216 0 0 0 0 0 330 0 0 39 19 1 0 26 0 0 18446744073709551615 0 0 0 0 0 0 0 2147483647 0 0 0 0 17 0 0 0 0 0 0 0 0 0 0 0 0 0 0
97 (khugepaged) S 2 0 0 0 -1 2097216 0 0 0 0 0 330 0 0 39 19 1 0 26 0 0 18446744073709551615 0 0 0 0 0 0 0 2147483647 0 0 0 0 17 0 0 0 0 0 0 0 0 0 0 0 0 0 0
97 (khugepaged) S 2 0 0 0 -1 2097216 0 0 0 0 0 330 0 0 39 19 1 0 26 0 0 18446744073709551615 0 0 0 0 0 0 0 2147483647 0 0 0 0 17 0 0 0 0 0 0 0 0 0 0 0 0 0 0
97 (khugepaged) S 2 0 0 0 -1 2097216 0 0 0 0 0 330 0 0 39 19 1 0 26 0 0 18446744073709551615 0 0 0 0 0 0 0 2147483647 0 0 0 0 17 0 0 0 0 0 0 0 0 0 0 0 0 0 0
97 (khugepaged) S 2 0 0 0 -1 2097216 0 0 0 0 0 330 0 0 39 19 1 0 26 0 0 18446744073709551615 0 0 0 0 0 0 0 2147483647 0 0 0 0 17 0 0 0 0 0 0 0 0 0 0 0 0 0 0
97 (khugepaged) S 2 0 0 0 -1 2097216 0 0 0 0 0 330 0 0 39 19 1 0 26 0 0 18446744073709551615 0 0 0 0 0 0 0 2147483647 0 0 0 0 17 0 0 0 0 0 0 0 0 0 0 0 0 0 0
97 (khugepaged) S 2 0 0 0 -1 2097216 0 0 0 0 0 330 0 0 39 19 1 0 26 0 0 18446744073709551615 0 0 0 0 0 0 0 2147483647 0 0 0 0 17 0 0 0 0 0 0 0 0 0 0 0 0 0 0
97 (khugepaged) S 2 0 0 0 -1 2097216 0 0 0 0 0 330 0 0 39 19 1 0 26 0 0 18446744073709551615 0 0 0 0 0 0 0 2147483647 0 0 0 0 17 0 0 0 0 0 0 0 0 0 0 0 0 0 0
97 (khugepaged) S 2 0 0 0 -1 2097216 0 0 0 0 0 330 0 0 39 19 1 0 26 0 0 18446744073709551615 0 0 0 0 0 0 0 2147483647 0 0 0 0 17 1 0 0 0 0 0 0 0 0 0 0 0 0 0
97 (khugepaged) S 2 0 0 0 -1 2097216 0 0 0 0 0 330 0 0 39 19 1 0 26 0 0 18446744073709551615 0 0 0 0 0 0 0 2147483647 0 0 0 0 17 1 0 0 0 0 0 0 0 0 0 0 0 0 0
97 (khugepaged) S 2 0 0 0 -1 2097216 0 0 0 0 0 330 0 0 39 19 1 0 26 0 0 18446744073709551615 0 0 0 0 0 0 0 2147483647 0 0 0 0 17 1 0 0 0 0 0 0 0 0 0 0 0 0 0
97 (khugepaged) S 2 0 0 0 -1 2097216 0 0 0 0 0 330 0 0 39 19 1 0 26 0 0 18446744073709551615 0 0 0 0 0 0 0 2147483647 0 0 0 0 17 1 0 0 0 0 0 0 0 0 0 0 0 0 0
97 (khugepaged) S 2 0 0 0 -1 2097216 0 0 0 0 0 330 0 0 39 19 1 0 26 0 0 18446744073709551615 0 0 0 0 0 0 0 2147483647 0 0 0 0 17 1 0 0 0 0 0 0 0 0 0 0 0 0 0
97 (khugepaged) S 2 0 0 0 -1 2097216 0 0 0 0 0 330 0 0 39 19 1 0 26 0 0 18446744073709551615 0 0 0 0 0 0 0 2147483647 0 0 0 0 17 1 0 0 0 0 0 0 0 0 0 0 0 0 0
97 (khugepaged) S 2 0 0 0 -1 2097216 0 0 0 0 0 330 0 0 39 19 1 0 26 0 0 18446744073709551615 0 0 0 0 0 0 0 2147483647 0 0 0 0 17 1 0 0 0 0 0 0 0 0 0 0 0 0 0
97 (khugepaged) S 2 0 0 0 -1 2097216 0 0 0 0 0 330 0 0 39 19 1 0 26 0 0 18446744073709551615 0 0 0 0 0 0 0 2147483647 0 0 0 0 17 1 0 0 0 0 0 0 0 0 0 0 0 0 0
97 (khugepaged) S 2 0 0 0 -1 2097216 0 0 0 0 0 330 0 0 39 19 1 0 26 0 0 18446744073709551615 0 0 0 0 0 0 0 2147483647 0 0 0 0 17 1 0 0 0 0 0 0 0 0 0 0 0 0 0
97 (khugepaged) S 2 0 0 0 -1 2097216 0 0 0 0 0 330 0 0 39 19 1 0 26 0 0 18446744073709551615 0 0 0 0 0 0 0 2147483647 0 0 0 0 17 1 0 0 0 0 0 0 0 0 0 0 0 0 0
97 (khugepaged) S 2 0 0 0 -1 2097216 0 0 0 0 0 330 0 0 39 19 1 0 26 0 0 18446744073709551615 0 0 0 0 0 0 0 2147483647 0 0 0 0 17 1 0 0 0 0 0 0 0 0 0 0 0 0 0
97 (khugepaged) S 2 0 0 0 -1 2097216 0 0 0 0 0 330 0 0 39 19 1 0 26 0 0 18446744073709551615 0 0 0 0 0 0 0 2147483647 0 0 0 0 17 1 0 0 0 0 0 0 0 0 0 0 0 0 0
97 (khugepaged) S 2 0 0 0 -1 2097216 0 0 0 0 0 330 0 0 39 19 1 0 26 0 0 18446744073709551615 0 0 0 0 0 0 0 2147483647 0 0 0 0 17 1 0 0 0 0 0 0 0 0 0 0 0 0 0
97 (khugepaged) S 2 0 0 0 -1 2097216 0 0 0 0 0 330 0 0 39 19 1 0 26 0 0 18446744073709551615 0 0 0 0 0 0 0 2147483647 0 0 0 0 17 1 0 0 0 0 0 0 0 0 0 0 0 0 0
97 (khugepaged) S 2 0 0 0 -1 2097216 0 0 0 0 0 330 0 0 39 19 1 0 26 0 0 18446744073709551615 0 0 0 0 0 0 0 2147483647 0 0 0 0 17 1 0 0 0 0 0 0 0 0 0 0 0 0 0
97 (khugepaged) S 2 0 0 0 -1 2097216 0 0 0 0 0 330 0 0 39 19 1 0 26 0 0 18446744073709551615 0 0 0 0 0 0 0 2147483647 0 0 0 0 17 1 0 0 0 0 0 0 0 0 0 0 0 0 0
97 (khugepaged) S 2 0 0 0 -1 2097216 0 0 0 0 0 330 0 0 39 19 1 0 26 0 0 18446744073709551615 0 0 0 0 0 0 0 2147483647 0 0 0 0 17 1 0 0 0 0 0 0 0 0 0 0 0 0 0
97 (khugepaged) S 2 0 0 0 -1 2097216 0 0 0 0 0 330 0 0 39 19 1 0 26 0 0 18446744073709551615 0 0 0 0 0 0 0 2147483647 0 0 0 0 17 1 0 0 0 0 0 0 0 0 0 0 0 0 0
97 (khugepaged) S 2 0 0 0 -1 2097216 0 0 0 0 0 330 0 0 39 19 1 0 26 0 0 18446744073709551615 0 0 0 0 0 0 0 2147483647 0 0 0 0 17 1 0 0 0 0 0 0 0 0 0 0 0 0 0
97 (khugepaged) S 2 0 0 0 -1 2097216 0 0 0 0 0 330 0 0 39 19 1 0 26 0 0 18446744073709551615 0 0 0 0 0 0 0 2147483647 0 0 0 0 17 1 0 0 0 0 0 0 0 0 0 0 0 0 0
97 (khugepaged) S 2 0 0 0 -1 2097216 0 0 0 0 0 330 0 0 39 19 1 0 26 0 0 18446744073709551615 0 0 0 0 0 0 0 2147483647 0 0 0 0 17 1 0 0 0 0 0 0 0 0 0 0 0 0 0
97 (khugepaged) S 2 0 0 0 -1 2097216 0 0 0 0 0 330 0 0 39 19 1 0 26 0 0 18446744073709551615 0 0 0 0 0 0 0 2147483647 0 0 0 0 17 1 0 0 0 0 0 0 0 0 0 0 0 0 0
97 (khugepaged) S 2 0 0 0 -1 2097216 0 0 0 0 0 330 0 0 39 19 1 0 26 0 0 18446744073709551615 0 0 0 0 0 0 0 2147483647 0 0 0 0 17 1 0 0 0 0 0 0 0 0 0 0 0 0 0
97 (khugepaged) S 2 0 0 0 -1 2097216 0 0 0 0 0 330 0 0 39 19 1 0 26 0 0 18446744073709551615 0 0 0 0 0 0 0 2147483647 0 0 0 0 17 1 0 0 0 0 0 0 0 0 0 0 0 0 0
97 (khugepaged) S 2 0 0 0 -1 2097216 0 0 0 0 0 330 0 0 39 19 1 0 26 0 0 18446744073709551615 0 0 0 0 0 0 0 2147483647 0 0 0 0 17 1 0 0 0 0 0 0 0 0 0 0 0 0 0
97 (khugepaged) S 2 0 0 0 -1 2097216 0 0 0 0 0 330 0 0 39 19 1 0 26 0 0 18446744073709551615 0 0 0 0 0 0 0 2147483647 0 0 0 0 17 1 0 0 0 0 0 0 0 0 0 0 0 0 0
97 (khugepaged) S 2 0 0 0 -1 2097216 0 0 0 0 0 330 0 0 39 19 1 0 26 0 0 18446744073709551615 0 0 0 0 0 0 0 2147483647 0 0 0 0 17 1 0 0 0 0 0 0 0 0 0 0 0 0 0
97 (khugepaged) S 2 0 0 0 -1 2097216 0 0 0 0 0 330 0 0 39 19 1 0 26 0 0 18446744073709551615 0 0 0 0 0 0 0 2147483647 0 0 0 0 17 1 0 0 0 0 0 0 0 0 0 0 0 0 0
97 (khugepaged) S 2 0 0 0 -1 2097216 0 0 0 0 0 330 0 0 39 19 1 0 26 0 0 18446744073709551615 0 0 0 0 0 0 0 2147483647 0 0 0 0 17 1 0 0 0 0 0 0 0 0 0 0 0 0 0
97 (khugepaged) S 2 0 0 0 -1 2097216 0 0 0 0 0 330 0 0 39 19 1 0 26 0 0 18446744073709551615 0 0 0 0 0 0 0 2147483647 0 0 0 0 17 5 0 0 0 0 0 0 0 0 0 0 0 0 0
97 (khugepaged) S 2 0 0 0 -1 2097216 0 0 0 0 0 330 0 0 39 19 1 0 26 0 0 18446744073709551615 0 0 0 0 0 0 0 2147483647 0 0 0 0 17 5 0 0 0 0 0 0 0 0 0 0 0 0 0
97 (khugepaged) S 2 0 0 0 -1 2097216 0 0 0 0 0 330 0 0 39 19 1 0 26 0 0 18446744073709551615 0 0 0 0 0 0 0 2147483647 0 0 0 0 17 5 0 0 0 0 0 0 0 0 0 0 0 0 0
97 (khugepaged) S 2 0 0 0 -1 2097216 0 0 0 0 0 330 0 0 39 19 1 0 26 0 0 18446744073709551615 0 0 0 0 0 0 0 2147483647 0 0 0 0 17 5 0 0 0 0 0 0 0 0 0 0 0 0 0
97 (khugepaged) S 2 0 0 0 -1 2097216 0 0 0 0 0 330 0 0 39 19 1 0 26 0 0 18446744073709551615 0 0 0 0 0 0 0 2147483647 0 0 0 0 17 5 0 0 0 0 0 0 0 0 0 0 0 0 0
97 (khugepaged) S 2 0 0 0 -1 2097216 0 0 0 0 0 330 0 0 39 19 1 0 26 0 0 18446744073709551615 0 0 0 0 0 0 0 2147483647 0 0 0 0 17 5 0 0 0 0 0 0 0 0 0 0 0 0 0
97 (khugepaged) S 2 0 0 0 -1 2097216 0 0 0 0 0 330 0 0 39 19 1 0 26 0 0 18446744073709551615 0 0 0 0 0 0 0 2147483647 0 0 0 0 17 5 0 0 0 0 0 0 0 0 0 0 0 0 0
97 (khugepaged) S 2 0 0 0 -1 2097216 0 0 0 0 0 330 0 0 39 19 1 0 26 0 0 18446744073709551615 0 0 0 0 0 0 0 2147483647 0 0 0 0 17 5 0 0 0 0 0 0 0 0 0 0 0 0 0
97 (khugepaged) S 2 0 0 0 -1 2097216 0 0 0 0 0 330 0 0 39 19 1 0 26 0 0 18446744073709551615 0 0 0 0 0 0 0 2147483647 0 0 0 0 17 5 0 0 0 0 0 0 0 0 0 0 0 0 0
97 (khugepaged) S 2 0 0 0 -1 2097216 0 0 0 0 0 330 0 0 39 19 1 0 26 0 0 18446744073709551615 0 0 0 0 0 0 0 2147483647 0 0 0 0 17 5 0 0 0 0 0 0 0 0 0 0 0 0 0
97 (khugepaged) S 2 0 0 0 -1 2097216 0 0 0 0 0 330 0 0 39 19 1 0 26 0 0 18446744073709551615 0 0 0 0 0 0 0 2147483647 0 0 0 0 17 0 0 0 0 0 0 0 0 0 0 0 0 0 0
97 (khugepaged) S 2 0 0 0 -1 2097216 0 0 0 0 0 330 0 0 39 19 1 0 26 0 0 18446744073709551615 0 0 0 0 0 0 0 2147483647 0 0 0 0 17 0 0 0 0 0 0 0 0 0 0 0 0 0 0
97 (khugepaged) S 2 0 0 0 -1 2097216 0 0 0 0 0 330 0 0 39 19 1 0 26 0 0 18446744073709551615 0 0 0 0 0 0 0 2147483647 0 0 0 0 17 0 0 0 0 0 0 0 0 0 0 0 0 0 0
97 (khugepaged) S 2 0 0 0 -1 2097216 0 0 0 0 0 330 0 0 39 19 1 0 26 0 0 18446744073709551615 0 0 0 0 0 0 0 2147483647 0 0 0 0 17 0 0 0 0 0 0 0 0 0 0 0 0 0 0
97 (khugepaged) S 2 0 0 0 -1 2097216 0 0 0 0 0 330 0 0 39 19 1 0 26 0 0 18446744073709551615 0 0 0 0 0 0 0 2147483647 0 0 0 0 17 0 0 0 0 0 0 0 0 0 0 0 0 0 0
97 (khugepaged) S 2 0 0 0 -1 2097216 0 0 0 0 0 330 0 0 39 19 1 0 26 0 0 18446744073709551615 0 0 0 0 0 0 0 2147483647 0 0 0 0 17 0 0 0 0 0 0 0 0 0 0 0 0 0 0
97 (khugepaged) S 2 0 0 0 -1 2097216 0 0 0 0 0 330 0 0 39 19 1 0 26 0 0 18446744073709551615 0 0 0 0 0 0 0 2147483647 0 0 0 0 17 0 0 0 0 0 0 0 0 0 0 0 0 0 0
97 (khugepaged) S 2 0 0 0 -1 2097216 0 0 0 0 0 330 0 0 39 19 1 0 26 0 0 18446744073709551615 0 0 0 0 0 0 0 2147483647 0 0 0 0 17 0 0 0 0 0 0 0 0 0 0 0 0 0 0
97 (khugepaged) S 2 0 0 0 -1 2097216 0 0 0 0 0 330 0 0 39 19 1 0 26 0 0 18446744073709551615 0 0 0 0 0 0 0 2147483647 0 0 0 0 17 0 0 0 0 0 0 0 0 0 0 0 0 0 0
97 (khugepaged) S 2 0 0 0 -1 2097216 0 0 0 0 0 330 0 0 39 19 1 0 26 0 0 18446744073709551615 0 0 0 0 0 0 0 2147483647 0 0 0 0 17 0 0 0 0 0 0 0 0 0 0 0 0 0 0
97 (khugepaged) S 2 0 0 0 -1 2097216 0 0 0 0 0 330 0 0 39 19 1 0 26 0 0 18446744073709551615 0 0 0 0 0 0 0 2147483647 0 0 0 0 17 1 0 0 0 0 0 0 0 0 0 0 0 0 0
97 (khugepaged) S 2 0 0 0 -1 2097216 0 0 0 0 0 330 0 0 39 19 1 0 26 0 0 18446744073709551615 0 0 0 0 0 0 0 2147483647 0 0 0 0 17 1 0 0 0 0 0 0 0 0 0 0 0 0 0
97 (khugepaged) S 2 0 0 0 -1 2097216 0 0 0 0 0 330 0 0 39 19 1 0 26 0 0 18446744073709551615 0 0 0 0 0 0 0 2147483647 0 0 0 0 17 1 0 0 0 0 0 0 0 0 0 0 0 0 0
97 (khugepaged) S 2 0 0 0 -1 2097216 0 0 0 0 0 330 0 0 39 19 1 0 26 0 0 18446744073709551615 0 0 0 0 0 0 0 2147483647 0 0 0 0 17 1 0 0 0 0 0 0 0 0 0 0 0 0 0
97 (khugepaged) S 2 0 0 0 -1 2097216 0 0 0 0 0 330 0 0 39 19 1 0 26 0 0 18446744073709551615 0 0 0 0 0 0 0 2147483647 0 0 0 0 17 1 0 0 0 0 0 0 0 0 0 0 0 0 0
97 (khugepaged) S 2 0 0 0 -1 2097216 0 0 0 0 0 330 0 0 39 19 1 0 26 0 0 18446744073709551615 0 0 0 0 0 0 0 2147483647 0 0 0 0 17 1 0 0 0 0 0 0 0 0 0 0 0 0 0
97 (khugepaged) S 2 0 0 0 -1 2097216 0 0 0 0 0 330 0 0 39 19 1 0 26 0 0 18446744073709551615 0 0 0 0 0 0 0 2147483647 0 0 0 0 17 1 0 0 0 0 0 0 0 0 0 0 0 0 0
97 (khugepaged) S 2 0 0 0 -1 2097216 0 0 0 0 0 330 0 0 39 19 1 0 26 0 0 18446744073709551615 0 0 0 0 0 0 0 2147483647 0 0 0 0 17 1 0 0 0 0 0 0 0 0 0 0 0 0 0
97 (khugepaged) S 2 0 0 0 -1 2097216 0 0 0 0 0 330 0 0 39 19 1 0 26 0 0 18446744073709551615 0 0 0 0 0 0 0 2147483647 0 0 0 0 17 1 0 0 0 0 0 0 0 0 0 0 0 0 0
97 (khugepaged) S 2 0 0 0 -1 2097216 0 0 0 0 0 330 0 0 39 19 1 0 26 0 0 18446744073709551615 0 0 0 0 0 0 0 2147483647 0 0 0 0 17 1 0 0 0 0 0 0 0 0 0 0 0 0 0
97 (khugepaged) S 2 0 0 0 -1 2097216 0 0 0 0 0 331 0 0 39 19 1 0 26 0 0 18446744073709551615 0 0 0 0 0 0 0 2147483647 0 0 0 0 17 1 0 0 0 0 0 0 0 0 0 0 0 0 0
97 (khugepaged) S 2 0 0 0 -1 2097216 0 0 0 0 0 331 0 0 39 19 1 0 26 0 0 18446744073709551615 0 0 0 0 0 0 0 2147483647 0 0 0 0 17 1 0 0 0 0 0 0 0 0 0 0 0 0 0
97 (khugepaged) S 2 0 0 0 -1 2097216 0 0 0 0 0 331 0 0 39 19 1 0 26 0 0 18446744073709551615 0 0 0 0 0 0 0 2147483647 0 0 0 0 17 1 0 0 0 0 0 0 0 0 0 0 0 0 0
97 (khugepaged) S 2 0 0 0 -1 2097216 0 0 0 0 0 331 0 0 39 19 1 0 26 0 0 18446744073709551615 0 0 0 0 0 0 0 2147483647 0 0 0 0 17 1 0 0 0 0 0 0 0 0 0 0 0 0 0
97 (khugepaged) S 2 0 0 0 -1 2097216 0 0 0 0 0 331 0 0 39 19 1 0 26 0 0 18446744073709551615 0 0 0 0 0 0 0 2147483647 0 0 0 0 17 1 0 0 0 0 0 0 0 0 0 0 0 0 0
97 (khugepaged) S 2 0 0 0 -1 2097216 0 0 0 0 0 331 0 0 39 19 1 0 26 0 0 18446744073709551615 0 0 0 0 0 0 0 2147483647 0 0 0 0 17 1 0 0 0 0 0 0 0 0 0 0 0 0 0
97 (khugepaged) S 2 0 0 0 -1 2097216 0 0 0 0 0 331 0 0 39 19 1 0 26 0 0 18446744073709551615 0 0 0 0 0 0 0 2147483647 0 0 0 0 17 1 0 0 0 0 0 0 0 0 0 0 0 0 0
97 (khugepaged) S 2 0 0 0 -1 2097216 0 0 0 0 0 331 0 0 39 19 1 0 26 0 0 18446744073709551615 0 0 0 0 0 0 0 2147483647 0 0 0 0 17 1 0 0 0 0 0 0 0 0 0 0 0 0 0
97 (khugepaged) S 2 0 0 0 -1 2097216 0 0 0 0 0 331 0 0 39 19 1 0 26 0 0 18446744073709551615 0 0 0 0 0 0 0 2147483647 0 0 0 0 17 1 0 0 0 0 0 0 0 0 0 0 0 0 0
97 (khugepaged) S 2 0 0 0 -1 2097216 0 0 0 0 0 331 0 0 39 19 1 0 26 0 0 18446744073709551615 0 0 0 0 0 0 0 2147483647 0 0 0 0 17 1 0 0 0 0 0 0 0 0 0 0 0 0 0
97 (khugepaged) S 2 0 0 0 -1 2097216 0 0 0 0 0 331 0 0 39 19 1 0 26 0 0 18446744073709551615 0 0 0 0 0 0 0 2147483647 0 0 0 0 17 1 0 0 0 0 0 0 0 0 0 0 0 0 0
97 (khugepaged) S 2 0 0 0 -1 2097216 0 0 0 0 0 331 0 0 39 19 1 0 26 0 0 18446744073709551615 0 0 0 0 0 0 0 2147483647 0 0 0 0 17 1 0 0 0 0 0 0 0 0 0 0 0 0 0
97 (khugepaged) S 2 0 0 0 -1 2097216 0 0 0 0 0 331 0 0 39 19 1 0 26 0 0 18446744073709551615 0 0 0 0 0 0 0 2147483647 0 0 0 0 17 1 0 0 0 0 0 0 0 0 0 0 0 0 0
97 (khugepaged) S 2 0 0 0 -1 2097216 0 0 0 0 0 331 0 0 39 19 1 0 26 0 0 18446744073709551615 0 0 0 0 0 0 0 2147483647 0 0 0 0 17 1 0 0 0 0 0 0 0 0 0 0 0 0 0
97 (khugepaged) S 2 0 0 0 -1 2097216 0 0 0 0 0 331 0 0 39 19 1 0 26 0 0 18446744073709551615 0 0 0 0 0 0 0 2147483647 0 0 0 0 17 1 0 0 0 0 0 0 0 0 0 0 0 0 0
97 (khugepaged) S 2 0 0 0 -1 2097216 0 0 0 0 0 331 0 0 39 19 1 0 26 0 0 18446744073709551615 0 0 0 0 0 0 0 2147483647 0 0 0 0 17 1 0 0 0 0 0 0 0 0 0 0 0 0 0
97 (khugepaged) S 2 0 0 0 -1 2097216 0 0 0 0 0 331 0 0 39 19 1 0 26 0 0 18446744073709551615 0 0 0 0 0 0 0 2147483647 0 0 0 0 17 1 0 0 0 0 0 0 0 0 0 0 0 0 0
97 (khugepaged) S 2 0 0 0 -1 2097216 0 0 0 0 0 332 0 0 39 19 1 0 26 0 0 18446744073709551615 0 0 0 0 0 0 0 2147483647 0 0 0 0 17 2 0 0 0 0 0 0 0 0 0 0 0 0 0
97 (khugepaged) S 2 0 0 0 -1 2097216 0 0 0 0 0 332 0 0 39 19 1 0 26 0 0 18446744073709551615 0 0 0 0 0 0 0 2147483647 0 0 0 0 17 2 0 0 0 0 0 0 0 0 0 0 0 0 0
97 (khugepaged) S 2 0 0 0 -1 2097216 0 0 0 0 0 332 0 0 39 19 1 0 26 0 0 18446744073709551615 0 0 0 0 0 0 0 2147483647 0 0 0 0 17 2 0 0 0 0 0 0 0 0 0 0 0 0 0
97 (khugepaged) S 2 0 0 0 -1 2097216 0 0 0 0 0 332 0 0 39 19 1 0 26 0 0 18446744073709551615 0 0 0 0 0 0 0 2147483647 0 0 0 0 17 2 0 0 0 0 0 0 0 0 0 0 0 0 0
97 (khugepaged) S 2 0 0 0 -1 2097216 0 0 0 0 0 332 0 0 39 19 1 0 26 0 0 18446744073709551615 0 0 0 0 0 0 0 2147483647 0 0 0 0 17 2 0 0 0 0 0 0 0 0 0 0 0 0 0
97 (khugepaged) S 2 0 0 0 -1 2097216 0 0 0 0 0 332 0 0 39 19 1 0 26 0 0 18446744073709551615 0 0 0 0 0 0 0 2147483647 0 0 0 0 17 2 0 0 0 0 0 0 0 0 0 0 0 0 0
97 (khugepaged) R 2 0 0 0 -1 2097216 0 0 0 0 0 332 0 0 39 19 1 0 26 0 0 18446744073709551615 0 0 0 0 0 0 0 2147483647 0 0 0 0 17 2 0 0 0 0 0 0 0 0 0 0 0 0 0
97 (khugepaged) S 2 0 0 0 -1 2097216 0 0 0 0 0 341 0 0 39 19 1 0 26 0 0 18446744073709551615 0 0 0 0 0 0 0 2147483647 0 0 0 0 17 8 0 0 0 0 0 0 0 0 0 0 0 0 0
97 (khugepaged) S 2 0 0 0 -1 2097216 0 0 0 0 0 341 0 0 39 19 1 0 26 0 0 18446744073709551615 0 0 0 0 0 0 0 2147483647 0 0 0 0 17 8 0 0 0 0 0 0 0 0 0 0 0 0 0
97 (khugepaged) S 2 0 0 0 -1 2097216 0 0 0 0 0 341 0 0 39 19 1 0 26 0 0 18446744073709551615 0 0 0 0 0 0 0 2147483647 0 0 0 0 17 8 0 0 0 0 0 0 0 0 0 0 0 0 0
97 (khugepaged) S 2 0 0 0 -1 2097216 0 0 0 0 0 341 0 0 39 19 1 0 26 0 0 18446744073709551615 0 0 0 0 0 0 0 2147483647 0 0 0 0 17 8 0 0 0 0 0 0 0 0 0 0 0 0 0
97 (khugepaged) S 2 0 0 0 -1 2097216 0 0 0 0 0 341 0 0 39 19 1 0 26 0 0 18446744073709551615 0 0 0 0 0 0 0 2147483647 0 0 0 0 17 8 0 0 0 0 0 0 0 0 0 0 0 0 0
97 (khugepaged) S 2 0 0 0 -1 2097216 0 0 0 0 0 341 0 0 39 19 1 0 26 0 0 18446744073709551615 0 0 0 0 0 0 0 2147483647 0 0 0 0 17 8 0 0 0 0 0 0 0 0 0 0 0 0 0
97 (khugepaged) S 2 0 0 0 -1 2097216 0 0 0 0 0 341 0 0 39 19 1 0 26 0 0 18446744073709551615 0 0 0 0 0 0 0 2147483647 0 0 0 0 17 8 0 0 0 0 0 0 0 0 0 0 0 0 0
97 (khugepaged) S 2 0 0 0 -1 2097216 0 0 0 0 0 341 0 0 39 19 1 0 26 0 0 18446744073709551615 0 0 0 0 0 0 0 2147483647 0 0 0 0 17 8 0 0 0 0 0 0 0 0 0 0 0 0 0
97 (khugepaged) R 2 0 0 0 -1 2097216 0 0 0 0 0 342 0 0 39 19 1 0 26 0 0 18446744073709551615 0 0 0 0 0 0 0 2147483647 0 0 0 0 17 3 0 0 0 0 0 0 0 0 0 0 0 0 0
97 (khugepaged) R 2 0 0 0 -1 2097216 0 0 0 0 0 450 0 0 39 19 1 0 26 0 0 18446744073709551615 0 0 0 0 0 0 0 2147483647 0 0 0 0 17 9 0 0 0 0 0 0 0 0 0 0 0 0 0
97 (khugepaged) S 2 0 0 0 -1 2097216 0 0 0 0 0 510 0 0 39 19 1 0 26 0 0 18446744073709551615 0 0 0 0 0 0 0 2147483647 0 0 0 0 17 9 0 0 0 0 0 0 0 0 0 0 0 0 0
97 (khugepaged) S 2 0 0 0 -1 2097216 0 0 0 0 0 510 0 0 39 19 1 0 26 0 0 18446744073709551615 0 0 0 0 0 0 0 2147483647 0 0 0 0 17 9 0 0 0 0 0 0 0 0 0 0 0 0 0
97 (khugepaged) S 2 0 0 0 -1 2097216 0 0 0 0 0 510 0 0 39 19 1 0 26 0 0 18446744073709551615 0 0 0 0 0 0 0 2147483647 0 0 0 0 17 9 0 0 0 0 0 0 0 0 0 0 0 0 0
97 (khugepaged) S 2 0 0 0 -1 2097216 0 0 0 0 0 510 0 0 39 19 1 0 26 0 0 18446744073709551615 0 0 0 0 0 0 0 2147483647 0 0 0 0 17 9 0 0 0 0 0 0 0 0 0 0 0 0 0
97 (khugepaged) S 2 0 0 0 -1 2097216 0 0 0 0 0 510 0 0 39 19 1 0 26 0 0 18446744073709551615 0 0 0 0 0 0 0 2147483647 0 0 0 0 17 9 0 0 0 0 0 0 0 0 0 0 0 0 0
97 (khugepaged) S 2 0 0 0 -1 2097216 0 0 0 0 0 510 0 0 39 19 1 0 26 0 0 18446744073709551615 0 0 0 0 0 0 0 2147483647 0 0 0 0 17 9 0 0 0 0 0 0 0 0 0 0 0 0 0
97 (khugepaged) S 2 0 0 0 -1 2097216 0 0 0 0 0 510 0 0 39 19 1 0 26 0 0 18446744073709551615 0 0 0 0 0 0 0 2147483647 0 0 0 0 17 9 0 0 0 0 0 0 0 0 0 0 0 0 0
97 (khugepaged) S 2 0 0 0 -1 2097216 0 0 0 0 0 510 0 0 39 19 1 0 26 0 0 18446744073709551615 0 0 0 0 0 0 0 2147483647 0 0 0 0 17 9 0 0 0 0 0 0 0 0 0 0 0 0 0
97 (khugepaged) S 2 0 0 0 -1 2097216 0 0 0 0 0 510 0 0 39 19 1 0 26 0 0 18446744073709551615 0 0 0 0 0 0 0 2147483647 0 0 0 0 17 9 0 0 0 0 0 0 0 0 0 0 0 0 0
97 (khugepaged) R 2 0 0 0 -1 2097216 0 0 0 0 0 536 0 0 39 19 1 0 26 0 0 18446744073709551615 0 0 0 0 0 0 0 2147483647 0 0 0 0 17 3 0 0 0 0 0 0 0 0 0 0 0 0 0
97 (khugepaged) S 2 0 0 0 -1 2097216 0 0 0 0 0 551 0 0 39 19 1 0 26 0 0 18446744073709551615 0 0 0 0 0 0 0 2147483647 0 0 0 0 17 3 0 0 0 0 0 0 0 0 0 0 0 0 0
97 (khugepaged) S 2 0 0 0 -1 2097216 0 0 0 0 0 551 0 0 39 19 1 0 26 0 0 18446744073709551615 0 0 0 0 0 0 0 2147483647 0 0 0 0 17 3 0 0 0 0 0 0 0 0 0 0 0 0 0
97 (khugepaged) S 2 0 0 0 -1 2097216 0 0 0 0 0 551 0 0 39 19 1 0 26 0 0 18446744073709551615 0 0 0 0 0 0 0 2147483647 0 0 0 0 17 3 0 0 0 0 0 0 0 0 0 0 0 0 0
97 (khugepaged) S 2 0 0 0 -1 2097216 0 0 0 0 0 551 0 0 39 19 1 0 26 0 0 18446744073709551615 0 0 0 0 0 0 0 2147483647 0 0 0 0 17 3 0 0 0 0 0 0 0 0 0 0 0 0 0
97 (khugepaged) S 2 0 0 0 -1 2097216 0 0 0 0 0 551 0 0 39 19 1 0 26 0 0 18446744073709551615 0 0 0 0 0 0 0 2147483647 0 0 0 0 17 3 0 0 0 0 0 0 0 0 0 0 0 0 0
97 (khugepaged) S 2 0 0 0 -1 2097216 0 0 0 0 0 551 0 0 39 19 1 0 26 0 0 18446744073709551615 0 0 0 0 0 0 0 2147483647 0 0 0 0 17 3 0 0 0 0 0 0 0 0 0 0 0 0 0
97 (khugepaged) S 2 0 0 0 -1 2097216 0 0 0 0 0 551 0 0 39 19 1 0 26 0 0 18446744073709551615 0 0 0 0 0 0 0 2147483647 0 0 0 0 17 3 0 0 0 0 0 0 0 0 0 0 0 0 0
97 (khugepaged) S 2 0 0 0 -1 2097216 0 0 0 0 0 551 0 0 39 19 1 0 26 0 0 18446744073709551615 0 0 0 0 0 0 0 2147483647 0 0 0 0 17 3 0 0 0 0 0 0 0 0 0 0 0 0 0
97 (khugepaged) S 2 0 0 0 -1 2097216 0 0 0 0 0 554 0 0 39 19 1 0 26 0 0 18446744073709551615 0 0 0 0 0 0 0 2147483647 0 0 0 0 17 5 0 0 0 0 0 0 0 0 0 0 0 0 0
97 (khugepaged) S 2 0 0 0 -1 2097216 0 0 0 0 0 554 0 0 39 19 1 0 26 0 0 18446744073709551615 0 0 0 0 0 0 0 2147483647 0 0 0 0 17 5 0 0 0 0 0 0 0 0 0 0 0 0 0
97 (khugepaged) S 2 0 0 0 -1 2097216 0 0 0 0 0 554 0 0 39 19 1 0 26 0 0 18446744073709551615 0 0 0 0 0 0 0 2147483647 0 0 0 0 17 5 0 0 0 0 0 0 0 0 0 0 0 0 0
97 (khugepaged) S 2 0 0 0 -1 2097216 0 0 0 0 0 554 0 0 39 19 1 0 26 0 0 18446744073709551615 0 0 0 0 0 0 0 2147483647 0 0 0 0 17 5 0 0 0 0 0 0 0 0 0 0 0 0 0
97 (khugepaged) S 2 0 0 0 -1 2097216 0 0 0 0 0 554 0 0 39 19 1 0 26 0 0 18446744073709551615 0 0 0 0 0 0 0 2147483647 0 0 0 0 17 5 0 0 0 0 0 0 0 0 0 0 0 0 0
97 (khugepaged) S 2 0 0 0 -1 2097216 0 0 0 0 0 554 0 0 39 19 1 0 26 0 0 18446744073709551615 0 0 0 0 0 0 0 2147483647 0 0 0 0 17 5 0 0 0 0 0 0 0 0 0 0 0 0 0
97 (khugepaged) S 2 0 0 0 -1 2097216 0 0 0 0 0 554 0 0 39 19 1 0 26 0 0 18446744073709551615 0 0 0 0 0 0 0 2147483647 0 0 0 0 17 5 0 0 0 0 0 0 0 0 0 0 0 0 0
97 (khugepaged) S 2 0 0 0 -1 2097216 0 0 0 0 0 554 0 0 39 19 1 0 26 0 0 18446744073709551615 0 0 0 0 0 0 0 2147483647 0 0 0 0 17 5 0 0 0 0 0 0 0 0 0 0 0 0 0
97 (khugepaged) S 2 0 0 0 -1 2097216 0 0 0 0 0 554 0 0 39 19 1 0 26 0 0 18446744073709551615 0 0 0 0 0 0 0 2147483647 0 0 0 0 17 5 0 0 0 0 0 0 0 0 0 0 0 0 0
97 (khugepaged) S 2 0 0 0 -1 2097216 0 0 0 0 0 561 0 0 39 19 1 0 26 0 0 18446744073709551615 0 0 0 0 0 0 0 2147483647 0 0 0 0 17 5 0 0 0 0 0 0 0 0 0 0 0 0 0
97 (khugepaged) S 2 0 0 0 -1 2097216 0 0 0 0 0 561 0 0 39 19 1 0 26 0 0 18446744073709551615 0 0 0 0 0 0 0 2147483647 0 0 0 0 17 5 0 0 0 0 0 0 0 0 0 0 0 0 0
97 (khugepaged) S 2 0 0 0 -1 2097216 0 0 0 0 0 561 0 0 39 19 1 0 26 0 0 18446744073709551615 0 0 0 0 0 0 0 2147483647 0 0 0 0 17 5 0 0 0 0 0 0 0 0 0 0 0 0 0
97 (khugepaged) S 2 0 0 0 -1 2097216 0 0 0 0 0 561 0 0 39 19 1 0 26 0 0 18446744073709551615 0 0 0 0 0 0 0 2147483647 0 0 0 0 17 5 0 0 0 0 0 0 0 0 0 0 0 0 0
97 (khugepaged) S 2 0 0 0 -1 2097216 0 0 0 0 0 561 0 0 39 19 1 0 26 0 0 18446744073709551615 0 0 0 0 0 0 0 2147483647 0 0 0 0 17 5 0 0 0 0 0 0 0 0 0 0 0 0 0
97 (khugepaged) S 2 0 0 0 -1 2097216 0 0 0 0 0 561 0 0 39 19 1 0 26 0 0 18446744073709551615 0 0 0 0 0 0 0 2147483647 0 0 0 0 17 5 0 0 0 0 0 0 0 0 0 0 0 0 0
97 (khugepaged) S 2 0 0 0 -1 2097216 0 0 0 0 0 561 0 0 39 19 1 0 26 0 0 18446744073709551615 0 0 0 0 0 0 0 2147483647 0 0 0 0 17 5 0 0 0 0 0 0 0 0 0 0 0 0 0
97 (khugepaged) S 2 0 0 0 -1 2097216 0 0 0 0 0 561 0 0 39 19 1 0 26 0 0 18446744073709551615 0 0 0 0 0 0 0 2147483647 0 0 0 0 17 5 0 0 0 0 0 0 0 0 0 0 0 0 0
97 (khugepaged) S 2 0 0 0 -1 2097216 0 0 0 0 0 561 0 0 39 19 1 0 26 0 0 18446744073709551615 0 0 0 0 0 0 0 2147483647 0 0 0 0 17 5 0 0 0 0 0 0 0 0 0 0 0 0 0
97 (khugepaged) S 2 0 0 0 -1 2097216 0 0 0 0 0 561 0 0 39 19 1 0 26 0 0 18446744073709551615 0 0 0 0 0 0 0 2147483647 0 0 0 0 17 5 0 0 0 0 0 0 0 0 0 0 0 0 0
97 (khugepaged) S 2 0 0 0 -1 2097216 0 0 0 0 0 561 0 0 39 19 1 0 26 0 0 18446744073709551615 0 0 0 0 0 0 0 2147483647 0 0 0 0 17 0 0 0 0 0 0 0 0 0 0 0 0 0 0
97 (khugepaged) S 2 0 0 0 -1 2097216 0 0 0 0 0 561 0 0 39 19 1 0 26 0 0 18446744073709551615 0 0 0 0 0 0 0 2147483647 0 0 0 0 17 0 0 0 0 0 0 0 0 0 0 0 0 0 0
97 (khugepaged) S 2 0 0 0 -1 2097216 0 0 0 0 0 561 0 0 39 19 1 0 26 0 0 18446744073709551615 0 0 0 0 0 0 0 2147483647 0 0 0 0 17 0 0 0 0 0 0 0 0 0 0 0 0 0 0
97 (khugepaged) S 2 0 0 0 -1 2097216 0 0 0 0 0 561 0 0 39 19 1 0 26 0 0 18446744073709551615 0 0 0 0 0 0 0 2147483647 0 0 0 0 17 0 0 0 0 0 0 0 0 0 0 0 0 0 0
97 (khugepaged) S 2 0 0 0 -1 2097216 0 0 0 0 0 561 0 0 39 19 1 0 26 0 0 18446744073709551615 0 0 0 0 0 0 0 2147483647 0 0 0 0 17 0 0 0 0 0 0 0 0 0 0 0 0 0 0
97 (khugepaged) S 2 0 0 0 -1 2097216 0 0 0 0 0 561 0 0 39 19 1 0 26 0 0 18446744073709551615 0 0 0 0 0 0 0 2147483647 0 0 0 0 17 0 0 0 0 0 0 0 0 0 0 0 0 0 0
97 (khugepaged) S 2 0 0 0 -1 2097216 0 0 0 0 0 561 0 0 39 19 1 0 26 0 0 18446744073709551615 0 0 0 0 0 0 0 2147483647 0 0 0 0 17 0 0 0 0 0 0 0 0 0 0 0 0 0 0
97 (khugepaged) S 2 0 0 0 -1 2097216 0 0 0 0 0 561 0 0 39 19 1 0 26 0 0 18446744073709551615 0 0 0 0 0 0 0 2147483647 0 0 0 0 17 0 0 0 0 0 0 0 0 0 0 0 0 0 0
97 (khugepaged) S 2 0 0 0 -1 2097216 0 0 0 0 0 561 0 0 39 19 1 0 26 0 0 18446744073709551615 0 0 0 0 0 0 0 2147483647 0 0 0 0 17 0 0 0 0 0 0 0 0 0 0 0 0 0 0
97 (khugepaged) S 2 0 0 0 -1 2097216 0 0 0 0 0 561 0 0 39 19 1 0 26 0 0 18446744073709551615 0 0 0 0 0 0 0 2147483647 0 0 0 0 17 0 0 0 0 0 0 0 0 0 0 0 0 0 0
97 (khugepaged) S 2 0 0 0 -1 2097216 0 0 0 0 0 561 0 0 39 19 1 0 26 0 0 18446744073709551615 0 0 0 0 0 0 0 2147483647 0 0 0 0 17 0 0 0 0 0 0 0 0 0 0 0 0 0 0
97 (khugepaged) S 2 0 0 0 -1 2097216 0 0 0 0 0 561 0 0 39 19 1 0 26 0 0 18446744073709551615 0 0 0 0 0 0 0 2147483647 0 0 0 0 17 0 0 0 0 0 0 0 0 0 0 0 0 0 0
97 (khugepaged) S 2 0 0 0 -1 2097216 0 0 0 0 0 561 0 0 39 19 1 0 26 0 0 18446744073709551615 0 0 0 0 0 0 0 2147483647 0 0 0 0 17 0 0 0 0 0 0 0 0 0 0 0 0 0 0
97 (khugepaged) S 2 0 0 0 -1 2097216 0 0 0 0 0 561 0 0 39 19 1 0 26 0 0 18446744073709551615 0 0 0 0 0 0 0 2147483647 0 0 0 0 17 0 0 0 0 0 0 0 0 0 0 0 0 0 0
97 (khugepaged) S 2 0 0 0 -1 2097216 0 0 0 0 0 561 0 0 39 19 1 0 26 0 0 18446744073709551615 0 0 0 0 0 0 0 2147483647 0 0 0 0 17 0 0 0 0 0 0 0 0 0 0 0 0 0 0
97 (khugepaged) S 2 0 0 0 -1 2097216 0 0 0 0 0 561 0 0 39 19 1 0 26 0 0 18446744073709551615 0 0 0 0 0 0 0 2147483647 0 0 0 0 17 0 0 0 0 0 0 0 0 0 0 0 0 0 0
97 (khugepaged) S 2 0 0 0 -1 2097216 0 0 0 0 0 561 0 0 39 19 1 0 26 0 0 18446744073709551615 0 0 0 0 0 0 0 2147483647 0 0 0 0 17 0 0 0 0 0 0 0 0 0 0 0 0 0 0
97 (khugepaged) S 2 0 0 0 -1 2097216 0 0 0 0 0 561 0 0 39 19 1 0 26 0 0 18446744073709551615 0 0 0 0 0 0 0 2147483647 0 0 0 0 17 0 0 0 0 0 0 0 0 0 0 0 0 0 0
97 (khugepaged) S 2 0 0 0 -1 2097216 0 0 0 0 0 561 0 0 39 19 1 0 26 0 0 18446744073709551615 0 0 0 0 0 0 0 2147483647 0 0 0 0 17 0 0 0 0 0 0 0 0 0 0 0 0 0 0
97 (khugepaged) S 2 0 0 0 -1 2097216 0 0 0 0 0 561 0 0 39 19 1 0 26 0 0 18446744073709551615 0 0 0 0 0 0 0 2147483647 0 0 0 0 17 0 0 0 0 0 0 0 0 0 0 0 0 0 0
97 (khugepaged) S 2 0 0 0 -1 2097216 0 0 0 0 0 561 0 0 39 19 1 0 26 0 0 18446744073709551615 0 0 0 0 0 0 0 2147483647 0 0 0 0 17 1 0 0 0 0 0 0 0 0 0 0 0 0 0
97 (khugepaged) S 2 0 0 0 -1 2097216 0 0 0 0 0 561 0 0 39 19 1 0 26 0 0 18446744073709551615 0 0 0 0 0 0 0 2147483647 0 0 0 0 17 1 0 0 0 0 0 0 0 0 0 0 0 0 0
97 (khugepaged) S 2 0 0 0 -1 2097216 0 0 0 0 0 561 0 0 39 19 1 0 26 0 0 18446744073709551615 0 0 0 0 0 0 0 2147483647 0 0 0 0 17 1 0 0 0 0 0 0 0 0 0 0 0 0 0
97 (khugepaged) S 2 0 0 0 -1 2097216 0 0 0 0 0 561 0 0 39 19 1 0 26 0 0 18446744073709551615 0 0 0 0 0 0 0 2147483647 0 0 0 0 17 1 0 0 0 0 0 0 0 0 0 0 0 0 0
97 (khugepaged) S 2 0 0 0 -1 2097216 0 0 0 0 0 561 0 0 39 19 1 0 26 0 0 18446744073709551615 0 0 0 0 0 0 0 2147483647 0 0 0 0 17 1 0 0 0 0 0 0 0 0 0 0 0 0 0
97 (khugepaged) S 2 0 0 0 -1 2097216 0 0 0 0 0 561 0 0 39 19 1 0 26 0 0 18446744073709551615 0 0 0 0 0 0 0 2147483647 0 0 0 0 17 1 0 0 0 0 0 0 0 0 0 0 0 0 0
97 (khugepaged) S 2 0 0 0 -1 2097216 0 0 0 0 0 561 0 0 39 19 1 0 26 0 0 18446744073709551615 0 0 0 0 0 0 0 2147483647 0 0 0 0 17 1 0 0 0 0 0 0 0 0 0 0 0 0 0
97 (khugepaged) S 2 0 0 0 -1 2097216 0 0 0 0 0 561 0 0 39 19 1 0 26 0 0 18446744073709551615 0 0 0 0 0 0 0 2147483647 0 0 0 0 17 1 0 0 0 0 0 0 0 0 0 0 0 0 0
97 (khugepaged) S 2 0 0 0 -1 2097216 0 0 0 0 0 561 0 0 39 19 1 0 26 0 0 18446744073709551615 0 0 0 0 0 0 0 2147483647 0 0 0 0 17 1 0 0 0 0 0 0 0 0 0 0 0 0 0
97 (khugepaged) S 2 0 0 0 -1 2097216 0 0 0 0 0 561 0 0 39 19 1 0 26 0 0 18446744073709551615 0 0 0 0 0 0 0 2147483647 0 0 0 0 17 2 0 0 0 0 0 0 0 0 0 0 0 0 0
97 (khugepaged) S 2 0 0 0 -1 2097216 0 0 0 0 0 561 0 0 39 19 1 0 26 0 0 18446744073709551615 0 0 0 0 0 0 0 2147483647 0 0 0 0 17 2 0 0 0 0 0 0 0 0 0 0 0 0 0
97 (khugepaged) S 2 0 0 0 -1 2097216 0 0 0 0 0 561 0 0 39 19 1 0 26 0 0 18446744073709551615 0 0 0 0 0 0 0 2147483647 0 0 0 0 17 2 0 0 0 0 0 0 0 0 0 0 0 0 0
97 (khugepaged) S 2 0 0 0 -1 2097216 0 0 0 0 0 561 0 0 39 19 1 0 26 0 0 18446744073709551615 0 0 0 0 0 0 0 2147483647 0 0 0 0 17 2 0 0 0 0 0 0 0 0 0 0 0 0 0
97 (khugepaged) S 2 0 0 0 -1 2097216 0 0 0 0 0 561 0 0 39 19 1 0 26 0 0 18446744073709551615 0 0 0 0 0 0 0 2147483647 0 0 0 0 17 2 0 0 0 0 0 0 0 0 0 0 0 0 0
97 (khugepaged) S 2 0 0 0 -1 2097216 0 0 0 0 0 561 0 0 39 19 1 0 26 0 0 18446744073709551615 0 0 0 0 0 0 0 2147483647 0 0 0 0 17 2 0 0 0 0 0 0 0 0 0 0 0 0 0
97 (khugepaged) S 2 0 0 0 -1 2097216 0 0 0 0 0 561 0 0 39 19 1 0 26 0 0 18446744073709551615 0 0 0 0 0 0 0 2147483647 0 0 0 0 17 2 0 0 0 0 0 0 0 0 0 0 0 0 0
97 (khugepaged) S 2 0 0 0 -1 2097216 0 0 0 0 0 561 0 0 39 19 1 0 26 0 0 18446744073709551615 0 0 0 0 0 0 0 2147483647 0 0 0 0 17 2 0 0 0 0 0 0 0 0 0 0 0 0 0
97 (khugepaged) S 2 0 0 0 -1 2097216 0 0 0 0 0 561 0 0 39 19 1 0 26 0 0 18446744073709551615 0 0 0 0 0 0 0 2147483647 0 0 0 0 17 2 0 0 0 0 0 0 0 0 0 0 0 0 0
97 (khugepaged) S 2 0 0 0 -1 2097216 0 0 0 0 0 561 0 0 39 19 1 0 26 0 0 18446744073709551615 0 0 0 0 0 0 0 2147483647 0 0 0 0 17 2 0 0 0 0 0 0 0 0 0 0 0 0 0
97 (khugepaged) S 2 0 0 0 -1 2097216 0 0 0 0 0 561 0 0 39 19 1 0 26 0 0 18446744073709551615 0 0 0 0 0 0 0 2147483647 0 0 0 0 17 2 0 0 0 0 0 0 0 0 0 0 0 0 0
97 (khugepaged) S 2 0 0 0 -1 2097216 0 0 0 0 0 561 0 0 39 19 1 0 26 0 0 18446744073709551615 0 0 0 0 0 0 0 2147483647 0 0 0 0 17 2 0 0 0 0 0 0 0 0 0 0 0 0 0
97 (khugepaged) S 2 0 0 0 -1 2097216 0 0 0 0 0 561 0 0 39 19 1 0 26 0 0 18446744073709551615 0 0 0 0 0 0 0 2147483647 0 0 0 0 17 2 0 0 0 0 0 0 0 0 0 0 0 0 0
97 (khugepaged) S 2 0 0 0 -1 2097216 0 0 0 0 0 561 0 0 39 19 1 0 26 0 0 18446744073709551615 0 0 0 0 0 0 0 2147483647 0 0 0 0 17 2 0 0 0 0 0 0 0 0 0 0 0 0 0
97 (khugepaged) S 2 0 0 0 -1 2097216 0 0 0 0 0 561 0 0 39 19 1 0 26 0 0 18446744073709551615 0 0 0 0 0 0 0 2147483647 0 0 0 0 17 2 0 0 0 0 0 0 0 0 0 0 0 0 0
97 (khugepaged) S 2 0 0 0 -1 2097216 0 0 0 0 0 561 0 0 39 19 1 0 26 0 0 18446744073709551615 0 0 0 0 0 0 0 2147483647 0 0 0 0 17 2 0 0 0 0 0 0 0 0 0 0 0 0 0
97 (khugepaged) S 2 0 0 0 -1 2097216 0 0 0 0 0 561 0 0 39 19 1 0 26 0 0 18446744073709551615 0 0 0 0 0 0 0 2147483647 0 0 0 0 17 2 0 0 0 0 0 0 0 0 0 0 0 0 0
97 (khugepaged) S 2 0 0 0 -1 2097216 0 0 0 0 0 561 0 0 39 19 1 0 26 0 0 18446744073709551615 0 0 0 0 0 0 0 2147483647 0 0 0 0 17 2 0 0 0 0 0 0 0 0 0 0 0 0 0
97 (khugepaged) S 2 0 0 0 -1 2097216 0 0 0 0 0 561 0 0 39 19 1 0 26 0 0 18446744073709551615 0 0 0 0 0 0 0 2147483647 0 0 0 0 17 2 0 0 0 0 0 0 0 0 0 0 0 0 0
97 (khugepaged) S 2 0 0 0 -1 2097216 0 0 0 0 0 561 0 0 39 19 1 0 26 0 0 18446744073709551615 0 0 0 0 0 0 0 2147483647 0 0 0 0 17 2 0 0 0 0 0 0 0 0 0 0 0 0 0
97 (khugepaged) S 2 0 0 0 -1 2097216 0 0 0 0 0 561 0 0 39 19 1 0 26 0 0 18446744073709551615 0 0 0 0 0 0 0 2147483647 0 0 0 0 17 2 0 0 0 0 0 0 0 0 0 0 0 0 0
97 (khugepaged) S 2 0 0 0 -1 2097216 0 0 0 0 0 561 0 0 39 19 1 0 26 0 0 18446744073709551615 0 0 0 0 0 0 0 2147483647 0 0 0 0 17 2 0 0 0 0 0 0 0 0 0 0 0 0 0
97 (khugepaged) S 2 0 0 0 -1 2097216 0 0 0 0 0 561 0 0 39 19 1 0 26 0 0 18446744073709551615 0 0 0 0 0 0 0 2147483647 0 0 0 0 17 2 0 0 0 0 0 0 0 0 0 0 0 0 0
97 (khugepaged) S 2 0 0 0 -1 2097216 0 0 0 0 0 561 0 0 39 19 1 0 26 0 0 18446744073709551615 0 0 0 0 0 0 0 2147483647 0 0 0 0 17 2 0 0 0 0 0 0 0 0 0 0 0 0 0
97 (khugepaged) S 2 0 0 0 -1 2097216 0 0 0 0 0 561 0 0 39 19 1 0 26 0 0 18446744073709551615 0 0 0 0 0 0 0 2147483647 0 0 0 0 17 2 0 0 0 0 0 0 0 0 0 0 0 0 0
97 (khugepaged) S 2 0 0 0 -1 2097216 0 0 0 0 0 561 0 0 39 19 1 0 26 0 0 18446744073709551615 0 0 0 0 0 0 0 2147483647 0 0 0 0 17 2 0 0 0 0 0 0 0 0 0 0 0 0 0
97 (khugepaged) S 2 0 0 0 -1 2097216 0 0 0 0 0 561 0 0 39 19 1 0 26 0 0 18446744073709551615 0 0 0 0 0 0 0 2147483647 0 0 0 0 17 2 0 0 0 0 0 0 0 0 0 0 0 0 0
97 (khugepaged) S 2 0 0 0 -1 2097216 0 0 0 0 0 561 0 0 39 19 1 0 26 0 0 18446744073709551615 0 0 0 0 0 0 0 2147483647 0 0 0 0 17 2 0 0 0 0 0 0 0 0 0 0 0 0 0
97 (khugepaged) S 2 0 0 0 -1 2097216 0 0 0 0 0 561 0 0 39 19 1 0 26 0 0 18446744073709551615 0 0 0 0 0 0 0 2147483647 0 0 0 0 17 2 0 0 0 0 0 0 0 0 0 0 0 0 0
97 (khugepaged) S 2 0 0 0 -1 2097216 0 0 0 0 0 561 0 0 39 19 1 0 26 0 0 18446744073709551615 0 0 0 0 0 0 0 2147483647 0 0 0 0 17 2 0 0 0 0 0 0 0 0 0 0 0 0 0
97 (khugepaged) S 2 0 0 0 -1 2097216 0 0 0 0 0 561 0 0 39 19 1 0 26 0 0 18446744073709551615 0 0 0 0 0 0 0 2147483647 0 0 0 0 17 2 0 0 0 0 0 0 0 0 0 0 0 0 0
97 (khugepaged) S 2 0 0 0 -1 2097216 0 0 0 0 0 561 0 0 39 19 1 0 26 0 0 18446744073709551615 0 0 0 0 0 0 0 2147483647 0 0 0 0 17 2 0 0 0 0 0 0 0 0 0 0 0 0 0
97 (khugepaged) S 2 0 0 0 -1 2097216 0 0 0 0 0 561 0 0 39 19 1 0 26 0 0 18446744073709551615 0 0 0 0 0 0 0 2147483647 0 0 0 0 17 2 0 0 0 0 0 0 0 0 0 0 0 0 0
97 (khugepaged) S 2 0 0 0 -1 2097216 0 0 0 0 0 561 0 0 39 19 1 0 26 0 0 18446744073709551615 0 0 0 0 0 0 0 2147483647 0 0 0 0 17 2 0 0 0 0 0 0 0 0 0 0 0 0 0
97 (khugepaged) S 2 0 0 0 -1 2097216 0 0 0 0 0 561 0 0 39 19 1 0 26 0 0 18446744073709551615 0 0 0 0 0 0 0 2147483647 0 0 0 0 17 2 0 0 0 0 0 0 0 0 0 0 0 0 0
97 (khugepaged) S 2 0 0 0 -1 2097216 0 0 0 0 0 561 0 0 39 19 1 0 26 0 0 18446744073709551615 0 0 0 0 0 0 0 2147483647 0 0 0 0 17 2 0 0 0 0 0 0 0 0 0 0 0 0 0
97 (khugepaged) S 2 0 0 0 -1 2097216 0 0 0 0 0 561 0 0 39 19 1 0 26 0 0 18446744073709551615 0 0 0 0 0 0 0 2147483647 0 0 0 0 17 2 0 0 0 0 0 0 0 0 0 0 0 0 0
97 (khugepaged) S 2 0 0 0 -1 2097216 0 0 0 0 0 561 0 0 39 19 1 0 26 0 0 18446744073709551615 0 0 0 0 0 0 0 2147483647 0 0 0 0 17 2 0 0 0 0 0 0 0 0 0 0 0 0 0
97 (khugepaged) S 2 0 0 0 -1 2097216 0 0 0 0 0 562 0 0 39 19 1 0 26 0 0 18446744073709551615 0 0 0 0 0 0 0 2147483647 0 0 0 0 17 5 0 0 0 0 0 0 0 0 0 0 0 0 0
97 (khugepaged) S 2 0 0 0 -1 2097216 0 0 0 0 0 562 0 0 39 19 1 0 26 0 0 18446744073709551615 0 0 0 0 0 0 0 2147483647 0 0 0 0 17 5 0 0 0 0 0 0 0 0 0 0 0 0 0
97 (khugepaged) S 2 0 0 0 -1 2097216 0 0 0 0 0 562 0 0 39 19 1 0 26 0 0 18446744073709551615 0 0 0 0 0 0 0 2147483647 0 0 0 0 17 5 0 0 0 0 0 0 0 0 0 0 0 0 0
97 (khugepaged) S 2 0 0 0 -1 2097216 0 0 0 0 0 562 0 0 39 19 1 0 26 0 0 18446744073709551615 0 0 0 0 0 0 0 2147483647 0 0 0 0 17 5 0 0 0 0 0 0 0 0 0 0 0 0 0
97 (khugepaged) S 2 0 0 0 -1 2097216 0 0 0 0 0 562 0 0 39 19 1 0 26 0 0 18446744073709551615 0 0 0 0 0 0 0 2147483647 0 0 0 0 17 5 0 0 0 0 0 0 0 0 0 0 0 0 0
97 (khugepaged) S 2 0 0 0 -1 2097216 0 0 0 0 0 562 0 0 39 19 1 0 26 0 0 18446744073709551615 0 0 0 0 0 0 0 2147483647 0 0 0 0 17 5 0 0 0 0 0 0 0 0 0 0 0 0 0
97 (khugepaged) S 2 0 0 0 -1 2097216 0 0 0 0 0 562 0 0 39 19 1 0 26 0 0 18446744073709551615 0 0 0 0 0 0 0 2147483647 0 0 0 0 17 5 0 0 0 0 0 0 0 0 0 0 0 0 0
97 (khugepaged) S 2 0 0 0 -1 2097216 0 0 0 0 0 562 0 0 39 19 1 0 26 0 0 18446744073709551615 0 0 0 0 0 0 0 2147483647 0 0 0 0 17 5 0 0 0 0 0 0 0 0 0 0 0 0 0
97 (khugepaged) S 2 0 0 0 -1 2097216 0 0 0 0 0 562 0 0 39 19 1 0 26 0 0 18446744073709551615 0 0 0 0 0 0 0 2147483647 0 0 0 0 17 5 0 0 0 0 0 0 0 0 0 0 0 0 0
97 (khugepaged) S 2 0 0 0 -1 2097216 0 0 0 0 0 562 0 0 39 19 1 0 26 0 0 18446744073709551615 0 0 0 0 0 0 0 2147483647 0 0 0 0 17 5 0 0 0 0 0 0 0 0 0 0 0 0 0
97 (khugepaged) S 2 0 0 0 -1 2097216 0 0 0 0 0 562 0 0 39 19 1 0 26 0 0 18446744073709551615 0 0 0 0 0 0 0 2147483647 0 0 0 0 17 5 0 0 0 0 0 0 0 0 0 0 0 0 0
97 (khugepaged) S 2 0 0 0 -1 2097216 0 0 0 0 0 562 0 0 39 19 1 0 26 0 0 18446744073709551615 0 0 0 0 0 0 0 2147483647 0 0 0 0 17 5 0 0 0 0 0 0 0 0 0 0 0 0 0
97 (khugepaged) S 2 0 0 0 -1 2097216 0 0 0 0 0 562 0 0 39 19 1 0 26 0 0 18446744073709551615 0 0 0 0 0 0 0 2147483647 0 0 0 0 17 5 0 0 0 0 0 0 0 0 0 0 0 0 0
97 (khugepaged) S 2 0 0 0 -1 2097216 0 0 0 0 0 562 0 0 39 19 1 0 26 0 0 18446744073709551615 0 0 0 0 0 0 0 2147483647 0 0 0 0 17 5 0 0 0 0 0 0 0 0 0 0 0 0 0
97 (khugepaged) S 2 0 0 0 -1 2097216 0 0 0 0 0 562 0 0 39 19 1 0 26 0 0 18446744073709551615 0 0 0 0 0 0 0 2147483647 0 0 0 0 17 5 0 0 0 0 0 0 0 0 0 0 0 0 0
97 (khugepaged) S 2 0 0 0 -1 2097216 0 0 0 0 0 562 0 0 39 19 1 0 26 0 0 18446744073709551615 0 0 0 0 0 0 0 2147483647 0 0 0 0 17 5 0 0 0 0 0 0 0 0 0 0 0 0 0
97 (khugepaged) S 2 0 0 0 -1 2097216 0 0 0 0 0 562 0 0 39 19 1 0 26 0 0 18446744073709551615 0 0 0 0 0 0 0 2147483647 0 0 0 0 17 5 0 0 0 0 0 0 0 0 0 0 0 0 0
97 (khugepaged) S 2 0 0 0 -1 2097216 0 0 0 0 0 563 0 0 39 19 1 0 26 0 0 18446744073709551615 0 0 0 0 0 0 0 2147483647 0 0 0 0 17 0 0 0 0 0 0 0 0 0 0 0 0 0 0
97 (khugepaged) S 2 0 0 0 -1 2097216 0 0 0 0 0 563 0 0 39 19 1 0 26 0 0 18446744073709551615 0 0 0 0 0 0 0 2147483647 0 0 0 0 17 0 0 0 0 0 0 0 0 0 0 0 0 0 0
97 (khugepaged) S 2 0 0 0 -1 2097216 0 0 0 0 0 563 0 0 39 19 1 0 26 0 0 18446744073709551615 0 0 0 0 0 0 0 2147483647 0 0 0 0 17 0 0 0 0 0 0 0 0 0 0 0 0 0 0
97 (khugepaged) S 2 0 0 0 -1 2097216 0 0 0 0 0 563 0 0 39 19 1 0 26 0 0 18446744073709551615 0 0 0 0 0 0 0 2147483647 0 0 0 0 17 0 0 0 0 0 0 0 0 0 0 0 0 0 0
97 (khugepaged) S 2 0 0 0 -1 2097216 0 0 0 0 0 563 0 0 39 19 1 0 26 0 0 18446744073709551615 0 0 0 0 0 0 0 2147483647 0 0 0 0 17 0 0 0 0 0 0 0 0 0 0 0 0 0 0
97 (khugepaged) S 2 0 0 0 -1 2097216 0 0 0 0 0 563 0 0 39 19 1 0 26 0 0 18446744073709551615 0 0 0 0 0 0 0 2147483647 0 0 0 0 17 0 0 0 0 0 0 0 0 0 0 0 0 0 0
97 (khugepaged) S 2 0 0 0 -1 2097216 0 0 0 0 0 563 0 0 39 19 1 0 26 0 0 18446744073709551615 0 0 0 0 0 0 0 2147483647 0 0 0 0 17 0 0 0 0 0 0 0 0 0 0 0 0 0 0
97 (khugepaged) S 2 0 0 0 -1 2097216 0 0 0 0 0 563 0 0 39 19 1 0 26 0 0 18446744073709551615 0 0 0 0 0 0 0 2147483647 0 0 0 0 17 0 0 0 0 0 0 0 0 0 0 0 0 0 0
97 (khugepaged) S 2 0 0 0 -1 2097216 0 0 0 0 0 563 0 0 39 19 1 0 26 0 0 18446744073709551615 0 0 0 0 0 0 0 2147483647 0 0 0 0 17 0 0 0 0 0 0 0 0 0 0 0 0 0 0
97 (khugepaged) R 2 0 0 0 -1 2097216 0 0 0 0 0 627 0 0 39 19 1 0 26 0 0 18446744073709551615 0 0 0 0 0 0 0 2147483647 0 0 0 0 17 1 0 0 0 0 0 0 0 0 0 0 0 0 0
97 (khugepaged) S 2 0 0 0 -1 2097216 0 0 0 0 0 671 0 0 39 19 1 0 26 0 0 18446744073709551615 0 0 0 0 0 0 0 2147483647 0 0 0 0 17 7 0 0 0 0 0 0 0 0 0 0 0 0 0
97 (khugepaged) S 2 0 0 0 -1 2097216 0 0 0 0 0 671 0 0 39 19 1 0 26 0 0 18446744073709551615 0 0 0 0 0 0 0 2147483647 0 0 0 0 17 7 0 0 0 0 0 0 0 0 0 0 0 0 0
97 (khugepaged) S 2 0 0 0 -1 2097216 0 0 0 0 0 671 0 0 39 19 1 0 26 0 0 18446744073709551615 0 0 0 0 0 0 0 2147483647 0 0 0 0 17 7 0 0 0 0 0 0 0 0 0 0 0 0 0
97 (khugepaged) S 2 0 0 0 -1 2097216 0 0 0 0 0 671 0 0 39 19 1 0 26 0 0 18446744073709551615 0 0 0 0 0 0 0 2147483647 0 0 0 0 17 7 0 0 0 0 0 0 0 0 0 0 0 0 0
97 (khugepaged) S 2 0 0 0 -1 2097216 0 0 0 0 0 671 0 0 39 19 1 0 26 0 0 18446744073709551615 0 0 0 0 0 0 0 2147483647 0 0 0 0 17 7 0 0 0 0 0 0 0 0 0 0 0 0 0
97 (khugepaged) S 2 0 0 0 -1 2097216 0 0 0 0 0 671 0 0 39 19 1 0 26 0 0 18446744073709551615 0 0 0 0 0 0 0 2147483647 0 0 0 0 17 7 0 0 0 0 0 0 0 0 0 0 0 0 0
97 (khugepaged) S 2 0 0 0 -1 2097216 0 0 0 0 0 671 0 0 39 19 1 0 26 0 0 18446744073709551615 0 0 0 0 0 0 0 2147483647 0 0 0 0 17 7 0 0 0 0 0 0 0 0 0 0 0 0 0
97 (khugepaged) S 2 0 0 0 -1 2097216 0 0 0 0 0 671 0 0 39 19 1 0 26 0 0 18446744073709551615 0 0 0 0 0 0 0 2147483647 0 0 0 0 17 7 0 0 0 0 0 0 0 0 0 0 0 0 0
97 (khugepaged) S 2 0 0 0 -1 2097216 0 0 0 0 0 671 0 0 39 19 1 0 26 0 0 18446744073709551615 0 0 0 0 0 0 0 2147483647 0 0 0 0 17 7 0 0 0 0 0 0 0 0 0 0 0 0 0
97 (khugepaged) R 2 0 0 0 -1 2097216 0 0 0 0 0 735 0 0 39 19 1 0 26 0 0 18446744073709551615 0 0 0 0 0 0 0 2147483647 0 0 0 0 17 3 0 0 0 0 0 0 0 0 0 0 0 0 0
97 (khugepaged) S 2 0 0 0 -1 2097216 0 0 0 0 0 783 0 0 39 19 1 0 26 0 0 18446744073709551615 0 0 0 0 0 0 0 2147483647 0 0 0 0 17 3 0 0 0 0 0 0 0 0 0 0 0 0 0
97 (khugepaged) S 2 0 0 0 -1 2097216 0 0 0 0 0 783 0 0 39 19 1 0 26 0 0 18446744073709551615 0 0 0 0 0 0 0 2147483647 0 0 0 0 17 3 0 0 0 0 0 0 0 0 0 0 0 0 0
97 (khugepaged) S 2 0 0 0 -1 2097216 0 0 0 0 0 783 0 0 39 19 1 0 26 0 0 18446744073709551615 0 0 0 0 0 0 0 2147483647 0 0 0 0 17 3 0 0 0 0 0 0 0 0 0 0 0 0 0
97 (khugepaged) S 2 0 0 0 -1 2097216 0 0 0 0 0 783 0 0 39 19 1 0 26 0 0 18446744073709551615 0 0 0 0 0 0 0 2147483647 0 0 0 0 17 3 0 0 0 0 0 0 0 0 0 0 0 0 0
97 (khugepaged) S 2 0 0 0 -1 2097216 0 0 0 0 0 783 0 0 39 19 1 0 26 0 0 18446744073709551615 0 0 0 0 0 0 0 2147483647 0 0 0 0 17 3 0 0 0 0 0 0 0 0 0 0 0 0 0
97 (khugepaged) S 2 0 0 0 -1 2097216 0 0 0 0 0 783 0 0 39 19 1 0 26 0 0 18446744073709551615 0 0 0 0 0 0 0 2147483647 0 0 0 0 17 3 0 0 0 0 0 0 0 0 0 0 0 0 0
97 (khugepaged) S 2 0 0 0 -1 2097216 0 0 0 0 0 783 0 0 39 19 1 0 26 0 0 18446744073709551615 0 0 0 0 0 0 0 2147483647 0 0 0 0 17 3 0 0 0 0 0 0 0 0 0 0 0 0 0
97 (khugepaged) S 2 0 0 0 -1 2097216 0 0 0 0 0 783 0 0 39 19 1 0 26 0 0 18446744073709551615 0 0 0 0 0 0 0 2147483647 0 0 0 0 17 3 0 0 0 0 0 0 0 0 0 0 0 0 0
97 (khugepaged) S 2 0 0 0 -1 2097216 0 0 0 0 0 783 0 0 39 19 1 0 26 0 0 18446744073709551615 0 0 0 0 0 0 0 2147483647 0 0 0 0 17 3 0 0 0 0 0 0 0 0 0 0 0 0 0
97 (khugepaged) S 2 0 0 0 -1 2097216 0 0 0 0 0 787 0 0 39 19 1 0 26 0 0 18446744073709551615 0 0 0 0 0 0 0 2147483647 0 0 0 0 17 0 0 0 0 0 0 0 0 0 0 0 0 0 0
97 (khugepaged) S 2 0 0 0 -1 2097216 0 0 0 0 0 787 0 0 39 19 1 0 26 0 0 18446744073709551615 0 0 0 0 0 0 0 2147483647 0 0 0 0 17 0 0 0 0 0 0 0 0 0 0 0 0 0 0
97 (khugepaged) S 2 0 0 0 -1 2097216 0 0 0 0 0 787 0 0 39 19 1 0 26 0 0 18446744073709551615 0 0 0 0 0 0 0 2147483647 0 0 0 0 17 0 0 0 0 0 0 0 0 0 0 0 0 0 0
97 (khugepaged) S 2 0 0 0 -1 2097216 0 0 0 0 0 787 0 0 39 19 1 0 26 0 0 18446744073709551615 0 0 0 0 0 0 0 2147483647 0 0 0 0 17 0 0 0 0 0 0 0 0 0 0 0 0 0 0
97 (khugepaged) S 2 0 0 0 -1 2097216 0 0 0 0 0 787 0 0 39 19 1 0 26 0 0 18446744073709551615 0 0 0 0 0 0 0 2147483647 0 0 0 0 17 0 0 0 0 0 0 0 0 0 0 0 0 0 0
97 (khugepaged) S 2 0 0 0 -1 2097216 0 0 0 0 0 787 0 0 39 19 1 0 26 0 0 18446744073709551615 0 0 0 0 0 0 0 2147483647 0 0 0 0 17 0 0 0 0 0 0 0 0 0 0 0 0 0 0
97 (khugepaged) S 2 0 0 0 -1 2097216 0 0 0 0 0 787 0 0 39 19 1 0 26 0 0 18446744073709551615 0 0 0 0 0 0 0 2147483647 0 0 0 0 17 0 0 0 0 0 0 0 0 0 0 0 0 0 0
97 (khugepaged) S 2 0 0 0 -1 2097216 0 0 0 0 0 787 0 0 39 19 1 0 26 0 0 18446744073709551615 0 0 0 0 0 0 0 2147483647 0 0 0 0 17 0 0 0 0 0 0 0 0 0 0 0 0 0 0
97 (khugepaged) S 2 0 0 0 -1 2097216 0 0 0 0 0 787 0 0 39 19 1 0 26 0 0 18446744073709551615 0 0 0 0 0 0 0 2147483647 0 0 0 0 17 0 0 0 0 0 0 0 0 0 0 0 0 0 0
97 (khugepaged) S 2 0 0 0 -1 2097216 0 0 0 0 0 787 0 0 39 19 1 0 26 0 0 18446744073709551615 0 0 0 0 0 0 0 2147483647 0 0 0 0 17 0 0 0 0 0 0 0 0 0 0 0 0 0 0
97 (khugepaged) S 2 0 0 0 -1 2097216 0 0 0 0 0 794 0 0 39 19 1 0 26 0 0 18446744073709551615 0 0 0 0 0 0 0 2147483647 0 0 0 0 17 4 0 0 0 0 0 0 0 0 0 0 0 0 0
97 (khugepaged) S 2 0 0 0 -1 2097216 0 0 0 0 0 794 0 0 39 19 1 0 26 0 0 18446744073709551615 0 0 0 0 0 0 0 2147483647 0 0 0 0 17 4 0 0 0 0 0 0 0 0 0 0 0 0 0
97 (khugepaged) S 2 0 0 0 -1 2097216 0 0 0 0 0 794 0 0 39 19 1 0 26 0 0 18446744073709551615 0 0 0 0 0 0 0 2147483647 0 0 0 0 17 4 0 0 0 0 0 0 0 0 0 0 0 0 0
97 (khugepaged) S 2 0 0 0 -1 2097216 0 0 0 0 0 794 0 0 39 19 1 0 26 0 0 18446744073709551615 0 0 0 0 0 0 0 2147483647 0 0 0 0 17 4 0 0 0 0 0 0 0 0 0 0 0 0 0
97 (khugepaged) S 2 0 0 0 -1 2097216 0 0 0 0 0 794 0 0 39 19 1 0 26 0 0 18446744073709551615 0 0 0 0 0 0 0 2147483647 0 0 0 0 17 4 0 0 0 0 0 0 0 0 0 0 0 0 0
97 (khugepaged) S 2 0 0 0 -1 2097216 0 0 0 0 0 794 0 0 39 19 1 0 26 0 0 18446744073709551615 0 0 0 0 0 0 0 2147483647 0 0 0 0 17 4 0 0 0 0 0 0 0 0 0 0 0 0 0
97 (khugepaged) S 2 0 0 0 -1 2097216 0 0 0 0 0 794 0 0 39 19 1 0 26 0 0 18446744073709551615 0 0 0 0 0 0 0 2147483647 0 0 0 0 17 4 0 0 0 0 0 0 0 0 0 0 0 0 0
97 (khugepaged) S 2 0 0 0 -1 2097216 0 0 0 0 0 794 0 0 39 19 1 0 26 0 0 18446744073709551615 0 0 0 0 0 0 0 2147483647 0 0 0 0 17 4 0 0 0 0 0 0 0 0 0 0 0 0 0
97 (khugepaged) S 2 0 0 0 -1 2097216 0 0 0 0 0 794 0 0 39 19 1 0 26 0 0 18446744073709551615 0 0 0 0 0 0 0 2147483647 0 0 0 0 17 4 0 0 0 0 0 0 0 0 0 0 0 0 0
97 (khugepaged) S 2 0 0 0 -1 2097216 0 0 0 0 0 794 0 0 39 19 1 0 26 0 0 18446744073709551615 0 0 0 0 0 0 0 2147483647 0 0 0 0 17 4 0 0 0 0 0 0 0 0 0 0 0 0 0
97 (khugepaged) S 2 0 0 0 -1 2097216 0 0 0 0 0 794 0 0 39 19 1 0 26 0 0 18446744073709551615 0 0 0 0 0 0 0 2147483647 0 0 0 0 17 4 0 0 0 0 0 0 0 0 0 0 0 0 0
97 (khugepaged) S 2 0 0 0 -1 2097216 0 0 0 0 0 794 0 0 39 19 1 0 26 0 0 18446744073709551615 0 0 0 0 0 0 0 2147483647 0 0 0 0 17 4 0 0 0 0 0 0 0 0 0 0 0 0 0
97 (khugepaged) S 2 0 0 0 -1 2097216 0 0 0 0 0 794 0 0 39 19 1 0 26 0 0 18446744073709551615 0 0 0 0 0 0 0 2147483647 0 0 0 0 17 4 0 0 0 0 0 0 0 0 0 0 0 0 0
97 (khugepaged) S 2 0 0 0 -1 2097216 0 0 0 0 0 794 0 0 39 19 1 0 26 0 0 18446744073709551615 0 0 0 0 0 0 0 2147483647 0 0 0 0 17 4 0 0 0 0 0 0 0 0 0 0 0 0 0
97 (khugepaged) S 2 0 0 0 -1 2097216 0 0 0 0 0 794 0 0 39 19 1 0 26 0 0 18446744073709551615 0 0 0 0 0 0 0 2147483647 0 0 0 0 17 4 0 0 0 0 0 0 0 0 0 0 0 0 0
97 (khugepaged) S 2 0 0 0 -1 2097216 0 0 0 0 0 794 0 0 39 19 1 0 26 0 0 18446744073709551615 0 0 0 0 0 0 0 2147483647 0 0 0 0 17 4 0 0 0 0 0 0 0 0 0 0 0 0 0
97 (khugepaged) S 2 0 0 0 -1 2097216 0 0 0 0 0 794 0 0 39 19 1 0 26 0 0 18446744073709551615 0 0 0 0 0 0 0 2147483647 0 0 0 0 17 4 0 0 0 0 0 0 0 0 0 0 0 0 0
97 (khugepaged) S 2 0 0 0 -1 2097216 0 0 0 0 0 794 0 0 39 19 1 0 26 0 0 18446744073709551615 0 0 0 0 0 0 0 2147483647 0 0 0 0 17 4 0 0 0 0 0 0 0 0 0 0 0 0 0
97 (khugepaged) S 2 0 0 0 -1 2097216 0 0 0 0 0 794 0 0 39 19 1 0 26 0 0 18446744073709551615 0 0 0 0 0 0 0 2147483647 0 0 0 0 17 4 0 0 0 0 0 0 0 0 0 0 0 0 0
97 (khugepaged) S 2 0 0 0 -1 2097216 0 0 0 0 0 794 0 0 39 19 1 0 26 0 0 18446744073709551615 0 0 0 0 0 0 0 2147483647 0 0 0 0 17 4 0 0 0 0 0 0 0 0 0 0 0 0 0
97 (khugepaged) S 2 0 0 0 -1 2097216 0 0 0 0 0 794 0 0 39 19 1 0 26 0 0 18446744073709551615 0 0 0 0 0 0 0 2147483647 0 0 0 0 17 4 0 0 0 0 0 0 0 0 0 0 0 0 0
97 (khugepaged) S 2 0 0 0 -1 2097216 0 0 0 0 0 794 0 0 39 19 1 0 26 0 0 18446744073709551615 0 0 0 0 0 0 0 2147483647 0 0 0 0 17 4 0 0 0 0 0 0 0 0 0 0 0 0 0
97 (khugepaged) S 2 0 0 0 -1 2097216 0 0 0 0 0 794 0 0 39 19 1 0 26 0 0 18446744073709551615 0 0 0 0 0 0 0 2147483647 0 0 0 0 17 4 0 0 0 0 0 0 0 0 0 0 0 0 0
97 (khugepaged) S 2 0 0 0 -1 2097216 0 0 0 0 0 794 0 0 39 19 1 0 26 0 0 18446744073709551615 0 0 0 0 0 0 0 2147483647 0 0 0 0 17 4 0 0 0 0 0 0 0 0 0 0 0 0 0
97 (khugepaged) S 2 0 0 0 -1 2097216 0 0 0 0 0 794 0 0 39 19 1 0 26 0 0 18446744073709551615 0 0 0 0 0 0 0 2147483647 0 0 0 0 17 4 0 0 0 0 0 0 0 0 0 0 0 0 0
97 (khugepaged) S 2 0 0 0 -1 2097216 0 0 0 0 0 794 0 0 39 19 1 0 26 0 0 18446744073709551615 0 0 0 0 0 0 0 2147483647 0 0 0 0 17 4 0 0 0 0 0 0 0 0 0 0 0 0 0
97 (khugepaged) S 2 0 0 0 -1 2097216 0 0 0 0 0 794 0 0 39 19 1 0 26 0 0 18446744073709551615 0 0 0 0 0 0 0 2147483647 0 0 0 0 17 4 0 0 0 0 0 0 0 0 0 0 0 0 0
97 (khugepaged) S 2 0 0 0 -1 2097216 0 0 0 0 0 794 0 0 39 19 1 0 26 0 0 18446744073709551615 0 0 0 0 0 0 0 2147483647 0 0 0 0 17 4 0 0 0 0 0 0 0 0 0 0 0 0 0
97 (khugepaged) S 2 0 0 0 -1 2097216 0 0 0 0 0 794 0 0 39 19 1 0 26 0 0 18446744073709551615 0 0 0 0 0 0 0 2147483647 0 0 0 0 17 4 0 0 0 0 0 0 0 0 0 0 0 0 0
97 (khugepaged) S 2 0 0 0 -1 2097216 0 0 0 0 0 794 0 0 39 19 1 0 26 0 0 18446744073709551615 0 0 0 0 0 0 0 2147483647 0 0 0 0 17 0 0 0 0 0 0 0 0 0 0 0 0 0 0
97 (khugepaged) S 2 0 0 0 -1 2097216 0 0 0 0 0 794 0 0 39 19 1 0 26 0 0 18446744073709551615 0 0 0 0 0 0 0 2147483647 0 0 0 0 17 0 0 0 0 0 0 0 0 0 0 0 0 0 0
97 (khugepaged) S 2 0 0 0 -1 2097216 0 0 0 0 0 794 0 0 39 19 1 0 26 0 0 18446744073709551615 0 0 0 0 0 0 0 2147483647 0 0 0 0 17 0 0 0 0 0 0 0 0 0 0 0 0 0 0
97 (khugepaged) S 2 0 0 0 -1 2097216 0 0 0 0 0 794 0 0 39 19 1 0 26 0 0 18446744073709551615 0 0 0 0 0 0 0 2147483647 0 0 0 0 17 0 0 0 0 0 0 0 0 0 0 0 0 0 0
97 (khugepaged) S 2 0 0 0 -1 2097216 0 0 0 0 0 794 0 0 39 19 1 0 26 0 0 18446744073709551615 0 0 0 0 0 0 0 2147483647 0 0 0 0 17 0 0 0 0 0 0 0 0 0 0 0 0 0 0
97 (khugepaged) S 2 0 0 0 -1 2097216 0 0 0 0 0 794 0 0 39 19 1 0 26 0 0 18446744073709551615 0 0 0 0 0 0 0 2147483647 0 0 0 0 17 0 0 0 0 0 0 0 0 0 0 0 0 0 0
97 (khugepaged) S 2 0 0 0 -1 2097216 0 0 0 0 0 794 0 0 39 19 1 0 26 0 0 18446744073709551615 0 0 0 0 0 0 0 2147483647 0 0 0 0 17 0 0 0 0 0 0 0 0 0 0 0 0 0 0
97 (khugepaged) S 2 0 0 0 -1 2097216 0 0 0 0 0 794 0 0 39 19 1 0 26 0 0 18446744073709551615 0 0 0 0 0 0 0 2147483647 0 0 0 0 17 0 0 0 0 0 0 0 0 0 0 0 0 0 0
97 (khugepaged) S 2 0 0 0 -1 2097216 0 0 0 0 0 794 0 0 39 19 1 0 26 0 0 18446744073709551615 0 0 0 0 0 0 0 2147483647 0 0 0 0 17 0 0 0 0 0 0 0 0 0 0 0 0 0 0
97 (khugepaged) S 2 0 0 0 -1 2097216 0 0 0 0 0 794 0 0 39 19 1 0 26 0 0 18446744073709551615 0 0 0 0 0 0 0 2147483647 0 0 0 0 17 0 0 0 0 0 0 0 0 0 0 0 0 0 0
97 (khugepaged) S 2 0 0 0 -1 2097216 0 0 0 0 0 794 0 0 39 19 1 0 26 0 0 18446744073709551615 0 0 0 0 0 0 0 2147483647 0 0 0 0 17 1 0 0 0 0 0 0 0 0 0 0 0 0 0
97 (khugepaged) S 2 0 0 0 -1 2097216 0 0 0 0 0 794 0 0 39 19 1 0 26 0 0 18446744073709551615 0 0 0 0 0 0 0 2147483647 0 0 0 0 17 1 0 0 0 0 0 0 0 0 0 0 0 0 0
97 (khugepaged) S 2 0 0 0 -1 2097216 0 0 0 0 0 794 0 0 39 19 1 0 26 0 0 18446744073709551615 0 0 0 0 0 0 0 2147483647 0 0 0 0 17 1 0 0 0 0 0 0 0 0 0 0 0 0 0
97 (khugepaged) S 2 0 0 0 -1 2097216 0 0 0 0 0 794 0 0 39 19 1 0 26 0 0 18446744073709551615 0 0 0 0 0 0 0 2147483647 0 0 0 0 17 1 0 0 0 0 0 0 0 0 0 0 0 0 0
97 (khugepaged) S 2 0 0 0 -1 2097216 0 0 0 0 0 794 0 0 39 19 1 0 26 0 0 18446744073709551615 0 0 0 0 0 0 0 2147483647 0 0 0 0 17 1 0 0 0 0 0 0 0 0 0 0 0 0 0
97 (khugepaged) S 2 0 0 0 -1 2097216 0 0 0 0 0 794 0 0 39 19 1 0 26 0 0 18446744073709551615 0 0 0 0 0 0 0 2147483647 0 0 0 0 17 1 0 0 0 0 0 0 0 0 0 0 0 0 0
97 (khugepaged) S 2 0 0 0 -1 2097216 0 0 0 0 0 794 0 0 39 19 1 0 26 0 0 18446744073709551615 0 0 0 0 0 0 0 2147483647 0 0 0 0 17 1 0 0 0 0 0 0 0 0 0 0 0 0 0
97 (khugepaged) S 2 0 0 0 -1 2097216 0 0 0 0 0 794 0 0 39 19 1 0 26 0 0 18446744073709551615 0 0 0 0 0 0 0 2147483647 0 0 0 0 17 1 0 0 0 0 0 0 0 0 0 0 0 0 0
97 (khugepaged) S 2 0 0 0 -1 2097216 0 0 0 0 0 794 0 0 39 19 1 0 26 0 0 18446744073709551615 0 0 0 0 0 0 0 2147483647 0 0 0 0 17 1 0 0 0 0 0 0 0 0 0 0 0 0 0
97 (khugepaged) S 2 0 0 0 -1 2097216 0 0 0 0 0 794 0 0 39 19 1 0 26 0 0 18446744073709551615 0 0 0 0 0 0 0 2147483647 0 0 0 0 17 1 0 0 0 0 0 0 0 0 0 0 0 0 0
97 (khugepaged) S 2 0 0 0 -1 2097216 0 0 0 0 0 794 0 0 39 19 1 0 26 0 0 18446744073709551615 0 0 0 0 0 0 0 2147483647 0 0 0 0 17 4 0 0 0 0 0 0 0 0 0 0 0 0 0
97 (khugepaged) S 2 0 0 0 -1 2097216 0 0 0 0 0 794 0 0 39 19 1 0 26 0 0 18446744073709551615 0 0 0 0 0 0 0 2147483647 0 0 0 0 17 4 0 0 0 0 0 0 0 0 0 0 0 0 0
97 (khugepaged) S 2 0 0 0 -1 2097216 0 0 0 0 0 794 0 0 39 19 1 0 26 0 0 18446744073709551615 0 0 0 0 0 0 0 2147483647 0 0 0 0 17 4 0 0 0 0 0 0 0 0 0 0 0 0 0
97 (khugepaged) S 2 0 0 0 -1 2097216 0 0 0 0 0 794 0 0 39 19 1 0 26 0 0 18446744073709551615 0 0 0 0 0 0 0 2147483647 0 0 0 0 17 4 0 0 0 0 0 0 0 0 0 0 0 0 0
97 (khugepaged) S 2 0 0 0 -1 2097216 0 0 0 0 0 794 0 0 39 19 1 0 26 0 0 18446744073709551615 0 0 0 0 0 0 0 2147483647 0 0 0 0 17 4 0 0 0 0 0 0 0 0 0 0 0 0 0
97 (khugepaged) S 2 0 0 0 -1 2097216 0 0 0 0 0 794 0 0 39 19 1 0 26 0 0 18446744073709551615 0 0 0 0 0 0 0 2147483647 0 0 0 0 17 4 0 0 0 0 0 0 0 0 0 0 0 0 0
97 (khugepaged) S 2 0 0 0 -1 2097216 0 0 0 0 0 794 0 0 39 19 1 0 26 0 0 18446744073709551615 0 0 0 0 0 0 0 2147483647 0 0 0 0 17 4 0 0 0 0 0 0 0 0 0 0 0 0 0
97 (khugepaged) S 2 0 0 0 -1 2097216 0 0 0 0 0 794 0 0 39 19 1 0 26 0 0 18446744073709551615 0 0 0 0 0 0 0 2147483647 0 0 0 0 17 4 0 0 0 0 0 0 0 0 0 0 0 0 0
97 (khugepaged) S 2 0 0 0 -1 2097216 0 0 0 0 0 794 0 0 39 19 1 0 26 0 0 18446744073709551615 0 0 0 0 0 0 0 2147483647 0 0 0 0 17 4 0 0 0 0 0 0 0 0 0 0 0 0 0
97 (khugepaged) S 2 0 0 0 -1 2097216 0 0 0 0 0 794 0 0 39 19 1 0 26 0 0 18446744073709551615 0 0 0 0 0 0 0 2147483647 0 0 0 0 17 4 0 0 0 0 0 0 0 0 0 0 0 0 0
97 (khugepaged) S 2 0 0 0 -1 2097216 0 0 0 0 0 794 0 0 39 19 1 0 26 0 0 18446744073709551615 0 0 0 0 0 0 0 2147483647 0 0 0 0 17 4 0 0 0 0 0 0 0 0 0 0 0 0 0
97 (khugepaged) S 2 0 0 0 -1 2097216 0 0 0 0 0 794 0 0 39 19 1 0 26 0 0 18446744073709551615 0 0 0 0 0 0 0 2147483647 0 0 0 0 17 4 0 0 0 0 0 0 0 0 0 0 0 0 0
97 (khugepaged) S 2 0 0 0 -1 2097216 0 0 0 0 0 794 0 0 39 19 1 0 26 0 0 18446744073709551615 0 0 0 0 0 0 0 2147483647 0 0 0 0 17 4 0 0 0 0 0 0 0 0 0 0 0 0 0
97 (khugepaged) S 2 0 0 0 -1 2097216 0 0 0 0 0 794 0 0 39 19 1 0 26 0 0 18446744073709551615 0 0 0 0 0 0 0 2147483647 0 0 0 0 17 4 0 0 0 0 0 0 0 0 0 0 0 0 0
97 (khugepaged) S 2 0 0 0 -1 2097216 0 0 0 0 0 794 0 0 39 19 1 0 26 0 0 18446744073709551615 0 0 0 0 0 0 0 2147483647 0 0 0 0 17 4 0 0 0 0 0 0 0 0 0 0 0 0 0
97 (khugepaged) S 2 0 0 0 -1 2097216 0 0 0 0 0 794 0 0 39 19 1 0 26 0 0 18446744073709551615 0 0 0 0 0 0 0 2147483647 0 0 0 0 17 4 0 0 0 0 0 0 0 0 0 0 0 0 0
97 (khugepaged) S 2 0 0 0 -1 2097216 0 0 0 0 0 794 0 0 39 19 1 0 26 0 0 18446744073709551615 0 0 0 0 0 0 0 2147483647 0 0 0 0 17 4 0 0 0 0 0 0 0 0 0 0 0 0 0
97 (khugepaged) S 2 0 0 0 -1 2097216 0 0 0 0 0 794 0 0 39 19 1 0 26 0 0 18446744073709551615 0 0 0 0 0 0 0 2147483647 0 0 0 0 17 4 0 0 0 0 0 0 0 0 0 0 0 0 0
97 (khugepaged) S 2 0 0 0 -1 2097216 0 0 0 0 0 794 0 0 39 19 1 0 26 0 0 18446744073709551615 0 0 0 0 0 0 0 2147483647 0 0 0 0 17 4 0 0 0 0 0 0 0 0 0 0 0 0 0
97 (khugepaged) S 2 0 0 0 -1 2097216 0 0 0 0 0 794 0 0 39 19 1 0 26 0 0 18446744073709551615 0 0 0 0 0 0 0 2147483647 0 0 0 0 17 4 0 0 0 0 0 0 0 0 0 0 0 0 0
97 (khugepaged) S 2 0 0 0 -1 2097216 0 0 0 0 0 794 0 0 39 19 1 0 26 0 0 18446744073709551615 0 0 0 0 0 0 0 2147483647 0 0 0 0 17 4 0 0 0 0 0 0 0 0 0 0 0 0 0
97 (khugepaged) S 2 0 0 0 -1 2097216 0 0 0 0 0 794 0 0 39 19 1 0 26 0 0 18446744073709551615 0 0 0 0 0 0 0 2147483647 0 0 0 0 17 4 0 0 0 0 0 0 0 0 0 0 0 0 0
97 (khugepaged) S 2 0 0 0 -1 2097216 0 0 0 0 0 794 0 0 39 19 1 0 26 0 0 18446744073709551615 0 0 0 0 0 0 0 2147483647 0 0 0 0 17 4 0 0 0 0 0 0 0 0 0 0 0 0 0
97 (khugepaged) S 2 0 0 0 -1 2097216 0 0 0 0 0 794 0 0 39 19 1 0 26 0 0 18446744073709551615 0 0 0 0 0 0 0 2147483647 0 0 0 0 17 4 0 0 0 0 0 0 0 0 0 0 0 0 0
97 (khugepaged) S 2 0 0 0 -1 2097216 0 0 0 0 0 794 0 0 39 19 1 0 26 0 0 18446744073709551615 0 0 0 0 0 0 0 2147483647 0 0 0 0 17 4 0 0 0 0 0 0 0 0 0 0 0 0 0
97 (khugepaged) S 2 0 0 0 -1 2097216 0 0 0 0 0 794 0 0 39 19 1 0 26 0 0 18446744073709551615 0 0 0 0 0 0 0 2147483647 0 0 0 0 17 4 0 0 0 0 0 0 0 0 0 0 0 0 0
97 (khugepaged) S 2 0 0 0 -1 2097216 0 0 0 0 0 794 0 0 39 19 1 0 26 0 0 18446744073709551615 0 0 0 0 0 0 0 2147483647 0 0 0 0 17 4 0 0 0 0 0 0 0 0 0 0 0 0 0
97 (khugepaged) S 2 0 0 0 -1 2097216 0 0 0 0 0 794 0 0 39 19 1 0 26 0 0 18446744073709551615 0 0 0 0 0 0 0 2147483647 0 0 0 0 17 4 0 0 0 0 0 0 0 0 0 0 0 0 0
97 (khugepaged) S 2 0 0 0 -1 2097216 0 0 0 0 0 794 0 0 39 19 1 0 26 0 0 18446744073709551615 0 0 0 0 0 0 0 2147483647 0 0 0 0 17 0 0 0 0 0 0 0 0 0 0 0 0 0 0
97 (khugepaged) S 2 0 0 0 -1 2097216 0 0 0 0 0 794 0 0 39 19 1 0 26 0 0 18446744073709551615 0 0 0 0 0 0 0 2147483647 0 0 0 0 17 0 0 0 0 0 0 0 0 0 0 0 0 0 0
97 (khugepaged) S 2 0 0 0 -1 2097216 0 0 0 0 0 794 0 0 39 19 1 0 26 0 0 18446744073709551615 0 0 0 0 0 0 0 2147483647 0 0 0 0 17 0 0 0 0 0 0 0 0 0 0 0 0 0 0
97 (khugepaged) S 2 0 0 0 -1 2097216 0 0 0 0 0 794 0 0 39 19 1 0 26 0 0 18446744073709551615 0 0 0 0 0 0 0 2147483647 0 0 0 0 17 0 0 0 0 0 0 0 0 0 0 0 0 0 0
97 (khugepaged) S 2 0 0 0 -1 2097216 0 0 0 0 0 794 0 0 39 19 1 0 26 0 0 18446744073709551615 0 0 0 0 0 0 0 2147483647 0 0 0 0 17 0 0 0 0 0 0 0 0 0 0 0 0 0 0
97 (khugepaged) S 2 0 0 0 -1 2097216 0 0 0 0 0 794 0 0 39 19 1 0 26 0 0 18446744073709551615 0 0 0 0 0 0 0 2147483647 0 0 0 0 17 0 0 0 0 0 0 0 0 0 0 0 0 0 0
97 (khugepaged) S 2 0 0 0 -1 2097216 0 0 0 0 0 794 0 0 39 19 1 0 26 0 0 18446744073709551615 0 0 0 0 0 0 0 2147483647 0 0 0 0 17 0 0 0 0 0 0 0 0 0 0 0 0 0 0
97 (khugepaged) S 2 0 0 0 -1 2097216 0 0 0 0 0 794 0 0 39 19 1 0 26 0 0 18446744073709551615 0 0 0 0 0 0 0 2147483647 0 0 0 0 17 0 0 0 0 0 0 0 0 0 0 0 0 0 0
97 (khugepaged) S 2 0 0 0 -1 2097216 0 0 0 0 0 795 0 0 39 19 1 0 26 0 0 18446744073709551615 0 0 0 0 0 0 0 2147483647 0 0 0 0 17 3 0 0 0 0 0 0 0 0 0 0 0 0 0
97 (khugepaged) S 2 0 0 0 -1 2097216 0 0 0 0 0 795 0 0 39 19 1 0 26 0 0 18446744073709551615 0 0 0 0 0 0 0 2147483647 0 0 0 0 17 3 0 0 0 0 0 0 0 0 0 0 0 0 0
97 (khugepaged) S 2 0 0 0 -1 2097216 0 0 0 0 0 795 0 0 39 19 1 0 26 0 0 18446744073709551615 0 0 0 0 0 0 0 2147483647 0 0 0 0 17 3 0 0 0 0 0 0 0 0 0 0 0 0 0
97 (khugepaged) S 2 0 0 0 -1 2097216 0 0 0 0 0 795 0 0 39 19 1 0 26 0 0 18446744073709551615 0 0 0 0 0 0 0 2147483647 0 0 0 0 17 3 0 0 0 0 0 0 0 0 0 0 0 0 0
97 (khugepaged) S 2 0 0 0 -1 2097216 0 0 0 0 0 795 0 0 39 19 1 0 26 0 0 18446744073709551615 0 0 0 0 0 0 0 2147483647 0 0 0 0 17 3 0 0 0 0 0 0 0 0 0 0 0 0 0
97 (khugepaged) S 2 0 0 0 -1 2097216 0 0 0 0 0 795 0 0 39 19 1 0 26 0 0 18446744073709551615 0 0 0 0 0 0 0 2147483647 0 0 0 0 17 3 0 0 0 0 0 0 0 0 0 0 0 0 0
97 (khugepaged) S 2 0 0 0 -1 2097216 0 0 0 0 0 795 0 0 39 19 1 0 26 0 0 18446744073709551615 0 0 0 0 0 0 0 2147483647 0 0 0 0 17 3 0 0 0 0 0 0 0 0 0 0 0 0 0
97 (khugepaged) S 2 0 0 0 -1 2097216 0 0 0 0 0 795 0 0 39 19 1 0 26 0 0 18446744073709551615 0 0 0 0 0 0 0 2147483647 0 0 0 0 17 3 0 0 0 0 0 0 0 0 0 0 0 0 0
97 (khugepaged) S 2 0 0 0 -1 2097216 0 0 0 0 0 795 0 0 39 19 1 0 26 0 0 18446744073709551615 0 0 0 0 0 0 0 2147483647 0 0 0 0 17 3 0 0 0 0 0 0 0 0 0 0 0 0 0
97 (khugepaged) S 2 0 0 0 -1 2097216 0 0 0 0 0 796 0 0 39 19 1 0 26 0 0 18446744073709551615 0 0 0 0 0 0 0 2147483647 0 0 0 0 17 4 0 0 0 0 0 0 0 0 0 0 0 0 0
97 (khugepaged) S 2 0 0 0 -1 2097216 0 0 0 0 0 796 0 0 39 19 1 0 26 0 0 18446744073709551615 0 0 0 0 0 0 0 2147483647 0 0 0 0 17 4 0 0 0 0 0 0 0 0 0 0 0 0 0
97 (khugepaged) S 2 0 0 0 -1 2097216 0 0 0 0 0 796 0 0 39 19 1 0 26 0 0 18446744073709551615 0 0 0 0 0 0 0 2147483647 0 0 0 0 17 4 0 0 0 0 0 0 0 0 0 0 0 0 0
97 (khugepaged) S 2 0 0 0 -1 2097216 0 0 0 0 0 796 0 0 39 19 1 0 26 0 0 18446744073709551615 0 0 0 0 0 0 0 2147483647 0 0 0 0 17 4 0 0 0 0 0 0 0 0 0 0 0 0 0
97 (khugepaged) S 2 0 0 0 -1 2097216 0 0 0 0 0 796 0 0 39 19 1 0 26 0 0 18446744073709551615 0 0 0 0 0 0 0 2147483647 0 0 0 0 17 4 0 0 0 0 0 0 0 0 0 0 0 0 0
97 (khugepaged) S 2 0 0 0 -1 2097216 0 0 0 0 0 796 0 0 39 19 1 0 26 0 0 18446744073709551615 0 0 0 0 0 0 0 2147483647 0 0 0 0 17 4 0 0 0 0 0 0 0 0 0 0 0 0 0
97 (khugepaged) S 2 0 0 0 -1 2097216 0 0 0 0 0 796 0 0 39 19 1 0 26 0 0 18446744073709551615 0 0 0 0 0 0 0 2147483647 0 0 0 0 17 4 0 0 0 0 0 0 0 0 0 0 0 0 0
97 (khugepaged) S 2 0 0 0 -1 2097216 0 0 0 0 0 796 0 0 39 19 1 0 26 0 0 18446744073709551615 0 0 0 0 0 0 0 2147483647 0 0 0 0 17 4 0 0 0 0 0 0 0 0 0 0 0 0 0
97 (khugepaged) S 2 0 0 0 -1 2097216 0 0 0 0 0 796 0 0 39 19 1 0 26 0 0 18446744073709551615 0 0 0 0 0 0 0 2147483647 0 0 0 0 17 4 0 0 0 0 0 0 0 0 0 0 0 0 0
97 (khugepaged) S 2 0 0 0 -1 2097216 0 0 0 0 0 860 0 0 39 19 1 0 26 0 0 18446744073709551615 0 0 0 0 0 0 0 2147483647 0 0 0 0 17 1 0 0 0 0 0 0 0 0 0 0 0 0 0
97 (khugepaged) S 2 0 0 0 -1 2097216 0 0 0 0 0 860 0 0 39 19 1 0 26 0 0 18446744073709551615 0 0 0 0 0 0 0 2147483647 0 0 0 0 17 1 0 0 0 0 0 0 0 0 0 0 0 0 0
97 (khugepaged) S 2 0 0 0 -1 2097216 0 0 0 0 0 860 0 0 39 19 1 0 26 0 0 18446744073709551615 0 0 0 0 0 0 0 2147483647 0 0 0 0 17 1 0 0 0 0 0 0 0 0 0 0 0 0 0
97 (khugepaged) S 2 0 0 0 -1 2097216 0 0 0 0 0 860 0 0 39 19 1 0 26 0 0 18446744073709551615 0 0 0 0 0 0 0 2147483647 0 0 0 0 17 1 0 0 0 0 0 0 0 0 0 0 0 0 0
97 (khugepaged) S 2 0 0 0 -1 2097216 0 0 0 0 0 860 0 0 39 19 1 0 26 0 0 18446744073709551615 0 0 0 0 0 0 0 2147483647 0 0 0 0 17 1 0 0 0 0 0 0 0 0 0 0 0 0 0
97 (khugepaged) S 2 0 0 0 -1 2097216 0 0 0 0 0 860 0 0 39 19 1 0 26 0 0 18446744073709551615 0 0 0 0 0 0 0 2147483647 0 0 0 0 17 1 0 0 0 0 0 0 0 0 0 0 0 0 0
97 (khugepaged) S 2 0 0 0 -1 2097216 0 0 0 0 0 860 0 0 39 19 1 0 26 0 0 18446744073709551615 0 0 0 0 0 0 0 2147483647 0 0 0 0 17 1 0 0 0 0 0 0 0 0 0 0 0 0 0
97 (khugepaged) S 2 0 0 0 -1 2097216 0 0 0 0 0 860 0 0 39 19 1 0 26 0 0 18446744073709551615 0 0 0 0 0 0 0 2147483647 0 0 0 0 17 1 0 0 0 0 0 0 0 0 0 0 0 0 0
97 (khugepaged) S 2 0 0 0 -1 2097216 0 0 0 0 0 860 0 0 39 19 1 0 26 0 0 18446744073709551615 0 0 0 0 0 0 0 2147483647 0 0 0 0 17 1 0 0 0 0 0 0 0 0 0 0 0 0 0
97 (khugepaged) S 2 0 0 0 -1 2097216 0 0 0 0 0 860 0 0 39 19 1 0 26 0 0 18446744073709551615 0 0 0 0 0 0 0 2147483647 0 0 0 0 17 1 0 0 0 0 0 0 0 0 0 0 0 0 0
97 (khugepaged) R 2 0 0 0 -1 2097216 0 0 0 0 0 964 0 0 39 19 1 0 26 0 0 18446744073709551615 0 0 0 0 0 0 0 2147483647 0 0 0 0 17 3 0 0 0 0 0 0 0 0 0 0 0 0 0
97 (khugepaged) S 2 0 0 0 -1 2097216 0 0 0 0 0 972 0 0 39 19 1 0 26 0 0 18446744073709551615 0 0 0 0 0 0 0 2147483647 0 0 0 0 17 3 0 0 0 0 0 0 0 0 0 0 0 0 0
97 (khugepaged) S 2 0 0 0 -1 2097216 0 0 0 0 0 972 0 0 39 19 1 0 26 0 0 18446744073709551615 0 0 0 0 0 0 0 2147483647 0 0 0 0 17 3 0 0 0 0 0 0 0 0 0 0 0 0 0
97 (khugepaged) S 2 0 0 0 -1 2097216 0 0 0 0 0 972 0 0 39 19 1 0 26 0 0 18446744073709551615 0 0 0 0 0 0 0 2147483647 0 0 0 0 17 3 0 0 0 0 0 0 0 0 0 0 0 0 0
97 (khugepaged) S 2 0 0 0 -1 2097216 0 0 0 0 0 972 0 0 39 19 1 0 26 0 0 18446744073709551615 0 0 0 0 0 0 0 2147483647 0 0 0 0 17 3 0 0 0 0 0 0 0 0 0 0 0 0 0
97 (khugepaged) S 2 0 0 0 -1 2097216 0 0 0 0 0 972 0 0 39 19 1 0 26 0 0 18446744073709551615 0 0 0 0 0 0 0 2147483647 0 0 0 0 17 3 0 0 0 0 0 0 0 0 0 0 0 0 0
97 (khugepaged) S 2 0 0 0 -1 2097216 0 0 0 0 0 972 0 0 39 19 1 0 26 0 0 18446744073709551615 0 0 0 0 0 0 0 2147483647 0 0 0 0 17 3 0 0 0 0 0 0 0 0 0 0 0 0 0
97 (khugepaged) S 2 0 0 0 -1 2097216 0 0 0 0 0 972 0 0 39 19 1 0 26 0 0 18446744073709551615 0 0 0 0 0 0 0 2147483647 0 0 0 0 17 3 0 0 0 0 0 0 0 0 0 0 0 0 0
97 (khugepaged) S 2 0 0 0 -1 2097216 0 0 0 0 0 972 0 0 39 19 1 0 26 0 0 18446744073709551615 0 0 0 0 0 0 0 2147483647 0 0 0 0 17 3 0 0 0 0 0 0 0 0 0 0 0 0 0
97 (khugepaged) S 2 0 0 0 -1 2097216 0 0 0 0 0 972 0 0 39 19 1 0 26 0 0 18446744073709551615 0 0 0 0 0 0 0 2147483647 0 0 0 0 17 3 0 0 0 0 0 0 0 0 0 0 0 0 0
97 (khugepaged) S 2 0 0 0 -1 2097216 0 0 0 0 0 974 0 0 39 19 1 0 26 0 0 18446744073709551615 0 0 0 0 0 0 0 2147483647 0 0 0 0 17 5 0 0 0 0 0 0 0 0 0 0 0 0 0
97 (khugepaged) S 2 0 0 0 -1 2097216 0 0 0 0 0 974 0 0 39 19 1 0 26 0 0 18446744073709551615 0 0 0 0 0 0 0 2147483647 0 0 0 0 17 5 0 0 0 0 0 0 0 0 0 0 0 0 0
97 (khugepaged) S 2 0 0 0 -1 2097216 0 0 0 0 0 974 0 0 39 19 1 0 26 0 0 18446744073709551615 0 0 0 0 0 0 0 2147483647 0 0 0 0 17 5 0 0 0 0 0 0 0 0 0 0 0 0 0
97 (khugepaged) S 2 0 0 0 -1 2097216 0 0 0 0 0 974 0 0 39 19 1 0 26 0 0 18446744073709551615 0 0 0 0 0 0 0 2147483647 0 0 0 0 17 5 0 0 0 0 0 0 0 0 0 0 0 0 0
97 (khugepaged) S 2 0 0 0 -1 2097216 0 0 0 0 0 974 0 0 39 19 1 0 26 0 0 18446744073709551615 0 0 0 0 0 0 0 2147483647 0 0 0 0 17 5 0 0 0 0 0 0 0 0 0 0 0 0 0
97 (khugepaged) S 2 0 0 0 -1 2097216 0 0 0 0 0 974 0 0 39 19 1 0 26 0 0 18446744073709551615 0 0 0 0 0 0 0 2147483647 0 0 0 0 17 5 0 0 0 0 0 0 0 0 0 0 0 0 0
97 (khugepaged) S 2 0 0 0 -1 2097216 0 0 0 0 0 974 0 0 39 19 1 0 26 0 0 18446744073709551615 0 0 0 0 0 0 0 2147483647 0 0 0 0 17 5 0 0 0 0 0 0 0 0 0 0 0 0 0
97 (khugepaged) S 2 0 0 0 -1 2097216 0 0 0 0 0 974 0 0 39 19 1 0 26 0 0 18446744073709551615 0 0 0 0 0 0 0 2147483647 0 0 0 0 17 5 0 0 0 0 0 0 0 0 0 0 0 0 0
97 (khugepaged) S 2 0 0 0 -1 2097216 0 0 0 0 0 974 0 0 39 19 1 0 26 0 0 18446744073709551615 0 0 0 0 0 0 0 2147483647 0 0 0 0 17 5 0 0 0 0 0 0 0 0 0 0 0 0 0
97 (khugepaged) S 2 0 0 0 -1 2097216 0 0 0 0 0 976 0 0 39 19 1 0 26 0 0 18446744073709551615 0 0 0 0 0 0 0 2147483647 0 0 0 0 17 0 0 0 0 0 0 0 0 0 0 0 0 0 0
97 (khugepaged) S 2 0 0 0 -1 2097216 0 0 0 0 0 976 0 0 39 19 1 0 26 0 0 18446744073709551615 0 0 0 0 0 0 0 2147483647 0 0 0 0 17 0 0 0 0 0 0 0 0 0 0 0 0 0 0
97 (khugepaged) S 2 0 0 0 -1 2097216 0 0 0 0 0 976 0 0 39 19 1 0 26 0 0 18446744073709551615 0 0 0 0 0 0 0 2147483647 0 0 0 0 17 0 0 0 0 0 0 0 0 0 0 0 0 0 0
97 (khugepaged) S 2 0 0 0 -1 2097216 0 0 0 0 0 976 0 0 39 19 1 0 26 0 0 18446744073709551615 0 0 0 0 0 0 0 2147483647 0 0 0 0 17 0 0 0 0 0 0 0 0 0 0 0 0 0 0
97 (khugepaged) S 2 0 0 0 -1 2097216 0 0 0 0 0 976 0 0 39 19 1 0 26 0 0 18446744073709551615 0 0 0 0 0 0 0 2147483647 0 0 0 0 17 0 0 0 0 0 0 0 0 0 0 0 0 0 0
97 (khugepaged) S 2 0 0 0 -1 2097216 0 0 0 0 0 976 0 0 39 19 1 0 26 0 0 18446744073709551615 0 0 0 0 0 0 0 2147483647 0 0 0 0 17 0 0 0 0 0 0 0 0 0 0 0 0 0 0
97 (khugepaged) S 2 0 0 0 -1 2097216 0 0 0 0 0 976 0 0 39 19 1 0 26 0 0 18446744073709551615 0 0 0 0 0 0 0 2147483647 0 0 0 0 17 0 0 0 0 0 0 0 0 0 0 0 0 0 0
97 (khugepaged) S 2 0 0 0 -1 2097216 0 0 0 0 0 976 0 0 39 19 1 0 26 0 0 18446744073709551615 0 0 0 0 0 0 0 2147483647 0 0 0 0 17 0 0 0 0 0 0 0 0 0 0 0 0 0 0
97 (khugepaged) S 2 0 0 0 -1 2097216 0 0 0 0 0 982 0 0 39 19 1 0 26 0 0 18446744073709551615 0 0 0 0 0 0 0 2147483647 0 0 0 0 17 1 0 0 0 0 0 0 0 0 0 0 0 0 0
97 (khugepaged) S 2 0 0 0 -1 2097216 0 0 0 0 0 982 0 0 39 19 1 0 26 0 0 18446744073709551615 0 0 0 0 0 0 0 2147483647 0 0 0 0 17 1 0 0 0 0 0 0 0 0 0 0 0 0 0
97 (khugepaged) S 2 0 0 0 -1 2097216 0 0 0 0 0 982 0 0 39 19 1 0 26 0 0 18446744073709551615 0 0 0 0 0 0 0 2147483647 0 0 0 0 17 1 0 0 0 0 0 0 0 0 0 0 0 0 0
97 (khugepaged) S 2 0 0 0 -1 2097216 0 0 0 0 0 982 0 0 39 19 1 0 26 0 0 18446744073709551615 0 0 0 0 0 0 0 2147483647 0 0 0 0 17 1 0 0 0 0 0 0 0 0 0 0 0 0 0
97 (khugepaged) S 2 0 0 0 -1 2097216 0 0 0 0 0 982 0 0 39 19 1 0 26 0 0 18446744073709551615 0 0 0 0 0 0 0 2147483647 0 0 0 0 17 1 0 0 0 0 0 0 0 0 0 0 0 0 0
97 (khugepaged) S 2 0 0 0 -1 2097216 0 0 0 0 0 982 0 0 39 19 1 0 26 0 0 18446744073709551615 0 0 0 0 0 0 0 2147483647 0 0 0 0 17 1 0 0 0 0 0 0 0 0 0 0 0 0 0
97 (khugepaged) S 2 0 0 0 -1 2097216 0 0 0 0 0 982 0 0 39 19 1 0 26 0 0 18446744073709551615 0 0 0 0 0 0 0 2147483647 0 0 0 0 17 1 0 0 0 0 0 0 0 0 0 0 0 0 0
97 (khugepaged) S 2 0 0 0 -1 2097216 0 0 0 0 0 982 0 0 39 19 1 0 26 0 0 18446744073709551615 0 0 0 0 0 0 0 2147483647 0 0 0 0 17 1 0 0 0 0 0 0 0 0 0 0 0 0 0
97 (khugepaged) S 2 0 0 0 -1 2097216 0 0 0 0 0 982 0 0 39 19 1 0 26 0 0 18446744073709551615 0 0 0 0 0 0 0 2147483647 0 0 0 0 17 1 0 0 0 0 0 0 0 0 0 0 0 0 0
97 (khugepaged) S 2 0 0 0 -1 2097216 0 0 0 0 0 982 0 0 39 19 1 0 26 0 0 18446744073709551615 0 0 0 0 0 0 0 2147483647 0 0 0 0 17 1 0 0 0 0 0 0 0 0 0 0 0 0 0
97 (khugepaged) S 2 0 0 0 -1 2097216 0 0 0 0 0 984 0 0 39 19 1 0 26 0 0 18446744073709551615 0 0 0 0 0 0 0 2147483647 0 0 0 0 17 1 0 0 0 0 0 0 0 0 0 0 0 0 0
97 (khugepaged) S 2 0 0 0 -1 2097216 0 0 0 0 0 984 0 0 39 19 1 0 26 0 0 18446744073709551615 0 0 0 0 0 0 0 2147483647 0 0 0 0 17 1 0 0 0 0 0 0 0 0 0 0 0 0 0
97 (khugepaged) S 2 0 0 0 -1 2097216 0 0 0 0 0 984 0 0 39 19 1 0 26 0 0 18446744073709551615 0 0 0 0 0 0 0 2147483647 0 0 0 0 17 1 0 0 0 0 0 0 0 0 0 0 0 0 0
97 (khugepaged) S 2 0 0 0 -1 2097216 0 0 0 0 0 984 0 0 39 19 1 0 26 0 0 18446744073709551615 0 0 0 0 0 0 0 2147483647 0 0 0 0 17 1 0 0 0 0 0 0 0 0 0 0 0 0 0
97 (khugepaged) S 2 0 0 0 -1 2097216 0 0 0 0 0 984 0 0 39 19 1 0 26 0 0 18446744073709551615 0 0 0 0 0 0 0 2147483647 0 0 0 0 17 1 0 0 0 0 0 0 0 0 0 0 0 0 0
97 (khugepaged) S 2 0 0 0 -1 2097216 0 0 0 0 0 984 0 0 39 19 1 0 26 0 0 18446744073709551615 0 0 0 0 0 0 0 2147483647 0 0 0 0 17 1 0 0 0 0 0 0 0 0 0 0 0 0 0
97 (khugepaged) S 2 0 0 0 -1 2097216 0 0 0 0 0 984 0 0 39 19 1 0 26 0 0 18446744073709551615 0 0 0 0 0 0 0 2147483647 0 0 0 0 17 1 0 0 0 0 0 0 0 0 0 0 0 0 0
97 (khugepaged) S 2 0 0 0 -1 2097216 0 0 0 0 0 984 0 0 39 19 1 0 26 0 0 18446744073709551615 0 0 0 0 0 0 0 2147483647 0 0 0 0 17 1 0 0 0 0 0 0 0 0 0 0 0 0 0
97 (khugepaged) S 2 0 0 0 -1 2097216 0 0 0 0 0 984 0 0 39 19 1 0 26 0 0 18446744073709551615 0 0 0 0 0 0 0 2147483647 0 0 0 0 17 1 0 0 0 0 0 0 0 0 0 0 0 0 0
97 (khugepaged) S 2 0 0 0 -1 2097216 0 0 0 0 0 984 0 0 39 19 1 0 26 0 0 18446744073709551615 0 0 0 0 0 0 0 2147483647 0 0 0 0 17 1 0 0 0 0 0 0 0 0 0 0 0 0 0
97 (khugepaged) S 2 0 0 0 -1 2097216 0 0 0 0 0 984 0 0 39 19 1 0 26 0 0 18446744073709551615 0 0 0 0 0 0 0 2147483647 0 0 0 0 17 0 0 0 0 0 0 0 0 0 0 0 0 0 0
97 (khugepaged) S 2 0 0 0 -1 2097216 0 0 0 0 0 984 0 0 39 19 1 0 26 0 0 18446744073709551615 0 0 0 0 0 0 0 2147483647 0 0 0 0 17 0 0 0 0 0 0 0 0 0 0 0 0 0 0
97 (khugepaged) S 2 0 0 0 -1 2097216 0 0 0 0 0 984 0 0 39 19 1 0 26 0 0 18446744073709551615 0 0 0 0 0 0 0 2147483647 0 0 0 0 17 0 0 0 0 0 0 0 0 0 0 0 0 0 0
97 (khugepaged) S 2 0 0 0 -1 2097216 0 0 0 0 0 984 0 0 39 19 1 0 26 0 0 18446744073709551615 0 0 0 0 0 0 0 2147483647 0 0 0 0 17 0 0 0 0 0 0 0 0 0 0 0 0 0 0
97 (khugepaged) S 2 0 0 0 -1 2097216 0 0 0 0 0 984 0 0 39 19 1 0 26 0 0 18446744073709551615 0 0 0 0 0 0 0 2147483647 0 0 0 0 17 0 0 0 0 0 0 0 0 0 0 0 0 0 0
97 (khugepaged) S 2 0 0 0 -1 2097216 0 0 0 0 0 984 0 0 39 19 1 0 26 0 0 18446744073709551615 0 0 0 0 0 0 0 2147483647 0 0 0 0 17 0 0 0 0 0 0 0 0 0 0 0 0 0 0
97 (khugepaged) S 2 0 0 0 -1 2097216 0 0 0 0 0 984 0 0 39 19 1 0 26 0 0 18446744073709551615 0 0 0 0 0 0 0 2147483647 0 0 0 0 17 0 0 0 0 0 0 0 0 0 0 0 0 0 0
97 (khugepaged) S 2 0 0 0 -1 2097216 0 0 0 0 0 984 0 0 39 19 1 0 26 0 0 18446744073709551615 0 0 0 0 0 0 0 2147483647 0 0 0 0 17 0 0 0 0 0 0 0 0 0 0 0 0 0 0
97 (khugepaged) S 2 0 0 0 -1 2097216 0 0 0 0 0 984 0 0 39 19 1 0 26 0 0 18446744073709551615 0 0 0 0 0 0 0 2147483647 0 0 0 0 17 0 0 0 0 0 0 0 0 0 0 0 0 0 0
97 (khugepaged) S 2 0 0 0 -1 2097216 0 0 0 0 0 984 0 0 39 19 1 0 26 0 0 18446744073709551615 0 0 0 0 0 0 0 2147483647 0 0 0 0 17 0 0 0 0 0 0 0 0 0 0 0 0 0 0
97 (khugepaged) S 2 0 0 0 -1 2097216 0 0 0 0 0 984 0 0 39 19 1 0 26 0 0 18446744073709551615 0 0 0 0 0 0 0 2147483647 0 0 0 0 17 1 0 0 0 0 0 0 0 0 0 0 0 0 0
