1045
1045
1045
1045
1045
1045
1045
1045
1045
1061
1061
1061
1061
1061
1061
1061
1061
1061
1061
1061
1061
1061
1061
1061
1061
1061
1061
1080
1080
1080
1080
1080
1080
1080
1080
1379
2592
2592
2592
2592
2592
2592
2592
2592
2592
2592
3679
3891
3891
3891
3891
3891
3891
3891
3891
3891
4064
4064
4064
4064
4064
4064
4064
4064
4064
4064
4084
4084
4084
4084
4084
4084
4084
4084
4084
4085
4085
4085
4085
4085
4085
4085
4085
4085
4085
4087
4087
4087
4087
4087
4087
4087
4087
4087
4087
4088
4088
4088
4088
4088
4088
4088
4088
4088
4088
4088
4088
4088
4088
4088
4088
4088
4088
4088
4088
4093
4093
4093
4093
4093
4093
4093
4093
4093
4095
4095
4095
4095
4095
4095
4095
4095
4095
4095
4095
4095
4095
4095
4095
4095
4095
4095
4095
4095
4095
4095
4095
4095
4095
4095
4095
4095
4095
4095
4095
4095
4095
4095
4095
4095
4823
4823
4823
4823
4823
4823
4823
6196
6631
6631
6631
6631
6631
6631
6631
6631
6631
6757
6757
6757
6757
6757
6757
6757
6757
6757
6785
6785
6785
6785
6785
6785
6785
6785
6785
6785
6878
6878
6878
6878
6878
6878
6878
6878
6878
6880
6880
6880
6880
6880
6880
6880
6880
6880
6880
6880
6880
6880
6880
6880
6880
6880
6880
6880
6880
6880
6880
6880
6880
6880
6880
6880
6880
6880
6880
6880
6880
6880
6880
6880
6880
6880
6880
6880
6880
6880
6880
6880
6880
6880
6880
6880
6880
6880
6880
6880
6880
6880
6880
6880
6880
6880
6880
6880
6880
6880
6880
6880
6880
6880
6880
6880
6880
6880
6880
6880
6880
6880
6880
6880
6880
6880
6880
6880
6880
6880
6880
6880
6880
6880
7508
7816
7816
7816
7816
7816
7816
7816
8189
9542
9542
9542
9542
9542
9542
9542
9542
9542
9542
9617
9617
9617
9617
9617
9617
9617
9617
9617
9619
9619
9619
9619
9619
9619
9619
9619
9619
9619
9619
9619
9619
9619
9619
9619
9619
9619
9619
9619
9619
9619
9619
9619
9619
9619
9619
9619
9619
9619
9619
9619
9619
9619
9619
9619
9619
9619
9619
9619
9619
9619
9619
9619
9619
9619
9619
9619
9619
9619
9619
9619
9619
9619
9619
9619
9619
9619
9619
9619
9619
9619
9619
9619
9619
9619
9619
9619
9619
9619
9619
9619
9619
9619
9619
9619
9619
9619
9619
9619
9619
9619
9619
9619
9619
9619
9619
9619
9619
9619
9619
9619
9619
9619
9619
9619
9619
9619
9619
9619
9619
9619
9619
9619
9619
9619
9619
9619
9619
9619
9619
9619
9619
9619
9619
9619
9619
9619
9619
9619
9619
9619
9619
9619
9619
9619
9619
