0
0
0
0
0
0
0
0
0
0
4
4
4
4
4
4
4
4
4
4
4
4
4
4
4
4
4
4
4
4
4
4
4
4
4
4
4
534
534
534
534
534
534
534
534
534
2383
2529
2529
2529
2529
2529
2529
2529
2529
2529
2529
2753
3000
3000
3000
3000
3000
3000
3000
3000
3000
3029
3029
3029
3029
3029
3029
3029
3029
3029
5563
5563
5563
5563
5563
5563
5563
5563
5563
5563
5563
5563
5563
5563
5563
5563
5563
5563
5563
5563
5563
5563
5563
5563
5563
5563
5563
5563
5563
5563
5563
5563
5563
5563
5563
5563
5563
5563
5563
5563
5563
5563
5563
5563
5563
5563
5563
5563
5563
5563
5563
5563
5563
5563
5563
5563
5563
5563
5563
5563
5563
5563
5563
5563
5563
5563
5563
5563
5563
5563
5563
5563
5563
5563
5563
5563
5563
5563
5563
5563
5563
5563
5563
5563
5563
5563
5563
5563
5563
5563
5563
5563
5602
5630
5630
5630
5630
5630
5630
5630
5630
5892
7672
7672
7672
7672
7672
7672
7672
7672
7672
7672
8204
8204
8204
8204
8204
8204
8204
8204
8204
8231
8231
8231
8231
8231
8231
8231
8231
8231
11409
11409
11409
11409
11409
11409
11409
11409
11409
11409
11409
11409
11409
11409
11409
11409
11409
11409
11409
11409
11409
11409
11409
11409
11409
11409
11409
11409
11409
11409
11409
11409
11409
11409
11409
11409
11409
11409
11409
11409
11409
11409
11409
11409
11409
11409
11409
11409
11409
11409
11409
11409
11409
11409
11409
11409
11409
11409
11409
11409
11409
11409
11409
11409
11409
11409
11409
11409
11409
11409
11409
11409
11409
11409
11409
11409
11409
11409
11409
11409
11409
11409
11409
11409
11409
11409
11409
11409
11409
11409
11409
11409
11409
11409
11409
11409
11409
11409
11409
11409
11409
11409
11409
12679
12679
12679
12679
12679
12679
12679
12679
12679
12679
14091
14091
14091
14091
14091
14091
14091
14091
14091
14091
14139
14139
14139
14139
14139
14139
14139
14139
14139
14139
17385
17385
17385
17385
17385
17385
17385
17385
17385
17385
17385
17385
17385
17385
17385
17385
17385
17385
17385
17385
17385
17385
17385
17385
17385
17385
17385
17385
17385
17385
17385
17385
17385
17385
17385
17385
17385
17385
17385
17385
17385
17385
17385
17385
17385
17385
17385
17385
17385
17385
17385
17385
17385
17385
17385
17385
17385
17385
17385
17385
17385
17385
17385
17385
17385
17385
17385
17385
17385
17385
17385
17385
17385
17385
17385
17385
17385
17385
17385
17385
17385
17385
17385
17385
17385
17385
17385
17385
17385
17385
17385
17385
17385
17385
17385
17385
17385
17385
17385
17385
17385
17385
17385
18097
18097
18097
18097
18097
18097
18097
18097
18097
18097
19520
19520
19520
19520
19520
19520
19520
19520
19520
19520
19520
19520
19520
19520
19520
19520
19520
19520
19520
19520
19520
19520
19520
19520
19520
19520
19520
22307
22307
22307
22307
22307
22307
22307
22307
22307
22307
23430
23430
23430
23430
23430
23430
23430
23430
23430
23430
23430
23430
23430
23430
23430
23430
23430
23430
23430
23430
23430
