thp_fault_alloc 5034
thp_fault_fallback 1521
thp_collapse_alloc 1036
thp_collapse_alloc_failed 0
thp_split 500
thp_zero_page_alloc 1
thp_zero_page_alloc_failed 0
thp_promote 0
thp_fault_alloc 5034
thp_fault_fallback 1792
thp_collapse_alloc 1036
thp_collapse_alloc_failed 0
thp_split 771
thp_zero_page_alloc 1
thp_zero_page_alloc_failed 0
thp_promote 0
thp_fault_alloc 5034
thp_fault_fallback 2062
thp_collapse_alloc 1036
thp_collapse_alloc_failed 0
thp_split 1041
thp_zero_page_alloc 1
thp_zero_page_alloc_failed 0
thp_promote 0
thp_fault_alloc 5034
thp_fault_fallback 2334
thp_collapse_alloc 1036
thp_collapse_alloc_failed 0
thp_split 1313
thp_zero_page_alloc 1
thp_zero_page_alloc_failed 0
thp_promote 0
thp_fault_alloc 5034
thp_fault_fallback 6134
thp_collapse_alloc 1036
thp_collapse_alloc_failed 0
thp_split 5113
thp_zero_page_alloc 1
thp_zero_page_alloc_failed 0
thp_promote 0
thp_fault_alloc 5034
thp_fault_fallback 6590
thp_collapse_alloc 1036
thp_collapse_alloc_failed 0
thp_split 5569
thp_zero_page_alloc 1
thp_zero_page_alloc_failed 0
thp_promote 0
thp_fault_alloc 5035
thp_fault_fallback 6590
thp_collapse_alloc 1036
thp_collapse_alloc_failed 0
thp_split 5569
thp_zero_page_alloc 1
thp_zero_page_alloc_failed 0
thp_promote 0
thp_fault_alloc 5037
thp_fault_fallback 6590
thp_collapse_alloc 1036
thp_collapse_alloc_failed 0
thp_split 5569
thp_zero_page_alloc 1
thp_zero_page_alloc_failed 0
thp_promote 0
thp_fault_alloc 5039
thp_fault_fallback 6590
thp_collapse_alloc 1036
thp_collapse_alloc_failed 0
thp_split 5569
thp_zero_page_alloc 1
thp_zero_page_alloc_failed 0
thp_promote 0
thp_fault_alloc 5041
thp_fault_fallback 6590
thp_collapse_alloc 1036
thp_collapse_alloc_failed 0
thp_split 5569
thp_zero_page_alloc 1
thp_zero_page_alloc_failed 0
thp_promote 0
thp_fault_alloc 5044
thp_fault_fallback 6590
thp_collapse_alloc 1043
thp_collapse_alloc_failed 0
thp_split 5569
thp_zero_page_alloc 1
thp_zero_page_alloc_failed 0
thp_promote 4
thp_fault_alloc 5047
thp_fault_fallback 6590
thp_collapse_alloc 1043
thp_collapse_alloc_failed 0
thp_split 5569
thp_zero_page_alloc 1
thp_zero_page_alloc_failed 0
thp_promote 4
thp_fault_alloc 5050
thp_fault_fallback 6590
thp_collapse_alloc 1043
thp_collapse_alloc_failed 0
thp_split 5569
thp_zero_page_alloc 1
thp_zero_page_alloc_failed 0
thp_promote 4
thp_fault_alloc 5053
thp_fault_fallback 6590
thp_collapse_alloc 1043
thp_collapse_alloc_failed 0
thp_split 5569
thp_zero_page_alloc 1
thp_zero_page_alloc_failed 0
thp_promote 4
thp_fault_alloc 5056
thp_fault_fallback 6590
thp_collapse_alloc 1043
thp_collapse_alloc_failed 0
thp_split 5569
thp_zero_page_alloc 1
thp_zero_page_alloc_failed 0
thp_promote 4
thp_fault_alloc 5059
thp_fault_fallback 6590
thp_collapse_alloc 1043
thp_collapse_alloc_failed 0
thp_split 5569
thp_zero_page_alloc 1
thp_zero_page_alloc_failed 0
thp_promote 4
thp_fault_alloc 5063
thp_fault_fallback 6590
thp_collapse_alloc 1043
thp_collapse_alloc_failed 0
thp_split 5569
thp_zero_page_alloc 1
thp_zero_page_alloc_failed 0
thp_promote 4
thp_fault_alloc 5066
thp_fault_fallback 6590
thp_collapse_alloc 1043
thp_collapse_alloc_failed 0
thp_split 5569
thp_zero_page_alloc 1
thp_zero_page_alloc_failed 0
thp_promote 4
thp_fault_alloc 5070
thp_fault_fallback 6590
thp_collapse_alloc 1043
thp_collapse_alloc_failed 0
thp_split 5569
thp_zero_page_alloc 1
thp_zero_page_alloc_failed 0
thp_promote 4
thp_fault_alloc 5074
thp_fault_fallback 6590
thp_collapse_alloc 1043
thp_collapse_alloc_failed 0
thp_split 5569
thp_zero_page_alloc 1
thp_zero_page_alloc_failed 0
thp_promote 4
thp_fault_alloc 5078
thp_fault_fallback 6590
thp_collapse_alloc 1043
thp_collapse_alloc_failed 0
thp_split 5569
thp_zero_page_alloc 1
thp_zero_page_alloc_failed 0
thp_promote 4
thp_fault_alloc 5083
thp_fault_fallback 6590
thp_collapse_alloc 1043
thp_collapse_alloc_failed 0
thp_split 5569
thp_zero_page_alloc 1
thp_zero_page_alloc_failed 0
thp_promote 4
thp_fault_alloc 5087
thp_fault_fallback 6590
thp_collapse_alloc 1043
thp_collapse_alloc_failed 0
thp_split 5569
thp_zero_page_alloc 1
thp_zero_page_alloc_failed 0
thp_promote 4
thp_fault_alloc 5092
thp_fault_fallback 6590
thp_collapse_alloc 1043
thp_collapse_alloc_failed 0
thp_split 5569
thp_zero_page_alloc 1
thp_zero_page_alloc_failed 0
thp_promote 4
thp_fault_alloc 5096
thp_fault_fallback 6590
thp_collapse_alloc 1043
thp_collapse_alloc_failed 0
thp_split 5569
thp_zero_page_alloc 1
thp_zero_page_alloc_failed 0
thp_promote 4
thp_fault_alloc 5102
thp_fault_fallback 6590
thp_collapse_alloc 1043
thp_collapse_alloc_failed 0
thp_split 5569
thp_zero_page_alloc 1
thp_zero_page_alloc_failed 0
thp_promote 4
thp_fault_alloc 5106
thp_fault_fallback 6590
thp_collapse_alloc 1043
thp_collapse_alloc_failed 0
thp_split 5569
thp_zero_page_alloc 1
thp_zero_page_alloc_failed 0
thp_promote 4
thp_fault_alloc 5111
thp_fault_fallback 6590
thp_collapse_alloc 1043
thp_collapse_alloc_failed 0
thp_split 5569
thp_zero_page_alloc 1
thp_zero_page_alloc_failed 0
thp_promote 4
thp_fault_alloc 5116
thp_fault_fallback 6590
thp_collapse_alloc 1043
thp_collapse_alloc_failed 0
thp_split 5569
thp_zero_page_alloc 1
thp_zero_page_alloc_failed 0
thp_promote 4
thp_fault_alloc 5121
thp_fault_fallback 6590
thp_collapse_alloc 1043
thp_collapse_alloc_failed 0
thp_split 5569
thp_zero_page_alloc 1
thp_zero_page_alloc_failed 0
thp_promote 4
thp_fault_alloc 5126
thp_fault_fallback 6590
thp_collapse_alloc 1043
thp_collapse_alloc_failed 0
thp_split 5569
thp_zero_page_alloc 1
thp_zero_page_alloc_failed 0
thp_promote 4
thp_fault_alloc 5132
thp_fault_fallback 6590
thp_collapse_alloc 1043
thp_collapse_alloc_failed 0
thp_split 5569
thp_zero_page_alloc 1
thp_zero_page_alloc_failed 0
thp_promote 4
thp_fault_alloc 5137
thp_fault_fallback 6590
thp_collapse_alloc 1043
thp_collapse_alloc_failed 0
thp_split 5569
thp_zero_page_alloc 1
thp_zero_page_alloc_failed 0
thp_promote 4
thp_fault_alloc 5143
thp_fault_fallback 6590
thp_collapse_alloc 1043
thp_collapse_alloc_failed 0
thp_split 5569
thp_zero_page_alloc 1
thp_zero_page_alloc_failed 0
thp_promote 4
thp_fault_alloc 5148
thp_fault_fallback 6590
thp_collapse_alloc 1043
thp_collapse_alloc_failed 0
thp_split 5569
thp_zero_page_alloc 1
thp_zero_page_alloc_failed 0
thp_promote 4
thp_fault_alloc 5153
thp_fault_fallback 6590
thp_collapse_alloc 1043
thp_collapse_alloc_failed 0
thp_split 5569
thp_zero_page_alloc 1
thp_zero_page_alloc_failed 0
thp_promote 4
thp_fault_alloc 5159
thp_fault_fallback 6590
thp_collapse_alloc 1043
thp_collapse_alloc_failed 0
thp_split 5569
thp_zero_page_alloc 1
thp_zero_page_alloc_failed 0
thp_promote 4
thp_fault_alloc 5163
thp_fault_fallback 6590
thp_collapse_alloc 1595
thp_collapse_alloc_failed 0
thp_split 5569
thp_zero_page_alloc 1
thp_zero_page_alloc_failed 0
thp_promote 534
thp_fault_alloc 5168
thp_fault_fallback 6590
thp_collapse_alloc 1595
thp_collapse_alloc_failed 0
thp_split 5569
thp_zero_page_alloc 1
thp_zero_page_alloc_failed 0
thp_promote 534
thp_fault_alloc 5174
thp_fault_fallback 6590
thp_collapse_alloc 1595
thp_collapse_alloc_failed 0
thp_split 5569
thp_zero_page_alloc 1
thp_zero_page_alloc_failed 0
thp_promote 534
thp_fault_alloc 5179
thp_fault_fallback 6590
thp_collapse_alloc 1595
thp_collapse_alloc_failed 0
thp_split 5569
thp_zero_page_alloc 1
thp_zero_page_alloc_failed 0
thp_promote 534
thp_fault_alloc 5184
thp_fault_fallback 6590
thp_collapse_alloc 1595
thp_collapse_alloc_failed 0
thp_split 5569
thp_zero_page_alloc 1
thp_zero_page_alloc_failed 0
thp_promote 534
thp_fault_alloc 5190
thp_fault_fallback 6590
thp_collapse_alloc 1595
thp_collapse_alloc_failed 0
thp_split 5569
thp_zero_page_alloc 1
thp_zero_page_alloc_failed 0
thp_promote 534
thp_fault_alloc 5195
thp_fault_fallback 6590
thp_collapse_alloc 1595
thp_collapse_alloc_failed 0
thp_split 5569
thp_zero_page_alloc 1
thp_zero_page_alloc_failed 0
thp_promote 534
thp_fault_alloc 5201
thp_fault_fallback 6590
thp_collapse_alloc 1595
thp_collapse_alloc_failed 0
thp_split 5569
thp_zero_page_alloc 1
thp_zero_page_alloc_failed 0
thp_promote 534
thp_fault_alloc 5206
thp_fault_fallback 6590
thp_collapse_alloc 1595
thp_collapse_alloc_failed 0
thp_split 5569
thp_zero_page_alloc 1
thp_zero_page_alloc_failed 0
thp_promote 534
thp_fault_alloc 5211
thp_fault_fallback 6590
thp_collapse_alloc 1595
thp_collapse_alloc_failed 0
thp_split 5569
thp_zero_page_alloc 1
thp_zero_page_alloc_failed 0
thp_promote 2383
thp_fault_alloc 5215
thp_fault_fallback 6590
thp_collapse_alloc 2938
thp_collapse_alloc_failed 0
thp_split 5569
thp_zero_page_alloc 1
thp_zero_page_alloc_failed 0
thp_promote 2529
thp_fault_alloc 5221
thp_fault_fallback 6590
thp_collapse_alloc 3638
thp_collapse_alloc_failed 0
thp_split 5569
thp_zero_page_alloc 1
thp_zero_page_alloc_failed 0
thp_promote 2529
thp_fault_alloc 5226
thp_fault_fallback 6590
thp_collapse_alloc 3638
thp_collapse_alloc_failed 0
thp_split 5569
thp_zero_page_alloc 1
thp_zero_page_alloc_failed 0
thp_promote 2529
thp_fault_alloc 5231
thp_fault_fallback 6590
thp_collapse_alloc 3638
thp_collapse_alloc_failed 0
thp_split 5569
thp_zero_page_alloc 1
thp_zero_page_alloc_failed 0
thp_promote 2529
thp_fault_alloc 5237
thp_fault_fallback 6590
thp_collapse_alloc 3638
thp_collapse_alloc_failed 0
thp_split 5569
thp_zero_page_alloc 1
thp_zero_page_alloc_failed 0
thp_promote 2529
thp_fault_alloc 5242
thp_fault_fallback 6590
thp_collapse_alloc 3638
thp_collapse_alloc_failed 0
thp_split 5569
thp_zero_page_alloc 1
thp_zero_page_alloc_failed 0
thp_promote 2529
thp_fault_alloc 5247
thp_fault_fallback 6590
thp_collapse_alloc 3638
thp_collapse_alloc_failed 0
thp_split 5569
thp_zero_page_alloc 1
thp_zero_page_alloc_failed 0
thp_promote 2529
thp_fault_alloc 5253
thp_fault_fallback 6590
thp_collapse_alloc 3638
thp_collapse_alloc_failed 0
thp_split 5569
thp_zero_page_alloc 1
thp_zero_page_alloc_failed 0
thp_promote 2529
thp_fault_alloc 5258
thp_fault_fallback 6590
thp_collapse_alloc 3638
thp_collapse_alloc_failed 0
thp_split 5569
thp_zero_page_alloc 1
thp_zero_page_alloc_failed 0
thp_promote 2529
thp_fault_alloc 5263
thp_fault_fallback 6590
thp_collapse_alloc 3638
thp_collapse_alloc_failed 0
thp_split 5569
thp_zero_page_alloc 1
thp_zero_page_alloc_failed 0
thp_promote 2529
thp_fault_alloc 5269
thp_fault_fallback 6590
thp_collapse_alloc 3638
thp_collapse_alloc_failed 0
thp_split 5569
thp_zero_page_alloc 1
thp_zero_page_alloc_failed 0
thp_promote 2753
thp_fault_alloc 5277
thp_fault_fallback 6590
thp_collapse_alloc 4040
thp_collapse_alloc_failed 0
thp_split 5569
thp_zero_page_alloc 1
thp_zero_page_alloc_failed 0
thp_promote 3000
thp_fault_alloc 5287
thp_fault_fallback 6590
thp_collapse_alloc 4040
thp_collapse_alloc_failed 0
thp_split 5569
thp_zero_page_alloc 1
thp_zero_page_alloc_failed 0
thp_promote 3000
thp_fault_alloc 5296
thp_fault_fallback 6590
thp_collapse_alloc 4040
thp_collapse_alloc_failed 0
thp_split 5569
thp_zero_page_alloc 1
thp_zero_page_alloc_failed 0
thp_promote 3000
thp_fault_alloc 5305
thp_fault_fallback 6590
thp_collapse_alloc 4040
thp_collapse_alloc_failed 0
thp_split 5569
thp_zero_page_alloc 1
thp_zero_page_alloc_failed 0
thp_promote 3000
thp_fault_alloc 5314
thp_fault_fallback 6590
thp_collapse_alloc 4040
thp_collapse_alloc_failed 0
thp_split 5569
thp_zero_page_alloc 1
thp_zero_page_alloc_failed 0
thp_promote 3000
thp_fault_alloc 5324
thp_fault_fallback 6590
thp_collapse_alloc 4040
thp_collapse_alloc_failed 0
thp_split 5569
thp_zero_page_alloc 1
thp_zero_page_alloc_failed 0
thp_promote 3000
thp_fault_alloc 5333
thp_fault_fallback 6590
thp_collapse_alloc 4040
thp_collapse_alloc_failed 0
thp_split 5569
thp_zero_page_alloc 1
thp_zero_page_alloc_failed 0
thp_promote 3000
thp_fault_alloc 5346
thp_fault_fallback 6590
thp_collapse_alloc 4040
thp_collapse_alloc_failed 0
thp_split 5569
thp_zero_page_alloc 1
thp_zero_page_alloc_failed 0
thp_promote 3000
thp_fault_alloc 5355
thp_fault_fallback 6590
thp_collapse_alloc 4040
thp_collapse_alloc_failed 0
thp_split 5569
thp_zero_page_alloc 1
thp_zero_page_alloc_failed 0
thp_promote 3000
thp_fault_alloc 5366
thp_fault_fallback 6590
thp_collapse_alloc 4068
thp_collapse_alloc_failed 0
thp_split 5569
thp_zero_page_alloc 1
thp_zero_page_alloc_failed 0
thp_promote 3029
thp_fault_alloc 5375
thp_fault_fallback 6590
thp_collapse_alloc 4068
thp_collapse_alloc_failed 0
thp_split 5569
thp_zero_page_alloc 1
thp_zero_page_alloc_failed 0
thp_promote 3029
thp_fault_alloc 5384
thp_fault_fallback 6590
thp_collapse_alloc 4068
thp_collapse_alloc_failed 0
thp_split 5569
thp_zero_page_alloc 1
thp_zero_page_alloc_failed 0
thp_promote 3029
thp_fault_alloc 5393
thp_fault_fallback 6590
thp_collapse_alloc 4068
thp_collapse_alloc_failed 0
thp_split 5569
thp_zero_page_alloc 1
thp_zero_page_alloc_failed 0
thp_promote 3029
thp_fault_alloc 5410
thp_fault_fallback 6590
thp_collapse_alloc 4068
thp_collapse_alloc_failed 0
thp_split 5569
thp_zero_page_alloc 1
thp_zero_page_alloc_failed 0
thp_promote 3029
thp_fault_alloc 5419
thp_fault_fallback 6590
thp_collapse_alloc 4068
thp_collapse_alloc_failed 0
thp_split 5569
thp_zero_page_alloc 1
thp_zero_page_alloc_failed 0
thp_promote 3029
thp_fault_alloc 5428
thp_fault_fallback 6590
thp_collapse_alloc 4068
thp_collapse_alloc_failed 0
thp_split 5569
thp_zero_page_alloc 1
thp_zero_page_alloc_failed 0
thp_promote 3029
thp_fault_alloc 5437
thp_fault_fallback 6590
thp_collapse_alloc 4068
thp_collapse_alloc_failed 0
thp_split 5569
thp_zero_page_alloc 1
thp_zero_page_alloc_failed 0
thp_promote 3029
thp_fault_alloc 5446
thp_fault_fallback 6590
thp_collapse_alloc 4068
thp_collapse_alloc_failed 0
thp_split 5569
thp_zero_page_alloc 1
thp_zero_page_alloc_failed 0
thp_promote 3029
thp_fault_alloc 5455
thp_fault_fallback 6590
thp_collapse_alloc 4069
thp_collapse_alloc_failed 0
thp_split 5569
thp_zero_page_alloc 1
thp_zero_page_alloc_failed 0
thp_promote 5563
thp_fault_alloc 5464
thp_fault_fallback 6590
thp_collapse_alloc 4069
thp_collapse_alloc_failed 0
thp_split 5569
thp_zero_page_alloc 1
thp_zero_page_alloc_failed 0
thp_promote 5563
thp_fault_alloc 5473
thp_fault_fallback 6590
thp_collapse_alloc 4069
thp_collapse_alloc_failed 0
thp_split 5569
thp_zero_page_alloc 1
thp_zero_page_alloc_failed 0
thp_promote 5563
thp_fault_alloc 5483
thp_fault_fallback 6590
thp_collapse_alloc 4069
thp_collapse_alloc_failed 0
thp_split 5569
thp_zero_page_alloc 1
thp_zero_page_alloc_failed 0
thp_promote 5563
thp_fault_alloc 5491
thp_fault_fallback 6590
thp_collapse_alloc 4069
thp_collapse_alloc_failed 0
thp_split 5569
thp_zero_page_alloc 1
thp_zero_page_alloc_failed 0
thp_promote 5563
thp_fault_alloc 5500
thp_fault_fallback 6590
thp_collapse_alloc 4069
thp_collapse_alloc_failed 0
thp_split 5569
thp_zero_page_alloc 1
thp_zero_page_alloc_failed 0
thp_promote 5563
thp_fault_alloc 5510
thp_fault_fallback 6590
thp_collapse_alloc 4069
thp_collapse_alloc_failed 0
thp_split 5569
thp_zero_page_alloc 1
thp_zero_page_alloc_failed 0
thp_promote 5563
thp_fault_alloc 5519
thp_fault_fallback 6590
thp_collapse_alloc 4069
thp_collapse_alloc_failed 0
thp_split 5569
thp_zero_page_alloc 1
thp_zero_page_alloc_failed 0
thp_promote 5563
thp_fault_alloc 5527
thp_fault_fallback 6590
thp_collapse_alloc 4069
thp_collapse_alloc_failed 0
thp_split 5569
thp_zero_page_alloc 1
thp_zero_page_alloc_failed 0
thp_promote 5563
thp_fault_alloc 5536
thp_fault_fallback 6590
thp_collapse_alloc 4069
thp_collapse_alloc_failed 0
thp_split 5569
thp_zero_page_alloc 1
thp_zero_page_alloc_failed 0
thp_promote 5563
thp_fault_alloc 5549
thp_fault_fallback 6590
thp_collapse_alloc 4071
thp_collapse_alloc_failed 0
thp_split 5570
thp_zero_page_alloc 1
thp_zero_page_alloc_failed 0
thp_promote 5563
thp_fault_alloc 5560
thp_fault_fallback 6590
thp_collapse_alloc 4071
thp_collapse_alloc_failed 0
thp_split 5570
thp_zero_page_alloc 1
thp_zero_page_alloc_failed 0
thp_promote 5563
thp_fault_alloc 5571
thp_fault_fallback 6590
thp_collapse_alloc 4071
thp_collapse_alloc_failed 0
thp_split 5571
thp_zero_page_alloc 1
thp_zero_page_alloc_failed 0
thp_promote 5563
thp_fault_alloc 5584
thp_fault_fallback 6590
thp_collapse_alloc 4071
thp_collapse_alloc_failed 0
thp_split 5571
thp_zero_page_alloc 1
thp_zero_page_alloc_failed 0
thp_promote 5563
thp_fault_alloc 5596
thp_fault_fallback 6590
thp_collapse_alloc 4071
thp_collapse_alloc_failed 0
thp_split 5571
thp_zero_page_alloc 1
thp_zero_page_alloc_failed 0
thp_promote 5563
thp_fault_alloc 5606
thp_fault_fallback 6590
thp_collapse_alloc 4071
thp_collapse_alloc_failed 0
thp_split 5571
thp_zero_page_alloc 1
thp_zero_page_alloc_failed 0
thp_promote 5563
thp_fault_alloc 5619
thp_fault_fallback 6590
thp_collapse_alloc 4071
thp_collapse_alloc_failed 0
thp_split 5571
thp_zero_page_alloc 1
thp_zero_page_alloc_failed 0
thp_promote 5563
thp_fault_alloc 5632
thp_fault_fallback 6590
thp_collapse_alloc 4071
thp_collapse_alloc_failed 0
thp_split 5571
thp_zero_page_alloc 1
thp_zero_page_alloc_failed 0
thp_promote 5563
thp_fault_alloc 5643
thp_fault_fallback 6590
thp_collapse_alloc 4071
thp_collapse_alloc_failed 0
thp_split 5571
thp_zero_page_alloc 1
thp_zero_page_alloc_failed 0
thp_promote 5563
thp_fault_alloc 5655
thp_fault_fallback 6590
thp_collapse_alloc 4071
thp_collapse_alloc_failed 0
thp_split 5571
thp_zero_page_alloc 1
thp_zero_page_alloc_failed 0
thp_promote 5563
thp_fault_alloc 5667
thp_fault_fallback 6590
thp_collapse_alloc 4072
thp_collapse_alloc_failed 0
thp_split 5571
thp_zero_page_alloc 1
thp_zero_page_alloc_failed 0
thp_promote 5563
thp_fault_alloc 5680
thp_fault_fallback 6590
thp_collapse_alloc 4072
thp_collapse_alloc_failed 0
thp_split 5571
thp_zero_page_alloc 1
thp_zero_page_alloc_failed 0
thp_promote 5563
thp_fault_alloc 5692
thp_fault_fallback 6590
thp_collapse_alloc 4072
thp_collapse_alloc_failed 0
thp_split 5571
thp_zero_page_alloc 1
thp_zero_page_alloc_failed 0
thp_promote 5563
thp_fault_alloc 5704
thp_fault_fallback 6590
thp_collapse_alloc 4072
thp_collapse_alloc_failed 0
thp_split 5571
thp_zero_page_alloc 1
thp_zero_page_alloc_failed 0
thp_promote 5563
thp_fault_alloc 5716
thp_fault_fallback 6590
thp_collapse_alloc 4072
thp_collapse_alloc_failed 0
thp_split 5571
thp_zero_page_alloc 1
thp_zero_page_alloc_failed 0
thp_promote 5563
thp_fault_alloc 5728
thp_fault_fallback 6590
thp_collapse_alloc 4072
thp_collapse_alloc_failed 0
thp_split 5571
thp_zero_page_alloc 1
thp_zero_page_alloc_failed 0
thp_promote 5563
thp_fault_alloc 5739
thp_fault_fallback 6590
thp_collapse_alloc 4072
thp_collapse_alloc_failed 0
thp_split 5571
thp_zero_page_alloc 1
thp_zero_page_alloc_failed 0
thp_promote 5563
thp_fault_alloc 5749
thp_fault_fallback 6590
thp_collapse_alloc 4072
thp_collapse_alloc_failed 0
thp_split 5571
thp_zero_page_alloc 1
thp_zero_page_alloc_failed 0
thp_promote 5563
thp_fault_alloc 5760
thp_fault_fallback 6590
thp_collapse_alloc 4072
thp_collapse_alloc_failed 0
thp_split 5571
thp_zero_page_alloc 1
thp_zero_page_alloc_failed 0
thp_promote 5563
thp_fault_alloc 5773
thp_fault_fallback 6590
thp_collapse_alloc 4072
thp_collapse_alloc_failed 0
thp_split 5572
thp_zero_page_alloc 1
thp_zero_page_alloc_failed 0
thp_promote 5563
thp_fault_alloc 5784
thp_fault_fallback 6590
thp_collapse_alloc 4073
thp_collapse_alloc_failed 0
thp_split 5572
thp_zero_page_alloc 1
thp_zero_page_alloc_failed 0
thp_promote 5563
thp_fault_alloc 5796
thp_fault_fallback 6590
thp_collapse_alloc 4073
thp_collapse_alloc_failed 0
thp_split 5572
thp_zero_page_alloc 1
thp_zero_page_alloc_failed 0
thp_promote 5563
thp_fault_alloc 5808
thp_fault_fallback 6590
thp_collapse_alloc 4073
thp_collapse_alloc_failed 0
thp_split 5572
thp_zero_page_alloc 1
thp_zero_page_alloc_failed 0
thp_promote 5563
thp_fault_alloc 5820
thp_fault_fallback 6590
thp_collapse_alloc 4073
thp_collapse_alloc_failed 0
thp_split 5572
thp_zero_page_alloc 1
thp_zero_page_alloc_failed 0
thp_promote 5563
thp_fault_alloc 5831
thp_fault_fallback 6590
thp_collapse_alloc 4073
thp_collapse_alloc_failed 0
thp_split 5572
thp_zero_page_alloc 1
thp_zero_page_alloc_failed 0
thp_promote 5563
thp_fault_alloc 5842
thp_fault_fallback 6590
thp_collapse_alloc 4073
thp_collapse_alloc_failed 0
thp_split 5572
thp_zero_page_alloc 1
thp_zero_page_alloc_failed 0
thp_promote 5563
thp_fault_alloc 5852
thp_fault_fallback 6590
thp_collapse_alloc 4073
thp_collapse_alloc_failed 0
thp_split 5572
thp_zero_page_alloc 1
thp_zero_page_alloc_failed 0
thp_promote 5563
thp_fault_alloc 5864
thp_fault_fallback 6590
thp_collapse_alloc 4073
thp_collapse_alloc_failed 0
thp_split 5572
thp_zero_page_alloc 1
thp_zero_page_alloc_failed 0
thp_promote 5563
thp_fault_alloc 5874
thp_fault_fallback 6590
thp_collapse_alloc 4073
thp_collapse_alloc_failed 0
thp_split 5572
thp_zero_page_alloc 1
thp_zero_page_alloc_failed 0
thp_promote 5563
thp_fault_alloc 5885
thp_fault_fallback 6590
thp_collapse_alloc 4073
thp_collapse_alloc_failed 0
thp_split 5572
thp_zero_page_alloc 1
thp_zero_page_alloc_failed 0
thp_promote 5563
thp_fault_alloc 5894
thp_fault_fallback 6590
thp_collapse_alloc 4073
thp_collapse_alloc_failed 0
thp_split 5572
thp_zero_page_alloc 1
thp_zero_page_alloc_failed 0
thp_promote 5563
thp_fault_alloc 5912
thp_fault_fallback 6590
thp_collapse_alloc 4073
thp_collapse_alloc_failed 0
thp_split 5572
thp_zero_page_alloc 1
thp_zero_page_alloc_failed 0
thp_promote 5563
thp_fault_alloc 5924
thp_fault_fallback 6590
thp_collapse_alloc 4073
thp_collapse_alloc_failed 0
thp_split 5572
thp_zero_page_alloc 1
thp_zero_page_alloc_failed 0
thp_promote 5563
thp_fault_alloc 5936
thp_fault_fallback 6590
thp_collapse_alloc 4073
thp_collapse_alloc_failed 0
thp_split 5572
thp_zero_page_alloc 1
thp_zero_page_alloc_failed 0
thp_promote 5563
thp_fault_alloc 5947
thp_fault_fallback 6590
thp_collapse_alloc 4073
thp_collapse_alloc_failed 0
thp_split 5572
thp_zero_page_alloc 1
thp_zero_page_alloc_failed 0
thp_promote 5563
thp_fault_alloc 5956
thp_fault_fallback 6590
thp_collapse_alloc 4073
thp_collapse_alloc_failed 0
thp_split 5572
thp_zero_page_alloc 1
thp_zero_page_alloc_failed 0
thp_promote 5563
thp_fault_alloc 5968
thp_fault_fallback 6590
thp_collapse_alloc 4073
thp_collapse_alloc_failed 0
thp_split 5572
thp_zero_page_alloc 1
thp_zero_page_alloc_failed 0
thp_promote 5563
thp_fault_alloc 5981
thp_fault_fallback 6590
thp_collapse_alloc 4073
thp_collapse_alloc_failed 0
thp_split 5572
thp_zero_page_alloc 1
thp_zero_page_alloc_failed 0
thp_promote 5563
thp_fault_alloc 5993
thp_fault_fallback 6590
thp_collapse_alloc 4073
thp_collapse_alloc_failed 0
thp_split 5572
thp_zero_page_alloc 1
thp_zero_page_alloc_failed 0
thp_promote 5563
thp_fault_alloc 6007
thp_fault_fallback 6590
thp_collapse_alloc 4076
thp_collapse_alloc_failed 0
thp_split 5572
thp_zero_page_alloc 1
thp_zero_page_alloc_failed 0
thp_promote 5563
thp_fault_alloc 6020
thp_fault_fallback 6590
thp_collapse_alloc 4076
thp_collapse_alloc_failed 0
thp_split 5572
thp_zero_page_alloc 1
thp_zero_page_alloc_failed 0
thp_promote 5563
thp_fault_alloc 6036
thp_fault_fallback 6590
thp_collapse_alloc 4076
thp_collapse_alloc_failed 0
thp_split 5572
thp_zero_page_alloc 1
thp_zero_page_alloc_failed 0
thp_promote 5563
thp_fault_alloc 6051
thp_fault_fallback 6590
thp_collapse_alloc 4076
thp_collapse_alloc_failed 0
thp_split 5572
thp_zero_page_alloc 1
thp_zero_page_alloc_failed 0
thp_promote 5563
thp_fault_alloc 6064
thp_fault_fallback 6590
thp_collapse_alloc 4076
thp_collapse_alloc_failed 0
thp_split 5572
thp_zero_page_alloc 1
thp_zero_page_alloc_failed 0
thp_promote 5563
thp_fault_alloc 6079
thp_fault_fallback 6590
thp_collapse_alloc 4076
thp_collapse_alloc_failed 0
thp_split 5572
thp_zero_page_alloc 1
thp_zero_page_alloc_failed 0
thp_promote 5563
thp_fault_alloc 6095
thp_fault_fallback 6590
thp_collapse_alloc 4076
thp_collapse_alloc_failed 0
thp_split 5572
thp_zero_page_alloc 1
thp_zero_page_alloc_failed 0
thp_promote 5563
thp_fault_alloc 6108
thp_fault_fallback 6590
thp_collapse_alloc 4076
thp_collapse_alloc_failed 0
thp_split 5572
thp_zero_page_alloc 1
thp_zero_page_alloc_failed 0
thp_promote 5563
thp_fault_alloc 6117
thp_fault_fallback 6856
thp_collapse_alloc 4076
thp_collapse_alloc_failed 0
thp_split 5838
thp_zero_page_alloc 1
thp_zero_page_alloc_failed 0
thp_promote 5563
thp_fault_alloc 6126
thp_fault_fallback 7123
thp_collapse_alloc 4076
thp_collapse_alloc_failed 0
thp_split 6105
thp_zero_page_alloc 1
thp_zero_page_alloc_failed 0
thp_promote 5563
thp_fault_alloc 6136
thp_fault_fallback 7393
thp_collapse_alloc 4076
thp_collapse_alloc_failed 0
thp_split 6375
thp_zero_page_alloc 1
thp_zero_page_alloc_failed 0
thp_promote 5563
thp_fault_alloc 6146
thp_fault_fallback 7664
thp_collapse_alloc 4076
thp_collapse_alloc_failed 0
thp_split 6646
thp_zero_page_alloc 1
thp_zero_page_alloc_failed 0
thp_promote 5563
thp_fault_alloc 6154
thp_fault_fallback 7937
thp_collapse_alloc 4076
thp_collapse_alloc_failed 0
thp_split 6919
thp_zero_page_alloc 1
thp_zero_page_alloc_failed 0
thp_promote 5563
thp_fault_alloc 6163
thp_fault_fallback 8211
thp_collapse_alloc 4076
thp_collapse_alloc_failed 0
thp_split 7193
thp_zero_page_alloc 1
thp_zero_page_alloc_failed 0
thp_promote 5563
thp_fault_alloc 6173
thp_fault_fallback 8488
thp_collapse_alloc 4076
thp_collapse_alloc_failed 0
thp_split 7470
thp_zero_page_alloc 1
thp_zero_page_alloc_failed 0
thp_promote 5563
thp_fault_alloc 6181
thp_fault_fallback 8766
thp_collapse_alloc 4076
thp_collapse_alloc_failed 0
thp_split 7748
thp_zero_page_alloc 1
thp_zero_page_alloc_failed 0
thp_promote 5563
thp_fault_alloc 6190
thp_fault_fallback 9046
thp_collapse_alloc 4076
thp_collapse_alloc_failed 0
thp_split 8028
thp_zero_page_alloc 1
thp_zero_page_alloc_failed 0
thp_promote 5563
thp_fault_alloc 6201
thp_fault_fallback 9328
thp_collapse_alloc 4076
thp_collapse_alloc_failed 0
thp_split 8310
thp_zero_page_alloc 1
thp_zero_page_alloc_failed 0
thp_promote 5563
thp_fault_alloc 6210
thp_fault_fallback 9612
thp_collapse_alloc 4076
thp_collapse_alloc_failed 0
thp_split 8594
thp_zero_page_alloc 1
thp_zero_page_alloc_failed 0
thp_promote 5563
thp_fault_alloc 6222
thp_fault_fallback 9898
thp_collapse_alloc 4076
thp_collapse_alloc_failed 0
thp_split 8880
thp_zero_page_alloc 1
thp_zero_page_alloc_failed 0
thp_promote 5563
thp_fault_alloc 6236
thp_fault_fallback 10186
thp_collapse_alloc 4076
thp_collapse_alloc_failed 0
thp_split 9168
thp_zero_page_alloc 1
thp_zero_page_alloc_failed 0
thp_promote 5563
thp_fault_alloc 6250
thp_fault_fallback 10477
thp_collapse_alloc 4076
thp_collapse_alloc_failed 0
thp_split 9459
thp_zero_page_alloc 1
thp_zero_page_alloc_failed 0
thp_promote 5563
thp_fault_alloc 6258
thp_fault_fallback 10769
thp_collapse_alloc 4076
thp_collapse_alloc_failed 0
thp_split 9751
thp_zero_page_alloc 1
thp_zero_page_alloc_failed 0
thp_promote 5563
thp_fault_alloc 6270
thp_fault_fallback 12436
thp_collapse_alloc 4076
thp_collapse_alloc_failed 0
thp_split 11418
thp_zero_page_alloc 1
thp_zero_page_alloc_failed 0
thp_promote 5563
thp_fault_alloc 6280
thp_fault_fallback 12436
thp_collapse_alloc 4076
thp_collapse_alloc_failed 0
thp_split 11418
thp_zero_page_alloc 1
thp_zero_page_alloc_failed 0
thp_promote 5563
thp_fault_alloc 6290
thp_fault_fallback 12436
thp_collapse_alloc 4076
thp_collapse_alloc_failed 0
thp_split 11418
thp_zero_page_alloc 1
thp_zero_page_alloc_failed 0
thp_promote 5563
thp_fault_alloc 6311
thp_fault_fallback 12436
thp_collapse_alloc 4076
thp_collapse_alloc_failed 0
thp_split 11418
thp_zero_page_alloc 1
thp_zero_page_alloc_failed 0
thp_promote 5563
thp_fault_alloc 6321
thp_fault_fallback 12436
thp_collapse_alloc 4076
thp_collapse_alloc_failed 0
thp_split 11418
thp_zero_page_alloc 1
thp_zero_page_alloc_failed 0
thp_promote 5563
thp_fault_alloc 6330
thp_fault_fallback 12436
thp_collapse_alloc 4076
thp_collapse_alloc_failed 0
thp_split 11418
thp_zero_page_alloc 1
thp_zero_page_alloc_failed 0
thp_promote 5563
thp_fault_alloc 6341
thp_fault_fallback 12436
thp_collapse_alloc 4076
thp_collapse_alloc_failed 0
thp_split 11418
thp_zero_page_alloc 1
thp_zero_page_alloc_failed 0
thp_promote 5563
thp_fault_alloc 6353
thp_fault_fallback 12436
thp_collapse_alloc 4076
thp_collapse_alloc_failed 0
thp_split 11418
thp_zero_page_alloc 1
thp_zero_page_alloc_failed 0
thp_promote 5563
thp_fault_alloc 6374
thp_fault_fallback 12436
thp_collapse_alloc 4076
thp_collapse_alloc_failed 0
thp_split 11418
thp_zero_page_alloc 1
thp_zero_page_alloc_failed 0
thp_promote 5563
thp_fault_alloc 6386
thp_fault_fallback 12436
thp_collapse_alloc 4076
thp_collapse_alloc_failed 0
thp_split 11418
thp_zero_page_alloc 1
thp_zero_page_alloc_failed 0
thp_promote 5563
thp_fault_alloc 6397
thp_fault_fallback 12436
thp_collapse_alloc 4076
thp_collapse_alloc_failed 0
thp_split 11418
thp_zero_page_alloc 1
thp_zero_page_alloc_failed 0
thp_promote 5563
thp_fault_alloc 6410
thp_fault_fallback 12436
thp_collapse_alloc 4076
thp_collapse_alloc_failed 0
thp_split 11418
thp_zero_page_alloc 1
thp_zero_page_alloc_failed 0
thp_promote 5563
thp_fault_alloc 6420
thp_fault_fallback 12436
thp_collapse_alloc 4076
thp_collapse_alloc_failed 0
thp_split 11418
thp_zero_page_alloc 1
thp_zero_page_alloc_failed 0
thp_promote 5563
thp_fault_alloc 6431
thp_fault_fallback 12436
thp_collapse_alloc 4076
thp_collapse_alloc_failed 0
thp_split 11418
thp_zero_page_alloc 1
thp_zero_page_alloc_failed 0
thp_promote 5563
thp_fault_alloc 6452
thp_fault_fallback 12436
thp_collapse_alloc 4076
thp_collapse_alloc_failed 0
thp_split 11418
thp_zero_page_alloc 1
thp_zero_page_alloc_failed 0
thp_promote 5563
thp_fault_alloc 6466
thp_fault_fallback 12436
thp_collapse_alloc 4076
thp_collapse_alloc_failed 0
thp_split 11418
thp_zero_page_alloc 1
thp_zero_page_alloc_failed 0
thp_promote 5563
thp_fault_alloc 6479
thp_fault_fallback 12436
thp_collapse_alloc 4076
thp_collapse_alloc_failed 0
thp_split 11418
thp_zero_page_alloc 1
thp_zero_page_alloc_failed 0
thp_promote 5563
thp_fault_alloc 6493
thp_fault_fallback 12436
thp_collapse_alloc 4076
thp_collapse_alloc_failed 0
thp_split 11418
thp_zero_page_alloc 1
thp_zero_page_alloc_failed 0
thp_promote 5563
thp_fault_alloc 6507
thp_fault_fallback 12436
thp_collapse_alloc 4076
thp_collapse_alloc_failed 0
thp_split 11418
thp_zero_page_alloc 1
thp_zero_page_alloc_failed 0
thp_promote 5563
thp_fault_alloc 6547
thp_fault_fallback 12436
thp_collapse_alloc 4076
thp_collapse_alloc_failed 0
thp_split 11418
thp_zero_page_alloc 1
thp_zero_page_alloc_failed 0
thp_promote 5563
thp_fault_alloc 6572
thp_fault_fallback 12436
thp_collapse_alloc 4076
thp_collapse_alloc_failed 0
thp_split 11418
thp_zero_page_alloc 1
thp_zero_page_alloc_failed 0
thp_promote 5602
thp_fault_alloc 6585
thp_fault_fallback 12436
thp_collapse_alloc 4143
thp_collapse_alloc_failed 0
thp_split 11418
thp_zero_page_alloc 1
thp_zero_page_alloc_failed 0
thp_promote 5630
thp_fault_alloc 6597
thp_fault_fallback 12436
thp_collapse_alloc 4143
thp_collapse_alloc_failed 0
thp_split 11418
thp_zero_page_alloc 1
thp_zero_page_alloc_failed 0
thp_promote 5630
thp_fault_alloc 6611
thp_fault_fallback 12436
thp_collapse_alloc 4143
thp_collapse_alloc_failed 0
thp_split 11418
thp_zero_page_alloc 1
thp_zero_page_alloc_failed 0
thp_promote 5630
thp_fault_alloc 6625
thp_fault_fallback 12436
thp_collapse_alloc 4143
thp_collapse_alloc_failed 0
thp_split 11418
thp_zero_page_alloc 1
thp_zero_page_alloc_failed 0
thp_promote 5630
thp_fault_alloc 6637
thp_fault_fallback 12436
thp_collapse_alloc 4143
thp_collapse_alloc_failed 0
thp_split 11418
thp_zero_page_alloc 1
thp_zero_page_alloc_failed 0
thp_promote 5630
thp_fault_alloc 6650
thp_fault_fallback 12436
thp_collapse_alloc 4143
thp_collapse_alloc_failed 0
thp_split 11418
thp_zero_page_alloc 1
thp_zero_page_alloc_failed 0
thp_promote 5630
thp_fault_alloc 6664
thp_fault_fallback 12436
thp_collapse_alloc 4143
thp_collapse_alloc_failed 0
thp_split 11418
thp_zero_page_alloc 1
thp_zero_page_alloc_failed 0
thp_promote 5630
thp_fault_alloc 6688
thp_fault_fallback 12436
thp_collapse_alloc 4143
thp_collapse_alloc_failed 0
thp_split 11418
thp_zero_page_alloc 1
thp_zero_page_alloc_failed 0
thp_promote 5630
thp_fault_alloc 6701
thp_fault_fallback 12436
thp_collapse_alloc 4143
thp_collapse_alloc_failed 0
thp_split 11418
thp_zero_page_alloc 1
thp_zero_page_alloc_failed 0
thp_promote 5892
thp_fault_alloc 6710
thp_fault_fallback 12436
thp_collapse_alloc 5459
thp_collapse_alloc_failed 0
thp_split 11418
thp_zero_page_alloc 1
thp_zero_page_alloc_failed 0
thp_promote 7672
thp_fault_alloc 6722
thp_fault_fallback 12436
thp_collapse_alloc 6236
thp_collapse_alloc_failed 0
thp_split 11418
thp_zero_page_alloc 1
thp_zero_page_alloc_failed 0
thp_promote 7672
thp_fault_alloc 6736
thp_fault_fallback 12436
thp_collapse_alloc 6236
thp_collapse_alloc_failed 0
thp_split 11418
thp_zero_page_alloc 1
thp_zero_page_alloc_failed 0
thp_promote 7672
thp_fault_alloc 6750
thp_fault_fallback 12436
thp_collapse_alloc 6236
thp_collapse_alloc_failed 0
thp_split 11418
thp_zero_page_alloc 1
thp_zero_page_alloc_failed 0
thp_promote 7672
thp_fault_alloc 6763
thp_fault_fallback 12436
thp_collapse_alloc 6236
thp_collapse_alloc_failed 0
thp_split 11418
thp_zero_page_alloc 1
thp_zero_page_alloc_failed 0
thp_promote 7672
thp_fault_alloc 6776
thp_fault_fallback 12436
thp_collapse_alloc 6236
thp_collapse_alloc_failed 0
thp_split 11418
thp_zero_page_alloc 1
thp_zero_page_alloc_failed 0
thp_promote 7672
thp_fault_alloc 6789
thp_fault_fallback 12436
thp_collapse_alloc 6236
thp_collapse_alloc_failed 0
thp_split 11418
thp_zero_page_alloc 1
thp_zero_page_alloc_failed 0
thp_promote 7672
thp_fault_alloc 6802
thp_fault_fallback 12436
thp_collapse_alloc 6236
thp_collapse_alloc_failed 0
thp_split 11418
thp_zero_page_alloc 1
thp_zero_page_alloc_failed 0
thp_promote 7672
thp_fault_alloc 6816
thp_fault_fallback 12436
thp_collapse_alloc 6236
thp_collapse_alloc_failed 0
thp_split 11418
thp_zero_page_alloc 1
thp_zero_page_alloc_failed 0
thp_promote 7672
thp_fault_alloc 6838
thp_fault_fallback 12436
thp_collapse_alloc 6236
thp_collapse_alloc_failed 0
thp_split 11418
thp_zero_page_alloc 1
thp_zero_page_alloc_failed 0
thp_promote 7672
thp_fault_alloc 6850
thp_fault_fallback 12436
thp_collapse_alloc 6523
thp_collapse_alloc_failed 0
thp_split 11418
thp_zero_page_alloc 1
thp_zero_page_alloc_failed 0
thp_promote 8204
thp_fault_alloc 6861
thp_fault_fallback 12436
thp_collapse_alloc 6717
thp_collapse_alloc_failed 0
thp_split 11418
thp_zero_page_alloc 1
thp_zero_page_alloc_failed 0
thp_promote 8204
thp_fault_alloc 6875
thp_fault_fallback 12436
thp_collapse_alloc 6717
thp_collapse_alloc_failed 0
thp_split 11418
thp_zero_page_alloc 1
thp_zero_page_alloc_failed 0
thp_promote 8204
thp_fault_alloc 6890
thp_fault_fallback 12436
thp_collapse_alloc 6717
thp_collapse_alloc_failed 0
thp_split 11418
thp_zero_page_alloc 1
thp_zero_page_alloc_failed 0
thp_promote 8204
thp_fault_alloc 6903
thp_fault_fallback 12436
thp_collapse_alloc 6717
thp_collapse_alloc_failed 0
thp_split 11418
thp_zero_page_alloc 1
thp_zero_page_alloc_failed 0
thp_promote 8204
thp_fault_alloc 6917
thp_fault_fallback 12436
thp_collapse_alloc 6717
thp_collapse_alloc_failed 0
thp_split 11418
thp_zero_page_alloc 1
thp_zero_page_alloc_failed 0
thp_promote 8204
thp_fault_alloc 6931
thp_fault_fallback 12436
thp_collapse_alloc 6717
thp_collapse_alloc_failed 0
thp_split 11418
thp_zero_page_alloc 1
thp_zero_page_alloc_failed 0
thp_promote 8204
thp_fault_alloc 6946
thp_fault_fallback 12436
thp_collapse_alloc 6717
thp_collapse_alloc_failed 0
thp_split 11418
thp_zero_page_alloc 1
thp_zero_page_alloc_failed 0
thp_promote 8204
thp_fault_alloc 6961
thp_fault_fallback 12436
thp_collapse_alloc 6717
thp_collapse_alloc_failed 0
thp_split 11418
thp_zero_page_alloc 1
thp_zero_page_alloc_failed 0
thp_promote 8204
thp_fault_alloc 6999
thp_fault_fallback 12436
thp_collapse_alloc 6744
thp_collapse_alloc_failed 0
thp_split 11418
thp_zero_page_alloc 1
thp_zero_page_alloc_failed 0
thp_promote 8231
thp_fault_alloc 7011
thp_fault_fallback 12436
thp_collapse_alloc 6744
thp_collapse_alloc_failed 0
thp_split 11418
thp_zero_page_alloc 1
thp_zero_page_alloc_failed 0
thp_promote 8231
thp_fault_alloc 7024
thp_fault_fallback 12436
thp_collapse_alloc 6744
thp_collapse_alloc_failed 0
thp_split 11418
thp_zero_page_alloc 1
thp_zero_page_alloc_failed 0
thp_promote 8231
thp_fault_alloc 7038
thp_fault_fallback 12436
thp_collapse_alloc 6744
thp_collapse_alloc_failed 0
thp_split 11418
thp_zero_page_alloc 1
thp_zero_page_alloc_failed 0
thp_promote 8231
thp_fault_alloc 7050
thp_fault_fallback 12436
thp_collapse_alloc 6744
thp_collapse_alloc_failed 0
thp_split 11418
thp_zero_page_alloc 1
thp_zero_page_alloc_failed 0
thp_promote 8231
thp_fault_alloc 7062
thp_fault_fallback 12436
thp_collapse_alloc 6744
thp_collapse_alloc_failed 0
thp_split 11418
thp_zero_page_alloc 1
thp_zero_page_alloc_failed 0
thp_promote 8231
thp_fault_alloc 7076
thp_fault_fallback 12436
thp_collapse_alloc 6744
thp_collapse_alloc_failed 0
thp_split 11418
thp_zero_page_alloc 1
thp_zero_page_alloc_failed 0
thp_promote 8231
thp_fault_alloc 7087
thp_fault_fallback 12436
thp_collapse_alloc 6744
thp_collapse_alloc_failed 0
thp_split 11418
thp_zero_page_alloc 1
thp_zero_page_alloc_failed 0
thp_promote 8231
thp_fault_alloc 7100
thp_fault_fallback 12436
thp_collapse_alloc 6744
thp_collapse_alloc_failed 0
thp_split 11418
thp_zero_page_alloc 1
thp_zero_page_alloc_failed 0
thp_promote 8231
thp_fault_alloc 7111
thp_fault_fallback 12436
thp_collapse_alloc 6745
thp_collapse_alloc_failed 0
thp_split 11418
thp_zero_page_alloc 1
thp_zero_page_alloc_failed 0
thp_promote 11409
thp_fault_alloc 7133
thp_fault_fallback 12436
thp_collapse_alloc 6745
thp_collapse_alloc_failed 0
thp_split 11418
thp_zero_page_alloc 1
thp_zero_page_alloc_failed 0
thp_promote 11409
thp_fault_alloc 7148
thp_fault_fallback 12436
thp_collapse_alloc 6745
thp_collapse_alloc_failed 0
thp_split 11418
thp_zero_page_alloc 1
thp_zero_page_alloc_failed 0
thp_promote 11409
thp_fault_alloc 7163
thp_fault_fallback 12436
thp_collapse_alloc 6745
thp_collapse_alloc_failed 0
thp_split 11418
thp_zero_page_alloc 1
thp_zero_page_alloc_failed 0
thp_promote 11409
thp_fault_alloc 7176
thp_fault_fallback 12436
thp_collapse_alloc 6745
thp_collapse_alloc_failed 0
thp_split 11418
thp_zero_page_alloc 1
thp_zero_page_alloc_failed 0
thp_promote 11409
thp_fault_alloc 7190
thp_fault_fallback 12436
thp_collapse_alloc 6745
thp_collapse_alloc_failed 0
thp_split 11418
thp_zero_page_alloc 1
thp_zero_page_alloc_failed 0
thp_promote 11409
thp_fault_alloc 7203
thp_fault_fallback 12436
thp_collapse_alloc 6745
thp_collapse_alloc_failed 0
thp_split 11418
thp_zero_page_alloc 1
thp_zero_page_alloc_failed 0
thp_promote 11409
thp_fault_alloc 7217
thp_fault_fallback 12436
thp_collapse_alloc 6745
thp_collapse_alloc_failed 0
thp_split 11418
thp_zero_page_alloc 1
thp_zero_page_alloc_failed 0
thp_promote 11409
thp_fault_alloc 7232
thp_fault_fallback 12436
thp_collapse_alloc 6745
thp_collapse_alloc_failed 0
thp_split 11418
thp_zero_page_alloc 1
thp_zero_page_alloc_failed 0
thp_promote 11409
thp_fault_alloc 7244
thp_fault_fallback 12436
thp_collapse_alloc 6745
thp_collapse_alloc_failed 0
thp_split 11418
thp_zero_page_alloc 1
thp_zero_page_alloc_failed 0
thp_promote 11409
thp_fault_alloc 7256
thp_fault_fallback 12436
thp_collapse_alloc 6745
thp_collapse_alloc_failed 0
thp_split 11418
thp_zero_page_alloc 1
thp_zero_page_alloc_failed 0
thp_promote 11409
thp_fault_alloc 7270
thp_fault_fallback 12436
thp_collapse_alloc 6745
thp_collapse_alloc_failed 0
thp_split 11418
thp_zero_page_alloc 1
thp_zero_page_alloc_failed 0
thp_promote 11409
thp_fault_alloc 7285
thp_fault_fallback 12436
thp_collapse_alloc 6745
thp_collapse_alloc_failed 0
thp_split 11418
thp_zero_page_alloc 1
thp_zero_page_alloc_failed 0
thp_promote 11409
thp_fault_alloc 7298
thp_fault_fallback 12436
thp_collapse_alloc 6745
thp_collapse_alloc_failed 0
thp_split 11418
thp_zero_page_alloc 1
thp_zero_page_alloc_failed 0
thp_promote 11409
thp_fault_alloc 7311
thp_fault_fallback 12436
thp_collapse_alloc 6745
thp_collapse_alloc_failed 0
thp_split 11418
thp_zero_page_alloc 1
thp_zero_page_alloc_failed 0
thp_promote 11409
thp_fault_alloc 7324
thp_fault_fallback 12436
thp_collapse_alloc 6745
thp_collapse_alloc_failed 0
thp_split 11418
thp_zero_page_alloc 1
thp_zero_page_alloc_failed 0
thp_promote 11409
thp_fault_alloc 7339
thp_fault_fallback 12436
thp_collapse_alloc 6745
thp_collapse_alloc_failed 0
thp_split 11418
thp_zero_page_alloc 1
thp_zero_page_alloc_failed 0
thp_promote 11409
thp_fault_alloc 7353
thp_fault_fallback 12436
thp_collapse_alloc 6745
thp_collapse_alloc_failed 0
thp_split 11418
thp_zero_page_alloc 1
thp_zero_page_alloc_failed 0
thp_promote 11409
thp_fault_alloc 7366
thp_fault_fallback 12436
thp_collapse_alloc 6745
thp_collapse_alloc_failed 0
thp_split 11418
thp_zero_page_alloc 1
thp_zero_page_alloc_failed 0
thp_promote 11409
thp_fault_alloc 7379
thp_fault_fallback 12436
thp_collapse_alloc 6745
thp_collapse_alloc_failed 0
thp_split 11418
thp_zero_page_alloc 1
thp_zero_page_alloc_failed 0
thp_promote 11409
thp_fault_alloc 7393
thp_fault_fallback 12436
thp_collapse_alloc 6745
thp_collapse_alloc_failed 0
thp_split 11418
thp_zero_page_alloc 1
thp_zero_page_alloc_failed 0
thp_promote 11409
thp_fault_alloc 7405
thp_fault_fallback 12436
thp_collapse_alloc 6745
thp_collapse_alloc_failed 0
thp_split 11418
thp_zero_page_alloc 1
thp_zero_page_alloc_failed 0
thp_promote 11409
thp_fault_alloc 7419
thp_fault_fallback 12436
thp_collapse_alloc 6745
thp_collapse_alloc_failed 0
thp_split 11418
thp_zero_page_alloc 1
thp_zero_page_alloc_failed 0
thp_promote 11409
thp_fault_alloc 7433
thp_fault_fallback 12436
thp_collapse_alloc 6745
thp_collapse_alloc_failed 0
thp_split 11418
thp_zero_page_alloc 1
thp_zero_page_alloc_failed 0
thp_promote 11409
thp_fault_alloc 7447
thp_fault_fallback 12436
thp_collapse_alloc 6745
thp_collapse_alloc_failed 0
thp_split 11418
thp_zero_page_alloc 1
thp_zero_page_alloc_failed 0
thp_promote 11409
thp_fault_alloc 7460
thp_fault_fallback 12436
thp_collapse_alloc 6745
thp_collapse_alloc_failed 0
thp_split 11418
thp_zero_page_alloc 1
thp_zero_page_alloc_failed 0
thp_promote 11409
thp_fault_alloc 7464
thp_fault_fallback 12436
thp_collapse_alloc 6745
thp_collapse_alloc_failed 0
thp_split 11418
thp_zero_page_alloc 1
thp_zero_page_alloc_failed 0
thp_promote 11409
thp_fault_alloc 7478
thp_fault_fallback 12436
thp_collapse_alloc 6745
thp_collapse_alloc_failed 0
thp_split 11418
thp_zero_page_alloc 1
thp_zero_page_alloc_failed 0
thp_promote 11409
thp_fault_alloc 7482
thp_fault_fallback 12436
thp_collapse_alloc 6745
thp_collapse_alloc_failed 0
thp_split 11418
thp_zero_page_alloc 1
thp_zero_page_alloc_failed 0
thp_promote 11409
thp_fault_alloc 7495
thp_fault_fallback 12436
thp_collapse_alloc 6745
thp_collapse_alloc_failed 0
thp_split 11418
thp_zero_page_alloc 1
thp_zero_page_alloc_failed 0
thp_promote 11409
thp_fault_alloc 7499
thp_fault_fallback 12436
thp_collapse_alloc 6745
thp_collapse_alloc_failed 0
thp_split 11418
thp_zero_page_alloc 1
thp_zero_page_alloc_failed 0
thp_promote 11409
thp_fault_alloc 7512
thp_fault_fallback 12436
thp_collapse_alloc 6745
thp_collapse_alloc_failed 0
thp_split 11418
thp_zero_page_alloc 1
thp_zero_page_alloc_failed 0
thp_promote 11409
thp_fault_alloc 7516
thp_fault_fallback 12436
thp_collapse_alloc 6745
thp_collapse_alloc_failed 0
thp_split 11418
thp_zero_page_alloc 1
thp_zero_page_alloc_failed 0
thp_promote 11409
thp_fault_alloc 7530
thp_fault_fallback 12436
thp_collapse_alloc 6745
thp_collapse_alloc_failed 0
thp_split 11418
thp_zero_page_alloc 1
thp_zero_page_alloc_failed 0
thp_promote 11409
thp_fault_alloc 7534
thp_fault_fallback 12436
thp_collapse_alloc 6745
thp_collapse_alloc_failed 0
thp_split 11418
thp_zero_page_alloc 1
thp_zero_page_alloc_failed 0
thp_promote 11409
thp_fault_alloc 7548
thp_fault_fallback 12436
thp_collapse_alloc 6745
thp_collapse_alloc_failed 0
thp_split 11418
thp_zero_page_alloc 1
thp_zero_page_alloc_failed 0
thp_promote 11409
thp_fault_alloc 7552
thp_fault_fallback 12436
thp_collapse_alloc 6745
thp_collapse_alloc_failed 0
thp_split 11418
thp_zero_page_alloc 1
thp_zero_page_alloc_failed 0
thp_promote 11409
thp_fault_alloc 7564
thp_fault_fallback 12436
thp_collapse_alloc 6745
thp_collapse_alloc_failed 0
thp_split 11418
thp_zero_page_alloc 1
thp_zero_page_alloc_failed 0
thp_promote 11409
thp_fault_alloc 7568
thp_fault_fallback 12436
thp_collapse_alloc 6745
thp_collapse_alloc_failed 0
thp_split 11418
thp_zero_page_alloc 1
thp_zero_page_alloc_failed 0
thp_promote 11409
thp_fault_alloc 7582
thp_fault_fallback 12436
thp_collapse_alloc 6745
thp_collapse_alloc_failed 0
thp_split 11418
thp_zero_page_alloc 1
thp_zero_page_alloc_failed 0
thp_promote 11409
thp_fault_alloc 7586
thp_fault_fallback 12436
thp_collapse_alloc 6745
thp_collapse_alloc_failed 0
thp_split 11418
thp_zero_page_alloc 1
thp_zero_page_alloc_failed 0
thp_promote 11409
thp_fault_alloc 7599
thp_fault_fallback 12436
thp_collapse_alloc 6745
thp_collapse_alloc_failed 0
thp_split 11418
thp_zero_page_alloc 1
thp_zero_page_alloc_failed 0
thp_promote 11409
thp_fault_alloc 7603
thp_fault_fallback 12436
thp_collapse_alloc 6745
thp_collapse_alloc_failed 0
thp_split 11418
thp_zero_page_alloc 1
thp_zero_page_alloc_failed 0
thp_promote 11409
thp_fault_alloc 7617
thp_fault_fallback 12436
thp_collapse_alloc 6745
thp_collapse_alloc_failed 0
thp_split 11418
thp_zero_page_alloc 1
thp_zero_page_alloc_failed 0
thp_promote 11409
thp_fault_alloc 7621
thp_fault_fallback 12436
thp_collapse_alloc 6745
thp_collapse_alloc_failed 0
thp_split 11418
thp_zero_page_alloc 1
thp_zero_page_alloc_failed 0
thp_promote 11409
thp_fault_alloc 7635
thp_fault_fallback 12436
thp_collapse_alloc 6745
thp_collapse_alloc_failed 0
thp_split 11418
thp_zero_page_alloc 1
thp_zero_page_alloc_failed 0
thp_promote 11409
thp_fault_alloc 7639
thp_fault_fallback 12436
thp_collapse_alloc 6745
thp_collapse_alloc_failed 0
thp_split 11418
thp_zero_page_alloc 1
thp_zero_page_alloc_failed 0
thp_promote 11409
thp_fault_alloc 7653
thp_fault_fallback 12436
thp_collapse_alloc 6745
thp_collapse_alloc_failed 0
thp_split 11418
thp_zero_page_alloc 1
thp_zero_page_alloc_failed 0
thp_promote 11409
thp_fault_alloc 7657
thp_fault_fallback 12436
thp_collapse_alloc 6745
thp_collapse_alloc_failed 0
thp_split 11418
thp_zero_page_alloc 1
thp_zero_page_alloc_failed 0
thp_promote 11409
thp_fault_alloc 7670
thp_fault_fallback 12436
thp_collapse_alloc 6745
thp_collapse_alloc_failed 0
thp_split 11418
thp_zero_page_alloc 1
thp_zero_page_alloc_failed 0
thp_promote 11409
thp_fault_alloc 7683
thp_fault_fallback 12436
thp_collapse_alloc 6745
thp_collapse_alloc_failed 0
thp_split 11418
thp_zero_page_alloc 1
thp_zero_page_alloc_failed 0
thp_promote 11409
thp_fault_alloc 7697
thp_fault_fallback 12436
thp_collapse_alloc 6745
thp_collapse_alloc_failed 0
thp_split 11418
thp_zero_page_alloc 1
thp_zero_page_alloc_failed 0
thp_promote 11409
thp_fault_alloc 7709
thp_fault_fallback 12436
thp_collapse_alloc 6745
thp_collapse_alloc_failed 0
thp_split 11418
thp_zero_page_alloc 1
thp_zero_page_alloc_failed 0
thp_promote 11409
thp_fault_alloc 7722
thp_fault_fallback 12436
thp_collapse_alloc 6745
thp_collapse_alloc_failed 0
thp_split 11418
thp_zero_page_alloc 1
thp_zero_page_alloc_failed 0
thp_promote 11409
thp_fault_alloc 7734
thp_fault_fallback 12436
thp_collapse_alloc 6745
thp_collapse_alloc_failed 0
thp_split 11418
thp_zero_page_alloc 1
thp_zero_page_alloc_failed 0
thp_promote 11409
thp_fault_alloc 7748
thp_fault_fallback 12436
thp_collapse_alloc 6745
thp_collapse_alloc_failed 0
thp_split 11418
thp_zero_page_alloc 1
thp_zero_page_alloc_failed 0
thp_promote 11409
thp_fault_alloc 7760
thp_fault_fallback 12436
thp_collapse_alloc 6745
thp_collapse_alloc_failed 0
thp_split 11418
thp_zero_page_alloc 1
thp_zero_page_alloc_failed 0
thp_promote 11409
thp_fault_alloc 7772
thp_fault_fallback 12570
thp_collapse_alloc 6745
thp_collapse_alloc_failed 0
thp_split 11552
thp_zero_page_alloc 1
thp_zero_page_alloc_failed 0
thp_promote 11409
thp_fault_alloc 7782
thp_fault_fallback 12836
thp_collapse_alloc 6745
thp_collapse_alloc_failed 0
thp_split 11818
thp_zero_page_alloc 1
thp_zero_page_alloc_failed 0
thp_promote 11409
thp_fault_alloc 7792
thp_fault_fallback 13103
thp_collapse_alloc 6745
thp_collapse_alloc_failed 0
thp_split 12085
thp_zero_page_alloc 1
thp_zero_page_alloc_failed 0
thp_promote 11409
thp_fault_alloc 7803
thp_fault_fallback 13372
thp_collapse_alloc 6745
thp_collapse_alloc_failed 0
thp_split 12354
thp_zero_page_alloc 1
thp_zero_page_alloc_failed 0
thp_promote 11409
thp_fault_alloc 7812
thp_fault_fallback 13644
thp_collapse_alloc 6745
thp_collapse_alloc_failed 0
thp_split 12626
thp_zero_page_alloc 1
thp_zero_page_alloc_failed 0
thp_promote 11409
thp_fault_alloc 7820
thp_fault_fallback 13920
thp_collapse_alloc 6745
thp_collapse_alloc_failed 0
thp_split 12902
thp_zero_page_alloc 1
thp_zero_page_alloc_failed 0
thp_promote 11409
thp_fault_alloc 7829
thp_fault_fallback 14196
thp_collapse_alloc 6745
thp_collapse_alloc_failed 0
thp_split 13178
thp_zero_page_alloc 1
thp_zero_page_alloc_failed 0
thp_promote 11409
thp_fault_alloc 7840
thp_fault_fallback 14474
thp_collapse_alloc 6745
thp_collapse_alloc_failed 0
thp_split 13456
thp_zero_page_alloc 1
thp_zero_page_alloc_failed 0
thp_promote 11409
thp_fault_alloc 7861
thp_fault_fallback 14757
thp_collapse_alloc 6745
thp_collapse_alloc_failed 0
thp_split 13739
thp_zero_page_alloc 1
thp_zero_page_alloc_failed 0
thp_promote 11409
thp_fault_alloc 7871
thp_fault_fallback 15038
thp_collapse_alloc 6745
thp_collapse_alloc_failed 0
thp_split 14020
thp_zero_page_alloc 1
thp_zero_page_alloc_failed 0
thp_promote 11409
thp_fault_alloc 7882
thp_fault_fallback 15325
thp_collapse_alloc 6745
thp_collapse_alloc_failed 0
thp_split 14307
thp_zero_page_alloc 1
thp_zero_page_alloc_failed 0
thp_promote 11409
thp_fault_alloc 7891
thp_fault_fallback 15611
thp_collapse_alloc 6745
thp_collapse_alloc_failed 0
thp_split 14593
thp_zero_page_alloc 1
thp_zero_page_alloc_failed 0
thp_promote 11409
thp_fault_alloc 7900
thp_fault_fallback 15901
thp_collapse_alloc 6745
thp_collapse_alloc_failed 0
thp_split 14883
thp_zero_page_alloc 1
thp_zero_page_alloc_failed 0
thp_promote 11409
thp_fault_alloc 7909
thp_fault_fallback 16193
thp_collapse_alloc 6745
thp_collapse_alloc_failed 0
thp_split 15175
thp_zero_page_alloc 1
thp_zero_page_alloc_failed 0
thp_promote 11409
thp_fault_alloc 7919
thp_fault_fallback 16488
thp_collapse_alloc 6745
thp_collapse_alloc_failed 0
thp_split 15470
thp_zero_page_alloc 1
thp_zero_page_alloc_failed 0
thp_promote 11409
thp_fault_alloc 7929
thp_fault_fallback 16784
thp_collapse_alloc 6745
thp_collapse_alloc_failed 0
thp_split 15766
thp_zero_page_alloc 1
thp_zero_page_alloc_failed 0
thp_promote 11409
thp_fault_alloc 7950
thp_fault_fallback 17083
thp_collapse_alloc 6745
thp_collapse_alloc_failed 0
thp_split 16065
thp_zero_page_alloc 1
thp_zero_page_alloc_failed 0
thp_promote 11409
thp_fault_alloc 7960
thp_fault_fallback 17384
thp_collapse_alloc 6745
thp_collapse_alloc_failed 0
thp_split 16366
thp_zero_page_alloc 1
thp_zero_page_alloc_failed 0
thp_promote 11409
thp_fault_alloc 7970
thp_fault_fallback 17687
thp_collapse_alloc 6745
thp_collapse_alloc_failed 0
thp_split 16669
thp_zero_page_alloc 1
thp_zero_page_alloc_failed 0
thp_promote 11409
thp_fault_alloc 7980
thp_fault_fallback 17991
thp_collapse_alloc 6745
thp_collapse_alloc_failed 0
thp_split 16973
thp_zero_page_alloc 1
thp_zero_page_alloc_failed 0
thp_promote 11409
thp_fault_alloc 7990
thp_fault_fallback 18273
thp_collapse_alloc 6745
thp_collapse_alloc_failed 0
thp_split 17255
thp_zero_page_alloc 1
thp_zero_page_alloc_failed 0
thp_promote 11409
thp_fault_alloc 7999
thp_fault_fallback 18409
thp_collapse_alloc 6745
thp_collapse_alloc_failed 0
thp_split 17391
thp_zero_page_alloc 1
thp_zero_page_alloc_failed 0
thp_promote 11409
thp_fault_alloc 8020
thp_fault_fallback 18412
thp_collapse_alloc 6745
thp_collapse_alloc_failed 0
thp_split 17394
thp_zero_page_alloc 1
thp_zero_page_alloc_failed 0
thp_promote 11409
thp_fault_alloc 8031
thp_fault_fallback 18412
thp_collapse_alloc 6745
thp_collapse_alloc_failed 0
thp_split 17394
thp_zero_page_alloc 1
thp_zero_page_alloc_failed 0
thp_promote 11409
thp_fault_alloc 8042
thp_fault_fallback 18412
thp_collapse_alloc 6745
thp_collapse_alloc_failed 0
thp_split 17394
thp_zero_page_alloc 1
thp_zero_page_alloc_failed 0
thp_promote 11409
thp_fault_alloc 8052
thp_fault_fallback 18412
thp_collapse_alloc 6745
thp_collapse_alloc_failed 0
thp_split 17394
thp_zero_page_alloc 1
thp_zero_page_alloc_failed 0
thp_promote 11409
thp_fault_alloc 8064
thp_fault_fallback 18412
thp_collapse_alloc 6745
thp_collapse_alloc_failed 0
thp_split 17394
thp_zero_page_alloc 1
thp_zero_page_alloc_failed 0
thp_promote 11409
thp_fault_alloc 8085
thp_fault_fallback 18412
thp_collapse_alloc 6745
thp_collapse_alloc_failed 0
thp_split 17394
thp_zero_page_alloc 1
thp_zero_page_alloc_failed 0
thp_promote 11409
thp_fault_alloc 8096
thp_fault_fallback 18412
thp_collapse_alloc 6745
thp_collapse_alloc_failed 0
thp_split 17394
thp_zero_page_alloc 1
thp_zero_page_alloc_failed 0
thp_promote 11409
thp_fault_alloc 8106
thp_fault_fallback 18412
thp_collapse_alloc 6745
thp_collapse_alloc_failed 0
thp_split 17394
thp_zero_page_alloc 1
thp_zero_page_alloc_failed 0
thp_promote 11409
thp_fault_alloc 8118
thp_fault_fallback 18412
thp_collapse_alloc 6745
thp_collapse_alloc_failed 0
thp_split 17394
thp_zero_page_alloc 1
thp_zero_page_alloc_failed 0
thp_promote 11409
thp_fault_alloc 8131
thp_fault_fallback 18412
thp_collapse_alloc 6745
thp_collapse_alloc_failed 0
thp_split 17394
thp_zero_page_alloc 1
thp_zero_page_alloc_failed 0
thp_promote 11409
thp_fault_alloc 8151
thp_fault_fallback 18412
thp_collapse_alloc 6745
thp_collapse_alloc_failed 0
thp_split 17394
thp_zero_page_alloc 1
thp_zero_page_alloc_failed 0
thp_promote 11409
thp_fault_alloc 8161
thp_fault_fallback 18412
thp_collapse_alloc 6745
thp_collapse_alloc_failed 0
thp_split 17394
thp_zero_page_alloc 1
thp_zero_page_alloc_failed 0
thp_promote 11409
thp_fault_alloc 8174
thp_fault_fallback 18412
thp_collapse_alloc 6745
thp_collapse_alloc_failed 0
thp_split 17394
thp_zero_page_alloc 1
thp_zero_page_alloc_failed 0
thp_promote 11409
thp_fault_alloc 8186
thp_fault_fallback 18412
thp_collapse_alloc 6745
thp_collapse_alloc_failed 0
thp_split 17394
thp_zero_page_alloc 1
thp_zero_page_alloc_failed 0
thp_promote 11409
thp_fault_alloc 8198
thp_fault_fallback 18412
thp_collapse_alloc 6745
thp_collapse_alloc_failed 0
thp_split 17394
thp_zero_page_alloc 1
thp_zero_page_alloc_failed 0
thp_promote 11409
thp_fault_alloc 8210
thp_fault_fallback 18412
thp_collapse_alloc 6745
thp_collapse_alloc_failed 0
thp_split 17394
thp_zero_page_alloc 1
thp_zero_page_alloc_failed 0
thp_promote 11409
thp_fault_alloc 8225
thp_fault_fallback 18412
thp_collapse_alloc 6745
thp_collapse_alloc_failed 0
thp_split 17394
thp_zero_page_alloc 1
thp_zero_page_alloc_failed 0
thp_promote 11409
thp_fault_alloc 8246
thp_fault_fallback 18412
thp_collapse_alloc 6745
thp_collapse_alloc_failed 0
thp_split 17394
thp_zero_page_alloc 1
thp_zero_page_alloc_failed 0
thp_promote 11409
thp_fault_alloc 8259
thp_fault_fallback 18412
thp_collapse_alloc 6745
thp_collapse_alloc_failed 0
thp_split 17394
thp_zero_page_alloc 1
thp_zero_page_alloc_failed 0
thp_promote 11409
thp_fault_alloc 8272
thp_fault_fallback 18412
thp_collapse_alloc 6745
thp_collapse_alloc_failed 0
thp_split 17394
thp_zero_page_alloc 1
thp_zero_page_alloc_failed 0
thp_promote 11409
thp_fault_alloc 8287
thp_fault_fallback 18412
thp_collapse_alloc 6745
thp_collapse_alloc_failed 0
thp_split 17394
thp_zero_page_alloc 1
thp_zero_page_alloc_failed 0
thp_promote 11409
thp_fault_alloc 8297
thp_fault_fallback 18412
thp_collapse_alloc 6745
thp_collapse_alloc_failed 0
thp_split 17394
thp_zero_page_alloc 1
thp_zero_page_alloc_failed 0
thp_promote 11409
thp_fault_alloc 8310
thp_fault_fallback 18412
thp_collapse_alloc 6745
thp_collapse_alloc_failed 0
thp_split 17394
thp_zero_page_alloc 1
thp_zero_page_alloc_failed 0
thp_promote 11409
thp_fault_alloc 8322
thp_fault_fallback 18412
thp_collapse_alloc 6745
thp_collapse_alloc_failed 0
thp_split 17394
thp_zero_page_alloc 1
thp_zero_page_alloc_failed 0
thp_promote 11409
thp_fault_alloc 8336
thp_fault_fallback 18412
thp_collapse_alloc 7494
thp_collapse_alloc_failed 0
thp_split 17394
thp_zero_page_alloc 1
thp_zero_page_alloc_failed 0
thp_promote 12679
thp_fault_alloc 8356
thp_fault_fallback 18412
thp_collapse_alloc 8060
thp_collapse_alloc_failed 0
thp_split 17394
thp_zero_page_alloc 1
thp_zero_page_alloc_failed 0
thp_promote 12679
thp_fault_alloc 8370
thp_fault_fallback 18412
thp_collapse_alloc 8060
thp_collapse_alloc_failed 0
thp_split 17394
thp_zero_page_alloc 1
thp_zero_page_alloc_failed 0
thp_promote 12679
thp_fault_alloc 8383
thp_fault_fallback 18412
thp_collapse_alloc 8060
thp_collapse_alloc_failed 0
thp_split 17394
thp_zero_page_alloc 1
thp_zero_page_alloc_failed 0
thp_promote 12679
thp_fault_alloc 8396
thp_fault_fallback 18412
thp_collapse_alloc 8060
thp_collapse_alloc_failed 0
thp_split 17394
thp_zero_page_alloc 1
thp_zero_page_alloc_failed 0
thp_promote 12679
thp_fault_alloc 8410
thp_fault_fallback 18412
thp_collapse_alloc 8060
thp_collapse_alloc_failed 0
thp_split 17394
thp_zero_page_alloc 1
thp_zero_page_alloc_failed 0
thp_promote 12679
thp_fault_alloc 8423
thp_fault_fallback 18412
thp_collapse_alloc 8060
thp_collapse_alloc_failed 0
thp_split 17394
thp_zero_page_alloc 1
thp_zero_page_alloc_failed 0
thp_promote 12679
thp_fault_alloc 8436
thp_fault_fallback 18412
thp_collapse_alloc 8060
thp_collapse_alloc_failed 0
thp_split 17394
thp_zero_page_alloc 1
thp_zero_page_alloc_failed 0
thp_promote 12679
thp_fault_alloc 8448
thp_fault_fallback 18412
thp_collapse_alloc 8060
thp_collapse_alloc_failed 0
thp_split 17394
thp_zero_page_alloc 1
thp_zero_page_alloc_failed 0
thp_promote 12679
thp_fault_alloc 8460
thp_fault_fallback 18412
thp_collapse_alloc 8060
thp_collapse_alloc_failed 0
thp_split 17394
thp_zero_page_alloc 1
thp_zero_page_alloc_failed 0
thp_promote 12679
thp_fault_alloc 8480
thp_fault_fallback 18412
thp_collapse_alloc 8808
thp_collapse_alloc_failed 0
thp_split 17394
thp_zero_page_alloc 1
thp_zero_page_alloc_failed 0
thp_promote 14091
thp_fault_alloc 8492
thp_fault_fallback 18412
thp_collapse_alloc 9432
thp_collapse_alloc_failed 0
thp_split 17394
thp_zero_page_alloc 1
thp_zero_page_alloc_failed 0
thp_promote 14091
thp_fault_alloc 8505
thp_fault_fallback 18412
thp_collapse_alloc 9432
thp_collapse_alloc_failed 0
thp_split 17394
thp_zero_page_alloc 1
thp_zero_page_alloc_failed 0
thp_promote 14091
thp_fault_alloc 8518
thp_fault_fallback 18412
thp_collapse_alloc 9432
thp_collapse_alloc_failed 0
thp_split 17394
thp_zero_page_alloc 1
thp_zero_page_alloc_failed 0
thp_promote 14091
thp_fault_alloc 8533
thp_fault_fallback 18412
thp_collapse_alloc 9432
thp_collapse_alloc_failed 0
thp_split 17394
thp_zero_page_alloc 1
thp_zero_page_alloc_failed 0
thp_promote 14091
thp_fault_alloc 8545
thp_fault_fallback 18412
thp_collapse_alloc 9432
thp_collapse_alloc_failed 0
thp_split 17394
thp_zero_page_alloc 1
thp_zero_page_alloc_failed 0
thp_promote 14091
thp_fault_alloc 8555
thp_fault_fallback 18412
thp_collapse_alloc 9432
thp_collapse_alloc_failed 0
thp_split 17394
thp_zero_page_alloc 1
thp_zero_page_alloc_failed 0
thp_promote 14091
thp_fault_alloc 8569
thp_fault_fallback 18412
thp_collapse_alloc 9432
thp_collapse_alloc_failed 0
thp_split 17394
thp_zero_page_alloc 1
thp_zero_page_alloc_failed 0
thp_promote 14091
thp_fault_alloc 8582
thp_fault_fallback 18412
thp_collapse_alloc 9432
thp_collapse_alloc_failed 0
thp_split 17394
thp_zero_page_alloc 1
thp_zero_page_alloc_failed 0
thp_promote 14091
thp_fault_alloc 8595
thp_fault_fallback 18412
thp_collapse_alloc 9432
thp_collapse_alloc_failed 0
thp_split 17394
thp_zero_page_alloc 1
thp_zero_page_alloc_failed 0
thp_promote 14091
thp_fault_alloc 8608
thp_fault_fallback 18412
thp_collapse_alloc 9475
thp_collapse_alloc_failed 0
thp_split 17394
thp_zero_page_alloc 1
thp_zero_page_alloc_failed 0
thp_promote 14139
thp_fault_alloc 8621
thp_fault_fallback 18412
thp_collapse_alloc 9475
thp_collapse_alloc_failed 0
thp_split 17394
thp_zero_page_alloc 1
thp_zero_page_alloc_failed 0
thp_promote 14139
thp_fault_alloc 8643
thp_fault_fallback 18412
thp_collapse_alloc 9475
thp_collapse_alloc_failed 0
thp_split 17394
thp_zero_page_alloc 1
thp_zero_page_alloc_failed 0
thp_promote 14139
thp_fault_alloc 8654
thp_fault_fallback 18412
thp_collapse_alloc 9475
thp_collapse_alloc_failed 0
thp_split 17394
thp_zero_page_alloc 1
thp_zero_page_alloc_failed 0
thp_promote 14139
thp_fault_alloc 8667
thp_fault_fallback 18412
thp_collapse_alloc 9475
thp_collapse_alloc_failed 0
thp_split 17394
thp_zero_page_alloc 1
thp_zero_page_alloc_failed 0
thp_promote 14139
thp_fault_alloc 8680
thp_fault_fallback 18412
thp_collapse_alloc 9475
thp_collapse_alloc_failed 0
thp_split 17394
thp_zero_page_alloc 1
thp_zero_page_alloc_failed 0
thp_promote 14139
thp_fault_alloc 8692
thp_fault_fallback 18412
thp_collapse_alloc 9475
thp_collapse_alloc_failed 0
thp_split 17394
thp_zero_page_alloc 1
thp_zero_page_alloc_failed 0
thp_promote 14139
thp_fault_alloc 8705
thp_fault_fallback 18412
thp_collapse_alloc 9475
thp_collapse_alloc_failed 0
thp_split 17394
thp_zero_page_alloc 1
thp_zero_page_alloc_failed 0
thp_promote 14139
thp_fault_alloc 8716
thp_fault_fallback 18412
thp_collapse_alloc 9475
thp_collapse_alloc_failed 0
thp_split 17394
thp_zero_page_alloc 1
thp_zero_page_alloc_failed 0
thp_promote 14139
thp_fault_alloc 8731
thp_fault_fallback 18412
thp_collapse_alloc 9475
thp_collapse_alloc_failed 0
thp_split 17394
thp_zero_page_alloc 1
thp_zero_page_alloc_failed 0
thp_promote 14139
thp_fault_alloc 8743
thp_fault_fallback 18412
thp_collapse_alloc 9475
thp_collapse_alloc_failed 0
thp_split 17394
thp_zero_page_alloc 1
thp_zero_page_alloc_failed 0
thp_promote 17385
thp_fault_alloc 8756
thp_fault_fallback 18412
thp_collapse_alloc 9475
thp_collapse_alloc_failed 0
thp_split 17394
thp_zero_page_alloc 1
thp_zero_page_alloc_failed 0
thp_promote 17385
thp_fault_alloc 8767
thp_fault_fallback 18412
thp_collapse_alloc 9475
thp_collapse_alloc_failed 0
thp_split 17394
thp_zero_page_alloc 1
thp_zero_page_alloc_failed 0
thp_promote 17385
thp_fault_alloc 8781
thp_fault_fallback 18412
thp_collapse_alloc 9475
thp_collapse_alloc_failed 0
thp_split 17394
thp_zero_page_alloc 1
thp_zero_page_alloc_failed 0
thp_promote 17385
thp_fault_alloc 8794
thp_fault_fallback 18412
thp_collapse_alloc 9475
thp_collapse_alloc_failed 0
thp_split 17394
thp_zero_page_alloc 1
thp_zero_page_alloc_failed 0
thp_promote 17385
thp_fault_alloc 8805
thp_fault_fallback 18412
thp_collapse_alloc 9475
thp_collapse_alloc_failed 0
thp_split 17394
thp_zero_page_alloc 1
thp_zero_page_alloc_failed 0
thp_promote 17385
thp_fault_alloc 8817
thp_fault_fallback 18412
thp_collapse_alloc 9475
thp_collapse_alloc_failed 0
thp_split 17394
thp_zero_page_alloc 1
thp_zero_page_alloc_failed 0
thp_promote 17385
thp_fault_alloc 8830
thp_fault_fallback 18412
thp_collapse_alloc 9475
thp_collapse_alloc_failed 0
thp_split 17394
thp_zero_page_alloc 1
thp_zero_page_alloc_failed 0
thp_promote 17385
thp_fault_alloc 8842
thp_fault_fallback 18412
thp_collapse_alloc 9475
thp_collapse_alloc_failed 0
thp_split 17394
thp_zero_page_alloc 1
thp_zero_page_alloc_failed 0
thp_promote 17385
thp_fault_alloc 8854
thp_fault_fallback 18412
thp_collapse_alloc 9475
thp_collapse_alloc_failed 0
thp_split 17394
thp_zero_page_alloc 1
thp_zero_page_alloc_failed 0
thp_promote 17385
thp_fault_alloc 8867
thp_fault_fallback 18412
thp_collapse_alloc 9475
thp_collapse_alloc_failed 0
thp_split 17394
thp_zero_page_alloc 1
thp_zero_page_alloc_failed 0
thp_promote 17385
thp_fault_alloc 8879
thp_fault_fallback 18412
thp_collapse_alloc 9475
thp_collapse_alloc_failed 0
thp_split 17394
thp_zero_page_alloc 1
thp_zero_page_alloc_failed 0
thp_promote 17385
thp_fault_alloc 8891
thp_fault_fallback 18412
thp_collapse_alloc 9475
thp_collapse_alloc_failed 0
thp_split 17394
thp_zero_page_alloc 1
thp_zero_page_alloc_failed 0
thp_promote 17385
thp_fault_alloc 8906
thp_fault_fallback 18412
thp_collapse_alloc 9475
thp_collapse_alloc_failed 0
thp_split 17394
thp_zero_page_alloc 1
thp_zero_page_alloc_failed 0
thp_promote 17385
thp_fault_alloc 8919
thp_fault_fallback 18412
thp_collapse_alloc 9475
thp_collapse_alloc_failed 0
thp_split 17394
thp_zero_page_alloc 1
thp_zero_page_alloc_failed 0
thp_promote 17385
thp_fault_alloc 8932
thp_fault_fallback 18412
thp_collapse_alloc 9475
thp_collapse_alloc_failed 0
thp_split 17394
thp_zero_page_alloc 1
thp_zero_page_alloc_failed 0
thp_promote 17385
thp_fault_alloc 8948
thp_fault_fallback 18412
thp_collapse_alloc 9475
thp_collapse_alloc_failed 0
thp_split 17394
thp_zero_page_alloc 1
thp_zero_page_alloc_failed 0
thp_promote 17385
thp_fault_alloc 8960
thp_fault_fallback 18412
thp_collapse_alloc 9475
thp_collapse_alloc_failed 0
thp_split 17394
thp_zero_page_alloc 1
thp_zero_page_alloc_failed 0
thp_promote 17385
thp_fault_alloc 8974
thp_fault_fallback 18412
thp_collapse_alloc 9475
thp_collapse_alloc_failed 0
thp_split 17394
thp_zero_page_alloc 1
thp_zero_page_alloc_failed 0
thp_promote 17385
thp_fault_alloc 8987
thp_fault_fallback 18412
thp_collapse_alloc 9475
thp_collapse_alloc_failed 0
thp_split 17394
thp_zero_page_alloc 1
thp_zero_page_alloc_failed 0
thp_promote 17385
thp_fault_alloc 8999
thp_fault_fallback 18412
thp_collapse_alloc 9475
thp_collapse_alloc_failed 0
thp_split 17394
thp_zero_page_alloc 1
thp_zero_page_alloc_failed 0
thp_promote 17385
thp_fault_alloc 9012
thp_fault_fallback 18412
thp_collapse_alloc 9475
thp_collapse_alloc_failed 0
thp_split 17394
thp_zero_page_alloc 1
thp_zero_page_alloc_failed 0
thp_promote 17385
thp_fault_alloc 9025
thp_fault_fallback 18412
thp_collapse_alloc 9475
thp_collapse_alloc_failed 0
thp_split 17394
thp_zero_page_alloc 1
thp_zero_page_alloc_failed 0
thp_promote 17385
thp_fault_alloc 9037
thp_fault_fallback 18412
thp_collapse_alloc 9475
thp_collapse_alloc_failed 0
thp_split 17394
thp_zero_page_alloc 1
thp_zero_page_alloc_failed 0
thp_promote 17385
thp_fault_alloc 9050
thp_fault_fallback 18412
thp_collapse_alloc 9475
thp_collapse_alloc_failed 0
thp_split 17394
thp_zero_page_alloc 1
thp_zero_page_alloc_failed 0
thp_promote 17385
thp_fault_alloc 9062
thp_fault_fallback 18412
thp_collapse_alloc 9475
thp_collapse_alloc_failed 0
thp_split 17394
thp_zero_page_alloc 1
thp_zero_page_alloc_failed 0
thp_promote 17385
thp_fault_alloc 9075
thp_fault_fallback 18412
thp_collapse_alloc 9475
thp_collapse_alloc_failed 0
thp_split 17394
thp_zero_page_alloc 1
thp_zero_page_alloc_failed 0
thp_promote 17385
thp_fault_alloc 9090
thp_fault_fallback 18412
thp_collapse_alloc 9475
thp_collapse_alloc_failed 0
thp_split 17394
thp_zero_page_alloc 1
thp_zero_page_alloc_failed 0
thp_promote 17385
thp_fault_alloc 9102
thp_fault_fallback 18412
thp_collapse_alloc 9475
thp_collapse_alloc_failed 0
thp_split 17394
thp_zero_page_alloc 1
thp_zero_page_alloc_failed 0
thp_promote 17385
thp_fault_alloc 9116
thp_fault_fallback 18412
thp_collapse_alloc 9475
thp_collapse_alloc_failed 0
thp_split 17394
thp_zero_page_alloc 1
thp_zero_page_alloc_failed 0
thp_promote 17385
thp_fault_alloc 9130
thp_fault_fallback 18412
thp_collapse_alloc 9475
thp_collapse_alloc_failed 0
thp_split 17394
thp_zero_page_alloc 1
thp_zero_page_alloc_failed 0
thp_promote 17385
thp_fault_alloc 9144
thp_fault_fallback 18412
thp_collapse_alloc 9475
thp_collapse_alloc_failed 0
thp_split 17394
thp_zero_page_alloc 1
thp_zero_page_alloc_failed 0
thp_promote 17385
thp_fault_alloc 9156
thp_fault_fallback 18412
thp_collapse_alloc 9475
thp_collapse_alloc_failed 0
thp_split 17394
thp_zero_page_alloc 1
thp_zero_page_alloc_failed 0
thp_promote 17385
thp_fault_alloc 9167
thp_fault_fallback 18412
thp_collapse_alloc 9475
thp_collapse_alloc_failed 0
thp_split 17394
thp_zero_page_alloc 1
thp_zero_page_alloc_failed 0
thp_promote 17385
thp_fault_alloc 9181
thp_fault_fallback 18412
thp_collapse_alloc 9475
thp_collapse_alloc_failed 0
thp_split 17394
thp_zero_page_alloc 1
thp_zero_page_alloc_failed 0
thp_promote 17385
thp_fault_alloc 9193
thp_fault_fallback 18412
thp_collapse_alloc 9475
thp_collapse_alloc_failed 0
thp_split 17394
thp_zero_page_alloc 1
thp_zero_page_alloc_failed 0
thp_promote 17385
thp_fault_alloc 9206
thp_fault_fallback 18412
thp_collapse_alloc 9475
thp_collapse_alloc_failed 0
thp_split 17394
thp_zero_page_alloc 1
thp_zero_page_alloc_failed 0
thp_promote 17385
thp_fault_alloc 9220
thp_fault_fallback 18412
thp_collapse_alloc 9475
thp_collapse_alloc_failed 0
thp_split 17394
thp_zero_page_alloc 1
thp_zero_page_alloc_failed 0
thp_promote 17385
thp_fault_alloc 9232
thp_fault_fallback 18412
thp_collapse_alloc 9475
thp_collapse_alloc_failed 0
thp_split 17394
thp_zero_page_alloc 1
thp_zero_page_alloc_failed 0
thp_promote 17385
thp_fault_alloc 9255
thp_fault_fallback 18412
thp_collapse_alloc 9475
thp_collapse_alloc_failed 0
thp_split 17394
thp_zero_page_alloc 1
thp_zero_page_alloc_failed 0
thp_promote 17385
thp_fault_alloc 9268
thp_fault_fallback 18412
thp_collapse_alloc 9475
thp_collapse_alloc_failed 0
thp_split 17394
thp_zero_page_alloc 1
thp_zero_page_alloc_failed 0
thp_promote 17385
thp_fault_alloc 9282
thp_fault_fallback 18412
thp_collapse_alloc 9475
thp_collapse_alloc_failed 0
thp_split 17394
thp_zero_page_alloc 1
thp_zero_page_alloc_failed 0
thp_promote 17385
thp_fault_alloc 9292
thp_fault_fallback 18412
thp_collapse_alloc 9475
thp_collapse_alloc_failed 0
thp_split 17394
thp_zero_page_alloc 1
thp_zero_page_alloc_failed 0
thp_promote 17385
thp_fault_alloc 9305
thp_fault_fallback 18412
thp_collapse_alloc 9475
thp_collapse_alloc_failed 0
thp_split 17394
thp_zero_page_alloc 1
thp_zero_page_alloc_failed 0
thp_promote 17385
thp_fault_alloc 9317
thp_fault_fallback 18412
thp_collapse_alloc 9475
thp_collapse_alloc_failed 0
thp_split 17394
thp_zero_page_alloc 1
thp_zero_page_alloc_failed 0
thp_promote 17385
thp_fault_alloc 9329
thp_fault_fallback 18412
thp_collapse_alloc 9475
thp_collapse_alloc_failed 0
thp_split 17394
thp_zero_page_alloc 1
thp_zero_page_alloc_failed 0
thp_promote 17385
thp_fault_alloc 9341
thp_fault_fallback 18412
thp_collapse_alloc 9475
thp_collapse_alloc_failed 0
thp_split 17394
thp_zero_page_alloc 1
thp_zero_page_alloc_failed 0
thp_promote 17385
thp_fault_alloc 9353
thp_fault_fallback 18412
thp_collapse_alloc 9475
thp_collapse_alloc_failed 0
thp_split 17394
thp_zero_page_alloc 1
thp_zero_page_alloc_failed 0
thp_promote 17385
thp_fault_alloc 9365
thp_fault_fallback 18412
thp_collapse_alloc 9475
thp_collapse_alloc_failed 0
thp_split 17394
thp_zero_page_alloc 1
thp_zero_page_alloc_failed 0
thp_promote 17385
thp_fault_alloc 9378
thp_fault_fallback 18412
thp_collapse_alloc 9475
thp_collapse_alloc_failed 0
thp_split 17394
thp_zero_page_alloc 1
thp_zero_page_alloc_failed 0
thp_promote 17385
thp_fault_alloc 9390
thp_fault_fallback 18412
thp_collapse_alloc 9475
thp_collapse_alloc_failed 0
thp_split 17394
thp_zero_page_alloc 1
thp_zero_page_alloc_failed 0
thp_promote 17385
thp_fault_alloc 9403
thp_fault_fallback 18412
thp_collapse_alloc 9475
thp_collapse_alloc_failed 0
thp_split 17394
thp_zero_page_alloc 1
thp_zero_page_alloc_failed 0
thp_promote 17385
thp_fault_alloc 9414
thp_fault_fallback 18412
thp_collapse_alloc 9475
thp_collapse_alloc_failed 0
thp_split 17394
thp_zero_page_alloc 1
thp_zero_page_alloc_failed 0
thp_promote 17385
thp_fault_alloc 9425
thp_fault_fallback 18412
thp_collapse_alloc 9475
thp_collapse_alloc_failed 0
thp_split 17394
thp_zero_page_alloc 1
thp_zero_page_alloc_failed 0
thp_promote 17385
thp_fault_alloc 9437
thp_fault_fallback 18412
thp_collapse_alloc 9475
thp_collapse_alloc_failed 0
thp_split 17394
thp_zero_page_alloc 1
thp_zero_page_alloc_failed 0
thp_promote 17385
thp_fault_alloc 9449
thp_fault_fallback 18412
thp_collapse_alloc 9475
thp_collapse_alloc_failed 0
thp_split 17394
thp_zero_page_alloc 1
thp_zero_page_alloc_failed 0
thp_promote 17385
thp_fault_alloc 9461
thp_fault_fallback 18412
thp_collapse_alloc 9475
thp_collapse_alloc_failed 0
thp_split 17394
thp_zero_page_alloc 1
thp_zero_page_alloc_failed 0
thp_promote 17385
thp_fault_alloc 9474
thp_fault_fallback 18412
thp_collapse_alloc 9475
thp_collapse_alloc_failed 0
thp_split 17394
thp_zero_page_alloc 1
thp_zero_page_alloc_failed 0
thp_promote 17385
thp_fault_alloc 9488
thp_fault_fallback 18412
thp_collapse_alloc 9475
thp_collapse_alloc_failed 0
thp_split 17394
thp_zero_page_alloc 1
thp_zero_page_alloc_failed 0
thp_promote 17385
thp_fault_alloc 9500
thp_fault_fallback 18473
thp_collapse_alloc 9475
thp_collapse_alloc_failed 0
thp_split 17455
thp_zero_page_alloc 1
thp_zero_page_alloc_failed 0
thp_promote 17385
thp_fault_alloc 9511
thp_fault_fallback 18741
thp_collapse_alloc 9475
thp_collapse_alloc_failed 0
thp_split 17723
thp_zero_page_alloc 1
thp_zero_page_alloc_failed 0
thp_promote 17385
thp_fault_alloc 9520
thp_fault_fallback 19010
thp_collapse_alloc 9475
thp_collapse_alloc_failed 0
thp_split 17992
thp_zero_page_alloc 1
thp_zero_page_alloc_failed 0
thp_promote 17385
thp_fault_alloc 9530
thp_fault_fallback 19284
thp_collapse_alloc 9475
thp_collapse_alloc_failed 0
thp_split 18266
thp_zero_page_alloc 1
thp_zero_page_alloc_failed 0
thp_promote 17385
thp_fault_alloc 9540
thp_fault_fallback 19555
thp_collapse_alloc 9475
thp_collapse_alloc_failed 0
thp_split 18537
thp_zero_page_alloc 1
thp_zero_page_alloc_failed 0
thp_promote 17385
thp_fault_alloc 9549
thp_fault_fallback 19831
thp_collapse_alloc 9475
thp_collapse_alloc_failed 0
thp_split 18813
thp_zero_page_alloc 1
thp_zero_page_alloc_failed 0
thp_promote 17385
thp_fault_alloc 9558
thp_fault_fallback 20108
thp_collapse_alloc 9475
thp_collapse_alloc_failed 0
thp_split 19090
thp_zero_page_alloc 1
thp_zero_page_alloc_failed 0
thp_promote 17385
thp_fault_alloc 9568
thp_fault_fallback 20387
thp_collapse_alloc 9475
thp_collapse_alloc_failed 0
thp_split 19369
thp_zero_page_alloc 1
thp_zero_page_alloc_failed 0
thp_promote 17385
thp_fault_alloc 9577
thp_fault_fallback 20670
thp_collapse_alloc 9475
thp_collapse_alloc_failed 0
thp_split 19652
thp_zero_page_alloc 1
thp_zero_page_alloc_failed 0
thp_promote 17385
thp_fault_alloc 9586
thp_fault_fallback 20953
thp_collapse_alloc 9475
thp_collapse_alloc_failed 0
thp_split 19935
thp_zero_page_alloc 1
thp_zero_page_alloc_failed 0
thp_promote 17385
thp_fault_alloc 9594
thp_fault_fallback 21241
thp_collapse_alloc 9475
thp_collapse_alloc_failed 0
thp_split 20223
thp_zero_page_alloc 1
thp_zero_page_alloc_failed 0
thp_promote 17385
thp_fault_alloc 9604
thp_fault_fallback 21536
thp_collapse_alloc 9475
thp_collapse_alloc_failed 0
thp_split 20518
thp_zero_page_alloc 1
thp_zero_page_alloc_failed 0
thp_promote 17385
thp_fault_alloc 9622
thp_fault_fallback 21828
thp_collapse_alloc 9475
thp_collapse_alloc_failed 0
thp_split 20810
thp_zero_page_alloc 1
thp_zero_page_alloc_failed 0
thp_promote 17385
thp_fault_alloc 9631
thp_fault_fallback 22120
thp_collapse_alloc 9475
thp_collapse_alloc_failed 0
thp_split 21102
thp_zero_page_alloc 1
thp_zero_page_alloc_failed 0
thp_promote 17385
thp_fault_alloc 9640
thp_fault_fallback 22418
thp_collapse_alloc 9475
thp_collapse_alloc_failed 0
thp_split 21400
thp_zero_page_alloc 1
thp_zero_page_alloc_failed 0
thp_promote 17385
thp_fault_alloc 9650
thp_fault_fallback 22717
thp_collapse_alloc 9475
thp_collapse_alloc_failed 0
thp_split 21699
thp_zero_page_alloc 1
thp_zero_page_alloc_failed 0
thp_promote 17385
thp_fault_alloc 9661
thp_fault_fallback 23017
thp_collapse_alloc 9475
thp_collapse_alloc_failed 0
thp_split 21999
thp_zero_page_alloc 1
thp_zero_page_alloc_failed 0
thp_promote 17385
thp_fault_alloc 9669
thp_fault_fallback 23321
thp_collapse_alloc 9475
thp_collapse_alloc_failed 0
thp_split 22303
thp_zero_page_alloc 1
thp_zero_page_alloc_failed 0
thp_promote 17385
thp_fault_alloc 9679
thp_fault_fallback 23627
thp_collapse_alloc 9475
thp_collapse_alloc_failed 0
thp_split 22609
thp_zero_page_alloc 1
thp_zero_page_alloc_failed 0
thp_promote 17385
thp_fault_alloc 9698
thp_fault_fallback 23934
thp_collapse_alloc 9475
thp_collapse_alloc_failed 0
thp_split 22916
thp_zero_page_alloc 1
thp_zero_page_alloc_failed 0
thp_promote 17385
thp_fault_alloc 9706
thp_fault_fallback 24216
thp_collapse_alloc 9475
thp_collapse_alloc_failed 0
thp_split 23198
thp_zero_page_alloc 1
thp_zero_page_alloc_failed 0
thp_promote 17385
thp_fault_alloc 9717
thp_fault_fallback 24410
thp_collapse_alloc 9475
thp_collapse_alloc_failed 0
thp_split 23392
thp_zero_page_alloc 1
thp_zero_page_alloc_failed 0
thp_promote 17385
thp_fault_alloc 9727
thp_fault_fallback 24456
thp_collapse_alloc 9475
thp_collapse_alloc_failed 0
thp_split 23438
thp_zero_page_alloc 1
thp_zero_page_alloc_failed 0
thp_promote 17385
thp_fault_alloc 9749
thp_fault_fallback 24457
thp_collapse_alloc 9475
thp_collapse_alloc_failed 0
thp_split 23439
thp_zero_page_alloc 1
thp_zero_page_alloc_failed 0
thp_promote 17385
thp_fault_alloc 9760
thp_fault_fallback 24457
thp_collapse_alloc 9475
thp_collapse_alloc_failed 0
thp_split 23439
thp_zero_page_alloc 1
thp_zero_page_alloc_failed 0
thp_promote 17385
thp_fault_alloc 9772
thp_fault_fallback 24457
thp_collapse_alloc 9475
thp_collapse_alloc_failed 0
thp_split 23439
thp_zero_page_alloc 1
thp_zero_page_alloc_failed 0
thp_promote 17385
thp_fault_alloc 9781
thp_fault_fallback 24457
thp_collapse_alloc 9475
thp_collapse_alloc_failed 0
thp_split 23439
thp_zero_page_alloc 1
thp_zero_page_alloc_failed 0
thp_promote 17385
thp_fault_alloc 9794
thp_fault_fallback 24457
thp_collapse_alloc 9475
thp_collapse_alloc_failed 0
thp_split 23439
thp_zero_page_alloc 1
thp_zero_page_alloc_failed 0
thp_promote 17385
thp_fault_alloc 9815
thp_fault_fallback 24457
thp_collapse_alloc 9475
thp_collapse_alloc_failed 0
thp_split 23439
thp_zero_page_alloc 1
thp_zero_page_alloc_failed 0
thp_promote 17385
thp_fault_alloc 9824
thp_fault_fallback 24457
thp_collapse_alloc 9475
thp_collapse_alloc_failed 0
thp_split 23439
thp_zero_page_alloc 1
thp_zero_page_alloc_failed 0
thp_promote 17385
thp_fault_alloc 9838
thp_fault_fallback 24457
thp_collapse_alloc 9475
thp_collapse_alloc_failed 0
thp_split 23439
thp_zero_page_alloc 1
thp_zero_page_alloc_failed 0
thp_promote 17385
thp_fault_alloc 9850
thp_fault_fallback 24457
thp_collapse_alloc 9475
thp_collapse_alloc_failed 0
thp_split 23439
thp_zero_page_alloc 1
thp_zero_page_alloc_failed 0
thp_promote 17385
thp_fault_alloc 9862
thp_fault_fallback 24457
thp_collapse_alloc 9475
thp_collapse_alloc_failed 0
thp_split 23439
thp_zero_page_alloc 1
thp_zero_page_alloc_failed 0
thp_promote 17385
thp_fault_alloc 9883
thp_fault_fallback 24457
thp_collapse_alloc 9475
thp_collapse_alloc_failed 0
thp_split 23439
thp_zero_page_alloc 1
thp_zero_page_alloc_failed 0
thp_promote 17385
thp_fault_alloc 9896
thp_fault_fallback 24457
thp_collapse_alloc 9475
thp_collapse_alloc_failed 0
thp_split 23439
thp_zero_page_alloc 1
thp_zero_page_alloc_failed 0
thp_promote 17385
thp_fault_alloc 9908
thp_fault_fallback 24457
thp_collapse_alloc 9475
thp_collapse_alloc_failed 0
thp_split 23439
thp_zero_page_alloc 1
thp_zero_page_alloc_failed 0
thp_promote 17385
thp_fault_alloc 9921
thp_fault_fallback 24457
thp_collapse_alloc 9475
thp_collapse_alloc_failed 0
thp_split 23439
thp_zero_page_alloc 1
thp_zero_page_alloc_failed 0
thp_promote 17385
thp_fault_alloc 9932
thp_fault_fallback 24457
thp_collapse_alloc 9475
thp_collapse_alloc_failed 0
thp_split 23439
thp_zero_page_alloc 1
thp_zero_page_alloc_failed 0
thp_promote 17385
thp_fault_alloc 9944
thp_fault_fallback 24457
thp_collapse_alloc 9475
thp_collapse_alloc_failed 0
thp_split 23439
thp_zero_page_alloc 1
thp_zero_page_alloc_failed 0
thp_promote 17385
thp_fault_alloc 9955
thp_fault_fallback 24457
thp_collapse_alloc 9475
thp_collapse_alloc_failed 0
thp_split 23439
thp_zero_page_alloc 1
thp_zero_page_alloc_failed 0
thp_promote 17385
thp_fault_alloc 9968
thp_fault_fallback 24457
thp_collapse_alloc 9475
thp_collapse_alloc_failed 0
thp_split 23439
thp_zero_page_alloc 1
thp_zero_page_alloc_failed 0
thp_promote 17385
thp_fault_alloc 9989
thp_fault_fallback 24457
thp_collapse_alloc 9475
thp_collapse_alloc_failed 0
thp_split 23439
thp_zero_page_alloc 1
thp_zero_page_alloc_failed 0
thp_promote 17385
thp_fault_alloc 10003
thp_fault_fallback 24457
thp_collapse_alloc 9475
thp_collapse_alloc_failed 0
thp_split 23439
thp_zero_page_alloc 1
thp_zero_page_alloc_failed 0
thp_promote 17385
thp_fault_alloc 10016
thp_fault_fallback 24457
thp_collapse_alloc 9475
thp_collapse_alloc_failed 0
thp_split 23439
thp_zero_page_alloc 1
thp_zero_page_alloc_failed 0
thp_promote 17385
thp_fault_alloc 10028
thp_fault_fallback 24457
thp_collapse_alloc 10218
thp_collapse_alloc_failed 0
thp_split 23439
thp_zero_page_alloc 1
thp_zero_page_alloc_failed 0
thp_promote 18097
thp_fault_alloc 10041
thp_fault_fallback 24457
thp_collapse_alloc 10218
thp_collapse_alloc_failed 0
thp_split 23439
thp_zero_page_alloc 1
thp_zero_page_alloc_failed 0
thp_promote 18097
thp_fault_alloc 10054
thp_fault_fallback 24457
thp_collapse_alloc 10218
thp_collapse_alloc_failed 0
thp_split 23439
thp_zero_page_alloc 1
thp_zero_page_alloc_failed 0
thp_promote 18097
thp_fault_alloc 10064
thp_fault_fallback 24457
thp_collapse_alloc 10218
thp_collapse_alloc_failed 0
thp_split 23439
thp_zero_page_alloc 1
thp_zero_page_alloc_failed 0
thp_promote 18097
thp_fault_alloc 10077
thp_fault_fallback 24457
thp_collapse_alloc 10218
thp_collapse_alloc_failed 0
thp_split 23439
thp_zero_page_alloc 1
thp_zero_page_alloc_failed 0
thp_promote 18097
thp_fault_alloc 10086
thp_fault_fallback 24457
thp_collapse_alloc 10218
thp_collapse_alloc_failed 0
thp_split 23439
thp_zero_page_alloc 1
thp_zero_page_alloc_failed 0
thp_promote 18097
thp_fault_alloc 10096
thp_fault_fallback 24457
thp_collapse_alloc 10218
thp_collapse_alloc_failed 0
thp_split 23439
thp_zero_page_alloc 1
thp_zero_page_alloc_failed 0
thp_promote 18097
thp_fault_alloc 10117
thp_fault_fallback 24457
thp_collapse_alloc 10218
thp_collapse_alloc_failed 0
thp_split 23439
thp_zero_page_alloc 1
thp_zero_page_alloc_failed 0
thp_promote 18097
thp_fault_alloc 10125
thp_fault_fallback 24457
thp_collapse_alloc 10218
thp_collapse_alloc_failed 0
thp_split 23439
thp_zero_page_alloc 1
thp_zero_page_alloc_failed 0
thp_promote 18097
thp_fault_alloc 10134
thp_fault_fallback 24457
thp_collapse_alloc 10218
thp_collapse_alloc_failed 0
thp_split 23439
thp_zero_page_alloc 1
thp_zero_page_alloc_failed 0
thp_promote 18097
thp_fault_alloc 10142
thp_fault_fallback 24457
thp_collapse_alloc 11513
thp_collapse_alloc_failed 0
thp_split 23439
thp_zero_page_alloc 1
thp_zero_page_alloc_failed 0
thp_promote 19520
thp_fault_alloc 10151
thp_fault_fallback 24457
thp_collapse_alloc 11610
thp_collapse_alloc_failed 0
thp_split 23439
thp_zero_page_alloc 1
thp_zero_page_alloc_failed 0
thp_promote 19520
thp_fault_alloc 10161
thp_fault_fallback 24457
thp_collapse_alloc 11610
thp_collapse_alloc_failed 0
thp_split 23439
thp_zero_page_alloc 1
thp_zero_page_alloc_failed 0
thp_promote 19520
thp_fault_alloc 10170
thp_fault_fallback 24457
thp_collapse_alloc 11610
thp_collapse_alloc_failed 0
thp_split 23439
thp_zero_page_alloc 1
thp_zero_page_alloc_failed 0
thp_promote 19520
thp_fault_alloc 10181
thp_fault_fallback 24457
thp_collapse_alloc 11610
thp_collapse_alloc_failed 0
thp_split 23439
thp_zero_page_alloc 1
thp_zero_page_alloc_failed 0
thp_promote 19520
thp_fault_alloc 10191
thp_fault_fallback 24457
thp_collapse_alloc 11610
thp_collapse_alloc_failed 0
thp_split 23439
thp_zero_page_alloc 1
thp_zero_page_alloc_failed 0
thp_promote 19520
thp_fault_alloc 10200
thp_fault_fallback 24457
thp_collapse_alloc 11610
thp_collapse_alloc_failed 0
thp_split 23439
thp_zero_page_alloc 1
thp_zero_page_alloc_failed 0
thp_promote 19520
thp_fault_alloc 10210
thp_fault_fallback 24457
thp_collapse_alloc 11610
thp_collapse_alloc_failed 0
thp_split 23439
thp_zero_page_alloc 1
thp_zero_page_alloc_failed 0
thp_promote 19520
thp_fault_alloc 10219
thp_fault_fallback 24457
thp_collapse_alloc 11610
thp_collapse_alloc_failed 0
thp_split 23439
thp_zero_page_alloc 1
thp_zero_page_alloc_failed 0
thp_promote 19520
thp_fault_alloc 10237
thp_fault_fallback 24457
thp_collapse_alloc 11610
thp_collapse_alloc_failed 0
thp_split 23439
thp_zero_page_alloc 1
thp_zero_page_alloc_failed 0
thp_promote 19520
thp_fault_alloc 10248
thp_fault_fallback 24457
thp_collapse_alloc 11610
thp_collapse_alloc_failed 0
thp_split 23439
thp_zero_page_alloc 1
thp_zero_page_alloc_failed 0
thp_promote 19520
thp_fault_alloc 10259
thp_fault_fallback 24457
thp_collapse_alloc 11610
thp_collapse_alloc_failed 0
thp_split 23439
thp_zero_page_alloc 1
thp_zero_page_alloc_failed 0
thp_promote 19520
thp_fault_alloc 10267
thp_fault_fallback 24457
thp_collapse_alloc 11610
thp_collapse_alloc_failed 0
thp_split 23439
thp_zero_page_alloc 1
thp_zero_page_alloc_failed 0
thp_promote 19520
thp_fault_alloc 10277
thp_fault_fallback 24457
thp_collapse_alloc 11610
thp_collapse_alloc_failed 0
thp_split 23439
thp_zero_page_alloc 1
thp_zero_page_alloc_failed 0
thp_promote 19520
thp_fault_alloc 10286
thp_fault_fallback 24457
thp_collapse_alloc 11610
thp_collapse_alloc_failed 0
thp_split 23439
thp_zero_page_alloc 1
thp_zero_page_alloc_failed 0
thp_promote 19520
thp_fault_alloc 10295
thp_fault_fallback 24457
thp_collapse_alloc 11610
thp_collapse_alloc_failed 0
thp_split 23439
thp_zero_page_alloc 1
thp_zero_page_alloc_failed 0
thp_promote 19520
thp_fault_alloc 10305
thp_fault_fallback 24457
thp_collapse_alloc 11610
thp_collapse_alloc_failed 0
thp_split 23439
thp_zero_page_alloc 1
thp_zero_page_alloc_failed 0
thp_promote 19520
thp_fault_alloc 10315
thp_fault_fallback 24457
thp_collapse_alloc 11610
thp_collapse_alloc_failed 0
thp_split 23439
thp_zero_page_alloc 1
thp_zero_page_alloc_failed 0
thp_promote 19520
thp_fault_alloc 10324
thp_fault_fallback 24457
thp_collapse_alloc 11610
thp_collapse_alloc_failed 0
thp_split 23439
thp_zero_page_alloc 1
thp_zero_page_alloc_failed 0
thp_promote 19520
thp_fault_alloc 10332
thp_fault_fallback 24457
thp_collapse_alloc 11610
thp_collapse_alloc_failed 0
thp_split 23439
thp_zero_page_alloc 1
thp_zero_page_alloc_failed 0
thp_promote 19520
thp_fault_alloc 10353
thp_fault_fallback 24457
thp_collapse_alloc 11610
thp_collapse_alloc_failed 0
thp_split 23439
thp_zero_page_alloc 1
thp_zero_page_alloc_failed 0
thp_promote 19520
thp_fault_alloc 10363
thp_fault_fallback 24457
thp_collapse_alloc 11610
thp_collapse_alloc_failed 0
thp_split 23439
thp_zero_page_alloc 1
thp_zero_page_alloc_failed 0
thp_promote 19520
thp_fault_alloc 10374
thp_fault_fallback 24457
thp_collapse_alloc 11610
thp_collapse_alloc_failed 0
thp_split 23439
thp_zero_page_alloc 1
thp_zero_page_alloc_failed 0
thp_promote 19520
thp_fault_alloc 10382
thp_fault_fallback 24457
thp_collapse_alloc 11610
thp_collapse_alloc_failed 0
thp_split 23439
thp_zero_page_alloc 1
thp_zero_page_alloc_failed 0
thp_promote 19520
thp_fault_alloc 10393
thp_fault_fallback 24457
thp_collapse_alloc 11610
thp_collapse_alloc_failed 0
thp_split 23439
thp_zero_page_alloc 1
thp_zero_page_alloc_failed 0
thp_promote 19520
thp_fault_alloc 10404
thp_fault_fallback 24457
thp_collapse_alloc 11610
thp_collapse_alloc_failed 0
thp_split 23439
thp_zero_page_alloc 1
thp_zero_page_alloc_failed 0
thp_promote 19520
thp_fault_alloc 10423
thp_fault_fallback 24457
thp_collapse_alloc 11610
thp_collapse_alloc_failed 0
thp_split 23439
thp_zero_page_alloc 1
thp_zero_page_alloc_failed 0
thp_promote 19520
thp_fault_alloc 10432
thp_fault_fallback 24457
thp_collapse_alloc 11610
thp_collapse_alloc_failed 0
thp_split 23439
thp_zero_page_alloc 1
thp_zero_page_alloc_failed 0
thp_promote 22307
thp_fault_alloc 10456
thp_fault_fallback 24457
thp_collapse_alloc 11610
thp_collapse_alloc_failed 0
thp_split 23439
thp_zero_page_alloc 1
thp_zero_page_alloc_failed 0
thp_promote 22307
thp_fault_alloc 10487
thp_fault_fallback 24457
thp_collapse_alloc 11610
thp_collapse_alloc_failed 0
thp_split 23439
thp_zero_page_alloc 1
thp_zero_page_alloc_failed 0
thp_promote 22307
thp_fault_alloc 10520
thp_fault_fallback 24457
thp_collapse_alloc 11610
thp_collapse_alloc_failed 0
thp_split 23439
thp_zero_page_alloc 1
thp_zero_page_alloc_failed 0
thp_promote 22307
thp_fault_alloc 10585
thp_fault_fallback 24457
thp_collapse_alloc 11610
thp_collapse_alloc_failed 0
thp_split 23439
thp_zero_page_alloc 1
thp_zero_page_alloc_failed 0
thp_promote 22307
thp_fault_alloc 10594
thp_fault_fallback 24457
thp_collapse_alloc 11610
thp_collapse_alloc_failed 0
thp_split 23439
thp_zero_page_alloc 1
thp_zero_page_alloc_failed 0
thp_promote 22307
thp_fault_alloc 10602
thp_fault_fallback 24457
thp_collapse_alloc 11610
thp_collapse_alloc_failed 0
thp_split 23439
thp_zero_page_alloc 1
thp_zero_page_alloc_failed 0
thp_promote 22307
thp_fault_alloc 10637
thp_fault_fallback 24457
thp_collapse_alloc 11610
thp_collapse_alloc_failed 0
thp_split 23439
thp_zero_page_alloc 1
thp_zero_page_alloc_failed 0
thp_promote 22307
thp_fault_alloc 10737
thp_fault_fallback 24457
thp_collapse_alloc 11610
thp_collapse_alloc_failed 0
thp_split 23439
thp_zero_page_alloc 1
thp_zero_page_alloc_failed 0
thp_promote 22307
thp_fault_alloc 10746
thp_fault_fallback 24457
thp_collapse_alloc 11610
thp_collapse_alloc_failed 0
thp_split 23439
thp_zero_page_alloc 1
thp_zero_page_alloc_failed 0
thp_promote 22307
thp_fault_alloc 10755
thp_fault_fallback 24457
thp_collapse_alloc 11610
thp_collapse_alloc_failed 0
thp_split 23439
thp_zero_page_alloc 1
thp_zero_page_alloc_failed 0
thp_promote 23430
thp_fault_alloc 10764
thp_fault_fallback 24457
thp_collapse_alloc 11610
thp_collapse_alloc_failed 0
thp_split 23439
thp_zero_page_alloc 1
thp_zero_page_alloc_failed 0
thp_promote 23430
thp_fault_alloc 10774
thp_fault_fallback 24457
thp_collapse_alloc 11610
thp_collapse_alloc_failed 0
thp_split 23439
thp_zero_page_alloc 1
thp_zero_page_alloc_failed 0
thp_promote 23430
thp_fault_alloc 10783
thp_fault_fallback 24457
thp_collapse_alloc 11610
thp_collapse_alloc_failed 0
thp_split 23439
thp_zero_page_alloc 1
thp_zero_page_alloc_failed 0
thp_promote 23430
thp_fault_alloc 10903
thp_fault_fallback 24457
thp_collapse_alloc 11610
thp_collapse_alloc_failed 0
thp_split 23439
thp_zero_page_alloc 1
thp_zero_page_alloc_failed 0
thp_promote 23430
thp_fault_alloc 11033
thp_fault_fallback 24457
thp_collapse_alloc 11610
thp_collapse_alloc_failed 0
thp_split 23439
thp_zero_page_alloc 1
thp_zero_page_alloc_failed 0
thp_promote 23430
thp_fault_alloc 11042
thp_fault_fallback 24457
thp_collapse_alloc 11610
thp_collapse_alloc_failed 0
thp_split 23439
thp_zero_page_alloc 1
thp_zero_page_alloc_failed 0
thp_promote 23430
thp_fault_alloc 11052
thp_fault_fallback 24457
thp_collapse_alloc 11610
thp_collapse_alloc_failed 0
thp_split 23439
thp_zero_page_alloc 1
thp_zero_page_alloc_failed 0
thp_promote 23430
thp_fault_alloc 11072
thp_fault_fallback 24457
thp_collapse_alloc 11610
thp_collapse_alloc_failed 0
thp_split 23439
thp_zero_page_alloc 1
thp_zero_page_alloc_failed 0
thp_promote 23430
thp_fault_alloc 11081
thp_fault_fallback 24457
thp_collapse_alloc 11610
thp_collapse_alloc_failed 0
thp_split 23439
thp_zero_page_alloc 1
thp_zero_page_alloc_failed 0
thp_promote 23430
thp_fault_alloc 11090
thp_fault_fallback 24457
thp_collapse_alloc 11610
thp_collapse_alloc_failed 0
thp_split 23439
thp_zero_page_alloc 1
thp_zero_page_alloc_failed 0
thp_promote 23430
thp_fault_alloc 11100
thp_fault_fallback 24457
thp_collapse_alloc 11610
thp_collapse_alloc_failed 0
thp_split 23439
thp_zero_page_alloc 1
thp_zero_page_alloc_failed 0
thp_promote 23430
thp_fault_alloc 11109
thp_fault_fallback 24457
thp_collapse_alloc 11610
thp_collapse_alloc_failed 0
thp_split 23439
thp_zero_page_alloc 1
thp_zero_page_alloc_failed 0
thp_promote 23430
thp_fault_alloc 11117
thp_fault_fallback 24457
thp_collapse_alloc 11610
thp_collapse_alloc_failed 0
thp_split 23439
thp_zero_page_alloc 1
thp_zero_page_alloc_failed 0
thp_promote 23430
thp_fault_alloc 11127
thp_fault_fallback 24457
thp_collapse_alloc 11610
thp_collapse_alloc_failed 0
thp_split 23439
thp_zero_page_alloc 1
thp_zero_page_alloc_failed 0
thp_promote 23430
thp_fault_alloc 11138
thp_fault_fallback 24457
thp_collapse_alloc 11610
thp_collapse_alloc_failed 0
thp_split 23439
thp_zero_page_alloc 1
thp_zero_page_alloc_failed 0
thp_promote 23430
thp_fault_alloc 11147
thp_fault_fallback 24457
thp_collapse_alloc 11610
thp_collapse_alloc_failed 0
thp_split 23439
thp_zero_page_alloc 1
thp_zero_page_alloc_failed 0
thp_promote 23430
thp_fault_alloc 11156
thp_fault_fallback 24457
thp_collapse_alloc 11610
thp_collapse_alloc_failed 0
thp_split 23439
thp_zero_page_alloc 1
thp_zero_page_alloc_failed 0
thp_promote 23430
thp_fault_alloc 11166
thp_fault_fallback 24457
thp_collapse_alloc 11610
thp_collapse_alloc_failed 0
thp_split 23439
thp_zero_page_alloc 1
thp_zero_page_alloc_failed 0
thp_promote 23430
thp_fault_alloc 11633
thp_fault_fallback 24457
thp_collapse_alloc 11610
thp_collapse_alloc_failed 0
thp_split 23439
thp_zero_page_alloc 1
thp_zero_page_alloc_failed 0
thp_promote 23430
thp_fault_alloc 11642
thp_fault_fallback 24457
thp_collapse_alloc 11610
thp_collapse_alloc_failed 0
thp_split 23440
thp_zero_page_alloc 1
thp_zero_page_alloc_failed 0
thp_promote 23430
