1038
1038
1038
1038
1038
1038
1038
1038
1038
1038
1038
1038
1038
1038
1038
1038
1038
1038
1038
1038
1038
1038
1038
1040
1040
1040
1040
1040
1040
1040
1040
1040
1589
2984
3751
3751
3751
3751
3751
3751
3751
3751
3751
3901
5325
6676
6820
6820
6820
6820
6820
6820
6820
6820
6820
7088
7088
7088
7088
7088
7088
7088
7088
7088
7107
7107
7107
7107
7107
7107
7107
7107
7107
7107
8032
9552
9637
9637
9637
9637
9637
9637
9637
9637
9637
9638
9638
9638
9638
9638
9638
9638
9638
9638
9638
9639
9639
9639
9639
9639
9639
9639
9639
9639
9639
9640
9640
9640
9640
9640
9640
9640
9640
9640
9640
9640
9640
9640
9640
9640
9640
9640
9640
9640
9640
9640
9640
9640
9640
9640
9640
9640
9640
9640
9640
9640
9640
9640
9640
9640
9640
9640
9641
9641
9641
9641
9641
9641
9641
9641
9641
9870
10115
10115
10115
10115
10115
10115
10115
10115
10115
11367
12878
14584
14584
14584
14584
14584
14584
14584
14584
14584
14977
14977
14977
14977
14977
14977
14977
14977
14977
14977
15002
15002
15002
15002
15002
15002
15002
15002
15002
15161
15161
15161
15161
15161
15161
15161
15161
15161
15494
15494
15494
15494
15494
15494
15494
15494
15494
15494
16917
18426
18426
18426
18426
18426
18426
18426
18426
18426
18426
18426
18426
18426
18426
18426
18426
18426
18426
18426
18426
18426
18426
18426
18426
18426
18426
18426
18426
18426
18426
18426
18426
18426
18426
18426
18426
18426
18426
18426
18426
18426
18426
18426
18426
18426
18426
18426
18426
18426
18426
18426
18426
18426
18426
18426
18426
18426
18426
18426
18426
18426
18426
18426
18426
18426
18426
18426
18426
18426
18426
18426
18426
18426
18426
18426
18426
19763
20880
20880
20880
20880
20880
20880
20880
20880
20880
21011
23841
23841
23841
23841
23841
23841
23841
23841
23922
23922
23922
23922
23922
23922
23922
23922
23922
23922
23922
23922
23922
23922
23922
23922
23922
23922
23922
23922
23922
23922
23922
23922
23922
23922
23922
23922
23922
23922
23922
23922
23922
23922
23922
23922
23922
24098
25589
27111
27179
27179
27179
27179
27179
27179
27179
27179
27179
27179
27179
27179
27179
27179
27179
27179
27179
27179
27179
27179
27179
27179
27179
27179
27179
27179
27179
27179
27179
27179
27179
27179
27179
27179
27179
27179
27179
27179
27179
27179
27179
27179
27179
27179
27179
27179
27179
27179
27179
27179
27179
27179
27179
27179
27179
27179
27179
27179
27179
27179
27179
27179
27179
27179
27179
27179
27179
27179
27179
27179
27179
27179
27179
27179
27179
27179
27179
27179
27179
27179
27179
27179
