11394700 0
11398248 0
11401992 0
11406128 0
11410568 0
11415364 0
11420432 0
11425804 0
11432092 0
11438116 0
11444388 0
11450944 0
11457608 0
11464508 0
11471632 0
11478800 0
11485848 0
11493460 0
11500848 0
11508072 0
11515392 0
11522448 0
11529460 0
11536516 0
11543648 0
11562332 0
11569004 0
11575916 0
11590452 0
11597180 0
11607844 0
11615204 0
11621784 0
11628276 0
11634760 0
11641200 0
11648240 0
11654672 0
11660968 0
11667188 0
11673412 0
11679552 0
11685544 0
11691580 0
11697608 0
11703692 0
11709712 0
11715516 0
11721440 0
11736192 0
11742152 0
11747856 0
11754952 0
11760372 0
11765732 0
11771040 0
11776316 0
11781524 0
11786724 0
11791892 0
11796964 0
11802164 0
11807240 0
11812280 0
11817276 0
11822004 0
11826792 0
11831688 0
11836592 0
11841548 0
11846400 0
11851176 0
11855952 0
11860632 0
11865348 0
11869960 0
11874552 0
11879096 0
11883628 0
11888132 0
11892512 0
11896620 0
11900996 0
11905348 0
11909852 0
11913916 0
11918180 0
11922360 0
11926548 0
11930748 0
11934920 0
11939100 0
11943204 0
11947248 0
11951296 0
11955220 0
11959192 0
11963260 0
11967308 0
11970120 0
11971512 0
11973076 0
11974772 0
11976708 0
11978856 0
11981188 0
11983664 0
11986408 0
11989368 0
11992424 0
11995420 0
11998420 0
12001472 0
12004632 0
12008180 0
12011716 0
12015328 0
12018912 0
12022500 0
12026092 0
12029644 0
12033172 0
12036688 0
12040260 0
12043748 0
12056356 0
12065624 0
12068940 0
12072152 0
12075364 0
12078668 0
12081936 0
12085076 0
12088244 0
12091356 0
12094412 0
12097484 0
12100500 0
12103512 0
12106648 0
12109612 0
12112576 0
12115500 0
12118424 0
12121372 0
12123856 0
12126604 0
12129532 0
12132300 0
12135072 0
12137884 0
12144964 0
12147380 0
12150092 0
12152736 0
12155440 0
12157920 0
12160196 0
12162564 0
12165076 0
12167608 0
12170116 0
12172556 0
12175092 0
12177544 0
12179824 0
12182104 0
12184172 0
12186492 0
12188828 0
12191256 0
12193588 0
12195892 0
12198200 0
12200196 0
12202408 0
12204508 0
12206732 0
12208984 0
12211196 0
12213384 0
12215564 0
12217736 0
12219944 0
12222128 0
12224240 0
12226336 0
12228448 0
12230648 0
12232724 0
12234800 0
12236876 0
12238900 0
12240932 0
12242944 0
12244944 0
12246928 0
12248904 0
12250876 0
12252812 0
12254748 0
12256668 0
12258572 0
12260476 0
12262356 0
12264204 0
12265628 0
12266220 0
12266896 0
12267640 0
12268504 0
12269444 0
12270508 0
12271664 0
12272936 0
12274308 0
12275788 0
12277348 0
12278960 0
12280688 0
12282452 0
12284124 0
12285608 0
12287072 0
12288516 0
12290140 0
12291832 0
12293512 0
12295180 0
12296824 0
12298472 0
12300120 0
12301768 0
12303436 0
12305044 0
12309852 0
12311468 0
12313160 0
12314636 0
12316172 0
12317700 0
12319196 0
12320808 0
12322364 0
12323864 0
12325152 0
12326444 0
12327716 0
12328956 0
12330220 0
12331468 0
12332712 0
12333972 0
12335196 0
12336404 0
12337588 0
12338728 0
12339928 0
12341220 0
12342596 0
12343960 0
12345308 0
12346688 0
12348000 0
12350964 0
12352304 0
12353688 0
12355952 0
12357240 0
12358496 0
12359744 0
12360968 0
12362192 0
12363244 0
12364408 0
12365624 0
12366864 0
12368052 0
12369236 0
12370388 0
12371388 0
12372472 0
12373644 0
12374808 0
12375924 0
12377112 0
12378252 0
12379352 0
12380476 0
12381572 0
12382664 0
12383628 0
12384652 0
12385728 0
12386784 0
12387704 0
12388692 0
12389764 0
12390784 0
12391632 0
12391632 0
12391632 0
12391632 0
12391632 0
12391632 0
12391632 0
12391632 0
12391632 0
12391632 0
12391632 0
12391632 0
12391632 0
12391632 0
12391632 0
12391632 0
12391632 0
12391632 0
12391632 0
12391632 0
12391632 0
12391632 0
12391632 0
12391632 0
12391632 0
12391632 0
12391632 0
12391632 0
12391632 0
12391632 0
12391632 0
12391632 0
12391632 0
12391632 0
12391632 0
12391632 0
12391632 0
12391632 0
12391632 0
12391632 0
12391632 0
12391632 0
12391632 0
12391632 0
12391632 0
12391632 0
12391632 0
12391632 0
12391632 0
12391632 0
12391632 0

