9452 4096
81200 65536
159028 139264
273716 221184
330804 278528
423124 370688
543988 425984
558388 473088
639924 522240
719956 604160
799988 681984
879924 761856
1049908 1024000
1094964 1069056
1142068 1116160
1150260 1124352
1240372 1214464
1328436 1302528
1414452 1388544
1500468 1474560
1584436 1558528
1668404 1642496
1742132 1738752
2041452 1777664
2088240 1822720
2131252 1865728
2176308 1910784
2221364 1955840
2268468 2002944
2200884 1935360
2280756 2017280
2358580 2281472
2430260 2426880
2503988 2500608
2585908 2582528
2665780 2662400
2745652 2742272
2825524 2822144
2905396 2902016
2983220 2979840
3061044 3057664
3138868 3135488
3214644 3211264
3290420 3287040
3366196 3362816
3439924 3436544
3771572 3493888
4042548 3530752
4094740 3569664
4132108 3604480
4169012 3641344
4203828 4200448
4240692 4237312
4277556 4274176
4310324 344064
4314420 262144
4320564 264192
4332852 270336
4351284 278528
4379956 294912
4412724 307200
4429108 2459648
4457780 2473984
4490548 2488320
4289844 2328576
4357428 2394112
4422900 2457600
4487564 2492416
4553716 2551808
4619412 2617344
4685076 2682880
4748596 2820096
4810036 2879488
4871476 2940928
4934964 3004416
4994356 3065856
5055796 3125248
5117236 3186688
5190964 3260416
5252404 3323904
5311796 3381248
5371188 5367808
5430580 5427200
5494068 5490688
5557556 5554176
5623092 5619712
5686580 5683200
5750068 5746688
5813556 5810176
5877044 5873664
5940532 5937152
6001972 5998592
6065460 6062080
6126900 6123520
6188340 6184960
6249780 6246400
6309172 6305792
6370612 6367232
6432052 6428672
6489396 6486016
6546740 6545408
6604084 6600704
6661428 6658048
6718772 6715392
6774068 6770688
6829364 6828032
6886708 6883328
6942004 6938624
7358304 6973440
7795956 6995968
7981608 7118848
8087884 8015872
8116564 8042496
8145924 8071168
8174800 8099840
8203540 8128512
8232240 8157184
8258864 8183808
8287540 8212480
8316212 8241152
8344884 8269824
8371508 8368128
8396084 8392704
8424756 8421376
8453428 8450048
8480052 8478720
8508724 8505344
8537396 8534016
8566068 8562688
8594740 8591360
8621364 8617984
8650036 8646656
8678708 8675328
8191284 8187904
8246580 8243200
8299828 8298496
8353076 8349696
8406324 8402944
8457524 8456192
8510772 8507392
8545588 6144
8559924 16384
8576308 34816
8596788 53248
8617268 75776
8641844 98304
8666420 124928
8693044 151552
8721716 178176
8742196 1077248
8772916 1107968
8803636 1140736
8838452 1173504
8873268 1210368
8910132 1245184
8946996 1284096
8985908 1323008
9024820 1361920
9065780 1402880
9104692 1611776
9145652 1652736
9186612 1693696
9229620 1736704
9272628 1779712
9315636 1822720
9358644 1865728
9403700 1908736
9446708 1951744
9489716 2050048
9530676 2091008
9573684 2136064
9618740 2181120
9747764 2308096
9790772 2351104
9833780 2394112
9874740 2437120
9909556 4839424
9950516 4878336
9989428 4919296
10032436 4962304
10075444 5003264
10116404 5044224
10157364 5085184
10198324 5126144
10239284 5167104
10278196 5208064
10319156 6393856
10362164 6436864
10403124 6477824
10444084 6518784
10482996 6557696
10519860 6594560
10560820 6635520
10601780 6678528
10642740 6717440
10683700 6758400
10724660 10721280
10765620 10762240
10806580 10803200
10847540 10844160
10888500 10885120
10927412 10924032
10968372 10964992
11007284 11003904
11046196 11042816
11085108 11081728
11124020 11120640
11162932 11159552
11201844 11198464
11238708 11235328
11277620 11274240
11316532 11313152
11353396 11350016
11392308 11388928
11429172 11425792
11466036 11462656
11502900 11499520
11539764 11538432
11576628 11573248
11613492 11610112
11650356 11646976
11685172 11681792
11722036 11718656
11756852 11753472
11791668 11788288
11828532 11825152
11863348 11859968
11898164 11894784
11932980 11929600
11967796 11964416
12002612 11999232
12037428 12034048
12070196 12068864
12105012 12101632
12137780 12136448
12172596 12169216
12205364 12201984
12238132 12234752
12272948 12269568
12305716 12302336
12338484 12335104
12371252 12367872
12404020 12400640
12436788 12433408
12469556 12466176
12502324 12498944
12535092 12531712
12565812 12562432
12588340 71680
12594484 6144
12602676 14336
12610868 24576
12621108 34816
12631348 45056
12643636 55296
12655924 67584
12668212 81920
12682548 94208
12696884 110592
12713268 126976
12729652 143360
12748084 159744
12766516 178176
12780852 948224
12801332 968704
12821812 991232
12844340 1013760
12866868 1036288
12891444 1058816
12916020 1085440
12940596 1110016
12965172 1134592
12989748 1449984
13016372 1476608
13040948 1503232
13067572 1527808
13094196 1554432
13120820 1581056
13147444 1607680
13172020 1634304
13198644 1660928
13219124 2781184
13245748 2807808
13284660 2846720
13311284 2873344
13339956 2899968
13366580 2926592
13411636 2971648
13438260 2998272
13462836 6834176
13483316 6854656
13516084 6887424
13542708 6914048
13569332 6940672
13593908 6967296
13620532 6991872
13647156 7018496
13671732 7043072
13698356 7069696
13722932 7094272
13747508 7915520
13770036 7940096
13796660 7964672
13821236 7989248
13845812 8013824
13870388 8040448
13894964 8065024
13919540 8089600
13944116 8112128
13968692 8185856
13993268 8210432
14015796 8235008
14040372 8257536
14062900 8282112
14087476 8304640
14112052 8329216
14134580 8351744
14157108 8374272
14179636 8396800
14206260 8433664
14230836 8456192
14255412 8480768
14277940 8505344
14300468 8525824
14322996 8548352
14579404 8562688
15006368 8572928
15396052 8583168
18263172 12417024
18504088 18470912
18521212 18481152
18542940 18493440
18562168 18505728
18577348 18515968
18593316 18528256
18608864 18540544
18614028 18544640
18614028 18544640
18638132 18634752
18638132 18634752
18638132 18634752
18638132 18634752
18638132 18634752
18638132 18634752
18638132 18634752
18638132 18634752
18638132 18634752
18638132 18634752
18638132 18634752
18638132 18634752
18638132 18634752
18638132 18634752
18638132 18634752
18638132 18634752
18638132 18634752
18638132 18634752
18638132 18634752
18638132 18634752
18638132 18634752
18638132 18634752
18638132 18634752
18638132 18634752
18638132 18634752
18638132 18634752
18638132 18634752
18638132 18634752
18638132 18634752
18638132 18634752
18638132 18634752
18638132 18634752
18638132 18634752
18638132 18634752
18638132 18634752
18638132 18634752
18638132 18634752
18638132 18634752
18638132 18634752
18638132 18634752
18638132 18634752
18638132 18634752
18638132 18634752
18638132 18634752
18638132 18634752
18638132 18634752
18638132 18618368
18638132 18618368
18638132 18618368
18638132 18618368
18638132 18618368
18638132 18618368
18638132 18618368
18638132 18601984
18638132 18601984
18638132 18601984
18638132 18601984
18638132 18601984
18638132 18601984
18638132 18601984
18638132 18601984
18638132 18601984
18638132 18601984
18638132 18601984
18638132 18601984
18638132 18601984
