0
0
20
20
20
20
20
20
20
20
20
20
130
130
130
130
130
130
130
130
130
130
141
141
141
141
141
141
141
141
141
251
269
269
269
269
269
269
269
269
269
270
270
270
270
270
270
270
270
270
270
526
526
526
526
526
526
526
526
526
526
1348
1574
1574
1574
1574
1574
1574
1574
1574
1574
1629
1629
1629
1629
1629
1629
1629
1629
1629
1629
1631
1631
1631
1631
1631
1631
1631
1631
1631
1631
1632
1632
1632
1632
1632
1632
1632
1632
1632
1632
1632
1632
1632
1632
1632
1632
1632
1632
1632
1699
2113
2113
2113
2113
2113
2113
2113
2113
2113
2113
2149
2149
2149
2149
2149
2149
2149
2149
2149
2149
2149
2149
2149
2149
2149
2149
2149
2149
2149
2149
2149
2149
2149
2149
2149
2149
2149
2149
2578
2578
2578
2578
2578
2578
2578
2578
2578
2578
2661
2661
2661
2661
2661
2661
2661
2661
2661
2689
2689
2689
2689
2689
2689
2689
2689
3776
3885
3885
3885
3885
3885
3885
3885
3885
3885
4406
4406
4406
4406
4406
4406
4406
4406
4406
4406
4406
4406
4406
4406
4406
4406
4406
4406
4406
4406
4406
4406
4406
4406
4406
4406
4406
4406
4406
4406
4406
4406
4406
4406
4406
4406
4406
4406
4406
4406
4406
4406
4406
4406
4406
4406
4406
4406
4406
4406
4406
4406
4406
4406
4406
4406
4406
4406
4406
4406
4406
4406
4406
4406
4406
4406
4406
4406
4406
4406
4406
4406
4406
4406
4406
4406
4406
4775
4775
4775
4775
4775
4775
4775
4775
4775
4918
4918
4918
4918
4918
4918
4918
4918
4918
5475
5475
5475
5475
5475
5475
5475
5475
6024
7370
7370
7370
7370
7370
7370
7370
7370
7370
7370
7693
7693
7693
7693
7693
7693
7693
7693
7693
7729
7729
7729
7729
7729
7729
7729
7729
7729
7733
7733
7733
7733
7733
7733
7733
7733
7733
7733
9636
9740
9740
9740
9740
9740
9740
9740
9740
9740
9784
9784
9784
9784
9784
9784
9784
9784
9784
9784
9784
9784
9784
9784
9784
9784
9784
9784
9784
9784
9784
9784
9784
9784
9784
9784
9784
9784
9784
9784
9784
9784
9784
9784
9784
9784
9784
9784
9784
9784
9784
9784
9784
9784
9784
9784
9784
9784
9784
9784
9784
9784
9784
9784
9784
9784
9784
9784
9784
9784
9784
9784
9784
9784
9784
9784
