0
0
0
0
0
0
0
0
0
0
0
0
0
0
0
0
0
0
0
0
0
0
0
0
0
0
0
0
0
0
0
0
0
0
0
0
0
0
0
0
0
0
0
0
0
0
0
0
0
0
0
0
0
0
0
0
0
0
0
0
0
1047
1047
1047
1047
1047
1047
1047
1047
1047
1047
1063
1063
1063
1063
1063
1063
1063
1063
1063
1063
2003
2003
2003
2003
2003
2003
2003
2003
2003
2003
2003
2003
2003
2003
2003
2003
2003
2003
2003
2003
2003
2003
2003
2003
2003
2003
2003
2003
2003
2003
2003
2003
2003
2003
2003
2003
2003
2003
2003
2003
2003
2003
2003
2003
2003
2003
2003
2003
2003
2003
2003
2003
2003
2003
2003
2003
2003
2003
2003
2003
2003
2003
2003
2003
2003
2003
2003
2003
2432
2432
2432
2432
2432
2432
2432
2432
2432
2432
2515
2515
2515
2515
2515
2515
2515
2515
2515
2542
2542
2542
2542
2542
2542
2542
2542
3698
3698
3698
3698
3698
3698
3698
3698
3698
3698
4258
4258
4258
4258
4258
4258
4258
4258
4258
4258
6173
6173
6173
6173
6173
6173
6173
6173
6173
6173
6173
6173
6173
6173
6173
6173
6173
6173
6173
6173
6173
6173
6173
6173
6173
6173
6173
6173
6173
6173
6173
6173
6173
6173
6173
6173
6173
6173
6173
6173
6173
6173
6173
6173
6173
6173
6173
6173
6173
6173
6173
6173
6173
6173
6173
6173
6173
6173
6173
6173
6173
6173
6173
6173
6173
6173
6173
6542
6542
6542
6542
6542
6542
6542
6542
6542
6685
6685
6685
6685
6685
6685
6685
6685
6685
7222
7222
7222
7222
7222
7222
7222
7222
9083
9083
9083
9083
9083
9083
9083
9083
9083
9083
9083
9472
9472
9472
9472
9472
9472
9472
9472
9472
9496
9496
9496
9496
9496
9496
9496
9496
9496
9500
9500
9500
9500
9500
9500
9500
9500
9500
9500
9500
12318
12318
12318
12318
12318
12318
12318
12318
12318
12318
12318
12318
12318
12318
12318
12318
12318
12318
12318
12318
12318
12318
12318
12318
12318
12318
12318
12318
12318
12318
12318
12318
12318
12318
12318
12318
12318
12318
12318
12318
12318
12318
12318
12318
12318
12318
12318
12318
12318
12318
12318
12318
12318
12318
12318
12318
12318
12318
12318
12318
12318
12318
12318
12318
12318
12318
12318
12318
12318
12318
12318
12318
12318
12318
12318
