11918708 11915264
11918708 11915264
11918708 11915264
11918708 11915264
11918708 11915264
11918708 11915264
11918708 11915264
11918708 11915264
11918708 11915264
11918708 11915264
11918708 11915264
11918708 11915264
11918708 11915264
11394420 11390976
11394420 11390976
11394420 11390976
11394420 11390976
11394420 11390976
11394420 11390976
11394420 11390976
11394420 11390976
11394420 11390976
11394420 11390976
11394420 11390976
11398516 11395072
11404660 11401216
11412852 11409408
11418996 11415552
11427188 11423744
11433332 11429888
11441524 11438080
11447668 11444224
11453812 11450368
11462004 11458560
11468148 11464704
11474292 11470848
11480436 11476992
11488628 11485184
11494772 11491328
11500916 11497472
11507060 11503616
11513204 11509760
11521396 11517952
11527540 11524096
11533684 11530240
11539828 11536384
11545972 11542528
11552116 11548672
11558260 11554816
11564404 11560960
11570548 11567104
11576692 11573248
11582836 11579392
11588980 11585536
11595124 11591680
11601268 11597824
11605364 11601920
11611508 11608064
11617652 11614208
11623796 11620352
11629940 11626496
11634036 11632640
11640180 11636736
11646324 11642880
11652468 11649024
11656564 11653120
11662708 11659264
11668852 11665408
11672948 11669504
11679092 11675648
11685236 11681792
11689332 11685888
11695476 11692032
11699572 11696128
11705716 11702272
11709812 11706368
11715956 11712512
11720052 11716608
11726196 11722752
11730292 11726848
11736436 11732992
11740532 11737088
11746676 11743232
11750772 11747328
11754868 11751424
11761012 11757568
11765108 11761664
11771252 11767808
11775348 11771904
11779444 11776000
11785588 11782144
11789684 11786240
11793780 11790336
11797876 11794432
11804020 11800576
11808116 11804672
11812212 11808768
11816308 11812864
11822452 11819008
11826548 11823104
11830644 11827200
11834740 11831296
11838836 11835392
11842932 11839488
11847028 11843584
11853172 11849728
11857268 11853824
11861364 11857920
11865460 11862016
11869556 11866112
11873652 11870208
11877748 11874304
11881844 11878400
11885940 11882496
11890036 11886592
11894132 11890688
11898228 11894784
11902324 11898880
11906420 11902976
11910516 11907072
11914612 11911168
11918708 11915264
11922804 11919360
11924852 11921408
11928948 11925504
11933044 11929600
11937140 11933696
11941236 11937792
11945332 11941888
11949428 11945984
11951476 11948032
11955572 11952128
11959668 11956224
11963764 11960320
11965812 11962368
11969908 11966464
11974004 11970560
11978100 11974656
11980148 11976704
11984244 11980800
11988340 11984896
11992436 11988992
11994484 11991040
11998580 11995136
12002676 11999232
12004724 12001280
12008820 12005376
12010868 12007424
12014964 12011520
12019060 12015616
12021108 12017664
12025204 12021760
12027252 12023808
12031348 12027904
12035444 12032000
12037492 12034048
12041588 12038144
12043636 12040192
12047732 12044288
12049780 12046336
12053876 12050432
12055924 12052480
12060020 12056576
12062068 12058624
12066164 12062720
12068212 12064768
12070260 12066816
12074356 12070912
12076404 12072960
12080500 12077056
12082548 12079104
12086644 12083200
12088692 12085248
12090740 12087296
12094836 12091392
12096884 12093440
12098932 12095488
12103028 12099584
12105076 12101632
12107124 12103680
12111220 12107776
12113268 12109824
12115316 12111872
12119412 12115968
12121460 12118016
12123508 12120064
12127604 12124160
12129652 12126208
12131700 12128256
12133748 12130304
12137844 12134400
12139892 12136448
12141940 12138496
12143988 12140544
12146036 12142592
12150132 12146688
12152180 12148736
12154228 12150784
12156276 12152832
12158324 12154880
12162420 12158976
12164468 12161024
12166516 12163072
12168564 12165120
12170612 12167168
12172660 12169216
12174708 12171264
12178804 12175360
12180852 12177408
12182900 12179456
12184948 12181504
12186996 12183552
12189044 12185600
12191092 12187648
12193140 12189696
12195188 12191744
12197236 12193792
12199284 12195840
12201332 12197888
12203380 12199936
12207476 12204032
12209524 12206080
12211572 12208128
12213620 12210176
12215668 12212224
12217716 12214272
12219764 12216320
12221812 12218368
12223860 12220416
12225908 12222464
12227956 12224512
12227956 12224512
12230004 12226560
12232052 12228608
12234100 12230656
12236148 12232704
12238196 12234752
12240244 12236800
12242292 12238848
12244340 12240896
12246388 12242944
12248436 12244992
12250484 12247040
12250484 12247040
12252532 12249088
12254580 12251136
12256628 12253184
12258676 12255232
12260724 12257280
12262772 12259328
12264820 12261376
12264820 12261376
12266868 12263424
12268916 12265472
12270964 12267520
12273012 12269568
12275060 12271616
12275060 12271616
12277108 12273664
12279156 12275712
12281204 12277760
12283252 12279808
12285300 12281856
12285300 12281856
12287348 12283904
12289396 12285952
12291444 12288000
12291444 12288000
12293492 12290048
12295540 12292096
12297588 12294144
12299636 12296192
12299636 12296192
12301684 12298240
12303732 12300288
12305780 12302336
12305780 12302336
12307828 12304384
12309876 12306432
12309876 12306432
12311924 12308480
12313972 12310528
12316020 12312576
12316020 12312576
12318068 12314624
12320116 12316672
12320116 12316672
12322164 12318720
12324212 12320768
12324212 12320768
12326260 12322816
12328308 12324864
12328308 12324864
12330356 12326912
12332404 12328960
12332404 12328960
12334452 12331008
12336500 12333056
12336500 12333056
12338548 12335104
12340596 12337152
12340596 12337152
12342644 12339200
12342644 12339200
12344692 12341248
12346740 12343296
12346740 12343296
12348788 12345344
12350836 12347392
12350836 12347392
12352884 12349440
12352884 12349440
12354932 12351488
12354932 12351488
12356980 12353536
12359028 12355584
12359028 12355584
12361076 12357632
12361076 12357632
12363124 12359680
12363124 12359680
12365172 12361728
12367220 12363776
12367220 12363776
12369268 12365824
12369268 12365824
12371316 12367872
12371316 12367872
12373364 12369920
12373364 12369920
12375412 12371968
12375412 12371968
12377460 12374016
12377460 12374016
12377460 12374016
12379508 12376064
12379508 12376064
12381556 12378112
12381556 12378112
12383604 12380160
12383604 12380160
12383604 12380160
12385652 12382208
12385652 12382208
12387700 12384256
12387700 12384256
12387700 12384256
12389748 12386304
12389748 12386304
12391796 12388352
12391796 12388352
12391796 12388352
12393844 12390400
12393844 12390400
12395892 12392448
12395892 12392448
12397940 12394496
12397940 12394496
12399988 12396544
12399988 12396544
12402036 12398592
12402036 12398592
12404084 12400640
12404084 12400640
12404084 12400640
12406132 12402688
12406132 12402688
12408180 12404736
12408180 12404736
12410228 12406784
12410228 12406784
12412276 12408832
12412276 12408832
12412276 12408832
12414324 12410880
12414324 12410880
12416372 12412928
12416372 12412928
12416372 12412928
12418420 12414976
12418420 12414976
12420468 12417024
12420468 12417024
12420468 12417024
12422516 12419072
12422516 12419072
12424564 12421120
12424564 12421120
12424564 12421120
12426612 12423168
12426612 12423168
12428660 12425216
12428660 12425216
12428660 12425216
12430708 12427264
12430708 12427264
12430708 12427264
12432756 12429312
12432756 12429312
12432756 12429312
12434804 12431360
12434804 12431360
12436852 12433408
12436852 12433408
12436852 12433408
12438900 12435456
12438900 12435456
12438900 12435456
12440948 12437504
12440948 12437504
12440948 12437504
12442996 12439552
12442996 12439552
12442996 12439552
12445044 12441600
12445044 12441600
12445044 12441600
12447092 12443648
12447092 12443648
12447092 12443648
12449140 12445696
12449140 12445696
12449140 12445696
12449140 12445696
12451188 12447744
12451188 12447744
12451188 12447744
12453236 12449792
12453236 12449792
12453236 12449792
12455284 12451840
12455284 12451840
12455284 12451840
12457332 12453888
12457332 12453888
12457332 12453888
12457332 12453888
12459380 12455936
12459380 12455936
12459380 12455936
12459380 12455936
12461428 12457984
12461428 12457984
12461428 12457984
12461428 12457984
12463476 12460032
12463476 12460032
12463476 12460032
12463476 12460032
12465524 12462080
12465524 12462080
12465524 12462080
12467572 12464128
12467572 12464128
12467572 12464128
12467572 12464128
12469620 12466176
12469620 12466176
12469620 12466176
12469620 12466176
12471668 12468224
12471668 12468224
12471668 12468224
12471668 12468224
12473716 12470272
12473716 12470272
12473716 12470272
12473716 12470272
12475764 12472320
12475764 12472320
12475764 12472320
12475764 12472320
12475764 12472320
12477812 12474368
12477812 12474368
12477812 12474368
12477812 12474368
12479860 12476416
12479860 12476416
12479860 12476416
12479860 12476416
12481908 12478464
12481908 12478464
12481908 12478464
12481908 12478464
12481908 12478464
12483956 12480512
12483956 12480512
12483956 12480512
12483956 12480512
12483956 12480512
12486004 12482560
12486004 12482560
12486004 12482560
12486004 12482560
12486004 12484608
12488052 12484608
12488052 12484608
12488052 12484608
12488052 12484608
12490100 12486656
12490100 12486656
12490100 12486656
12490100 12486656
12490100 12486656
12490100 12486656
12492148 12488704
12492148 12488704
12492148 12488704
12492148 12488704
12492148 12488704
12494196 12490752
12494196 12490752
12494196 12490752
12494196 12490752
12494196 12490752
12496244 12492800
12496244 12492800
12496244 12492800
12496244 12492800
12496244 12492800
12496244 12492800
12498292 12494848
12498292 12494848
12498292 12494848
12498292 12494848
12498292 12494848
12498292 12494848
12500340 12496896
12500340 12496896
12500340 12496896
12500340 12496896
12500340 12496896
12500340 12496896
12502388 12498944
12502388 12498944
12502388 12498944
12502388 12498944
12502388 12498944
12502388 12498944
12504436 12500992
12504436 12500992
12504436 12500992
12504436 12500992
12504436 12500992
12504436 12500992
12504436 12500992
12506484 12503040
12506484 12503040
12506484 12503040
12506484 12503040
12506484 12503040
12506484 12503040
12506484 12503040
12508532 12505088
12508532 12505088
12508532 12505088
12508532 12505088
12508532 12505088
12508532 12505088
12508532 12505088
12510580 12507136
12510580 12507136
12510584 12507136
12510584 12507136
12510584 12507136
12510584 12507136
12510584 12507136
12510584 12507136
12510584 12507136
12510584 12507136
12510584 12507136
12510584 12507136
12510584 12507136
12510584 12507136
12510584 12507136
12510584 12507136
12510584 12507136
12510584 12507136
12510584 12507136
12510584 12507136
12510584 12507136
12510584 12507136
12510584 12507136
12510584 12507136
12510584 12507136
12510584 12507136
12510584 12507136
12510584 12507136
12510584 12507136
12510584 12507136
12510584 12507136
12510584 12507136
12510584 12507136
12510584 12507136
12510584 12507136
12510584 12507136
12510584 12507136
12510584 12507136
12510584 12507136
12510584 12507136
12510584 12507136
12510584 12507136
12510584 12507136
12510584 12507136
12510584 12507136
12510584 12507136
12510584 12507136
12510584 12507136
12510584 12507136
12510584 12507136
12510584 12507136
12510584 12507136
12510584 12507136
12510584 12507136
12510584 12507136
12510584 12507136
12510584 12507136
12510584 12507136
12510584 12507136
12510584 12507136
12510584 12507136
12510584 12507136
12510584 12507136
12510584 12507136
12510584 12507136
12510584 12507136
12510584 12507136
12510584 12507136
12510584 12507136
12510584 12507136
12510584 12507136
12510584 12507136
12510584 12507136
12510584 12507136
12510584 12507136
12510584 12507136
12510584 12507136
12510584 12507136
12510584 12507136
12510584 12507136
12510580 12507136
12510580 12507136
12510580 12507136
12510580 12507136
12510580 12507136
12512628 12509184
12512628 12509184
12512628 12509184
12512628 12509184
12512628 12509184
12512628 12509184
12512628 12509184
12512628 12509184
12514676 12511232
12514676 12511232
12514676 12511232
12514676 12511232
12514676 12511232
12514676 12511232
12514676 12511232
12514676 12511232
12516724 12513280
12516724 12513280
12516724 12513280
12516724 12513280
12516724 12513280
12516724 12513280
12516724 12513280
12516724 12513280
12516724 12513280
12518772 12515328
12518772 12515328
12518772 12515328
12518772 12515328
12518772 12515328
12518772 12515328
12518772 12515328
12518772 12515328
12518772 12515328
12520820 12517376
12520820 12517376
12520820 12517376
12520820 12517376
12520820 12517376
12520820 12517376
12520820 12517376
12520820 12517376
12520820 12517376
12522868 12519424
12522868 12519424
12522868 12519424
12522868 12519424
12522868 12519424
12522868 12519424
12522868 12519424
12522868 12519424
12522868 12519424
12522868 12519424
12524916 12521472
12524916 12521472
12524916 12521472
12524916 12521472
12524916 12521472
12524916 12521472
12524916 12521472
12524916 12521472
12524916 12521472
12524916 12521472
12524916 12521472
12526964 12523520
12526964 12523520
12526964 12523520
12526964 12523520
12526964 12523520
12526964 12523520
12526964 12523520
12526964 12523520
12526964 12523520
12526964 12523520
12526964 12523520
12529012 12525568
12529012 12525568
12529012 12525568
12529012 12525568
12529012 12525568
12529012 12525568
12529012 12525568
12529012 12525568
12529012 12525568
12529012 12525568
12529012 12525568
12529012 12525568
12529012 12525568
12531060 12527616
12531060 12527616
12531060 12527616
12531060 12527616
12531060 12527616
12531060 12527616
12531060 12527616
12531060 12527616
12531060 12527616
12531060 12527616
12531060 12527616
12531060 12527616
12531060 12527616
12533108 12529664
12533108 12529664
12533108 12529664
12533108 12529664
12533108 12529664
12533108 12529664
12533108 12529664
12533108 12529664
12533108 12529664
12533108 12529664
12533108 12529664
12533108 12529664
12533108 12529664
12533108 12529664
12533108 12529664
12535156 12531712
12535156 12531712
12535156 12531712
12535156 12531712
12535156 12531712
12535156 12531712
12535156 12531712
12535156 12531712
12535156 12531712
12535156 12531712
12535156 12531712
12535156 12531712
12535156 12531712
12535156 12531712
12535156 12531712
12535156 12531712
12537204 12533760
12537204 12533760
12537204 12533760
12537204 12533760
12537204 12533760
12537204 12533760
12537204 12533760
12537204 12533760
12537204 12533760
12537204 12533760
12537204 12533760
12537204 12533760
12537204 12533760
12537204 12533760
12537204 12533760
12537204 12533760
12537204 12533760
12537204 12533760
12539252 12535808
12539252 12535808
12539252 12535808
12539252 12535808
12539252 12535808
12539252 12535808
12539252 12535808
12539252 12535808
12539252 12535808
12539252 12535808
12539252 12535808
12539252 12535808
12539252 12535808
12539252 12535808
12539252 12535808
12539252 12535808
12539252 12535808
12539252 12535808
12539252 12535808
12539252 12535808
12541300 12537856
12541300 12537856
12541300 12537856
12541300 12537856
12541300 12537856
12541300 12537856
12541300 12537856
12541300 12537856
12541300 12537856
12541300 12537856
12541300 12537856
12541300 12537856
12541300 12537856
12541300 12537856
12541300 12537856
12541300 12537856
12541300 12537856
12541300 12537856
12541300 12537856
12541300 12537856
12541300 12537856
12541300 12537856
12543348 12539904
12543348 12539904
12543348 12539904
12543348 12539904
12543348 12539904
12543348 12539904
12543348 12539904
12543348 12539904
12543348 12539904
12543348 12539904
12543348 12539904
12543348 12539904
12543348 12539904
12543348 12539904
12543348 12539904
12543348 12539904
12543348 12539904
12543348 12539904
12543348 12539904
12543348 12539904
12543348 12539904
12543348 12539904
12543348 12539904
12543348 12539904
12543348 12539904
12543348 12539904
12545396 12541952
12545396 12541952
12545396 12541952
12545396 12541952
12545396 12541952
12545396 12541952
12545396 12541952
12545396 12541952
12545396 12541952
12545396 12541952
12545396 12541952
12545396 12541952
12545396 12541952
12545396 12541952
12545396 12541952
12545396 12541952
12545396 12541952
12545396 12541952
12545396 12541952
12545396 12541952
12545396 12541952
12545396 12541952
12545396 12541952
12545396 12541952
12545396 12541952
12545396 12541952
12545396 12541952
12545396 12541952
12545396 12541952
12545396 12541952
12545396 12541952
12547444 12544000
12547444 12544000
12547444 12544000
12547444 12544000
12547444 12544000
12547444 12544000
12547444 12544000
12547444 12544000
12547444 12544000
12547444 12544000
12547444 12544000
12547444 12544000
12547444 12544000
12547444 12544000
12547444 12544000
12547444 12544000
12547444 12544000
12547444 12544000
12547444 12544000
12547444 12544000
12547444 12544000
12547444 12544000
12547444 12544000
12547444 12544000
12547444 12544000
12547444 12544000
12547444 12544000
12547444 12544000
12547444 12544000
12547444 12544000
12547444 12544000
12547444 12544000
12547444 12544000
12547444 12544000
12547444 12544000
12547444 12544000
12547444 12544000
12549492 12546048
12549492 12546048
12549492 12546048
12549492 12546048
12549492 12546048
12549492 12546048
12549492 12546048
12549492 12546048
12549492 12546048
12549492 12546048
12549492 12546048
12549492 12546048
12549492 12546048
12549492 12546048
12549492 12546048
12549492 12546048
12549492 12546048
12549492 12546048
12549492 12546048
12549492 12546048
12549492 12546048
12549492 12546048
12549492 12546048
12549492 12546048
12549492 12546048
12549492 12546048
12549492 12546048
12549492 12546048
12549492 12546048
12549492 12546048
12549492 12546048
12549492 12546048
12549492 12546048
12549492 12546048
12549492 12546048
12549492 12546048
12549492 12546048
12549492 12546048
12549492 12546048
12549492 12546048
12549492 12546048
12549492 12546048
12549492 12546048
12549492 12546048
12549492 12546048
12549492 12546048
12549492 12546048
12549492 12546048
12551540 12548096
12551540 12548096
12551540 12548096
12551540 12548096
12551540 12548096
12551540 12548096
12551540 12548096
12551540 12548096
12551540 12548096
12551540 12548096
12551540 12548096
12551540 12548096
12551540 12548096
12551540 12548096
12551540 12548096
12551540 12548096
12551540 12548096
12551540 12548096
12551540 12548096
12551540 12548096
12551540 12548096
12551540 12548096
12551540 12548096
12551540 12548096
12551540 12548096
12551540 12548096
12551540 12548096
12551540 12548096
12551540 12548096
12551540 12548096
12551540 12548096
12551540 12548096
12551540 12548096
12551540 12548096
12551540 12548096
12551540 12548096
12551540 12548096
12551540 12548096
12551540 12548096
12551540 12548096
12551540 12548096
12551540 12548096
12551540 12548096
12551540 12548096
12551540 12548096
12551540 12548096
12551540 12548096
12551540 12548096
12551540 12548096
12551540 12548096
12551540 12548096
12551540 12548096
12551540 12548096
12551540 12548096
12551540 12548096
12551540 12548096
12551540 12548096
12551540 12548096
12551540 12548096
12551540 12548096
12551540 12548096
12551540 12548096
12551540 12548096
12551540 12548096
12551540 12548096
12551540 12548096
12551540 12548096
12553588 12550144
12553588 12550144
12553588 12550144
12553588 12550144
12553588 12550144
12553588 12550144
12553588 12550144
12553588 12550144
12553588 12550144
12553588 12550144
12553588 12550144
12553588 12550144
12553588 12550144
12553588 12550144
12553588 12550144
12553588 12550144
12553588 12550144
12553588 12550144
12553588 12550144
12553588 12550144
12553588 12550144
12553588 12550144
12553588 12550144
12553588 12550144
12553588 12550144
12553588 12550144
12553588 12550144
12553588 12550144
12553588 12550144
12553588 12550144
12553588 12550144
12553588 12550144
12553588 12550144
12553588 12550144
12553588 12550144
12553588 12550144
12553588 12550144
12553588 12550144
12553588 12550144
12553588 12550144
12553588 12550144
12553588 12550144
12553588 12550144
12553588 12550144
12553588 12550144
12553588 12550144
12553588 12550144
12553588 12550144
12553588 12550144
12553588 12550144
12553588 12550144
12553588 12550144
12553588 12550144
12553588 12550144
12553588 12550144
12553588 12550144
12553588 12550144
12553588 12550144
12553588 12550144
12553588 12550144
12553588 12550144
12553588 12550144
12553588 12550144
12553588 12550144
12553588 12550144
12553588 12550144
12553588 12550144
12553588 12550144
12553588 12550144
12553588 12550144
12553588 12550144
12553588 12550144
12553588 12550144
12553588 12550144
12553588 12550144
12553588 12550144
12553588 12550144
12553588 12550144
12553588 12550144
12553588 12550144
12553588 12550144
12553588 12550144
12553588 12550144
12553588 12550144
12553588 12550144
12553588 12550144
12553588 12550144
12553588 12550144
12553588 12550144
12553588 12550144
12553588 12550144
12553588 12550144
12553588 12550144
12553588 12550144
12553588 12550144
12553588 12550144
12553588 12550144
12553588 12550144
12553588 12550144
12553588 12550144
12553588 12550144
12553588 12550144
12553588 12550144
12553588 12550144
12553588 12550144
12553588 12550144
12553588 12550144
12553588 12550144
12553588 12550144
12553588 12550144
12553588 12550144
12553588 12550144
12553588 12550144
12553588 12550144
12553588 12550144
12553588 12550144
12553588 12550144
12553588 12550144
12553588 12550144
12555636 12552192
12555636 12552192
12555636 12552192
12555636 12552192
12555636 12552192
12555636 12552192
12555636 12552192
12555636 12552192
12555636 12552192
12555636 12552192
12555636 12552192
12555636 12552192
12555636 12552192
12555636 12552192
12555636 12552192
12555636 12552192
12555636 12552192
12555636 12552192
12555636 12552192
12555636 12552192
12555636 12552192
12555636 12552192
12555636 12552192
12555636 12552192
12555636 12552192
12555636 12552192
12555636 12552192
12555636 12552192
12555636 12552192
12555636 12552192
12555636 12552192
12555636 12552192
12555636 12552192
12555636 12552192
12555636 12552192
12555636 12552192
12555636 12552192
12555636 12552192
12555636 12552192
12555636 12552192
12555636 12552192
12555636 12552192
12555636 12552192
12555636 12552192
12555636 12552192
12555636 12552192
12555636 12552192
12555636 12552192
12555636 12552192
12555636 12552192
12555636 12552192
12555636 12552192
12555636 12552192
12555636 12552192
12555636 12552192
12555636 12552192
12555636 12552192
12555636 12552192
12555636 12552192
12555636 12552192
12555636 12552192
12555636 12552192
12555636 12552192
12555636 12552192
12555636 12552192
12555636 12552192
12555636 12552192
12555636 12552192
12555636 12552192
12555636 12552192
12555636 12552192
12555636 12552192
12555636 12552192
12555636 12552192
12555636 12552192
12555636 12552192
12555636 12552192
12555636 12552192
12555636 12552192
12555636 12552192
12555636 12552192
12555636 12552192
12555636 12552192
12555636 12552192
12555636 12552192
12555636 12552192
12555636 12552192
12555636 12552192
12555636 12552192
12555636 12552192
12555636 12552192
12555636 12552192
12555636 12552192
12555636 12552192
12555636 12552192
12555636 12552192
12555636 12552192
12555636 12552192
12555636 12552192
12555636 12552192
12555636 12552192
12555636 12552192
12555636 12552192
12555636 12552192
12555636 12552192
12555636 12552192
12555636 12552192
12555636 12552192
12555636 12552192
12555636 12552192
12555636 12552192
12555636 12552192
12555636 12552192
12555636 12552192
12555636 12552192
12555636 12552192
12555636 12552192
12555636 12552192
12555636 12552192
12555636 12552192
12555636 12552192
12555636 12552192
12555636 12552192
12555636 12552192
12555636 12552192
12555636 12552192
12555636 12552192
12555636 12552192
12555636 12552192
12555636 12552192
12555636 12552192
12555636 12552192
12555636 12552192
12555636 12552192
12555636 12552192
12555636 12552192
12555636 12552192
12555636 12552192
12555636 12552192
12555636 12552192
12555636 12552192
12555636 12552192
12555636 12552192
12555636 12552192
12555636 12552192
12555636 12552192
12555636 12552192
12555636 12552192
12555636 12552192
12555636 12552192
12555636 12552192
12555636 12552192
12555636 12552192
12555636 12552192
12555636 12552192
12555636 12552192
12555636 12552192
12555636 12552192
12555636 12552192
12555636 12552192
12555636 12552192
12555636 12552192
12555636 12552192
12555636 12552192
12555636 12552192
12555636 12552192
12555636 12552192
12555636 12552192
12555636 12552192
12555636 12552192
12555636 12552192
12555636 12552192
12555636 12552192
12555636 12552192
12555636 12552192
12555636 12552192
12555636 12552192
12555636 12552192
12555636 12552192
12555636 12552192
12555636 12552192
12555636 12552192
12555636 12552192
12555636 12552192
12555636 12552192
12555636 12552192
12555636 12552192
12555636 12552192
12555636 12552192
12555636 12552192
12555636 12552192
12555636 12552192
12555636 12552192
12555636 12552192
12555636 12552192
12555636 12552192
12555636 12552192
12555636 12552192
12555636 12552192
12555636 12552192
12555636 12552192
12555636 12552192
12555636 12552192
12555636 12552192
12555636 12552192
12555636 12552192
12555636 12552192
12555636 12552192
12555636 12552192
12555636 12552192
12555636 12552192
12555636 12552192
12555636 12552192
12555636 12552192
12555636 12552192
12555636 12552192
12555636 12552192
12555636 12552192
12555636 12552192
12555636 12552192
12555636 12552192
12555636 12552192
12555636 12552192
12555636 12552192
12555636 12552192
12555636 12552192
12555636 12552192
12555636 12552192
12555636 12552192
12555636 12552192
12555636 12552192
12555636 12552192
12555636 12552192
12555636 12552192
12555636 12552192
12555636 12552192
12555636 12552192
12555636 12552192
12555636 12552192
12555636 12552192
12555636 12552192
12555636 12552192
12555636 12552192
12555636 12552192
12555636 12552192
12555636 12552192
12555636 12552192
12555636 12552192
12555636 12552192
12555636 12552192
12555636 12552192
12555636 12552192
12555636 12552192
12555636 12552192
12555636 12552192
12555636 12552192
12555636 12552192
12555636 12552192
12555636 12552192
12555636 12552192
12555636 12552192
12555636 12552192
12555636 12552192
12555636 12552192
12555636 12552192
12555636 12552192
12555636 12552192
12555636 12552192
12555636 12552192
12555636 12552192
12555636 12552192
12555636 12552192
12555636 12552192
12555636 12552192
12555636 12552192
12555636 12552192
12555636 12552192
12555636 12552192
12555636 12552192
12555636 12552192
12555636 12552192
12555636 12552192
12555636 12552192
12555636 12552192
12555636 12552192
12555636 12552192
12555636 12552192
12555636 12552192
12555636 12552192
12555636 12552192
12555636 12552192
12555636 12552192
12555636 12552192
12555636 12552192
12555636 12552192
12555636 12552192
12555636 12552192
12555636 12552192
12555636 12552192
12555636 12552192
12555636 12552192
12555636 12552192
12555636 12552192
12555636 12552192
12555636 12552192
12555636 12552192
12555636 12552192
12555636 12552192
12555636 12552192
12555636 12552192
12555636 12552192
12555636 12552192
12555636 12552192
12555636 12552192
12555636 12552192
12555636 12552192
12555636 12552192
12555636 12552192
12555636 12552192
12555636 12552192
12555636 12552192
12555636 12552192
12555636 12552192
12555636 12552192
12555636 12552192
12555636 12552192
12555636 12552192
12555636 12552192
12555636 12552192
12555636 12552192
12555636 12552192
12555636 12552192
12555636 12552192
12555636 12552192
12555636 12552192
12555636 12552192
12555636 12552192
12555636 12552192
12555636 12552192
12555636 12552192
12555636 12552192
12555636 12552192
12555636 12552192
12555636 12552192
12555636 12552192
12555636 12552192
12555636 12552192
12555636 12552192
12555636 12552192
12555636 12552192
12555636 12552192
12555636 12552192
12555636 12552192
12555636 12552192
12555636 12552192
12555636 12552192
12555636 12552192
12555636 12552192
12555636 12552192
12555636 12552192
12555636 12552192
12555636 12552192
12555636 12552192
12555636 12552192
12555636 12552192
12555636 12552192
12555636 12552192
12555636 12552192
12555636 12552192
12555636 12552192
12555636 12552192
12555636 12552192
12555636 12552192
12555636 12552192
12555636 12552192
12555636 12552192
12555636 12552192
12555636 12552192
12555636 12552192
12555636 12552192
12555636 12552192
12555636 12552192
12555636 12552192
12555636 12552192
12555636 12552192
12555636 12552192
12555636 12552192
12555636 12552192
12555636 12552192
12555636 12552192
12555636 12552192
12555636 12552192
12555636 12552192
12555636 12552192
12555636 12552192
12555636 12552192
12555636 12552192
12555636 12552192
12555636 12552192
12555636 12552192
12555636 12552192
12555636 12552192
12555636 12552192
12555636 12552192
12555636 12552192
12555636 12552192
12555636 12552192
12555636 12552192
12555636 12552192
12555636 12552192
12555636 12552192
12555636 12552192
12555636 12552192
12555636 12552192
12555636 12552192
12555636 12552192
12555636 12552192
12555636 12552192
12555636 12552192
12555636 12552192
12555636 12552192
12555636 12552192
12555636 12552192
12555636 12552192
12555636 12552192
12555636 12552192
12555636 12552192
12555636 12552192
12555636 12552192
12555636 12552192
12555636 12552192
12555636 12552192
12555636 12552192
12555636 12552192
12555636 12552192
12555636 12552192
12555636 12552192
12555636 12552192
12555636 12552192
12555636 12552192
12555636 12552192
12555636 12552192
12555636 12552192
12555636 12552192
12555636 12552192
12555636 12552192
12555636 12552192
12555636 12552192
12555636 12552192
12555636 12552192
12555636 12552192
12555636 12552192
12555636 12552192
12555636 12552192
12555636 12552192
12555636 12552192
