1037
1037
1037
1037
1037
1037
1037
1037
1037
1037
1037
1037
1037
1037
1037
1037
1037
1037
1037
1037
1037
1037
1037
1037
1037
1037
1037
1063
1063
1063
1063
1063
1063
1063
1063
1063
1063
1063
1063
1063
1063
1063
1204
1204
1204
1204
1204
1204
1204
1204
1204
1294
2692
4037
4412
4412
4412
4412
4412
4412
4412
4412
4412
5010
6684
6867
6867
6867
6867
6867
6867
6867
6867
6867
7689
9143
9529
9529
9529
9529
9529
9529
9529
9529
9529
9529
9529
9529
9529
9529
9529
9529
9529
9529
9529
9529
9530
9530
9530
9530
9530
9530
9530
9530
9530
9531
9531
9531
9531
9531
9531
9531
9531
9531
9531
9531
9531
9531
9531
9531
9531
9531
9531
9531
9531
9532
9532
9532
9532
9532
9532
9532
9532
9532
9532
9532
9532
9532
9532
9532
9532
9532
9532
9532
9533
9533
9533
9533
9533
9533
9533
9533
9539
9539
9539
9539
9539
9539
9539
9539
9539
9539
9539
9539
9539
9539
9539
9539
9539
10416
10416
10416
10416
10416
10416
10416
10468
11861
13276
14482
14482
14482
14482
14482
14482
14482
14482
14482
14482
14849
14849
14849
14849
14849
14849
14849
14849
14849
15058
15058
15058
15058
15058
15058
15058
15058
15058
15307
16767
18116
18116
18116
18116
18116
18116
18116
18116
18116
18116
18116
18116
18116
18116
18116
18116
18116
18116
18116
18116
18116
18116
18116
18116
18116
18116
18116
18116
18116
18116
18116
18116
18116
18116
18116
18116
18116
18116
18116
18116
18116
18116
18116
18116
18116
18116
18116
18116
18116
18116
18116
18116
18116
18116
18116
18116
18116
18116
18116
18116
18116
18116
18116
18116
18116
18116
18116
18116
18116
18116
18116
18116
18116
18116
18116
18116
18156
18156
18156
18156
18156
18156
18156
18156
18156
19267
20756
22105
22723
22723
22723
22723
22723
22723
22723
23533
23533
23533
23533
23533
23533
23533
23533
23533
23539
23566
23566
23566
23566
23566
23566
23566
23566
23566
23570
23570
23570
23570
23570
23570
23570
23570
23570
23570
23570
23570
23570
23570
23570
23570
23570
23570
23574
23574
23574
23574
23574
23574
23574
23574
23574
23574
25016
26456
26809
26809
26809
26809
26809
26809
26809
26809
26809
26809
26809
26809
26809
26809
26809
26809
26809
26809
26809
26809
26809
26809
26809
26809
26809
26809
26809
26809
26809
26809
26809
26809
26809
26809
26809
26809
26809
26809
26809
26809
26809
26809
26809
26809
26809
26809
26809
26809
26809
26809
26809
26809
26809
26809
26809
26809
26809
26809
26809
26809
26809
26809
26809
26809
26809
26809
26809
26809
26809
26809
26809
26809
26809
26809
26809
26809
26809
26809
26809
26809
26809
26809
26809
26809
26809
26809
26809
26809
26809
26809
26809
26809
26809
26809
26809
26809
26809
26809
26809
26809
26809
26809
26809
26809
26809
26809
26809
26809
26809
26809
26809
26809
26809
26809
26809
26809
26809
26809
26809
26809
26809
26809
26809
26809
26809
26809
26809
26809
26809
26809
26809
26809
26809
26809
26809
27343
28773
30147
31534
32857
32857
32857
32857
32857
32857
32857
32857
