thp_fault_alloc 5060
thp_fault_fallback 1456
thp_collapse_alloc 1040
thp_collapse_alloc_failed 0
thp_split 435
thp_zero_page_alloc 1
thp_zero_page_alloc_failed 0
thp_promote 0
thp_fault_alloc 5060
thp_fault_fallback 1727
thp_collapse_alloc 1040
thp_collapse_alloc_failed 0
thp_split 706
thp_zero_page_alloc 1
thp_zero_page_alloc_failed 0
thp_promote 0
thp_fault_alloc 5060
thp_fault_fallback 1998
thp_collapse_alloc 1040
thp_collapse_alloc_failed 0
thp_split 977
thp_zero_page_alloc 1
thp_zero_page_alloc_failed 0
thp_promote 0
thp_fault_alloc 5060
thp_fault_fallback 2270
thp_collapse_alloc 1040
thp_collapse_alloc_failed 0
thp_split 1249
thp_zero_page_alloc 1
thp_zero_page_alloc_failed 0
thp_promote 0
thp_fault_alloc 5060
thp_fault_fallback 2543
thp_collapse_alloc 1040
thp_collapse_alloc_failed 0
thp_split 1522
thp_zero_page_alloc 1
thp_zero_page_alloc_failed 0
thp_promote 0
thp_fault_alloc 5060
thp_fault_fallback 2816
thp_collapse_alloc 1040
thp_collapse_alloc_failed 0
thp_split 1795
thp_zero_page_alloc 1
thp_zero_page_alloc_failed 0
thp_promote 0
thp_fault_alloc 5060
thp_fault_fallback 3093
thp_collapse_alloc 1040
thp_collapse_alloc_failed 0
thp_split 2072
thp_zero_page_alloc 1
thp_zero_page_alloc_failed 0
thp_promote 0
thp_fault_alloc 5060
thp_fault_fallback 3372
thp_collapse_alloc 1040
thp_collapse_alloc_failed 0
thp_split 2351
thp_zero_page_alloc 1
thp_zero_page_alloc_failed 0
thp_promote 0
thp_fault_alloc 5060
thp_fault_fallback 3657
thp_collapse_alloc 1040
thp_collapse_alloc_failed 0
thp_split 2636
thp_zero_page_alloc 1
thp_zero_page_alloc_failed 0
thp_promote 0
thp_fault_alloc 5060
thp_fault_fallback 3938
thp_collapse_alloc 1040
thp_collapse_alloc_failed 0
thp_split 2917
thp_zero_page_alloc 1
thp_zero_page_alloc_failed 0
thp_promote 0
thp_fault_alloc 5060
thp_fault_fallback 6573
thp_collapse_alloc 1040
thp_collapse_alloc_failed 0
thp_split 5552
thp_zero_page_alloc 1
thp_zero_page_alloc_failed 0
thp_promote 0
thp_fault_alloc 5062
thp_fault_fallback 6588
thp_collapse_alloc 1040
thp_collapse_alloc_failed 0
thp_split 5567
thp_zero_page_alloc 1
thp_zero_page_alloc_failed 0
thp_promote 0
thp_fault_alloc 5063
thp_fault_fallback 6588
thp_collapse_alloc 1040
thp_collapse_alloc_failed 0
thp_split 5567
thp_zero_page_alloc 1
thp_zero_page_alloc_failed 0
thp_promote 0
thp_fault_alloc 5065
thp_fault_fallback 6588
thp_collapse_alloc 1040
thp_collapse_alloc_failed 0
thp_split 5567
thp_zero_page_alloc 1
thp_zero_page_alloc_failed 0
thp_promote 0
thp_fault_alloc 5068
thp_fault_fallback 6588
thp_collapse_alloc 1040
thp_collapse_alloc_failed 0
thp_split 5567
thp_zero_page_alloc 1
thp_zero_page_alloc_failed 0
thp_promote 0
thp_fault_alloc 5071
thp_fault_fallback 6588
thp_collapse_alloc 1040
thp_collapse_alloc_failed 0
thp_split 5567
thp_zero_page_alloc 1
thp_zero_page_alloc_failed 0
thp_promote 0
thp_fault_alloc 5073
thp_fault_fallback 6588
thp_collapse_alloc 1040
thp_collapse_alloc_failed 0
thp_split 5567
thp_zero_page_alloc 1
thp_zero_page_alloc_failed 0
thp_promote 0
thp_fault_alloc 5076
thp_fault_fallback 6588
thp_collapse_alloc 1041
thp_collapse_alloc_failed 0
thp_split 5567
thp_zero_page_alloc 1
thp_zero_page_alloc_failed 0
thp_promote 0
thp_fault_alloc 5078
thp_fault_fallback 6588
thp_collapse_alloc 1041
thp_collapse_alloc_failed 0
thp_split 5567
thp_zero_page_alloc 1
thp_zero_page_alloc_failed 0
thp_promote 0
thp_fault_alloc 5082
thp_fault_fallback 6588
thp_collapse_alloc 1041
thp_collapse_alloc_failed 0
thp_split 5567
thp_zero_page_alloc 1
thp_zero_page_alloc_failed 0
thp_promote 0
thp_fault_alloc 5085
thp_fault_fallback 6588
thp_collapse_alloc 1041
thp_collapse_alloc_failed 0
thp_split 5567
thp_zero_page_alloc 1
thp_zero_page_alloc_failed 0
thp_promote 0
thp_fault_alloc 5089
thp_fault_fallback 6588
thp_collapse_alloc 1041
thp_collapse_alloc_failed 0
thp_split 5567
thp_zero_page_alloc 1
thp_zero_page_alloc_failed 0
thp_promote 0
thp_fault_alloc 5092
thp_fault_fallback 6588
thp_collapse_alloc 1041
thp_collapse_alloc_failed 0
thp_split 5567
thp_zero_page_alloc 1
thp_zero_page_alloc_failed 0
thp_promote 0
thp_fault_alloc 5096
thp_fault_fallback 6588
thp_collapse_alloc 1041
thp_collapse_alloc_failed 0
thp_split 5567
thp_zero_page_alloc 1
thp_zero_page_alloc_failed 0
thp_promote 0
thp_fault_alloc 5100
thp_fault_fallback 6588
thp_collapse_alloc 1041
thp_collapse_alloc_failed 0
thp_split 5567
thp_zero_page_alloc 1
thp_zero_page_alloc_failed 0
thp_promote 0
thp_fault_alloc 5104
thp_fault_fallback 6588
thp_collapse_alloc 1041
thp_collapse_alloc_failed 0
thp_split 5567
thp_zero_page_alloc 1
thp_zero_page_alloc_failed 0
thp_promote 0
thp_fault_alloc 5108
thp_fault_fallback 6588
thp_collapse_alloc 1041
thp_collapse_alloc_failed 0
thp_split 5567
thp_zero_page_alloc 1
thp_zero_page_alloc_failed 0
thp_promote 0
thp_fault_alloc 5113
thp_fault_fallback 6588
thp_collapse_alloc 1041
thp_collapse_alloc_failed 0
thp_split 5567
thp_zero_page_alloc 1
thp_zero_page_alloc_failed 0
thp_promote 0
thp_fault_alloc 5117
thp_fault_fallback 6588
thp_collapse_alloc 1041
thp_collapse_alloc_failed 0
thp_split 5567
thp_zero_page_alloc 1
thp_zero_page_alloc_failed 0
thp_promote 0
thp_fault_alloc 5122
thp_fault_fallback 6588
thp_collapse_alloc 1041
thp_collapse_alloc_failed 0
thp_split 5567
thp_zero_page_alloc 1
thp_zero_page_alloc_failed 0
thp_promote 0
thp_fault_alloc 5126
thp_fault_fallback 6588
thp_collapse_alloc 1041
thp_collapse_alloc_failed 0
thp_split 5567
thp_zero_page_alloc 1
thp_zero_page_alloc_failed 0
thp_promote 0
thp_fault_alloc 5132
thp_fault_fallback 6588
thp_collapse_alloc 1041
thp_collapse_alloc_failed 0
thp_split 5567
thp_zero_page_alloc 1
thp_zero_page_alloc_failed 0
thp_promote 0
thp_fault_alloc 5137
thp_fault_fallback 6588
thp_collapse_alloc 1041
thp_collapse_alloc_failed 0
thp_split 5567
thp_zero_page_alloc 1
thp_zero_page_alloc_failed 0
thp_promote 0
thp_fault_alloc 5141
thp_fault_fallback 6588
thp_collapse_alloc 1041
thp_collapse_alloc_failed 0
thp_split 5567
thp_zero_page_alloc 1
thp_zero_page_alloc_failed 0
thp_promote 0
thp_fault_alloc 5147
thp_fault_fallback 6588
thp_collapse_alloc 1043
thp_collapse_alloc_failed 0
thp_split 5567
thp_zero_page_alloc 1
thp_zero_page_alloc_failed 0
thp_promote 0
thp_fault_alloc 5152
thp_fault_fallback 6588
thp_collapse_alloc 1043
thp_collapse_alloc_failed 0
thp_split 5567
thp_zero_page_alloc 1
thp_zero_page_alloc_failed 0
thp_promote 0
thp_fault_alloc 5158
thp_fault_fallback 6588
thp_collapse_alloc 1043
thp_collapse_alloc_failed 0
thp_split 5567
thp_zero_page_alloc 1
thp_zero_page_alloc_failed 0
thp_promote 0
thp_fault_alloc 5163
thp_fault_fallback 6588
thp_collapse_alloc 1043
thp_collapse_alloc_failed 0
thp_split 5567
thp_zero_page_alloc 1
thp_zero_page_alloc_failed 0
thp_promote 0
thp_fault_alloc 5183
thp_fault_fallback 6588
thp_collapse_alloc 1043
thp_collapse_alloc_failed 0
thp_split 5567
thp_zero_page_alloc 1
thp_zero_page_alloc_failed 0
thp_promote 0
thp_fault_alloc 5188
thp_fault_fallback 6588
thp_collapse_alloc 1043
thp_collapse_alloc_failed 0
thp_split 5567
thp_zero_page_alloc 1
thp_zero_page_alloc_failed 0
thp_promote 0
thp_fault_alloc 5194
thp_fault_fallback 6588
thp_collapse_alloc 1043
thp_collapse_alloc_failed 0
thp_split 5567
thp_zero_page_alloc 1
thp_zero_page_alloc_failed 0
thp_promote 0
thp_fault_alloc 5196
thp_fault_fallback 6588
thp_collapse_alloc 2171
thp_collapse_alloc_failed 0
thp_split 5567
thp_zero_page_alloc 1
thp_zero_page_alloc_failed 0
thp_promote 0
thp_fault_alloc 5201
thp_fault_fallback 6588
thp_collapse_alloc 2845
thp_collapse_alloc_failed 0
thp_split 5567
thp_zero_page_alloc 1
thp_zero_page_alloc_failed 0
thp_promote 0
thp_fault_alloc 5206
thp_fault_fallback 6588
thp_collapse_alloc 2845
thp_collapse_alloc_failed 0
thp_split 5567
thp_zero_page_alloc 1
thp_zero_page_alloc_failed 0
thp_promote 0
thp_fault_alloc 5211
thp_fault_fallback 6588
thp_collapse_alloc 2845
thp_collapse_alloc_failed 0
thp_split 5567
thp_zero_page_alloc 1
thp_zero_page_alloc_failed 0
thp_promote 0
thp_fault_alloc 5217
thp_fault_fallback 6588
thp_collapse_alloc 2845
thp_collapse_alloc_failed 0
thp_split 5567
thp_zero_page_alloc 1
thp_zero_page_alloc_failed 0
thp_promote 0
thp_fault_alloc 5222
thp_fault_fallback 6588
thp_collapse_alloc 2845
thp_collapse_alloc_failed 0
thp_split 5567
thp_zero_page_alloc 1
thp_zero_page_alloc_failed 0
thp_promote 0
thp_fault_alloc 5227
thp_fault_fallback 6588
thp_collapse_alloc 2845
thp_collapse_alloc_failed 0
thp_split 5567
thp_zero_page_alloc 1
thp_zero_page_alloc_failed 0
thp_promote 0
thp_fault_alloc 5233
thp_fault_fallback 6588
thp_collapse_alloc 2845
thp_collapse_alloc_failed 0
thp_split 5567
thp_zero_page_alloc 1
thp_zero_page_alloc_failed 0
thp_promote 0
thp_fault_alloc 5237
thp_fault_fallback 6588
thp_collapse_alloc 2845
thp_collapse_alloc_failed 0
thp_split 5567
thp_zero_page_alloc 1
thp_zero_page_alloc_failed 0
thp_promote 0
thp_fault_alloc 5243
thp_fault_fallback 6588
thp_collapse_alloc 2845
thp_collapse_alloc_failed 0
thp_split 5567
thp_zero_page_alloc 1
thp_zero_page_alloc_failed 0
thp_promote 0
thp_fault_alloc 5247
thp_fault_fallback 6588
thp_collapse_alloc 3193
thp_collapse_alloc_failed 0
thp_split 5567
thp_zero_page_alloc 1
thp_zero_page_alloc_failed 0
thp_promote 0
thp_fault_alloc 5251
thp_fault_fallback 6588
thp_collapse_alloc 4601
thp_collapse_alloc_failed 0
thp_split 5567
thp_zero_page_alloc 1
thp_zero_page_alloc_failed 0
thp_promote 0
thp_fault_alloc 5256
thp_fault_fallback 6588
thp_collapse_alloc 5935
thp_collapse_alloc_failed 0
thp_split 5567
thp_zero_page_alloc 1
thp_zero_page_alloc_failed 0
thp_promote 0
thp_fault_alloc 5261
thp_fault_fallback 6588
thp_collapse_alloc 6562
thp_collapse_alloc_failed 0
thp_split 5567
thp_zero_page_alloc 1
thp_zero_page_alloc_failed 0
thp_promote 0
thp_fault_alloc 5267
thp_fault_fallback 6588
thp_collapse_alloc 6562
thp_collapse_alloc_failed 0
thp_split 5567
thp_zero_page_alloc 1
thp_zero_page_alloc_failed 0
thp_promote 0
thp_fault_alloc 5272
thp_fault_fallback 6588
thp_collapse_alloc 6562
thp_collapse_alloc_failed 0
thp_split 5567
thp_zero_page_alloc 1
thp_zero_page_alloc_failed 0
thp_promote 0
thp_fault_alloc 5277
thp_fault_fallback 6588
thp_collapse_alloc 6562
thp_collapse_alloc_failed 0
thp_split 5567
thp_zero_page_alloc 1
thp_zero_page_alloc_failed 0
thp_promote 0
thp_fault_alloc 5282
thp_fault_fallback 6588
thp_collapse_alloc 6562
thp_collapse_alloc_failed 0
thp_split 5567
thp_zero_page_alloc 1
thp_zero_page_alloc_failed 0
thp_promote 0
thp_fault_alloc 5287
thp_fault_fallback 6588
thp_collapse_alloc 6562
thp_collapse_alloc_failed 0
thp_split 5567
thp_zero_page_alloc 1
thp_zero_page_alloc_failed 0
thp_promote 0
thp_fault_alloc 5291
thp_fault_fallback 6588
thp_collapse_alloc 6562
thp_collapse_alloc_failed 0
thp_split 5567
thp_zero_page_alloc 1
thp_zero_page_alloc_failed 0
thp_promote 0
thp_fault_alloc 5295
thp_fault_fallback 6588
thp_collapse_alloc 6562
thp_collapse_alloc_failed 0
thp_split 5567
thp_zero_page_alloc 1
thp_zero_page_alloc_failed 0
thp_promote 0
thp_fault_alloc 5299
thp_fault_fallback 6588
thp_collapse_alloc 6562
thp_collapse_alloc_failed 0
thp_split 5567
thp_zero_page_alloc 1
thp_zero_page_alloc_failed 0
thp_promote 0
thp_fault_alloc 5304
thp_fault_fallback 6588
thp_collapse_alloc 6613
thp_collapse_alloc_failed 0
thp_split 5567
thp_zero_page_alloc 1
thp_zero_page_alloc_failed 0
thp_promote 0
thp_fault_alloc 5312
thp_fault_fallback 6588
thp_collapse_alloc 7054
thp_collapse_alloc_failed 0
thp_split 5567
thp_zero_page_alloc 1
thp_zero_page_alloc_failed 0
thp_promote 0
thp_fault_alloc 5321
thp_fault_fallback 6588
thp_collapse_alloc 7054
thp_collapse_alloc_failed 0
thp_split 5567
thp_zero_page_alloc 1
thp_zero_page_alloc_failed 0
thp_promote 0
thp_fault_alloc 5331
thp_fault_fallback 6588
thp_collapse_alloc 7054
thp_collapse_alloc_failed 0
thp_split 5567
thp_zero_page_alloc 1
thp_zero_page_alloc_failed 0
thp_promote 0
thp_fault_alloc 5339
thp_fault_fallback 6588
thp_collapse_alloc 7054
thp_collapse_alloc_failed 0
thp_split 5567
thp_zero_page_alloc 1
thp_zero_page_alloc_failed 0
thp_promote 0
thp_fault_alloc 5351
thp_fault_fallback 6588
thp_collapse_alloc 7054
thp_collapse_alloc_failed 0
thp_split 5567
thp_zero_page_alloc 1
thp_zero_page_alloc_failed 0
thp_promote 0
thp_fault_alloc 5359
thp_fault_fallback 6588
thp_collapse_alloc 7054
thp_collapse_alloc_failed 0
thp_split 5567
thp_zero_page_alloc 1
thp_zero_page_alloc_failed 0
thp_promote 0
thp_fault_alloc 5369
thp_fault_fallback 6588
thp_collapse_alloc 7054
thp_collapse_alloc_failed 0
thp_split 5567
thp_zero_page_alloc 1
thp_zero_page_alloc_failed 0
thp_promote 0
thp_fault_alloc 5378
thp_fault_fallback 6588
thp_collapse_alloc 7054
thp_collapse_alloc_failed 0
thp_split 5567
thp_zero_page_alloc 1
thp_zero_page_alloc_failed 0
thp_promote 0
thp_fault_alloc 5386
thp_fault_fallback 6588
thp_collapse_alloc 7054
thp_collapse_alloc_failed 0
thp_split 5567
thp_zero_page_alloc 1
thp_zero_page_alloc_failed 0
thp_promote 0
thp_fault_alloc 5396
thp_fault_fallback 6588
thp_collapse_alloc 7574
thp_collapse_alloc_failed 0
thp_split 5567
thp_zero_page_alloc 1
thp_zero_page_alloc_failed 0
thp_promote 0
thp_fault_alloc 5404
thp_fault_fallback 6588
thp_collapse_alloc 9033
thp_collapse_alloc_failed 0
thp_split 5567
thp_zero_page_alloc 1
thp_zero_page_alloc_failed 0
thp_promote 0
thp_fault_alloc 5413
thp_fault_fallback 6588
thp_collapse_alloc 9611
thp_collapse_alloc_failed 0
thp_split 5567
thp_zero_page_alloc 1
thp_zero_page_alloc_failed 0
thp_promote 0
thp_fault_alloc 5421
thp_fault_fallback 6588
thp_collapse_alloc 9611
thp_collapse_alloc_failed 0
thp_split 5567
thp_zero_page_alloc 1
thp_zero_page_alloc_failed 0
thp_promote 0
thp_fault_alloc 5433
thp_fault_fallback 6588
thp_collapse_alloc 9611
thp_collapse_alloc_failed 0
thp_split 5567
thp_zero_page_alloc 1
thp_zero_page_alloc_failed 0
thp_promote 0
thp_fault_alloc 5444
thp_fault_fallback 6588
thp_collapse_alloc 9611
thp_collapse_alloc_failed 0
thp_split 5567
thp_zero_page_alloc 1
thp_zero_page_alloc_failed 0
thp_promote 0
thp_fault_alloc 5453
thp_fault_fallback 6588
thp_collapse_alloc 9611
thp_collapse_alloc_failed 0
thp_split 5567
thp_zero_page_alloc 1
thp_zero_page_alloc_failed 0
thp_promote 0
thp_fault_alloc 5462
thp_fault_fallback 6588
thp_collapse_alloc 9611
thp_collapse_alloc_failed 0
thp_split 5567
thp_zero_page_alloc 1
thp_zero_page_alloc_failed 0
thp_promote 0
thp_fault_alloc 5471
thp_fault_fallback 6588
thp_collapse_alloc 9611
thp_collapse_alloc_failed 0
thp_split 5567
thp_zero_page_alloc 1
thp_zero_page_alloc_failed 0
thp_promote 0
thp_fault_alloc 5481
thp_fault_fallback 6588
thp_collapse_alloc 9611
thp_collapse_alloc_failed 0
thp_split 5567
thp_zero_page_alloc 1
thp_zero_page_alloc_failed 0
thp_promote 0
thp_fault_alloc 5489
thp_fault_fallback 6588
thp_collapse_alloc 9611
thp_collapse_alloc_failed 0
thp_split 5567
thp_zero_page_alloc 1
thp_zero_page_alloc_failed 0
thp_promote 0
thp_fault_alloc 5498
thp_fault_fallback 6588
thp_collapse_alloc 9611
thp_collapse_alloc_failed 0
thp_split 5567
thp_zero_page_alloc 1
thp_zero_page_alloc_failed 0
thp_promote 0
thp_fault_alloc 5508
thp_fault_fallback 6588
thp_collapse_alloc 9611
thp_collapse_alloc_failed 0
thp_split 5567
thp_zero_page_alloc 1
thp_zero_page_alloc_failed 0
thp_promote 0
thp_fault_alloc 5517
thp_fault_fallback 6588
thp_collapse_alloc 9611
thp_collapse_alloc_failed 0
thp_split 5567
thp_zero_page_alloc 1
thp_zero_page_alloc_failed 0
thp_promote 0
thp_fault_alloc 5525
thp_fault_fallback 6588
thp_collapse_alloc 9611
thp_collapse_alloc_failed 0
thp_split 5567
thp_zero_page_alloc 1
thp_zero_page_alloc_failed 0
thp_promote 0
thp_fault_alloc 5534
thp_fault_fallback 6588
thp_collapse_alloc 9611
thp_collapse_alloc_failed 0
thp_split 5567
thp_zero_page_alloc 1
thp_zero_page_alloc_failed 0
thp_promote 0
thp_fault_alloc 5544
thp_fault_fallback 6588
thp_collapse_alloc 9611
thp_collapse_alloc_failed 0
thp_split 5567
thp_zero_page_alloc 1
thp_zero_page_alloc_failed 0
thp_promote 0
thp_fault_alloc 5553
thp_fault_fallback 6588
thp_collapse_alloc 9611
thp_collapse_alloc_failed 0
thp_split 5567
thp_zero_page_alloc 1
thp_zero_page_alloc_failed 0
thp_promote 0
thp_fault_alloc 5561
thp_fault_fallback 6588
thp_collapse_alloc 9611
thp_collapse_alloc_failed 0
thp_split 5568
thp_zero_page_alloc 1
thp_zero_page_alloc_failed 0
thp_promote 0
thp_fault_alloc 5570
thp_fault_fallback 6588
thp_collapse_alloc 9611
thp_collapse_alloc_failed 0
thp_split 5568
thp_zero_page_alloc 1
thp_zero_page_alloc_failed 0
thp_promote 0
thp_fault_alloc 5579
thp_fault_fallback 6588
thp_collapse_alloc 9611
thp_collapse_alloc_failed 0
thp_split 5568
thp_zero_page_alloc 1
thp_zero_page_alloc_failed 0
thp_promote 0
thp_fault_alloc 5589
thp_fault_fallback 6588
thp_collapse_alloc 9611
thp_collapse_alloc_failed 0
thp_split 5568
thp_zero_page_alloc 1
thp_zero_page_alloc_failed 0
thp_promote 0
thp_fault_alloc 5600
thp_fault_fallback 6588
thp_collapse_alloc 9613
thp_collapse_alloc_failed 0
thp_split 5568
thp_zero_page_alloc 1
thp_zero_page_alloc_failed 0
thp_promote 0
thp_fault_alloc 5611
thp_fault_fallback 6588
thp_collapse_alloc 9613
thp_collapse_alloc_failed 0
thp_split 5568
thp_zero_page_alloc 1
thp_zero_page_alloc_failed 0
thp_promote 0
thp_fault_alloc 5622
thp_fault_fallback 6588
thp_collapse_alloc 9613
thp_collapse_alloc_failed 0
thp_split 5568
thp_zero_page_alloc 1
thp_zero_page_alloc_failed 0
thp_promote 0
thp_fault_alloc 5632
thp_fault_fallback 6588
thp_collapse_alloc 9613
thp_collapse_alloc_failed 0
thp_split 5568
thp_zero_page_alloc 1
thp_zero_page_alloc_failed 0
thp_promote 0
thp_fault_alloc 5644
thp_fault_fallback 6588
thp_collapse_alloc 9613
thp_collapse_alloc_failed 0
thp_split 5568
thp_zero_page_alloc 1
thp_zero_page_alloc_failed 0
thp_promote 0
thp_fault_alloc 5656
thp_fault_fallback 6588
thp_collapse_alloc 9613
thp_collapse_alloc_failed 0
thp_split 5568
thp_zero_page_alloc 1
thp_zero_page_alloc_failed 0
thp_promote 0
thp_fault_alloc 5668
thp_fault_fallback 6588
thp_collapse_alloc 9613
thp_collapse_alloc_failed 0
thp_split 5568
thp_zero_page_alloc 1
thp_zero_page_alloc_failed 0
thp_promote 0
thp_fault_alloc 5680
thp_fault_fallback 6588
thp_collapse_alloc 9613
thp_collapse_alloc_failed 0
thp_split 5568
thp_zero_page_alloc 1
thp_zero_page_alloc_failed 0
thp_promote 0
thp_fault_alloc 5692
thp_fault_fallback 6588
thp_collapse_alloc 9613
thp_collapse_alloc_failed 0
thp_split 5568
thp_zero_page_alloc 1
thp_zero_page_alloc_failed 0
thp_promote 0
thp_fault_alloc 5704
thp_fault_fallback 6588
thp_collapse_alloc 9613
thp_collapse_alloc_failed 0
thp_split 5568
thp_zero_page_alloc 1
thp_zero_page_alloc_failed 0
thp_promote 0
thp_fault_alloc 5716
thp_fault_fallback 6588
thp_collapse_alloc 9613
thp_collapse_alloc_failed 0
thp_split 5568
thp_zero_page_alloc 1
thp_zero_page_alloc_failed 0
thp_promote 0
thp_fault_alloc 5727
thp_fault_fallback 6588
thp_collapse_alloc 9613
thp_collapse_alloc_failed 0
thp_split 5568
thp_zero_page_alloc 1
thp_zero_page_alloc_failed 0
thp_promote 0
thp_fault_alloc 5740
thp_fault_fallback 6588
thp_collapse_alloc 9613
thp_collapse_alloc_failed 0
thp_split 5568
thp_zero_page_alloc 1
thp_zero_page_alloc_failed 0
thp_promote 0
thp_fault_alloc 5752
thp_fault_fallback 6588
thp_collapse_alloc 9613
thp_collapse_alloc_failed 0
thp_split 5568
thp_zero_page_alloc 1
thp_zero_page_alloc_failed 0
thp_promote 0
thp_fault_alloc 5763
thp_fault_fallback 6588
thp_collapse_alloc 9613
thp_collapse_alloc_failed 0
thp_split 5568
thp_zero_page_alloc 1
thp_zero_page_alloc_failed 0
thp_promote 0
thp_fault_alloc 5773
thp_fault_fallback 6588
thp_collapse_alloc 9613
thp_collapse_alloc_failed 0
thp_split 5569
thp_zero_page_alloc 1
thp_zero_page_alloc_failed 0
thp_promote 0
thp_fault_alloc 5784
thp_fault_fallback 6588
thp_collapse_alloc 9613
thp_collapse_alloc_failed 0
thp_split 5569
thp_zero_page_alloc 1
thp_zero_page_alloc_failed 0
thp_promote 0
thp_fault_alloc 5796
thp_fault_fallback 6588
thp_collapse_alloc 9613
thp_collapse_alloc_failed 0
thp_split 5569
thp_zero_page_alloc 1
thp_zero_page_alloc_failed 0
thp_promote 0
thp_fault_alloc 5808
thp_fault_fallback 6588
thp_collapse_alloc 9613
thp_collapse_alloc_failed 0
thp_split 5569
thp_zero_page_alloc 1
thp_zero_page_alloc_failed 0
thp_promote 0
thp_fault_alloc 5818
thp_fault_fallback 6588
thp_collapse_alloc 9614
thp_collapse_alloc_failed 0
thp_split 5569
thp_zero_page_alloc 1
thp_zero_page_alloc_failed 0
thp_promote 0
thp_fault_alloc 5830
thp_fault_fallback 6588
thp_collapse_alloc 9614
thp_collapse_alloc_failed 0
thp_split 5569
thp_zero_page_alloc 1
thp_zero_page_alloc_failed 0
thp_promote 0
thp_fault_alloc 5843
thp_fault_fallback 6588
thp_collapse_alloc 9614
thp_collapse_alloc_failed 0
thp_split 5569
thp_zero_page_alloc 1
thp_zero_page_alloc_failed 0
thp_promote 0
thp_fault_alloc 5854
thp_fault_fallback 6588
thp_collapse_alloc 9614
thp_collapse_alloc_failed 0
thp_split 5569
thp_zero_page_alloc 1
thp_zero_page_alloc_failed 0
thp_promote 0
thp_fault_alloc 5863
thp_fault_fallback 6588
thp_collapse_alloc 9614
thp_collapse_alloc_failed 0
thp_split 5569
thp_zero_page_alloc 1
thp_zero_page_alloc_failed 0
thp_promote 0
thp_fault_alloc 5874
thp_fault_fallback 6588
thp_collapse_alloc 9614
thp_collapse_alloc_failed 0
thp_split 5569
thp_zero_page_alloc 1
thp_zero_page_alloc_failed 0
thp_promote 0
thp_fault_alloc 5886
thp_fault_fallback 6588
thp_collapse_alloc 9614
thp_collapse_alloc_failed 0
thp_split 5569
thp_zero_page_alloc 1
thp_zero_page_alloc_failed 0
thp_promote 0
thp_fault_alloc 5897
thp_fault_fallback 6588
thp_collapse_alloc 9614
thp_collapse_alloc_failed 0
thp_split 5569
thp_zero_page_alloc 1
thp_zero_page_alloc_failed 0
thp_promote 0
thp_fault_alloc 5909
thp_fault_fallback 6588
thp_collapse_alloc 9614
thp_collapse_alloc_failed 0
thp_split 5569
thp_zero_page_alloc 1
thp_zero_page_alloc_failed 0
thp_promote 0
thp_fault_alloc 5921
thp_fault_fallback 6588
thp_collapse_alloc 9614
thp_collapse_alloc_failed 0
thp_split 5569
thp_zero_page_alloc 1
thp_zero_page_alloc_failed 0
thp_promote 0
thp_fault_alloc 5934
thp_fault_fallback 6588
thp_collapse_alloc 9614
thp_collapse_alloc_failed 0
thp_split 5569
thp_zero_page_alloc 1
thp_zero_page_alloc_failed 0
thp_promote 0
thp_fault_alloc 5944
thp_fault_fallback 6588
thp_collapse_alloc 9614
thp_collapse_alloc_failed 0
thp_split 5569
thp_zero_page_alloc 1
thp_zero_page_alloc_failed 0
thp_promote 0
thp_fault_alloc 5956
thp_fault_fallback 6588
thp_collapse_alloc 9614
thp_collapse_alloc_failed 0
thp_split 5569
thp_zero_page_alloc 1
thp_zero_page_alloc_failed 0
thp_promote 0
thp_fault_alloc 5968
thp_fault_fallback 6588
thp_collapse_alloc 9614
thp_collapse_alloc_failed 0
thp_split 5569
thp_zero_page_alloc 1
thp_zero_page_alloc_failed 0
thp_promote 0
thp_fault_alloc 5980
thp_fault_fallback 6588
thp_collapse_alloc 9614
thp_collapse_alloc_failed 0
thp_split 5569
thp_zero_page_alloc 1
thp_zero_page_alloc_failed 0
thp_promote 0
thp_fault_alloc 5990
thp_fault_fallback 6588
thp_collapse_alloc 9614
thp_collapse_alloc_failed 0
thp_split 5569
thp_zero_page_alloc 1
thp_zero_page_alloc_failed 0
thp_promote 0
thp_fault_alloc 6000
thp_fault_fallback 6588
thp_collapse_alloc 9614
thp_collapse_alloc_failed 0
thp_split 5569
thp_zero_page_alloc 1
thp_zero_page_alloc_failed 0
thp_promote 0
thp_fault_alloc 6011
thp_fault_fallback 6588
thp_collapse_alloc 9614
thp_collapse_alloc_failed 0
thp_split 5569
thp_zero_page_alloc 1
thp_zero_page_alloc_failed 0
thp_promote 0
thp_fault_alloc 6020
thp_fault_fallback 6725
thp_collapse_alloc 9614
thp_collapse_alloc_failed 0
thp_split 5706
thp_zero_page_alloc 1
thp_zero_page_alloc_failed 0
thp_promote 0
thp_fault_alloc 6028
thp_fault_fallback 6992
thp_collapse_alloc 9614
thp_collapse_alloc_failed 0
thp_split 5973
thp_zero_page_alloc 1
thp_zero_page_alloc_failed 0
thp_promote 0
thp_fault_alloc 6035
thp_fault_fallback 7260
thp_collapse_alloc 9615
thp_collapse_alloc_failed 0
thp_split 6241
thp_zero_page_alloc 1
thp_zero_page_alloc_failed 0
thp_promote 0
thp_fault_alloc 6047
thp_fault_fallback 7532
thp_collapse_alloc 9615
thp_collapse_alloc_failed 0
thp_split 6513
thp_zero_page_alloc 1
thp_zero_page_alloc_failed 0
thp_promote 0
thp_fault_alloc 6057
thp_fault_fallback 7804
thp_collapse_alloc 9615
thp_collapse_alloc_failed 0
thp_split 6785
thp_zero_page_alloc 1
thp_zero_page_alloc_failed 0
thp_promote 0
thp_fault_alloc 6068
thp_fault_fallback 8079
thp_collapse_alloc 9615
thp_collapse_alloc_failed 0
thp_split 7060
thp_zero_page_alloc 1
thp_zero_page_alloc_failed 0
thp_promote 0
thp_fault_alloc 6079
thp_fault_fallback 8356
thp_collapse_alloc 9615
thp_collapse_alloc_failed 0
thp_split 7337
thp_zero_page_alloc 1
thp_zero_page_alloc_failed 0
thp_promote 0
thp_fault_alloc 6088
thp_fault_fallback 8634
thp_collapse_alloc 9615
thp_collapse_alloc_failed 0
thp_split 7615
thp_zero_page_alloc 1
thp_zero_page_alloc_failed 0
thp_promote 0
thp_fault_alloc 6099
thp_fault_fallback 8916
thp_collapse_alloc 9615
thp_collapse_alloc_failed 0
thp_split 7897
thp_zero_page_alloc 1
thp_zero_page_alloc_failed 0
thp_promote 0
thp_fault_alloc 6119
thp_fault_fallback 9197
thp_collapse_alloc 9615
thp_collapse_alloc_failed 0
thp_split 8178
thp_zero_page_alloc 1
thp_zero_page_alloc_failed 0
thp_promote 0
thp_fault_alloc 6130
thp_fault_fallback 9480
thp_collapse_alloc 9615
thp_collapse_alloc_failed 0
thp_split 8461
thp_zero_page_alloc 1
thp_zero_page_alloc_failed 0
thp_promote 0
thp_fault_alloc 6138
thp_fault_fallback 9766
thp_collapse_alloc 9615
thp_collapse_alloc_failed 0
thp_split 8747
thp_zero_page_alloc 1
thp_zero_page_alloc_failed 0
thp_promote 0
thp_fault_alloc 6147
thp_fault_fallback 10052
thp_collapse_alloc 9615
thp_collapse_alloc_failed 0
thp_split 9033
thp_zero_page_alloc 1
thp_zero_page_alloc_failed 0
thp_promote 0
thp_fault_alloc 6158
thp_fault_fallback 10342
thp_collapse_alloc 9615
thp_collapse_alloc_failed 0
thp_split 9323
thp_zero_page_alloc 1
thp_zero_page_alloc_failed 0
thp_promote 0
thp_fault_alloc 6167
thp_fault_fallback 12424
thp_collapse_alloc 9615
thp_collapse_alloc_failed 0
thp_split 11405
thp_zero_page_alloc 1
thp_zero_page_alloc_failed 0
thp_promote 0
thp_fault_alloc 6178
thp_fault_fallback 12424
thp_collapse_alloc 9615
thp_collapse_alloc_failed 0
thp_split 11405
thp_zero_page_alloc 1
thp_zero_page_alloc_failed 0
thp_promote 0
thp_fault_alloc 6198
thp_fault_fallback 12424
thp_collapse_alloc 9615
thp_collapse_alloc_failed 0
thp_split 11405
thp_zero_page_alloc 1
thp_zero_page_alloc_failed 0
thp_promote 0
thp_fault_alloc 6209
thp_fault_fallback 12424
thp_collapse_alloc 9615
thp_collapse_alloc_failed 0
thp_split 11405
thp_zero_page_alloc 1
thp_zero_page_alloc_failed 0
thp_promote 0
thp_fault_alloc 6220
thp_fault_fallback 12424
thp_collapse_alloc 9615
thp_collapse_alloc_failed 0
thp_split 11405
thp_zero_page_alloc 1
thp_zero_page_alloc_failed 0
thp_promote 0
thp_fault_alloc 6232
thp_fault_fallback 12424
thp_collapse_alloc 9615
thp_collapse_alloc_failed 0
thp_split 11405
thp_zero_page_alloc 1
thp_zero_page_alloc_failed 0
thp_promote 0
thp_fault_alloc 6243
thp_fault_fallback 12424
thp_collapse_alloc 9615
thp_collapse_alloc_failed 0
thp_split 11405
thp_zero_page_alloc 1
thp_zero_page_alloc_failed 0
thp_promote 0
thp_fault_alloc 6263
thp_fault_fallback 12424
thp_collapse_alloc 9615
thp_collapse_alloc_failed 0
thp_split 11405
thp_zero_page_alloc 1
thp_zero_page_alloc_failed 0
thp_promote 0
thp_fault_alloc 6276
thp_fault_fallback 12424
thp_collapse_alloc 9615
thp_collapse_alloc_failed 0
thp_split 11405
thp_zero_page_alloc 1
thp_zero_page_alloc_failed 0
thp_promote 0
thp_fault_alloc 6288
thp_fault_fallback 12424
thp_collapse_alloc 9615
thp_collapse_alloc_failed 0
thp_split 11405
thp_zero_page_alloc 1
thp_zero_page_alloc_failed 0
thp_promote 0
thp_fault_alloc 6299
thp_fault_fallback 12424
thp_collapse_alloc 9615
thp_collapse_alloc_failed 0
thp_split 11405
thp_zero_page_alloc 1
thp_zero_page_alloc_failed 0
thp_promote 0
thp_fault_alloc 6311
thp_fault_fallback 12424
thp_collapse_alloc 9615
thp_collapse_alloc_failed 0
thp_split 11405
thp_zero_page_alloc 1
thp_zero_page_alloc_failed 0
thp_promote 0
thp_fault_alloc 6323
thp_fault_fallback 12424
thp_collapse_alloc 9615
thp_collapse_alloc_failed 0
thp_split 11405
thp_zero_page_alloc 1
thp_zero_page_alloc_failed 0
thp_promote 0
thp_fault_alloc 6347
thp_fault_fallback 12424
thp_collapse_alloc 9615
thp_collapse_alloc_failed 0
thp_split 11405
thp_zero_page_alloc 1
thp_zero_page_alloc_failed 0
thp_promote 0
thp_fault_alloc 6361
thp_fault_fallback 12424
thp_collapse_alloc 9615
thp_collapse_alloc_failed 0
thp_split 11405
thp_zero_page_alloc 1
thp_zero_page_alloc_failed 0
thp_promote 0
thp_fault_alloc 6373
thp_fault_fallback 12424
thp_collapse_alloc 9615
thp_collapse_alloc_failed 0
thp_split 11405
thp_zero_page_alloc 1
thp_zero_page_alloc_failed 0
thp_promote 0
thp_fault_alloc 6384
thp_fault_fallback 12424
thp_collapse_alloc 9615
thp_collapse_alloc_failed 0
thp_split 11405
thp_zero_page_alloc 1
thp_zero_page_alloc_failed 0
thp_promote 0
thp_fault_alloc 6395
thp_fault_fallback 12424
thp_collapse_alloc 9615
thp_collapse_alloc_failed 0
thp_split 11405
thp_zero_page_alloc 1
thp_zero_page_alloc_failed 0
thp_promote 0
thp_fault_alloc 6409
thp_fault_fallback 12424
thp_collapse_alloc 9615
thp_collapse_alloc_failed 0
thp_split 11405
thp_zero_page_alloc 1
thp_zero_page_alloc_failed 0
thp_promote 0
thp_fault_alloc 6421
thp_fault_fallback 12424
thp_collapse_alloc 9615
thp_collapse_alloc_failed 0
thp_split 11405
thp_zero_page_alloc 1
thp_zero_page_alloc_failed 0
thp_promote 0
thp_fault_alloc 6442
thp_fault_fallback 12424
thp_collapse_alloc 9615
thp_collapse_alloc_failed 0
thp_split 11405
thp_zero_page_alloc 1
thp_zero_page_alloc_failed 0
thp_promote 0
thp_fault_alloc 6459
thp_fault_fallback 12424
thp_collapse_alloc 9615
thp_collapse_alloc_failed 0
thp_split 11405
thp_zero_page_alloc 1
thp_zero_page_alloc_failed 0
thp_promote 0
thp_fault_alloc 6471
thp_fault_fallback 12424
thp_collapse_alloc 9615
thp_collapse_alloc_failed 0
thp_split 11405
thp_zero_page_alloc 1
thp_zero_page_alloc_failed 0
thp_promote 0
thp_fault_alloc 6483
thp_fault_fallback 12424
thp_collapse_alloc 9703
thp_collapse_alloc_failed 0
thp_split 11405
thp_zero_page_alloc 1
thp_zero_page_alloc_failed 0
thp_promote 0
thp_fault_alloc 6497
thp_fault_fallback 12424
thp_collapse_alloc 9804
thp_collapse_alloc_failed 0
thp_split 11405
thp_zero_page_alloc 1
thp_zero_page_alloc_failed 0
thp_promote 0
thp_fault_alloc 6563
thp_fault_fallback 12424
thp_collapse_alloc 9804
thp_collapse_alloc_failed 0
thp_split 11405
thp_zero_page_alloc 1
thp_zero_page_alloc_failed 0
thp_promote 0
thp_fault_alloc 6575
thp_fault_fallback 12424
thp_collapse_alloc 9804
thp_collapse_alloc_failed 0
thp_split 11405
thp_zero_page_alloc 1
thp_zero_page_alloc_failed 0
thp_promote 0
thp_fault_alloc 6589
thp_fault_fallback 12424
thp_collapse_alloc 9804
thp_collapse_alloc_failed 0
thp_split 11405
thp_zero_page_alloc 1
thp_zero_page_alloc_failed 0
thp_promote 0
thp_fault_alloc 6602
thp_fault_fallback 12424
thp_collapse_alloc 9804
thp_collapse_alloc_failed 0
thp_split 11405
thp_zero_page_alloc 1
thp_zero_page_alloc_failed 0
thp_promote 0
thp_fault_alloc 6623
thp_fault_fallback 12424
thp_collapse_alloc 10221
thp_collapse_alloc_failed 0
thp_split 11405
thp_zero_page_alloc 1
thp_zero_page_alloc_failed 0
thp_promote 0
thp_fault_alloc 6636
thp_fault_fallback 12424
thp_collapse_alloc 11706
thp_collapse_alloc_failed 0
thp_split 11405
thp_zero_page_alloc 1
thp_zero_page_alloc_failed 0
thp_promote 0
thp_fault_alloc 6646
thp_fault_fallback 12424
thp_collapse_alloc 13153
thp_collapse_alloc_failed 0
thp_split 11405
thp_zero_page_alloc 1
thp_zero_page_alloc_failed 0
thp_promote 0
thp_fault_alloc 6658
thp_fault_fallback 12424
thp_collapse_alloc 14250
thp_collapse_alloc_failed 0
thp_split 11405
thp_zero_page_alloc 1
thp_zero_page_alloc_failed 0
thp_promote 0
thp_fault_alloc 6671
thp_fault_fallback 12424
thp_collapse_alloc 14250
thp_collapse_alloc_failed 0
thp_split 11405
thp_zero_page_alloc 1
thp_zero_page_alloc_failed 0
thp_promote 0
thp_fault_alloc 6685
thp_fault_fallback 12424
thp_collapse_alloc 14250
thp_collapse_alloc_failed 0
thp_split 11405
thp_zero_page_alloc 1
thp_zero_page_alloc_failed 0
thp_promote 0
thp_fault_alloc 6697
thp_fault_fallback 12424
thp_collapse_alloc 14250
thp_collapse_alloc_failed 0
thp_split 11405
thp_zero_page_alloc 1
thp_zero_page_alloc_failed 0
thp_promote 0
thp_fault_alloc 6712
thp_fault_fallback 12424
thp_collapse_alloc 14250
thp_collapse_alloc_failed 0
thp_split 11405
thp_zero_page_alloc 1
thp_zero_page_alloc_failed 0
thp_promote 0
thp_fault_alloc 6725
thp_fault_fallback 12424
thp_collapse_alloc 14250
thp_collapse_alloc_failed 0
thp_split 11405
thp_zero_page_alloc 1
thp_zero_page_alloc_failed 0
thp_promote 0
thp_fault_alloc 6738
thp_fault_fallback 12424
thp_collapse_alloc 14250
thp_collapse_alloc_failed 0
thp_split 11405
thp_zero_page_alloc 1
thp_zero_page_alloc_failed 0
thp_promote 0
thp_fault_alloc 6751
thp_fault_fallback 12424
thp_collapse_alloc 14250
thp_collapse_alloc_failed 0
thp_split 11405
thp_zero_page_alloc 1
thp_zero_page_alloc_failed 0
thp_promote 0
thp_fault_alloc 6772
thp_fault_fallback 12424
thp_collapse_alloc 14250
thp_collapse_alloc_failed 0
thp_split 11405
thp_zero_page_alloc 1
thp_zero_page_alloc_failed 0
thp_promote 0
thp_fault_alloc 6784
thp_fault_fallback 12424
thp_collapse_alloc 14250
thp_collapse_alloc_failed 0
thp_split 11405
thp_zero_page_alloc 1
thp_zero_page_alloc_failed 0
thp_promote 0
thp_fault_alloc 6797
thp_fault_fallback 12424
thp_collapse_alloc 14920
thp_collapse_alloc_failed 0
thp_split 11405
thp_zero_page_alloc 1
thp_zero_page_alloc_failed 0
thp_promote 0
thp_fault_alloc 6810
thp_fault_fallback 12424
thp_collapse_alloc 14920
thp_collapse_alloc_failed 0
thp_split 11405
thp_zero_page_alloc 1
thp_zero_page_alloc_failed 0
thp_promote 0
thp_fault_alloc 6825
thp_fault_fallback 12424
thp_collapse_alloc 14920
thp_collapse_alloc_failed 0
thp_split 11405
thp_zero_page_alloc 1
thp_zero_page_alloc_failed 0
thp_promote 0
thp_fault_alloc 6836
thp_fault_fallback 12424
thp_collapse_alloc 14920
thp_collapse_alloc_failed 0
thp_split 11405
thp_zero_page_alloc 1
thp_zero_page_alloc_failed 0
thp_promote 0
thp_fault_alloc 6850
thp_fault_fallback 12424
thp_collapse_alloc 14920
thp_collapse_alloc_failed 0
thp_split 11405
thp_zero_page_alloc 1
thp_zero_page_alloc_failed 0
thp_promote 0
thp_fault_alloc 6863
thp_fault_fallback 12424
thp_collapse_alloc 14920
thp_collapse_alloc_failed 0
thp_split 11405
thp_zero_page_alloc 1
thp_zero_page_alloc_failed 0
thp_promote 0
thp_fault_alloc 6876
thp_fault_fallback 12424
thp_collapse_alloc 14920
thp_collapse_alloc_failed 0
thp_split 11405
thp_zero_page_alloc 1
thp_zero_page_alloc_failed 0
thp_promote 0
thp_fault_alloc 6891
thp_fault_fallback 12424
thp_collapse_alloc 14920
thp_collapse_alloc_failed 0
thp_split 11405
thp_zero_page_alloc 1
thp_zero_page_alloc_failed 0
thp_promote 0
thp_fault_alloc 6902
thp_fault_fallback 12424
thp_collapse_alloc 14920
thp_collapse_alloc_failed 0
thp_split 11405
thp_zero_page_alloc 1
thp_zero_page_alloc_failed 0
thp_promote 0
thp_fault_alloc 6915
thp_fault_fallback 12424
thp_collapse_alloc 14989
thp_collapse_alloc_failed 0
thp_split 11405
thp_zero_page_alloc 1
thp_zero_page_alloc_failed 0
thp_promote 0
thp_fault_alloc 6939
thp_fault_fallback 12424
thp_collapse_alloc 14989
thp_collapse_alloc_failed 0
thp_split 11405
thp_zero_page_alloc 1
thp_zero_page_alloc_failed 0
thp_promote 0
thp_fault_alloc 6952
thp_fault_fallback 12424
thp_collapse_alloc 14989
thp_collapse_alloc_failed 0
thp_split 11405
thp_zero_page_alloc 1
thp_zero_page_alloc_failed 0
thp_promote 0
thp_fault_alloc 6963
thp_fault_fallback 12424
thp_collapse_alloc 14989
thp_collapse_alloc_failed 0
thp_split 11405
thp_zero_page_alloc 1
thp_zero_page_alloc_failed 0
thp_promote 0
thp_fault_alloc 6977
thp_fault_fallback 12424
thp_collapse_alloc 14989
thp_collapse_alloc_failed 0
thp_split 11405
thp_zero_page_alloc 1
thp_zero_page_alloc_failed 0
thp_promote 0
thp_fault_alloc 6990
thp_fault_fallback 12424
thp_collapse_alloc 14989
thp_collapse_alloc_failed 0
thp_split 11405
thp_zero_page_alloc 1
thp_zero_page_alloc_failed 0
thp_promote 0
thp_fault_alloc 7004
thp_fault_fallback 12424
thp_collapse_alloc 14989
thp_collapse_alloc_failed 0
thp_split 11405
thp_zero_page_alloc 1
thp_zero_page_alloc_failed 0
thp_promote 0
thp_fault_alloc 7020
thp_fault_fallback 12424
thp_collapse_alloc 14989
thp_collapse_alloc_failed 0
thp_split 11405
thp_zero_page_alloc 1
thp_zero_page_alloc_failed 0
thp_promote 0
thp_fault_alloc 7043
thp_fault_fallback 12424
thp_collapse_alloc 14989
thp_collapse_alloc_failed 0
thp_split 11405
thp_zero_page_alloc 1
thp_zero_page_alloc_failed 0
thp_promote 0
thp_fault_alloc 7056
thp_fault_fallback 12424
thp_collapse_alloc 15246
thp_collapse_alloc_failed 0
thp_split 11405
thp_zero_page_alloc 1
thp_zero_page_alloc_failed 0
thp_promote 0
thp_fault_alloc 7069
thp_fault_fallback 12424
thp_collapse_alloc 15246
thp_collapse_alloc_failed 0
thp_split 11405
thp_zero_page_alloc 1
thp_zero_page_alloc_failed 0
thp_promote 0
thp_fault_alloc 7097
thp_fault_fallback 12424
thp_collapse_alloc 15246
thp_collapse_alloc_failed 0
thp_split 11405
thp_zero_page_alloc 1
thp_zero_page_alloc_failed 0
thp_promote 0
thp_fault_alloc 7112
thp_fault_fallback 12424
thp_collapse_alloc 15246
thp_collapse_alloc_failed 0
thp_split 11405
thp_zero_page_alloc 1
thp_zero_page_alloc_failed 0
thp_promote 0
thp_fault_alloc 7124
thp_fault_fallback 12424
thp_collapse_alloc 15246
thp_collapse_alloc_failed 0
thp_split 11405
thp_zero_page_alloc 1
thp_zero_page_alloc_failed 0
thp_promote 0
thp_fault_alloc 7137
thp_fault_fallback 12424
thp_collapse_alloc 15246
thp_collapse_alloc_failed 0
thp_split 11405
thp_zero_page_alloc 1
thp_zero_page_alloc_failed 0
thp_promote 0
thp_fault_alloc 7150
thp_fault_fallback 12424
thp_collapse_alloc 15246
thp_collapse_alloc_failed 0
thp_split 11405
thp_zero_page_alloc 1
thp_zero_page_alloc_failed 0
thp_promote 0
thp_fault_alloc 7172
thp_fault_fallback 12424
thp_collapse_alloc 15246
thp_collapse_alloc_failed 0
thp_split 11405
thp_zero_page_alloc 1
thp_zero_page_alloc_failed 0
thp_promote 0
thp_fault_alloc 7183
thp_fault_fallback 12424
thp_collapse_alloc 15419
thp_collapse_alloc_failed 0
thp_split 11405
thp_zero_page_alloc 1
thp_zero_page_alloc_failed 0
thp_promote 0
thp_fault_alloc 7197
thp_fault_fallback 12424
thp_collapse_alloc 16866
thp_collapse_alloc_failed 0
thp_split 11405
thp_zero_page_alloc 1
thp_zero_page_alloc_failed 0
thp_promote 0
thp_fault_alloc 7208
thp_fault_fallback 12424
thp_collapse_alloc 18267
thp_collapse_alloc_failed 0
thp_split 11405
thp_zero_page_alloc 1
thp_zero_page_alloc_failed 0
thp_promote 0
thp_fault_alloc 7222
thp_fault_fallback 12424
thp_collapse_alloc 18267
thp_collapse_alloc_failed 0
thp_split 11405
thp_zero_page_alloc 1
thp_zero_page_alloc_failed 0
thp_promote 0
thp_fault_alloc 7236
thp_fault_fallback 12424
thp_collapse_alloc 18267
thp_collapse_alloc_failed 0
thp_split 11405
thp_zero_page_alloc 1
thp_zero_page_alloc_failed 0
thp_promote 0
thp_fault_alloc 7249
thp_fault_fallback 12424
thp_collapse_alloc 18267
thp_collapse_alloc_failed 0
thp_split 11405
thp_zero_page_alloc 1
thp_zero_page_alloc_failed 0
thp_promote 0
thp_fault_alloc 7263
thp_fault_fallback 12424
thp_collapse_alloc 18267
thp_collapse_alloc_failed 0
thp_split 11405
thp_zero_page_alloc 1
thp_zero_page_alloc_failed 0
thp_promote 0
thp_fault_alloc 7278
thp_fault_fallback 12424
thp_collapse_alloc 18267
thp_collapse_alloc_failed 0
thp_split 11405
thp_zero_page_alloc 1
thp_zero_page_alloc_failed 0
thp_promote 0
thp_fault_alloc 7289
thp_fault_fallback 12424
thp_collapse_alloc 18267
thp_collapse_alloc_failed 0
thp_split 11405
thp_zero_page_alloc 1
thp_zero_page_alloc_failed 0
thp_promote 0
thp_fault_alloc 7304
thp_fault_fallback 12424
thp_collapse_alloc 18267
thp_collapse_alloc_failed 0
thp_split 11405
thp_zero_page_alloc 1
thp_zero_page_alloc_failed 0
thp_promote 0
thp_fault_alloc 7316
thp_fault_fallback 12424
thp_collapse_alloc 18267
thp_collapse_alloc_failed 0
thp_split 11405
thp_zero_page_alloc 1
thp_zero_page_alloc_failed 0
thp_promote 0
thp_fault_alloc 7329
thp_fault_fallback 12424
thp_collapse_alloc 18267
thp_collapse_alloc_failed 0
thp_split 11405
thp_zero_page_alloc 1
thp_zero_page_alloc_failed 0
thp_promote 0
thp_fault_alloc 7341
thp_fault_fallback 12424
thp_collapse_alloc 18267
thp_collapse_alloc_failed 0
thp_split 11405
thp_zero_page_alloc 1
thp_zero_page_alloc_failed 0
thp_promote 0
thp_fault_alloc 7353
thp_fault_fallback 12424
thp_collapse_alloc 18267
thp_collapse_alloc_failed 0
thp_split 11405
thp_zero_page_alloc 1
thp_zero_page_alloc_failed 0
thp_promote 0
thp_fault_alloc 7366
thp_fault_fallback 12424
thp_collapse_alloc 18267
thp_collapse_alloc_failed 0
thp_split 11405
thp_zero_page_alloc 1
thp_zero_page_alloc_failed 0
thp_promote 0
thp_fault_alloc 7378
thp_fault_fallback 12424
thp_collapse_alloc 18267
thp_collapse_alloc_failed 0
thp_split 11405
thp_zero_page_alloc 1
thp_zero_page_alloc_failed 0
thp_promote 0
thp_fault_alloc 7391
thp_fault_fallback 12424
thp_collapse_alloc 18267
thp_collapse_alloc_failed 0
thp_split 11405
thp_zero_page_alloc 1
thp_zero_page_alloc_failed 0
thp_promote 0
thp_fault_alloc 7402
thp_fault_fallback 12424
thp_collapse_alloc 18267
thp_collapse_alloc_failed 0
thp_split 11405
thp_zero_page_alloc 1
thp_zero_page_alloc_failed 0
thp_promote 0
thp_fault_alloc 7415
thp_fault_fallback 12424
thp_collapse_alloc 18267
thp_collapse_alloc_failed 0
thp_split 11405
thp_zero_page_alloc 1
thp_zero_page_alloc_failed 0
thp_promote 0
thp_fault_alloc 7429
thp_fault_fallback 12424
thp_collapse_alloc 18267
thp_collapse_alloc_failed 0
thp_split 11405
thp_zero_page_alloc 1
thp_zero_page_alloc_failed 0
thp_promote 0
thp_fault_alloc 7442
thp_fault_fallback 12424
thp_collapse_alloc 18267
thp_collapse_alloc_failed 0
thp_split 11405
thp_zero_page_alloc 1
thp_zero_page_alloc_failed 0
thp_promote 0
thp_fault_alloc 7456
thp_fault_fallback 12424
thp_collapse_alloc 18267
thp_collapse_alloc_failed 0
thp_split 11405
thp_zero_page_alloc 1
thp_zero_page_alloc_failed 0
thp_promote 0
thp_fault_alloc 7470
thp_fault_fallback 12424
thp_collapse_alloc 18267
thp_collapse_alloc_failed 0
thp_split 11405
thp_zero_page_alloc 1
thp_zero_page_alloc_failed 0
thp_promote 0
thp_fault_alloc 7481
thp_fault_fallback 12424
thp_collapse_alloc 18267
thp_collapse_alloc_failed 0
thp_split 11405
thp_zero_page_alloc 1
thp_zero_page_alloc_failed 0
thp_promote 0
thp_fault_alloc 7494
thp_fault_fallback 12424
thp_collapse_alloc 18267
thp_collapse_alloc_failed 0
thp_split 11405
thp_zero_page_alloc 1
thp_zero_page_alloc_failed 0
thp_promote 0
thp_fault_alloc 7508
thp_fault_fallback 12424
thp_collapse_alloc 18267
thp_collapse_alloc_failed 0
thp_split 11405
thp_zero_page_alloc 1
thp_zero_page_alloc_failed 0
thp_promote 0
thp_fault_alloc 7523
thp_fault_fallback 12424
thp_collapse_alloc 18267
thp_collapse_alloc_failed 0
thp_split 11405
thp_zero_page_alloc 1
thp_zero_page_alloc_failed 0
thp_promote 0
thp_fault_alloc 7536
thp_fault_fallback 12424
thp_collapse_alloc 18267
thp_collapse_alloc_failed 0
thp_split 11405
thp_zero_page_alloc 1
thp_zero_page_alloc_failed 0
thp_promote 0
thp_fault_alloc 7549
thp_fault_fallback 12424
thp_collapse_alloc 18267
thp_collapse_alloc_failed 0
thp_split 11405
thp_zero_page_alloc 1
thp_zero_page_alloc_failed 0
thp_promote 0
thp_fault_alloc 7562
thp_fault_fallback 12424
thp_collapse_alloc 18267
thp_collapse_alloc_failed 0
thp_split 11405
thp_zero_page_alloc 1
thp_zero_page_alloc_failed 0
thp_promote 0
thp_fault_alloc 7575
thp_fault_fallback 12424
thp_collapse_alloc 18267
thp_collapse_alloc_failed 0
thp_split 11405
thp_zero_page_alloc 1
thp_zero_page_alloc_failed 0
thp_promote 0
thp_fault_alloc 7589
thp_fault_fallback 12424
thp_collapse_alloc 18267
thp_collapse_alloc_failed 0
thp_split 11405
thp_zero_page_alloc 1
thp_zero_page_alloc_failed 0
thp_promote 0
thp_fault_alloc 7603
thp_fault_fallback 12424
thp_collapse_alloc 18267
thp_collapse_alloc_failed 0
thp_split 11405
thp_zero_page_alloc 1
thp_zero_page_alloc_failed 0
thp_promote 0
thp_fault_alloc 7615
thp_fault_fallback 12424
thp_collapse_alloc 18267
thp_collapse_alloc_failed 0
thp_split 11405
thp_zero_page_alloc 1
thp_zero_page_alloc_failed 0
thp_promote 0
thp_fault_alloc 7628
thp_fault_fallback 12424
thp_collapse_alloc 18267
thp_collapse_alloc_failed 0
thp_split 11405
thp_zero_page_alloc 1
thp_zero_page_alloc_failed 0
thp_promote 0
thp_fault_alloc 7642
thp_fault_fallback 12424
thp_collapse_alloc 18267
thp_collapse_alloc_failed 0
thp_split 11405
thp_zero_page_alloc 1
thp_zero_page_alloc_failed 0
thp_promote 0
thp_fault_alloc 7654
thp_fault_fallback 12424
thp_collapse_alloc 18267
thp_collapse_alloc_failed 0
thp_split 11405
thp_zero_page_alloc 1
thp_zero_page_alloc_failed 0
thp_promote 0
thp_fault_alloc 7669
thp_fault_fallback 12424
thp_collapse_alloc 18267
thp_collapse_alloc_failed 0
thp_split 11405
thp_zero_page_alloc 1
thp_zero_page_alloc_failed 0
thp_promote 0
thp_fault_alloc 7682
thp_fault_fallback 12424
thp_collapse_alloc 18267
thp_collapse_alloc_failed 0
thp_split 11405
thp_zero_page_alloc 1
thp_zero_page_alloc_failed 0
thp_promote 0
thp_fault_alloc 7695
thp_fault_fallback 12424
thp_collapse_alloc 18267
thp_collapse_alloc_failed 0
thp_split 11405
thp_zero_page_alloc 1
thp_zero_page_alloc_failed 0
thp_promote 0
thp_fault_alloc 7708
thp_fault_fallback 12424
thp_collapse_alloc 18267
thp_collapse_alloc_failed 0
thp_split 11405
thp_zero_page_alloc 1
thp_zero_page_alloc_failed 0
thp_promote 0
thp_fault_alloc 7721
thp_fault_fallback 12424
thp_collapse_alloc 18267
thp_collapse_alloc_failed 0
thp_split 11405
thp_zero_page_alloc 1
thp_zero_page_alloc_failed 0
thp_promote 0
thp_fault_alloc 7737
thp_fault_fallback 12424
thp_collapse_alloc 18267
thp_collapse_alloc_failed 0
thp_split 11405
thp_zero_page_alloc 1
thp_zero_page_alloc_failed 0
thp_promote 0
thp_fault_alloc 7750
thp_fault_fallback 12424
thp_collapse_alloc 18267
thp_collapse_alloc_failed 0
thp_split 11405
thp_zero_page_alloc 1
thp_zero_page_alloc_failed 0
thp_promote 0
thp_fault_alloc 7764
thp_fault_fallback 12424
thp_collapse_alloc 18267
thp_collapse_alloc_failed 0
thp_split 11405
thp_zero_page_alloc 1
thp_zero_page_alloc_failed 0
thp_promote 0
thp_fault_alloc 7777
thp_fault_fallback 12424
thp_collapse_alloc 18267
thp_collapse_alloc_failed 0
thp_split 11405
thp_zero_page_alloc 1
thp_zero_page_alloc_failed 0
thp_promote 0
thp_fault_alloc 7791
thp_fault_fallback 12424
thp_collapse_alloc 18267
thp_collapse_alloc_failed 0
thp_split 11405
thp_zero_page_alloc 1
thp_zero_page_alloc_failed 0
thp_promote 0
thp_fault_alloc 7805
thp_fault_fallback 12424
thp_collapse_alloc 18267
thp_collapse_alloc_failed 0
thp_split 11405
thp_zero_page_alloc 1
thp_zero_page_alloc_failed 0
thp_promote 0
thp_fault_alloc 7817
thp_fault_fallback 12424
thp_collapse_alloc 18267
thp_collapse_alloc_failed 0
thp_split 11405
thp_zero_page_alloc 1
thp_zero_page_alloc_failed 0
thp_promote 0
thp_fault_alloc 7829
thp_fault_fallback 12424
thp_collapse_alloc 18267
thp_collapse_alloc_failed 0
thp_split 11405
thp_zero_page_alloc 1
thp_zero_page_alloc_failed 0
thp_promote 0
thp_fault_alloc 7842
thp_fault_fallback 12424
thp_collapse_alloc 18267
thp_collapse_alloc_failed 0
thp_split 11405
thp_zero_page_alloc 1
thp_zero_page_alloc_failed 0
thp_promote 0
thp_fault_alloc 7857
thp_fault_fallback 12424
thp_collapse_alloc 18267
thp_collapse_alloc_failed 0
thp_split 11405
thp_zero_page_alloc 1
thp_zero_page_alloc_failed 0
thp_promote 0
thp_fault_alloc 7871
thp_fault_fallback 12424
thp_collapse_alloc 18267
thp_collapse_alloc_failed 0
thp_split 11405
thp_zero_page_alloc 1
thp_zero_page_alloc_failed 0
thp_promote 0
thp_fault_alloc 7884
thp_fault_fallback 12424
thp_collapse_alloc 18267
thp_collapse_alloc_failed 0
thp_split 11405
thp_zero_page_alloc 1
thp_zero_page_alloc_failed 0
thp_promote 0
thp_fault_alloc 7896
thp_fault_fallback 12424
thp_collapse_alloc 18267
thp_collapse_alloc_failed 0
thp_split 11405
thp_zero_page_alloc 1
thp_zero_page_alloc_failed 0
thp_promote 0
thp_fault_alloc 7907
thp_fault_fallback 12659
thp_collapse_alloc 18267
thp_collapse_alloc_failed 0
thp_split 11640
thp_zero_page_alloc 1
thp_zero_page_alloc_failed 0
thp_promote 0
thp_fault_alloc 7918
thp_fault_fallback 12926
thp_collapse_alloc 18267
thp_collapse_alloc_failed 0
thp_split 11907
thp_zero_page_alloc 1
thp_zero_page_alloc_failed 0
thp_promote 0
thp_fault_alloc 7928
thp_fault_fallback 13194
thp_collapse_alloc 18267
thp_collapse_alloc_failed 0
thp_split 12175
thp_zero_page_alloc 1
thp_zero_page_alloc_failed 0
thp_promote 0
thp_fault_alloc 7937
thp_fault_fallback 13466
thp_collapse_alloc 18267
thp_collapse_alloc_failed 0
thp_split 12447
thp_zero_page_alloc 1
thp_zero_page_alloc_failed 0
thp_promote 0
thp_fault_alloc 7947
thp_fault_fallback 13738
thp_collapse_alloc 18267
thp_collapse_alloc_failed 0
thp_split 12719
thp_zero_page_alloc 1
thp_zero_page_alloc_failed 0
thp_promote 0
thp_fault_alloc 7970
thp_fault_fallback 14018
thp_collapse_alloc 18267
thp_collapse_alloc_failed 0
thp_split 12999
thp_zero_page_alloc 1
thp_zero_page_alloc_failed 0
thp_promote 0
thp_fault_alloc 7978
thp_fault_fallback 14295
thp_collapse_alloc 18267
thp_collapse_alloc_failed 0
thp_split 13276
thp_zero_page_alloc 1
thp_zero_page_alloc_failed 0
thp_promote 0
thp_fault_alloc 7989
thp_fault_fallback 14575
thp_collapse_alloc 18267
thp_collapse_alloc_failed 0
thp_split 13556
thp_zero_page_alloc 1
thp_zero_page_alloc_failed 0
thp_promote 0
thp_fault_alloc 8000
thp_fault_fallback 14855
thp_collapse_alloc 18267
thp_collapse_alloc_failed 0
thp_split 13836
thp_zero_page_alloc 1
thp_zero_page_alloc_failed 0
thp_promote 0
thp_fault_alloc 8011
thp_fault_fallback 15138
thp_collapse_alloc 18267
thp_collapse_alloc_failed 0
thp_split 14119
thp_zero_page_alloc 1
thp_zero_page_alloc_failed 0
thp_promote 0
thp_fault_alloc 8020
thp_fault_fallback 15426
thp_collapse_alloc 18267
thp_collapse_alloc_failed 0
thp_split 14407
thp_zero_page_alloc 1
thp_zero_page_alloc_failed 0
thp_promote 0
thp_fault_alloc 8030
thp_fault_fallback 15714
thp_collapse_alloc 18267
thp_collapse_alloc_failed 0
thp_split 14695
thp_zero_page_alloc 1
thp_zero_page_alloc_failed 0
thp_promote 0
thp_fault_alloc 8042
thp_fault_fallback 16005
thp_collapse_alloc 18267
thp_collapse_alloc_failed 0
thp_split 14986
thp_zero_page_alloc 1
thp_zero_page_alloc_failed 0
thp_promote 0
thp_fault_alloc 8053
thp_fault_fallback 16298
thp_collapse_alloc 18267
thp_collapse_alloc_failed 0
thp_split 15279
thp_zero_page_alloc 1
thp_zero_page_alloc_failed 0
thp_promote 0
thp_fault_alloc 8061
thp_fault_fallback 18101
thp_collapse_alloc 18267
thp_collapse_alloc_failed 0
thp_split 17082
thp_zero_page_alloc 1
thp_zero_page_alloc_failed 0
thp_promote 0
thp_fault_alloc 8081
thp_fault_fallback 18402
thp_collapse_alloc 18267
thp_collapse_alloc_failed 0
thp_split 17383
thp_zero_page_alloc 1
thp_zero_page_alloc_failed 0
thp_promote 0
thp_fault_alloc 8092
thp_fault_fallback 18402
thp_collapse_alloc 18267
thp_collapse_alloc_failed 0
thp_split 17383
thp_zero_page_alloc 1
thp_zero_page_alloc_failed 0
thp_promote 0
thp_fault_alloc 8102
thp_fault_fallback 18402
thp_collapse_alloc 18267
thp_collapse_alloc_failed 0
thp_split 17383
thp_zero_page_alloc 1
thp_zero_page_alloc_failed 0
thp_promote 0
thp_fault_alloc 8113
thp_fault_fallback 18402
thp_collapse_alloc 18267
thp_collapse_alloc_failed 0
thp_split 17383
thp_zero_page_alloc 1
thp_zero_page_alloc_failed 0
thp_promote 0
thp_fault_alloc 8136
thp_fault_fallback 18402
thp_collapse_alloc 18267
thp_collapse_alloc_failed 0
thp_split 17383
thp_zero_page_alloc 1
thp_zero_page_alloc_failed 0
thp_promote 0
thp_fault_alloc 8146
thp_fault_fallback 18402
thp_collapse_alloc 18267
thp_collapse_alloc_failed 0
thp_split 17383
thp_zero_page_alloc 1
thp_zero_page_alloc_failed 0
thp_promote 0
thp_fault_alloc 8158
thp_fault_fallback 18402
thp_collapse_alloc 18267
thp_collapse_alloc_failed 0
thp_split 17383
thp_zero_page_alloc 1
thp_zero_page_alloc_failed 0
thp_promote 0
thp_fault_alloc 8168
thp_fault_fallback 18402
thp_collapse_alloc 18267
thp_collapse_alloc_failed 0
thp_split 17383
thp_zero_page_alloc 1
thp_zero_page_alloc_failed 0
thp_promote 0
thp_fault_alloc 8180
thp_fault_fallback 18402
thp_collapse_alloc 18267
thp_collapse_alloc_failed 0
thp_split 17383
thp_zero_page_alloc 1
thp_zero_page_alloc_failed 0
thp_promote 0
thp_fault_alloc 8202
thp_fault_fallback 18402
thp_collapse_alloc 18267
thp_collapse_alloc_failed 0
thp_split 17383
thp_zero_page_alloc 1
thp_zero_page_alloc_failed 0
thp_promote 0
thp_fault_alloc 8213
thp_fault_fallback 18402
thp_collapse_alloc 18267
thp_collapse_alloc_failed 0
thp_split 17383
thp_zero_page_alloc 1
thp_zero_page_alloc_failed 0
thp_promote 0
thp_fault_alloc 8227
thp_fault_fallback 18402
thp_collapse_alloc 18267
thp_collapse_alloc_failed 0
thp_split 17383
thp_zero_page_alloc 1
thp_zero_page_alloc_failed 0
thp_promote 0
thp_fault_alloc 8239
thp_fault_fallback 18402
thp_collapse_alloc 18267
thp_collapse_alloc_failed 0
thp_split 17383
thp_zero_page_alloc 1
thp_zero_page_alloc_failed 0
thp_promote 0
thp_fault_alloc 8252
thp_fault_fallback 18402
thp_collapse_alloc 18267
thp_collapse_alloc_failed 0
thp_split 17383
thp_zero_page_alloc 1
thp_zero_page_alloc_failed 0
thp_promote 0
thp_fault_alloc 8265
thp_fault_fallback 18402
thp_collapse_alloc 18267
thp_collapse_alloc_failed 0
thp_split 17383
thp_zero_page_alloc 1
thp_zero_page_alloc_failed 0
thp_promote 0
thp_fault_alloc 8278
thp_fault_fallback 18402
thp_collapse_alloc 18267
thp_collapse_alloc_failed 0
thp_split 17383
thp_zero_page_alloc 1
thp_zero_page_alloc_failed 0
thp_promote 0
thp_fault_alloc 8299
thp_fault_fallback 18402
thp_collapse_alloc 18267
thp_collapse_alloc_failed 0
thp_split 17383
thp_zero_page_alloc 1
thp_zero_page_alloc_failed 0
thp_promote 0
thp_fault_alloc 8310
thp_fault_fallback 18402
thp_collapse_alloc 18269
thp_collapse_alloc_failed 0
thp_split 17383
thp_zero_page_alloc 1
thp_zero_page_alloc_failed 0
thp_promote 0
thp_fault_alloc 8324
thp_fault_fallback 18402
thp_collapse_alloc 18269
thp_collapse_alloc_failed 0
thp_split 17383
thp_zero_page_alloc 1
thp_zero_page_alloc_failed 0
thp_promote 0
thp_fault_alloc 8338
thp_fault_fallback 18402
thp_collapse_alloc 18269
thp_collapse_alloc_failed 0
thp_split 17383
thp_zero_page_alloc 1
thp_zero_page_alloc_failed 0
thp_promote 0
thp_fault_alloc 8350
thp_fault_fallback 18402
thp_collapse_alloc 18269
thp_collapse_alloc_failed 0
thp_split 17383
thp_zero_page_alloc 1
thp_zero_page_alloc_failed 0
thp_promote 0
thp_fault_alloc 8365
thp_fault_fallback 18402
thp_collapse_alloc 18269
thp_collapse_alloc_failed 0
thp_split 17383
thp_zero_page_alloc 1
thp_zero_page_alloc_failed 0
thp_promote 0
thp_fault_alloc 8378
thp_fault_fallback 18402
thp_collapse_alloc 18269
thp_collapse_alloc_failed 0
thp_split 17383
thp_zero_page_alloc 1
thp_zero_page_alloc_failed 0
thp_promote 0
thp_fault_alloc 8400
thp_fault_fallback 18402
thp_collapse_alloc 18269
thp_collapse_alloc_failed 0
thp_split 17383
thp_zero_page_alloc 1
thp_zero_page_alloc_failed 0
thp_promote 0
thp_fault_alloc 8411
thp_fault_fallback 18402
thp_collapse_alloc 18269
thp_collapse_alloc_failed 0
thp_split 17383
thp_zero_page_alloc 1
thp_zero_page_alloc_failed 0
thp_promote 0
thp_fault_alloc 8425
thp_fault_fallback 18402
thp_collapse_alloc 18269
thp_collapse_alloc_failed 0
thp_split 17383
thp_zero_page_alloc 1
thp_zero_page_alloc_failed 0
thp_promote 0
thp_fault_alloc 8438
thp_fault_fallback 18402
thp_collapse_alloc 18471
thp_collapse_alloc_failed 0
thp_split 17383
thp_zero_page_alloc 1
thp_zero_page_alloc_failed 0
thp_promote 0
thp_fault_alloc 8449
thp_fault_fallback 18402
thp_collapse_alloc 19908
thp_collapse_alloc_failed 0
thp_split 17383
thp_zero_page_alloc 1
thp_zero_page_alloc_failed 0
thp_promote 0
thp_fault_alloc 8459
thp_fault_fallback 18402
thp_collapse_alloc 21317
thp_collapse_alloc_failed 0
thp_split 17383
thp_zero_page_alloc 1
thp_zero_page_alloc_failed 0
thp_promote 0
thp_fault_alloc 8471
thp_fault_fallback 18402
thp_collapse_alloc 22147
thp_collapse_alloc_failed 0
thp_split 17383
thp_zero_page_alloc 1
thp_zero_page_alloc_failed 0
thp_promote 0
thp_fault_alloc 8484
thp_fault_fallback 18402
thp_collapse_alloc 22147
thp_collapse_alloc_failed 0
thp_split 17383
thp_zero_page_alloc 1
thp_zero_page_alloc_failed 0
thp_promote 0
thp_fault_alloc 8496
thp_fault_fallback 18402
thp_collapse_alloc 22147
thp_collapse_alloc_failed 0
thp_split 17383
thp_zero_page_alloc 1
thp_zero_page_alloc_failed 0
thp_promote 0
thp_fault_alloc 8520
thp_fault_fallback 18402
thp_collapse_alloc 22147
thp_collapse_alloc_failed 0
thp_split 17383
thp_zero_page_alloc 1
thp_zero_page_alloc_failed 0
thp_promote 0
thp_fault_alloc 8531
thp_fault_fallback 18402
thp_collapse_alloc 22147
thp_collapse_alloc_failed 0
thp_split 17383
thp_zero_page_alloc 1
thp_zero_page_alloc_failed 0
thp_promote 0
thp_fault_alloc 8542
thp_fault_fallback 18402
thp_collapse_alloc 22147
thp_collapse_alloc_failed 0
thp_split 17383
thp_zero_page_alloc 1
thp_zero_page_alloc_failed 0
thp_promote 0
thp_fault_alloc 8553
thp_fault_fallback 18402
thp_collapse_alloc 22147
thp_collapse_alloc_failed 0
thp_split 17383
thp_zero_page_alloc 1
thp_zero_page_alloc_failed 0
thp_promote 0
thp_fault_alloc 8567
thp_fault_fallback 18402
thp_collapse_alloc 22147
thp_collapse_alloc_failed 0
thp_split 17383
thp_zero_page_alloc 1
thp_zero_page_alloc_failed 0
thp_promote 0
thp_fault_alloc 8577
thp_fault_fallback 18402
thp_collapse_alloc 22147
thp_collapse_alloc_failed 0
thp_split 17383
thp_zero_page_alloc 1
thp_zero_page_alloc_failed 0
thp_promote 0
thp_fault_alloc 8588
thp_fault_fallback 18402
thp_collapse_alloc 22465
thp_collapse_alloc_failed 0
thp_split 17383
thp_zero_page_alloc 1
thp_zero_page_alloc_failed 0
thp_promote 0
thp_fault_alloc 8598
thp_fault_fallback 18402
thp_collapse_alloc 23681
thp_collapse_alloc_failed 0
thp_split 17383
thp_zero_page_alloc 1
thp_zero_page_alloc_failed 0
thp_promote 0
thp_fault_alloc 8612
thp_fault_fallback 18402
thp_collapse_alloc 23681
thp_collapse_alloc_failed 0
thp_split 17383
thp_zero_page_alloc 1
thp_zero_page_alloc_failed 0
thp_promote 0
thp_fault_alloc 8624
thp_fault_fallback 18402
thp_collapse_alloc 23681
thp_collapse_alloc_failed 0
thp_split 17383
thp_zero_page_alloc 1
thp_zero_page_alloc_failed 0
thp_promote 0
thp_fault_alloc 8659
thp_fault_fallback 18402
thp_collapse_alloc 23681
thp_collapse_alloc_failed 0
thp_split 17383
thp_zero_page_alloc 1
thp_zero_page_alloc_failed 0
thp_promote 0
thp_fault_alloc 8674
thp_fault_fallback 18402
thp_collapse_alloc 23681
thp_collapse_alloc_failed 0
thp_split 17383
thp_zero_page_alloc 1
thp_zero_page_alloc_failed 0
thp_promote 0
thp_fault_alloc 8689
thp_fault_fallback 18402
thp_collapse_alloc 23681
thp_collapse_alloc_failed 0
thp_split 17383
thp_zero_page_alloc 1
thp_zero_page_alloc_failed 0
thp_promote 0
thp_fault_alloc 8702
thp_fault_fallback 18402
thp_collapse_alloc 23681
thp_collapse_alloc_failed 0
thp_split 17383
thp_zero_page_alloc 1
thp_zero_page_alloc_failed 0
thp_promote 0
thp_fault_alloc 8715
thp_fault_fallback 18402
thp_collapse_alloc 23681
thp_collapse_alloc_failed 0
thp_split 17383
thp_zero_page_alloc 1
thp_zero_page_alloc_failed 0
thp_promote 0
thp_fault_alloc 8727
thp_fault_fallback 18402
thp_collapse_alloc 23688
thp_collapse_alloc_failed 0
thp_split 17383
thp_zero_page_alloc 1
thp_zero_page_alloc_failed 0
thp_promote 0
thp_fault_alloc 8739
thp_fault_fallback 18402
thp_collapse_alloc 23727
thp_collapse_alloc_failed 0
thp_split 17383
thp_zero_page_alloc 1
thp_zero_page_alloc_failed 0
thp_promote 0
thp_fault_alloc 8751
thp_fault_fallback 18402
thp_collapse_alloc 23727
thp_collapse_alloc_failed 0
thp_split 17383
thp_zero_page_alloc 1
thp_zero_page_alloc_failed 0
thp_promote 0
thp_fault_alloc 8774
thp_fault_fallback 18402
thp_collapse_alloc 23727
thp_collapse_alloc_failed 0
thp_split 17383
thp_zero_page_alloc 1
thp_zero_page_alloc_failed 0
thp_promote 0
thp_fault_alloc 8786
thp_fault_fallback 18402
thp_collapse_alloc 23727
thp_collapse_alloc_failed 0
thp_split 17383
thp_zero_page_alloc 1
thp_zero_page_alloc_failed 0
thp_promote 0
thp_fault_alloc 8799
thp_fault_fallback 18402
thp_collapse_alloc 23727
thp_collapse_alloc_failed 0
thp_split 17383
thp_zero_page_alloc 1
thp_zero_page_alloc_failed 0
thp_promote 0
thp_fault_alloc 8813
thp_fault_fallback 18402
thp_collapse_alloc 23727
thp_collapse_alloc_failed 0
thp_split 17383
thp_zero_page_alloc 1
thp_zero_page_alloc_failed 0
thp_promote 0
thp_fault_alloc 8828
thp_fault_fallback 18402
thp_collapse_alloc 23727
thp_collapse_alloc_failed 0
thp_split 17383
thp_zero_page_alloc 1
thp_zero_page_alloc_failed 0
thp_promote 0
thp_fault_alloc 8839
thp_fault_fallback 18402
thp_collapse_alloc 23727
thp_collapse_alloc_failed 0
thp_split 17383
thp_zero_page_alloc 1
thp_zero_page_alloc_failed 0
thp_promote 0
thp_fault_alloc 8853
thp_fault_fallback 18402
thp_collapse_alloc 23731
thp_collapse_alloc_failed 0
thp_split 17383
thp_zero_page_alloc 1
thp_zero_page_alloc_failed 0
thp_promote 0
thp_fault_alloc 8865
thp_fault_fallback 18402
thp_collapse_alloc 23731
thp_collapse_alloc_failed 0
thp_split 17383
thp_zero_page_alloc 1
thp_zero_page_alloc_failed 0
thp_promote 0
thp_fault_alloc 8876
thp_fault_fallback 18402
thp_collapse_alloc 23731
thp_collapse_alloc_failed 0
thp_split 17383
thp_zero_page_alloc 1
thp_zero_page_alloc_failed 0
thp_promote 0
thp_fault_alloc 8890
thp_fault_fallback 18402
thp_collapse_alloc 23731
thp_collapse_alloc_failed 0
thp_split 17383
thp_zero_page_alloc 1
thp_zero_page_alloc_failed 0
thp_promote 0
thp_fault_alloc 8911
thp_fault_fallback 18402
thp_collapse_alloc 23731
thp_collapse_alloc_failed 0
thp_split 17383
thp_zero_page_alloc 1
thp_zero_page_alloc_failed 0
thp_promote 0
thp_fault_alloc 8923
thp_fault_fallback 18402
thp_collapse_alloc 23731
thp_collapse_alloc_failed 0
thp_split 17383
thp_zero_page_alloc 1
thp_zero_page_alloc_failed 0
thp_promote 0
thp_fault_alloc 8937
thp_fault_fallback 18402
thp_collapse_alloc 23731
thp_collapse_alloc_failed 0
thp_split 17383
thp_zero_page_alloc 1
thp_zero_page_alloc_failed 0
thp_promote 0
thp_fault_alloc 8948
thp_fault_fallback 18402
thp_collapse_alloc 23731
thp_collapse_alloc_failed 0
thp_split 17383
thp_zero_page_alloc 1
thp_zero_page_alloc_failed 0
thp_promote 0
thp_fault_alloc 8961
thp_fault_fallback 18402
thp_collapse_alloc 23731
thp_collapse_alloc_failed 0
thp_split 17383
thp_zero_page_alloc 1
thp_zero_page_alloc_failed 0
thp_promote 0
thp_fault_alloc 8972
thp_fault_fallback 18402
thp_collapse_alloc 23731
thp_collapse_alloc_failed 0
thp_split 17383
thp_zero_page_alloc 1
thp_zero_page_alloc_failed 0
thp_promote 0
thp_fault_alloc 8984
thp_fault_fallback 18402
thp_collapse_alloc 24956
thp_collapse_alloc_failed 0
thp_split 17383
thp_zero_page_alloc 1
thp_zero_page_alloc_failed 0
thp_promote 0
thp_fault_alloc 8995
thp_fault_fallback 18402
thp_collapse_alloc 26427
thp_collapse_alloc_failed 0
thp_split 17383
thp_zero_page_alloc 1
thp_zero_page_alloc_failed 0
thp_promote 0
thp_fault_alloc 9008
thp_fault_fallback 18402
thp_collapse_alloc 26977
thp_collapse_alloc_failed 0
thp_split 17383
thp_zero_page_alloc 1
thp_zero_page_alloc_failed 0
thp_promote 0
thp_fault_alloc 9022
thp_fault_fallback 18402
thp_collapse_alloc 26977
thp_collapse_alloc_failed 0
thp_split 17383
thp_zero_page_alloc 1
thp_zero_page_alloc_failed 0
thp_promote 0
thp_fault_alloc 9036
thp_fault_fallback 18402
thp_collapse_alloc 26977
thp_collapse_alloc_failed 0
thp_split 17383
thp_zero_page_alloc 1
thp_zero_page_alloc_failed 0
thp_promote 0
thp_fault_alloc 9049
thp_fault_fallback 18402
thp_collapse_alloc 26977
thp_collapse_alloc_failed 0
thp_split 17383
thp_zero_page_alloc 1
thp_zero_page_alloc_failed 0
thp_promote 0
thp_fault_alloc 9063
thp_fault_fallback 18402
thp_collapse_alloc 26977
thp_collapse_alloc_failed 0
thp_split 17383
thp_zero_page_alloc 1
thp_zero_page_alloc_failed 0
thp_promote 0
thp_fault_alloc 9076
thp_fault_fallback 18402
thp_collapse_alloc 26977
thp_collapse_alloc_failed 0
thp_split 17383
thp_zero_page_alloc 1
thp_zero_page_alloc_failed 0
thp_promote 0
thp_fault_alloc 9089
thp_fault_fallback 18402
thp_collapse_alloc 26977
thp_collapse_alloc_failed 0
thp_split 17383
thp_zero_page_alloc 1
thp_zero_page_alloc_failed 0
thp_promote 0
thp_fault_alloc 9103
thp_fault_fallback 18402
thp_collapse_alloc 26977
thp_collapse_alloc_failed 0
thp_split 17383
thp_zero_page_alloc 1
thp_zero_page_alloc_failed 0
thp_promote 0
thp_fault_alloc 9118
thp_fault_fallback 18402
thp_collapse_alloc 26977
thp_collapse_alloc_failed 0
thp_split 17383
thp_zero_page_alloc 1
thp_zero_page_alloc_failed 0
thp_promote 0
thp_fault_alloc 9131
thp_fault_fallback 18402
thp_collapse_alloc 26977
thp_collapse_alloc_failed 0
thp_split 17383
thp_zero_page_alloc 1
thp_zero_page_alloc_failed 0
thp_promote 0
thp_fault_alloc 9142
thp_fault_fallback 18402
thp_collapse_alloc 26977
thp_collapse_alloc_failed 0
thp_split 17383
thp_zero_page_alloc 1
thp_zero_page_alloc_failed 0
thp_promote 0
thp_fault_alloc 9154
thp_fault_fallback 18402
thp_collapse_alloc 26977
thp_collapse_alloc_failed 0
thp_split 17383
thp_zero_page_alloc 1
thp_zero_page_alloc_failed 0
thp_promote 0
thp_fault_alloc 9168
thp_fault_fallback 18402
thp_collapse_alloc 26977
thp_collapse_alloc_failed 0
thp_split 17383
thp_zero_page_alloc 1
thp_zero_page_alloc_failed 0
thp_promote 0
thp_fault_alloc 9181
thp_fault_fallback 18402
thp_collapse_alloc 26977
thp_collapse_alloc_failed 0
thp_split 17383
thp_zero_page_alloc 1
thp_zero_page_alloc_failed 0
thp_promote 0
thp_fault_alloc 9195
thp_fault_fallback 18402
thp_collapse_alloc 26977
thp_collapse_alloc_failed 0
thp_split 17383
thp_zero_page_alloc 1
thp_zero_page_alloc_failed 0
thp_promote 0
thp_fault_alloc 9207
thp_fault_fallback 18402
thp_collapse_alloc 26977
thp_collapse_alloc_failed 0
thp_split 17383
thp_zero_page_alloc 1
thp_zero_page_alloc_failed 0
thp_promote 0
thp_fault_alloc 9221
thp_fault_fallback 18402
thp_collapse_alloc 26977
thp_collapse_alloc_failed 0
thp_split 17383
thp_zero_page_alloc 1
thp_zero_page_alloc_failed 0
thp_promote 0
thp_fault_alloc 9234
thp_fault_fallback 18402
thp_collapse_alloc 26977
thp_collapse_alloc_failed 0
thp_split 17383
thp_zero_page_alloc 1
thp_zero_page_alloc_failed 0
thp_promote 0
thp_fault_alloc 9247
thp_fault_fallback 18402
thp_collapse_alloc 26977
thp_collapse_alloc_failed 0
thp_split 17383
thp_zero_page_alloc 1
thp_zero_page_alloc_failed 0
thp_promote 0
thp_fault_alloc 9261
thp_fault_fallback 18402
thp_collapse_alloc 26977
thp_collapse_alloc_failed 0
thp_split 17383
thp_zero_page_alloc 1
thp_zero_page_alloc_failed 0
thp_promote 0
thp_fault_alloc 9274
thp_fault_fallback 18402
thp_collapse_alloc 26977
thp_collapse_alloc_failed 0
thp_split 17383
thp_zero_page_alloc 1
thp_zero_page_alloc_failed 0
thp_promote 0
thp_fault_alloc 9287
thp_fault_fallback 18402
thp_collapse_alloc 26977
thp_collapse_alloc_failed 0
thp_split 17383
thp_zero_page_alloc 1
thp_zero_page_alloc_failed 0
thp_promote 0
thp_fault_alloc 9299
thp_fault_fallback 18402
thp_collapse_alloc 26977
thp_collapse_alloc_failed 0
thp_split 17383
thp_zero_page_alloc 1
thp_zero_page_alloc_failed 0
thp_promote 0
thp_fault_alloc 9312
thp_fault_fallback 18402
thp_collapse_alloc 26977
thp_collapse_alloc_failed 0
thp_split 17383
thp_zero_page_alloc 1
thp_zero_page_alloc_failed 0
thp_promote 0
thp_fault_alloc 9325
thp_fault_fallback 18402
thp_collapse_alloc 26977
thp_collapse_alloc_failed 0
thp_split 17383
thp_zero_page_alloc 1
thp_zero_page_alloc_failed 0
thp_promote 0
thp_fault_alloc 9337
thp_fault_fallback 18402
thp_collapse_alloc 26977
thp_collapse_alloc_failed 0
thp_split 17383
thp_zero_page_alloc 1
thp_zero_page_alloc_failed 0
thp_promote 0
thp_fault_alloc 9351
thp_fault_fallback 18402
thp_collapse_alloc 26977
thp_collapse_alloc_failed 0
thp_split 17383
thp_zero_page_alloc 1
thp_zero_page_alloc_failed 0
thp_promote 0
thp_fault_alloc 9363
thp_fault_fallback 18402
thp_collapse_alloc 26977
thp_collapse_alloc_failed 0
thp_split 17383
thp_zero_page_alloc 1
thp_zero_page_alloc_failed 0
thp_promote 0
thp_fault_alloc 9377
thp_fault_fallback 18402
thp_collapse_alloc 26977
thp_collapse_alloc_failed 0
thp_split 17383
thp_zero_page_alloc 1
thp_zero_page_alloc_failed 0
thp_promote 0
thp_fault_alloc 9388
thp_fault_fallback 18402
thp_collapse_alloc 26977
thp_collapse_alloc_failed 0
thp_split 17383
thp_zero_page_alloc 1
thp_zero_page_alloc_failed 0
thp_promote 0
thp_fault_alloc 9402
thp_fault_fallback 18402
thp_collapse_alloc 26977
thp_collapse_alloc_failed 0
thp_split 17383
thp_zero_page_alloc 1
thp_zero_page_alloc_failed 0
thp_promote 0
thp_fault_alloc 9414
thp_fault_fallback 18402
thp_collapse_alloc 26977
thp_collapse_alloc_failed 0
thp_split 17383
thp_zero_page_alloc 1
thp_zero_page_alloc_failed 0
thp_promote 0
thp_fault_alloc 9427
thp_fault_fallback 18402
thp_collapse_alloc 26977
thp_collapse_alloc_failed 0
thp_split 17383
thp_zero_page_alloc 1
thp_zero_page_alloc_failed 0
thp_promote 0
thp_fault_alloc 9440
thp_fault_fallback 18402
thp_collapse_alloc 26977
thp_collapse_alloc_failed 0
thp_split 17383
thp_zero_page_alloc 1
thp_zero_page_alloc_failed 0
thp_promote 0
thp_fault_alloc 9453
thp_fault_fallback 18402
thp_collapse_alloc 26977
thp_collapse_alloc_failed 0
thp_split 17383
thp_zero_page_alloc 1
thp_zero_page_alloc_failed 0
thp_promote 0
thp_fault_alloc 9468
thp_fault_fallback 18402
thp_collapse_alloc 26977
thp_collapse_alloc_failed 0
thp_split 17383
thp_zero_page_alloc 1
thp_zero_page_alloc_failed 0
thp_promote 0
thp_fault_alloc 9482
thp_fault_fallback 18402
thp_collapse_alloc 26977
thp_collapse_alloc_failed 0
thp_split 17383
thp_zero_page_alloc 1
thp_zero_page_alloc_failed 0
thp_promote 0
thp_fault_alloc 9495
thp_fault_fallback 18402
thp_collapse_alloc 26977
thp_collapse_alloc_failed 0
thp_split 17383
thp_zero_page_alloc 1
thp_zero_page_alloc_failed 0
thp_promote 0
thp_fault_alloc 9506
thp_fault_fallback 18402
thp_collapse_alloc 26977
thp_collapse_alloc_failed 0
thp_split 17383
thp_zero_page_alloc 1
thp_zero_page_alloc_failed 0
thp_promote 0
thp_fault_alloc 9519
thp_fault_fallback 18402
thp_collapse_alloc 26977
thp_collapse_alloc_failed 0
thp_split 17383
thp_zero_page_alloc 1
thp_zero_page_alloc_failed 0
thp_promote 0
thp_fault_alloc 9531
thp_fault_fallback 18402
thp_collapse_alloc 26977
thp_collapse_alloc_failed 0
thp_split 17383
thp_zero_page_alloc 1
thp_zero_page_alloc_failed 0
thp_promote 0
thp_fault_alloc 9545
thp_fault_fallback 18402
thp_collapse_alloc 26977
thp_collapse_alloc_failed 0
thp_split 17383
thp_zero_page_alloc 1
thp_zero_page_alloc_failed 0
thp_promote 0
thp_fault_alloc 9567
thp_fault_fallback 18402
thp_collapse_alloc 26977
thp_collapse_alloc_failed 0
thp_split 17383
thp_zero_page_alloc 1
thp_zero_page_alloc_failed 0
thp_promote 0
thp_fault_alloc 9580
thp_fault_fallback 18402
thp_collapse_alloc 26977
thp_collapse_alloc_failed 0
thp_split 17383
thp_zero_page_alloc 1
thp_zero_page_alloc_failed 0
thp_promote 0
thp_fault_alloc 9593
thp_fault_fallback 18402
thp_collapse_alloc 26977
thp_collapse_alloc_failed 0
thp_split 17383
thp_zero_page_alloc 1
thp_zero_page_alloc_failed 0
thp_promote 0
thp_fault_alloc 9606
thp_fault_fallback 18402
thp_collapse_alloc 26977
thp_collapse_alloc_failed 0
thp_split 17383
thp_zero_page_alloc 1
thp_zero_page_alloc_failed 0
thp_promote 0
thp_fault_alloc 9617
thp_fault_fallback 18402
thp_collapse_alloc 26977
thp_collapse_alloc_failed 0
thp_split 17383
thp_zero_page_alloc 1
thp_zero_page_alloc_failed 0
thp_promote 0
thp_fault_alloc 9632
thp_fault_fallback 18402
thp_collapse_alloc 26977
thp_collapse_alloc_failed 0
thp_split 17383
thp_zero_page_alloc 1
thp_zero_page_alloc_failed 0
thp_promote 0
thp_fault_alloc 9642
thp_fault_fallback 18402
thp_collapse_alloc 26977
thp_collapse_alloc_failed 0
thp_split 17383
thp_zero_page_alloc 1
thp_zero_page_alloc_failed 0
thp_promote 0
thp_fault_alloc 9655
thp_fault_fallback 18402
thp_collapse_alloc 26977
thp_collapse_alloc_failed 0
thp_split 17383
thp_zero_page_alloc 1
thp_zero_page_alloc_failed 0
thp_promote 0
thp_fault_alloc 9667
thp_fault_fallback 18402
thp_collapse_alloc 26977
thp_collapse_alloc_failed 0
thp_split 17383
thp_zero_page_alloc 1
thp_zero_page_alloc_failed 0
thp_promote 0
thp_fault_alloc 9679
thp_fault_fallback 18402
thp_collapse_alloc 26977
thp_collapse_alloc_failed 0
thp_split 17383
thp_zero_page_alloc 1
thp_zero_page_alloc_failed 0
thp_promote 0
thp_fault_alloc 9693
thp_fault_fallback 18402
thp_collapse_alloc 26977
thp_collapse_alloc_failed 0
thp_split 17383
thp_zero_page_alloc 1
thp_zero_page_alloc_failed 0
thp_promote 0
thp_fault_alloc 9706
thp_fault_fallback 18402
thp_collapse_alloc 26977
thp_collapse_alloc_failed 0
thp_split 17383
thp_zero_page_alloc 1
thp_zero_page_alloc_failed 0
thp_promote 0
thp_fault_alloc 9719
thp_fault_fallback 18471
thp_collapse_alloc 26977
thp_collapse_alloc_failed 0
thp_split 17452
thp_zero_page_alloc 1
thp_zero_page_alloc_failed 0
thp_promote 0
thp_fault_alloc 9729
thp_fault_fallback 18741
thp_collapse_alloc 26977
thp_collapse_alloc_failed 0
thp_split 17722
thp_zero_page_alloc 1
thp_zero_page_alloc_failed 0
thp_promote 0
thp_fault_alloc 9740
thp_fault_fallback 19011
thp_collapse_alloc 26977
thp_collapse_alloc_failed 0
thp_split 17992
thp_zero_page_alloc 1
thp_zero_page_alloc_failed 0
thp_promote 0
thp_fault_alloc 9750
thp_fault_fallback 19283
thp_collapse_alloc 26977
thp_collapse_alloc_failed 0
thp_split 18264
thp_zero_page_alloc 1
thp_zero_page_alloc_failed 0
thp_promote 0
thp_fault_alloc 9758
thp_fault_fallback 19555
thp_collapse_alloc 26977
thp_collapse_alloc_failed 0
thp_split 18536
thp_zero_page_alloc 1
thp_zero_page_alloc_failed 0
thp_promote 0
thp_fault_alloc 9766
thp_fault_fallback 19830
thp_collapse_alloc 26977
thp_collapse_alloc_failed 0
thp_split 18811
thp_zero_page_alloc 1
thp_zero_page_alloc_failed 0
thp_promote 0
thp_fault_alloc 9776
thp_fault_fallback 20109
thp_collapse_alloc 26977
thp_collapse_alloc_failed 0
thp_split 19090
thp_zero_page_alloc 1
thp_zero_page_alloc_failed 0
thp_promote 0
thp_fault_alloc 9785
thp_fault_fallback 20390
thp_collapse_alloc 26977
thp_collapse_alloc_failed 0
thp_split 19371
thp_zero_page_alloc 1
thp_zero_page_alloc_failed 0
thp_promote 0
thp_fault_alloc 9794
thp_fault_fallback 20677
thp_collapse_alloc 26977
thp_collapse_alloc_failed 0
thp_split 19658
thp_zero_page_alloc 1
thp_zero_page_alloc_failed 0
thp_promote 0
thp_fault_alloc 9804
thp_fault_fallback 20960
thp_collapse_alloc 26977
thp_collapse_alloc_failed 0
thp_split 19941
thp_zero_page_alloc 1
thp_zero_page_alloc_failed 0
thp_promote 0
thp_fault_alloc 9813
thp_fault_fallback 21246
thp_collapse_alloc 26977
thp_collapse_alloc_failed 0
thp_split 20227
thp_zero_page_alloc 1
thp_zero_page_alloc_failed 0
thp_promote 0
thp_fault_alloc 9821
thp_fault_fallback 24159
thp_collapse_alloc 26977
thp_collapse_alloc_failed 0
thp_split 23140
thp_zero_page_alloc 1
thp_zero_page_alloc_failed 0
thp_promote 0
thp_fault_alloc 9838
thp_fault_fallback 24448
thp_collapse_alloc 26977
thp_collapse_alloc_failed 0
thp_split 23429
thp_zero_page_alloc 1
thp_zero_page_alloc_failed 0
thp_promote 0
thp_fault_alloc 9848
thp_fault_fallback 24451
thp_collapse_alloc 26977
thp_collapse_alloc_failed 0
thp_split 23432
thp_zero_page_alloc 1
thp_zero_page_alloc_failed 0
thp_promote 0
thp_fault_alloc 9857
thp_fault_fallback 24451
thp_collapse_alloc 26977
thp_collapse_alloc_failed 0
thp_split 23432
thp_zero_page_alloc 1
thp_zero_page_alloc_failed 0
thp_promote 0
thp_fault_alloc 9869
thp_fault_fallback 24451
thp_collapse_alloc 26977
thp_collapse_alloc_failed 0
thp_split 23432
thp_zero_page_alloc 1
thp_zero_page_alloc_failed 0
thp_promote 0
thp_fault_alloc 9887
thp_fault_fallback 24451
thp_collapse_alloc 26977
thp_collapse_alloc_failed 0
thp_split 23432
thp_zero_page_alloc 1
thp_zero_page_alloc_failed 0
thp_promote 0
thp_fault_alloc 9899
thp_fault_fallback 24451
thp_collapse_alloc 26977
thp_collapse_alloc_failed 0
thp_split 23432
thp_zero_page_alloc 1
thp_zero_page_alloc_failed 0
thp_promote 0
thp_fault_alloc 9910
thp_fault_fallback 24451
thp_collapse_alloc 26977
thp_collapse_alloc_failed 0
thp_split 23432
thp_zero_page_alloc 1
thp_zero_page_alloc_failed 0
thp_promote 0
thp_fault_alloc 9921
thp_fault_fallback 24451
thp_collapse_alloc 26977
thp_collapse_alloc_failed 0
thp_split 23432
thp_zero_page_alloc 1
thp_zero_page_alloc_failed 0
thp_promote 0
thp_fault_alloc 9932
thp_fault_fallback 24451
thp_collapse_alloc 26977
thp_collapse_alloc_failed 0
thp_split 23432
thp_zero_page_alloc 1
thp_zero_page_alloc_failed 0
thp_promote 0
thp_fault_alloc 9943
thp_fault_fallback 24451
thp_collapse_alloc 26977
thp_collapse_alloc_failed 0
thp_split 23432
thp_zero_page_alloc 1
thp_zero_page_alloc_failed 0
thp_promote 0
thp_fault_alloc 9954
thp_fault_fallback 24451
thp_collapse_alloc 26977
thp_collapse_alloc_failed 0
thp_split 23432
thp_zero_page_alloc 1
thp_zero_page_alloc_failed 0
thp_promote 0
thp_fault_alloc 9976
thp_fault_fallback 24451
thp_collapse_alloc 26977
thp_collapse_alloc_failed 0
thp_split 23432
thp_zero_page_alloc 1
thp_zero_page_alloc_failed 0
thp_promote 0
thp_fault_alloc 9987
thp_fault_fallback 24451
thp_collapse_alloc 26977
thp_collapse_alloc_failed 0
thp_split 23432
thp_zero_page_alloc 1
thp_zero_page_alloc_failed 0
thp_promote 0
thp_fault_alloc 10000
thp_fault_fallback 24451
thp_collapse_alloc 26977
thp_collapse_alloc_failed 0
thp_split 23432
thp_zero_page_alloc 1
thp_zero_page_alloc_failed 0
thp_promote 0
thp_fault_alloc 10010
thp_fault_fallback 24451
thp_collapse_alloc 26977
thp_collapse_alloc_failed 0
thp_split 23432
thp_zero_page_alloc 1
thp_zero_page_alloc_failed 0
thp_promote 0
thp_fault_alloc 10021
thp_fault_fallback 24451
thp_collapse_alloc 26977
thp_collapse_alloc_failed 0
thp_split 23432
thp_zero_page_alloc 1
thp_zero_page_alloc_failed 0
thp_promote 0
thp_fault_alloc 10030
thp_fault_fallback 24451
thp_collapse_alloc 26977
thp_collapse_alloc_failed 0
thp_split 23432
thp_zero_page_alloc 1
thp_zero_page_alloc_failed 0
thp_promote 0
thp_fault_alloc 10038
thp_fault_fallback 24451
thp_collapse_alloc 26977
thp_collapse_alloc_failed 0
thp_split 23432
thp_zero_page_alloc 1
thp_zero_page_alloc_failed 0
thp_promote 0
thp_fault_alloc 10047
thp_fault_fallback 24451
thp_collapse_alloc 26977
thp_collapse_alloc_failed 0
thp_split 23432
thp_zero_page_alloc 1
thp_zero_page_alloc_failed 0
thp_promote 0
thp_fault_alloc 10061
thp_fault_fallback 24451
thp_collapse_alloc 26977
thp_collapse_alloc_failed 0
thp_split 23432
thp_zero_page_alloc 1
thp_zero_page_alloc_failed 0
thp_promote 0
thp_fault_alloc 10073
thp_fault_fallback 24451
thp_collapse_alloc 26977
thp_collapse_alloc_failed 0
thp_split 23432
thp_zero_page_alloc 1
thp_zero_page_alloc_failed 0
thp_promote 0
thp_fault_alloc 10082
thp_fault_fallback 24451
thp_collapse_alloc 26977
thp_collapse_alloc_failed 0
thp_split 23432
thp_zero_page_alloc 1
thp_zero_page_alloc_failed 0
thp_promote 0
thp_fault_alloc 10091
thp_fault_fallback 24451
thp_collapse_alloc 26977
thp_collapse_alloc_failed 0
thp_split 23432
thp_zero_page_alloc 1
thp_zero_page_alloc_failed 0
thp_promote 0
thp_fault_alloc 10130
thp_fault_fallback 24451
thp_collapse_alloc 26977
thp_collapse_alloc_failed 0
thp_split 23432
thp_zero_page_alloc 1
thp_zero_page_alloc_failed 0
thp_promote 0
thp_fault_alloc 10140
thp_fault_fallback 24451
thp_collapse_alloc 26977
thp_collapse_alloc_failed 0
thp_split 23432
thp_zero_page_alloc 1
thp_zero_page_alloc_failed 0
thp_promote 0
thp_fault_alloc 10151
thp_fault_fallback 24451
thp_collapse_alloc 26977
thp_collapse_alloc_failed 0
thp_split 23432
thp_zero_page_alloc 1
thp_zero_page_alloc_failed 0
thp_promote 0
thp_fault_alloc 10161
thp_fault_fallback 24451
thp_collapse_alloc 26977
thp_collapse_alloc_failed 0
thp_split 23432
thp_zero_page_alloc 1
thp_zero_page_alloc_failed 0
thp_promote 0
thp_fault_alloc 10169
thp_fault_fallback 24451
thp_collapse_alloc 26977
thp_collapse_alloc_failed 0
thp_split 23432
thp_zero_page_alloc 1
thp_zero_page_alloc_failed 0
thp_promote 0
thp_fault_alloc 10178
thp_fault_fallback 24451
thp_collapse_alloc 26977
thp_collapse_alloc_failed 0
thp_split 23432
thp_zero_page_alloc 1
thp_zero_page_alloc_failed 0
thp_promote 0
thp_fault_alloc 10187
thp_fault_fallback 24451
thp_collapse_alloc 26977
thp_collapse_alloc_failed 0
thp_split 23432
thp_zero_page_alloc 1
thp_zero_page_alloc_failed 0
thp_promote 0
thp_fault_alloc 10208
thp_fault_fallback 24451
thp_collapse_alloc 26977
thp_collapse_alloc_failed 0
thp_split 23432
thp_zero_page_alloc 1
thp_zero_page_alloc_failed 0
thp_promote 0
thp_fault_alloc 10217
thp_fault_fallback 24451
thp_collapse_alloc 26977
thp_collapse_alloc_failed 0
thp_split 23432
thp_zero_page_alloc 1
thp_zero_page_alloc_failed 0
thp_promote 0
thp_fault_alloc 10227
thp_fault_fallback 24451
thp_collapse_alloc 26977
thp_collapse_alloc_failed 0
thp_split 23432
thp_zero_page_alloc 1
thp_zero_page_alloc_failed 0
thp_promote 0
thp_fault_alloc 10238
thp_fault_fallback 24451
thp_collapse_alloc 26977
thp_collapse_alloc_failed 0
thp_split 23432
thp_zero_page_alloc 1
thp_zero_page_alloc_failed 0
thp_promote 0
thp_fault_alloc 10246
thp_fault_fallback 24451
thp_collapse_alloc 26977
thp_collapse_alloc_failed 0
thp_split 23432
thp_zero_page_alloc 1
thp_zero_page_alloc_failed 0
thp_promote 0
thp_fault_alloc 10257
thp_fault_fallback 24451
thp_collapse_alloc 26977
thp_collapse_alloc_failed 0
thp_split 23432
thp_zero_page_alloc 1
thp_zero_page_alloc_failed 0
thp_promote 0
thp_fault_alloc 10266
thp_fault_fallback 24451
thp_collapse_alloc 26977
thp_collapse_alloc_failed 0
thp_split 23432
thp_zero_page_alloc 1
thp_zero_page_alloc_failed 0
thp_promote 0
thp_fault_alloc 10276
thp_fault_fallback 24451
thp_collapse_alloc 26977
thp_collapse_alloc_failed 0
thp_split 23432
thp_zero_page_alloc 1
thp_zero_page_alloc_failed 0
thp_promote 0
thp_fault_alloc 10284
thp_fault_fallback 24451
thp_collapse_alloc 26977
thp_collapse_alloc_failed 0
thp_split 23432
thp_zero_page_alloc 1
thp_zero_page_alloc_failed 0
thp_promote 0
thp_fault_alloc 10304
thp_fault_fallback 24451
thp_collapse_alloc 26977
thp_collapse_alloc_failed 0
thp_split 23432
thp_zero_page_alloc 1
thp_zero_page_alloc_failed 0
thp_promote 0
thp_fault_alloc 10314
thp_fault_fallback 24451
thp_collapse_alloc 26977
thp_collapse_alloc_failed 0
thp_split 23432
thp_zero_page_alloc 1
thp_zero_page_alloc_failed 0
thp_promote 0
thp_fault_alloc 10323
thp_fault_fallback 24451
thp_collapse_alloc 26977
thp_collapse_alloc_failed 0
thp_split 23432
thp_zero_page_alloc 1
thp_zero_page_alloc_failed 0
thp_promote 0
thp_fault_alloc 10331
thp_fault_fallback 24451
thp_collapse_alloc 26977
thp_collapse_alloc_failed 0
thp_split 23432
thp_zero_page_alloc 1
thp_zero_page_alloc_failed 0
thp_promote 0
thp_fault_alloc 10340
thp_fault_fallback 24451
thp_collapse_alloc 26977
thp_collapse_alloc_failed 0
thp_split 23432
thp_zero_page_alloc 1
thp_zero_page_alloc_failed 0
thp_promote 0
thp_fault_alloc 10351
thp_fault_fallback 24451
thp_collapse_alloc 26977
thp_collapse_alloc_failed 0
thp_split 23432
thp_zero_page_alloc 1
thp_zero_page_alloc_failed 0
thp_promote 0
thp_fault_alloc 10360
thp_fault_fallback 24451
thp_collapse_alloc 26977
thp_collapse_alloc_failed 0
thp_split 23432
thp_zero_page_alloc 1
thp_zero_page_alloc_failed 0
thp_promote 0
thp_fault_alloc 10368
thp_fault_fallback 24451
thp_collapse_alloc 26977
thp_collapse_alloc_failed 0
thp_split 23432
thp_zero_page_alloc 1
thp_zero_page_alloc_failed 0
thp_promote 0
thp_fault_alloc 10377
thp_fault_fallback 24451
thp_collapse_alloc 26977
thp_collapse_alloc_failed 0
thp_split 23432
thp_zero_page_alloc 1
thp_zero_page_alloc_failed 0
thp_promote 0
thp_fault_alloc 10418
thp_fault_fallback 24451
thp_collapse_alloc 26977
thp_collapse_alloc_failed 0
thp_split 23432
thp_zero_page_alloc 1
thp_zero_page_alloc_failed 0
thp_promote 0
thp_fault_alloc 10429
thp_fault_fallback 24451
thp_collapse_alloc 26977
thp_collapse_alloc_failed 0
thp_split 23432
thp_zero_page_alloc 1
thp_zero_page_alloc_failed 0
thp_promote 0
thp_fault_alloc 10439
thp_fault_fallback 24451
thp_collapse_alloc 26977
thp_collapse_alloc_failed 0
thp_split 23432
thp_zero_page_alloc 1
thp_zero_page_alloc_failed 0
thp_promote 0
thp_fault_alloc 10475
thp_fault_fallback 24451
thp_collapse_alloc 26977
thp_collapse_alloc_failed 0
thp_split 23432
thp_zero_page_alloc 1
thp_zero_page_alloc_failed 0
thp_promote 0
thp_fault_alloc 10507
thp_fault_fallback 24451
thp_collapse_alloc 26977
thp_collapse_alloc_failed 0
thp_split 23432
thp_zero_page_alloc 1
thp_zero_page_alloc_failed 0
thp_promote 0
thp_fault_alloc 10545
thp_fault_fallback 24451
thp_collapse_alloc 26977
thp_collapse_alloc_failed 0
thp_split 23432
thp_zero_page_alloc 1
thp_zero_page_alloc_failed 0
thp_promote 0
thp_fault_alloc 10554
thp_fault_fallback 24451
thp_collapse_alloc 26977
thp_collapse_alloc_failed 0
thp_split 23432
thp_zero_page_alloc 1
thp_zero_page_alloc_failed 0
thp_promote 0
thp_fault_alloc 10621
thp_fault_fallback 24451
thp_collapse_alloc 26977
thp_collapse_alloc_failed 0
thp_split 23432
thp_zero_page_alloc 1
thp_zero_page_alloc_failed 0
thp_promote 0
thp_fault_alloc 10630
thp_fault_fallback 24451
thp_collapse_alloc 26977
thp_collapse_alloc_failed 0
thp_split 23432
thp_zero_page_alloc 1
thp_zero_page_alloc_failed 0
thp_promote 0
thp_fault_alloc 10648
thp_fault_fallback 24451
thp_collapse_alloc 26977
thp_collapse_alloc_failed 0
thp_split 23432
thp_zero_page_alloc 1
thp_zero_page_alloc_failed 0
thp_promote 0
thp_fault_alloc 10658
thp_fault_fallback 24451
thp_collapse_alloc 26977
thp_collapse_alloc_failed 0
thp_split 23432
thp_zero_page_alloc 1
thp_zero_page_alloc_failed 0
thp_promote 0
thp_fault_alloc 10666
thp_fault_fallback 24451
thp_collapse_alloc 26977
thp_collapse_alloc_failed 0
thp_split 23432
thp_zero_page_alloc 1
thp_zero_page_alloc_failed 0
thp_promote 0
thp_fault_alloc 10791
thp_fault_fallback 24451
thp_collapse_alloc 26977
thp_collapse_alloc_failed 0
thp_split 23432
thp_zero_page_alloc 1
thp_zero_page_alloc_failed 0
thp_promote 0
thp_fault_alloc 10801
thp_fault_fallback 24451
thp_collapse_alloc 26977
thp_collapse_alloc_failed 0
thp_split 23432
thp_zero_page_alloc 1
thp_zero_page_alloc_failed 0
thp_promote 0
thp_fault_alloc 10810
thp_fault_fallback 24451
thp_collapse_alloc 26977
thp_collapse_alloc_failed 0
thp_split 23432
thp_zero_page_alloc 1
thp_zero_page_alloc_failed 0
thp_promote 0
thp_fault_alloc 10819
thp_fault_fallback 24451
thp_collapse_alloc 26977
thp_collapse_alloc_failed 0
thp_split 23432
thp_zero_page_alloc 1
thp_zero_page_alloc_failed 0
thp_promote 0
thp_fault_alloc 10829
thp_fault_fallback 24451
thp_collapse_alloc 26977
thp_collapse_alloc_failed 0
thp_split 23432
thp_zero_page_alloc 1
thp_zero_page_alloc_failed 0
thp_promote 0
thp_fault_alloc 10850
thp_fault_fallback 24451
thp_collapse_alloc 26977
thp_collapse_alloc_failed 0
thp_split 23432
thp_zero_page_alloc 1
thp_zero_page_alloc_failed 0
thp_promote 0
thp_fault_alloc 10859
thp_fault_fallback 24451
thp_collapse_alloc 26977
thp_collapse_alloc_failed 0
thp_split 23432
thp_zero_page_alloc 1
thp_zero_page_alloc_failed 0
thp_promote 0
thp_fault_alloc 10870
thp_fault_fallback 24451
thp_collapse_alloc 26977
thp_collapse_alloc_failed 0
thp_split 23432
thp_zero_page_alloc 1
thp_zero_page_alloc_failed 0
thp_promote 0
thp_fault_alloc 10880
thp_fault_fallback 24451
thp_collapse_alloc 26977
thp_collapse_alloc_failed 0
thp_split 23432
thp_zero_page_alloc 1
thp_zero_page_alloc_failed 0
thp_promote 0
thp_fault_alloc 10903
thp_fault_fallback 24451
thp_collapse_alloc 26977
thp_collapse_alloc_failed 0
thp_split 23432
thp_zero_page_alloc 1
thp_zero_page_alloc_failed 0
thp_promote 0
thp_fault_alloc 11129
thp_fault_fallback 24451
thp_collapse_alloc 26977
thp_collapse_alloc_failed 0
thp_split 23432
thp_zero_page_alloc 1
thp_zero_page_alloc_failed 0
thp_promote 0
thp_fault_alloc 11159
thp_fault_fallback 24451
thp_collapse_alloc 26977
thp_collapse_alloc_failed 0
thp_split 23432
thp_zero_page_alloc 1
thp_zero_page_alloc_failed 0
thp_promote 0
thp_fault_alloc 11167
thp_fault_fallback 24451
thp_collapse_alloc 26977
thp_collapse_alloc_failed 0
thp_split 23432
thp_zero_page_alloc 1
thp_zero_page_alloc_failed 0
thp_promote 0
thp_fault_alloc 11175
thp_fault_fallback 24451
thp_collapse_alloc 26977
thp_collapse_alloc_failed 0
thp_split 23432
thp_zero_page_alloc 1
thp_zero_page_alloc_failed 0
thp_promote 0
thp_fault_alloc 11195
thp_fault_fallback 24451
thp_collapse_alloc 27179
thp_collapse_alloc_failed 0
thp_split 23432
thp_zero_page_alloc 1
thp_zero_page_alloc_failed 0
thp_promote 0
thp_fault_alloc 11205
thp_fault_fallback 24451
thp_collapse_alloc 28443
thp_collapse_alloc_failed 0
thp_split 23432
thp_zero_page_alloc 1
thp_zero_page_alloc_failed 0
thp_promote 0
thp_fault_alloc 11216
thp_fault_fallback 24451
thp_collapse_alloc 29935
thp_collapse_alloc_failed 0
thp_split 23432
thp_zero_page_alloc 1
thp_zero_page_alloc_failed 0
thp_promote 0
thp_fault_alloc 11228
thp_fault_fallback 24451
thp_collapse_alloc 31285
thp_collapse_alloc_failed 0
thp_split 23432
thp_zero_page_alloc 1
thp_zero_page_alloc_failed 0
thp_promote 0
thp_fault_alloc 11240
thp_fault_fallback 24451
thp_collapse_alloc 32769
thp_collapse_alloc_failed 0
thp_split 23432
thp_zero_page_alloc 1
thp_zero_page_alloc_failed 0
thp_promote 0
thp_fault_alloc 11248
thp_fault_fallback 24451
thp_collapse_alloc 33026
thp_collapse_alloc_failed 0
thp_split 23432
thp_zero_page_alloc 1
thp_zero_page_alloc_failed 0
thp_promote 0
thp_fault_alloc 11257
thp_fault_fallback 24451
thp_collapse_alloc 33026
thp_collapse_alloc_failed 0
thp_split 23432
thp_zero_page_alloc 1
thp_zero_page_alloc_failed 0
thp_promote 0
thp_fault_alloc 11265
thp_fault_fallback 24451
thp_collapse_alloc 33026
thp_collapse_alloc_failed 0
thp_split 23432
thp_zero_page_alloc 1
thp_zero_page_alloc_failed 0
thp_promote 0
thp_fault_alloc 11273
thp_fault_fallback 24451
thp_collapse_alloc 33026
thp_collapse_alloc_failed 0
thp_split 23432
thp_zero_page_alloc 1
thp_zero_page_alloc_failed 0
thp_promote 0
thp_fault_alloc 11281
thp_fault_fallback 24451
thp_collapse_alloc 33026
thp_collapse_alloc_failed 0
thp_split 23432
thp_zero_page_alloc 1
thp_zero_page_alloc_failed 0
thp_promote 0
thp_fault_alloc 11290
thp_fault_fallback 24451
thp_collapse_alloc 33026
thp_collapse_alloc_failed 0
thp_split 23432
thp_zero_page_alloc 1
thp_zero_page_alloc_failed 0
thp_promote 0
thp_fault_alloc 11300
thp_fault_fallback 24451
thp_collapse_alloc 33026
thp_collapse_alloc_failed 0
thp_split 23432
thp_zero_page_alloc 1
thp_zero_page_alloc_failed 0
thp_promote 0
thp_fault_alloc 11309
thp_fault_fallback 24451
thp_collapse_alloc 33026
thp_collapse_alloc_failed 0
thp_split 23432
thp_zero_page_alloc 1
thp_zero_page_alloc_failed 0
thp_promote 0
thp_fault_alloc 11320
thp_fault_fallback 24451
thp_collapse_alloc 33026
thp_collapse_alloc_failed 0
thp_split 23432
thp_zero_page_alloc 1
thp_zero_page_alloc_failed 0
thp_promote 0
thp_fault_alloc 11332
thp_fault_fallback 24451
thp_collapse_alloc 33026
thp_collapse_alloc_failed 0
thp_split 23432
thp_zero_page_alloc 1
thp_zero_page_alloc_failed 0
thp_promote 0
thp_fault_alloc 11799
thp_fault_fallback 24451
thp_collapse_alloc 33026
thp_collapse_alloc_failed 0
thp_split 23432
thp_zero_page_alloc 1
thp_zero_page_alloc_failed 0
thp_promote 0
thp_fault_alloc 11809
thp_fault_fallback 24451
thp_collapse_alloc 33026
thp_collapse_alloc_failed 0
thp_split 23433
thp_zero_page_alloc 1
thp_zero_page_alloc_failed 0
thp_promote 0
