11400500 2048
11402548 4096
11404596 6144
11408692 10240
11410740 12288
11414836 16384
11416884 18432
11420980 22528
11425076 26624
11427124 30720
11431220 32768
11435316 38912
11441460 43008
11445556 47104
11449652 51200
11455796 57344
11459892 61440
11466036 67584
11472180 73728
11476276 77824
11482420 83968
11488564 90112
11494708 96256
11500852 102400
11506996 108544
11513140 114688
11519284 120832
11525428 126976
11531572 133120
11535668 139264
11541812 145408
11545908 1490944
11552052 1497088
11556148 1503232
11580724 1525760
11586868 1531904
11593012 1538048
11599156 1544192
11603252 3567616
11607348 5699584
11613492 5705728
11617588 5711872
11623732 5715968
11629876 5722112
11636020 5728256
11642164 5734400
11648308 5740544
11652404 5744640
11658548 5750784
11664692 5756928
11668788 6453248
11674932 6459392
11681076 6465536
11685172 6471680
11691316 6475776
11697460 6481920
11701556 6488064
11707700 6492160
11713844 6498304
11717940 6502400
11726132 6541312
11730228 6545408
11736372 6551552
11740468 6555648
11746612 6561792
11750708 6565888
11756852 6572032
11760948 6576128
11767092 6582272
11771188 7321600
11775284 10428416
11779380 11773952
11783476 11778048
11789620 11784192
11793716 11788288
11799860 11794432
11803956 11798528
11808052 11802624
11814196 11808768
11818292 11812864
11824436 11819008
11828532 11823104
11832628 11827200
11838772 11833344
11842868 11837440
11846964 11841536
11851060 11845632
11857204 11851776
11861300 11855872
11865396 11859968
11869492 11864064
11873588 11868160
11879732 11874304
11883828 11878400
11887924 11882496
11892020 11886592
11896116 11890688
11900212 11894784
11904308 11898880
11908404 11902976
11912500 11907072
11918644 11913216
11922740 11917312
11926836 11921408
11930932 11925504
11935028 11929600
11939124 11933696
11941172 11935744
11945268 11939840
11949364 11943936
11953460 11948032
11957556 11952128
11961652 11956224
11965748 11960320
11969844 11964416
11973940 11968512
11975988 11970560
11980084 11974656
11984180 11978752
11988276 11982848
11992372 11986944
11996468 11991040
11998516 11993088
12000564 57344
12002612 2048
12002612 2048
12004660 4096
12004660 4096
12006708 6144
12006708 6144
12008756 8192
12010804 10240
12010804 12288
12012852 12288
12014900 14336
12016948 16384
12018996 18432
12021044 20480
12023092 24576
12027188 26624
12029236 28672
12031284 30720
12035380 34816
12037428 36864
12039476 40960
12043572 43008
12045620 45056
12047668 755712
12051764 759808
12053812 761856
12055860 763904
12059956 768000
12062004 770048
12066100 774144
12068148 776192
12070196 780288
12074292 2240512
12074292 5203968
12080436 5210112
12082484 5212160
12084532 5214208
12088628 5218304
12090676 5220352
12092724 5222400
12096820 5226496
12098868 5228544
12100916 5230592
12105012 5570560
12107060 5572608
12109108 5574656
12113204 5578752
12115252 5580800
12117300 5582848
12119348 5584896
12123444 5588992
12125492 5591040
12127540 5642240
12129588 5644288
12133684 5648384
12135732 5650432
12137780 5652480
12139828 5654528
12141876 5656576
12145972 5660672
12148020 5662720
12150068 5664768
12152116 5885952
12154164 5888000
12156212 5890048
12160308 5894144
12162356 5896192
12164404 5898240
12166452 5900288
12168500 5902336
12172596 5906432
12174644 6225920
12176692 6227968
12178740 6230016
12180788 6232064
12182836 6234112
12184884 6236160
12186932 6240256
12191028 6242304
12193076 6244352
12195124 6713344
12197172 9756672
12197172 12191744
12199220 12193792
12201268 12195840
12205364 12199936
12207412 12201984
12209460 12204032
12211508 12206080
12213556 12208128
12215604 12210176
12217652 12212224
12219700 12214272
12221748 12216320
12223796 12218368
12225844 12220416
12227892 12222464
12229940 12224512
12231988 12226560
12234036 12228608
12236084 12230656
12238132 12232704
12240180 12234752
12242228 12236800
12244276 12238848
12246324 12240896
12248372 12242944
12250420 12244992
12252468 12247040
12254516 12249088
12256564 12251136
12258612 12253184
12260660 12255232
12262708 12257280
12262708 12257280
12264756 12259328
12266804 12261376
12268852 12263424
12270900 12265472
12270900 12265472
12272948 12267520
12274996 12269568
12277044 12271616
12279092 12273664
12281140 12275712
12283188 12277760
12283188 12277760
12285236 12279808
12287284 12281856
12289332 12283904
12291380 12285952
12291380 112640
12291380 0
12293428 2048
12293428 2048
12293428 2048
12293428 2048
12295476 4096
12295476 4096
12295476 4096
12295476 4096
12297524 6144
12297524 6144
12299572 8192
12299572 8192
12301620 10240
12301620 10240
12303668 12288
12305716 14336
12305716 18432
12307764 20480
12307764 20480
12309812 22528
12311860 24576
12311860 24576
12313908 26624
12315956 28672
12318004 4468736
12318004 4468736
12320052 4470784
12320052 4470784
12322100 4472832
12324148 4474880
12324148 4474880
12326196 4476928
12328244 4478976
12328244 4478976
12330292 4481024
12330292 5638144
12332340 5640192
12332340 5640192
12334388 5642240
12336436 5644288
12336436 5644288
12338484 5646336
12340532 5648384
12340532 5648384
12342580 5650432
12342580 5668864
12344628 5670912
12346676 5672960
12346676 5672960
12348724 5675008
12348724 5675008
12350772 5677056
12350772 5677056
12352820 5679104
12354868 5681152
12354868 5681152
12356916 5683200
12356916 5683200
12358964 5685248
12358964 5685248
12361012 5687296
12361012 5689344
12363060 5689344
12365108 5691392
12365108 5691392
12367156 5693440
12367156 5693440
12369204 5695488
12369204 5695488
12371252 5697536
12371252 5697536
12373300 5699584
12373300 5730304
12375348 8787968
12375348 11890688
12377396 12371968
12377396 12371968
12379444 12374016
12379444 12374016
12381492 12376064
12381492 12376064
12383540 12378112
12383540 12378112
12385588 12380160
12385588 12380160
12387636 12382208
12387636 12382208
12389684 12384256
12389684 12384256
12391732 12386304
12391732 12386304
12393780 12388352
12393780 12388352
12395828 12390400
12395828 12390400
12397876 12392448
12397876 12392448
12399924 12394496
12399924 12394496
12399924 12394496
12399924 12394496
12399924 12394496
12399924 12394496
12399924 12394496
12399924 12394496
12399924 12394496
12399924 12394496
12399924 12394496
12399924 12394496
12399924 12394496
12399924 12394496
12399924 12394496
12399924 12394496
12399924 12394496
12399924 12394496
12399924 12394496
12399924 12394496
12399924 12394496
12399924 12394496
12399924 12394496
12399924 12394496
12399924 12394496
12399924 12394496
12399924 12394496
12399924 12394496
12399924 12394496
12399924 12394496
12399924 12394496
12399924 12394496
12399924 12369920
12399924 12369920
12399924 12369920
12399924 12369920
12399924 12365824
12399924 12365824
12399924 12365824
12399924 12365824
12399924 12365824
12399924 12365824
12399924 12365824
12399924 12365824
12399924 12365824
12399924 12365824
12399924 12365824
12399924 12365824
12399924 12365824
12399924 12365824
12399924 12365824
12399924 12365824
12399924 12365824
12399924 12365824
12399924 12365824
12399924 12365824
12399924 12365824
12399924 12365824
12399924 12361728
12399924 12361728
12399924 12361728
12399924 12361728
12399924 12361728
12399924 12361728
12399924 12361728
12399924 12361728
12399924 12361728
12399924 12361728
12399924 12361728
12399924 12361728
