11062588 8964096
11148604 9050112
11230524 9132032
11312444 9211904
11392316 9291776
11474236 9375744
11562300 9463808
11644220 9545728
11726140 9627648
11806012 9707520
11887932 9787392
11918648 9818112
11918648 9818112
11918648 9818112
11918648 9818112
11918648 9818112
11918648 9818112
11918648 9818112
11918648 9818112
11918648 9818112
11918648 9818112
11918648 9818112
11918648 9818112
11918648 9818112
11918648 9818112
11918648 9818112
11918648 9818112
11922744 9822208
11922744 16384
11398640 0
11400852 0
11403340 0
11405980 0
11408948 0
11412144 0
11415480 0
11419120 0
11423012 0
11427668 0
11431996 0
11436892 0
11441688 0
11446700 0
11451940 0
11457376 0
11462996 0
11468764 0
11474624 0
11480576 0
11486556 0
11492652 0
11498960 0
11505144 0
11511456 0
11517652 0
11523788 0
11529976 0
11536112 0
11542284 0
11548416 0
11554464 2048
11559744 2048
11564952 2048
11570080 2048
11575200 2048
11580372 2048
11585548 2048
11596808 2048
11602700 10240
11608572 10240
11614604 10240
11627432 10240
11633204 10240
11638836 10240
11643764 10240
11649032 10240
11654440 18432
11660000 18432
11665520 18432
11670824 18432
11676092 18432
11681252 18432
11686340 18432
11691404 18432
11696448 26624
11701472 26624
11706480 26624
11711524 26624
11716636 26624
11721720 26624
11726796 26624
11731784 26624
11736504 26624
11741404 43008
11745964 43008
11750584 43008
11755384 43008
11760120 43008
11764808 43008
11769460 43008
11774072 43008
11778660 43008
11783188 59392
11787432 59392
11791804 59392
11796320 59392
11800844 59392
11805328 59392
11809808 59392
11814188 59392
11818576 59392
11822856 75776
11826888 75776
11831108 75776
11835424 75776
11839728 75776
11844028 75776
11848220 75776
11852376 75776
11856492 75776
11860552 92160
11864576 92160
11868588 92160
11872684 92160
11876716 92160
11880680 92160
11884616 92160
11888564 92160
11892440 92160
11896228 108544
11899860 108544
11903592 108544
11907384 108544
11911200 108544
11914980 108544
11918692 108544
11923288 110592
11927672 114688
11931960 135168
11936088 139264
11938264 141312
11942424 145408
11946552 149504
11950776 153600
11952888 157696
11957016 159744
11961144 163840
11961176 0
11963224 2048
11963288 2048
11965336 4096
11965400 4096
11967448 6144
11969496 8192
11971576 10240
11971576 10240
11973656 12288
11975704 14336
11977752 16384
11979832 18432
11983928 22528
11985976 24576
11988024 26624
11992120 30720
11994168 32768
11998296 36864
12000344 38912
12002392 43008
12006488 45056
12008536 47104
12010616 51200
12014712 53248
12018808 57344
12020856 59392
12024984 63488
12033208 71680
12037304 75776
12039384 77824
12043512 81920
12045592 92160
12049688 96256
12051736 98304
12055832 102400
12057880 104448
12061976 108544
12064024 110592
12068120 114688
12070168 124928
12074264 129024
12076312 131072
12078360 133120
12082456 137216
12084504 139264
12088600 143360
12090648 145408
12092696 147456
12096792 159744
12098840 161792
12100888 165888
12104984 167936
12107064 169984
12109112 174080
12113208 176128
12115256 178176
12121400 192512
12123448 194560
12125496 196608
12127544 200704
12131640 202752
12133688 204800
12137784 208896
12139832 210944
12141880 221184
12143928 223232
12148024 227328
12150072 229376
12152120 231424
12154168 233472
12158264 237568
12160312 239616
12162360 241664
12164408 260096
12166456 262144
12168504 264192
12170552 266240
12174648 270336
12176696 272384
12178744 274432
12180792 276480
12182840 294912
12184888 296960
12186936 299008
12188984 301056
12191032 303104
12193080 305152
12195128 307200
12197176 311296
12199224 313344
12201272 331776
12203320 333824
12205368 335872
12207416 337920
12209464 339968
12211512 339968
12213560 342016
12215608 344064
12217656 362496
12219704 364544
12221752 366592
12223800 368640
12225848 370688
12227896 372736
12229944 374784
12231992 376832
12234040 378880
12236088 397312
12238136 399360
12240184 401408
12242232 403456
12244280 405504
12246328 407552
12248376 409600
12250424 411648
12250424 411648
12252472 430080
12254520 432128
12256568 434176
12258616 436224
12260664 438272
12262712 440320
12264760 442368
12264760 0
12264760 0
12266808 2048
12266808 2048
12266808 2048
12266808 2048
12268856 4096
12268856 4096
12268856 4096
12270904 6144
12270904 6144
12272952 8192
12272952 8192
12275000 10240
12275000 10240
12277048 12288
12279096 14336
12279096 14336
12281144 16384
12283192 18432
12285240 20480
12285240 20480
12287288 22528
12289336 24576
12291384 26624
12291384 26624
12293432 28672
12295480 36864
12297528 38912
12301624 43008
12303672 45056
12305720 47104
12305720 47104
12307768 57344
12309816 59392
12311864 61440
12311864 61440
12313912 63488
12315960 65536
12315960 65536
12318008 67584
12320056 69632
12320056 77824
12322104 79872
12324152 81920
12324152 81920
12326200 83968
12328248 86016
12328248 86016
12330296 88064
12332344 92160
12332344 98304
12334392 100352
12336440 102400
12336440 102400
12338488 104448
12338488 106496
12342584 108544
12344632 112640
12344632 112640
12348728 116736
12348728 116736
12350776 118784
12352824 120832
12352824 120832
12354872 124928
12354872 124928
12356920 126976
12356920 129024
12358968 129024
12361016 131072
12361016 131072
12363064 133120
12363064 133120
12365112 135168
12367160 137216
12367160 137216
12369208 139264
12369208 139264
12371256 141312
12371256 141312
12373304 143360
12373304 143360
12375352 145408
12375352 145408
12377400 147456
12377400 147456
12379448 149504
12379448 149504
12381496 151552
12381496 151552
12383544 153600
12383544 153600
12385592 155648
12385592 155648
12387640 157696
12387640 157696
12389688 159744
12389688 159744
12391736 161792
12391736 161792
12393784 163840
12393784 163840
12395832 165888
12395832 165888
12397880 167936
12397880 167936
12399928 169984
12399928 169984
12399928 169984
12399928 169984
12399928 169984
12399928 169984
12399928 169984
12399928 169984
12399928 169984
12399928 169984
12399928 169984
12399928 169984
12399928 169984
12399928 169984
12399928 169984
12399928 169984
12399928 169984
12399928 169984
12399928 169984
12399928 169984
12399928 169984
12399928 169984
12399928 163840
12399928 163840
12399928 159744
12399928 159744
12399928 159744
12399928 159744
12399928 157696
12399928 157696
12399928 157696
12399928 157696
12399928 157696
12399928 157696
12399928 157696
12399928 157696
12399928 157696
12399928 157696
12399928 157696
12399928 157696
12399928 157696
12399928 157696
12399928 157696
12399928 157696
12399928 157696
12399928 157696
12399928 157696
12399928 157696
12399928 157696
12399928 157696
12399928 157696
12399928 157696
12399928 157696
12399928 157696
12399928 157696
12399928 157696
12399928 157696
12399928 157696
12399928 157696
12399928 157696

