1039
1039
1039
1039
1039
1039
1039
1039
1039
1039
1039
1039
1039
1039
1039
1039
1039
1039
1039
1039
1039
1039
1039
1039
1039
1039
1039
1039
1039
1039
1039
1039
1039
1039
1039
1039
1039
1039
1039
1039
1039
1039
1039
1039
1039
1039
1039
1039
1046
1046
1046
1046
1046
1046
1046
1046
1046
1166
1166
1166
1166
1166
1166
1166
1166
1316
2675
3396
3396
3396
3396
3396
3396
3396
3396
3396
3396
4022
4022
4022
4022
4022
4022
4022
4022
4022
4022
4068
4068
4068
4068
4068
4068
4068
4068
4068
4081
4081
4081
4081
4081
4081
4081
4081
4081
4081
4082
4082
4082
4082
4082
4082
4082
4082
4082
4083
4083
4083
4083
4083
4083
4083
4083
4083
4083
4083
4083
4083
4083
4083
4083
4083
4083
4083
4083
4085
4085
4085
4085
4085
4085
4085
4085
4085
4085
4085
4085
4085
4085
4085
4085
4085
4085
4085
4085
4085
4085
4085
4085
4085
4085
4085
4085
4085
4085
4085
4085
4085
4085
4085
4085
4085
4085
4085
4085
4085
4085
4085
4085
4085
4085
4522
4608
4608
4608
4608
4608
4608
4608
6639
6639
6639
6639
6639
6639
6639
6639
6639
6639
6756
6756
6756
6756
6756
6756
6756
6756
6756
6771
6771
6771
6771
6771
6771
6771
6771
6771
6855
6855
6855
6855
6855
6855
6855
6855
6855
6855
7008
7008
7008
7008
7008
7008
7008
7008
7008
7008
7008
7008
7008
7008
7008
7008
7008
7008
7008
7008
7008
7008
7008
7008
7008
7008
7008
7008
7008
7008
7008
7008
7008
7008
7008
7008
7008
7008
7008
7008
7008
7008
7008
7008
7008
7008
7008
7008
7008
7008
7008
7008
7008
7008
7008
7008
7008
7008
7008
7008
7008
7008
7008
7008
7008
7008
7008
7008
7008
7008
7008
7008
7008
7008
7008
7008
7008
7008
7008
7008
7008
7008
7008
7008
7008
7117
7117
7117
7117
7117
7117
7117
7117
7117
8390
9475
9475
9475
9475
9475
9475
9475
9475
9475
9475
9754
9754
9754
9754
9754
9754
9754
9754
9754
9756
9756
9756
9756
9756
9756
9756
9756
9756
9756
9756
9756
9756
9756
9756
9756
9756
9756
9756
9756
9756
9756
9756
9756
9756
9756
9756
9756
9757
9757
9757
9757
9757
9757
9757
9757
9757
9757
9757
9757
9757
9757
9757
9757
9757
9757
9757
9757
9757
9757
9757
9757
9757
9757
9757
9757
9757
9757
9757
9757
9757
9757
9757
9757
9757
9757
9757
9757
9757
9757
9757
9757
9757
9757
9757
9757
9757
9757
9757
9757
9757
9757
9757
9757
9757
9757
9757
9757
9757
9757
9757
9757
9757
9757
9757
9757
9757
9757
9757
9757
9757
9757
9757
9757
9757
9757
9757
9757
9757
