thp_fault_alloc 4892
thp_fault_fallback 1023
thp_collapse_alloc 1039
thp_collapse_alloc_failed 0
thp_split 1
thp_zero_page_alloc 1
thp_zero_page_alloc_failed 0
thp_promote 0
thp_fault_alloc 4939
thp_fault_fallback 1023
thp_collapse_alloc 1039
thp_collapse_alloc_failed 0
thp_split 1
thp_zero_page_alloc 1
thp_zero_page_alloc_failed 0
thp_promote 0
thp_fault_alloc 4985
thp_fault_fallback 1023
thp_collapse_alloc 1039
thp_collapse_alloc_failed 0
thp_split 1
thp_zero_page_alloc 1
thp_zero_page_alloc_failed 0
thp_promote 0
thp_fault_alloc 5030
thp_fault_fallback 1023
thp_collapse_alloc 1039
thp_collapse_alloc_failed 0
thp_split 1
thp_zero_page_alloc 1
thp_zero_page_alloc_failed 0
thp_promote 0
thp_fault_alloc 5076
thp_fault_fallback 1023
thp_collapse_alloc 1039
thp_collapse_alloc_failed 0
thp_split 1
thp_zero_page_alloc 1
thp_zero_page_alloc_failed 0
thp_promote 0
thp_fault_alloc 5091
thp_fault_fallback 1023
thp_collapse_alloc 1039
thp_collapse_alloc_failed 0
thp_split 1
thp_zero_page_alloc 1
thp_zero_page_alloc_failed 0
thp_promote 0
thp_fault_alloc 5091
thp_fault_fallback 1023
thp_collapse_alloc 1039
thp_collapse_alloc_failed 0
thp_split 1
thp_zero_page_alloc 1
thp_zero_page_alloc_failed 0
thp_promote 0
thp_fault_alloc 5091
thp_fault_fallback 1023
thp_collapse_alloc 1039
thp_collapse_alloc_failed 0
thp_split 1
thp_zero_page_alloc 1
thp_zero_page_alloc_failed 0
thp_promote 0
thp_fault_alloc 5091
thp_fault_fallback 1023
thp_collapse_alloc 1039
thp_collapse_alloc_failed 0
thp_split 1
thp_zero_page_alloc 1
thp_zero_page_alloc_failed 0
thp_promote 0
thp_fault_alloc 5091
thp_fault_fallback 1023
thp_collapse_alloc 1039
thp_collapse_alloc_failed 0
thp_split 1
thp_zero_page_alloc 1
thp_zero_page_alloc_failed 0
thp_promote 0
thp_fault_alloc 5091
thp_fault_fallback 1023
thp_collapse_alloc 1039
thp_collapse_alloc_failed 0
thp_split 1
thp_zero_page_alloc 1
thp_zero_page_alloc_failed 0
thp_promote 0
thp_fault_alloc 5091
thp_fault_fallback 1023
thp_collapse_alloc 1039
thp_collapse_alloc_failed 0
thp_split 1
thp_zero_page_alloc 1
thp_zero_page_alloc_failed 0
thp_promote 0
thp_fault_alloc 5091
thp_fault_fallback 1023
thp_collapse_alloc 1039
thp_collapse_alloc_failed 0
thp_split 1
thp_zero_page_alloc 1
thp_zero_page_alloc_failed 0
thp_promote 0
thp_fault_alloc 5091
thp_fault_fallback 1023
thp_collapse_alloc 1039
thp_collapse_alloc_failed 0
thp_split 1
thp_zero_page_alloc 1
thp_zero_page_alloc_failed 0
thp_promote 0
thp_fault_alloc 5091
thp_fault_fallback 1023
thp_collapse_alloc 1039
thp_collapse_alloc_failed 0
thp_split 1
thp_zero_page_alloc 1
thp_zero_page_alloc_failed 0
thp_promote 0
thp_fault_alloc 5091
thp_fault_fallback 1023
thp_collapse_alloc 1039
thp_collapse_alloc_failed 0
thp_split 1
thp_zero_page_alloc 1
thp_zero_page_alloc_failed 0
thp_promote 0
thp_fault_alloc 5091
thp_fault_fallback 1023
thp_collapse_alloc 1039
thp_collapse_alloc_failed 0
thp_split 1
thp_zero_page_alloc 1
thp_zero_page_alloc_failed 0
thp_promote 0
thp_fault_alloc 5091
thp_fault_fallback 1023
thp_collapse_alloc 1039
thp_collapse_alloc_failed 0
thp_split 1
thp_zero_page_alloc 1
thp_zero_page_alloc_failed 0
thp_promote 0
thp_fault_alloc 5091
thp_fault_fallback 1023
thp_collapse_alloc 1039
thp_collapse_alloc_failed 0
thp_split 1
thp_zero_page_alloc 1
thp_zero_page_alloc_failed 0
thp_promote 0
thp_fault_alloc 5091
thp_fault_fallback 1023
thp_collapse_alloc 1039
thp_collapse_alloc_failed 0
thp_split 1
thp_zero_page_alloc 1
thp_zero_page_alloc_failed 0
thp_promote 0
thp_fault_alloc 5091
thp_fault_fallback 1023
thp_collapse_alloc 1039
thp_collapse_alloc_failed 0
thp_split 1
thp_zero_page_alloc 1
thp_zero_page_alloc_failed 0
thp_promote 0
thp_fault_alloc 5091
thp_fault_fallback 1023
thp_collapse_alloc 1039
thp_collapse_alloc_failed 0
thp_split 1
thp_zero_page_alloc 1
thp_zero_page_alloc_failed 0
thp_promote 0
thp_fault_alloc 5091
thp_fault_fallback 1023
thp_collapse_alloc 1039
thp_collapse_alloc_failed 0
thp_split 1
thp_zero_page_alloc 1
thp_zero_page_alloc_failed 0
thp_promote 0
thp_fault_alloc 5091
thp_fault_fallback 1023
thp_collapse_alloc 1039
thp_collapse_alloc_failed 0
thp_split 1
thp_zero_page_alloc 1
thp_zero_page_alloc_failed 0
thp_promote 0
thp_fault_alloc 5091
thp_fault_fallback 1023
thp_collapse_alloc 1039
thp_collapse_alloc_failed 0
thp_split 1
thp_zero_page_alloc 1
thp_zero_page_alloc_failed 0
thp_promote 0
thp_fault_alloc 5091
thp_fault_fallback 1023
thp_collapse_alloc 1039
thp_collapse_alloc_failed 0
thp_split 1
thp_zero_page_alloc 1
thp_zero_page_alloc_failed 0
thp_promote 0
thp_fault_alloc 5091
thp_fault_fallback 1023
thp_collapse_alloc 1039
thp_collapse_alloc_failed 0
thp_split 1
thp_zero_page_alloc 1
thp_zero_page_alloc_failed 0
thp_promote 0
thp_fault_alloc 5091
thp_fault_fallback 1023
thp_collapse_alloc 1039
thp_collapse_alloc_failed 0
thp_split 1
thp_zero_page_alloc 1
thp_zero_page_alloc_failed 0
thp_promote 0
thp_fault_alloc 5096
thp_fault_fallback 4131
thp_collapse_alloc 1039
thp_collapse_alloc_failed 0
thp_split 3109
thp_zero_page_alloc 1
thp_zero_page_alloc_failed 0
thp_promote 0
thp_fault_alloc 5100
thp_fault_fallback 6587
thp_collapse_alloc 1039
thp_collapse_alloc_failed 0
thp_split 5565
thp_zero_page_alloc 1
thp_zero_page_alloc_failed 0
thp_promote 0
thp_fault_alloc 5101
thp_fault_fallback 6587
thp_collapse_alloc 1039
thp_collapse_alloc_failed 0
thp_split 5565
thp_zero_page_alloc 1
thp_zero_page_alloc_failed 0
thp_promote 0
thp_fault_alloc 5103
thp_fault_fallback 6587
thp_collapse_alloc 1039
thp_collapse_alloc_failed 0
thp_split 5565
thp_zero_page_alloc 1
thp_zero_page_alloc_failed 0
thp_promote 0
thp_fault_alloc 5106
thp_fault_fallback 6587
thp_collapse_alloc 1039
thp_collapse_alloc_failed 0
thp_split 5565
thp_zero_page_alloc 1
thp_zero_page_alloc_failed 0
thp_promote 0
thp_fault_alloc 5109
thp_fault_fallback 6587
thp_collapse_alloc 1039
thp_collapse_alloc_failed 0
thp_split 5565
thp_zero_page_alloc 1
thp_zero_page_alloc_failed 0
thp_promote 0
thp_fault_alloc 5111
thp_fault_fallback 6587
thp_collapse_alloc 1039
thp_collapse_alloc_failed 0
thp_split 5565
thp_zero_page_alloc 1
thp_zero_page_alloc_failed 0
thp_promote 0
thp_fault_alloc 5114
thp_fault_fallback 6587
thp_collapse_alloc 1039
thp_collapse_alloc_failed 0
thp_split 5565
thp_zero_page_alloc 1
thp_zero_page_alloc_failed 0
thp_promote 0
thp_fault_alloc 5116
thp_fault_fallback 6587
thp_collapse_alloc 1039
thp_collapse_alloc_failed 0
thp_split 5565
thp_zero_page_alloc 1
thp_zero_page_alloc_failed 0
thp_promote 0
thp_fault_alloc 5120
thp_fault_fallback 6587
thp_collapse_alloc 1039
thp_collapse_alloc_failed 0
thp_split 5565
thp_zero_page_alloc 1
thp_zero_page_alloc_failed 0
thp_promote 0
thp_fault_alloc 5123
thp_fault_fallback 6587
thp_collapse_alloc 1039
thp_collapse_alloc_failed 0
thp_split 5565
thp_zero_page_alloc 1
thp_zero_page_alloc_failed 0
thp_promote 0
thp_fault_alloc 5127
thp_fault_fallback 6587
thp_collapse_alloc 1039
thp_collapse_alloc_failed 0
thp_split 5565
thp_zero_page_alloc 1
thp_zero_page_alloc_failed 0
thp_promote 0
thp_fault_alloc 5130
thp_fault_fallback 6587
thp_collapse_alloc 1039
thp_collapse_alloc_failed 0
thp_split 5565
thp_zero_page_alloc 1
thp_zero_page_alloc_failed 0
thp_promote 0
thp_fault_alloc 5134
thp_fault_fallback 6587
thp_collapse_alloc 1039
thp_collapse_alloc_failed 0
thp_split 5565
thp_zero_page_alloc 1
thp_zero_page_alloc_failed 0
thp_promote 0
thp_fault_alloc 5138
thp_fault_fallback 6587
thp_collapse_alloc 1039
thp_collapse_alloc_failed 0
thp_split 5565
thp_zero_page_alloc 1
thp_zero_page_alloc_failed 0
thp_promote 0
thp_fault_alloc 5142
thp_fault_fallback 6587
thp_collapse_alloc 1039
thp_collapse_alloc_failed 0
thp_split 5565
thp_zero_page_alloc 1
thp_zero_page_alloc_failed 0
thp_promote 0
thp_fault_alloc 5147
thp_fault_fallback 6587
thp_collapse_alloc 1039
thp_collapse_alloc_failed 0
thp_split 5565
thp_zero_page_alloc 1
thp_zero_page_alloc_failed 0
thp_promote 0
thp_fault_alloc 5151
thp_fault_fallback 6587
thp_collapse_alloc 1039
thp_collapse_alloc_failed 0
thp_split 5565
thp_zero_page_alloc 1
thp_zero_page_alloc_failed 0
thp_promote 0
thp_fault_alloc 5156
thp_fault_fallback 6587
thp_collapse_alloc 1039
thp_collapse_alloc_failed 0
thp_split 5565
thp_zero_page_alloc 1
thp_zero_page_alloc_failed 0
thp_promote 0
thp_fault_alloc 5162
thp_fault_fallback 6587
thp_collapse_alloc 1039
thp_collapse_alloc_failed 0
thp_split 5565
thp_zero_page_alloc 1
thp_zero_page_alloc_failed 0
thp_promote 0
thp_fault_alloc 5166
thp_fault_fallback 6587
thp_collapse_alloc 1046
thp_collapse_alloc_failed 0
thp_split 5565
thp_zero_page_alloc 1
thp_zero_page_alloc_failed 0
thp_promote 0
thp_fault_alloc 5210
thp_fault_fallback 6587
thp_collapse_alloc 1046
thp_collapse_alloc_failed 0
thp_split 5565
thp_zero_page_alloc 1
thp_zero_page_alloc_failed 0
thp_promote 0
thp_fault_alloc 5216
thp_fault_fallback 6587
thp_collapse_alloc 1046
thp_collapse_alloc_failed 0
thp_split 5565
thp_zero_page_alloc 1
thp_zero_page_alloc_failed 0
thp_promote 0
thp_fault_alloc 5242
thp_fault_fallback 6587
thp_collapse_alloc 1046
thp_collapse_alloc_failed 0
thp_split 5565
thp_zero_page_alloc 1
thp_zero_page_alloc_failed 0
thp_promote 0
thp_fault_alloc 5265
thp_fault_fallback 6587
thp_collapse_alloc 1046
thp_collapse_alloc_failed 0
thp_split 5565
thp_zero_page_alloc 1
thp_zero_page_alloc_failed 0
thp_promote 0
thp_fault_alloc 5289
thp_fault_fallback 6587
thp_collapse_alloc 1046
thp_collapse_alloc_failed 0
thp_split 5565
thp_zero_page_alloc 1
thp_zero_page_alloc_failed 0
thp_promote 0
thp_fault_alloc 5312
thp_fault_fallback 6587
thp_collapse_alloc 1046
thp_collapse_alloc_failed 0
thp_split 5565
thp_zero_page_alloc 1
thp_zero_page_alloc_failed 0
thp_promote 0
thp_fault_alloc 5337
thp_fault_fallback 6587
thp_collapse_alloc 1046
thp_collapse_alloc_failed 0
thp_split 5565
thp_zero_page_alloc 1
thp_zero_page_alloc_failed 0
thp_promote 0
thp_fault_alloc 5360
thp_fault_fallback 6587
thp_collapse_alloc 1046
thp_collapse_alloc_failed 0
thp_split 5565
thp_zero_page_alloc 1
thp_zero_page_alloc_failed 0
thp_promote 0
thp_fault_alloc 5389
thp_fault_fallback 6587
thp_collapse_alloc 1166
thp_collapse_alloc_failed 0
thp_split 5565
thp_zero_page_alloc 1
thp_zero_page_alloc_failed 0
thp_promote 114
thp_fault_alloc 5395
thp_fault_fallback 6587
thp_collapse_alloc 1166
thp_collapse_alloc_failed 0
thp_split 5565
thp_zero_page_alloc 1
thp_zero_page_alloc_failed 0
thp_promote 114
thp_fault_alloc 5426
thp_fault_fallback 6587
thp_collapse_alloc 1166
thp_collapse_alloc_failed 0
thp_split 5565
thp_zero_page_alloc 1
thp_zero_page_alloc_failed 0
thp_promote 114
thp_fault_alloc 5457
thp_fault_fallback 6587
thp_collapse_alloc 1166
thp_collapse_alloc_failed 0
thp_split 5565
thp_zero_page_alloc 1
thp_zero_page_alloc_failed 0
thp_promote 114
thp_fault_alloc 5463
thp_fault_fallback 6587
thp_collapse_alloc 1166
thp_collapse_alloc_failed 0
thp_split 5565
thp_zero_page_alloc 1
thp_zero_page_alloc_failed 0
thp_promote 114
thp_fault_alloc 5499
thp_fault_fallback 6587
thp_collapse_alloc 1166
thp_collapse_alloc_failed 0
thp_split 5565
thp_zero_page_alloc 1
thp_zero_page_alloc_failed 0
thp_promote 114
thp_fault_alloc 5538
thp_fault_fallback 6587
thp_collapse_alloc 1166
thp_collapse_alloc_failed 0
thp_split 5565
thp_zero_page_alloc 1
thp_zero_page_alloc_failed 0
thp_promote 114
thp_fault_alloc 5544
thp_fault_fallback 6587
thp_collapse_alloc 1166
thp_collapse_alloc_failed 0
thp_split 5565
thp_zero_page_alloc 1
thp_zero_page_alloc_failed 0
thp_promote 114
thp_fault_alloc 5575
thp_fault_fallback 6587
thp_collapse_alloc 1316
thp_collapse_alloc_failed 0
thp_split 5565
thp_zero_page_alloc 1
thp_zero_page_alloc_failed 0
thp_promote 2253
thp_fault_alloc 5579
thp_fault_fallback 6587
thp_collapse_alloc 2675
thp_collapse_alloc_failed 0
thp_split 5565
thp_zero_page_alloc 1
thp_zero_page_alloc_failed 0
thp_promote 2253
thp_fault_alloc 5611
thp_fault_fallback 6587
thp_collapse_alloc 3396
thp_collapse_alloc_failed 0
thp_split 5565
thp_zero_page_alloc 1
thp_zero_page_alloc_failed 0
thp_promote 2253
thp_fault_alloc 5615
thp_fault_fallback 6587
thp_collapse_alloc 3396
thp_collapse_alloc_failed 0
thp_split 5565
thp_zero_page_alloc 1
thp_zero_page_alloc_failed 0
thp_promote 2253
thp_fault_alloc 5653
thp_fault_fallback 6587
thp_collapse_alloc 3396
thp_collapse_alloc_failed 0
thp_split 5565
thp_zero_page_alloc 1
thp_zero_page_alloc_failed 0
thp_promote 2253
thp_fault_alloc 5659
thp_fault_fallback 6587
thp_collapse_alloc 3396
thp_collapse_alloc_failed 0
thp_split 5565
thp_zero_page_alloc 1
thp_zero_page_alloc_failed 0
thp_promote 2253
thp_fault_alloc 5693
thp_fault_fallback 6587
thp_collapse_alloc 3396
thp_collapse_alloc_failed 0
thp_split 5565
thp_zero_page_alloc 1
thp_zero_page_alloc_failed 0
thp_promote 2253
thp_fault_alloc 5729
thp_fault_fallback 6587
thp_collapse_alloc 3396
thp_collapse_alloc_failed 0
thp_split 5565
thp_zero_page_alloc 1
thp_zero_page_alloc_failed 0
thp_promote 2253
thp_fault_alloc 5735
thp_fault_fallback 6587
thp_collapse_alloc 3396
thp_collapse_alloc_failed 0
thp_split 5565
thp_zero_page_alloc 1
thp_zero_page_alloc_failed 0
thp_promote 2253
thp_fault_alloc 5771
thp_fault_fallback 6587
thp_collapse_alloc 3396
thp_collapse_alloc_failed 0
thp_split 5565
thp_zero_page_alloc 1
thp_zero_page_alloc_failed 0
thp_promote 2253
thp_fault_alloc 5776
thp_fault_fallback 6587
thp_collapse_alloc 3396
thp_collapse_alloc_failed 0
thp_split 5565
thp_zero_page_alloc 1
thp_zero_page_alloc_failed 0
thp_promote 2253
thp_fault_alloc 5807
thp_fault_fallback 6587
thp_collapse_alloc 3396
thp_collapse_alloc_failed 0
thp_split 5565
thp_zero_page_alloc 1
thp_zero_page_alloc_failed 0
thp_promote 2506
thp_fault_alloc 5844
thp_fault_fallback 6587
thp_collapse_alloc 4022
thp_collapse_alloc_failed 0
thp_split 5565
thp_zero_page_alloc 1
thp_zero_page_alloc_failed 0
thp_promote 2974
thp_fault_alloc 5882
thp_fault_fallback 6587
thp_collapse_alloc 4022
thp_collapse_alloc_failed 0
thp_split 5565
thp_zero_page_alloc 1
thp_zero_page_alloc_failed 0
thp_promote 2974
thp_fault_alloc 5917
thp_fault_fallback 6587
thp_collapse_alloc 4022
thp_collapse_alloc_failed 0
thp_split 5565
thp_zero_page_alloc 1
thp_zero_page_alloc_failed 0
thp_promote 2974
thp_fault_alloc 5954
thp_fault_fallback 6587
thp_collapse_alloc 4022
thp_collapse_alloc_failed 0
thp_split 5565
thp_zero_page_alloc 1
thp_zero_page_alloc_failed 0
thp_promote 2974
thp_fault_alloc 5990
thp_fault_fallback 6587
thp_collapse_alloc 4022
thp_collapse_alloc_failed 0
thp_split 5565
thp_zero_page_alloc 1
thp_zero_page_alloc_failed 0
thp_promote 2974
thp_fault_alloc 6025
thp_fault_fallback 6587
thp_collapse_alloc 4022
thp_collapse_alloc_failed 0
thp_split 5565
thp_zero_page_alloc 1
thp_zero_page_alloc_failed 0
thp_promote 2974
thp_fault_alloc 6063
thp_fault_fallback 6587
thp_collapse_alloc 4022
thp_collapse_alloc_failed 0
thp_split 5565
thp_zero_page_alloc 1
thp_zero_page_alloc_failed 0
thp_promote 2974
thp_fault_alloc 6098
thp_fault_fallback 6587
thp_collapse_alloc 4022
thp_collapse_alloc_failed 0
thp_split 5565
thp_zero_page_alloc 1
thp_zero_page_alloc_failed 0
thp_promote 2974
thp_fault_alloc 6136
thp_fault_fallback 6587
thp_collapse_alloc 4022
thp_collapse_alloc_failed 0
thp_split 5565
thp_zero_page_alloc 1
thp_zero_page_alloc_failed 0
thp_promote 2974
thp_fault_alloc 6169
thp_fault_fallback 6587
thp_collapse_alloc 4022
thp_collapse_alloc_failed 0
thp_split 5565
thp_zero_page_alloc 1
thp_zero_page_alloc_failed 0
thp_promote 2974
thp_fault_alloc 6203
thp_fault_fallback 6587
thp_collapse_alloc 4068
thp_collapse_alloc_failed 0
thp_split 5565
thp_zero_page_alloc 1
thp_zero_page_alloc_failed 0
thp_promote 3026
thp_fault_alloc 6235
thp_fault_fallback 6587
thp_collapse_alloc 4068
thp_collapse_alloc_failed 0
thp_split 5565
thp_zero_page_alloc 1
thp_zero_page_alloc_failed 0
thp_promote 3026
thp_fault_alloc 6299
thp_fault_fallback 6587
thp_collapse_alloc 4068
thp_collapse_alloc_failed 0
thp_split 5565
thp_zero_page_alloc 1
thp_zero_page_alloc_failed 0
thp_promote 3026
thp_fault_alloc 6338
thp_fault_fallback 6587
thp_collapse_alloc 4068
thp_collapse_alloc_failed 0
thp_split 5565
thp_zero_page_alloc 1
thp_zero_page_alloc_failed 0
thp_promote 3026
thp_fault_alloc 6373
thp_fault_fallback 6587
thp_collapse_alloc 4068
thp_collapse_alloc_failed 0
thp_split 5565
thp_zero_page_alloc 1
thp_zero_page_alloc_failed 0
thp_promote 3026
thp_fault_alloc 6410
thp_fault_fallback 6587
thp_collapse_alloc 4068
thp_collapse_alloc_failed 0
thp_split 5565
thp_zero_page_alloc 1
thp_zero_page_alloc_failed 0
thp_promote 3026
thp_fault_alloc 6448
thp_fault_fallback 6587
thp_collapse_alloc 4068
thp_collapse_alloc_failed 0
thp_split 5565
thp_zero_page_alloc 1
thp_zero_page_alloc_failed 0
thp_promote 3026
thp_fault_alloc 6484
thp_fault_fallback 6587
thp_collapse_alloc 4068
thp_collapse_alloc_failed 0
thp_split 5565
thp_zero_page_alloc 1
thp_zero_page_alloc_failed 0
thp_promote 3026
thp_fault_alloc 6523
thp_fault_fallback 6587
thp_collapse_alloc 4068
thp_collapse_alloc_failed 0
thp_split 5565
thp_zero_page_alloc 1
thp_zero_page_alloc_failed 0
thp_promote 3026
thp_fault_alloc 6558
thp_fault_fallback 6587
thp_collapse_alloc 4081
thp_collapse_alloc_failed 0
thp_split 5565
thp_zero_page_alloc 1
thp_zero_page_alloc_failed 0
thp_promote 3035
thp_fault_alloc 6595
thp_fault_fallback 6587
thp_collapse_alloc 4081
thp_collapse_alloc_failed 0
thp_split 5565
thp_zero_page_alloc 1
thp_zero_page_alloc_failed 0
thp_promote 3035
thp_fault_alloc 6631
thp_fault_fallback 6587
thp_collapse_alloc 4081
thp_collapse_alloc_failed 0
thp_split 5565
thp_zero_page_alloc 1
thp_zero_page_alloc_failed 0
thp_promote 3035
thp_fault_alloc 6670
thp_fault_fallback 6587
thp_collapse_alloc 4081
thp_collapse_alloc_failed 0
thp_split 5565
thp_zero_page_alloc 1
thp_zero_page_alloc_failed 0
thp_promote 3035
thp_fault_alloc 6707
thp_fault_fallback 6587
thp_collapse_alloc 4081
thp_collapse_alloc_failed 0
thp_split 5565
thp_zero_page_alloc 1
thp_zero_page_alloc_failed 0
thp_promote 3035
thp_fault_alloc 6743
thp_fault_fallback 6587
thp_collapse_alloc 4081
thp_collapse_alloc_failed 0
thp_split 5565
thp_zero_page_alloc 1
thp_zero_page_alloc_failed 0
thp_promote 3035
thp_fault_alloc 6779
thp_fault_fallback 6587
thp_collapse_alloc 4081
thp_collapse_alloc_failed 0
thp_split 5565
thp_zero_page_alloc 1
thp_zero_page_alloc_failed 0
thp_promote 3035
thp_fault_alloc 6814
thp_fault_fallback 6587
thp_collapse_alloc 4081
thp_collapse_alloc_failed 0
thp_split 5565
thp_zero_page_alloc 1
thp_zero_page_alloc_failed 0
thp_promote 3035
thp_fault_alloc 6849
thp_fault_fallback 6587
thp_collapse_alloc 4081
thp_collapse_alloc_failed 0
thp_split 5565
thp_zero_page_alloc 1
thp_zero_page_alloc_failed 0
thp_promote 3035
thp_fault_alloc 6887
thp_fault_fallback 6587
thp_collapse_alloc 4081
thp_collapse_alloc_failed 0
thp_split 5565
thp_zero_page_alloc 1
thp_zero_page_alloc_failed 0
thp_promote 3035
thp_fault_alloc 6928
thp_fault_fallback 6587
thp_collapse_alloc 4082
thp_collapse_alloc_failed 0
thp_split 5565
thp_zero_page_alloc 1
thp_zero_page_alloc_failed 0
thp_promote 5564
thp_fault_alloc 6968
thp_fault_fallback 6587
thp_collapse_alloc 4082
thp_collapse_alloc_failed 0
thp_split 5565
thp_zero_page_alloc 1
thp_zero_page_alloc_failed 0
thp_promote 5564
thp_fault_alloc 7006
thp_fault_fallback 6587
thp_collapse_alloc 4082
thp_collapse_alloc_failed 0
thp_split 5566
thp_zero_page_alloc 1
thp_zero_page_alloc_failed 0
thp_promote 5564
thp_fault_alloc 7047
thp_fault_fallback 6587
thp_collapse_alloc 4082
thp_collapse_alloc_failed 0
thp_split 5566
thp_zero_page_alloc 1
thp_zero_page_alloc_failed 0
thp_promote 5564
thp_fault_alloc 7083
thp_fault_fallback 6587
thp_collapse_alloc 4082
thp_collapse_alloc_failed 0
thp_split 5566
thp_zero_page_alloc 1
thp_zero_page_alloc_failed 0
thp_promote 5564
thp_fault_alloc 7124
thp_fault_fallback 6587
thp_collapse_alloc 4082
thp_collapse_alloc_failed 0
thp_split 5566
thp_zero_page_alloc 1
thp_zero_page_alloc_failed 0
thp_promote 5564
thp_fault_alloc 7159
thp_fault_fallback 6587
thp_collapse_alloc 4082
thp_collapse_alloc_failed 0
thp_split 5566
thp_zero_page_alloc 1
thp_zero_page_alloc_failed 0
thp_promote 5564
thp_fault_alloc 7201
thp_fault_fallback 6587
thp_collapse_alloc 4082
thp_collapse_alloc_failed 0
thp_split 5566
thp_zero_page_alloc 1
thp_zero_page_alloc_failed 0
thp_promote 5564
thp_fault_alloc 7237
thp_fault_fallback 6587
thp_collapse_alloc 4082
thp_collapse_alloc_failed 0
thp_split 5566
thp_zero_page_alloc 1
thp_zero_page_alloc_failed 0
thp_promote 5564
thp_fault_alloc 7275
thp_fault_fallback 6587
thp_collapse_alloc 4083
thp_collapse_alloc_failed 0
thp_split 5566
thp_zero_page_alloc 1
thp_zero_page_alloc_failed 0
thp_promote 5564
thp_fault_alloc 7315
thp_fault_fallback 6587
thp_collapse_alloc 4083
thp_collapse_alloc_failed 0
thp_split 5566
thp_zero_page_alloc 1
thp_zero_page_alloc_failed 0
thp_promote 5564
thp_fault_alloc 7351
thp_fault_fallback 6587
thp_collapse_alloc 4083
thp_collapse_alloc_failed 0
thp_split 5566
thp_zero_page_alloc 1
thp_zero_page_alloc_failed 0
thp_promote 5564
thp_fault_alloc 7396
thp_fault_fallback 6587
thp_collapse_alloc 4083
thp_collapse_alloc_failed 0
thp_split 5566
thp_zero_page_alloc 1
thp_zero_page_alloc_failed 0
thp_promote 5564
thp_fault_alloc 7465
thp_fault_fallback 6587
thp_collapse_alloc 4083
thp_collapse_alloc_failed 0
thp_split 5566
thp_zero_page_alloc 1
thp_zero_page_alloc_failed 0
thp_promote 5564
thp_fault_alloc 7503
thp_fault_fallback 6587
thp_collapse_alloc 4083
thp_collapse_alloc_failed 0
thp_split 5566
thp_zero_page_alloc 1
thp_zero_page_alloc_failed 0
thp_promote 5564
thp_fault_alloc 7545
thp_fault_fallback 6587
thp_collapse_alloc 4083
thp_collapse_alloc_failed 0
thp_split 5566
thp_zero_page_alloc 1
thp_zero_page_alloc_failed 0
thp_promote 5564
thp_fault_alloc 7584
thp_fault_fallback 6587
thp_collapse_alloc 4083
thp_collapse_alloc_failed 0
thp_split 5566
thp_zero_page_alloc 1
thp_zero_page_alloc_failed 0
thp_promote 5564
thp_fault_alloc 7619
thp_fault_fallback 6587
thp_collapse_alloc 4083
thp_collapse_alloc_failed 0
thp_split 5566
thp_zero_page_alloc 1
thp_zero_page_alloc_failed 0
thp_promote 5564
thp_fault_alloc 7656
thp_fault_fallback 6587
thp_collapse_alloc 4083
thp_collapse_alloc_failed 0
thp_split 5566
thp_zero_page_alloc 1
thp_zero_page_alloc_failed 0
thp_promote 5564
thp_fault_alloc 7692
thp_fault_fallback 6587
thp_collapse_alloc 4083
thp_collapse_alloc_failed 0
thp_split 5566
thp_zero_page_alloc 1
thp_zero_page_alloc_failed 0
thp_promote 5564
thp_fault_alloc 7733
thp_fault_fallback 6587
thp_collapse_alloc 4083
thp_collapse_alloc_failed 0
thp_split 5566
thp_zero_page_alloc 1
thp_zero_page_alloc_failed 0
thp_promote 5564
thp_fault_alloc 7768
thp_fault_fallback 6587
thp_collapse_alloc 4083
thp_collapse_alloc_failed 0
thp_split 5566
thp_zero_page_alloc 1
thp_zero_page_alloc_failed 0
thp_promote 5564
thp_fault_alloc 7808
thp_fault_fallback 6587
thp_collapse_alloc 4083
thp_collapse_alloc_failed 0
thp_split 5566
thp_zero_page_alloc 1
thp_zero_page_alloc_failed 0
thp_promote 5564
thp_fault_alloc 7847
thp_fault_fallback 6587
thp_collapse_alloc 4083
thp_collapse_alloc_failed 0
thp_split 5567
thp_zero_page_alloc 1
thp_zero_page_alloc_failed 0
thp_promote 5564
thp_fault_alloc 7885
thp_fault_fallback 6587
thp_collapse_alloc 4083
thp_collapse_alloc_failed 0
thp_split 5567
thp_zero_page_alloc 1
thp_zero_page_alloc_failed 0
thp_promote 5564
thp_fault_alloc 7922
thp_fault_fallback 6587
thp_collapse_alloc 4083
thp_collapse_alloc_failed 0
thp_split 5567
thp_zero_page_alloc 1
thp_zero_page_alloc_failed 0
thp_promote 5564
thp_fault_alloc 7964
thp_fault_fallback 6587
thp_collapse_alloc 4083
thp_collapse_alloc_failed 0
thp_split 5567
thp_zero_page_alloc 1
thp_zero_page_alloc_failed 0
thp_promote 5564
thp_fault_alloc 8005
thp_fault_fallback 6587
thp_collapse_alloc 4083
thp_collapse_alloc_failed 0
thp_split 5567
thp_zero_page_alloc 1
thp_zero_page_alloc_failed 0
thp_promote 5564
thp_fault_alloc 8042
thp_fault_fallback 6587
thp_collapse_alloc 4083
thp_collapse_alloc_failed 0
thp_split 5567
thp_zero_page_alloc 1
thp_zero_page_alloc_failed 0
thp_promote 5564
thp_fault_alloc 8083
thp_fault_fallback 6587
thp_collapse_alloc 4085
thp_collapse_alloc_failed 0
thp_split 5567
thp_zero_page_alloc 1
thp_zero_page_alloc_failed 0
thp_promote 5564
thp_fault_alloc 8124
thp_fault_fallback 6587
thp_collapse_alloc 4085
thp_collapse_alloc_failed 0
thp_split 5567
thp_zero_page_alloc 1
thp_zero_page_alloc_failed 0
thp_promote 5564
thp_fault_alloc 8162
thp_fault_fallback 6587
thp_collapse_alloc 4085
thp_collapse_alloc_failed 0
thp_split 5567
thp_zero_page_alloc 1
thp_zero_page_alloc_failed 0
thp_promote 5564
thp_fault_alloc 8200
thp_fault_fallback 6587
thp_collapse_alloc 4085
thp_collapse_alloc_failed 0
thp_split 5567
thp_zero_page_alloc 1
thp_zero_page_alloc_failed 0
thp_promote 5564
thp_fault_alloc 8237
thp_fault_fallback 6587
thp_collapse_alloc 4085
thp_collapse_alloc_failed 0
thp_split 5567
thp_zero_page_alloc 1
thp_zero_page_alloc_failed 0
thp_promote 5564
thp_fault_alloc 8280
thp_fault_fallback 6587
thp_collapse_alloc 4085
thp_collapse_alloc_failed 0
thp_split 5567
thp_zero_page_alloc 1
thp_zero_page_alloc_failed 0
thp_promote 5564
thp_fault_alloc 8322
thp_fault_fallback 6587
thp_collapse_alloc 4085
thp_collapse_alloc_failed 0
thp_split 5567
thp_zero_page_alloc 1
thp_zero_page_alloc_failed 0
thp_promote 5564
thp_fault_alloc 8360
thp_fault_fallback 6587
thp_collapse_alloc 4085
thp_collapse_alloc_failed 0
thp_split 5567
thp_zero_page_alloc 1
thp_zero_page_alloc_failed 0
thp_promote 5564
thp_fault_alloc 8401
thp_fault_fallback 6587
thp_collapse_alloc 4085
thp_collapse_alloc_failed 0
thp_split 5567
thp_zero_page_alloc 1
thp_zero_page_alloc_failed 0
thp_promote 5564
thp_fault_alloc 8443
thp_fault_fallback 6587
thp_collapse_alloc 4085
thp_collapse_alloc_failed 0
thp_split 5567
thp_zero_page_alloc 1
thp_zero_page_alloc_failed 0
thp_promote 5564
thp_fault_alloc 8485
thp_fault_fallback 6587
thp_collapse_alloc 4085
thp_collapse_alloc_failed 0
thp_split 5567
thp_zero_page_alloc 1
thp_zero_page_alloc_failed 0
thp_promote 5564
thp_fault_alloc 8526
thp_fault_fallback 6587
thp_collapse_alloc 4085
thp_collapse_alloc_failed 0
thp_split 5567
thp_zero_page_alloc 1
thp_zero_page_alloc_failed 0
thp_promote 5564
thp_fault_alloc 8564
thp_fault_fallback 6587
thp_collapse_alloc 4085
thp_collapse_alloc_failed 0
thp_split 5567
thp_zero_page_alloc 1
thp_zero_page_alloc_failed 0
thp_promote 5564
thp_fault_alloc 8607
thp_fault_fallback 6587
thp_collapse_alloc 4085
thp_collapse_alloc_failed 0
thp_split 5567
thp_zero_page_alloc 1
thp_zero_page_alloc_failed 0
thp_promote 5564
thp_fault_alloc 8645
thp_fault_fallback 6587
thp_collapse_alloc 4085
thp_collapse_alloc_failed 0
thp_split 5567
thp_zero_page_alloc 1
thp_zero_page_alloc_failed 0
thp_promote 5564
thp_fault_alloc 8684
thp_fault_fallback 6587
thp_collapse_alloc 4085
thp_collapse_alloc_failed 0
thp_split 5567
thp_zero_page_alloc 1
thp_zero_page_alloc_failed 0
thp_promote 5564
thp_fault_alloc 8727
thp_fault_fallback 6587
thp_collapse_alloc 4085
thp_collapse_alloc_failed 0
thp_split 5567
thp_zero_page_alloc 1
thp_zero_page_alloc_failed 0
thp_promote 5564
thp_fault_alloc 8769
thp_fault_fallback 6587
thp_collapse_alloc 4085
thp_collapse_alloc_failed 0
thp_split 5567
thp_zero_page_alloc 1
thp_zero_page_alloc_failed 0
thp_promote 5564
thp_fault_alloc 8807
thp_fault_fallback 6587
thp_collapse_alloc 4085
thp_collapse_alloc_failed 0
thp_split 5567
thp_zero_page_alloc 1
thp_zero_page_alloc_failed 0
thp_promote 5564
thp_fault_alloc 8847
thp_fault_fallback 6587
thp_collapse_alloc 4085
thp_collapse_alloc_failed 0
thp_split 5567
thp_zero_page_alloc 1
thp_zero_page_alloc_failed 0
thp_promote 5564
thp_fault_alloc 8887
thp_fault_fallback 6587
thp_collapse_alloc 4085
thp_collapse_alloc_failed 0
thp_split 5567
thp_zero_page_alloc 1
thp_zero_page_alloc_failed 0
thp_promote 5564
thp_fault_alloc 8927
thp_fault_fallback 12442
thp_collapse_alloc 4085
thp_collapse_alloc_failed 0
thp_split 11422
thp_zero_page_alloc 1
thp_zero_page_alloc_failed 0
thp_promote 5564
thp_fault_alloc 8964
thp_fault_fallback 12451
thp_collapse_alloc 4085
thp_collapse_alloc_failed 0
thp_split 11431
thp_zero_page_alloc 1
thp_zero_page_alloc_failed 0
thp_promote 5564
thp_fault_alloc 9000
thp_fault_fallback 12451
thp_collapse_alloc 4085
thp_collapse_alloc_failed 0
thp_split 11431
thp_zero_page_alloc 1
thp_zero_page_alloc_failed 0
thp_promote 5564
thp_fault_alloc 9069
thp_fault_fallback 12451
thp_collapse_alloc 4085
thp_collapse_alloc_failed 0
thp_split 11431
thp_zero_page_alloc 1
thp_zero_page_alloc_failed 0
thp_promote 5564
thp_fault_alloc 9109
thp_fault_fallback 12451
thp_collapse_alloc 4085
thp_collapse_alloc_failed 0
thp_split 11431
thp_zero_page_alloc 1
thp_zero_page_alloc_failed 0
thp_promote 5564
thp_fault_alloc 9146
thp_fault_fallback 12451
thp_collapse_alloc 4085
thp_collapse_alloc_failed 0
thp_split 11431
thp_zero_page_alloc 1
thp_zero_page_alloc_failed 0
thp_promote 5564
thp_fault_alloc 9181
thp_fault_fallback 12451
thp_collapse_alloc 4085
thp_collapse_alloc_failed 0
thp_split 11431
thp_zero_page_alloc 1
thp_zero_page_alloc_failed 0
thp_promote 5564
thp_fault_alloc 9221
thp_fault_fallback 12451
thp_collapse_alloc 4085
thp_collapse_alloc_failed 0
thp_split 11431
thp_zero_page_alloc 1
thp_zero_page_alloc_failed 0
thp_promote 5564
thp_fault_alloc 9293
thp_fault_fallback 12451
thp_collapse_alloc 4085
thp_collapse_alloc_failed 0
thp_split 11431
thp_zero_page_alloc 1
thp_zero_page_alloc_failed 0
thp_promote 5564
thp_fault_alloc 9329
thp_fault_fallback 12451
thp_collapse_alloc 4085
thp_collapse_alloc_failed 0
thp_split 11431
thp_zero_page_alloc 1
thp_zero_page_alloc_failed 0
thp_promote 5564
thp_fault_alloc 9366
thp_fault_fallback 12451
thp_collapse_alloc 4085
thp_collapse_alloc_failed 0
thp_split 11431
thp_zero_page_alloc 1
thp_zero_page_alloc_failed 0
thp_promote 5564
thp_fault_alloc 9402
thp_fault_fallback 12451
thp_collapse_alloc 4085
thp_collapse_alloc_failed 0
thp_split 11431
thp_zero_page_alloc 1
thp_zero_page_alloc_failed 0
thp_promote 5564
thp_fault_alloc 9440
thp_fault_fallback 12451
thp_collapse_alloc 4085
thp_collapse_alloc_failed 0
thp_split 11431
thp_zero_page_alloc 1
thp_zero_page_alloc_failed 0
thp_promote 5564
thp_fault_alloc 9476
thp_fault_fallback 12451
thp_collapse_alloc 4085
thp_collapse_alloc_failed 0
thp_split 11431
thp_zero_page_alloc 1
thp_zero_page_alloc_failed 0
thp_promote 5564
thp_fault_alloc 9514
thp_fault_fallback 12451
thp_collapse_alloc 4085
thp_collapse_alloc_failed 0
thp_split 11431
thp_zero_page_alloc 1
thp_zero_page_alloc_failed 0
thp_promote 5564
thp_fault_alloc 9586
thp_fault_fallback 12451
thp_collapse_alloc 4085
thp_collapse_alloc_failed 0
thp_split 11431
thp_zero_page_alloc 1
thp_zero_page_alloc_failed 0
thp_promote 5564
thp_fault_alloc 9626
thp_fault_fallback 12451
thp_collapse_alloc 4085
thp_collapse_alloc_failed 0
thp_split 11431
thp_zero_page_alloc 1
thp_zero_page_alloc_failed 0
thp_promote 5564
thp_fault_alloc 9666
thp_fault_fallback 12451
thp_collapse_alloc 4085
thp_collapse_alloc_failed 0
thp_split 11431
thp_zero_page_alloc 1
thp_zero_page_alloc_failed 0
thp_promote 5564
thp_fault_alloc 9705
thp_fault_fallback 12451
thp_collapse_alloc 4085
thp_collapse_alloc_failed 0
thp_split 11431
thp_zero_page_alloc 1
thp_zero_page_alloc_failed 0
thp_promote 5564
thp_fault_alloc 9743
thp_fault_fallback 12451
thp_collapse_alloc 4085
thp_collapse_alloc_failed 0
thp_split 11431
thp_zero_page_alloc 1
thp_zero_page_alloc_failed 0
thp_promote 5564
thp_fault_alloc 9785
thp_fault_fallback 12451
thp_collapse_alloc 4085
thp_collapse_alloc_failed 0
thp_split 11431
thp_zero_page_alloc 1
thp_zero_page_alloc_failed 0
thp_promote 5564
thp_fault_alloc 9824
thp_fault_fallback 12451
thp_collapse_alloc 4085
thp_collapse_alloc_failed 0
thp_split 11431
thp_zero_page_alloc 1
thp_zero_page_alloc_failed 0
thp_promote 5564
thp_fault_alloc 9866
thp_fault_fallback 12451
thp_collapse_alloc 4085
thp_collapse_alloc_failed 0
thp_split 11431
thp_zero_page_alloc 1
thp_zero_page_alloc_failed 0
thp_promote 5564
thp_fault_alloc 9938
thp_fault_fallback 12451
thp_collapse_alloc 4085
thp_collapse_alloc_failed 0
thp_split 11431
thp_zero_page_alloc 1
thp_zero_page_alloc_failed 0
thp_promote 5564
thp_fault_alloc 9977
thp_fault_fallback 12451
thp_collapse_alloc 4085
thp_collapse_alloc_failed 0
thp_split 11431
thp_zero_page_alloc 1
thp_zero_page_alloc_failed 0
thp_promote 5564
thp_fault_alloc 10019
thp_fault_fallback 12451
thp_collapse_alloc 4522
thp_collapse_alloc_failed 0
thp_split 11431
thp_zero_page_alloc 1
thp_zero_page_alloc_failed 0
thp_promote 6073
thp_fault_alloc 10059
thp_fault_fallback 12451
thp_collapse_alloc 4608
thp_collapse_alloc_failed 0
thp_split 11431
thp_zero_page_alloc 1
thp_zero_page_alloc_failed 0
thp_promote 6073
thp_fault_alloc 10096
thp_fault_fallback 12451
thp_collapse_alloc 4608
thp_collapse_alloc_failed 0
thp_split 11431
thp_zero_page_alloc 1
thp_zero_page_alloc_failed 0
thp_promote 6073
thp_fault_alloc 10134
thp_fault_fallback 12451
thp_collapse_alloc 4608
thp_collapse_alloc_failed 0
thp_split 11431
thp_zero_page_alloc 1
thp_zero_page_alloc_failed 0
thp_promote 6073
thp_fault_alloc 10173
thp_fault_fallback 12451
thp_collapse_alloc 4608
thp_collapse_alloc_failed 0
thp_split 11431
thp_zero_page_alloc 1
thp_zero_page_alloc_failed 0
thp_promote 6073
thp_fault_alloc 10210
thp_fault_fallback 12451
thp_collapse_alloc 4608
thp_collapse_alloc_failed 0
thp_split 11431
thp_zero_page_alloc 1
thp_zero_page_alloc_failed 0
thp_promote 6073
thp_fault_alloc 10328
thp_fault_fallback 12451
thp_collapse_alloc 4608
thp_collapse_alloc_failed 0
thp_split 11431
thp_zero_page_alloc 1
thp_zero_page_alloc_failed 0
thp_promote 6073
thp_fault_alloc 10405
thp_fault_fallback 12451
thp_collapse_alloc 4608
thp_collapse_alloc_failed 0
thp_split 11431
thp_zero_page_alloc 1
thp_zero_page_alloc_failed 0
thp_promote 6073
thp_fault_alloc 10481
thp_fault_fallback 12451
thp_collapse_alloc 6639
thp_collapse_alloc_failed 0
thp_split 11431
thp_zero_page_alloc 1
thp_zero_page_alloc_failed 0
thp_promote 8100
thp_fault_alloc 10518
thp_fault_fallback 12451
thp_collapse_alloc 6639
thp_collapse_alloc_failed 0
thp_split 11431
thp_zero_page_alloc 1
thp_zero_page_alloc_failed 0
thp_promote 8100
thp_fault_alloc 10558
thp_fault_fallback 12451
thp_collapse_alloc 6639
thp_collapse_alloc_failed 0
thp_split 11431
thp_zero_page_alloc 1
thp_zero_page_alloc_failed 0
thp_promote 8100
thp_fault_alloc 10599
thp_fault_fallback 12451
thp_collapse_alloc 6639
thp_collapse_alloc_failed 0
thp_split 11431
thp_zero_page_alloc 1
thp_zero_page_alloc_failed 0
thp_promote 8100
thp_fault_alloc 10638
thp_fault_fallback 12451
thp_collapse_alloc 6639
thp_collapse_alloc_failed 0
thp_split 11431
thp_zero_page_alloc 1
thp_zero_page_alloc_failed 0
thp_promote 8100
thp_fault_alloc 10676
thp_fault_fallback 12451
thp_collapse_alloc 6639
thp_collapse_alloc_failed 0
thp_split 11431
thp_zero_page_alloc 1
thp_zero_page_alloc_failed 0
thp_promote 8100
thp_fault_alloc 10712
thp_fault_fallback 12451
thp_collapse_alloc 6639
thp_collapse_alloc_failed 0
thp_split 11431
thp_zero_page_alloc 1
thp_zero_page_alloc_failed 0
thp_promote 8100
thp_fault_alloc 10753
thp_fault_fallback 12451
thp_collapse_alloc 6639
thp_collapse_alloc_failed 0
thp_split 11431
thp_zero_page_alloc 1
thp_zero_page_alloc_failed 0
thp_promote 8100
thp_fault_alloc 10824
thp_fault_fallback 12451
thp_collapse_alloc 6639
thp_collapse_alloc_failed 0
thp_split 11431
thp_zero_page_alloc 1
thp_zero_page_alloc_failed 0
thp_promote 8100
thp_fault_alloc 10864
thp_fault_fallback 12451
thp_collapse_alloc 6639
thp_collapse_alloc_failed 0
thp_split 11431
thp_zero_page_alloc 1
thp_zero_page_alloc_failed 0
thp_promote 8100
thp_fault_alloc 10907
thp_fault_fallback 12451
thp_collapse_alloc 6756
thp_collapse_alloc_failed 0
thp_split 11431
thp_zero_page_alloc 1
thp_zero_page_alloc_failed 0
thp_promote 8234
thp_fault_alloc 10947
thp_fault_fallback 12451
thp_collapse_alloc 6756
thp_collapse_alloc_failed 0
thp_split 11431
thp_zero_page_alloc 1
thp_zero_page_alloc_failed 0
thp_promote 8234
thp_fault_alloc 10988
thp_fault_fallback 12451
thp_collapse_alloc 6756
thp_collapse_alloc_failed 0
thp_split 11431
thp_zero_page_alloc 1
thp_zero_page_alloc_failed 0
thp_promote 8234
thp_fault_alloc 11034
thp_fault_fallback 12451
thp_collapse_alloc 6756
thp_collapse_alloc_failed 0
thp_split 11431
thp_zero_page_alloc 1
thp_zero_page_alloc_failed 0
thp_promote 8234
thp_fault_alloc 11071
thp_fault_fallback 12451
thp_collapse_alloc 6756
thp_collapse_alloc_failed 0
thp_split 11431
thp_zero_page_alloc 1
thp_zero_page_alloc_failed 0
thp_promote 8234
thp_fault_alloc 11110
thp_fault_fallback 12451
thp_collapse_alloc 6756
thp_collapse_alloc_failed 0
thp_split 11431
thp_zero_page_alloc 1
thp_zero_page_alloc_failed 0
thp_promote 8234
thp_fault_alloc 11150
thp_fault_fallback 12451
thp_collapse_alloc 6756
thp_collapse_alloc_failed 0
thp_split 11431
thp_zero_page_alloc 1
thp_zero_page_alloc_failed 0
thp_promote 8234
thp_fault_alloc 11195
thp_fault_fallback 12451
thp_collapse_alloc 6756
thp_collapse_alloc_failed 0
thp_split 11431
thp_zero_page_alloc 1
thp_zero_page_alloc_failed 0
thp_promote 8234
thp_fault_alloc 11234
thp_fault_fallback 12451
thp_collapse_alloc 6756
thp_collapse_alloc_failed 0
thp_split 11431
thp_zero_page_alloc 1
thp_zero_page_alloc_failed 0
thp_promote 8234
thp_fault_alloc 11275
thp_fault_fallback 12451
thp_collapse_alloc 6771
thp_collapse_alloc_failed 0
thp_split 11431
thp_zero_page_alloc 1
thp_zero_page_alloc_failed 0
thp_promote 8249
thp_fault_alloc 11315
thp_fault_fallback 12451
thp_collapse_alloc 6771
thp_collapse_alloc_failed 0
thp_split 11431
thp_zero_page_alloc 1
thp_zero_page_alloc_failed 0
thp_promote 8249
thp_fault_alloc 11395
thp_fault_fallback 12451
thp_collapse_alloc 6771
thp_collapse_alloc_failed 0
thp_split 11431
thp_zero_page_alloc 1
thp_zero_page_alloc_failed 0
thp_promote 8249
thp_fault_alloc 11436
thp_fault_fallback 12451
thp_collapse_alloc 6771
thp_collapse_alloc_failed 0
thp_split 11431
thp_zero_page_alloc 1
thp_zero_page_alloc_failed 0
thp_promote 8249
thp_fault_alloc 11476
thp_fault_fallback 12451
thp_collapse_alloc 6771
thp_collapse_alloc_failed 0
thp_split 11431
thp_zero_page_alloc 1
thp_zero_page_alloc_failed 0
thp_promote 8249
thp_fault_alloc 11514
thp_fault_fallback 12451
thp_collapse_alloc 6771
thp_collapse_alloc_failed 0
thp_split 11431
thp_zero_page_alloc 1
thp_zero_page_alloc_failed 0
thp_promote 8249
thp_fault_alloc 11561
thp_fault_fallback 12451
thp_collapse_alloc 6771
thp_collapse_alloc_failed 0
thp_split 11431
thp_zero_page_alloc 1
thp_zero_page_alloc_failed 0
thp_promote 8249
thp_fault_alloc 11606
thp_fault_fallback 12451
thp_collapse_alloc 6771
thp_collapse_alloc_failed 0
thp_split 11431
thp_zero_page_alloc 1
thp_zero_page_alloc_failed 0
thp_promote 8249
thp_fault_alloc 11650
thp_fault_fallback 12451
thp_collapse_alloc 6771
thp_collapse_alloc_failed 0
thp_split 11431
thp_zero_page_alloc 1
thp_zero_page_alloc_failed 0
thp_promote 8249
thp_fault_alloc 11688
thp_fault_fallback 12451
thp_collapse_alloc 6855
thp_collapse_alloc_failed 0
thp_split 11431
thp_zero_page_alloc 1
thp_zero_page_alloc_failed 0
thp_promote 8333
thp_fault_alloc 11729
thp_fault_fallback 12451
thp_collapse_alloc 6855
thp_collapse_alloc_failed 0
thp_split 11431
thp_zero_page_alloc 1
thp_zero_page_alloc_failed 0
thp_promote 8333
thp_fault_alloc 11772
thp_fault_fallback 12451
thp_collapse_alloc 6855
thp_collapse_alloc_failed 0
thp_split 11431
thp_zero_page_alloc 1
thp_zero_page_alloc_failed 0
thp_promote 8333
thp_fault_alloc 11811
thp_fault_fallback 12451
thp_collapse_alloc 6855
thp_collapse_alloc_failed 0
thp_split 11431
thp_zero_page_alloc 1
thp_zero_page_alloc_failed 0
thp_promote 8333
thp_fault_alloc 11855
thp_fault_fallback 12451
thp_collapse_alloc 6855
thp_collapse_alloc_failed 0
thp_split 11431
thp_zero_page_alloc 1
thp_zero_page_alloc_failed 0
thp_promote 8333
thp_fault_alloc 11893
thp_fault_fallback 12451
thp_collapse_alloc 6855
thp_collapse_alloc_failed 0
thp_split 11431
thp_zero_page_alloc 1
thp_zero_page_alloc_failed 0
thp_promote 8333
thp_fault_alloc 11933
thp_fault_fallback 12451
thp_collapse_alloc 6855
thp_collapse_alloc_failed 0
thp_split 11431
thp_zero_page_alloc 1
thp_zero_page_alloc_failed 0
thp_promote 8333
thp_fault_alloc 12012
thp_fault_fallback 12451
thp_collapse_alloc 6855
thp_collapse_alloc_failed 0
thp_split 11431
thp_zero_page_alloc 1
thp_zero_page_alloc_failed 0
thp_promote 8333
thp_fault_alloc 12051
thp_fault_fallback 12451
thp_collapse_alloc 6855
thp_collapse_alloc_failed 0
thp_split 11431
thp_zero_page_alloc 1
thp_zero_page_alloc_failed 0
thp_promote 8333
thp_fault_alloc 12092
thp_fault_fallback 12451
thp_collapse_alloc 6855
thp_collapse_alloc_failed 0
thp_split 11431
thp_zero_page_alloc 1
thp_zero_page_alloc_failed 0
thp_promote 8333
thp_fault_alloc 12139
thp_fault_fallback 12451
thp_collapse_alloc 7008
thp_collapse_alloc_failed 0
thp_split 11431
thp_zero_page_alloc 1
thp_zero_page_alloc_failed 0
thp_promote 8489
thp_fault_alloc 12181
thp_fault_fallback 12451
thp_collapse_alloc 7008
thp_collapse_alloc_failed 0
thp_split 11431
thp_zero_page_alloc 1
thp_zero_page_alloc_failed 0
thp_promote 8489
thp_fault_alloc 12224
thp_fault_fallback 12451
thp_collapse_alloc 7008
thp_collapse_alloc_failed 0
thp_split 11431
thp_zero_page_alloc 1
thp_zero_page_alloc_failed 0
thp_promote 8489
thp_fault_alloc 12266
thp_fault_fallback 12451
thp_collapse_alloc 7008
thp_collapse_alloc_failed 0
thp_split 11431
thp_zero_page_alloc 1
thp_zero_page_alloc_failed 0
thp_promote 8489
thp_fault_alloc 12304
thp_fault_fallback 12451
thp_collapse_alloc 7008
thp_collapse_alloc_failed 0
thp_split 11431
thp_zero_page_alloc 1
thp_zero_page_alloc_failed 0
thp_promote 8489
thp_fault_alloc 12382
thp_fault_fallback 12451
thp_collapse_alloc 7008
thp_collapse_alloc_failed 0
thp_split 11431
thp_zero_page_alloc 1
thp_zero_page_alloc_failed 0
thp_promote 8489
thp_fault_alloc 12425
thp_fault_fallback 12451
thp_collapse_alloc 7008
thp_collapse_alloc_failed 0
thp_split 11431
thp_zero_page_alloc 1
thp_zero_page_alloc_failed 0
thp_promote 8489
thp_fault_alloc 12465
thp_fault_fallback 12451
thp_collapse_alloc 7008
thp_collapse_alloc_failed 0
thp_split 11431
thp_zero_page_alloc 1
thp_zero_page_alloc_failed 0
thp_promote 8489
thp_fault_alloc 12507
thp_fault_fallback 12451
thp_collapse_alloc 7008
thp_collapse_alloc_failed 0
thp_split 11431
thp_zero_page_alloc 1
thp_zero_page_alloc_failed 0
thp_promote 8489
thp_fault_alloc 12550
thp_fault_fallback 12451
thp_collapse_alloc 7008
thp_collapse_alloc_failed 0
thp_split 11431
thp_zero_page_alloc 1
thp_zero_page_alloc_failed 0
thp_promote 11428
thp_fault_alloc 12593
thp_fault_fallback 12451
thp_collapse_alloc 7008
thp_collapse_alloc_failed 0
thp_split 11431
thp_zero_page_alloc 1
thp_zero_page_alloc_failed 0
thp_promote 11428
thp_fault_alloc 12632
thp_fault_fallback 12451
thp_collapse_alloc 7008
thp_collapse_alloc_failed 0
thp_split 11431
thp_zero_page_alloc 1
thp_zero_page_alloc_failed 0
thp_promote 11428
thp_fault_alloc 12678
thp_fault_fallback 12451
thp_collapse_alloc 7008
thp_collapse_alloc_failed 0
thp_split 11431
thp_zero_page_alloc 1
thp_zero_page_alloc_failed 0
thp_promote 11428
thp_fault_alloc 12722
thp_fault_fallback 12451
thp_collapse_alloc 7008
thp_collapse_alloc_failed 0
thp_split 11431
thp_zero_page_alloc 1
thp_zero_page_alloc_failed 0
thp_promote 11428
thp_fault_alloc 12760
thp_fault_fallback 12451
thp_collapse_alloc 7008
thp_collapse_alloc_failed 0
thp_split 11431
thp_zero_page_alloc 1
thp_zero_page_alloc_failed 0
thp_promote 11428
thp_fault_alloc 12801
thp_fault_fallback 12451
thp_collapse_alloc 7008
thp_collapse_alloc_failed 0
thp_split 11431
thp_zero_page_alloc 1
thp_zero_page_alloc_failed 0
thp_promote 11428
thp_fault_alloc 12840
thp_fault_fallback 12451
thp_collapse_alloc 7008
thp_collapse_alloc_failed 0
thp_split 11431
thp_zero_page_alloc 1
thp_zero_page_alloc_failed 0
thp_promote 11428
thp_fault_alloc 12880
thp_fault_fallback 12451
thp_collapse_alloc 7008
thp_collapse_alloc_failed 0
thp_split 11431
thp_zero_page_alloc 1
thp_zero_page_alloc_failed 0
thp_promote 11428
thp_fault_alloc 12920
thp_fault_fallback 12451
thp_collapse_alloc 7008
thp_collapse_alloc_failed 0
thp_split 11431
thp_zero_page_alloc 1
thp_zero_page_alloc_failed 0
thp_promote 11428
thp_fault_alloc 12960
thp_fault_fallback 12451
thp_collapse_alloc 7008
thp_collapse_alloc_failed 0
thp_split 11431
thp_zero_page_alloc 1
thp_zero_page_alloc_failed 0
thp_promote 11428
thp_fault_alloc 13000
thp_fault_fallback 12451
thp_collapse_alloc 7008
thp_collapse_alloc_failed 0
thp_split 11431
thp_zero_page_alloc 1
thp_zero_page_alloc_failed 0
thp_promote 11428
thp_fault_alloc 13040
thp_fault_fallback 12451
thp_collapse_alloc 7008
thp_collapse_alloc_failed 0
thp_split 11431
thp_zero_page_alloc 1
thp_zero_page_alloc_failed 0
thp_promote 11428
thp_fault_alloc 13079
thp_fault_fallback 12451
thp_collapse_alloc 7008
thp_collapse_alloc_failed 0
thp_split 11431
thp_zero_page_alloc 1
thp_zero_page_alloc_failed 0
thp_promote 11428
thp_fault_alloc 13119
thp_fault_fallback 12451
thp_collapse_alloc 7008
thp_collapse_alloc_failed 0
thp_split 11431
thp_zero_page_alloc 1
thp_zero_page_alloc_failed 0
thp_promote 11428
thp_fault_alloc 13158
thp_fault_fallback 12451
thp_collapse_alloc 7008
thp_collapse_alloc_failed 0
thp_split 11431
thp_zero_page_alloc 1
thp_zero_page_alloc_failed 0
thp_promote 11428
thp_fault_alloc 13199
thp_fault_fallback 12451
thp_collapse_alloc 7008
thp_collapse_alloc_failed 0
thp_split 11431
thp_zero_page_alloc 1
thp_zero_page_alloc_failed 0
thp_promote 11428
thp_fault_alloc 13241
thp_fault_fallback 12451
thp_collapse_alloc 7008
thp_collapse_alloc_failed 0
thp_split 11431
thp_zero_page_alloc 1
thp_zero_page_alloc_failed 0
thp_promote 11428
thp_fault_alloc 13284
thp_fault_fallback 12451
thp_collapse_alloc 7008
thp_collapse_alloc_failed 0
thp_split 11431
thp_zero_page_alloc 1
thp_zero_page_alloc_failed 0
thp_promote 11428
thp_fault_alloc 13327
thp_fault_fallback 12451
thp_collapse_alloc 7008
thp_collapse_alloc_failed 0
thp_split 11431
thp_zero_page_alloc 1
thp_zero_page_alloc_failed 0
thp_promote 11428
thp_fault_alloc 13367
thp_fault_fallback 12451
thp_collapse_alloc 7008
thp_collapse_alloc_failed 0
thp_split 11431
thp_zero_page_alloc 1
thp_zero_page_alloc_failed 0
thp_promote 11428
thp_fault_alloc 13406
thp_fault_fallback 12451
thp_collapse_alloc 7008
thp_collapse_alloc_failed 0
thp_split 11431
thp_zero_page_alloc 1
thp_zero_page_alloc_failed 0
thp_promote 11428
thp_fault_alloc 13448
thp_fault_fallback 12451
thp_collapse_alloc 7008
thp_collapse_alloc_failed 0
thp_split 11431
thp_zero_page_alloc 1
thp_zero_page_alloc_failed 0
thp_promote 11428
thp_fault_alloc 13490
thp_fault_fallback 12451
thp_collapse_alloc 7008
thp_collapse_alloc_failed 0
thp_split 11431
thp_zero_page_alloc 1
thp_zero_page_alloc_failed 0
thp_promote 11428
thp_fault_alloc 13533
thp_fault_fallback 12451
thp_collapse_alloc 7008
thp_collapse_alloc_failed 0
thp_split 11431
thp_zero_page_alloc 1
thp_zero_page_alloc_failed 0
thp_promote 11428
thp_fault_alloc 13574
thp_fault_fallback 12451
thp_collapse_alloc 7008
thp_collapse_alloc_failed 0
thp_split 11431
thp_zero_page_alloc 1
thp_zero_page_alloc_failed 0
thp_promote 11428
thp_fault_alloc 13613
thp_fault_fallback 12451
thp_collapse_alloc 7008
thp_collapse_alloc_failed 0
thp_split 11431
thp_zero_page_alloc 1
thp_zero_page_alloc_failed 0
thp_promote 11428
thp_fault_alloc 13655
thp_fault_fallback 12451
thp_collapse_alloc 7008
thp_collapse_alloc_failed 0
thp_split 11431
thp_zero_page_alloc 1
thp_zero_page_alloc_failed 0
thp_promote 11428
thp_fault_alloc 13698
thp_fault_fallback 12451
thp_collapse_alloc 7008
thp_collapse_alloc_failed 0
thp_split 11431
thp_zero_page_alloc 1
thp_zero_page_alloc_failed 0
thp_promote 11428
thp_fault_alloc 13737
thp_fault_fallback 12451
thp_collapse_alloc 7008
thp_collapse_alloc_failed 0
thp_split 11431
thp_zero_page_alloc 1
thp_zero_page_alloc_failed 0
thp_promote 11428
thp_fault_alloc 13776
thp_fault_fallback 12451
thp_collapse_alloc 7008
thp_collapse_alloc_failed 0
thp_split 11431
thp_zero_page_alloc 1
thp_zero_page_alloc_failed 0
thp_promote 11428
thp_fault_alloc 13818
thp_fault_fallback 12451
thp_collapse_alloc 7008
thp_collapse_alloc_failed 0
thp_split 11431
thp_zero_page_alloc 1
thp_zero_page_alloc_failed 0
thp_promote 11428
thp_fault_alloc 13859
thp_fault_fallback 12451
thp_collapse_alloc 7008
thp_collapse_alloc_failed 0
thp_split 11431
thp_zero_page_alloc 1
thp_zero_page_alloc_failed 0
thp_promote 11428
thp_fault_alloc 13898
thp_fault_fallback 12451
thp_collapse_alloc 7008
thp_collapse_alloc_failed 0
thp_split 11431
thp_zero_page_alloc 1
thp_zero_page_alloc_failed 0
thp_promote 11428
thp_fault_alloc 13942
thp_fault_fallback 12451
thp_collapse_alloc 7008
thp_collapse_alloc_failed 0
thp_split 11431
thp_zero_page_alloc 1
thp_zero_page_alloc_failed 0
thp_promote 11428
thp_fault_alloc 13985
thp_fault_fallback 12451
thp_collapse_alloc 7008
thp_collapse_alloc_failed 0
thp_split 11431
thp_zero_page_alloc 1
thp_zero_page_alloc_failed 0
thp_promote 11428
thp_fault_alloc 14026
thp_fault_fallback 12451
thp_collapse_alloc 7008
thp_collapse_alloc_failed 0
thp_split 11431
thp_zero_page_alloc 1
thp_zero_page_alloc_failed 0
thp_promote 11428
thp_fault_alloc 14068
thp_fault_fallback 12451
thp_collapse_alloc 7008
thp_collapse_alloc_failed 0
thp_split 11431
thp_zero_page_alloc 1
thp_zero_page_alloc_failed 0
thp_promote 11428
thp_fault_alloc 14108
thp_fault_fallback 12451
thp_collapse_alloc 7008
thp_collapse_alloc_failed 0
thp_split 11431
thp_zero_page_alloc 1
thp_zero_page_alloc_failed 0
thp_promote 11428
thp_fault_alloc 14152
thp_fault_fallback 12451
thp_collapse_alloc 7008
thp_collapse_alloc_failed 0
thp_split 11431
thp_zero_page_alloc 1
thp_zero_page_alloc_failed 0
thp_promote 11428
thp_fault_alloc 14194
thp_fault_fallback 12451
thp_collapse_alloc 7008
thp_collapse_alloc_failed 0
thp_split 11431
thp_zero_page_alloc 1
thp_zero_page_alloc_failed 0
thp_promote 11428
thp_fault_alloc 14232
thp_fault_fallback 12451
thp_collapse_alloc 7008
thp_collapse_alloc_failed 0
thp_split 11431
thp_zero_page_alloc 1
thp_zero_page_alloc_failed 0
thp_promote 11428
thp_fault_alloc 14273
thp_fault_fallback 12451
thp_collapse_alloc 7008
thp_collapse_alloc_failed 0
thp_split 11431
thp_zero_page_alloc 1
thp_zero_page_alloc_failed 0
thp_promote 11428
thp_fault_alloc 14315
thp_fault_fallback 12451
thp_collapse_alloc 7008
thp_collapse_alloc_failed 0
thp_split 11431
thp_zero_page_alloc 1
thp_zero_page_alloc_failed 0
thp_promote 11428
thp_fault_alloc 14357
thp_fault_fallback 12451
thp_collapse_alloc 7008
thp_collapse_alloc_failed 0
thp_split 11431
thp_zero_page_alloc 1
thp_zero_page_alloc_failed 0
thp_promote 11428
thp_fault_alloc 14398
thp_fault_fallback 12451
thp_collapse_alloc 7008
thp_collapse_alloc_failed 0
thp_split 11431
thp_zero_page_alloc 1
thp_zero_page_alloc_failed 0
thp_promote 11428
thp_fault_alloc 14438
thp_fault_fallback 12451
thp_collapse_alloc 7008
thp_collapse_alloc_failed 0
thp_split 11431
thp_zero_page_alloc 1
thp_zero_page_alloc_failed 0
thp_promote 11428
thp_fault_alloc 14477
thp_fault_fallback 12451
thp_collapse_alloc 7008
thp_collapse_alloc_failed 0
thp_split 11431
thp_zero_page_alloc 1
thp_zero_page_alloc_failed 0
thp_promote 11428
thp_fault_alloc 14519
thp_fault_fallback 12451
thp_collapse_alloc 7008
thp_collapse_alloc_failed 0
thp_split 11431
thp_zero_page_alloc 1
thp_zero_page_alloc_failed 0
thp_promote 11428
thp_fault_alloc 14562
thp_fault_fallback 12451
thp_collapse_alloc 7008
thp_collapse_alloc_failed 0
thp_split 11431
thp_zero_page_alloc 1
thp_zero_page_alloc_failed 0
thp_promote 11428
thp_fault_alloc 14602
thp_fault_fallback 12451
thp_collapse_alloc 7008
thp_collapse_alloc_failed 0
thp_split 11431
thp_zero_page_alloc 1
thp_zero_page_alloc_failed 0
thp_promote 11428
thp_fault_alloc 14642
thp_fault_fallback 12451
thp_collapse_alloc 7008
thp_collapse_alloc_failed 0
thp_split 11431
thp_zero_page_alloc 1
thp_zero_page_alloc_failed 0
thp_promote 11428
thp_fault_alloc 14682
thp_fault_fallback 12451
thp_collapse_alloc 7008
thp_collapse_alloc_failed 0
thp_split 11431
thp_zero_page_alloc 1
thp_zero_page_alloc_failed 0
thp_promote 11428
thp_fault_alloc 14723
thp_fault_fallback 12451
thp_collapse_alloc 7008
thp_collapse_alloc_failed 0
thp_split 11431
thp_zero_page_alloc 1
thp_zero_page_alloc_failed 0
thp_promote 11428
thp_fault_alloc 14765
thp_fault_fallback 12451
thp_collapse_alloc 7008
thp_collapse_alloc_failed 0
thp_split 11431
thp_zero_page_alloc 1
thp_zero_page_alloc_failed 0
thp_promote 11428
thp_fault_alloc 14803
thp_fault_fallback 18453
thp_collapse_alloc 7008
thp_collapse_alloc_failed 0
thp_split 17433
thp_zero_page_alloc 1
thp_zero_page_alloc_failed 0
thp_promote 11428
thp_fault_alloc 14882
thp_fault_fallback 18459
thp_collapse_alloc 7008
thp_collapse_alloc_failed 0
thp_split 17439
thp_zero_page_alloc 1
thp_zero_page_alloc_failed 0
thp_promote 11428
thp_fault_alloc 14922
thp_fault_fallback 18459
thp_collapse_alloc 7008
thp_collapse_alloc_failed 0
thp_split 17439
thp_zero_page_alloc 1
thp_zero_page_alloc_failed 0
thp_promote 11428
thp_fault_alloc 14962
thp_fault_fallback 18459
thp_collapse_alloc 7008
thp_collapse_alloc_failed 0
thp_split 17439
thp_zero_page_alloc 1
thp_zero_page_alloc_failed 0
thp_promote 11428
thp_fault_alloc 15002
thp_fault_fallback 18459
thp_collapse_alloc 7008
thp_collapse_alloc_failed 0
thp_split 17439
thp_zero_page_alloc 1
thp_zero_page_alloc_failed 0
thp_promote 11428
thp_fault_alloc 15040
thp_fault_fallback 18459
thp_collapse_alloc 7008
thp_collapse_alloc_failed 0
thp_split 17439
thp_zero_page_alloc 1
thp_zero_page_alloc_failed 0
thp_promote 11428
thp_fault_alloc 15115
thp_fault_fallback 18459
thp_collapse_alloc 7008
thp_collapse_alloc_failed 0
thp_split 17439
thp_zero_page_alloc 1
thp_zero_page_alloc_failed 0
thp_promote 11428
thp_fault_alloc 15152
thp_fault_fallback 18459
thp_collapse_alloc 7008
thp_collapse_alloc_failed 0
thp_split 17439
thp_zero_page_alloc 1
thp_zero_page_alloc_failed 0
thp_promote 11428
thp_fault_alloc 15191
thp_fault_fallback 18459
thp_collapse_alloc 7008
thp_collapse_alloc_failed 0
thp_split 17439
thp_zero_page_alloc 1
thp_zero_page_alloc_failed 0
thp_promote 11428
thp_fault_alloc 15229
thp_fault_fallback 18459
thp_collapse_alloc 7008
thp_collapse_alloc_failed 0
thp_split 17439
thp_zero_page_alloc 1
thp_zero_page_alloc_failed 0
thp_promote 11428
thp_fault_alloc 15269
thp_fault_fallback 18459
thp_collapse_alloc 7008
thp_collapse_alloc_failed 0
thp_split 17439
thp_zero_page_alloc 1
thp_zero_page_alloc_failed 0
thp_promote 11428
thp_fault_alloc 15307
thp_fault_fallback 18459
thp_collapse_alloc 7008
thp_collapse_alloc_failed 0
thp_split 17439
thp_zero_page_alloc 1
thp_zero_page_alloc_failed 0
thp_promote 11428
thp_fault_alloc 15376
thp_fault_fallback 18459
thp_collapse_alloc 7008
thp_collapse_alloc_failed 0
thp_split 17439
thp_zero_page_alloc 1
thp_zero_page_alloc_failed 0
thp_promote 11428
thp_fault_alloc 15416
thp_fault_fallback 18459
thp_collapse_alloc 7008
thp_collapse_alloc_failed 0
thp_split 17439
thp_zero_page_alloc 1
thp_zero_page_alloc_failed 0
thp_promote 11428
thp_fault_alloc 15458
thp_fault_fallback 18459
thp_collapse_alloc 7008
thp_collapse_alloc_failed 0
thp_split 17439
thp_zero_page_alloc 1
thp_zero_page_alloc_failed 0
thp_promote 11428
thp_fault_alloc 15496
thp_fault_fallback 18459
thp_collapse_alloc 7008
thp_collapse_alloc_failed 0
thp_split 17439
thp_zero_page_alloc 1
thp_zero_page_alloc_failed 0
thp_promote 11428
thp_fault_alloc 15537
thp_fault_fallback 18459
thp_collapse_alloc 7008
thp_collapse_alloc_failed 0
thp_split 17439
thp_zero_page_alloc 1
thp_zero_page_alloc_failed 0
thp_promote 11428
thp_fault_alloc 15578
thp_fault_fallback 18459
thp_collapse_alloc 7008
thp_collapse_alloc_failed 0
thp_split 17439
thp_zero_page_alloc 1
thp_zero_page_alloc_failed 0
thp_promote 11428
thp_fault_alloc 15616
thp_fault_fallback 18459
thp_collapse_alloc 7008
thp_collapse_alloc_failed 0
thp_split 17439
thp_zero_page_alloc 1
thp_zero_page_alloc_failed 0
thp_promote 11428
thp_fault_alloc 15655
thp_fault_fallback 18459
thp_collapse_alloc 7008
thp_collapse_alloc_failed 0
thp_split 17439
thp_zero_page_alloc 1
thp_zero_page_alloc_failed 0
thp_promote 11428
thp_fault_alloc 15729
thp_fault_fallback 18459
thp_collapse_alloc 7008
thp_collapse_alloc_failed 0
thp_split 17439
thp_zero_page_alloc 1
thp_zero_page_alloc_failed 0
thp_promote 11428
thp_fault_alloc 15768
thp_fault_fallback 18459
thp_collapse_alloc 7117
thp_collapse_alloc_failed 0
thp_split 17439
thp_zero_page_alloc 1
thp_zero_page_alloc_failed 0
thp_promote 11535
thp_fault_alloc 15806
thp_fault_fallback 18459
thp_collapse_alloc 7117
thp_collapse_alloc_failed 0
thp_split 17439
thp_zero_page_alloc 1
thp_zero_page_alloc_failed 0
thp_promote 11535
thp_fault_alloc 15844
thp_fault_fallback 18459
thp_collapse_alloc 7117
thp_collapse_alloc_failed 0
thp_split 17439
thp_zero_page_alloc 1
thp_zero_page_alloc_failed 0
thp_promote 11535
thp_fault_alloc 15885
thp_fault_fallback 18459
thp_collapse_alloc 7117
thp_collapse_alloc_failed 0
thp_split 17439
thp_zero_page_alloc 1
thp_zero_page_alloc_failed 0
thp_promote 11535
thp_fault_alloc 15922
thp_fault_fallback 18459
thp_collapse_alloc 7117
thp_collapse_alloc_failed 0
thp_split 17439
thp_zero_page_alloc 1
thp_zero_page_alloc_failed 0
thp_promote 11535
thp_fault_alloc 15962
thp_fault_fallback 18459
thp_collapse_alloc 7117
thp_collapse_alloc_failed 0
thp_split 17439
thp_zero_page_alloc 1
thp_zero_page_alloc_failed 0
thp_promote 11535
thp_fault_alloc 16003
thp_fault_fallback 18459
thp_collapse_alloc 7117
thp_collapse_alloc_failed 0
thp_split 17439
thp_zero_page_alloc 1
thp_zero_page_alloc_failed 0
thp_promote 11535
thp_fault_alloc 16078
thp_fault_fallback 18459
thp_collapse_alloc 7117
thp_collapse_alloc_failed 0
thp_split 17439
thp_zero_page_alloc 1
thp_zero_page_alloc_failed 0
thp_promote 11535
thp_fault_alloc 16117
thp_fault_fallback 18459
thp_collapse_alloc 7117
thp_collapse_alloc_failed 0
thp_split 17439
thp_zero_page_alloc 1
thp_zero_page_alloc_failed 0
thp_promote 11695
thp_fault_alloc 16159
thp_fault_fallback 18459
thp_collapse_alloc 8390
thp_collapse_alloc_failed 0
thp_split 17439
thp_zero_page_alloc 1
thp_zero_page_alloc_failed 0
thp_promote 13864
thp_fault_alloc 16200
thp_fault_fallback 18459
thp_collapse_alloc 9475
thp_collapse_alloc_failed 0
thp_split 17439
thp_zero_page_alloc 1
thp_zero_page_alloc_failed 0
thp_promote 13864
thp_fault_alloc 16280
thp_fault_fallback 18459
thp_collapse_alloc 9475
thp_collapse_alloc_failed 0
thp_split 17439
thp_zero_page_alloc 1
thp_zero_page_alloc_failed 0
thp_promote 13864
thp_fault_alloc 16320
thp_fault_fallback 18459
thp_collapse_alloc 9475
thp_collapse_alloc_failed 0
thp_split 17439
thp_zero_page_alloc 1
thp_zero_page_alloc_failed 0
thp_promote 13864
thp_fault_alloc 16364
thp_fault_fallback 18459
thp_collapse_alloc 9475
thp_collapse_alloc_failed 0
thp_split 17439
thp_zero_page_alloc 1
thp_zero_page_alloc_failed 0
thp_promote 13864
thp_fault_alloc 16408
thp_fault_fallback 18459
thp_collapse_alloc 9475
thp_collapse_alloc_failed 0
thp_split 17439
thp_zero_page_alloc 1
thp_zero_page_alloc_failed 0
thp_promote 13864
thp_fault_alloc 16448
thp_fault_fallback 18459
thp_collapse_alloc 9475
thp_collapse_alloc_failed 0
thp_split 17439
thp_zero_page_alloc 1
thp_zero_page_alloc_failed 0
thp_promote 13864
thp_fault_alloc 16488
thp_fault_fallback 18459
thp_collapse_alloc 9475
thp_collapse_alloc_failed 0
thp_split 17439
thp_zero_page_alloc 1
thp_zero_page_alloc_failed 0
thp_promote 13864
thp_fault_alloc 16527
thp_fault_fallback 18459
thp_collapse_alloc 9475
thp_collapse_alloc_failed 0
thp_split 17439
thp_zero_page_alloc 1
thp_zero_page_alloc_failed 0
thp_promote 13864
thp_fault_alloc 16570
thp_fault_fallback 18459
thp_collapse_alloc 9475
thp_collapse_alloc_failed 0
thp_split 17439
thp_zero_page_alloc 1
thp_zero_page_alloc_failed 0
thp_promote 13864
thp_fault_alloc 16607
thp_fault_fallback 18459
thp_collapse_alloc 9475
thp_collapse_alloc_failed 0
thp_split 17439
thp_zero_page_alloc 1
thp_zero_page_alloc_failed 0
thp_promote 13864
thp_fault_alloc 16645
thp_fault_fallback 18459
thp_collapse_alloc 9754
thp_collapse_alloc_failed 0
thp_split 17439
thp_zero_page_alloc 1
thp_zero_page_alloc_failed 0
thp_promote 14174
thp_fault_alloc 16682
thp_fault_fallback 18459
thp_collapse_alloc 9754
thp_collapse_alloc_failed 0
thp_split 17439
thp_zero_page_alloc 1
thp_zero_page_alloc_failed 0
thp_promote 14174
thp_fault_alloc 16724
thp_fault_fallback 18459
thp_collapse_alloc 9754
thp_collapse_alloc_failed 0
thp_split 17439
thp_zero_page_alloc 1
thp_zero_page_alloc_failed 0
thp_promote 14174
thp_fault_alloc 16764
thp_fault_fallback 18459
thp_collapse_alloc 9754
thp_collapse_alloc_failed 0
thp_split 17439
thp_zero_page_alloc 1
thp_zero_page_alloc_failed 0
thp_promote 14174
thp_fault_alloc 16840
thp_fault_fallback 18459
thp_collapse_alloc 9754
thp_collapse_alloc_failed 0
thp_split 17439
thp_zero_page_alloc 1
thp_zero_page_alloc_failed 0
thp_promote 14174
thp_fault_alloc 16884
thp_fault_fallback 18459
thp_collapse_alloc 9754
thp_collapse_alloc_failed 0
thp_split 17439
thp_zero_page_alloc 1
thp_zero_page_alloc_failed 0
thp_promote 14174
thp_fault_alloc 16924
thp_fault_fallback 18459
thp_collapse_alloc 9754
thp_collapse_alloc_failed 0
thp_split 17439
thp_zero_page_alloc 1
thp_zero_page_alloc_failed 0
thp_promote 14174
thp_fault_alloc 16966
thp_fault_fallback 18459
thp_collapse_alloc 9754
thp_collapse_alloc_failed 0
thp_split 17439
thp_zero_page_alloc 1
thp_zero_page_alloc_failed 0
thp_promote 14174
thp_fault_alloc 17008
thp_fault_fallback 18459
thp_collapse_alloc 9754
thp_collapse_alloc_failed 0
thp_split 17439
thp_zero_page_alloc 1
thp_zero_page_alloc_failed 0
thp_promote 14174
thp_fault_alloc 17048
thp_fault_fallback 18459
thp_collapse_alloc 9756
thp_collapse_alloc_failed 0
thp_split 17439
thp_zero_page_alloc 1
thp_zero_page_alloc_failed 0
thp_promote 14176
thp_fault_alloc 17085
thp_fault_fallback 18459
thp_collapse_alloc 9756
thp_collapse_alloc_failed 0
thp_split 17439
thp_zero_page_alloc 1
thp_zero_page_alloc_failed 0
thp_promote 14176
thp_fault_alloc 17128
thp_fault_fallback 18459
thp_collapse_alloc 9756
thp_collapse_alloc_failed 0
thp_split 17439
thp_zero_page_alloc 1
thp_zero_page_alloc_failed 0
thp_promote 14176
thp_fault_alloc 17168
thp_fault_fallback 18459
thp_collapse_alloc 9756
thp_collapse_alloc_failed 0
thp_split 17439
thp_zero_page_alloc 1
thp_zero_page_alloc_failed 0
thp_promote 14176
thp_fault_alloc 17207
thp_fault_fallback 18459
thp_collapse_alloc 9756
thp_collapse_alloc_failed 0
thp_split 17439
thp_zero_page_alloc 1
thp_zero_page_alloc_failed 0
thp_promote 14176
thp_fault_alloc 17244
thp_fault_fallback 18459
thp_collapse_alloc 9756
thp_collapse_alloc_failed 0
thp_split 17439
thp_zero_page_alloc 1
thp_zero_page_alloc_failed 0
thp_promote 14176
thp_fault_alloc 17284
thp_fault_fallback 18459
thp_collapse_alloc 9756
thp_collapse_alloc_failed 0
thp_split 17439
thp_zero_page_alloc 1
thp_zero_page_alloc_failed 0
thp_promote 14176
thp_fault_alloc 17323
thp_fault_fallback 18459
thp_collapse_alloc 9756
thp_collapse_alloc_failed 0
thp_split 17439
thp_zero_page_alloc 1
thp_zero_page_alloc_failed 0
thp_promote 14176
thp_fault_alloc 17362
thp_fault_fallback 18459
thp_collapse_alloc 9756
thp_collapse_alloc_failed 0
thp_split 17439
thp_zero_page_alloc 1
thp_zero_page_alloc_failed 0
thp_promote 14176
thp_fault_alloc 17444
thp_fault_fallback 18459
thp_collapse_alloc 9756
thp_collapse_alloc_failed 0
thp_split 17439
thp_zero_page_alloc 1
thp_zero_page_alloc_failed 0
thp_promote 14176
thp_fault_alloc 17486
thp_fault_fallback 18459
thp_collapse_alloc 9756
thp_collapse_alloc_failed 0
thp_split 17439
thp_zero_page_alloc 1
thp_zero_page_alloc_failed 0
thp_promote 14176
thp_fault_alloc 17528
thp_fault_fallback 18459
thp_collapse_alloc 9756
thp_collapse_alloc_failed 0
thp_split 17439
thp_zero_page_alloc 1
thp_zero_page_alloc_failed 0
thp_promote 14176
thp_fault_alloc 17568
thp_fault_fallback 18459
thp_collapse_alloc 9756
thp_collapse_alloc_failed 0
thp_split 17439
thp_zero_page_alloc 1
thp_zero_page_alloc_failed 0
thp_promote 14176
thp_fault_alloc 17609
thp_fault_fallback 18459
thp_collapse_alloc 9756
thp_collapse_alloc_failed 0
thp_split 17439
thp_zero_page_alloc 1
thp_zero_page_alloc_failed 0
thp_promote 14176
thp_fault_alloc 17646
thp_fault_fallback 18459
thp_collapse_alloc 9756
thp_collapse_alloc_failed 0
thp_split 17439
thp_zero_page_alloc 1
thp_zero_page_alloc_failed 0
thp_promote 14176
thp_fault_alloc 17689
thp_fault_fallback 18459
thp_collapse_alloc 9756
thp_collapse_alloc_failed 0
thp_split 17439
thp_zero_page_alloc 1
thp_zero_page_alloc_failed 0
thp_promote 14176
thp_fault_alloc 17729
thp_fault_fallback 18459
thp_collapse_alloc 9756
thp_collapse_alloc_failed 0
thp_split 17439
thp_zero_page_alloc 1
thp_zero_page_alloc_failed 0
thp_promote 14176
thp_fault_alloc 17769
thp_fault_fallback 18459
thp_collapse_alloc 9756
thp_collapse_alloc_failed 0
thp_split 17439
thp_zero_page_alloc 1
thp_zero_page_alloc_failed 0
thp_promote 14176
thp_fault_alloc 17809
thp_fault_fallback 18459
thp_collapse_alloc 9756
thp_collapse_alloc_failed 0
thp_split 17439
thp_zero_page_alloc 1
thp_zero_page_alloc_failed 0
thp_promote 14176
thp_fault_alloc 17845
thp_fault_fallback 18459
thp_collapse_alloc 9756
thp_collapse_alloc_failed 0
thp_split 17439
thp_zero_page_alloc 1
thp_zero_page_alloc_failed 0
thp_promote 14176
thp_fault_alloc 17885
thp_fault_fallback 18459
thp_collapse_alloc 9756
thp_collapse_alloc_failed 0
thp_split 17439
thp_zero_page_alloc 1
thp_zero_page_alloc_failed 0
thp_promote 14176
thp_fault_alloc 17924
thp_fault_fallback 18459
thp_collapse_alloc 9756
thp_collapse_alloc_failed 0
thp_split 17439
thp_zero_page_alloc 1
thp_zero_page_alloc_failed 0
thp_promote 14176
thp_fault_alloc 17964
thp_fault_fallback 18459
thp_collapse_alloc 9756
thp_collapse_alloc_failed 0
thp_split 17439
thp_zero_page_alloc 1
thp_zero_page_alloc_failed 0
thp_promote 14176
thp_fault_alloc 18023
thp_fault_fallback 18459
thp_collapse_alloc 9756
thp_collapse_alloc_failed 0
thp_split 17439
thp_zero_page_alloc 1
thp_zero_page_alloc_failed 0
thp_promote 14176
thp_fault_alloc 18082
thp_fault_fallback 18459
thp_collapse_alloc 9756
thp_collapse_alloc_failed 0
thp_split 17439
thp_zero_page_alloc 1
thp_zero_page_alloc_failed 0
thp_promote 14176
thp_fault_alloc 18122
thp_fault_fallback 18459
thp_collapse_alloc 9756
thp_collapse_alloc_failed 0
thp_split 17439
thp_zero_page_alloc 1
thp_zero_page_alloc_failed 0
thp_promote 14176
thp_fault_alloc 18160
thp_fault_fallback 18459
thp_collapse_alloc 9756
thp_collapse_alloc_failed 0
thp_split 17439
thp_zero_page_alloc 1
thp_zero_page_alloc_failed 0
thp_promote 14176
thp_fault_alloc 18203
thp_fault_fallback 18459
thp_collapse_alloc 9756
thp_collapse_alloc_failed 0
thp_split 17439
thp_zero_page_alloc 1
thp_zero_page_alloc_failed 0
thp_promote 14176
thp_fault_alloc 18242
thp_fault_fallback 18459
thp_collapse_alloc 9757
thp_collapse_alloc_failed 0
thp_split 17439
thp_zero_page_alloc 1
thp_zero_page_alloc_failed 0
thp_promote 17435
thp_fault_alloc 18281
thp_fault_fallback 18459
thp_collapse_alloc 9757
thp_collapse_alloc_failed 0
thp_split 17439
thp_zero_page_alloc 1
thp_zero_page_alloc_failed 0
thp_promote 17435
thp_fault_alloc 18323
thp_fault_fallback 18459
thp_collapse_alloc 9757
thp_collapse_alloc_failed 0
thp_split 17439
thp_zero_page_alloc 1
thp_zero_page_alloc_failed 0
thp_promote 17435
thp_fault_alloc 18365
thp_fault_fallback 18459
thp_collapse_alloc 9757
thp_collapse_alloc_failed 0
thp_split 17439
thp_zero_page_alloc 1
thp_zero_page_alloc_failed 0
thp_promote 17435
thp_fault_alloc 18404
thp_fault_fallback 18459
thp_collapse_alloc 9757
thp_collapse_alloc_failed 0
thp_split 17439
thp_zero_page_alloc 1
thp_zero_page_alloc_failed 0
thp_promote 17435
thp_fault_alloc 18451
thp_fault_fallback 18459
thp_collapse_alloc 9757
thp_collapse_alloc_failed 0
thp_split 17439
thp_zero_page_alloc 1
thp_zero_page_alloc_failed 0
thp_promote 17435
thp_fault_alloc 18492
thp_fault_fallback 18459
thp_collapse_alloc 9757
thp_collapse_alloc_failed 0
thp_split 17439
thp_zero_page_alloc 1
thp_zero_page_alloc_failed 0
thp_promote 17435
thp_fault_alloc 18531
thp_fault_fallback 18459
thp_collapse_alloc 9757
thp_collapse_alloc_failed 0
thp_split 17439
thp_zero_page_alloc 1
thp_zero_page_alloc_failed 0
thp_promote 17435
thp_fault_alloc 18573
thp_fault_fallback 18459
thp_collapse_alloc 9757
thp_collapse_alloc_failed 0
thp_split 17439
thp_zero_page_alloc 1
thp_zero_page_alloc_failed 0
thp_promote 17435
thp_fault_alloc 18614
thp_fault_fallback 18459
thp_collapse_alloc 9757
thp_collapse_alloc_failed 0
thp_split 17439
thp_zero_page_alloc 1
thp_zero_page_alloc_failed 0
thp_promote 17435
thp_fault_alloc 18654
thp_fault_fallback 18459
thp_collapse_alloc 9757
thp_collapse_alloc_failed 0
thp_split 17439
thp_zero_page_alloc 1
thp_zero_page_alloc_failed 0
thp_promote 17435
thp_fault_alloc 18734
thp_fault_fallback 18459
thp_collapse_alloc 9757
thp_collapse_alloc_failed 0
thp_split 17439
thp_zero_page_alloc 1
thp_zero_page_alloc_failed 0
thp_promote 17435
thp_fault_alloc 18775
thp_fault_fallback 18459
thp_collapse_alloc 9757
thp_collapse_alloc_failed 0
thp_split 17439
thp_zero_page_alloc 1
thp_zero_page_alloc_failed 0
thp_promote 17435
thp_fault_alloc 18814
thp_fault_fallback 18459
thp_collapse_alloc 9757
thp_collapse_alloc_failed 0
thp_split 17439
thp_zero_page_alloc 1
thp_zero_page_alloc_failed 0
thp_promote 17435
thp_fault_alloc 18850
thp_fault_fallback 18459
thp_collapse_alloc 9757
thp_collapse_alloc_failed 0
thp_split 17439
thp_zero_page_alloc 1
thp_zero_page_alloc_failed 0
thp_promote 17435
thp_fault_alloc 18885
thp_fault_fallback 18459
thp_collapse_alloc 9757
thp_collapse_alloc_failed 0
thp_split 17439
thp_zero_page_alloc 1
thp_zero_page_alloc_failed 0
thp_promote 17435
thp_fault_alloc 18922
thp_fault_fallback 18459
thp_collapse_alloc 9757
thp_collapse_alloc_failed 0
thp_split 17439
thp_zero_page_alloc 1
thp_zero_page_alloc_failed 0
thp_promote 17435
thp_fault_alloc 18958
thp_fault_fallback 18459
thp_collapse_alloc 9757
thp_collapse_alloc_failed 0
thp_split 17439
thp_zero_page_alloc 1
thp_zero_page_alloc_failed 0
thp_promote 17435
thp_fault_alloc 18995
thp_fault_fallback 18459
thp_collapse_alloc 9757
thp_collapse_alloc_failed 0
thp_split 17439
thp_zero_page_alloc 1
thp_zero_page_alloc_failed 0
thp_promote 17435
thp_fault_alloc 19029
thp_fault_fallback 18459
thp_collapse_alloc 9757
thp_collapse_alloc_failed 0
thp_split 17439
thp_zero_page_alloc 1
thp_zero_page_alloc_failed 0
thp_promote 17435
thp_fault_alloc 19066
thp_fault_fallback 18459
thp_collapse_alloc 9757
thp_collapse_alloc_failed 0
thp_split 17439
thp_zero_page_alloc 1
thp_zero_page_alloc_failed 0
thp_promote 17435
thp_fault_alloc 19103
thp_fault_fallback 18459
thp_collapse_alloc 9757
thp_collapse_alloc_failed 0
thp_split 17439
thp_zero_page_alloc 1
thp_zero_page_alloc_failed 0
thp_promote 17435
thp_fault_alloc 19141
thp_fault_fallback 18459
thp_collapse_alloc 9757
thp_collapse_alloc_failed 0
thp_split 17439
thp_zero_page_alloc 1
thp_zero_page_alloc_failed 0
thp_promote 17435
thp_fault_alloc 19180
thp_fault_fallback 18459
thp_collapse_alloc 9757
thp_collapse_alloc_failed 0
thp_split 17439
thp_zero_page_alloc 1
thp_zero_page_alloc_failed 0
thp_promote 17435
thp_fault_alloc 19217
thp_fault_fallback 18459
thp_collapse_alloc 9757
thp_collapse_alloc_failed 0
thp_split 17439
thp_zero_page_alloc 1
thp_zero_page_alloc_failed 0
thp_promote 17435
thp_fault_alloc 19255
thp_fault_fallback 18459
thp_collapse_alloc 9757
thp_collapse_alloc_failed 0
thp_split 17439
thp_zero_page_alloc 1
thp_zero_page_alloc_failed 0
thp_promote 17435
thp_fault_alloc 19290
thp_fault_fallback 18459
thp_collapse_alloc 9757
thp_collapse_alloc_failed 0
thp_split 17439
thp_zero_page_alloc 1
thp_zero_page_alloc_failed 0
thp_promote 17435
thp_fault_alloc 19325
thp_fault_fallback 18459
thp_collapse_alloc 9757
thp_collapse_alloc_failed 0
thp_split 17439
thp_zero_page_alloc 1
thp_zero_page_alloc_failed 0
thp_promote 17435
thp_fault_alloc 19362
thp_fault_fallback 18459
thp_collapse_alloc 9757
thp_collapse_alloc_failed 0
thp_split 17439
thp_zero_page_alloc 1
thp_zero_page_alloc_failed 0
thp_promote 17435
thp_fault_alloc 19398
thp_fault_fallback 18459
thp_collapse_alloc 9757
thp_collapse_alloc_failed 0
thp_split 17439
thp_zero_page_alloc 1
thp_zero_page_alloc_failed 0
thp_promote 17435
thp_fault_alloc 19436
thp_fault_fallback 18459
thp_collapse_alloc 9757
thp_collapse_alloc_failed 0
thp_split 17439
thp_zero_page_alloc 1
thp_zero_page_alloc_failed 0
thp_promote 17435
thp_fault_alloc 19473
thp_fault_fallback 18459
thp_collapse_alloc 9757
thp_collapse_alloc_failed 0
thp_split 17439
thp_zero_page_alloc 1
thp_zero_page_alloc_failed 0
thp_promote 17435
thp_fault_alloc 19508
thp_fault_fallback 18459
thp_collapse_alloc 9757
thp_collapse_alloc_failed 0
thp_split 17439
thp_zero_page_alloc 1
thp_zero_page_alloc_failed 0
thp_promote 17435
thp_fault_alloc 19544
thp_fault_fallback 18459
thp_collapse_alloc 9757
thp_collapse_alloc_failed 0
thp_split 17439
thp_zero_page_alloc 1
thp_zero_page_alloc_failed 0
thp_promote 17435
thp_fault_alloc 19579
thp_fault_fallback 18459
thp_collapse_alloc 9757
thp_collapse_alloc_failed 0
thp_split 17439
thp_zero_page_alloc 1
thp_zero_page_alloc_failed 0
thp_promote 17435
thp_fault_alloc 19615
thp_fault_fallback 18459
thp_collapse_alloc 9757
thp_collapse_alloc_failed 0
thp_split 17439
thp_zero_page_alloc 1
thp_zero_page_alloc_failed 0
thp_promote 17435
thp_fault_alloc 19652
thp_fault_fallback 18459
thp_collapse_alloc 9757
thp_collapse_alloc_failed 0
thp_split 17439
thp_zero_page_alloc 1
thp_zero_page_alloc_failed 0
thp_promote 17435
thp_fault_alloc 19689
thp_fault_fallback 18459
thp_collapse_alloc 9757
thp_collapse_alloc_failed 0
thp_split 17439
thp_zero_page_alloc 1
thp_zero_page_alloc_failed 0
thp_promote 17435
thp_fault_alloc 19729
thp_fault_fallback 18459
thp_collapse_alloc 9757
thp_collapse_alloc_failed 0
thp_split 17439
thp_zero_page_alloc 1
thp_zero_page_alloc_failed 0
thp_promote 17435
thp_fault_alloc 19767
thp_fault_fallback 18459
thp_collapse_alloc 9757
thp_collapse_alloc_failed 0
thp_split 17439
thp_zero_page_alloc 1
thp_zero_page_alloc_failed 0
thp_promote 17435
thp_fault_alloc 19803
thp_fault_fallback 18459
thp_collapse_alloc 9757
thp_collapse_alloc_failed 0
thp_split 17439
thp_zero_page_alloc 1
thp_zero_page_alloc_failed 0
thp_promote 17435
thp_fault_alloc 19839
thp_fault_fallback 18459
thp_collapse_alloc 9757
thp_collapse_alloc_failed 0
thp_split 17439
thp_zero_page_alloc 1
thp_zero_page_alloc_failed 0
thp_promote 17435
thp_fault_alloc 19891
thp_fault_fallback 18459
thp_collapse_alloc 9757
thp_collapse_alloc_failed 0
thp_split 17439
thp_zero_page_alloc 1
thp_zero_page_alloc_failed 0
thp_promote 17435
thp_fault_alloc 19946
thp_fault_fallback 18459
thp_collapse_alloc 9757
thp_collapse_alloc_failed 0
thp_split 17439
thp_zero_page_alloc 1
thp_zero_page_alloc_failed 0
thp_promote 17435
thp_fault_alloc 20011
thp_fault_fallback 18459
thp_collapse_alloc 9757
thp_collapse_alloc_failed 0
thp_split 17439
thp_zero_page_alloc 1
thp_zero_page_alloc_failed 0
thp_promote 17435
thp_fault_alloc 20106
thp_fault_fallback 18459
thp_collapse_alloc 9757
thp_collapse_alloc_failed 0
thp_split 17439
thp_zero_page_alloc 1
thp_zero_page_alloc_failed 0
thp_promote 17435
thp_fault_alloc 20140
thp_fault_fallback 18459
thp_collapse_alloc 9757
thp_collapse_alloc_failed 0
thp_split 17439
thp_zero_page_alloc 1
thp_zero_page_alloc_failed 0
thp_promote 17435
thp_fault_alloc 20177
thp_fault_fallback 18459
thp_collapse_alloc 9757
thp_collapse_alloc_failed 0
thp_split 17439
thp_zero_page_alloc 1
thp_zero_page_alloc_failed 0
thp_promote 17435
thp_fault_alloc 20329
thp_fault_fallback 18459
thp_collapse_alloc 9757
thp_collapse_alloc_failed 0
thp_split 17439
thp_zero_page_alloc 1
thp_zero_page_alloc_failed 0
thp_promote 17435
thp_fault_alloc 20363
thp_fault_fallback 18459
thp_collapse_alloc 9757
thp_collapse_alloc_failed 0
thp_split 17439
thp_zero_page_alloc 1
thp_zero_page_alloc_failed 0
thp_promote 17435
thp_fault_alloc 20399
thp_fault_fallback 18459
thp_collapse_alloc 9757
thp_collapse_alloc_failed 0
thp_split 17439
thp_zero_page_alloc 1
thp_zero_page_alloc_failed 0
thp_promote 17435
thp_fault_alloc 20438
thp_fault_fallback 18459
thp_collapse_alloc 9757
thp_collapse_alloc_failed 0
thp_split 17439
thp_zero_page_alloc 1
thp_zero_page_alloc_failed 0
thp_promote 17435
thp_fault_alloc 20477
thp_fault_fallback 18459
thp_collapse_alloc 9757
thp_collapse_alloc_failed 0
thp_split 17439
thp_zero_page_alloc 1
thp_zero_page_alloc_failed 0
thp_promote 17435
thp_fault_alloc 20511
thp_fault_fallback 18459
thp_collapse_alloc 9757
thp_collapse_alloc_failed 0
thp_split 17439
thp_zero_page_alloc 1
thp_zero_page_alloc_failed 0
thp_promote 17435
thp_fault_alloc 20767
thp_fault_fallback 18459
thp_collapse_alloc 9757
thp_collapse_alloc_failed 0
thp_split 17439
thp_zero_page_alloc 1
thp_zero_page_alloc_failed 0
thp_promote 17435
thp_fault_alloc 20813
thp_fault_fallback 18459
thp_collapse_alloc 9757
thp_collapse_alloc_failed 0
thp_split 17439
thp_zero_page_alloc 1
thp_zero_page_alloc_failed 0
thp_promote 17435
thp_fault_alloc 20850
thp_fault_fallback 18459
thp_collapse_alloc 9757
thp_collapse_alloc_failed 0
thp_split 17439
thp_zero_page_alloc 1
thp_zero_page_alloc_failed 0
thp_promote 17435
thp_fault_alloc 20888
thp_fault_fallback 18459
thp_collapse_alloc 9757
thp_collapse_alloc_failed 0
thp_split 17439
thp_zero_page_alloc 1
thp_zero_page_alloc_failed 0
thp_promote 17435
thp_fault_alloc 20924
thp_fault_fallback 18459
thp_collapse_alloc 9757
thp_collapse_alloc_failed 0
thp_split 17439
thp_zero_page_alloc 1
thp_zero_page_alloc_failed 0
thp_promote 17435
thp_fault_alloc 20959
thp_fault_fallback 18471
thp_collapse_alloc 9757
thp_collapse_alloc_failed 0
thp_split 17451
thp_zero_page_alloc 1
thp_zero_page_alloc_failed 0
thp_promote 17435
thp_fault_alloc 20995
thp_fault_fallback 18472
thp_collapse_alloc 9757
thp_collapse_alloc_failed 0
thp_split 17452
thp_zero_page_alloc 1
thp_zero_page_alloc_failed 0
thp_promote 17435
thp_fault_alloc 21033
thp_fault_fallback 18472
thp_collapse_alloc 9757
thp_collapse_alloc_failed 0
thp_split 17452
thp_zero_page_alloc 1
thp_zero_page_alloc_failed 0
thp_promote 17435
thp_fault_alloc 21072
thp_fault_fallback 18472
thp_collapse_alloc 9757
thp_collapse_alloc_failed 0
thp_split 17452
thp_zero_page_alloc 1
thp_zero_page_alloc_failed 0
thp_promote 17435
thp_fault_alloc 21110
thp_fault_fallback 18476
thp_collapse_alloc 9757
thp_collapse_alloc_failed 0
thp_split 17456
thp_zero_page_alloc 1
thp_zero_page_alloc_failed 0
thp_promote 17435
thp_fault_alloc 21148
thp_fault_fallback 18476
thp_collapse_alloc 9757
thp_collapse_alloc_failed 0
thp_split 17456
thp_zero_page_alloc 1
thp_zero_page_alloc_failed 0
thp_promote 17435
thp_fault_alloc 21185
thp_fault_fallback 18476
thp_collapse_alloc 9757
thp_collapse_alloc_failed 0
thp_split 17456
thp_zero_page_alloc 1
thp_zero_page_alloc_failed 0
thp_promote 17435
thp_fault_alloc 21224
thp_fault_fallback 18476
thp_collapse_alloc 9757
thp_collapse_alloc_failed 0
thp_split 17456
thp_zero_page_alloc 1
thp_zero_page_alloc_failed 0
thp_promote 17435
thp_fault_alloc 21267
thp_fault_fallback 18476
thp_collapse_alloc 9757
thp_collapse_alloc_failed 0
thp_split 17456
thp_zero_page_alloc 1
thp_zero_page_alloc_failed 0
thp_promote 17435
thp_fault_alloc 21755
thp_fault_fallback 18476
thp_collapse_alloc 9757
thp_collapse_alloc_failed 0
thp_split 17456
thp_zero_page_alloc 1
thp_zero_page_alloc_failed 0
thp_promote 17435
thp_fault_alloc 21789
thp_fault_fallback 18479
thp_collapse_alloc 9757
thp_collapse_alloc_failed 0
thp_split 17460
thp_zero_page_alloc 1
thp_zero_page_alloc_failed 0
thp_promote 17435
thp_fault_alloc 21827
thp_fault_fallback 18479
thp_collapse_alloc 9757
thp_collapse_alloc_failed 0
thp_split 17460
thp_zero_page_alloc 1
thp_zero_page_alloc_failed 0
thp_promote 17435
thp_fault_alloc 21865
thp_fault_fallback 18479
thp_collapse_alloc 9757
thp_collapse_alloc_failed 0
thp_split 17460
thp_zero_page_alloc 1
thp_zero_page_alloc_failed 0
thp_promote 17435
thp_fault_alloc 21903
thp_fault_fallback 18479
thp_collapse_alloc 9757
thp_collapse_alloc_failed 0
thp_split 17460
thp_zero_page_alloc 1
thp_zero_page_alloc_failed 0
thp_promote 17435
thp_fault_alloc 21941
thp_fault_fallback 18479
thp_collapse_alloc 9757
thp_collapse_alloc_failed 0
thp_split 17460
thp_zero_page_alloc 1
thp_zero_page_alloc_failed 0
thp_promote 17435
thp_fault_alloc 21978
thp_fault_fallback 18479
thp_collapse_alloc 9757
thp_collapse_alloc_failed 0
thp_split 17460
thp_zero_page_alloc 1
thp_zero_page_alloc_failed 0
thp_promote 17435
thp_fault_alloc 22011
thp_fault_fallback 18479
thp_collapse_alloc 9757
thp_collapse_alloc_failed 0
thp_split 17460
thp_zero_page_alloc 1
thp_zero_page_alloc_failed 0
thp_promote 17435
thp_fault_alloc 22048
thp_fault_fallback 18479
thp_collapse_alloc 9757
thp_collapse_alloc_failed 0
thp_split 17460
thp_zero_page_alloc 1
thp_zero_page_alloc_failed 0
thp_promote 17435
thp_fault_alloc 22088
thp_fault_fallback 18479
thp_collapse_alloc 9757
thp_collapse_alloc_failed 0
thp_split 17460
thp_zero_page_alloc 1
thp_zero_page_alloc_failed 0
thp_promote 17435
thp_fault_alloc 22123
thp_fault_fallback 18479
thp_collapse_alloc 9757
thp_collapse_alloc_failed 0
thp_split 17460
thp_zero_page_alloc 1
thp_zero_page_alloc_failed 0
thp_promote 17435
thp_fault_alloc 22163
thp_fault_fallback 18479
thp_collapse_alloc 9757
thp_collapse_alloc_failed 0
thp_split 17460
thp_zero_page_alloc 1
thp_zero_page_alloc_failed 0
thp_promote 17435
thp_fault_alloc 22199
thp_fault_fallback 18479
thp_collapse_alloc 9757
thp_collapse_alloc_failed 0
thp_split 17460
thp_zero_page_alloc 1
thp_zero_page_alloc_failed 0
thp_promote 17435
