9436 4096
83164 63488
152804 149504
269540 233472
316644 280576
404708 368640
535780 434176
584932 483328
637892 536576
726116 624640
812164 710656
1004220 786432
1060068 1058816
1105124 1101824
1152228 1148928
1166564 1163264
1252580 1249280
1340644 1337344
1426660 1423360
1510628 1507328
1594596 1591296
1676516 1673216
1849416 1748992
2055228 1789952
2096356 1830912
2139364 1873920
2180324 1914880
2225380 1959936
2270436 2004992
2204900 1941504
2288868 2023424
2370788 2105344
2442468 2439168
2514148 2510848
2589924 2586624
2667748 2664448
2745572 2742272
2821348 2820096
2899172 2895872
2974948 2971648
3046628 3043328
3112164 3108864
3183844 3180544
3257572 3256320
3331300 3328000
3405028 3401728
3476708 3473408
3965392 3510272
4071000 3547136
4111428 3584000
4146400 3620864
4183268 3655680
4216036 4212736
4250852 4247552
4287716 4284416
4314340 323584
4320484 262144
4326628 266240
4336868 270336
4355300 278528
4381924 292864
4412644 305152
4426980 2426880
4455652 2439168
4486372 2453504
4279524 2285568
4345060 2349056
4410532 2412544
4473376 2459648
4539172 2502656
4602916 2566144
4666500 2631680
4730084 2783232
4795620 2848768
4859108 2912256
4922596 2975744
4984036 3039232
5043428 3098624
5102820 3155968
5162212 3215360
5248228 3301376
5311716 3364864
5371108 5367808
5428452 5425152
5493988 5490688
5559524 5556224
5623012 5619712
5686500 5683200
5749988 5746688
5813476 5810176
5876964 5873664
5938404 5935104
5999844 5996544
6061284 6057984
6122724 6119424
6184164 6180864
6245604 6242304
6304996 6301696
6358244 6356992
6411492 6408192
6470884 6467584
6528228 6524928
6583524 6580224
6642916 6639616
6698212 6694912
6755556 6752256
6812900 6809600
6868196 6864896
6925540 6922240
7178560 6967296
7716776 6989824
7959548 7016448
8086668 8042496
8114692 8069120
8141828 8095744
8170644 8124416
8199384 8153088
8228060 8181760
8256740 8210432
8285412 8239104
8314084 8267776
8340708 8294400
8367332 8343552
8393956 8370176
8420580 8396800
8447204 8423424
8475876 8452096
8502500 8478720
8529124 8507392
8557796 8534016
8584420 8560640
8613092 8589312
8639716 8615936
8668388 8644608
8695012 8671232
8221924 8198144
8275172 8251392
8326372 8302592
8377572 8353792
8428772 8404992
8479972 8456192
8531172 7639040
8539364 10240
8553700 24576
8572132 43008
8592612 61440
8615140 83968
8637668 108544
8662244 133120
8688868 159744
8717540 186368
8738020 995328
8768740 1024000
8799460 1056768
8832228 1089536
8867044 1122304
8901860 1157120
8936676 1193984
8973540 1230848
9010404 1267712
9047268 1544192
9086180 1585152
9127140 1624064
9168100 1665024
9209060 1705984
9250020 1748992
9293028 1789952
9333988 1832960
9376996 1873920
9417956 1916928
9460964 2004992
9503972 2048000
9544932 2088960
9587940 2129920
9659620 2201600
9702628 2246656
9745636 2289664
9790692 2332672
9831652 4501504
9866468 4534272
9899236 4567040
9925860 4595712
9966820 4636672
10009828 4677632
10050788 4720640
10091748 4761600
10134756 4802560
10175716 4843520
10216676 4884480
10253540 6295552
10292452 6332416
10329316 6371328
10374372 6416384
10413284 6453248
10454244 6494208
10495204 6535168
10536164 6576128
10577124 6617088
10616036 6658048
10652900 10651648
10689764 10686464
10730724 10727424
10771684 10768384
10812644 10809344
10853604 10850304
10892516 10889216
10933476 10930176
10972388 10969088
11011300 11008000
11050212 11046912
11089124 11085824
11128036 11124736
11166948 11163648
11203812 11200512
11242724 11239424
11279588 11276288
11318500 11315200
11355364 11352064
11394276 11390976
11431140 11427840
11468004 11464704
11504868 11501568
11541732 11538432
11578596 11575296
11615460 11612160
11652324 11649024
11689188 11685888
11726052 11722752
11760868 11757568
11797732 11794432
11832548 11829248
11867364 11864064
11902180 11900928
11939044 11935744
11973860 11970560
12008676 12005376
12043492 12040192
12076260 12072960
12111076 12107776
12145892 12142592
12178660 12175360
12211428 12208128
12244196 12240896
12279012 12275712
12311780 12308480
12344548 12341248
12375268 12374016
12408036 12404736
12440804 12437504
12473572 12470272
12506340 12503040
12537060 12533760
12569828 12566528
12594404 3102720
12602596 8192
12610788 16384
12618980 24576
12629220 34816
12639460 45056
12649700 57344
12661988 69632
12676324 81920
12688612 96256
12704996 110592
12719332 126976
12735716 143360
12752100 495616
12768484 514048
12788964 532480
12807396 552960
12827876 573440
12850404 593920
12872932 616448
12895460 641024
12920036 663552
12938468 1392640
12960996 1413120
12983524 1435648
13006052 1458176
13028580 1480704
13051108 1503232
13077732 1531904
13104356 1558528
13130980 1585152
13155556 1851392
13194468 1890304
13221092 1916928
13247716 1943552
13276388 1970176
13303012 1996800
13329636 2023424
13356260 2050048
13382884 2076672
13405412 6176768
13425892 6197248
13452516 6221824
13477092 6248448
13503716 6275072
13530340 6299648
13556964 6326272
13581540 6350848
13608164 6377472
13632740 6402048
13659364 6428672
13681892 7780352
13706468 7802880
13731044 7827456
13755620 7852032
13780196 7876608
13804772 7903232
13831396 7927808
13855972 7952384
13880548 7976960
13905124 8001536
13923556 8136704
13941988 8153088
13966564 8177664
13989092 8200192
14011620 8224768
14036196 8247296
14058724 8269824
14081252 8292352
14103780 8314880
14128356 8345600
14150884 8368128
14173412 8392704
14197988 8415232
14222564 8439808
14245092 8464384
14267620 8484864
14664068 8493056
15054060 8501248
15435796 8511488
18183912 12312576
18436456 18395136
18453388 18405376
18469824 18415616
18486264 18427904
18503428 18438144
18519616 18448384
18535776 18460672
18549536 18470912
18565704 18483200
18581156 18495488
18607740 18581504
18618596 18591744
18631452 18604032
18631500 18604032
18631500 18604032
18631500 18604032
18631500 18604032
18631500 18604032
18631500 18604032
18636004 18632704
18636004 18632704
18636004 18632704
18636004 18632704
18636004 18632704
18636004 18632704
18636004 18632704
18636004 18632704
18636004 18632704
18636004 18632704
18636004 18632704
18636004 18632704
18636004 18632704
18636004 18632704
18636004 18632704
18636004 18632704
18636004 18632704
18636004 18632704
18636004 18632704
18636004 18632704
18636004 18632704
18636004 18632704
18636004 18632704
18636004 18632704
18636004 18632704
18636004 18632704
18636004 18632704
18636004 18632704
18636004 18632704
18636004 18632704
18636004 18632704
18636004 18632704
18636004 18632704
18636004 18632704
18636004 18632704
18636004 18632704
18636004 18622464
18636004 18608128
18636004 18608128
18636004 18608128
18636004 18608128
18636004 18608128
18636004 18608128
18636004 18608128
18636004 18608128
18636004 18608128
18636004 18608128
18636004 18608128
18636004 18608128
18636004 18608128
18636004 18608128
18636004 18608128
18636004 18608128
18636004 18608128
18636004 18599936
18636004 18599936
18636004 18599936
18636004 18599936
18636004 18599936
18636004 18597888
18636004 18597888
18636004 18597888
18636004 18597888
18636004 18593792
18636004 18593792
18636004 18593792
18636004 18593792
18636004 18593792
18636004 18593792
18636004 18593792
18636004 18593792
18636004 18593792
18636004 18593792
18636004 18593792
18636004 18593792
18636004 18593792
18636004 18593792
18636004 18593792
18636004 18593792
18636004 18593792
18636004 18593792
18636004 18593792
