13536 8192
95460 90112
175332 169984
283876 278528
349412 344064
441572 436224
560356 555008
597220 591872
691428 686080
781540 776192
863464 860160
1045736 1042432
1092840 1089536
1144040 1140736
1154280 1150976
1244392 1241088
1332456 1329152
1418472 1415168
1502440 1499136
1584360 1581056
1666280 1662976
1746152 1742848
2053352 2050048
2098408 2095104
2141416 2138112
2186472 2183168
2231528 2228224
2276584 2273280
2213096 2209792
2284776 2283520
2360552 2357248
2440424 2437120
2520296 2516992
2600168 2596864
2677992 2676736
2757864 2754560
2835688 2832384
2913512 2910208
2989288 2985984
3065064 3061760
3136744 3135488
3210472 3207168
3284200 3280896
3355880 3352576
3427560 3424256
4015336 4012032
4054248 4050944
4093160 4089856
4132072 4128768
4170984 4167680
4207848 4204544
4246760 4243456
4285672 4282368
4322536 4319232
4361448 4358144
4381928 4378624
4402408 4399104
4441320 4438016
4480232 4476928
4275432 4272128
4345064 4341760
4412648 4409344
4482280 4478976
4549864 4546560
4617448 4614144
4682984 4681728
4750568 4747264
4816104 4812800
4881640 4878336
4947176 4943872
5010664 5007360
5076200 5072896
5139688 5136384
5205224 5203968
5272808 5269504
5334248 5330944
5405928 5402624
5465320 5462016
5524712 5521408
5590248 5586944
5655784 5652480
5721320 5718016
5784808 5781504
5850344 5847040
5913832 5910528
5977320 5974016
6040808 6037504
6102248 6098944
6163688 6160384
6227176 6223872
6286568 6285312
6348008 6344704
6409448 6406144
6468840 6465536
6528232 6524928
6587624 6584320
6647016 6643712
6706408 6703104
6763752 6760448
6823144 6819840
6880488 6877184
6937832 6934528
8025320 8022016
8051944 8048640
8080616 8077312
8107240 8103936
8135912 8132608
8164584 8161280
8193256 8189952
8221928 8220672
8250600 8247296
8279272 8275968
8307944 8304640
8336616 8333312
8365288 8361984
8393960 8392704
8424680 8421376
8453352 8450048
8482024 8478720
8510696 8507392
8539368 8536064
8568040 8564736
8596712 8593408
8625384 8622080
8654056 8650752
8682728 8679424
8201448 8198144
8254696 8253440
8309992 8306688
8365288 8361984
8418536 8415232
8473832 8470528
8527080 8523776
8580328 8577024
8633576 8630272
8686824 8683520
8738024 8734720
8789224 8785920
8840424 8837120
8879336 8876032
8879336 8876032
8891624 8888320
8938728 8935424
8987880 8984576
9037032 9033728
9084136 9080832
9133288 9129984
9180392 9177088
9227496 9224192
9274600 9271296
9321704 9318400
9368808 9365504
9415912 9412608
9460968 9457664
9508072 9504768
9553128 9549824
9598184 9594880
9643240 9639936
9688296 9684992
9733352 9730048
9778408 9775104
9821416 9818112
9866472 9863168
9909480 9906176
9954536 9951232
9997544 9994240
10042600 10039296
10085608 10082304
10130664 10127360
10173672 10170368
10216680 10213376
10259688 10256384
10302696 10299392
10345704 10344448
10423528 10420224
10462440 10459136
10501352 10498048
10540264 10536960
10659048 10657792
10697960 10694656
10736872 10733568
10777832 10774528
10816744 10813440
10855656 10852352
10894568 10891264
10933480 10930176
10970344 10967040
11011304 11008000
11048168 11044864
11087080 11083776
11128040 11124736
11166952 11163648
11205864 11202560
11244776 11241472
11283688 11280384
11322600 11321344
11361512 11358208
11400424 11397120
11439336 11436032
11478248 11474944
11515112 11511808
11554024 11550720
11590888 11587584
11629800 11626496
11666664 11663360
11703528 11700224
11740392 11737088
11775208 11771904
11812072 11808768
11848936 11845632
11883752 11880448
11920616 11917312
11955432 11952128
11990248 11988992
12027112 12023808
12061928 12058624
12096744 12093440
12131560 12128256
12166376 12163072
12201192 12197888
12233960 12230656
12268776 12265472
12301544 12298240
12334312 12331008
12369128 12365824
12401896 12398592
12434664 12431360
12467432 12464128
12500200 12496896
12532968 12529664
12565736 12562432
12598504 12595200
12629224 12625920
12661992 12658688
12692712 12689408
12725480 12722176
12756200 12752896
12786920 12783616
12815592 12812288
12844264 12840960
12874984 12871680
12905704 12902400
12936424 12933120
12967144 12963840
12997864 12994560
13028584 13025280
13057256 13053952
13081832 13078528
13081832 13078528
13083880 13080576
13094120 13090816
13122792 13119488
13151464 13148160
13180136 13176832
13208808 13205504
13235432 13232128
13264104 13260800
13292776 13289472
13319400 13316096
13346024 13342720
13374696 13371392
13401320 13398016
13427944 13424640
13454568 13451264
13481192 13477888
13507816 13504512
13534440 13531136
13561064 13559808
13589736 13586432
13614312 13611008
13638888 13635584
13704424 13701120
13731048 13727744
13755624 13752320
13782248 13778944
13806824 13803520
13831400 13828096
13858024 13854720
13882600 13879296
13907176 13903872
13931752 13928448
13956328 13953024
13980904 13977600
14005480 14002176
14030056 14026752
14054632 14051328
14077160 14073856
14101736 14098432
14124264 14120960
14148840 14145536
14171368 14168064
14195944 14192640
14218472 14215168
14243048 14239744
14265576 14262272
14288104 14284800
14310632 14307328
14333160 14329856
14357736 14354432
14380264 14376960
14402792 14399488
14425320 14422016
14441704 14438400
14441704 14438400
14441704 14438400
14441704 14438400
14441704 14438400
14441704 14438400
14441704 14438400
14441704 14438400
14441704 14438400
14441704 14438400
14441704 14438400
14441704 14438400
14441704 14438400
14441704 14438400
14441704 14438400
14441704 14438400
14441704 14438400
14441704 14438400
14441704 14438400
14441704 14438400
14441704 14438400
14441704 14438400
14441704 14438400
14441704 14438400
14441704 14438400
14441704 14438400
14441704 14438400
14441704 14438400
14441704 14438400
14441704 14438400
14441704 14438400
14441704 14438400
14441704 14438400
14441704 14438400
14441704 14438400
14441704 14438400
14441704 14438400
14441704 14438400
14441704 14438400
14441704 14438400
14441704 14438400
14441704 14438400
14441704 14438400
14441704 14438400
14441704 14438400
14441704 14438400
14441704 14438400
14441704 14438400
14441704 14438400
14441704 14438400
14441704 14438400
14441704 14438400
14441704 14438400
14441704 14438400
14441704 14438400
14441704 14438400
14441704 14438400
14441704 14438400
14441704 14438400
14441704 14438400
14441704 14438400
14441704 14438400
14441704 14438400
14441704 14438400
14441704 14438400
14441704 14438400
14441704 14438400
14441704 14438400
14441704 14438400
14441704 14438400
14441704 14438400
14441704 14438400
14441704 14438400
14441704 14438400
14441704 14438400
14441704 14438400
14441704 14438400
14441704 14438400
14441704 14438400
14441704 14438400
14441704 14438400
14441704 14438400
14441704 14438400
14441704 14438400
14441704 14438400
14441704 14438400
14441704 14438400
14441704 14438400
14441704 14438400
14441704 14438400
14441704 14438400
14441704 14438400
14441704 14438400
14441704 14438400
14441704 14438400
14441704 14438400
14441704 14438400
14441704 14438400
14441704 14438400
14441704 14438400
14441704 14438400
14441704 14438400
14441704 14438400
14441704 14438400
14441704 14438400
14441704 14438400
14441704 14438400
14441704 14438400
14441704 14438400
14441704 14438400
14441704 14438400
14441704 14438400
14441704 14438400
14441704 14438400
14441704 14438400
14441704 14438400
14441704 14438400
14441704 14438400
14441704 14438400
14441704 14438400
14441704 14438400
14441704 14438400
14441704 14438400
14441704 14438400
14441704 14438400
14441704 14438400
14441704 14438400
14441704 14438400
14441704 14438400
14441704 14438400
14441704 14438400
14441704 14438400
14441704 14438400
14441704 14438400
14441704 14438400
14441704 14438400
14441704 14438400
14441704 14438400
14441704 14438400
14441704 14438400
14441704 14438400
14441704 14438400
14441704 14438400
14441704 14438400
14441704 14438400
14441704 14438400
14441704 14438400
14441704 14438400
14441704 14438400
14441704 14438400
14441704 14438400
14441704 14438400
14441704 14438400
14441704 14438400
14441704 14438400
14441704 14438400
14441704 14438400
14441704 14438400
14441704 14438400
14441704 14438400
14441704 14438400
14441704 14438400
14441704 14438400
14441704 14438400
14441704 14438400
14441704 14438400
14441704 14438400
14441704 14438400
14441704 14438400
14441704 14438400
14441704 14438400
14441704 14438400
14441704 14438400
14441704 14438400
14441704 14438400
14441704 14438400
14441704 14438400
14441704 14438400
14441704 14438400
14441704 14438400
14441704 14438400
14441704 14438400
14441704 14438400
14441704 14438400
14441704 14438400
14441704 14438400
14441704 14438400
14441704 14438400
14441704 14438400
14441704 14438400
14441704 14438400
14441704 14438400
14441704 14438400
14441704 14438400
14441704 14438400
14441704 14438400
14441704 14438400
14441704 14438400
14441704 14438400
14441704 14438400
14441704 14438400
14441704 14438400
14441704 14438400
14441704 14438400
14441704 14438400
14441704 14438400
14441704 14438400
14441704 14438400
14441704 14438400
14441704 14438400
14441704 14438400
14441704 14438400
14441704 14438400
14441704 14438400
14441704 14438400
14441704 14438400
14441704 14438400
14441704 14438400
14441704 14438400
14441704 14438400
14441704 14438400
14441704 14438400
14441704 14438400
14441704 14438400
14441704 14438400
14441704 14438400
14441704 14438400
14441704 14438400
14441704 14438400
14441704 14438400
14441704 14438400
14441704 14438400
14441704 14438400
14441704 14438400
14441704 14438400
14441704 14438400
14441704 14438400
14441704 14438400
14441704 14438400
14441704 14438400
14441704 14438400
14441704 14438400
14441704 14438400
14441704 14438400
14441704 14438400
14441704 14438400
14441704 14438400
14441704 14438400
14441704 14438400
14441704 14438400
14441704 14438400
14441704 14438400
14441704 14438400
14441704 14438400
14441704 14438400
14441704 14438400
14441704 14438400
14441704 14438400
14441704 14438400
14441704 14438400
14441704 14438400
14441704 14438400
14441704 14438400
14441704 14438400
14441704 14438400
14441704 14438400
14441704 14438400
14441704 14438400
14441704 14438400
14441704 14438400
14441704 14438400
14441704 14438400
14441704 14438400
14441704 14438400
14441704 14438400
14441704 14438400
14441704 14438400
14441704 14438400
14441704 14438400
14441704 14438400
14441704 14438400
14441704 14438400
14441704 14438400
14441704 14438400
14441704 14438400
