USER       PID %CPU %MEM    VSZ   RSS TTY      STAT START   TIME COMMAND
root         1  0.0  0.0  33484  3916 ?        Ss   Apr22   0:06 /sbin/init
root         2  0.0  0.0      0     0 ?        S    Apr22   0:00 [kthreadd]
root         3  0.0  0.0      0     0 ?        S    Apr22   0:00 [ksoftirqd/0]
root         5  0.0  0.0      0     0 ?        S<   Apr22   0:00 [kworker/0:0H]
root         7  0.0  0.0      0     0 ?        S    Apr22   1:10 [rcu_sched]
root         8  0.0  0.0      0     0 ?        S    Apr22   0:00 [rcu_bh]
root         9  0.0  0.0      0     0 ?        S    Apr22   0:46 [rcuos/0]
root        10  0.0  0.0      0     0 ?        S    Apr22   0:00 [rcuob/0]
root        11  0.0  0.0      0     0 ?        S    Apr22   0:00 [migration/0]
root        12  0.0  0.0      0     0 ?        S    Apr22   0:00 [watchdog/0]
root        13  0.0  0.0      0     0 ?        S    Apr22   0:00 [watchdog/1]
root        14  0.0  0.0      0     0 ?        S    Apr22   0:00 [migration/1]
root        15  0.0  0.0      0     0 ?        S    Apr22   0:00 [ksoftirqd/1]
root        16  0.0  0.0      0     0 ?        S    Apr22   0:02 [kworker/1:0]
root        17  0.0  0.0      0     0 ?        S<   Apr22   0:00 [kworker/1:0H]
root        18  0.0  0.0      0     0 ?        S    Apr22   0:21 [rcuos/1]
root        19  0.0  0.0      0     0 ?        S    Apr22   0:00 [rcuob/1]
root        20  0.0  0.0      0     0 ?        S    Apr22   0:00 [watchdog/2]
root        21  0.0  0.0      0     0 ?        S    Apr22   0:00 [migration/2]
root        22  0.0  0.0      0     0 ?        S    Apr22   0:00 [ksoftirqd/2]
root        24  0.0  0.0      0     0 ?        S<   Apr22   0:00 [kworker/2:0H]
root        25  0.0  0.0      0     0 ?        S    Apr22   0:21 [rcuos/2]
root        26  0.0  0.0      0     0 ?        S    Apr22   0:00 [rcuob/2]
root        27  0.0  0.0      0     0 ?        S    Apr22   0:00 [watchdog/3]
root        28  0.0  0.0      0     0 ?        S    Apr22   0:00 [migration/3]
root        29  0.0  0.0      0     0 ?        S    Apr22   0:00 [ksoftirqd/3]
root        31  0.0  0.0      0     0 ?        S<   Apr22   0:00 [kworker/3:0H]
root        32  0.0  0.0      0     0 ?        S    Apr22   0:19 [rcuos/3]
root        33  0.0  0.0      0     0 ?        S    Apr22   0:00 [rcuob/3]
root        34  0.0  0.0      0     0 ?        S    Apr22   0:00 [watchdog/4]
root        35  0.0  0.0      0     0 ?        S    Apr22   0:00 [migration/4]
root        36  0.0  0.0      0     0 ?        S    Apr22   0:00 [ksoftirqd/4]
root        38  0.0  0.0      0     0 ?        S<   Apr22   0:00 [kworker/4:0H]
root        39  0.0  0.0      0     0 ?        S    Apr22   0:42 [rcuos/4]
root        40  0.0  0.0      0     0 ?        S    Apr22   0:00 [rcuob/4]
root        41  0.0  0.0      0     0 ?        S    Apr22   0:00 [watchdog/5]
root        42  0.0  0.0      0     0 ?        S    Apr22   0:00 [migration/5]
root        43  0.0  0.0      0     0 ?        S    Apr22   0:00 [ksoftirqd/5]
root        45  0.0  0.0      0     0 ?        S<   Apr22   0:00 [kworker/5:0H]
root        46  0.0  0.0      0     0 ?        S    Apr22   0:14 [rcuos/5]
root        47  0.0  0.0      0     0 ?        S    Apr22   0:00 [rcuob/5]
root        48  0.0  0.0      0     0 ?        S    Apr22   0:00 [watchdog/6]
root        49  0.0  0.0      0     0 ?        S    Apr22   0:01 [migration/6]
root        50  0.0  0.0      0     0 ?        S    Apr22   0:00 [ksoftirqd/6]
root        51  0.0  0.0      0     0 ?        S    Apr22   0:00 [kworker/6:0]
root        52  0.0  0.0      0     0 ?        S<   Apr22   0:00 [kworker/6:0H]
root        53  0.0  0.0      0     0 ?        S    Apr22   0:17 [rcuos/6]
root        54  0.0  0.0      0     0 ?        S    Apr22   0:00 [rcuob/6]
root        55  0.0  0.0      0     0 ?        S    Apr22   0:00 [watchdog/7]
root        56  0.0  0.0      0     0 ?        S    Apr22   0:01 [migration/7]
root        57  0.0  0.0      0     0 ?        S    Apr22   0:00 [ksoftirqd/7]
root        58  0.0  0.0      0     0 ?        S    Apr22   0:00 [kworker/7:0]
root        59  0.0  0.0      0     0 ?        S<   Apr22   0:00 [kworker/7:0H]
root        60  0.0  0.0      0     0 ?        S    Apr22   0:11 [rcuos/7]
root        61  0.0  0.0      0     0 ?        S    Apr22   0:00 [rcuob/7]
root        62  0.0  0.0      0     0 ?        S    Apr22   0:00 [watchdog/8]
root        63  0.0  0.0      0     0 ?        S    Apr22   0:01 [migration/8]
root        64  0.0  0.0      0     0 ?        S    Apr22   0:00 [ksoftirqd/8]
root        65  0.0  0.0      0     0 ?        S    Apr22   0:00 [kworker/8:0]
root        66  0.0  0.0      0     0 ?        S<   Apr22   0:00 [kworker/8:0H]
root        67  0.0  0.0      0     0 ?        S    Apr22   0:33 [rcuos/8]
root        68  0.0  0.0      0     0 ?        S    Apr22   0:00 [rcuob/8]
root        69  0.0  0.0      0     0 ?        S    Apr22   0:00 [watchdog/9]
root        70  0.0  0.0      0     0 ?        S    Apr22   0:01 [migration/9]
root        71  0.0  0.0      0     0 ?        S    Apr22   0:00 [ksoftirqd/9]
root        72  0.0  0.0      0     0 ?        S    Apr22   0:00 [kworker/9:0]
root        73  0.0  0.0      0     0 ?        S<   Apr22   0:00 [kworker/9:0H]
root        74  0.0  0.0      0     0 ?        S    Apr22   0:10 [rcuos/9]
root        75  0.0  0.0      0     0 ?        S    Apr22   0:00 [rcuob/9]
root        76  0.0  0.0      0     0 ?        S    Apr22   0:00 [watchdog/10]
root        77  0.0  0.0      0     0 ?        S    Apr22   0:01 [migration/10]
root        78  0.0  0.0      0     0 ?        S    Apr22   0:00 [ksoftirqd/10]
root        79  0.0  0.0      0     0 ?        S    Apr22   0:00 [kworker/10:0]
root        80  0.0  0.0      0     0 ?        S<   Apr22   0:00 [kworker/10:0H]
root        81  0.0  0.0      0     0 ?        S    Apr22   0:11 [rcuos/10]
root        82  0.0  0.0      0     0 ?        S    Apr22   0:00 [rcuob/10]
root        83  0.0  0.0      0     0 ?        S    Apr22   0:00 [watchdog/11]
root        84  0.0  0.0      0     0 ?        S    Apr22   0:00 [migration/11]
root        85  0.0  0.0      0     0 ?        S    Apr22   0:00 [ksoftirqd/11]
root        86  0.0  0.0      0     0 ?        S    Apr22   0:00 [kworker/11:0]
root        87  0.0  0.0      0     0 ?        S<   Apr22   0:00 [kworker/11:0H]
root        88  0.0  0.0      0     0 ?        S    Apr22   0:11 [rcuos/11]
root        89  0.0  0.0      0     0 ?        S    Apr22   0:00 [rcuob/11]
root        90  0.0  0.0      0     0 ?        S<   Apr22   0:00 [khelper]
root        91  0.0  0.0      0     0 ?        S    Apr22   0:00 [kdevtmpfs]
root        92  0.0  0.0      0     0 ?        S<   Apr22   0:00 [netns]
root        93  0.0  0.0      0     0 ?        S<   Apr22   0:00 [perf]
root        94  0.0  0.0      0     0 ?        S    Apr22   0:00 [khungtaskd]
root        95  0.0  0.0      0     0 ?        S<   Apr22   0:00 [writeback]
root        96  0.0  0.0      0     0 ?        SN   Apr22   0:00 [ksmd]
root        98  0.0  0.0      0     0 ?        S<   Apr22   0:00 [crypto]
root        99  0.0  0.0      0     0 ?        S<   Apr22   0:00 [kintegrityd]
root       100  0.0  0.0      0     0 ?        S<   Apr22   0:00 [bioset]
root       101  0.0  0.0      0     0 ?        S<   Apr22   0:00 [kblockd]
root       102  0.0  0.0      0     0 ?        S<   Apr22   0:00 [ata_sff]
root       103  0.0  0.0      0     0 ?        S<   Apr22   0:00 [md]
root       104  0.0  0.0      0     0 ?        S<   Apr22   0:00 [devfreq_wq]
root       108  0.0  0.0      0     0 ?        S    Apr22   0:00 [kswapd0]
root       109  0.0  0.0      0     0 ?        S    Apr22   0:00 [fsnotify_mark]
root       110  0.0  0.0      0     0 ?        S    Apr22   0:00 [ecryptfs-kthrea]
root       122  0.0  0.0      0     0 ?        S<   Apr22   0:00 [kthrotld]
root       123  0.0  0.0      0     0 ?        S<   Apr22   0:00 [acpi_thermal_pm]
root       124  0.0  0.0      0     0 ?        S    Apr22   0:22 [kworker/11:1]
root       125  0.0  0.0      0     0 ?        S    Apr22   0:03 [kworker/4:1]
root       126  0.0  0.0      0     0 ?        S    Apr22   0:00 [scsi_eh_0]
root       127  0.0  0.0      0     0 ?        S<   Apr22   0:00 [scsi_tmf_0]
root       128  0.0  0.0      0     0 ?        S    Apr22   0:00 [scsi_eh_1]
root       129  0.0  0.0      0     0 ?        S<   Apr22   0:00 [scsi_tmf_1]
root       131  0.0  0.0      0     0 ?        S    Apr22   0:00 [scsi_eh_2]
root       132  0.0  0.0      0     0 ?        S<   Apr22   0:00 [scsi_tmf_2]
root       134  0.0  0.0      0     0 ?        S    Apr22   0:00 [scsi_eh_3]
root       135  0.0  0.0      0     0 ?        S<   Apr22   0:00 [scsi_tmf_3]
root       139  0.0  0.0      0     0 ?        S    Apr22   0:02 [kworker/6:1]
root       140  0.0  0.0      0     0 ?        S    Apr22   0:01 [kworker/10:1]
root       141  0.0  0.0      0     0 ?        S    Apr22   0:01 [kworker/9:1]
root       142  0.0  0.0      0     0 ?        S    Apr22   0:02 [kworker/3:1]
root       144  0.0  0.0      0     0 ?        S    Apr22   0:01 [kworker/7:1]
root       145  0.0  0.0      0     0 ?        S    Apr22   0:01 [kworker/8:1]
root       152  0.0  0.0      0     0 ?        S<   Apr22   0:00 [ipv6_addrconf]
root       171  0.0  0.0      0     0 ?        S<   Apr22   0:00 [deferwq]
root       172  0.0  0.0      0     0 ?        S<   Apr22   0:00 [charger_manager]
root       237  0.0  0.0      0     0 ?        S    Apr22   0:00 [scsi_eh_4]
root       238  0.0  0.0      0     0 ?        S<   Apr22   0:00 [scsi_tmf_4]
root       239  0.0  0.0      0     0 ?        S<   Apr22   0:00 [fw_event0]
root       242  0.0  0.0      0     0 ?        S<   Apr22   0:00 [kpsmoused]
root       259  0.0  0.0      0     0 ?        S<   Apr22   0:00 [kdmflush]
root       260  0.0  0.0      0     0 ?        S<   Apr22   0:00 [bioset]
root       261  0.0  0.0      0     0 ?        S<   Apr22   0:00 [kdmflush]
root       263  0.0  0.0      0     0 ?        S<   Apr22   0:00 [bioset]
root       280  0.0  0.0      0     0 ?        S    Apr22   0:01 [jbd2/dm-0-8]
root       281  0.0  0.0      0     0 ?        S<   Apr22   0:00 [ext4-rsv-conver]
root       287  0.0  0.0      0     0 ?        S<   Apr22   0:00 [poll_0_status]
root       363  0.0  0.0      0     0 ?        S<   Apr22   0:00 [kworker/8:1H]
root       461  0.0  0.0  19612  2024 ?        S    Apr22   0:00 upstart-udev-bridge --daemon
root       465  0.0  0.0  52016  3912 ?        Ss   Apr22   0:00 /lib/systemd/systemd-udevd --daemon
vikas      510 85.8 30.4 12582896 12547984 pts/4 Sl+ 14:33  29:07 ./redis-server *:6379       
vikas      517  0.2  0.0  20184  3068 pts/5    S+   14:36   0:04 /bin/bash
root       588  0.0  0.0      0     0 ?        S<   Apr22   0:00 [edac-poller]
root       668  0.0  0.0      0     0 ?        S<   Apr22   0:00 [kvm-irqfd-clean]
root       670  0.0  0.0  15264   212 ?        S    Apr22   0:00 upstart-socket-bridge --daemon
root       725  0.0  0.0      0     0 ?        S<   Apr22   0:00 [kworker/0:1H]
root       743  0.0  0.0      0     0 ?        S<   Apr22   0:00 [kworker/11:1H]
root       758  0.0  0.0      0     0 ?        S<   Apr22   0:00 [ext4-rsv-conver]
root       827  0.0  0.0  15280   224 ?        S    Apr22   0:00 upstart-file-bridge --daemon
syslog     829  0.0  0.0 255844  3504 ?        Ssl  Apr22   0:00 rsyslogd
message+   834  0.0  0.0  39228  2416 ?        Ss   Apr22   0:00 dbus-daemon --system --fork
root       845  0.0  0.0  43452  3244 ?        Ss   Apr22   0:00 /lib/systemd/systemd-logind
root       859  0.0  0.0      0     0 ?        S<   Apr22   0:00 [kworker/2:1H]
root       924  0.0  0.0      0     0 ?        S<   Apr22   0:00 [kworker/9:1H]
vikas      985  3.5  0.0  20916  3728 pts/8    S+   14:36   1:05 /bin/bash
root      1006  0.0  0.0  10232  4336 ?        Ss   Apr22   0:00 dhclient -1 -v -pf /run/dhclient.eth0.pid -lf /var/lib/dhcp/dhclient.eth0.leases eth0
root      1093  0.0  0.0  63672  3952 pts/9    S+   14:36   0:00 sudo sh -c cat /sys/kernel/debug/tracing/trace_pipe
vikas     1094  0.0  0.0   5924  1660 pts/9    S+   14:36   0:00 tee /home/vikas/results/trace.out
root      1096  0.0  0.0   4448   796 pts/9    S+   14:36   0:00 sh -c cat /sys/kernel/debug/tracing/trace_pipe
root      1097  0.0  0.0   5940   656 pts/9    S+   14:36   0:00 cat /sys/kernel/debug/tracing/trace_pipe
root      1182  0.0  0.0  14540  2056 tty4     Ss+  Apr22   0:00 /sbin/getty -8 38400 tty4
root      1185  0.0  0.0  14540  2052 tty5     Ss+  Apr22   0:00 /sbin/getty -8 38400 tty5
root      1190  0.0  0.0  14540  2080 tty2     Ss+  Apr22   0:00 /sbin/getty -8 38400 tty2
root      1191  0.0  0.0  14540  2012 tty3     Ss+  Apr22   0:00 /sbin/getty -8 38400 tty3
root      1193  0.0  0.0  14540  2004 tty6     Ss+  Apr22   0:00 /sbin/getty -8 38400 tty6
root      1208  0.0  0.0  61384  5412 ?        Ss   Apr22   0:00 /usr/sbin/sshd -D
root      1239  0.0  0.0  19196  2140 ?        Ss   Apr22   0:09 /usr/sbin/irqbalance
daemon    1243  0.0  0.0  19140   164 ?        Ss   Apr22   0:00 atd
root      1244  0.0  0.0  23656  2392 ?        Ss   Apr22   0:00 cron
root      1262  0.0  0.0   4372  1620 ?        Ss   Apr22   0:00 acpid -c /etc/acpi/events -s /var/run/acpid.socket
root      1494  0.2  0.0  64252 25296 ?        Ss   Apr22   5:24 /usr/bin/perl -w /usr/bin/collectl -D
root      1513  0.0  0.0  41612  2084 ?        Ssl  Apr22   1:58 /usr/sbin/cpufreqd -f /etc/cpufreqd.conf
root      1551  0.0  0.0      0     0 ?        S<   Apr22   0:00 [iprt]
root      1618  0.0  0.0  14540  2064 tty1     Ss+  Apr22   0:00 /sbin/getty -8 38400 tty1
root      1632  0.0  0.0      0     0 ?        S<   Apr22   0:00 [kworker/5:1H]
root      1641  0.0  0.0      0     0 ?        S    Apr22   0:00 [kauditd]
root      1727  0.0  0.0      0     0 ?        S<   Apr22   0:00 [kworker/1:1H]
root      1882  0.0  0.0      0     0 ?        S<   Apr22   0:00 [kworker/4:1H]
root      3174  0.0  0.0      0     0 ?        S    Apr23   0:00 [kworker/4:2]
vikas     4278  0.0  0.0   5920   748 pts/5    S+   15:07   0:00 sleep 1
vikas     4324  0.0  0.0  17168  2416 pts/6    R+   15:07   0:00 ps aux
root      5466  0.0  0.0      0     0 ?        S    14:46   0:00 [kworker/u48:0]
root      5643  0.0  0.0      0     0 ?        S    Apr23   0:00 [kworker/5:2]
root      7014  0.0  0.0      0     0 ?        S    15:03   0:00 [kworker/u48:1]
root     11072  0.0  0.0      0     0 ?        S    Apr23   0:01 [kworker/3:2]
root     11391  0.0  0.0      0     0 ?        S    Apr23   0:02 [kworker/1:2]
root     11779  0.0  0.0      0     0 ?        S    Apr23   0:00 [kworker/2:2]
root     12509  0.0  0.0      0     0 ?        S<   Apr23   0:00 [kworker/7:1H]
root     24820  0.0  0.0      0     0 ?        S<   Apr22   0:00 [kworker/3:1H]
root     29520  0.0  0.0      0     0 ?        S<   Apr23   0:00 [kworker/10:1H]
root     29523  0.0  0.0      0     0 ?        S<   Apr23   0:00 [kworker/6:1H]
root     29608  0.0  0.0      0     0 ?        S    Apr23   0:01 [kworker/0:1]
root     30301  0.0  0.0 105652  6548 ?        Ss   13:01   0:00 sshd: vikas [priv]  
vikas    30420  0.0  0.0 105652  3880 ?        S    13:01   0:00 sshd: vikas@pts/0   
vikas    30421  0.0  0.0  22820  6820 pts/0    Ss   13:01   0:00 -bash
vikas    30603  0.0  0.0  49456  8820 pts/0    S+   13:02   0:00 vim /home/vikas/.tmuxinator/redisprof.yml
root     30607  0.0  0.0      0     0 ?        S    13:13   0:00 [kworker/u48:2]
root     30624  0.0  0.0      0     0 ?        S    13:46   0:00 [kworker/5:3]
root     30625  0.0  0.0      0     0 ?        S    13:46   0:00 [kworker/0:2]
root     30671  0.0  0.0      0     0 ?        S    14:32   0:00 [kworker/2:0]
vikas    31077  0.0  0.0  24840  3568 ?        Ss   14:33   0:00 tmux -2 -f /usr/share/byobu/profiles/tmuxrc new-session -d -s redisbench -n redis
vikas    31079  0.0  0.0  19920  3880 pts/4    Ss   14:33   0:00 /bin/bash
vikas    31142  0.0  0.0  19912  3788 pts/3    Ss+  14:33   0:00 /bin/bash
vikas    31173  0.0  0.0  19912  3844 pts/5    Ss   14:33   0:00 /bin/bash
vikas    31497  0.0  0.0  19928  3924 pts/6    Ss   14:33   0:00 /bin/bash
vikas    32038  0.0  0.0  19920  3808 pts/7    Ss+  14:33   0:00 /bin/bash
vikas    32379  0.0  0.0  19912  3900 pts/8    Ss   14:33   0:00 /bin/bash
vikas    32551  0.0  0.0  19912  3840 pts/9    Ss   14:33   0:00 /bin/bash
