11114320 0
11185800 0
11258936 0
11328636 0
11398744 0
11471988 0
11542116 0
11615464 0
11685416 0
11758812 0
11828840 0
11902192 0
11913824 0
11913824 0
11913824 0
11913824 0
11913824 0
11913824 0
11913824 0
11913824 0
11913824 0
11913824 0
11916092 0
11398144 0
11404892 0
11411484 0
11417980 0
11424320 0
11430612 0
11436868 0
11443052 0
11449256 0
11455372 0
11461472 0
11467536 0
11473544 0
11479536 0
11485456 0
11491328 0
11497224 0
11503076 0
11508900 0
11514664 0
11520412 0
11526112 0
11531772 0
11537408 0
11542968 0
11548552 0
11554056 0
11559568 0
11565048 0
11570432 0
11575840 0
11581208 0
11586536 0
11591868 0
11597144 0
11602456 0
11607612 0
11612832 0
11618000 0
11623220 0
11628316 0
11633448 0
11638524 0
11643636 0
11648612 0
11653588 0
11658540 0
11663476 0
11668404 0
11673344 0
11678224 0
11683100 0
11687884 0
11692712 0
11697464 0
11702276 0
11706924 0
11711556 0
11716132 0
11720692 0
11725236 0
11729828 0
11734340 0
11738796 0
11743220 0
11747616 0
11752044 0
11756408 0
11760756 0
11765108 0
11769404 0
11773676 0
11777872 0
11782080 0
11786260 0
11790396 0
11794544 0
11798652 0
11802744 0
11806808 0
11810892 0
11814916 0
11818948 0
11822912 0
11826876 0
11830804 0
11834760 0
11838660 0
11842584 0
11846440 0
11850232 0
11853392 0
11856520 0
11859664 0
11862752 0
11865872 0
11868944 0
11872004 0
11875064 0
11878124 0
11881136 0
11884144 0
11887128 0
11890216 0
11893804 0
11897336 0
11900868 0
11904396 0
11907904 0
11911364 0
11914864 0
11918284 0
11921632 0
11925032 0
11928420 0
11931800 0
11935116 0
11938484 0
11941772 0
11945084 0
11948336 0
11951588 0
11954820 0
11958036 0
11961208 0
11964376 0
11967544 0
11970696 0
11973840 0
11976996 0
11980144 0
11983244 0
11986256 0
11989296 0
11992308 0
11995308 0
11998296 0
12001272 0
12004228 0
12007220 0
12010128 0
12012976 0
12015876 0
12018776 0
12021692 0
12024536 0
12027408 0
12030228 0
12033032 0
12035844 0
12038636 0
12041356 0
12044120 0
12046896 0
12049560 0
12052248 0
12054948 0
12057592 0
12060300 0
12062932 0
12065568 0
12068220 0
12070800 0
12073384 0
12075932 0
12078500 0
12081060 0
12083580 0
12086128 0
12088608 0
12091084 0
12093528 0
12095984 0
12098432 0
12100856 0
12103256 0
12105660 0
12108056 0
12110428 0
12112816 0
12115148 0
12117508 0
12119876 0
12122228 0
12124536 0
12126832 0
12129172 0
12131484 0
12133760 0
12136044 0
12138260 0
12140468 0
12142716 0
12144924 0
12147124 0
12149296 0
12151408 0
12153548 0
12155604 0
12157752 0
12159864 0
12161952 0
12164008 0
12166048 0
12168136 0
12170168 0
12172188 0
12174208 0
12176228 0
12178200 0
12180184 0
12182184 0
12184084 0
12186036 0
12188008 0
12189924 0
12191836 0
12193788 0
12195684 0
12197576 0
12199476 0
12201344 0
12203216 0
12205116 0
12206988 0
12208828 0
12210640 0
12212464 0
12214276 0
12216080 0
12217840 0
12219616 0
12221380 0
12223116 0
12224852 0
12226636 0
12228384 0
12230096 0
12231784 0
12233480 0
12235188 0
12236884 0
12238580 0
12240260 0
12241904 0
12243544 0
12245160 0
12246788 0
12248412 0
12250020 0
12251628 0
12253208 0
12254808 0
12256420 0
12257996 0
12259524 0
12261088 0
12262616 0
12264148 0
12265620 0
12267156 0
12268656 0
12270164 0
12271644 0
12273128 0
12274600 0
12276044 0
12277428 0
12278656 0
12279852 0
12281056 0
12282252 0
12283440 0
12284620 0
12285756 0
12286944 0
12288360 0
12289804 0
12291228 0
12292616 0
12294024 0
12295432 0
12296772 0
12298140 0
12299496 0
12300840 0
12302152 0
12303480 0
12304784 0
12306100 0
12307404 0
12308704 0
12309972 0
12311244 0
12312504 0
12313752 0
12315016 0
12316256 0
12317496 0
12318724 0
12319976 0
12321196 0
12322436 0
12323656 0
12324868 0
12326076 0
12327260 0
12328440 0
12329616 0
12330764 0
12331936 0
12333076 0
12334224 0
12335388 0
12336528 0
12337644 0
12338784 0
12339908 0
12341028 0
12342152 0
12343268 0
12344364 0
12345468 0
12346552 0
12347644 0
12348724 0
12349800 0
12350880 0
12351940 0
12353000 0
12354040 0
12355084 0
12356124 0
12357168 0
12358180 0
12359196 0
12360212 0
12361232 0
12362260 0
12363280 0
12364268 0
12365252 0
12366216 0
12367196 0
12368184 0
12369140 0
12370112 0
12371072 0
12372000 0
12372940 0
12373864 0
12374800 0
12375732 0
12376664 0
12377572 0
12378460 0
12379372 0
12380280 0
12381156 0
12382032 0
12382932 0
12383776 0
12384632 0
12385524 0
12386384 0
12387272 0
12388132 0
12388968 0
12389808 0
12390672 0
12391488 0
12392344 0
12393184 0
12394016 0
12394844 0
12395648 0
12396456 0
12397284 0
12398100 0
12398900 0
12399688 0
12400488 0
12401280 0
12402056 0
12402828 0
12403608 0
12404364 0
12405136 0
12405892 0
12406644 0
12407376 0
12408148 0
12408884 0
12409636 0
12410380 0
12411104 0
12411824 0
12412568 0
12413308 0
12414016 0
12414728 0
12415448 0
12416160 0
12416864 0
12417572 0
12418284 0
12418956 0
12419640 0
12420328 0
12421020 0
12421708 0
12422396 0
12423064 0
12423724 0
12424376 0
12425036 0
12425692 0
12426344 0
12427004 0
12427652 0
12428308 0
12428960 0
12429608 0
12430248 0
12430876 0
12431500 0
12432132 0
12432748 0
12433364 0
12433968 0
12434576 0
12435196 0
12435796 0
12436392 0
12436996 0
12437592 0
12438176 0
12438756 0
12439332 0
12439920 0
12440496 0
12441064 0
12441620 0
12442188 0
12442748 0
12443316 0
12443876 0
12444432 0
12444988 0
12445544 0
12446088 0
12446624 0
12447148 0
12447692 0
12448232 0
12448764 0
12449292 0
12449816 0
12450336 0
12450844 0
12451368 0
12451876 0
12452372 0
12452896 0
12453404 0
12453912 0
12454408 0
12454900 0
12455396 0
12455892 0
12456364 0
12456868 0
12457336 0
12457828 0
12458312 0
12458800 0
12459276 0
12459752 0
12460228 0
12460708 0
12461168 0
12461632 0
12462088 0
12462532 0
12462992 0
12463440 0
12463896 0
12464344 0
12464792 0
12465240 0
12465684 0
12466116 0
12466568 0
12467020 0
12467456 0
12467880 0
12468300 0
12468712 0
12469132 0
12469548 0
12469964 0
12470384 0
12470800 0
12471212 0
12471616 0
12472028 0
12472428 0
12472840 0
12473248 0
12473632 0
12474024 0
12474432 0
12474820 0
12475204 0
12475592 0
12475984 0
12476364 0
12476752 0
12477132 0
12477508 0
12477876 0
12478248 0
12478624 0
12478984 0
12479356 0
12479700 0
12480060 0
12480420 0
12480780 0
12481140 0
12481516 0
12481876 0
12482228 0
12482584 0
12482928 0
12483280 0
12483620 0
12483956 0
12484320 0
12484664 0
12485000 0
12485332 0
12485664 0
12485984 0
12486324 0
12486648 0
12486976 0
12487312 0
12487644 0
12487964 0
12488288 0
12488600 0
12488908 0
12489224 0
12489540 0
12489840 0
12490164 0
12490468 0
12490772 0
12491080 0
12491372 0
12491684 0
12491980 0
12492288 0
12492592 0
12492892 0
12493184 0
12493468 0
12493768 0
12494056 0
12494352 0
12494628 0
12494928 0
12495204 0
12495480 0
12495756 0
12496032 0
12496308 0
12496588 0
12496872 0
12497136 0
12497408 0
12497688 0
12497952 0
12498220 0
12498484 0
12498756 0
12499016 0
12499284 0
12499540 0
12499808 0
12500068 0
12500320 0
12500576 0
12500832 0
12501092 0
12501348 0
12501596 0
12501844 0
12502096 0
12502344 0
12502600 0
12502848 0
12503084 0
12503328 0
12503568 0
12503812 0
12504044 0
12504272 0
12504508 0
12504736 0
12504964 0
12505192 0
12505420 0
12505648 0
12505876 0
12506096 0
12506328 0
12506556 0
12506768 0
12506992 0
12507216 0
12507436 0
12507656 0
12507872 0
12508088 0
12508300 0
12508512 0
12508724 0
12508936 0
12509148 0
12509348 0
12509560 0
12509764 0
12509976 0
12510180 0
12510388 0
12510604 0
12510800 0
12511004 0
12511196 0
12511404 0
12511600 0
12511800 0
12511996 0
12512196 0
12512384 0
12512576 0
12512780 0
12512972 0
12513168 0
12513352 0
12513540 0
12513724 0
12513904 0
12514096 0
12514276 0
12514460 0
12514636 0
12514812 0
12514992 0
12515172 0
12515348 0
12515528 0
12515708 0
12515884 0
12516056 0
12516228 0
12516408 0
12516572 0
12516744 0
12516912 0
12517080 0
12517244 0
12517404 0
12517576 0
12517744 0
12517912 0
12518072 0
12518240 0
12518396 0
12518556 0
12518712 0
12518880 0
12519036 0
12519196 0
12519348 0
12519512 0
12519660 0
12519808 0
12519956 0
12520104 0
12520264 0
12520412 0
12520568 0
12520720 0
12520872 0
12521020 0
12521168 0
12521312 0
12521460 0
12521608 0
12521752 0
12521892 0
12522036 0
12522176 0
12522332 0
12522468 0
12522604 0
12522740 0
12522888 0
12523024 0
12523164 0
12523296 0
12523420 0
12523552 0
12523688 0
12523816 0
12523952 0
12524080 0
12524212 0
12524348 0
12524476 0
12524604 0
12524720 0
12524840 0
12524972 0
12525092 0
12525220 0
12525348 0
12525468 0
12525592 0
12525712 0
12525832 0
12525940 0
12526064 0
12526184 0
12526312 0
12526428 0
12526548 0
12526668 0
12526780 0
12526896 0
12527012 0
12527124 0
12527236 0
12527352 0
12527460 0
12527572 0
12527684 0
12527796 0
12527908 0
12528020 0
12528124 0
12528232 0
12528336 0
12528448 0
12528552 0
12528660 0
12528764 0
12528864 0
12528972 0
12529080 0
12529192 0
12529296 0
12529396 0
12529496 0
12529596 0
12529692 0
12529796 0
12529896 0
12529992 0
12530096 0
12530192 0
12530292 0
12530404 0
12530496 0
12530596 0
12530692 0
12530788 0
12530888 0
12530984 0
12531080 0
12531172 0
12531264 0
12531360 0
12531452 0
12531544 0
12531632 0
12531720 0
12531812 0
12531904 0
12531996 0
12532084 0
12532172 0
12532264 0
12532348 0
12532432 0
12532524 0
12532608 0
12532692 0
12532772 0
12532856 0
12532940 0
12533020 0
12533104 0
12533188 0
12533272 0
12533356 0
12533432 0
12533520 0
12533596 0
12533680 0
12533756 0
12533844 0
12533920 0
12534000 0
12534076 0
12534148 0
12534228 0
12534300 0
12534380 0
12534452 0
12534544 0
12534616 0
12534692 0
12534772 0
12534844 0
12534916 0
12534988 0
12535060 0
12535136 0
12535212 0
12535284 0
12535356 0
12535424 0
12535492 0
12535568 0
12535632 0
12535708 0
12535776 0
12535844 0
12535912 0
12535980 0
12536044 0
12536112 0
12536180 0
12536244 0
12536308 0
12536372 0
12536436 0
12536500 0
12536572 0
12536636 0
12536704 0
12536760 0
12536820 0
12536888 0
12536952 0
12537008 0
12537076 0
12537136 0
12537200 0
12537264 0
12537324 0
12537384 0
12537448 0
12537508 0
12537568 0
12537624 0
12537688 0
12537744 0
12537804 0
12537860 0
12537920 0
12537976 0
12538032 0
12538088 0
12538144 0
12538204 0
12538260 0
12538316 0
12538368 0
12538420 0
12538472 0
12538528 0
12538580 0
12538640 0
12538692 0
12538748 0
12538800 0
12538848 0
12538896 0
12538952 0
12539004 0
12539056 0
12539108 0
12539156 0
12539208 0
12539256 0
12539312 0
12539364 0
12539412 0
12539464 0
12539512 0
12539560 0
12539608 0
12539656 0
12539704 0
12539748 0
12539792 0
12539844 0
12539888 0
12539936 0
12539988 0
12540036 0
12540084 0
12540128 0
12540176 0
12540228 0
12540272 0
12540312 0
12540360 0
12540404 0
12540452 0
12540492 0
12540540 0
12540584 0
12540624 0
12540668 0
12540708 0
12540752 0
12540796 0
12540840 0
12540880 0
12540924 0
12540968 0
12541012 0
12541052 0
12541092 0
12541136 0
12541172 0
12541212 0
12541252 0
12541288 0
12541332 0
12541372 0
12541412 0
12541452 0
12541492 0
12541532 0
12541572 0
12541608 0
12541640 0
12541680 0
12541716 0
12541756 0
12541788 0
12541824 0
12541864 0
12541900 0
12541936 0
12541972 0
12542012 0
12542048 0
12542084 0
12542120 0
12542152 0
12542188 0
12542224 0
12542256 0
12542292 0
12542324 0
12542356 0
12542388 0
12542420 0
12542460 0
12542492 0
12542528 0
12542560 0
12542592 0
12542632 0
12542656 0
12542700 0
12542732 0
12542760 0
12542792 0
12542824 0
12542856 0
12542884 0
12542912 0
12542948 0
12542976 0
12543004 0
12543032 0
12543068 0
12543096 0
12543128 0
12543160 0
12543192 0
12543216 0
12543244 0
12543272 0
12543304 0
12543336 0
12543364 0
12543392 0
12543420 0
12543448 0
12543476 0
12543508 0
12543532 0
12543556 0
12543584 0
12543612 0
12543640 0
12543668 0
12543696 0
12543724 0
12543756 0
12543780 0
12543804 0
12543832 0
12543860 0
12543884 0
12543912 0
12543936 0
12543960 0
12543988 0
12544012 0
12544036 0
12544064 0
12544092 0
12544116 0
12544140 0
12544168 0
12544188 0
12544216 0
12544236 0
12544260 0
12544284 0
12544308 0
12544336 0
12544360 0
12544384 0
12544408 0
12544432 0
12544456 0
12544476 0
12544500 0
12544524 0
12544544 0
12544568 0
12544592 0
12544612 0
12544636 0
12544660 0
12544680 0
12544700 0
12544724 0
12544748 0
12544768 0
12544792 0
12544812 0
12544832 0
12544852 0
12544868 0
12544888 0
12544908 0
12544928 0
12544948 0
12544968 0
12544988 0
12545008 0
12545028 0
12545048 0
12545072 0
12545088 0
12545108 0
12545128 0
12545148 0
12545168 0
12545188 0
12545208 0
12545228 0
12545244 0
12545264 0
12545280 0
12545300 0
12545320 0
12545336 0
12545356 0
12545376 0
12545392 0
12545412 0
12545428 0
12545444 0
12545464 0
12545480 0
12545496 0
12545512 0
12545528 0
12545548 0
12545564 0
12545580 0
12545596 0
12545616 0
12545632 0
12545652 0
12545672 0
12545688 0
12545704 0
12545724 0
12545740 0
12545756 0
12545772 0
12545788 0
12545804 0
12545820 0
12545836 0
12545852 0
12545868 0
12545884 0
12545896 0
12545912 0
12545928 0
12545940 0
12545956 0
12545972 0
12545988 0
12546004 0
12546016 0
12546032 0
12546048 0
12546060 0
12546076 0
12546092 0
12546104 0
12546120 0
12546132 0
12546148 0
12546160 0
12546176 0
12546188 0
12546204 0
12546216 0
12546232 0
12546244 0
12546260 0
12546272 0
12546284 0
12546300 0
12546312 0
12546324 0
12546340 0
12546352 0
12546360 0
12546372 0
12546384 0
12546400 0
12546412 0
12546424 0
12546436 0
12546452 0
12546460 0
12546472 0
12546488 0
12546500 0
12546512 0
12546528 0
12546540 0
12546552 0
12546564 0
12546576 0
12546584 0
12546596 0
12546608 0
12546620 0
12546628 0
12546640 0
12546652 0
12546664 0
12546676 0
12546692 0
12546700 0
12546712 0
12546728 0
12546740 0
12546748 0
12546756 0
12546768 0
12546776 0
12546796 0
12546808 0
12546820 0
12546828 0
12546836 0
12546848 0
12546856 0
12546868 0
12546876 0
12546888 0
12546896 0
12546904 0
12546916 0
12546924 0
12546936 0
12546944 0
12546952 0
12546964 0
12546972 0
12546984 0
12546996 0
12547004 0
12547012 0
12547020 0
12547032 0
12547040 0
12547048 0
12547056 0
12547068 0
12547076 0
12547084 0
12547096 0
12547104 0
12547112 0
12547124 0
12547132 0
12547140 0
12547148 0
12547156 0
12547164 0
12547176 0
12547184 0
12547192 0
12547200 0
12547208 0
12547216 0
12547224 0
12547232 0
12547240 0
12547248 0
12547256 0
12547264 0
12547268 0
12547276 0
12547284 0
12547292 0
12547300 0
12547308 0
12547316 0
12547324 0
12547332 0
12547340 0
12547344 0
12547352 0
12547360 0
12547368 0
12547372 0
12547384 0
12547388 0
12547396 0
12547404 0
12547412 0
12547420 0
12547424 0
12547432 0
12547440 0
12547448 0
12547452 0
12547464 0
12547472 0
12547480 0
12547484 0
12547492 0
12547496 0
12547508 0
12547516 0
12547520 0
12547528 0
12547532 0
12547540 0
12547548 0
12547552 0
12547560 0
12547568 0
12547576 0
12547580 0
12547588 0
12547596 0
12547600 0
12547608 0
12547612 0
12547616 0
12547624 0
12547628 0
12547632 0
12547640 0
12547648 0
12547652 0
12547660 0
12547664 0
12547672 0
12547680 0
12547684 0
12547692 0
12547696 0
12547704 0
12547712 0
12547716 0
12547720 0
12547724 0
12547732 0
12547736 0
12547744 0
12547748 0
12547752 0
12547760 0
12547764 0
12547772 0
12547776 0
12547780 0
12547784 0
12547792 0
12547796 0
12547800 0
12547808 0
12547812 0
12547816 0
12547820 0
12547828 0
12547832 0
12547836 0
12547840 0
12547844 0
12547852 0
12547856 0
12547860 0
12547864 0
12547868 0
12547872 0
12547880 0
12547884 0
12547888 0
12547896 0
12547900 0
12547904 0
12547908 0
12547916 0
12547920 0
12547924 0
12547932 0
12547936 0
12547940 0
12547948 0
12547952 0
12547956 0
12547960 0
12547964 0
12547968 0
12547976 0
12547980 0
12547984 0
12547988 0
12547992 0
12548000 0
12548004 0
12548008 0
12548012 0
12548016 0
12548020 0
12548024 0
12548028 0
12548032 0
12548040 0
12548040 0
12548044 0
12548048 0
12548052 0
12548056 0
12548060 0
12548064 0
12548068 0
12548072 0
12548076 0
12548080 0
12548084 0
12548088 0
12548092 0
12548096 0
12548104 0
12548108 0
12548108 0
12548116 0
12548116 0
12548120 0
12548124 0
12548132 0
12548136 0
12548140 0
12548140 0
12548144 0
12548152 0
12548156 0
12548160 0
12548164 0
12548168 0
12548168 0
12548168 0
12548168 0
12548168 0
12548168 0
12548168 0
12548168 0
12548168 0
12548168 0
12548168 0
12548168 0
12548168 0
12548168 0
12548168 0
12548168 0
12548168 0
12548168 0
12548168 0
12548168 0
12548168 0
12548168 0
12548168 0
12548168 0
12548168 0
12548168 0
12548168 0
12548168 0
12548168 0
12548168 0
12548168 0
12548168 0
12548168 0
12548168 0
12548168 0
12548168 0
12548168 0
12548168 0
12548168 0
12548168 0
12548168 0
12548168 0
12548168 0
12548168 0
12548168 0
12548168 0
12548168 0
12548168 0
12548168 0
12548168 0
12548168 0
12548168 0
12548168 0
12548168 0
12548168 0
12548168 0
12548168 0
12548168 0
12548168 0
12548168 0
12548168 0
12548168 0
12548168 0
12548168 0
12548168 0
12548168 0
12548168 0
12548168 0
12548168 0
12548168 0
12548168 0
12548168 0
12548168 0
12548168 0
12548168 0
12548168 0
12548168 0
12548168 0
12548168 0
12548168 0
12548168 0
12548168 0
12548168 0
12548168 0
12548168 0
12548168 0
12548168 0
12548168 0
12548168 0
12548168 0
12548168 0
12548168 0
12548168 0
12548168 0
12548168 0
12548168 0
12548168 0
12548168 0
12548168 0
12548168 0
12548168 0
12548168 0
12548168 0
12548168 0
12548168 0
12548168 0
12548168 0
12548168 0
12548168 0
12548168 0
12548168 0
12548168 0
12548168 0
12548168 0
12548168 0
12548168 0
12548168 0
12548168 0
12548168 0
12548168 0
12548168 0
12548168 0
12548168 0
12548168 0
12548168 0
12548168 0
12548168 0
12548168 0
12548168 0
12548168 0
12548168 0
12548168 0
12548168 0
12548168 0
12548168 0
12548168 0
12548168 0
12548168 0
12548168 0
12548168 0
12548168 0
12548168 0
12548168 0
12548168 0
12548168 0
12548168 0
12548168 0
12548168 0
12548168 0
12548168 0
12548168 0
12548168 0
12548168 0
12548168 0
12548168 0
12548168 0
12548168 0
12548168 0
12548168 0
12548168 0
12548168 0
12548168 0
12548168 0
12548168 0
12548168 0
12548168 0
12548168 0
12548168 0
12548168 0
12548168 0
12548168 0
12548168 0
12548168 0
12548168 0
12548168 0
12548168 0
12548168 0
12548168 0
12548168 0
12548168 0
12548168 0
12548168 0
12548168 0
12548168 0
12548168 0
12548168 0
12548168 0
12548168 0
12548168 0
12548168 0
12548168 0
12548168 0
12548168 0
12548168 0
12548168 0
12548168 0
12548168 0
12548168 0
12548168 0
12548168 0
12548168 0
12548168 0
12548168 0
12548168 0
12548168 0
12548168 0
12548168 0
12548168 0
12548168 0
12548168 0
12548168 0
12548168 0
12548168 0
12548168 0
12548168 0
12548168 0
12548168 0
12548168 0
12548168 0
12548168 0
12548168 0
12548168 0
12548168 0
12548168 0
12548168 0
12548168 0
12548168 0
12548168 0
12548168 0
12548168 0
12548168 0
12548168 0
12548168 0
12548168 0
12548168 0
12548168 0
12548168 0
