9384 4096
83176 63488
152888 122880
269420 212992
310476 256000
392428 337920
523472 405504
570604 458752
600908 489472
680940 573440
758900 653312
834712 731136
1023860 792576
1070288 835584
1117392 882688
1100496 927744
1184336 952320
1270704 1036288
1354864 1120256
1438864 1204224
1520816 1286144
1602768 1368064
1682672 1447936
1879384 1519616
2057260 1560576
2100464 1603584
2143472 1646592
2186480 1691648
2227440 1730560
2268400 1771520
2196364 1796096
2273640 1796096
2353820 1857536
2434192 1937408
2505872 2009088
2575536 2078720
2651376 2154496
2729200 2232320
2804976 2310144
2874608 2377728
2942192 2445312
3017968 2521088
3091696 2596864
3167472 2670592
3241200 2744320
3312880 2816000
3378416 2881536
3441904 2945024
3772884 3000320
4032372 3033088
4085836 3067904
4121748 3102720
4158700 3137536
4195568 3176448
4232432 3211264
4250864 10240
4254960 6144
4263152 14336
4275440 26624
4295920 49152
4326640 77824
4357360 108544
4388080 139264
4418800 169984
4449520 200704
4480240 233472
4263344 251904
4325588 251904
4387892 251904
4448140 251904
4509492 262144
4569776 323584
4631472 382976
4691088 444416
4752560 505856
4814032 567296
4875504 628736
4936944 688128
4996336 747520
5149936 903168
5213424 964608
5268720 1021952
5324016 1077248
5379312 1132544
5434608 1187840
5489904 1243136
5545200 1298432
5600496 1351680
5653744 1406976
5709040 1460224
5762288 1513472
5813488 1566720
5866736 1619968
5919984 1673216
5979376 1730560
6030576 1783808
6081776 1835008
6135024 1886208
6186224 1937408
6237424 1988608
6288624 2039808
6339824 2091008
6388976 2140160
6438128 2191360
6489328 2240512
6544624 2295808
6593776 2344960
6642928 2394112
6692080 2443264
6739184 2492416
6788336 2541568
6837488 2588672
6890736 2641920
6941936 2695168
7298080 2725888
7730888 2746368
7948952 2770944
8050656 2795520
8099812 2820096
8134292 2844672
8164672 2871296
8190496 2893824
8215516 2918400
8240264 2942976
8262848 2967552
8289500 2994176
8314096 3016704
8338672 3041280
8361200 3065856
8385776 3090432
8412400 3115008
8436976 3139584
8459504 3174400
8484080 3213312
8508656 3254272
8533232 3311616
8539376 14336
8541424 4096
8545520 8192
8549616 14336
8555760 20480
8563952 26624
8574192 36864
8588528 53248
8606960 69632
8627440 90112
8649968 112640
8670448 135168
8692976 157696
8203592 178176
8248408 192512
8293788 206848
8339096 223232
8384704 239616
8430136 256000
8473680 288768
8518396 305152
8563432 321536
8608396 337920
8653476 354304
8698644 370688
8745396 430080
8790868 491520
8836116 555008
8879188 614400
8922292 673792
9028848 829440
9071856 888832
9114864 948224
9157872 1007616
9200880 1067008
9245936 1128448
9290992 1189888
9336048 1251328
9381104 1329152
9426160 1390592
9471216 1452032
9516272 1513472
9561328 1574912
9604336 1634304
9647344 1693696
9688304 1751040
9729264 1806336
9768176 1863680
9809136 1918976
9848048 1976320
9886960 2031616
9927920 2086912
9966832 2158592
10005744 2215936
10044656 2271232
10083568 2326528
10122480 2381824
10161392 2437120
10200304 2490368
10237168 2545664
10276080 2600960
10314992 2654208
10351856 2709504
10390768 2762752
10427632 2816000
10464496 2871296
10501360 2924544
10538224 2994176
10575088 3047424
10611952 3100672
10648816 3151872
10685680 3205120
10720496 3258368
10757360 3311616
10796272 3364864
10831088 3418112
10867952 3469312
10902768 3522560
10937584 3573760
10972400 3624960
11007216 3676160
11042032 3741696
11076848 3792896
11109616 3844096
11144432 3895296
11179248 3944448
11212016 3995648
11246832 4044800
11279600 4096000
11312368 4145152
11347184 4194304
11379952 4245504
11414768 4294656
11447536 4343808
11480304 4392960
11511024 4442112
11543792 4491264
11580656 4558848
11613424 4608000
11644144 4657152
11676912 4704256
11707632 4753408
11740400 4800512
11752688 6144
11760880 14336
11771120 24576
11783408 34816
11795696 47104
11807984 61440
11822320 75776
11838704 90112
11855088 106496
11871472 124928
11889904 143360
11910384 163840
11930864 184320
11953392 204800
11975920 229376
12000496 251904
12025072 276480
12049648 303104
12076272 327680
12102896 356352
12129520 382976
12158192 409600
12186864 438272
12215536 466944
12244208 497664
12272880 526336
12301552 555008
12330224 583680
12358896 612352
12389616 643072
12496112 753664
12545264 813056
12573936 849920
12602608 880640
12631280 913408
12657904 948224
12686576 980992
12713200 1013760
12739824 1054720
12766448 1089536
12795120 1124352
12821744 1159168
12848368 1193984
12874992 1228800
12901616 1263616
12928240 1298432
12954864 1335296
12981488 1376256
13008112 1411072
13034736 1443840
13061360 1478656
13085936 1513472
13112560 1548288
13139184 1581056
13163760 1615872
13190384 1656832
13214960 1691648
13241584 1724416
13266160 1759232
13290736 1789952
13317360 1824768
13341936 1857536
13464816 2029568
13505776 2078720
13530352 2119680
13554928 2152448
13581552 2185216
13604080 2217984
13628656 2248704
13651184 2289664
13675760 2328576
13698288 2369536
13720816 2424832
13745392 2463744
13767920 2502656
13790448 2541568
13812976 2582528
13835504 2621440
13858032 2660352
13880560 2699264
13903088 2738176
14044364 2787328
14391448 2811904
14692024 2838528
14950568 2863104
15166924 2889728
15347676 2916352
15497568 2942976
15618424 2969600
15720260 3010560
15802340 3037184
15873496 3063808
15932992 3090432
15982048 3117056
16022748 3143680
16057852 3170304
16088288 3196928
16113724 3239936
16136444 3266560
16157072 3293184
16175848 3319808
16192604 3348480
16208300 3375104
16224648 3401728
16238196 3444736
16250920 3471360
16263264 3497984
16274960 3524608
16286284 3551232
16297548 3579904
16308608 3606528
16319512 3635200
16330284 3674112
16340940 3700736
16351436 3727360
16361944 3756032
16372364 3782656
16382744 3809280
16393100 3835904
16405452 3864576
16415728 3905536
16426016 3932160
16430132 18432
16432192 2048
16434248 4096
16434260 6144
16436312 6144
16438368 8192
16442464 12288
16444516 14336
16446576 18432
16450696 20480
16456856 26624
16460964 30720
16467128 38912
16475336 45056
16483540 53248
16491736 65536
16501984 77824
16510184 92160
16520424 106496
16530664 124928
16540904 143360
16540904 159744
16540904 167936
16540904 176128
16540904 208896
16540904 217088
16540904 225280
16540904 233472
16540904 249856
16540904 258048
16540904 266240
16540904 274432
16540904 282624
16540904 290816
16540904 307200
16540904 315392
16540904 323584
16540904 331776
16540904 348160
16540904 356352
16540904 364544
16540904 372736
16540904 382976
16540904 397312
16540904 405504
16540904 411648
16540904 419840
16540904 440320
16540904 448512
16540904 456704
16540904 464896
16540904 473088
16540904 483328
16540904 497664
16540904 505856
16540904 514048
16540904 522240
16540904 530432
16540904 546816
16540904 552960
16540904 561152
16540904 569344
16540904 577536
16540904 593920
16540904 602112
16540904 610304
16540904 618496
16540904 634880
16540904 643072
16540904 657408
16540904 665600
16540904 665600
16540904 665600
16540904 665600
16540904 665600
16540904 665600
16540904 665600
16540904 665600
16540904 665600
16540904 665600
16540904 665600
16540904 665600
16540904 665600
16540904 665600
16540904 665600
16540904 665600
16540904 665600
16540904 665600
16540904 665600
16540904 665600
16540904 665600
16540904 665600
16540904 665600
16540904 665600
16540904 665600
16540904 665600
16540904 665600
16540904 665600
16540904 665600
16540904 665600
16540904 665600
16540904 665600
16540904 665600
16540904 665600
16540904 665600
16540904 665600
16540904 665600
16540904 665600
16540904 665600
16540904 665600
16540904 665600
16540904 665600
16540904 665600
16540904 665600
16540904 665600
16540904 665600
16540904 665600
16540904 665600
16540904 665600
16540904 679936
16540904 696320
16540904 712704
16540904 731136
16540908 761856
16540908 778240
16540908 794624
16540908 811008
16540908 827392
16540908 845824
16540908 876544
16540908 892928
16540908 909312
16540908 925696
16540908 942080
16540908 958464
16540908 991232
16540908 1007616
16540908 1024000
16540908 1040384
16540908 1056768
16540908 1073152
16540908 1073152
16540908 1073152
16540908 1073152
16540908 1073152
16540908 1073152
16540908 1073152
16540908 1073152
16540908 1073152
16540908 1073152
16540908 1073152
16540908 1073152
16540908 1073152
16540908 1073152
16540908 1073152
16540908 1073152
16540908 1073152
16540908 1073152
16540908 1073152
16540908 1073152
16540908 1073152
16540908 1073152
16540908 1073152
16540908 1073152
16540908 1073152
16540908 1073152
16540908 1073152
16540908 1073152
16540908 1073152
16540908 1073152
16540908 1073152
16540908 1073152
16540908 1073152
16540908 1073152
16540908 1073152
16540908 1073152
16540908 1073152
16540908 1073152
16540908 1073152
16540908 1073152
16540908 1073152
16540908 1073152
16540908 1073152
16540908 1073152
16540908 1073152
16540908 1073152
16540908 1073152
16540908 1073152
16540908 1073152
16540908 1073152
16540908 1073152
16540908 1073152
16540908 1073152
16540908 1073152
16540908 1073152
16540908 1073152
16540908 1073152
16540908 1073152
16540908 1073152
16540908 1073152
16540908 1073152
16540908 1073152
16540908 1073152
16540908 1073152
16540908 1073152
16540908 1073152
16540908 1073152
16540908 1073152
16540908 1073152
16540908 1073152
16540908 1073152
16540908 1073152
16540908 1073152
16540908 1073152
16540908 1073152
16540908 1073152
16540908 1073152
16540908 1073152
16540908 1073152
16540908 1073152
16540908 1073152
16540908 1073152
16540908 1073152
16540908 1089536
16540908 1118208
16540908 1122304
16540908 1124352
16540908 1124352
16540908 1124352
16540908 1124352
16540908 1124352
16540908 1124352
16540908 1124352
16540908 1124352
16540908 1124352
16540908 1124352
16540908 1124352
16540908 1124352
16540908 1124352
16540908 1124352
16540908 1124352
16540908 1124352
16540908 1124352
16540908 1124352
16540908 1124352
16540908 1124352
16540908 1124352
16540908 1124352
16540908 1124352
16540908 1124352
16540908 1124352
16540908 1124352
16540908 1124352
16540908 1124352
16540908 1124352
16540908 1124352
16540908 1124352
16540908 1124352
16540908 1124352
16540908 1124352
16540908 1124352
16540908 1124352
16540908 1124352
16540908 1124352
16540908 1124352
16540908 1124352
16540908 1124352
16540908 1124352
16540908 1124352
16540908 1124352
16540908 1124352

