11918656 11915264
11918656 11915264
11918656 11915264
11918656 11915264
11918656 11915264
11918656 11915264
11918656 11915264
11918656 11915264
11918656 11915264
11918656 11915264
11918656 11915264
11918656 11915264
11918656 11915264
11918656 11915264
11918656 11915264
11918656 11915264
11918656 11915264
11918656 11915264
11918656 11915264
11394368 11390976
11394368 11390976
11394368 11390976
11394368 11390976
11394368 11390976
11394368 11390976
11394368 11390976
11394368 11390976
11394368 11390976
11398464 11395072
11400512 2048
11402560 4096
11404608 6144
11406656 8192
11408704 10240
11412800 14336
11414848 16384
11418944 20480
11420992 22528
11425088 26624
11429184 30720
11433280 34816
11437376 38912
11441472 43008
11445568 47104
11449664 51200
11455808 57344
11459904 61440
11466048 67584
11470144 71680
11476288 77824
11482432 83968
11486528 90112
11492672 94208
11498816 100352
11504960 106496
11511104 112640
11515200 116736
11521344 122880
11527488 129024
11533632 135168
11537728 679936
11543872 686080
11550016 692224
11556160 698368
11562304 704512
11568448 710656
11574592 716800
11580736 722944
11586880 729088
11590976 2281472
11595072 5292032
11599168 5314560
11605312 5320704
11609408 5326848
11615552 5330944
11621696 5337088
11627840 5343232
11633984 5349376
11640128 5355520
11644224 5359616
11650368 5365760
11656512 5371904
11660608 6420480
11666752 6424576
11672896 6430720
11679040 6436864
11685184 6443008
11689280 6447104
11695424 6453248
11701568 6459392
11705664 6463488
11711808 6469632
11717952 6533120
11724096 6539264
11728192 6543360
11734336 6549504
11738432 6553600
11744576 6559744
11752768 6567936
11756864 6572032
11763008 6578176
11767104 8558592
11771200 11618304
11775296 11771904
11781440 11778048
11785536 11782144
11791680 11788288
11795776 11792384
11801920 11798528
11806016 11802624
11812160 11808768
11816256 11812864
11820352 11816960
11826496 11823104
11830592 11827200
11834688 11831296
11840832 11837440
11844928 11841536
11849024 11845632
11855168 11851776
11859264 11855872
11863360 11859968
11869504 11866112
11873600 11870208
11877696 11874304
11881792 11878400
11885888 11882496
11889984 11886592
11896128 11892736
11900224 11896832
11904320 11900928
11908416 11905024
11912512 11909120
11916608 11913216
11920704 11917312
11924800 11921408
11928896 11925504
11932992 11929600
11937088 11933696
11941184 11937792
11945280 11941888
11949376 11945984
11953472 11950080
11957568 11954176
11961664 11958272
11965760 11962368
11969856 11966464
11973952 11970560
11978048 11974656
11982144 11978752
11984192 11980800
11988288 11984896
11992384 11988992
11996480 11993088
12000576 11997184
12002624 11999232
12006720 12003328
12010816 12007424
12014912 12011520
12014912 0
12016960 2048
12016960 2048
12016960 2048
12019008 4096
12019008 6144
12021056 6144
12023104 8192
12023104 8192
12025152 10240
12027200 12288
12029248 14336
12031296 16384
12033344 18432
12035392 20480
12037440 22528
12039488 24576
12043584 28672
12045632 30720
12047680 32768
12051776 63488
12053824 65536
12055872 67584
12059968 71680
12062016 73728
12066112 77824
12068160 79872
12070208 81920
12074304 86016
12074304 2603008
12076352 4302848
12078400 4304896
12080448 4306944
12082496 4308992
12090688 4317184
12092736 4319232
12096832 4323328
12098880 4325376
12100928 4327424
12102976 5531648
12107072 5535744
12109120 5537792
12111168 5539840
12113216 5541888
12117312 5545984
12119360 5548032
12123456 5552128
12125504 5554176
12127552 5593088
12131648 5597184
12133696 5599232
12135744 5601280
12137792 5603328
12139840 5605376
12143936 5609472
12145984 5611520
12148032 5613568
12150080 5615616
12152128 5718016
12154176 5720064
12158272 5724160
12160320 5726208
12162368 5728256
12164416 5730304
12166464 5732352
12168512 5734400
12170560 5736448
12172608 6070272
12176704 6074368
12178752 6076416
12180800 6078464
12182848 6080512
12184896 6082560
12186944 6084608
12191040 6088704
12193088 6090752
12195136 6144000
12195136 9201664
12197184 12193792
12199232 12195840
12201280 12197888
12205376 12201984
12207424 12204032
12209472 12206080
12211520 12208128
12213568 12210176
12215616 12212224
12217664 12214272
12219712 12216320
12221760 12218368
12223808 12220416
12225856 12222464
12227904 12224512
12229952 12226560
12232000 12228608
12234048 12230656
12236096 12232704
12238144 12234752
12240192 12236800
12242240 12238848
12244288 12240896
12246336 12242944
12248384 12244992
12250432 12247040
12252480 12249088
12254528 12251136
12256576 12253184
12258624 12255232
12260672 12257280
12262720 12259328
12264768 12261376
12266816 12263424
12268864 12265472
12270912 12267520
12272960 12269568
12275008 12271616
12275008 12271616
12277056 12273664
12279104 12275712
12281152 12277760
12283200 12279808
12285248 12281856
12287296 12283904
12289344 12285952
12289344 12285952
12291392 12288000
12293440 12290048
12295488 12292096
12297536 12294144
12299584 12296192
12299584 12296192
12301632 135168
12301632 0
12301632 0
12301632 0
12303680 2048
12303680 2048
12303680 2048
12303680 2048
12305728 4096
12305728 4096
12305728 4096
12307776 6144
12307776 6144
12309824 8192
12309824 8192
12311872 10240
12311872 10240
12313920 12288
12315968 14336
12315968 14336
12318016 16384
12318016 18432
12320064 18432
12322112 759808
12322112 1974272
12322112 1974272
12324160 1976320
12326208 1978368
12326208 1978368
12328256 1980416
12334400 1986560
12334400 4827136
12334400 5562368
12336448 5564416
12336448 5564416
12338496 5566464
12338496 5566464
12340544 5568512
12342592 5570560
12342592 5570560
12344640 5572608
12344640 5572608
12346688 5668864
12348736 5670912
12348736 5670912
12350784 5672960
12350784 5672960
12352832 5675008
12354880 5677056
12354880 5677056
12356928 5679104
12356928 5679104
12358976 5683200
12358976 5683200
12361024 5685248
12363072 5687296
12363072 5687296
12365120 5689344
12365120 5689344
12367168 5691392
12367168 5691392
12369216 5693440
12369216 5693440
12371264 5695488
12371264 5695488
12373312 5697536
12373312 5699584
12375360 5699584
12377408 5701632
12377408 5701632
12379456 5703680
12379456 5703680
12381504 5705728
12381504 5705728
12383552 5707776
12383552 5707776
12385600 5709824
12385600 5709824
12387648 5711872
12387648 6117376
12389696 9183232
12389696 12267520
12389696 12386304
12391744 12388352
12391744 12388352
12393792 12390400
12395840 12392448
12395840 12392448
12397888 12394496
12397888 12394496
12399936 12396544
12399936 12396544
12399936 12396544
12399936 12396544
12399936 12396544
12399936 12396544
12399936 12396544
12399936 12396544
12399936 12396544
12399936 12396544
12399936 12396544
12399936 12396544
12399936 12396544
12399936 12396544
12399936 12396544
12399936 12396544
12399936 12396544
12399936 12396544
12399936 12396544
12399936 12396544
12399936 12396544
12399936 12396544
12399936 12396544
12399936 12396544
12399936 12396544
12399936 12396544
12399936 12396544
12399936 12396544
12399936 12396544
12399936 12396544
12399936 12396544
12399936 12396544
12399936 12396544
12399936 12396544
12399936 12396544
12399936 12396544
12399936 12396544
12399936 12396544
12399936 12396544
12399936 12396544
12399936 12396544
12399936 12396544
12399936 12396544
12399936 12396544
12399936 12396544
12399936 12371968
12399936 12371968
12399936 12371968
12399936 12371968
12399936 12371968
12399936 12371968
12399936 12371968
12399936 12371968
12399936 12371968
12399936 12371968
12399936 12371968
12399936 12371968
12399936 12371968
12399936 12363776
12399936 12363776
12399936 12363776
12399936 12363776
12399936 12363776
12399936 12363776
12399936 12363776
12399936 12363776
12399936 12363776
12399936 12363776
12399936 12363776
12399936 12363776
