1041
1041
1041
1041
1041
1041
1041
1041
1041
1041
1041
1041
1041
1041
1041
1041
1041
1041
1041
1041
1041
1041
1041
1041
1041
1041
1041
1041
1041
1041
1041
1041
1041
1041
1041
1041
1041
1041
1041
1041
1041
1041
1041
1041
1041
1041
1041
1041
1041
1041
1041
1041
1041
1041
1041
1041
1041
1041
1041
1041
1583
1583
1583
1583
1583
1583
1583
1583
1583
2346
3814
5202
6168
6168
6168
6168
6168
6168
6168
6168
6168
6168
7053
7053
7053
7053
7053
7053
7053
7053
7053
7053
7107
7107
7107
7107
7107
7107
7107
7107
7107
8079
9570
9637
9637
9637
9637
9637
9637
9637
9637
9637
9639
9639
9639
9639
9639
9639
9639
9639
9639
9639
9640
9640
9640
9640
9640
9640
9640
9640
9640
9640
9640
9640
9640
9640
9640
9640
9640
9640
9640
9640
9641
9641
9641
9641
9641
9641
9641
9641
9641
9641
9642
9642
9642
9642
9642
9642
9642
9642
9642
9642
9642
9642
9642
9642
9642
9642
9642
9642
9642
9642
9642
9642
9642
9642
9642
9642
9642
9668
9668
9668
9668
9668
9668
9668
9668
9668
10904
12646
13880
13880
13880
13880
13880
13880
13880
13880
14805
14958
14958
14958
14958
14958
14958
14958
14958
14994
14994
14994
14994
14994
14994
14994
14994
14994
14994
15092
15092
15092
15092
15092
15092
15092
15092
15092
15412
15412
15412
15412
15412
15412
15412
15412
15412
15446
16938
18390
18390
18390
18390
18390
18390
18390
18390
18390
18390
18390
18390
18390
18390
18390
18390
18390
18390
18390
18390
18390
18390
18390
18390
18390
18390
18390
18390
18390
18390
18390
18390
18390
18390
18390
18390
18390
18390
18390
18390
18390
18390
18390
18390
18390
18390
18390
18390
18390
18390
18390
18390
18390
18390
18390
18390
18390
18390
18390
18390
18390
18390
18390
18390
18390
18390
18390
18390
18390
18390
18390
18390
18390
18390
18390
18390
18758
20265
20343
20343
20343
20343
20343
20343
21737
23189
23795
23795
23795
23795
23795
23795
23795
23795
23795
23882
23882
23882
23882
23882
23882
23882
23882
23882
23882
23884
23884
23884
23884
23884
23884
23884
23884
23884
23884
23884
23884
23884
23884
23884
23884
23884
23884
23884
23884
23884
23884
23884
23884
23884
23884
23884
24089
25586
27091
27142
27142
27142
27142
27142
27142
27142
27142
27142
27142
27142
27142
27142
27142
27142
27142
27142
27142
27142
27142
27142
27142
27142
27142
27142
27142
27142
27142
27142
27142
27142
27142
27142
27142
27142
27142
27142
27142
27142
27142
27142
27142
27142
27142
27142
27142
27142
27142
27142
27142
27142
27142
27142
27142
27142
27142
27142
27142
27142
27142
27142
27142
27142
27142
27142
27142
27142
27142
27142
27142
27142
27142
27142
27142
27142
27142
27142
27142
