thp_fault_alloc 5042
thp_fault_fallback 1023
thp_collapse_alloc 1041
thp_collapse_alloc_failed 0
thp_split 2
thp_zero_page_alloc 1
thp_zero_page_alloc_failed 0
thp_promote 0
thp_fault_alloc 5042
thp_fault_fallback 1023
thp_collapse_alloc 1041
thp_collapse_alloc_failed 0
thp_split 2
thp_zero_page_alloc 1
thp_zero_page_alloc_failed 0
thp_promote 0
thp_fault_alloc 5042
thp_fault_fallback 1023
thp_collapse_alloc 1041
thp_collapse_alloc_failed 0
thp_split 2
thp_zero_page_alloc 1
thp_zero_page_alloc_failed 0
thp_promote 0
thp_fault_alloc 5042
thp_fault_fallback 1023
thp_collapse_alloc 1041
thp_collapse_alloc_failed 0
thp_split 2
thp_zero_page_alloc 1
thp_zero_page_alloc_failed 0
thp_promote 0
thp_fault_alloc 5042
thp_fault_fallback 1023
thp_collapse_alloc 1041
thp_collapse_alloc_failed 0
thp_split 2
thp_zero_page_alloc 1
thp_zero_page_alloc_failed 0
thp_promote 0
thp_fault_alloc 5042
thp_fault_fallback 1023
thp_collapse_alloc 1041
thp_collapse_alloc_failed 0
thp_split 2
thp_zero_page_alloc 1
thp_zero_page_alloc_failed 0
thp_promote 0
thp_fault_alloc 5042
thp_fault_fallback 1023
thp_collapse_alloc 1041
thp_collapse_alloc_failed 0
thp_split 2
thp_zero_page_alloc 1
thp_zero_page_alloc_failed 0
thp_promote 0
thp_fault_alloc 5042
thp_fault_fallback 1023
thp_collapse_alloc 1041
thp_collapse_alloc_failed 0
thp_split 2
thp_zero_page_alloc 1
thp_zero_page_alloc_failed 0
thp_promote 0
thp_fault_alloc 5042
thp_fault_fallback 1023
thp_collapse_alloc 1041
thp_collapse_alloc_failed 0
thp_split 2
thp_zero_page_alloc 1
thp_zero_page_alloc_failed 0
thp_promote 0
thp_fault_alloc 5042
thp_fault_fallback 1023
thp_collapse_alloc 1041
thp_collapse_alloc_failed 0
thp_split 2
thp_zero_page_alloc 1
thp_zero_page_alloc_failed 0
thp_promote 0
thp_fault_alloc 5042
thp_fault_fallback 1023
thp_collapse_alloc 1041
thp_collapse_alloc_failed 0
thp_split 2
thp_zero_page_alloc 1
thp_zero_page_alloc_failed 0
thp_promote 0
thp_fault_alloc 5042
thp_fault_fallback 1023
thp_collapse_alloc 1041
thp_collapse_alloc_failed 0
thp_split 2
thp_zero_page_alloc 1
thp_zero_page_alloc_failed 0
thp_promote 0
thp_fault_alloc 5042
thp_fault_fallback 1023
thp_collapse_alloc 1041
thp_collapse_alloc_failed 0
thp_split 2
thp_zero_page_alloc 1
thp_zero_page_alloc_failed 0
thp_promote 0
thp_fault_alloc 5042
thp_fault_fallback 1023
thp_collapse_alloc 1041
thp_collapse_alloc_failed 0
thp_split 2
thp_zero_page_alloc 1
thp_zero_page_alloc_failed 0
thp_promote 0
thp_fault_alloc 5042
thp_fault_fallback 1023
thp_collapse_alloc 1041
thp_collapse_alloc_failed 0
thp_split 2
thp_zero_page_alloc 1
thp_zero_page_alloc_failed 0
thp_promote 0
thp_fault_alloc 5042
thp_fault_fallback 1023
thp_collapse_alloc 1041
thp_collapse_alloc_failed 0
thp_split 2
thp_zero_page_alloc 1
thp_zero_page_alloc_failed 0
thp_promote 0
thp_fault_alloc 5042
thp_fault_fallback 1023
thp_collapse_alloc 1041
thp_collapse_alloc_failed 0
thp_split 2
thp_zero_page_alloc 1
thp_zero_page_alloc_failed 0
thp_promote 0
thp_fault_alloc 5042
thp_fault_fallback 1023
thp_collapse_alloc 1041
thp_collapse_alloc_failed 0
thp_split 2
thp_zero_page_alloc 1
thp_zero_page_alloc_failed 0
thp_promote 0
thp_fault_alloc 5042
thp_fault_fallback 1023
thp_collapse_alloc 1041
thp_collapse_alloc_failed 0
thp_split 2
thp_zero_page_alloc 1
thp_zero_page_alloc_failed 0
thp_promote 0
thp_fault_alloc 5042
thp_fault_fallback 1023
thp_collapse_alloc 1041
thp_collapse_alloc_failed 0
thp_split 2
thp_zero_page_alloc 1
thp_zero_page_alloc_failed 0
thp_promote 0
thp_fault_alloc 5042
thp_fault_fallback 1023
thp_collapse_alloc 1041
thp_collapse_alloc_failed 0
thp_split 2
thp_zero_page_alloc 1
thp_zero_page_alloc_failed 0
thp_promote 0
thp_fault_alloc 5042
thp_fault_fallback 1023
thp_collapse_alloc 1041
thp_collapse_alloc_failed 0
thp_split 2
thp_zero_page_alloc 1
thp_zero_page_alloc_failed 0
thp_promote 0
thp_fault_alloc 5042
thp_fault_fallback 1023
thp_collapse_alloc 1041
thp_collapse_alloc_failed 0
thp_split 2
thp_zero_page_alloc 1
thp_zero_page_alloc_failed 0
thp_promote 0
thp_fault_alloc 5042
thp_fault_fallback 1023
thp_collapse_alloc 1041
thp_collapse_alloc_failed 0
thp_split 2
thp_zero_page_alloc 1
thp_zero_page_alloc_failed 0
thp_promote 0
thp_fault_alloc 5042
thp_fault_fallback 1023
thp_collapse_alloc 1041
thp_collapse_alloc_failed 0
thp_split 2
thp_zero_page_alloc 1
thp_zero_page_alloc_failed 0
thp_promote 0
thp_fault_alloc 5042
thp_fault_fallback 1023
thp_collapse_alloc 1041
thp_collapse_alloc_failed 0
thp_split 2
thp_zero_page_alloc 1
thp_zero_page_alloc_failed 0
thp_promote 0
thp_fault_alloc 5042
thp_fault_fallback 1023
thp_collapse_alloc 1041
thp_collapse_alloc_failed 0
thp_split 2
thp_zero_page_alloc 1
thp_zero_page_alloc_failed 0
thp_promote 0
thp_fault_alloc 5042
thp_fault_fallback 1023
thp_collapse_alloc 1041
thp_collapse_alloc_failed 0
thp_split 2
thp_zero_page_alloc 1
thp_zero_page_alloc_failed 0
thp_promote 0
thp_fault_alloc 5047
thp_fault_fallback 1023
thp_collapse_alloc 1041
thp_collapse_alloc_failed 0
thp_split 2
thp_zero_page_alloc 1
thp_zero_page_alloc_failed 0
thp_promote 0
thp_fault_alloc 5050
thp_fault_fallback 6587
thp_collapse_alloc 1041
thp_collapse_alloc_failed 0
thp_split 5566
thp_zero_page_alloc 1
thp_zero_page_alloc_failed 0
thp_promote 0
thp_fault_alloc 5052
thp_fault_fallback 6587
thp_collapse_alloc 1041
thp_collapse_alloc_failed 0
thp_split 5566
thp_zero_page_alloc 1
thp_zero_page_alloc_failed 0
thp_promote 0
thp_fault_alloc 5054
thp_fault_fallback 6587
thp_collapse_alloc 1041
thp_collapse_alloc_failed 0
thp_split 5566
thp_zero_page_alloc 1
thp_zero_page_alloc_failed 0
thp_promote 0
thp_fault_alloc 5056
thp_fault_fallback 6587
thp_collapse_alloc 1041
thp_collapse_alloc_failed 0
thp_split 5566
thp_zero_page_alloc 1
thp_zero_page_alloc_failed 0
thp_promote 0
thp_fault_alloc 5058
thp_fault_fallback 6587
thp_collapse_alloc 1041
thp_collapse_alloc_failed 0
thp_split 5566
thp_zero_page_alloc 1
thp_zero_page_alloc_failed 0
thp_promote 0
thp_fault_alloc 5061
thp_fault_fallback 6587
thp_collapse_alloc 1041
thp_collapse_alloc_failed 0
thp_split 5566
thp_zero_page_alloc 1
thp_zero_page_alloc_failed 0
thp_promote 0
thp_fault_alloc 5064
thp_fault_fallback 6587
thp_collapse_alloc 1041
thp_collapse_alloc_failed 0
thp_split 5566
thp_zero_page_alloc 1
thp_zero_page_alloc_failed 0
thp_promote 0
thp_fault_alloc 5067
thp_fault_fallback 6587
thp_collapse_alloc 1041
thp_collapse_alloc_failed 0
thp_split 5566
thp_zero_page_alloc 1
thp_zero_page_alloc_failed 0
thp_promote 0
thp_fault_alloc 5069
thp_fault_fallback 6587
thp_collapse_alloc 1041
thp_collapse_alloc_failed 0
thp_split 5566
thp_zero_page_alloc 1
thp_zero_page_alloc_failed 0
thp_promote 0
thp_fault_alloc 5073
thp_fault_fallback 6587
thp_collapse_alloc 1041
thp_collapse_alloc_failed 0
thp_split 5566
thp_zero_page_alloc 1
thp_zero_page_alloc_failed 0
thp_promote 0
thp_fault_alloc 5076
thp_fault_fallback 6587
thp_collapse_alloc 1041
thp_collapse_alloc_failed 0
thp_split 5566
thp_zero_page_alloc 1
thp_zero_page_alloc_failed 0
thp_promote 0
thp_fault_alloc 5080
thp_fault_fallback 6587
thp_collapse_alloc 1041
thp_collapse_alloc_failed 0
thp_split 5566
thp_zero_page_alloc 1
thp_zero_page_alloc_failed 0
thp_promote 0
thp_fault_alloc 5083
thp_fault_fallback 6587
thp_collapse_alloc 1041
thp_collapse_alloc_failed 0
thp_split 5566
thp_zero_page_alloc 1
thp_zero_page_alloc_failed 0
thp_promote 0
thp_fault_alloc 5087
thp_fault_fallback 6587
thp_collapse_alloc 1041
thp_collapse_alloc_failed 0
thp_split 5566
thp_zero_page_alloc 1
thp_zero_page_alloc_failed 0
thp_promote 0
thp_fault_alloc 5091
thp_fault_fallback 6587
thp_collapse_alloc 1041
thp_collapse_alloc_failed 0
thp_split 5566
thp_zero_page_alloc 1
thp_zero_page_alloc_failed 0
thp_promote 0
thp_fault_alloc 5095
thp_fault_fallback 6587
thp_collapse_alloc 1041
thp_collapse_alloc_failed 0
thp_split 5566
thp_zero_page_alloc 1
thp_zero_page_alloc_failed 0
thp_promote 0
thp_fault_alloc 5100
thp_fault_fallback 6587
thp_collapse_alloc 1041
thp_collapse_alloc_failed 0
thp_split 5566
thp_zero_page_alloc 1
thp_zero_page_alloc_failed 0
thp_promote 0
thp_fault_alloc 5104
thp_fault_fallback 6587
thp_collapse_alloc 1041
thp_collapse_alloc_failed 0
thp_split 5566
thp_zero_page_alloc 1
thp_zero_page_alloc_failed 0
thp_promote 0
thp_fault_alloc 5109
thp_fault_fallback 6587
thp_collapse_alloc 1041
thp_collapse_alloc_failed 0
thp_split 5566
thp_zero_page_alloc 1
thp_zero_page_alloc_failed 0
thp_promote 0
thp_fault_alloc 5114
thp_fault_fallback 6587
thp_collapse_alloc 1041
thp_collapse_alloc_failed 0
thp_split 5566
thp_zero_page_alloc 1
thp_zero_page_alloc_failed 0
thp_promote 0
thp_fault_alloc 5119
thp_fault_fallback 6587
thp_collapse_alloc 1041
thp_collapse_alloc_failed 0
thp_split 5566
thp_zero_page_alloc 1
thp_zero_page_alloc_failed 0
thp_promote 0
thp_fault_alloc 5124
thp_fault_fallback 6587
thp_collapse_alloc 1041
thp_collapse_alloc_failed 0
thp_split 5566
thp_zero_page_alloc 1
thp_zero_page_alloc_failed 0
thp_promote 0
thp_fault_alloc 5130
thp_fault_fallback 6587
thp_collapse_alloc 1041
thp_collapse_alloc_failed 0
thp_split 5566
thp_zero_page_alloc 1
thp_zero_page_alloc_failed 0
thp_promote 0
thp_fault_alloc 5134
thp_fault_fallback 6587
thp_collapse_alloc 1041
thp_collapse_alloc_failed 0
thp_split 5566
thp_zero_page_alloc 1
thp_zero_page_alloc_failed 0
thp_promote 0
thp_fault_alloc 5140
thp_fault_fallback 6587
thp_collapse_alloc 1041
thp_collapse_alloc_failed 0
thp_split 5566
thp_zero_page_alloc 1
thp_zero_page_alloc_failed 0
thp_promote 0
thp_fault_alloc 5145
thp_fault_fallback 6587
thp_collapse_alloc 1041
thp_collapse_alloc_failed 0
thp_split 5566
thp_zero_page_alloc 1
thp_zero_page_alloc_failed 0
thp_promote 0
thp_fault_alloc 5151
thp_fault_fallback 6587
thp_collapse_alloc 1041
thp_collapse_alloc_failed 0
thp_split 5566
thp_zero_page_alloc 1
thp_zero_page_alloc_failed 0
thp_promote 0
thp_fault_alloc 5155
thp_fault_fallback 6587
thp_collapse_alloc 1041
thp_collapse_alloc_failed 0
thp_split 5566
thp_zero_page_alloc 1
thp_zero_page_alloc_failed 0
thp_promote 0
thp_fault_alloc 5160
thp_fault_fallback 6587
thp_collapse_alloc 1041
thp_collapse_alloc_failed 0
thp_split 5566
thp_zero_page_alloc 1
thp_zero_page_alloc_failed 0
thp_promote 0
thp_fault_alloc 5166
thp_fault_fallback 6587
thp_collapse_alloc 1041
thp_collapse_alloc_failed 0
thp_split 5566
thp_zero_page_alloc 1
thp_zero_page_alloc_failed 0
thp_promote 0
thp_fault_alloc 5171
thp_fault_fallback 6587
thp_collapse_alloc 1041
thp_collapse_alloc_failed 0
thp_split 5566
thp_zero_page_alloc 1
thp_zero_page_alloc_failed 0
thp_promote 0
thp_fault_alloc 5175
thp_fault_fallback 6587
thp_collapse_alloc 1583
thp_collapse_alloc_failed 0
thp_split 5566
thp_zero_page_alloc 1
thp_zero_page_alloc_failed 0
thp_promote 0
thp_fault_alloc 5181
thp_fault_fallback 6587
thp_collapse_alloc 1583
thp_collapse_alloc_failed 0
thp_split 5566
thp_zero_page_alloc 1
thp_zero_page_alloc_failed 0
thp_promote 0
thp_fault_alloc 5187
thp_fault_fallback 6587
thp_collapse_alloc 1583
thp_collapse_alloc_failed 0
thp_split 5566
thp_zero_page_alloc 1
thp_zero_page_alloc_failed 0
thp_promote 0
thp_fault_alloc 5193
thp_fault_fallback 6587
thp_collapse_alloc 1583
thp_collapse_alloc_failed 0
thp_split 5566
thp_zero_page_alloc 1
thp_zero_page_alloc_failed 0
thp_promote 0
thp_fault_alloc 5199
thp_fault_fallback 6587
thp_collapse_alloc 1583
thp_collapse_alloc_failed 0
thp_split 5566
thp_zero_page_alloc 1
thp_zero_page_alloc_failed 0
thp_promote 0
thp_fault_alloc 5205
thp_fault_fallback 6587
thp_collapse_alloc 1583
thp_collapse_alloc_failed 0
thp_split 5566
thp_zero_page_alloc 1
thp_zero_page_alloc_failed 0
thp_promote 0
thp_fault_alloc 5211
thp_fault_fallback 6587
thp_collapse_alloc 1583
thp_collapse_alloc_failed 0
thp_split 5566
thp_zero_page_alloc 1
thp_zero_page_alloc_failed 0
thp_promote 0
thp_fault_alloc 5216
thp_fault_fallback 6587
thp_collapse_alloc 1583
thp_collapse_alloc_failed 0
thp_split 5566
thp_zero_page_alloc 1
thp_zero_page_alloc_failed 0
thp_promote 0
thp_fault_alloc 5222
thp_fault_fallback 6587
thp_collapse_alloc 1583
thp_collapse_alloc_failed 0
thp_split 5566
thp_zero_page_alloc 1
thp_zero_page_alloc_failed 0
thp_promote 0
thp_fault_alloc 5226
thp_fault_fallback 6587
thp_collapse_alloc 2346
thp_collapse_alloc_failed 0
thp_split 5566
thp_zero_page_alloc 1
thp_zero_page_alloc_failed 0
thp_promote 0
thp_fault_alloc 5230
thp_fault_fallback 6587
thp_collapse_alloc 3814
thp_collapse_alloc_failed 0
thp_split 5566
thp_zero_page_alloc 1
thp_zero_page_alloc_failed 0
thp_promote 0
thp_fault_alloc 5234
thp_fault_fallback 6587
thp_collapse_alloc 5202
thp_collapse_alloc_failed 0
thp_split 5566
thp_zero_page_alloc 1
thp_zero_page_alloc_failed 0
thp_promote 0
thp_fault_alloc 5240
thp_fault_fallback 6587
thp_collapse_alloc 6168
thp_collapse_alloc_failed 0
thp_split 5566
thp_zero_page_alloc 1
thp_zero_page_alloc_failed 0
thp_promote 0
thp_fault_alloc 5249
thp_fault_fallback 6587
thp_collapse_alloc 6168
thp_collapse_alloc_failed 0
thp_split 5566
thp_zero_page_alloc 1
thp_zero_page_alloc_failed 0
thp_promote 0
thp_fault_alloc 5258
thp_fault_fallback 6587
thp_collapse_alloc 6168
thp_collapse_alloc_failed 0
thp_split 5566
thp_zero_page_alloc 1
thp_zero_page_alloc_failed 0
thp_promote 0
thp_fault_alloc 5268
thp_fault_fallback 6587
thp_collapse_alloc 6168
thp_collapse_alloc_failed 0
thp_split 5566
thp_zero_page_alloc 1
thp_zero_page_alloc_failed 0
thp_promote 0
thp_fault_alloc 5277
thp_fault_fallback 6587
thp_collapse_alloc 6168
thp_collapse_alloc_failed 0
thp_split 5566
thp_zero_page_alloc 1
thp_zero_page_alloc_failed 0
thp_promote 0
thp_fault_alloc 5287
thp_fault_fallback 6587
thp_collapse_alloc 6168
thp_collapse_alloc_failed 0
thp_split 5566
thp_zero_page_alloc 1
thp_zero_page_alloc_failed 0
thp_promote 0
thp_fault_alloc 5297
thp_fault_fallback 6587
thp_collapse_alloc 6168
thp_collapse_alloc_failed 0
thp_split 5566
thp_zero_page_alloc 1
thp_zero_page_alloc_failed 0
thp_promote 0
thp_fault_alloc 5306
thp_fault_fallback 6587
thp_collapse_alloc 6168
thp_collapse_alloc_failed 0
thp_split 5566
thp_zero_page_alloc 1
thp_zero_page_alloc_failed 0
thp_promote 0
thp_fault_alloc 5315
thp_fault_fallback 6587
thp_collapse_alloc 6168
thp_collapse_alloc_failed 0
thp_split 5566
thp_zero_page_alloc 1
thp_zero_page_alloc_failed 0
thp_promote 0
thp_fault_alloc 5325
thp_fault_fallback 6587
thp_collapse_alloc 6168
thp_collapse_alloc_failed 0
thp_split 5566
thp_zero_page_alloc 1
thp_zero_page_alloc_failed 0
thp_promote 0
thp_fault_alloc 5335
thp_fault_fallback 6587
thp_collapse_alloc 7053
thp_collapse_alloc_failed 0
thp_split 5566
thp_zero_page_alloc 1
thp_zero_page_alloc_failed 0
thp_promote 0
thp_fault_alloc 5348
thp_fault_fallback 6587
thp_collapse_alloc 7053
thp_collapse_alloc_failed 0
thp_split 5566
thp_zero_page_alloc 1
thp_zero_page_alloc_failed 0
thp_promote 0
thp_fault_alloc 5358
thp_fault_fallback 6587
thp_collapse_alloc 7053
thp_collapse_alloc_failed 0
thp_split 5566
thp_zero_page_alloc 1
thp_zero_page_alloc_failed 0
thp_promote 0
thp_fault_alloc 5368
thp_fault_fallback 6587
thp_collapse_alloc 7053
thp_collapse_alloc_failed 0
thp_split 5566
thp_zero_page_alloc 1
thp_zero_page_alloc_failed 0
thp_promote 0
thp_fault_alloc 5378
thp_fault_fallback 6587
thp_collapse_alloc 7053
thp_collapse_alloc_failed 0
thp_split 5566
thp_zero_page_alloc 1
thp_zero_page_alloc_failed 0
thp_promote 0
thp_fault_alloc 5387
thp_fault_fallback 6587
thp_collapse_alloc 7053
thp_collapse_alloc_failed 0
thp_split 5566
thp_zero_page_alloc 1
thp_zero_page_alloc_failed 0
thp_promote 0
thp_fault_alloc 5397
thp_fault_fallback 6587
thp_collapse_alloc 7053
thp_collapse_alloc_failed 0
thp_split 5566
thp_zero_page_alloc 1
thp_zero_page_alloc_failed 0
thp_promote 0
thp_fault_alloc 5407
thp_fault_fallback 6587
thp_collapse_alloc 7053
thp_collapse_alloc_failed 0
thp_split 5566
thp_zero_page_alloc 1
thp_zero_page_alloc_failed 0
thp_promote 0
thp_fault_alloc 5416
thp_fault_fallback 6587
thp_collapse_alloc 7053
thp_collapse_alloc_failed 0
thp_split 5566
thp_zero_page_alloc 1
thp_zero_page_alloc_failed 0
thp_promote 0
thp_fault_alloc 5426
thp_fault_fallback 6587
thp_collapse_alloc 7053
thp_collapse_alloc_failed 0
thp_split 5566
thp_zero_page_alloc 1
thp_zero_page_alloc_failed 0
thp_promote 0
thp_fault_alloc 5436
thp_fault_fallback 6587
thp_collapse_alloc 7107
thp_collapse_alloc_failed 0
thp_split 5566
thp_zero_page_alloc 1
thp_zero_page_alloc_failed 0
thp_promote 0
thp_fault_alloc 5446
thp_fault_fallback 6587
thp_collapse_alloc 7107
thp_collapse_alloc_failed 0
thp_split 5566
thp_zero_page_alloc 1
thp_zero_page_alloc_failed 0
thp_promote 0
thp_fault_alloc 5455
thp_fault_fallback 6587
thp_collapse_alloc 7107
thp_collapse_alloc_failed 0
thp_split 5566
thp_zero_page_alloc 1
thp_zero_page_alloc_failed 0
thp_promote 0
thp_fault_alloc 5465
thp_fault_fallback 6587
thp_collapse_alloc 7107
thp_collapse_alloc_failed 0
thp_split 5566
thp_zero_page_alloc 1
thp_zero_page_alloc_failed 0
thp_promote 0
thp_fault_alloc 5474
thp_fault_fallback 6587
thp_collapse_alloc 7107
thp_collapse_alloc_failed 0
thp_split 5566
thp_zero_page_alloc 1
thp_zero_page_alloc_failed 0
thp_promote 0
thp_fault_alloc 5484
thp_fault_fallback 6587
thp_collapse_alloc 7107
thp_collapse_alloc_failed 0
thp_split 5566
thp_zero_page_alloc 1
thp_zero_page_alloc_failed 0
thp_promote 0
thp_fault_alloc 5500
thp_fault_fallback 6587
thp_collapse_alloc 7107
thp_collapse_alloc_failed 0
thp_split 5566
thp_zero_page_alloc 1
thp_zero_page_alloc_failed 0
thp_promote 0
thp_fault_alloc 5509
thp_fault_fallback 6587
thp_collapse_alloc 7107
thp_collapse_alloc_failed 0
thp_split 5566
thp_zero_page_alloc 1
thp_zero_page_alloc_failed 0
thp_promote 0
thp_fault_alloc 5519
thp_fault_fallback 6587
thp_collapse_alloc 7107
thp_collapse_alloc_failed 0
thp_split 5566
thp_zero_page_alloc 1
thp_zero_page_alloc_failed 0
thp_promote 0
thp_fault_alloc 5527
thp_fault_fallback 6587
thp_collapse_alloc 8079
thp_collapse_alloc_failed 0
thp_split 5566
thp_zero_page_alloc 1
thp_zero_page_alloc_failed 0
thp_promote 0
thp_fault_alloc 5536
thp_fault_fallback 6587
thp_collapse_alloc 9570
thp_collapse_alloc_failed 0
thp_split 5566
thp_zero_page_alloc 1
thp_zero_page_alloc_failed 0
thp_promote 0
thp_fault_alloc 5544
thp_fault_fallback 6587
thp_collapse_alloc 9637
thp_collapse_alloc_failed 0
thp_split 5566
thp_zero_page_alloc 1
thp_zero_page_alloc_failed 0
thp_promote 0
thp_fault_alloc 5554
thp_fault_fallback 6587
thp_collapse_alloc 9637
thp_collapse_alloc_failed 0
thp_split 5566
thp_zero_page_alloc 1
thp_zero_page_alloc_failed 0
thp_promote 0
thp_fault_alloc 5563
thp_fault_fallback 6587
thp_collapse_alloc 9637
thp_collapse_alloc_failed 0
thp_split 5566
thp_zero_page_alloc 1
thp_zero_page_alloc_failed 0
thp_promote 0
thp_fault_alloc 5573
thp_fault_fallback 6587
thp_collapse_alloc 9637
thp_collapse_alloc_failed 0
thp_split 5566
thp_zero_page_alloc 1
thp_zero_page_alloc_failed 0
thp_promote 0
thp_fault_alloc 5582
thp_fault_fallback 6587
thp_collapse_alloc 9637
thp_collapse_alloc_failed 0
thp_split 5566
thp_zero_page_alloc 1
thp_zero_page_alloc_failed 0
thp_promote 0
thp_fault_alloc 5592
thp_fault_fallback 6587
thp_collapse_alloc 9637
thp_collapse_alloc_failed 0
thp_split 5566
thp_zero_page_alloc 1
thp_zero_page_alloc_failed 0
thp_promote 0
thp_fault_alloc 5602
thp_fault_fallback 6587
thp_collapse_alloc 9637
thp_collapse_alloc_failed 0
thp_split 5566
thp_zero_page_alloc 1
thp_zero_page_alloc_failed 0
thp_promote 0
thp_fault_alloc 5612
thp_fault_fallback 6587
thp_collapse_alloc 9637
thp_collapse_alloc_failed 0
thp_split 5566
thp_zero_page_alloc 1
thp_zero_page_alloc_failed 0
thp_promote 0
thp_fault_alloc 5621
thp_fault_fallback 6587
thp_collapse_alloc 9637
thp_collapse_alloc_failed 0
thp_split 5567
thp_zero_page_alloc 1
thp_zero_page_alloc_failed 0
thp_promote 0
thp_fault_alloc 5630
thp_fault_fallback 6587
thp_collapse_alloc 9639
thp_collapse_alloc_failed 0
thp_split 5567
thp_zero_page_alloc 1
thp_zero_page_alloc_failed 0
thp_promote 0
thp_fault_alloc 5644
thp_fault_fallback 6587
thp_collapse_alloc 9639
thp_collapse_alloc_failed 0
thp_split 5567
thp_zero_page_alloc 1
thp_zero_page_alloc_failed 0
thp_promote 0
thp_fault_alloc 5656
thp_fault_fallback 6587
thp_collapse_alloc 9639
thp_collapse_alloc_failed 0
thp_split 5568
thp_zero_page_alloc 1
thp_zero_page_alloc_failed 0
thp_promote 0
thp_fault_alloc 5668
thp_fault_fallback 6587
thp_collapse_alloc 9639
thp_collapse_alloc_failed 0
thp_split 5568
thp_zero_page_alloc 1
thp_zero_page_alloc_failed 0
thp_promote 0
thp_fault_alloc 5681
thp_fault_fallback 6587
thp_collapse_alloc 9639
thp_collapse_alloc_failed 0
thp_split 5568
thp_zero_page_alloc 1
thp_zero_page_alloc_failed 0
thp_promote 0
thp_fault_alloc 5693
thp_fault_fallback 6587
thp_collapse_alloc 9639
thp_collapse_alloc_failed 0
thp_split 5568
thp_zero_page_alloc 1
thp_zero_page_alloc_failed 0
thp_promote 0
thp_fault_alloc 5706
thp_fault_fallback 6587
thp_collapse_alloc 9639
thp_collapse_alloc_failed 0
thp_split 5568
thp_zero_page_alloc 1
thp_zero_page_alloc_failed 0
thp_promote 0
thp_fault_alloc 5720
thp_fault_fallback 6587
thp_collapse_alloc 9639
thp_collapse_alloc_failed 0
thp_split 5568
thp_zero_page_alloc 1
thp_zero_page_alloc_failed 0
thp_promote 0
thp_fault_alloc 5731
thp_fault_fallback 6587
thp_collapse_alloc 9639
thp_collapse_alloc_failed 0
thp_split 5568
thp_zero_page_alloc 1
thp_zero_page_alloc_failed 0
thp_promote 0
thp_fault_alloc 5743
thp_fault_fallback 6587
thp_collapse_alloc 9639
thp_collapse_alloc_failed 0
thp_split 5568
thp_zero_page_alloc 1
thp_zero_page_alloc_failed 0
thp_promote 0
thp_fault_alloc 5756
thp_fault_fallback 6587
thp_collapse_alloc 9640
thp_collapse_alloc_failed 0
thp_split 5568
thp_zero_page_alloc 1
thp_zero_page_alloc_failed 0
thp_promote 0
thp_fault_alloc 5769
thp_fault_fallback 6587
thp_collapse_alloc 9640
thp_collapse_alloc_failed 0
thp_split 5568
thp_zero_page_alloc 1
thp_zero_page_alloc_failed 0
thp_promote 0
thp_fault_alloc 5781
thp_fault_fallback 6587
thp_collapse_alloc 9640
thp_collapse_alloc_failed 0
thp_split 5568
thp_zero_page_alloc 1
thp_zero_page_alloc_failed 0
thp_promote 0
thp_fault_alloc 5794
thp_fault_fallback 6587
thp_collapse_alloc 9640
thp_collapse_alloc_failed 0
thp_split 5568
thp_zero_page_alloc 1
thp_zero_page_alloc_failed 0
thp_promote 0
thp_fault_alloc 5806
thp_fault_fallback 6587
thp_collapse_alloc 9640
thp_collapse_alloc_failed 0
thp_split 5568
thp_zero_page_alloc 1
thp_zero_page_alloc_failed 0
thp_promote 0
thp_fault_alloc 5818
thp_fault_fallback 6587
thp_collapse_alloc 9640
thp_collapse_alloc_failed 0
thp_split 5568
thp_zero_page_alloc 1
thp_zero_page_alloc_failed 0
thp_promote 0
thp_fault_alloc 5830
thp_fault_fallback 6587
thp_collapse_alloc 9640
thp_collapse_alloc_failed 0
thp_split 5568
thp_zero_page_alloc 1
thp_zero_page_alloc_failed 0
thp_promote 0
thp_fault_alloc 5843
thp_fault_fallback 6587
thp_collapse_alloc 9640
thp_collapse_alloc_failed 0
thp_split 5568
thp_zero_page_alloc 1
thp_zero_page_alloc_failed 0
thp_promote 0
thp_fault_alloc 5855
thp_fault_fallback 6587
thp_collapse_alloc 9640
thp_collapse_alloc_failed 0
thp_split 5568
thp_zero_page_alloc 1
thp_zero_page_alloc_failed 0
thp_promote 0
thp_fault_alloc 5867
thp_fault_fallback 6587
thp_collapse_alloc 9640
thp_collapse_alloc_failed 0
thp_split 5568
thp_zero_page_alloc 1
thp_zero_page_alloc_failed 0
thp_promote 0
thp_fault_alloc 5879
thp_fault_fallback 6587
thp_collapse_alloc 9640
thp_collapse_alloc_failed 0
thp_split 5569
thp_zero_page_alloc 1
thp_zero_page_alloc_failed 0
thp_promote 0
thp_fault_alloc 5891
thp_fault_fallback 6587
thp_collapse_alloc 9640
thp_collapse_alloc_failed 0
thp_split 5569
thp_zero_page_alloc 1
thp_zero_page_alloc_failed 0
thp_promote 0
thp_fault_alloc 5903
thp_fault_fallback 6587
thp_collapse_alloc 9640
thp_collapse_alloc_failed 0
thp_split 5569
thp_zero_page_alloc 1
thp_zero_page_alloc_failed 0
thp_promote 0
thp_fault_alloc 5914
thp_fault_fallback 6587
thp_collapse_alloc 9640
thp_collapse_alloc_failed 0
thp_split 5569
thp_zero_page_alloc 1
thp_zero_page_alloc_failed 0
thp_promote 0
thp_fault_alloc 5926
thp_fault_fallback 6587
thp_collapse_alloc 9640
thp_collapse_alloc_failed 0
thp_split 5569
thp_zero_page_alloc 1
thp_zero_page_alloc_failed 0
thp_promote 0
thp_fault_alloc 5938
thp_fault_fallback 6587
thp_collapse_alloc 9640
thp_collapse_alloc_failed 0
thp_split 5569
thp_zero_page_alloc 1
thp_zero_page_alloc_failed 0
thp_promote 0
thp_fault_alloc 5949
thp_fault_fallback 6587
thp_collapse_alloc 9640
thp_collapse_alloc_failed 0
thp_split 5569
thp_zero_page_alloc 1
thp_zero_page_alloc_failed 0
thp_promote 0
thp_fault_alloc 5961
thp_fault_fallback 6587
thp_collapse_alloc 9640
thp_collapse_alloc_failed 0
thp_split 5569
thp_zero_page_alloc 1
thp_zero_page_alloc_failed 0
thp_promote 0
thp_fault_alloc 5973
thp_fault_fallback 6587
thp_collapse_alloc 9640
thp_collapse_alloc_failed 0
thp_split 5569
thp_zero_page_alloc 1
thp_zero_page_alloc_failed 0
thp_promote 0
thp_fault_alloc 5985
thp_fault_fallback 6587
thp_collapse_alloc 9640
thp_collapse_alloc_failed 0
thp_split 5569
thp_zero_page_alloc 1
thp_zero_page_alloc_failed 0
thp_promote 0
thp_fault_alloc 5998
thp_fault_fallback 6587
thp_collapse_alloc 9641
thp_collapse_alloc_failed 0
thp_split 5569
thp_zero_page_alloc 1
thp_zero_page_alloc_failed 0
thp_promote 0
thp_fault_alloc 6011
thp_fault_fallback 6587
thp_collapse_alloc 9641
thp_collapse_alloc_failed 0
thp_split 5569
thp_zero_page_alloc 1
thp_zero_page_alloc_failed 0
thp_promote 0
thp_fault_alloc 6023
thp_fault_fallback 6587
thp_collapse_alloc 9641
thp_collapse_alloc_failed 0
thp_split 5569
thp_zero_page_alloc 1
thp_zero_page_alloc_failed 0
thp_promote 0
thp_fault_alloc 6034
thp_fault_fallback 6587
thp_collapse_alloc 9641
thp_collapse_alloc_failed 0
thp_split 5569
thp_zero_page_alloc 1
thp_zero_page_alloc_failed 0
thp_promote 0
thp_fault_alloc 6045
thp_fault_fallback 6587
thp_collapse_alloc 9641
thp_collapse_alloc_failed 0
thp_split 5569
thp_zero_page_alloc 1
thp_zero_page_alloc_failed 0
thp_promote 0
thp_fault_alloc 6056
thp_fault_fallback 6587
thp_collapse_alloc 9641
thp_collapse_alloc_failed 0
thp_split 5569
thp_zero_page_alloc 1
thp_zero_page_alloc_failed 0
thp_promote 0
thp_fault_alloc 6069
thp_fault_fallback 6587
thp_collapse_alloc 9641
thp_collapse_alloc_failed 0
thp_split 5569
thp_zero_page_alloc 1
thp_zero_page_alloc_failed 0
thp_promote 0
thp_fault_alloc 6081
thp_fault_fallback 6587
thp_collapse_alloc 9641
thp_collapse_alloc_failed 0
thp_split 5569
thp_zero_page_alloc 1
thp_zero_page_alloc_failed 0
thp_promote 0
thp_fault_alloc 6092
thp_fault_fallback 6587
thp_collapse_alloc 9641
thp_collapse_alloc_failed 0
thp_split 5569
thp_zero_page_alloc 1
thp_zero_page_alloc_failed 0
thp_promote 0
thp_fault_alloc 6104
thp_fault_fallback 6587
thp_collapse_alloc 9641
thp_collapse_alloc_failed 0
thp_split 5569
thp_zero_page_alloc 1
thp_zero_page_alloc_failed 0
thp_promote 0
thp_fault_alloc 6115
thp_fault_fallback 6587
thp_collapse_alloc 9642
thp_collapse_alloc_failed 0
thp_split 5569
thp_zero_page_alloc 1
thp_zero_page_alloc_failed 0
thp_promote 0
thp_fault_alloc 6130
thp_fault_fallback 6587
thp_collapse_alloc 9642
thp_collapse_alloc_failed 0
thp_split 5569
thp_zero_page_alloc 1
thp_zero_page_alloc_failed 0
thp_promote 0
thp_fault_alloc 6144
thp_fault_fallback 6587
thp_collapse_alloc 9642
thp_collapse_alloc_failed 0
thp_split 5569
thp_zero_page_alloc 1
thp_zero_page_alloc_failed 0
thp_promote 0
thp_fault_alloc 6167
thp_fault_fallback 6587
thp_collapse_alloc 9642
thp_collapse_alloc_failed 0
thp_split 5569
thp_zero_page_alloc 1
thp_zero_page_alloc_failed 0
thp_promote 0
thp_fault_alloc 6180
thp_fault_fallback 6587
thp_collapse_alloc 9642
thp_collapse_alloc_failed 0
thp_split 5569
thp_zero_page_alloc 1
thp_zero_page_alloc_failed 0
thp_promote 0
thp_fault_alloc 6195
thp_fault_fallback 6587
thp_collapse_alloc 9642
thp_collapse_alloc_failed 0
thp_split 5569
thp_zero_page_alloc 1
thp_zero_page_alloc_failed 0
thp_promote 0
thp_fault_alloc 6209
thp_fault_fallback 6587
thp_collapse_alloc 9642
thp_collapse_alloc_failed 0
thp_split 5569
thp_zero_page_alloc 1
thp_zero_page_alloc_failed 0
thp_promote 0
thp_fault_alloc 6220
thp_fault_fallback 12452
thp_collapse_alloc 9642
thp_collapse_alloc_failed 0
thp_split 11434
thp_zero_page_alloc 1
thp_zero_page_alloc_failed 0
thp_promote 0
thp_fault_alloc 6232
thp_fault_fallback 12452
thp_collapse_alloc 9642
thp_collapse_alloc_failed 0
thp_split 11434
thp_zero_page_alloc 1
thp_zero_page_alloc_failed 0
thp_promote 0
thp_fault_alloc 6242
thp_fault_fallback 12452
thp_collapse_alloc 9642
thp_collapse_alloc_failed 0
thp_split 11434
thp_zero_page_alloc 1
thp_zero_page_alloc_failed 0
thp_promote 0
thp_fault_alloc 6251
thp_fault_fallback 12452
thp_collapse_alloc 9642
thp_collapse_alloc_failed 0
thp_split 11434
thp_zero_page_alloc 1
thp_zero_page_alloc_failed 0
thp_promote 0
thp_fault_alloc 6263
thp_fault_fallback 12452
thp_collapse_alloc 9642
thp_collapse_alloc_failed 0
thp_split 11434
thp_zero_page_alloc 1
thp_zero_page_alloc_failed 0
thp_promote 0
thp_fault_alloc 6286
thp_fault_fallback 12452
thp_collapse_alloc 9642
thp_collapse_alloc_failed 0
thp_split 11434
thp_zero_page_alloc 1
thp_zero_page_alloc_failed 0
thp_promote 0
thp_fault_alloc 6297
thp_fault_fallback 12452
thp_collapse_alloc 9642
thp_collapse_alloc_failed 0
thp_split 11434
thp_zero_page_alloc 1
thp_zero_page_alloc_failed 0
thp_promote 0
thp_fault_alloc 6307
thp_fault_fallback 12452
thp_collapse_alloc 9642
thp_collapse_alloc_failed 0
thp_split 11434
thp_zero_page_alloc 1
thp_zero_page_alloc_failed 0
thp_promote 0
thp_fault_alloc 6321
thp_fault_fallback 12452
thp_collapse_alloc 9642
thp_collapse_alloc_failed 0
thp_split 11434
thp_zero_page_alloc 1
thp_zero_page_alloc_failed 0
thp_promote 0
thp_fault_alloc 6331
thp_fault_fallback 12452
thp_collapse_alloc 9642
thp_collapse_alloc_failed 0
thp_split 11434
thp_zero_page_alloc 1
thp_zero_page_alloc_failed 0
thp_promote 0
thp_fault_alloc 6344
thp_fault_fallback 12452
thp_collapse_alloc 9642
thp_collapse_alloc_failed 0
thp_split 11434
thp_zero_page_alloc 1
thp_zero_page_alloc_failed 0
thp_promote 0
thp_fault_alloc 6366
thp_fault_fallback 12452
thp_collapse_alloc 9642
thp_collapse_alloc_failed 0
thp_split 11434
thp_zero_page_alloc 1
thp_zero_page_alloc_failed 0
thp_promote 0
thp_fault_alloc 6380
thp_fault_fallback 12452
thp_collapse_alloc 9642
thp_collapse_alloc_failed 0
thp_split 11434
thp_zero_page_alloc 1
thp_zero_page_alloc_failed 0
thp_promote 0
thp_fault_alloc 6392
thp_fault_fallback 12452
thp_collapse_alloc 9642
thp_collapse_alloc_failed 0
thp_split 11434
thp_zero_page_alloc 1
thp_zero_page_alloc_failed 0
thp_promote 0
thp_fault_alloc 6403
thp_fault_fallback 12452
thp_collapse_alloc 9642
thp_collapse_alloc_failed 0
thp_split 11434
thp_zero_page_alloc 1
thp_zero_page_alloc_failed 0
thp_promote 0
thp_fault_alloc 6416
thp_fault_fallback 12452
thp_collapse_alloc 9642
thp_collapse_alloc_failed 0
thp_split 11434
thp_zero_page_alloc 1
thp_zero_page_alloc_failed 0
thp_promote 0
thp_fault_alloc 6429
thp_fault_fallback 12452
thp_collapse_alloc 9642
thp_collapse_alloc_failed 0
thp_split 11434
thp_zero_page_alloc 1
thp_zero_page_alloc_failed 0
thp_promote 0
thp_fault_alloc 6441
thp_fault_fallback 12452
thp_collapse_alloc 9642
thp_collapse_alloc_failed 0
thp_split 11434
thp_zero_page_alloc 1
thp_zero_page_alloc_failed 0
thp_promote 0
thp_fault_alloc 6464
thp_fault_fallback 12452
thp_collapse_alloc 9642
thp_collapse_alloc_failed 0
thp_split 11434
thp_zero_page_alloc 1
thp_zero_page_alloc_failed 0
thp_promote 0
thp_fault_alloc 6475
thp_fault_fallback 12452
thp_collapse_alloc 9642
thp_collapse_alloc_failed 0
thp_split 11434
thp_zero_page_alloc 1
thp_zero_page_alloc_failed 0
thp_promote 0
thp_fault_alloc 6488
thp_fault_fallback 12452
thp_collapse_alloc 9668
thp_collapse_alloc_failed 0
thp_split 11434
thp_zero_page_alloc 1
thp_zero_page_alloc_failed 0
thp_promote 0
thp_fault_alloc 6502
thp_fault_fallback 12452
thp_collapse_alloc 9668
thp_collapse_alloc_failed 0
thp_split 11434
thp_zero_page_alloc 1
thp_zero_page_alloc_failed 0
thp_promote 0
thp_fault_alloc 6517
thp_fault_fallback 12452
thp_collapse_alloc 9668
thp_collapse_alloc_failed 0
thp_split 11434
thp_zero_page_alloc 1
thp_zero_page_alloc_failed 0
thp_promote 0
thp_fault_alloc 6532
thp_fault_fallback 12452
thp_collapse_alloc 9668
thp_collapse_alloc_failed 0
thp_split 11434
thp_zero_page_alloc 1
thp_zero_page_alloc_failed 0
thp_promote 0
thp_fault_alloc 6544
thp_fault_fallback 12452
thp_collapse_alloc 9668
thp_collapse_alloc_failed 0
thp_split 11434
thp_zero_page_alloc 1
thp_zero_page_alloc_failed 0
thp_promote 0
thp_fault_alloc 6557
thp_fault_fallback 12452
thp_collapse_alloc 9668
thp_collapse_alloc_failed 0
thp_split 11434
thp_zero_page_alloc 1
thp_zero_page_alloc_failed 0
thp_promote 0
thp_fault_alloc 6581
thp_fault_fallback 12452
thp_collapse_alloc 9668
thp_collapse_alloc_failed 0
thp_split 11434
thp_zero_page_alloc 1
thp_zero_page_alloc_failed 0
thp_promote 0
thp_fault_alloc 6594
thp_fault_fallback 12452
thp_collapse_alloc 9668
thp_collapse_alloc_failed 0
thp_split 11434
thp_zero_page_alloc 1
thp_zero_page_alloc_failed 0
thp_promote 0
thp_fault_alloc 6608
thp_fault_fallback 12452
thp_collapse_alloc 9668
thp_collapse_alloc_failed 0
thp_split 11434
thp_zero_page_alloc 1
thp_zero_page_alloc_failed 0
thp_promote 0
thp_fault_alloc 6619
thp_fault_fallback 12452
thp_collapse_alloc 10904
thp_collapse_alloc_failed 0
thp_split 11434
thp_zero_page_alloc 1
thp_zero_page_alloc_failed 0
thp_promote 0
thp_fault_alloc 6630
thp_fault_fallback 12452
thp_collapse_alloc 12646
thp_collapse_alloc_failed 0
thp_split 11434
thp_zero_page_alloc 1
thp_zero_page_alloc_failed 0
thp_promote 0
thp_fault_alloc 6642
thp_fault_fallback 12452
thp_collapse_alloc 13880
thp_collapse_alloc_failed 0
thp_split 11434
thp_zero_page_alloc 1
thp_zero_page_alloc_failed 0
thp_promote 0
thp_fault_alloc 6657
thp_fault_fallback 12452
thp_collapse_alloc 13880
thp_collapse_alloc_failed 0
thp_split 11434
thp_zero_page_alloc 1
thp_zero_page_alloc_failed 0
thp_promote 0
thp_fault_alloc 6672
thp_fault_fallback 12452
thp_collapse_alloc 13880
thp_collapse_alloc_failed 0
thp_split 11434
thp_zero_page_alloc 1
thp_zero_page_alloc_failed 0
thp_promote 0
thp_fault_alloc 6713
thp_fault_fallback 12452
thp_collapse_alloc 13880
thp_collapse_alloc_failed 0
thp_split 11434
thp_zero_page_alloc 1
thp_zero_page_alloc_failed 0
thp_promote 0
thp_fault_alloc 6737
thp_fault_fallback 12452
thp_collapse_alloc 13880
thp_collapse_alloc_failed 0
thp_split 11434
thp_zero_page_alloc 1
thp_zero_page_alloc_failed 0
thp_promote 0
thp_fault_alloc 6749
thp_fault_fallback 12452
thp_collapse_alloc 13880
thp_collapse_alloc_failed 0
thp_split 11434
thp_zero_page_alloc 1
thp_zero_page_alloc_failed 0
thp_promote 0
thp_fault_alloc 6763
thp_fault_fallback 12452
thp_collapse_alloc 13880
thp_collapse_alloc_failed 0
thp_split 11434
thp_zero_page_alloc 1
thp_zero_page_alloc_failed 0
thp_promote 0
thp_fault_alloc 6778
thp_fault_fallback 12452
thp_collapse_alloc 13880
thp_collapse_alloc_failed 0
thp_split 11434
thp_zero_page_alloc 1
thp_zero_page_alloc_failed 0
thp_promote 0
thp_fault_alloc 6792
thp_fault_fallback 12452
thp_collapse_alloc 14805
thp_collapse_alloc_failed 0
thp_split 11434
thp_zero_page_alloc 1
thp_zero_page_alloc_failed 0
thp_promote 0
thp_fault_alloc 6806
thp_fault_fallback 12452
thp_collapse_alloc 14958
thp_collapse_alloc_failed 0
thp_split 11434
thp_zero_page_alloc 1
thp_zero_page_alloc_failed 0
thp_promote 0
thp_fault_alloc 6818
thp_fault_fallback 12452
thp_collapse_alloc 14958
thp_collapse_alloc_failed 0
thp_split 11434
thp_zero_page_alloc 1
thp_zero_page_alloc_failed 0
thp_promote 0
thp_fault_alloc 6832
thp_fault_fallback 12452
thp_collapse_alloc 14958
thp_collapse_alloc_failed 0
thp_split 11434
thp_zero_page_alloc 1
thp_zero_page_alloc_failed 0
thp_promote 0
thp_fault_alloc 6846
thp_fault_fallback 12452
thp_collapse_alloc 14958
thp_collapse_alloc_failed 0
thp_split 11434
thp_zero_page_alloc 1
thp_zero_page_alloc_failed 0
thp_promote 0
thp_fault_alloc 6860
thp_fault_fallback 12452
thp_collapse_alloc 14958
thp_collapse_alloc_failed 0
thp_split 11434
thp_zero_page_alloc 1
thp_zero_page_alloc_failed 0
thp_promote 0
thp_fault_alloc 6872
thp_fault_fallback 12452
thp_collapse_alloc 14958
thp_collapse_alloc_failed 0
thp_split 11434
thp_zero_page_alloc 1
thp_zero_page_alloc_failed 0
thp_promote 0
thp_fault_alloc 6898
thp_fault_fallback 12452
thp_collapse_alloc 14958
thp_collapse_alloc_failed 0
thp_split 11434
thp_zero_page_alloc 1
thp_zero_page_alloc_failed 0
thp_promote 0
thp_fault_alloc 6911
thp_fault_fallback 12452
thp_collapse_alloc 14958
thp_collapse_alloc_failed 0
thp_split 11434
thp_zero_page_alloc 1
thp_zero_page_alloc_failed 0
thp_promote 0
thp_fault_alloc 6925
thp_fault_fallback 12452
thp_collapse_alloc 14994
thp_collapse_alloc_failed 0
thp_split 11434
thp_zero_page_alloc 1
thp_zero_page_alloc_failed 0
thp_promote 0
thp_fault_alloc 6940
thp_fault_fallback 12452
thp_collapse_alloc 14994
thp_collapse_alloc_failed 0
thp_split 11434
thp_zero_page_alloc 1
thp_zero_page_alloc_failed 0
thp_promote 0
thp_fault_alloc 6953
thp_fault_fallback 12452
thp_collapse_alloc 14994
thp_collapse_alloc_failed 0
thp_split 11434
thp_zero_page_alloc 1
thp_zero_page_alloc_failed 0
thp_promote 0
thp_fault_alloc 6965
thp_fault_fallback 12452
thp_collapse_alloc 14994
thp_collapse_alloc_failed 0
thp_split 11434
thp_zero_page_alloc 1
thp_zero_page_alloc_failed 0
thp_promote 0
thp_fault_alloc 6979
thp_fault_fallback 12452
thp_collapse_alloc 14994
thp_collapse_alloc_failed 0
thp_split 11434
thp_zero_page_alloc 1
thp_zero_page_alloc_failed 0
thp_promote 0
thp_fault_alloc 6994
thp_fault_fallback 12452
thp_collapse_alloc 14994
thp_collapse_alloc_failed 0
thp_split 11434
thp_zero_page_alloc 1
thp_zero_page_alloc_failed 0
thp_promote 0
thp_fault_alloc 7018
thp_fault_fallback 12452
thp_collapse_alloc 14994
thp_collapse_alloc_failed 0
thp_split 11434
thp_zero_page_alloc 1
thp_zero_page_alloc_failed 0
thp_promote 0
thp_fault_alloc 7033
thp_fault_fallback 12452
thp_collapse_alloc 14994
thp_collapse_alloc_failed 0
thp_split 11434
thp_zero_page_alloc 1
thp_zero_page_alloc_failed 0
thp_promote 0
thp_fault_alloc 7048
thp_fault_fallback 12452
thp_collapse_alloc 14994
thp_collapse_alloc_failed 0
thp_split 11434
thp_zero_page_alloc 1
thp_zero_page_alloc_failed 0
thp_promote 0
thp_fault_alloc 7060
thp_fault_fallback 12452
thp_collapse_alloc 14994
thp_collapse_alloc_failed 0
thp_split 11434
thp_zero_page_alloc 1
thp_zero_page_alloc_failed 0
thp_promote 0
thp_fault_alloc 7072
thp_fault_fallback 12452
thp_collapse_alloc 15092
thp_collapse_alloc_failed 0
thp_split 11434
thp_zero_page_alloc 1
thp_zero_page_alloc_failed 0
thp_promote 0
thp_fault_alloc 7085
thp_fault_fallback 12452
thp_collapse_alloc 15092
thp_collapse_alloc_failed 0
thp_split 11434
thp_zero_page_alloc 1
thp_zero_page_alloc_failed 0
thp_promote 0
thp_fault_alloc 7100
thp_fault_fallback 12452
thp_collapse_alloc 15092
thp_collapse_alloc_failed 0
thp_split 11434
thp_zero_page_alloc 1
thp_zero_page_alloc_failed 0
thp_promote 0
thp_fault_alloc 7114
thp_fault_fallback 12452
thp_collapse_alloc 15092
thp_collapse_alloc_failed 0
thp_split 11434
thp_zero_page_alloc 1
thp_zero_page_alloc_failed 0
thp_promote 0
thp_fault_alloc 7128
thp_fault_fallback 12452
thp_collapse_alloc 15092
thp_collapse_alloc_failed 0
thp_split 11434
thp_zero_page_alloc 1
thp_zero_page_alloc_failed 0
thp_promote 0
thp_fault_alloc 7143
thp_fault_fallback 12452
thp_collapse_alloc 15092
thp_collapse_alloc_failed 0
thp_split 11434
thp_zero_page_alloc 1
thp_zero_page_alloc_failed 0
thp_promote 0
thp_fault_alloc 7156
thp_fault_fallback 12452
thp_collapse_alloc 15092
thp_collapse_alloc_failed 0
thp_split 11434
thp_zero_page_alloc 1
thp_zero_page_alloc_failed 0
thp_promote 0
thp_fault_alloc 7170
thp_fault_fallback 12452
thp_collapse_alloc 15092
thp_collapse_alloc_failed 0
thp_split 11434
thp_zero_page_alloc 1
thp_zero_page_alloc_failed 0
thp_promote 0
thp_fault_alloc 7183
thp_fault_fallback 12452
thp_collapse_alloc 15092
thp_collapse_alloc_failed 0
thp_split 11434
thp_zero_page_alloc 1
thp_zero_page_alloc_failed 0
thp_promote 0
thp_fault_alloc 7196
thp_fault_fallback 12452
thp_collapse_alloc 15412
thp_collapse_alloc_failed 0
thp_split 11434
thp_zero_page_alloc 1
thp_zero_page_alloc_failed 0
thp_promote 0
thp_fault_alloc 7219
thp_fault_fallback 12452
thp_collapse_alloc 15412
thp_collapse_alloc_failed 0
thp_split 11434
thp_zero_page_alloc 1
thp_zero_page_alloc_failed 0
thp_promote 0
thp_fault_alloc 7235
thp_fault_fallback 12452
thp_collapse_alloc 15412
thp_collapse_alloc_failed 0
thp_split 11434
thp_zero_page_alloc 1
thp_zero_page_alloc_failed 0
thp_promote 0
thp_fault_alloc 7249
thp_fault_fallback 12452
thp_collapse_alloc 15412
thp_collapse_alloc_failed 0
thp_split 11434
thp_zero_page_alloc 1
thp_zero_page_alloc_failed 0
thp_promote 0
thp_fault_alloc 7261
thp_fault_fallback 12452
thp_collapse_alloc 15412
thp_collapse_alloc_failed 0
thp_split 11434
thp_zero_page_alloc 1
thp_zero_page_alloc_failed 0
thp_promote 0
thp_fault_alloc 7275
thp_fault_fallback 12452
thp_collapse_alloc 15412
thp_collapse_alloc_failed 0
thp_split 11434
thp_zero_page_alloc 1
thp_zero_page_alloc_failed 0
thp_promote 0
thp_fault_alloc 7288
thp_fault_fallback 12452
thp_collapse_alloc 15412
thp_collapse_alloc_failed 0
thp_split 11434
thp_zero_page_alloc 1
thp_zero_page_alloc_failed 0
thp_promote 0
thp_fault_alloc 7303
thp_fault_fallback 12452
thp_collapse_alloc 15412
thp_collapse_alloc_failed 0
thp_split 11434
thp_zero_page_alloc 1
thp_zero_page_alloc_failed 0
thp_promote 0
thp_fault_alloc 7315
thp_fault_fallback 12452
thp_collapse_alloc 15412
thp_collapse_alloc_failed 0
thp_split 11434
thp_zero_page_alloc 1
thp_zero_page_alloc_failed 0
thp_promote 0
thp_fault_alloc 7328
thp_fault_fallback 12452
thp_collapse_alloc 15446
thp_collapse_alloc_failed 0
thp_split 11434
thp_zero_page_alloc 1
thp_zero_page_alloc_failed 0
thp_promote 0
thp_fault_alloc 7340
thp_fault_fallback 12452
thp_collapse_alloc 16938
thp_collapse_alloc_failed 0
thp_split 11434
thp_zero_page_alloc 1
thp_zero_page_alloc_failed 0
thp_promote 0
thp_fault_alloc 7352
thp_fault_fallback 12452
thp_collapse_alloc 18390
thp_collapse_alloc_failed 0
thp_split 11434
thp_zero_page_alloc 1
thp_zero_page_alloc_failed 0
thp_promote 0
thp_fault_alloc 7364
thp_fault_fallback 12452
thp_collapse_alloc 18390
thp_collapse_alloc_failed 0
thp_split 11434
thp_zero_page_alloc 1
thp_zero_page_alloc_failed 0
thp_promote 0
thp_fault_alloc 7377
thp_fault_fallback 12452
thp_collapse_alloc 18390
thp_collapse_alloc_failed 0
thp_split 11434
thp_zero_page_alloc 1
thp_zero_page_alloc_failed 0
thp_promote 0
thp_fault_alloc 7402
thp_fault_fallback 12452
thp_collapse_alloc 18390
thp_collapse_alloc_failed 0
thp_split 11434
thp_zero_page_alloc 1
thp_zero_page_alloc_failed 0
thp_promote 0
thp_fault_alloc 7416
thp_fault_fallback 12452
thp_collapse_alloc 18390
thp_collapse_alloc_failed 0
thp_split 11434
thp_zero_page_alloc 1
thp_zero_page_alloc_failed 0
thp_promote 0
thp_fault_alloc 7430
thp_fault_fallback 12452
thp_collapse_alloc 18390
thp_collapse_alloc_failed 0
thp_split 11434
thp_zero_page_alloc 1
thp_zero_page_alloc_failed 0
thp_promote 0
thp_fault_alloc 7443
thp_fault_fallback 12452
thp_collapse_alloc 18390
thp_collapse_alloc_failed 0
thp_split 11434
thp_zero_page_alloc 1
thp_zero_page_alloc_failed 0
thp_promote 0
thp_fault_alloc 7456
thp_fault_fallback 12452
thp_collapse_alloc 18390
thp_collapse_alloc_failed 0
thp_split 11434
thp_zero_page_alloc 1
thp_zero_page_alloc_failed 0
thp_promote 0
thp_fault_alloc 7469
thp_fault_fallback 12452
thp_collapse_alloc 18390
thp_collapse_alloc_failed 0
thp_split 11434
thp_zero_page_alloc 1
thp_zero_page_alloc_failed 0
thp_promote 0
thp_fault_alloc 7484
thp_fault_fallback 12452
thp_collapse_alloc 18390
thp_collapse_alloc_failed 0
thp_split 11434
thp_zero_page_alloc 1
thp_zero_page_alloc_failed 0
thp_promote 0
thp_fault_alloc 7499
thp_fault_fallback 12452
thp_collapse_alloc 18390
thp_collapse_alloc_failed 0
thp_split 11434
thp_zero_page_alloc 1
thp_zero_page_alloc_failed 0
thp_promote 0
thp_fault_alloc 7511
thp_fault_fallback 12452
thp_collapse_alloc 18390
thp_collapse_alloc_failed 0
thp_split 11434
thp_zero_page_alloc 1
thp_zero_page_alloc_failed 0
thp_promote 0
thp_fault_alloc 7524
thp_fault_fallback 12452
thp_collapse_alloc 18390
thp_collapse_alloc_failed 0
thp_split 11434
thp_zero_page_alloc 1
thp_zero_page_alloc_failed 0
thp_promote 0
thp_fault_alloc 7540
thp_fault_fallback 12452
thp_collapse_alloc 18390
thp_collapse_alloc_failed 0
thp_split 11434
thp_zero_page_alloc 1
thp_zero_page_alloc_failed 0
thp_promote 0
thp_fault_alloc 7554
thp_fault_fallback 12452
thp_collapse_alloc 18390
thp_collapse_alloc_failed 0
thp_split 11434
thp_zero_page_alloc 1
thp_zero_page_alloc_failed 0
thp_promote 0
thp_fault_alloc 7567
thp_fault_fallback 12452
thp_collapse_alloc 18390
thp_collapse_alloc_failed 0
thp_split 11434
thp_zero_page_alloc 1
thp_zero_page_alloc_failed 0
thp_promote 0
thp_fault_alloc 7583
thp_fault_fallback 12452
thp_collapse_alloc 18390
thp_collapse_alloc_failed 0
thp_split 11434
thp_zero_page_alloc 1
thp_zero_page_alloc_failed 0
thp_promote 0
thp_fault_alloc 7596
thp_fault_fallback 12452
thp_collapse_alloc 18390
thp_collapse_alloc_failed 0
thp_split 11434
thp_zero_page_alloc 1
thp_zero_page_alloc_failed 0
thp_promote 0
thp_fault_alloc 7609
thp_fault_fallback 12452
thp_collapse_alloc 18390
thp_collapse_alloc_failed 0
thp_split 11434
thp_zero_page_alloc 1
thp_zero_page_alloc_failed 0
thp_promote 0
thp_fault_alloc 7623
thp_fault_fallback 12452
thp_collapse_alloc 18390
thp_collapse_alloc_failed 0
thp_split 11434
thp_zero_page_alloc 1
thp_zero_page_alloc_failed 0
thp_promote 0
thp_fault_alloc 7637
thp_fault_fallback 12452
thp_collapse_alloc 18390
thp_collapse_alloc_failed 0
thp_split 11434
thp_zero_page_alloc 1
thp_zero_page_alloc_failed 0
thp_promote 0
thp_fault_alloc 7650
thp_fault_fallback 12452
thp_collapse_alloc 18390
thp_collapse_alloc_failed 0
thp_split 11434
thp_zero_page_alloc 1
thp_zero_page_alloc_failed 0
thp_promote 0
thp_fault_alloc 7663
thp_fault_fallback 12452
thp_collapse_alloc 18390
thp_collapse_alloc_failed 0
thp_split 11434
thp_zero_page_alloc 1
thp_zero_page_alloc_failed 0
thp_promote 0
thp_fault_alloc 7678
thp_fault_fallback 12452
thp_collapse_alloc 18390
thp_collapse_alloc_failed 0
thp_split 11434
thp_zero_page_alloc 1
thp_zero_page_alloc_failed 0
thp_promote 0
thp_fault_alloc 7692
thp_fault_fallback 12452
thp_collapse_alloc 18390
thp_collapse_alloc_failed 0
thp_split 11434
thp_zero_page_alloc 1
thp_zero_page_alloc_failed 0
thp_promote 0
thp_fault_alloc 7707
thp_fault_fallback 12452
thp_collapse_alloc 18390
thp_collapse_alloc_failed 0
thp_split 11434
thp_zero_page_alloc 1
thp_zero_page_alloc_failed 0
thp_promote 0
thp_fault_alloc 7719
thp_fault_fallback 12452
thp_collapse_alloc 18390
thp_collapse_alloc_failed 0
thp_split 11434
thp_zero_page_alloc 1
thp_zero_page_alloc_failed 0
thp_promote 0
thp_fault_alloc 7732
thp_fault_fallback 12452
thp_collapse_alloc 18390
thp_collapse_alloc_failed 0
thp_split 11434
thp_zero_page_alloc 1
thp_zero_page_alloc_failed 0
thp_promote 0
thp_fault_alloc 7747
thp_fault_fallback 12452
thp_collapse_alloc 18390
thp_collapse_alloc_failed 0
thp_split 11434
thp_zero_page_alloc 1
thp_zero_page_alloc_failed 0
thp_promote 0
thp_fault_alloc 7761
thp_fault_fallback 12452
thp_collapse_alloc 18390
thp_collapse_alloc_failed 0
thp_split 11434
thp_zero_page_alloc 1
thp_zero_page_alloc_failed 0
thp_promote 0
thp_fault_alloc 7774
thp_fault_fallback 12452
thp_collapse_alloc 18390
thp_collapse_alloc_failed 0
thp_split 11434
thp_zero_page_alloc 1
thp_zero_page_alloc_failed 0
thp_promote 0
thp_fault_alloc 7788
thp_fault_fallback 12452
thp_collapse_alloc 18390
thp_collapse_alloc_failed 0
thp_split 11434
thp_zero_page_alloc 1
thp_zero_page_alloc_failed 0
thp_promote 0
thp_fault_alloc 7803
thp_fault_fallback 12452
thp_collapse_alloc 18390
thp_collapse_alloc_failed 0
thp_split 11434
thp_zero_page_alloc 1
thp_zero_page_alloc_failed 0
thp_promote 0
thp_fault_alloc 7818
thp_fault_fallback 12452
thp_collapse_alloc 18390
thp_collapse_alloc_failed 0
thp_split 11434
thp_zero_page_alloc 1
thp_zero_page_alloc_failed 0
thp_promote 0
thp_fault_alloc 7830
thp_fault_fallback 12452
thp_collapse_alloc 18390
thp_collapse_alloc_failed 0
thp_split 11434
thp_zero_page_alloc 1
thp_zero_page_alloc_failed 0
thp_promote 0
thp_fault_alloc 7845
thp_fault_fallback 12452
thp_collapse_alloc 18390
thp_collapse_alloc_failed 0
thp_split 11434
thp_zero_page_alloc 1
thp_zero_page_alloc_failed 0
thp_promote 0
thp_fault_alloc 7860
thp_fault_fallback 12452
thp_collapse_alloc 18390
thp_collapse_alloc_failed 0
thp_split 11434
thp_zero_page_alloc 1
thp_zero_page_alloc_failed 0
thp_promote 0
thp_fault_alloc 7874
thp_fault_fallback 12452
thp_collapse_alloc 18390
thp_collapse_alloc_failed 0
thp_split 11434
thp_zero_page_alloc 1
thp_zero_page_alloc_failed 0
thp_promote 0
thp_fault_alloc 7887
thp_fault_fallback 12452
thp_collapse_alloc 18390
thp_collapse_alloc_failed 0
thp_split 11434
thp_zero_page_alloc 1
thp_zero_page_alloc_failed 0
thp_promote 0
thp_fault_alloc 7902
thp_fault_fallback 12452
thp_collapse_alloc 18390
thp_collapse_alloc_failed 0
thp_split 11434
thp_zero_page_alloc 1
thp_zero_page_alloc_failed 0
thp_promote 0
thp_fault_alloc 7915
thp_fault_fallback 12452
thp_collapse_alloc 18390
thp_collapse_alloc_failed 0
thp_split 11434
thp_zero_page_alloc 1
thp_zero_page_alloc_failed 0
thp_promote 0
thp_fault_alloc 7929
thp_fault_fallback 12452
thp_collapse_alloc 18390
thp_collapse_alloc_failed 0
thp_split 11434
thp_zero_page_alloc 1
thp_zero_page_alloc_failed 0
thp_promote 0
thp_fault_alloc 7944
thp_fault_fallback 12452
thp_collapse_alloc 18390
thp_collapse_alloc_failed 0
thp_split 11434
thp_zero_page_alloc 1
thp_zero_page_alloc_failed 0
thp_promote 0
thp_fault_alloc 7958
thp_fault_fallback 12452
thp_collapse_alloc 18390
thp_collapse_alloc_failed 0
thp_split 11434
thp_zero_page_alloc 1
thp_zero_page_alloc_failed 0
thp_promote 0
thp_fault_alloc 7973
thp_fault_fallback 12452
thp_collapse_alloc 18390
thp_collapse_alloc_failed 0
thp_split 11434
thp_zero_page_alloc 1
thp_zero_page_alloc_failed 0
thp_promote 0
thp_fault_alloc 7987
thp_fault_fallback 12452
thp_collapse_alloc 18390
thp_collapse_alloc_failed 0
thp_split 11434
thp_zero_page_alloc 1
thp_zero_page_alloc_failed 0
thp_promote 0
thp_fault_alloc 7999
thp_fault_fallback 12452
thp_collapse_alloc 18390
thp_collapse_alloc_failed 0
thp_split 11434
thp_zero_page_alloc 1
thp_zero_page_alloc_failed 0
thp_promote 0
thp_fault_alloc 8013
thp_fault_fallback 12452
thp_collapse_alloc 18390
thp_collapse_alloc_failed 0
thp_split 11434
thp_zero_page_alloc 1
thp_zero_page_alloc_failed 0
thp_promote 0
thp_fault_alloc 8026
thp_fault_fallback 12452
thp_collapse_alloc 18390
thp_collapse_alloc_failed 0
thp_split 11434
thp_zero_page_alloc 1
thp_zero_page_alloc_failed 0
thp_promote 0
thp_fault_alloc 8041
thp_fault_fallback 12452
thp_collapse_alloc 18390
thp_collapse_alloc_failed 0
thp_split 11434
thp_zero_page_alloc 1
thp_zero_page_alloc_failed 0
thp_promote 0
thp_fault_alloc 8051
thp_fault_fallback 12452
thp_collapse_alloc 18390
thp_collapse_alloc_failed 0
thp_split 11434
thp_zero_page_alloc 1
thp_zero_page_alloc_failed 0
thp_promote 0
thp_fault_alloc 8065
thp_fault_fallback 12452
thp_collapse_alloc 18390
thp_collapse_alloc_failed 0
thp_split 11434
thp_zero_page_alloc 1
thp_zero_page_alloc_failed 0
thp_promote 0
thp_fault_alloc 8077
thp_fault_fallback 12452
thp_collapse_alloc 18390
thp_collapse_alloc_failed 0
thp_split 11434
thp_zero_page_alloc 1
thp_zero_page_alloc_failed 0
thp_promote 0
thp_fault_alloc 8088
thp_fault_fallback 18407
thp_collapse_alloc 18390
thp_collapse_alloc_failed 0
thp_split 17389
thp_zero_page_alloc 1
thp_zero_page_alloc_failed 0
thp_promote 0
thp_fault_alloc 8100
thp_fault_fallback 18457
thp_collapse_alloc 18390
thp_collapse_alloc_failed 0
thp_split 17439
thp_zero_page_alloc 1
thp_zero_page_alloc_failed 0
thp_promote 0
thp_fault_alloc 8122
thp_fault_fallback 18457
thp_collapse_alloc 18390
thp_collapse_alloc_failed 0
thp_split 17439
thp_zero_page_alloc 1
thp_zero_page_alloc_failed 0
thp_promote 0
thp_fault_alloc 8132
thp_fault_fallback 18457
thp_collapse_alloc 18390
thp_collapse_alloc_failed 0
thp_split 17439
thp_zero_page_alloc 1
thp_zero_page_alloc_failed 0
thp_promote 0
thp_fault_alloc 8144
thp_fault_fallback 18457
thp_collapse_alloc 18390
thp_collapse_alloc_failed 0
thp_split 17439
thp_zero_page_alloc 1
thp_zero_page_alloc_failed 0
thp_promote 0
thp_fault_alloc 8155
thp_fault_fallback 18457
thp_collapse_alloc 18390
thp_collapse_alloc_failed 0
thp_split 17439
thp_zero_page_alloc 1
thp_zero_page_alloc_failed 0
thp_promote 0
thp_fault_alloc 8166
thp_fault_fallback 18457
thp_collapse_alloc 18390
thp_collapse_alloc_failed 0
thp_split 17439
thp_zero_page_alloc 1
thp_zero_page_alloc_failed 0
thp_promote 0
thp_fault_alloc 8186
thp_fault_fallback 18457
thp_collapse_alloc 18390
thp_collapse_alloc_failed 0
thp_split 17439
thp_zero_page_alloc 1
thp_zero_page_alloc_failed 0
thp_promote 0
thp_fault_alloc 8198
thp_fault_fallback 18457
thp_collapse_alloc 18390
thp_collapse_alloc_failed 0
thp_split 17439
thp_zero_page_alloc 1
thp_zero_page_alloc_failed 0
thp_promote 0
thp_fault_alloc 8210
thp_fault_fallback 18457
thp_collapse_alloc 18390
thp_collapse_alloc_failed 0
thp_split 17439
thp_zero_page_alloc 1
thp_zero_page_alloc_failed 0
thp_promote 0
thp_fault_alloc 8222
thp_fault_fallback 18457
thp_collapse_alloc 18390
thp_collapse_alloc_failed 0
thp_split 17439
thp_zero_page_alloc 1
thp_zero_page_alloc_failed 0
thp_promote 0
thp_fault_alloc 8234
thp_fault_fallback 18457
thp_collapse_alloc 18390
thp_collapse_alloc_failed 0
thp_split 17439
thp_zero_page_alloc 1
thp_zero_page_alloc_failed 0
thp_promote 0
thp_fault_alloc 8245
thp_fault_fallback 18457
thp_collapse_alloc 18390
thp_collapse_alloc_failed 0
thp_split 17439
thp_zero_page_alloc 1
thp_zero_page_alloc_failed 0
thp_promote 0
thp_fault_alloc 8259
thp_fault_fallback 18457
thp_collapse_alloc 18390
thp_collapse_alloc_failed 0
thp_split 17439
thp_zero_page_alloc 1
thp_zero_page_alloc_failed 0
thp_promote 0
thp_fault_alloc 8281
thp_fault_fallback 18457
thp_collapse_alloc 18390
thp_collapse_alloc_failed 0
thp_split 17439
thp_zero_page_alloc 1
thp_zero_page_alloc_failed 0
thp_promote 0
thp_fault_alloc 8293
thp_fault_fallback 18457
thp_collapse_alloc 18390
thp_collapse_alloc_failed 0
thp_split 17439
thp_zero_page_alloc 1
thp_zero_page_alloc_failed 0
thp_promote 0
thp_fault_alloc 8304
thp_fault_fallback 18457
thp_collapse_alloc 18390
thp_collapse_alloc_failed 0
thp_split 17439
thp_zero_page_alloc 1
thp_zero_page_alloc_failed 0
thp_promote 0
thp_fault_alloc 8316
thp_fault_fallback 18457
thp_collapse_alloc 18390
thp_collapse_alloc_failed 0
thp_split 17439
thp_zero_page_alloc 1
thp_zero_page_alloc_failed 0
thp_promote 0
thp_fault_alloc 8328
thp_fault_fallback 18457
thp_collapse_alloc 18390
thp_collapse_alloc_failed 0
thp_split 17439
thp_zero_page_alloc 1
thp_zero_page_alloc_failed 0
thp_promote 0
thp_fault_alloc 8340
thp_fault_fallback 18457
thp_collapse_alloc 18390
thp_collapse_alloc_failed 0
thp_split 17439
thp_zero_page_alloc 1
thp_zero_page_alloc_failed 0
thp_promote 0
thp_fault_alloc 8355
thp_fault_fallback 18457
thp_collapse_alloc 18390
thp_collapse_alloc_failed 0
thp_split 17439
thp_zero_page_alloc 1
thp_zero_page_alloc_failed 0
thp_promote 0
thp_fault_alloc 8378
thp_fault_fallback 18457
thp_collapse_alloc 18390
thp_collapse_alloc_failed 0
thp_split 17439
thp_zero_page_alloc 1
thp_zero_page_alloc_failed 0
thp_promote 0
thp_fault_alloc 8391
thp_fault_fallback 18457
thp_collapse_alloc 18390
thp_collapse_alloc_failed 0
thp_split 17439
thp_zero_page_alloc 1
thp_zero_page_alloc_failed 0
thp_promote 0
thp_fault_alloc 8402
thp_fault_fallback 18457
thp_collapse_alloc 18758
thp_collapse_alloc_failed 0
thp_split 17439
thp_zero_page_alloc 1
thp_zero_page_alloc_failed 0
thp_promote 0
thp_fault_alloc 8412
thp_fault_fallback 18457
thp_collapse_alloc 20265
thp_collapse_alloc_failed 0
thp_split 17439
thp_zero_page_alloc 1
thp_zero_page_alloc_failed 0
thp_promote 0
thp_fault_alloc 8425
thp_fault_fallback 18457
thp_collapse_alloc 20343
thp_collapse_alloc_failed 0
thp_split 17439
thp_zero_page_alloc 1
thp_zero_page_alloc_failed 0
thp_promote 0
thp_fault_alloc 8437
thp_fault_fallback 18457
thp_collapse_alloc 20343
thp_collapse_alloc_failed 0
thp_split 17439
thp_zero_page_alloc 1
thp_zero_page_alloc_failed 0
thp_promote 0
thp_fault_alloc 8451
thp_fault_fallback 18457
thp_collapse_alloc 20343
thp_collapse_alloc_failed 0
thp_split 17439
thp_zero_page_alloc 1
thp_zero_page_alloc_failed 0
thp_promote 0
thp_fault_alloc 8463
thp_fault_fallback 18457
thp_collapse_alloc 20343
thp_collapse_alloc_failed 0
thp_split 17439
thp_zero_page_alloc 1
thp_zero_page_alloc_failed 0
thp_promote 0
thp_fault_alloc 8476
thp_fault_fallback 18457
thp_collapse_alloc 20343
thp_collapse_alloc_failed 0
thp_split 17439
thp_zero_page_alloc 1
thp_zero_page_alloc_failed 0
thp_promote 0
thp_fault_alloc 8539
thp_fault_fallback 18457
thp_collapse_alloc 20343
thp_collapse_alloc_failed 0
thp_split 17439
thp_zero_page_alloc 1
thp_zero_page_alloc_failed 0
thp_promote 0
thp_fault_alloc 8550
thp_fault_fallback 18457
thp_collapse_alloc 21737
thp_collapse_alloc_failed 0
thp_split 17439
thp_zero_page_alloc 1
thp_zero_page_alloc_failed 0
thp_promote 0
thp_fault_alloc 8560
thp_fault_fallback 18457
thp_collapse_alloc 23189
thp_collapse_alloc_failed 0
thp_split 17439
thp_zero_page_alloc 1
thp_zero_page_alloc_failed 0
thp_promote 0
thp_fault_alloc 8572
thp_fault_fallback 18457
thp_collapse_alloc 23795
thp_collapse_alloc_failed 0
thp_split 17439
thp_zero_page_alloc 1
thp_zero_page_alloc_failed 0
thp_promote 0
thp_fault_alloc 8584
thp_fault_fallback 18457
thp_collapse_alloc 23795
thp_collapse_alloc_failed 0
thp_split 17439
thp_zero_page_alloc 1
thp_zero_page_alloc_failed 0
thp_promote 0
thp_fault_alloc 8598
thp_fault_fallback 18457
thp_collapse_alloc 23795
thp_collapse_alloc_failed 0
thp_split 17439
thp_zero_page_alloc 1
thp_zero_page_alloc_failed 0
thp_promote 0
thp_fault_alloc 8609
thp_fault_fallback 18457
thp_collapse_alloc 23795
thp_collapse_alloc_failed 0
thp_split 17439
thp_zero_page_alloc 1
thp_zero_page_alloc_failed 0
thp_promote 0
thp_fault_alloc 8622
thp_fault_fallback 18457
thp_collapse_alloc 23795
thp_collapse_alloc_failed 0
thp_split 17439
thp_zero_page_alloc 1
thp_zero_page_alloc_failed 0
thp_promote 0
thp_fault_alloc 8645
thp_fault_fallback 18457
thp_collapse_alloc 23795
thp_collapse_alloc_failed 0
thp_split 17439
thp_zero_page_alloc 1
thp_zero_page_alloc_failed 0
thp_promote 0
thp_fault_alloc 8657
thp_fault_fallback 18457
thp_collapse_alloc 23795
thp_collapse_alloc_failed 0
thp_split 17439
thp_zero_page_alloc 1
thp_zero_page_alloc_failed 0
thp_promote 0
thp_fault_alloc 8671
thp_fault_fallback 18457
thp_collapse_alloc 23795
thp_collapse_alloc_failed 0
thp_split 17439
thp_zero_page_alloc 1
thp_zero_page_alloc_failed 0
thp_promote 0
thp_fault_alloc 8674
thp_fault_fallback 18457
thp_collapse_alloc 23795
thp_collapse_alloc_failed 0
thp_split 17439
thp_zero_page_alloc 1
thp_zero_page_alloc_failed 0
thp_promote 0
thp_fault_alloc 8677
thp_fault_fallback 18457
thp_collapse_alloc 23882
thp_collapse_alloc_failed 0
thp_split 17439
thp_zero_page_alloc 1
thp_zero_page_alloc_failed 0
thp_promote 0
thp_fault_alloc 8681
thp_fault_fallback 18457
thp_collapse_alloc 23882
thp_collapse_alloc_failed 0
thp_split 17439
thp_zero_page_alloc 1
thp_zero_page_alloc_failed 0
thp_promote 0
thp_fault_alloc 8684
thp_fault_fallback 18457
thp_collapse_alloc 23882
thp_collapse_alloc_failed 0
thp_split 17439
thp_zero_page_alloc 1
thp_zero_page_alloc_failed 0
thp_promote 0
thp_fault_alloc 8696
thp_fault_fallback 18457
thp_collapse_alloc 23882
thp_collapse_alloc_failed 0
thp_split 17439
thp_zero_page_alloc 1
thp_zero_page_alloc_failed 0
thp_promote 0
thp_fault_alloc 8699
thp_fault_fallback 18457
thp_collapse_alloc 23882
thp_collapse_alloc_failed 0
thp_split 17439
thp_zero_page_alloc 1
thp_zero_page_alloc_failed 0
thp_promote 0
thp_fault_alloc 8712
thp_fault_fallback 18457
thp_collapse_alloc 23882
thp_collapse_alloc_failed 0
thp_split 17439
thp_zero_page_alloc 1
thp_zero_page_alloc_failed 0
thp_promote 0
thp_fault_alloc 8715
thp_fault_fallback 18457
thp_collapse_alloc 23882
thp_collapse_alloc_failed 0
thp_split 17439
thp_zero_page_alloc 1
thp_zero_page_alloc_failed 0
thp_promote 0
thp_fault_alloc 8727
thp_fault_fallback 18457
thp_collapse_alloc 23882
thp_collapse_alloc_failed 0
thp_split 17439
thp_zero_page_alloc 1
thp_zero_page_alloc_failed 0
thp_promote 0
thp_fault_alloc 8731
thp_fault_fallback 18457
thp_collapse_alloc 23882
thp_collapse_alloc_failed 0
thp_split 17439
thp_zero_page_alloc 1
thp_zero_page_alloc_failed 0
thp_promote 0
thp_fault_alloc 8743
thp_fault_fallback 18457
thp_collapse_alloc 23882
thp_collapse_alloc_failed 0
thp_split 17439
thp_zero_page_alloc 1
thp_zero_page_alloc_failed 0
thp_promote 0
thp_fault_alloc 8757
thp_fault_fallback 18457
thp_collapse_alloc 23884
thp_collapse_alloc_failed 0
thp_split 17439
thp_zero_page_alloc 1
thp_zero_page_alloc_failed 0
thp_promote 0
thp_fault_alloc 8761
thp_fault_fallback 18457
thp_collapse_alloc 23884
thp_collapse_alloc_failed 0
thp_split 17439
thp_zero_page_alloc 1
thp_zero_page_alloc_failed 0
thp_promote 0
thp_fault_alloc 8773
thp_fault_fallback 18457
thp_collapse_alloc 23884
thp_collapse_alloc_failed 0
thp_split 17439
thp_zero_page_alloc 1
thp_zero_page_alloc_failed 0
thp_promote 0
thp_fault_alloc 8776
thp_fault_fallback 18457
thp_collapse_alloc 23884
thp_collapse_alloc_failed 0
thp_split 17439
thp_zero_page_alloc 1
thp_zero_page_alloc_failed 0
thp_promote 0
thp_fault_alloc 8787
thp_fault_fallback 18457
thp_collapse_alloc 23884
thp_collapse_alloc_failed 0
thp_split 17439
thp_zero_page_alloc 1
thp_zero_page_alloc_failed 0
thp_promote 0
thp_fault_alloc 8790
thp_fault_fallback 18457
thp_collapse_alloc 23884
thp_collapse_alloc_failed 0
thp_split 17439
thp_zero_page_alloc 1
thp_zero_page_alloc_failed 0
thp_promote 0
thp_fault_alloc 8804
thp_fault_fallback 18457
thp_collapse_alloc 23884
thp_collapse_alloc_failed 0
thp_split 17439
thp_zero_page_alloc 1
thp_zero_page_alloc_failed 0
thp_promote 0
thp_fault_alloc 8808
thp_fault_fallback 18457
thp_collapse_alloc 23884
thp_collapse_alloc_failed 0
thp_split 17439
thp_zero_page_alloc 1
thp_zero_page_alloc_failed 0
thp_promote 0
thp_fault_alloc 8819
thp_fault_fallback 18457
thp_collapse_alloc 23884
thp_collapse_alloc_failed 0
thp_split 17439
thp_zero_page_alloc 1
thp_zero_page_alloc_failed 0
thp_promote 0
thp_fault_alloc 8823
thp_fault_fallback 18457
thp_collapse_alloc 23884
thp_collapse_alloc_failed 0
thp_split 17439
thp_zero_page_alloc 1
thp_zero_page_alloc_failed 0
thp_promote 0
thp_fault_alloc 8836
thp_fault_fallback 18457
thp_collapse_alloc 23884
thp_collapse_alloc_failed 0
thp_split 17439
thp_zero_page_alloc 1
thp_zero_page_alloc_failed 0
thp_promote 0
thp_fault_alloc 8839
thp_fault_fallback 18457
thp_collapse_alloc 23884
thp_collapse_alloc_failed 0
thp_split 17439
thp_zero_page_alloc 1
thp_zero_page_alloc_failed 0
thp_promote 0
thp_fault_alloc 8851
thp_fault_fallback 18457
thp_collapse_alloc 23884
thp_collapse_alloc_failed 0
thp_split 17439
thp_zero_page_alloc 1
thp_zero_page_alloc_failed 0
thp_promote 0
thp_fault_alloc 8864
thp_fault_fallback 18457
thp_collapse_alloc 23884
thp_collapse_alloc_failed 0
thp_split 17439
thp_zero_page_alloc 1
thp_zero_page_alloc_failed 0
thp_promote 0
thp_fault_alloc 8886
thp_fault_fallback 18457
thp_collapse_alloc 23884
thp_collapse_alloc_failed 0
thp_split 17439
thp_zero_page_alloc 1
thp_zero_page_alloc_failed 0
thp_promote 0
thp_fault_alloc 8898
thp_fault_fallback 18457
thp_collapse_alloc 23884
thp_collapse_alloc_failed 0
thp_split 17439
thp_zero_page_alloc 1
thp_zero_page_alloc_failed 0
thp_promote 0
thp_fault_alloc 8911
thp_fault_fallback 18457
thp_collapse_alloc 23884
thp_collapse_alloc_failed 0
thp_split 17439
thp_zero_page_alloc 1
thp_zero_page_alloc_failed 0
thp_promote 0
thp_fault_alloc 8922
thp_fault_fallback 18457
thp_collapse_alloc 23884
thp_collapse_alloc_failed 0
thp_split 17439
thp_zero_page_alloc 1
thp_zero_page_alloc_failed 0
thp_promote 0
thp_fault_alloc 8935
thp_fault_fallback 18457
thp_collapse_alloc 23884
thp_collapse_alloc_failed 0
thp_split 17439
thp_zero_page_alloc 1
thp_zero_page_alloc_failed 0
thp_promote 0
thp_fault_alloc 8947
thp_fault_fallback 18457
thp_collapse_alloc 23884
thp_collapse_alloc_failed 0
thp_split 17439
thp_zero_page_alloc 1
thp_zero_page_alloc_failed 0
thp_promote 0
thp_fault_alloc 8959
thp_fault_fallback 18457
thp_collapse_alloc 23884
thp_collapse_alloc_failed 0
thp_split 17439
thp_zero_page_alloc 1
thp_zero_page_alloc_failed 0
thp_promote 0
thp_fault_alloc 8971
thp_fault_fallback 18457
thp_collapse_alloc 23884
thp_collapse_alloc_failed 0
thp_split 17439
thp_zero_page_alloc 1
thp_zero_page_alloc_failed 0
thp_promote 0
thp_fault_alloc 8987
thp_fault_fallback 18457
thp_collapse_alloc 23884
thp_collapse_alloc_failed 0
thp_split 17439
thp_zero_page_alloc 1
thp_zero_page_alloc_failed 0
thp_promote 0
thp_fault_alloc 9007
thp_fault_fallback 18457
thp_collapse_alloc 23884
thp_collapse_alloc_failed 0
thp_split 17439
thp_zero_page_alloc 1
thp_zero_page_alloc_failed 0
thp_promote 0
thp_fault_alloc 9020
thp_fault_fallback 18457
thp_collapse_alloc 23884
thp_collapse_alloc_failed 0
thp_split 17439
thp_zero_page_alloc 1
thp_zero_page_alloc_failed 0
thp_promote 0
thp_fault_alloc 9033
thp_fault_fallback 18457
thp_collapse_alloc 23884
thp_collapse_alloc_failed 0
thp_split 17439
thp_zero_page_alloc 1
thp_zero_page_alloc_failed 0
thp_promote 0
thp_fault_alloc 9047
thp_fault_fallback 18457
thp_collapse_alloc 23884
thp_collapse_alloc_failed 0
thp_split 17439
thp_zero_page_alloc 1
thp_zero_page_alloc_failed 0
thp_promote 0
thp_fault_alloc 9059
thp_fault_fallback 18457
thp_collapse_alloc 24089
thp_collapse_alloc_failed 0
thp_split 17439
thp_zero_page_alloc 1
thp_zero_page_alloc_failed 0
thp_promote 0
thp_fault_alloc 9073
thp_fault_fallback 18457
thp_collapse_alloc 25586
thp_collapse_alloc_failed 0
thp_split 17439
thp_zero_page_alloc 1
thp_zero_page_alloc_failed 0
thp_promote 0
thp_fault_alloc 9085
thp_fault_fallback 18457
thp_collapse_alloc 27091
thp_collapse_alloc_failed 0
thp_split 17439
thp_zero_page_alloc 1
thp_zero_page_alloc_failed 0
thp_promote 0
thp_fault_alloc 9096
thp_fault_fallback 18457
thp_collapse_alloc 27142
thp_collapse_alloc_failed 0
thp_split 17439
thp_zero_page_alloc 1
thp_zero_page_alloc_failed 0
thp_promote 0
thp_fault_alloc 9108
thp_fault_fallback 18457
thp_collapse_alloc 27142
thp_collapse_alloc_failed 0
thp_split 17439
thp_zero_page_alloc 1
thp_zero_page_alloc_failed 0
thp_promote 0
thp_fault_alloc 9122
thp_fault_fallback 18457
thp_collapse_alloc 27142
thp_collapse_alloc_failed 0
thp_split 17439
thp_zero_page_alloc 1
thp_zero_page_alloc_failed 0
thp_promote 0
thp_fault_alloc 9136
thp_fault_fallback 18457
thp_collapse_alloc 27142
thp_collapse_alloc_failed 0
thp_split 17439
thp_zero_page_alloc 1
thp_zero_page_alloc_failed 0
thp_promote 0
thp_fault_alloc 9150
thp_fault_fallback 18457
thp_collapse_alloc 27142
thp_collapse_alloc_failed 0
thp_split 17439
thp_zero_page_alloc 1
thp_zero_page_alloc_failed 0
thp_promote 0
thp_fault_alloc 9161
thp_fault_fallback 18457
thp_collapse_alloc 27142
thp_collapse_alloc_failed 0
thp_split 17439
thp_zero_page_alloc 1
thp_zero_page_alloc_failed 0
thp_promote 0
thp_fault_alloc 9173
thp_fault_fallback 18457
thp_collapse_alloc 27142
thp_collapse_alloc_failed 0
thp_split 17439
thp_zero_page_alloc 1
thp_zero_page_alloc_failed 0
thp_promote 0
thp_fault_alloc 9185
thp_fault_fallback 18457
thp_collapse_alloc 27142
thp_collapse_alloc_failed 0
thp_split 17439
thp_zero_page_alloc 1
thp_zero_page_alloc_failed 0
thp_promote 0
thp_fault_alloc 9198
thp_fault_fallback 18457
thp_collapse_alloc 27142
thp_collapse_alloc_failed 0
thp_split 17439
thp_zero_page_alloc 1
thp_zero_page_alloc_failed 0
thp_promote 0
thp_fault_alloc 9208
thp_fault_fallback 18457
thp_collapse_alloc 27142
thp_collapse_alloc_failed 0
thp_split 17439
thp_zero_page_alloc 1
thp_zero_page_alloc_failed 0
thp_promote 0
thp_fault_alloc 9219
thp_fault_fallback 18457
thp_collapse_alloc 27142
thp_collapse_alloc_failed 0
thp_split 17439
thp_zero_page_alloc 1
thp_zero_page_alloc_failed 0
thp_promote 0
thp_fault_alloc 9227
thp_fault_fallback 18457
thp_collapse_alloc 27142
thp_collapse_alloc_failed 0
thp_split 17439
thp_zero_page_alloc 1
thp_zero_page_alloc_failed 0
thp_promote 0
thp_fault_alloc 9238
thp_fault_fallback 18457
thp_collapse_alloc 27142
thp_collapse_alloc_failed 0
thp_split 17439
thp_zero_page_alloc 1
thp_zero_page_alloc_failed 0
thp_promote 0
thp_fault_alloc 9247
thp_fault_fallback 18457
thp_collapse_alloc 27142
thp_collapse_alloc_failed 0
thp_split 17439
thp_zero_page_alloc 1
thp_zero_page_alloc_failed 0
thp_promote 0
thp_fault_alloc 9257
thp_fault_fallback 18457
thp_collapse_alloc 27142
thp_collapse_alloc_failed 0
thp_split 17439
thp_zero_page_alloc 1
thp_zero_page_alloc_failed 0
thp_promote 0
thp_fault_alloc 9268
thp_fault_fallback 18457
thp_collapse_alloc 27142
thp_collapse_alloc_failed 0
thp_split 17439
thp_zero_page_alloc 1
thp_zero_page_alloc_failed 0
thp_promote 0
thp_fault_alloc 9278
thp_fault_fallback 18457
thp_collapse_alloc 27142
thp_collapse_alloc_failed 0
thp_split 17439
thp_zero_page_alloc 1
thp_zero_page_alloc_failed 0
thp_promote 0
thp_fault_alloc 9287
thp_fault_fallback 18457
thp_collapse_alloc 27142
thp_collapse_alloc_failed 0
thp_split 17439
thp_zero_page_alloc 1
thp_zero_page_alloc_failed 0
thp_promote 0
thp_fault_alloc 9298
thp_fault_fallback 18457
thp_collapse_alloc 27142
thp_collapse_alloc_failed 0
thp_split 17439
thp_zero_page_alloc 1
thp_zero_page_alloc_failed 0
thp_promote 0
thp_fault_alloc 9308
thp_fault_fallback 18457
thp_collapse_alloc 27142
thp_collapse_alloc_failed 0
thp_split 17439
thp_zero_page_alloc 1
thp_zero_page_alloc_failed 0
thp_promote 0
thp_fault_alloc 9319
thp_fault_fallback 18457
thp_collapse_alloc 27142
thp_collapse_alloc_failed 0
thp_split 17439
thp_zero_page_alloc 1
thp_zero_page_alloc_failed 0
thp_promote 0
thp_fault_alloc 9329
thp_fault_fallback 18457
thp_collapse_alloc 27142
thp_collapse_alloc_failed 0
thp_split 17439
thp_zero_page_alloc 1
thp_zero_page_alloc_failed 0
thp_promote 0
thp_fault_alloc 9338
thp_fault_fallback 18457
thp_collapse_alloc 27142
thp_collapse_alloc_failed 0
thp_split 17439
thp_zero_page_alloc 1
thp_zero_page_alloc_failed 0
thp_promote 0
thp_fault_alloc 9348
thp_fault_fallback 18457
thp_collapse_alloc 27142
thp_collapse_alloc_failed 0
thp_split 17439
thp_zero_page_alloc 1
thp_zero_page_alloc_failed 0
thp_promote 0
thp_fault_alloc 9358
thp_fault_fallback 18457
thp_collapse_alloc 27142
thp_collapse_alloc_failed 0
thp_split 17439
thp_zero_page_alloc 1
thp_zero_page_alloc_failed 0
thp_promote 0
thp_fault_alloc 9368
thp_fault_fallback 18457
thp_collapse_alloc 27142
thp_collapse_alloc_failed 0
thp_split 17439
thp_zero_page_alloc 1
thp_zero_page_alloc_failed 0
thp_promote 0
thp_fault_alloc 9376
thp_fault_fallback 18457
thp_collapse_alloc 27142
thp_collapse_alloc_failed 0
thp_split 17439
thp_zero_page_alloc 1
thp_zero_page_alloc_failed 0
thp_promote 0
thp_fault_alloc 9385
thp_fault_fallback 18457
thp_collapse_alloc 27142
thp_collapse_alloc_failed 0
thp_split 17439
thp_zero_page_alloc 1
thp_zero_page_alloc_failed 0
thp_promote 0
thp_fault_alloc 9394
thp_fault_fallback 18457
thp_collapse_alloc 27142
thp_collapse_alloc_failed 0
thp_split 17439
thp_zero_page_alloc 1
thp_zero_page_alloc_failed 0
thp_promote 0
thp_fault_alloc 9404
thp_fault_fallback 18457
thp_collapse_alloc 27142
thp_collapse_alloc_failed 0
thp_split 17439
thp_zero_page_alloc 1
thp_zero_page_alloc_failed 0
thp_promote 0
thp_fault_alloc 9413
thp_fault_fallback 18457
thp_collapse_alloc 27142
thp_collapse_alloc_failed 0
thp_split 17439
thp_zero_page_alloc 1
thp_zero_page_alloc_failed 0
thp_promote 0
thp_fault_alloc 9422
thp_fault_fallback 18457
thp_collapse_alloc 27142
thp_collapse_alloc_failed 0
thp_split 17439
thp_zero_page_alloc 1
thp_zero_page_alloc_failed 0
thp_promote 0
thp_fault_alloc 9433
thp_fault_fallback 18457
thp_collapse_alloc 27142
thp_collapse_alloc_failed 0
thp_split 17439
thp_zero_page_alloc 1
thp_zero_page_alloc_failed 0
thp_promote 0
thp_fault_alloc 9442
thp_fault_fallback 18457
thp_collapse_alloc 27142
thp_collapse_alloc_failed 0
thp_split 17439
thp_zero_page_alloc 1
thp_zero_page_alloc_failed 0
thp_promote 0
thp_fault_alloc 9453
thp_fault_fallback 18457
thp_collapse_alloc 27142
thp_collapse_alloc_failed 0
thp_split 17439
thp_zero_page_alloc 1
thp_zero_page_alloc_failed 0
thp_promote 0
thp_fault_alloc 9462
thp_fault_fallback 18457
thp_collapse_alloc 27142
thp_collapse_alloc_failed 0
thp_split 17439
thp_zero_page_alloc 1
thp_zero_page_alloc_failed 0
thp_promote 0
thp_fault_alloc 9470
thp_fault_fallback 18457
thp_collapse_alloc 27142
thp_collapse_alloc_failed 0
thp_split 17439
thp_zero_page_alloc 1
thp_zero_page_alloc_failed 0
thp_promote 0
thp_fault_alloc 9479
thp_fault_fallback 18457
thp_collapse_alloc 27142
thp_collapse_alloc_failed 0
thp_split 17439
thp_zero_page_alloc 1
thp_zero_page_alloc_failed 0
thp_promote 0
thp_fault_alloc 9488
thp_fault_fallback 18457
thp_collapse_alloc 27142
thp_collapse_alloc_failed 0
thp_split 17439
thp_zero_page_alloc 1
thp_zero_page_alloc_failed 0
thp_promote 0
thp_fault_alloc 9511
thp_fault_fallback 18457
thp_collapse_alloc 27142
thp_collapse_alloc_failed 0
thp_split 17439
thp_zero_page_alloc 1
thp_zero_page_alloc_failed 0
thp_promote 0
thp_fault_alloc 9564
thp_fault_fallback 18457
thp_collapse_alloc 27142
thp_collapse_alloc_failed 0
thp_split 17439
thp_zero_page_alloc 1
thp_zero_page_alloc_failed 0
thp_promote 0
thp_fault_alloc 9574
thp_fault_fallback 18457
thp_collapse_alloc 27142
thp_collapse_alloc_failed 0
thp_split 17439
thp_zero_page_alloc 1
thp_zero_page_alloc_failed 0
thp_promote 0
thp_fault_alloc 9641
thp_fault_fallback 18457
thp_collapse_alloc 27142
thp_collapse_alloc_failed 0
thp_split 17439
thp_zero_page_alloc 1
thp_zero_page_alloc_failed 0
thp_promote 0
thp_fault_alloc 9650
thp_fault_fallback 18457
thp_collapse_alloc 27142
thp_collapse_alloc_failed 0
thp_split 17439
thp_zero_page_alloc 1
thp_zero_page_alloc_failed 0
thp_promote 0
thp_fault_alloc 9660
thp_fault_fallback 18457
thp_collapse_alloc 27142
thp_collapse_alloc_failed 0
thp_split 17439
thp_zero_page_alloc 1
thp_zero_page_alloc_failed 0
thp_promote 0
thp_fault_alloc 9784
thp_fault_fallback 18457
thp_collapse_alloc 27142
thp_collapse_alloc_failed 0
thp_split 17439
thp_zero_page_alloc 1
thp_zero_page_alloc_failed 0
thp_promote 0
thp_fault_alloc 9793
thp_fault_fallback 18457
thp_collapse_alloc 27142
thp_collapse_alloc_failed 0
thp_split 17439
thp_zero_page_alloc 1
thp_zero_page_alloc_failed 0
thp_promote 0
thp_fault_alloc 9803
thp_fault_fallback 18457
thp_collapse_alloc 27142
thp_collapse_alloc_failed 0
thp_split 17439
thp_zero_page_alloc 1
thp_zero_page_alloc_failed 0
thp_promote 0
thp_fault_alloc 9813
thp_fault_fallback 18457
thp_collapse_alloc 27142
thp_collapse_alloc_failed 0
thp_split 17439
thp_zero_page_alloc 1
thp_zero_page_alloc_failed 0
thp_promote 0
thp_fault_alloc 9824
thp_fault_fallback 18457
thp_collapse_alloc 27142
thp_collapse_alloc_failed 0
thp_split 17439
thp_zero_page_alloc 1
thp_zero_page_alloc_failed 0
thp_promote 0
thp_fault_alloc 9834
thp_fault_fallback 18457
thp_collapse_alloc 27142
thp_collapse_alloc_failed 0
thp_split 17439
thp_zero_page_alloc 1
thp_zero_page_alloc_failed 0
thp_promote 0
thp_fault_alloc 10073
thp_fault_fallback 18457
thp_collapse_alloc 27142
thp_collapse_alloc_failed 0
thp_split 17439
thp_zero_page_alloc 1
thp_zero_page_alloc_failed 0
thp_promote 0
thp_fault_alloc 10084
thp_fault_fallback 18457
thp_collapse_alloc 27142
thp_collapse_alloc_failed 0
thp_split 17439
thp_zero_page_alloc 1
thp_zero_page_alloc_failed 0
thp_promote 0
thp_fault_alloc 10093
thp_fault_fallback 18469
thp_collapse_alloc 27142
thp_collapse_alloc_failed 0
thp_split 17451
thp_zero_page_alloc 1
thp_zero_page_alloc_failed 0
thp_promote 0
thp_fault_alloc 10103
thp_fault_fallback 18469
thp_collapse_alloc 27142
thp_collapse_alloc_failed 0
thp_split 17451
thp_zero_page_alloc 1
thp_zero_page_alloc_failed 0
thp_promote 0
thp_fault_alloc 10113
thp_fault_fallback 18469
thp_collapse_alloc 27142
thp_collapse_alloc_failed 0
thp_split 17451
thp_zero_page_alloc 1
thp_zero_page_alloc_failed 0
thp_promote 0
thp_fault_alloc 10122
thp_fault_fallback 18469
thp_collapse_alloc 27142
thp_collapse_alloc_failed 0
thp_split 17451
thp_zero_page_alloc 1
thp_zero_page_alloc_failed 0
thp_promote 0
thp_fault_alloc 10132
thp_fault_fallback 18469
thp_collapse_alloc 27142
thp_collapse_alloc_failed 0
thp_split 17451
thp_zero_page_alloc 1
thp_zero_page_alloc_failed 0
thp_promote 0
thp_fault_alloc 10149
thp_fault_fallback 18469
thp_collapse_alloc 27142
thp_collapse_alloc_failed 0
thp_split 17451
thp_zero_page_alloc 1
thp_zero_page_alloc_failed 0
thp_promote 0
thp_fault_alloc 10157
thp_fault_fallback 18469
thp_collapse_alloc 27142
thp_collapse_alloc_failed 0
thp_split 17451
thp_zero_page_alloc 1
thp_zero_page_alloc_failed 0
thp_promote 0
thp_fault_alloc 10166
thp_fault_fallback 18469
thp_collapse_alloc 27142
thp_collapse_alloc_failed 0
thp_split 17451
thp_zero_page_alloc 1
thp_zero_page_alloc_failed 0
thp_promote 0
thp_fault_alloc 10175
thp_fault_fallback 18469
thp_collapse_alloc 27142
thp_collapse_alloc_failed 0
thp_split 17451
thp_zero_page_alloc 1
thp_zero_page_alloc_failed 0
thp_promote 0
thp_fault_alloc 10185
thp_fault_fallback 18469
thp_collapse_alloc 27142
thp_collapse_alloc_failed 0
thp_split 17451
thp_zero_page_alloc 1
thp_zero_page_alloc_failed 0
thp_promote 0
thp_fault_alloc 10195
thp_fault_fallback 18469
thp_collapse_alloc 27142
thp_collapse_alloc_failed 0
thp_split 17451
thp_zero_page_alloc 1
thp_zero_page_alloc_failed 0
thp_promote 0
thp_fault_alloc 10573
thp_fault_fallback 18469
thp_collapse_alloc 27142
thp_collapse_alloc_failed 0
thp_split 17451
thp_zero_page_alloc 1
thp_zero_page_alloc_failed 0
thp_promote 0
thp_fault_alloc 10670
thp_fault_fallback 18469
thp_collapse_alloc 27142
thp_collapse_alloc_failed 0
thp_split 17451
thp_zero_page_alloc 1
thp_zero_page_alloc_failed 0
thp_promote 0
thp_fault_alloc 10681
thp_fault_fallback 18473
thp_collapse_alloc 27142
thp_collapse_alloc_failed 0
thp_split 17456
thp_zero_page_alloc 1
thp_zero_page_alloc_failed 0
thp_promote 0
thp_fault_alloc 10691
thp_fault_fallback 18473
thp_collapse_alloc 27142
thp_collapse_alloc_failed 0
thp_split 17456
thp_zero_page_alloc 1
thp_zero_page_alloc_failed 0
thp_promote 0
thp_fault_alloc 10699
thp_fault_fallback 18473
thp_collapse_alloc 27142
thp_collapse_alloc_failed 0
thp_split 17456
thp_zero_page_alloc 1
thp_zero_page_alloc_failed 0
thp_promote 0
thp_fault_alloc 10709
thp_fault_fallback 18473
thp_collapse_alloc 27142
thp_collapse_alloc_failed 0
thp_split 17456
thp_zero_page_alloc 1
thp_zero_page_alloc_failed 0
thp_promote 0
thp_fault_alloc 10718
thp_fault_fallback 18473
thp_collapse_alloc 27142
thp_collapse_alloc_failed 0
thp_split 17456
thp_zero_page_alloc 1
thp_zero_page_alloc_failed 0
thp_promote 0
thp_fault_alloc 10730
thp_fault_fallback 18473
thp_collapse_alloc 27142
thp_collapse_alloc_failed 0
thp_split 17456
thp_zero_page_alloc 1
thp_zero_page_alloc_failed 0
thp_promote 0
thp_fault_alloc 10738
thp_fault_fallback 18473
thp_collapse_alloc 27142
thp_collapse_alloc_failed 0
thp_split 17456
thp_zero_page_alloc 1
thp_zero_page_alloc_failed 0
thp_promote 0
thp_fault_alloc 10748
thp_fault_fallback 18473
thp_collapse_alloc 27142
thp_collapse_alloc_failed 0
thp_split 17456
thp_zero_page_alloc 1
thp_zero_page_alloc_failed 0
thp_promote 0
thp_fault_alloc 10759
thp_fault_fallback 18473
thp_collapse_alloc 27142
thp_collapse_alloc_failed 0
thp_split 17456
thp_zero_page_alloc 1
thp_zero_page_alloc_failed 0
thp_promote 0
thp_fault_alloc 10770
thp_fault_fallback 18473
thp_collapse_alloc 27142
thp_collapse_alloc_failed 0
thp_split 17456
thp_zero_page_alloc 1
thp_zero_page_alloc_failed 0
thp_promote 0
thp_fault_alloc 10779
thp_fault_fallback 18473
thp_collapse_alloc 27142
thp_collapse_alloc_failed 0
thp_split 17456
thp_zero_page_alloc 1
thp_zero_page_alloc_failed 0
thp_promote 0
thp_fault_alloc 10788
thp_fault_fallback 18473
thp_collapse_alloc 27142
thp_collapse_alloc_failed 0
thp_split 17456
thp_zero_page_alloc 1
thp_zero_page_alloc_failed 0
thp_promote 0
