thp_fault_alloc 10297
thp_fault_fallback 0
thp_collapse_alloc 12
thp_collapse_alloc_failed 0
thp_split 1
thp_zero_page_alloc 1
thp_zero_page_alloc_failed 0
thp_promote 0
thp_fault_alloc 11659
thp_fault_fallback 0
thp_collapse_alloc 12
thp_collapse_alloc_failed 0
thp_split 1
thp_zero_page_alloc 1
thp_zero_page_alloc_failed 0
thp_promote 0
thp_fault_alloc 11666
thp_fault_fallback 0
thp_collapse_alloc 12
thp_collapse_alloc_failed 0
thp_split 1
thp_zero_page_alloc 1
thp_zero_page_alloc_failed 0
thp_promote 0
thp_fault_alloc 11673
thp_fault_fallback 0
thp_collapse_alloc 12
thp_collapse_alloc_failed 0
thp_split 1
thp_zero_page_alloc 1
thp_zero_page_alloc_failed 0
thp_promote 0
thp_fault_alloc 11680
thp_fault_fallback 0
thp_collapse_alloc 12
thp_collapse_alloc_failed 0
thp_split 1
thp_zero_page_alloc 1
thp_zero_page_alloc_failed 0
thp_promote 0
thp_fault_alloc 11686
thp_fault_fallback 0
thp_collapse_alloc 12
thp_collapse_alloc_failed 0
thp_split 1
thp_zero_page_alloc 1
thp_zero_page_alloc_failed 0
thp_promote 0
thp_fault_alloc 11693
thp_fault_fallback 0
thp_collapse_alloc 12
thp_collapse_alloc_failed 0
thp_split 1
thp_zero_page_alloc 1
thp_zero_page_alloc_failed 0
thp_promote 0
thp_fault_alloc 11699
thp_fault_fallback 0
thp_collapse_alloc 12
thp_collapse_alloc_failed 0
thp_split 1
thp_zero_page_alloc 1
thp_zero_page_alloc_failed 0
thp_promote 0
thp_fault_alloc 11706
thp_fault_fallback 0
thp_collapse_alloc 12
thp_collapse_alloc_failed 0
thp_split 1
thp_zero_page_alloc 1
thp_zero_page_alloc_failed 0
thp_promote 0
thp_fault_alloc 11713
thp_fault_fallback 0
thp_collapse_alloc 12
thp_collapse_alloc_failed 0
thp_split 1
thp_zero_page_alloc 1
thp_zero_page_alloc_failed 0
thp_promote 0
thp_fault_alloc 11719
thp_fault_fallback 0
thp_collapse_alloc 12
thp_collapse_alloc_failed 0
thp_split 1
thp_zero_page_alloc 1
thp_zero_page_alloc_failed 0
thp_promote 0
thp_fault_alloc 11726
thp_fault_fallback 0
thp_collapse_alloc 12
thp_collapse_alloc_failed 0
thp_split 1
thp_zero_page_alloc 1
thp_zero_page_alloc_failed 0
thp_promote 0
thp_fault_alloc 11732
thp_fault_fallback 0
thp_collapse_alloc 12
thp_collapse_alloc_failed 0
thp_split 1
thp_zero_page_alloc 1
thp_zero_page_alloc_failed 0
thp_promote 0
thp_fault_alloc 11738
thp_fault_fallback 0
thp_collapse_alloc 12
thp_collapse_alloc_failed 0
thp_split 1
thp_zero_page_alloc 1
thp_zero_page_alloc_failed 0
thp_promote 0
thp_fault_alloc 11745
thp_fault_fallback 0
thp_collapse_alloc 12
thp_collapse_alloc_failed 0
thp_split 1
thp_zero_page_alloc 1
thp_zero_page_alloc_failed 0
thp_promote 0
thp_fault_alloc 11751
thp_fault_fallback 0
thp_collapse_alloc 12
thp_collapse_alloc_failed 0
thp_split 1
thp_zero_page_alloc 1
thp_zero_page_alloc_failed 0
thp_promote 0
thp_fault_alloc 11758
thp_fault_fallback 0
thp_collapse_alloc 12
thp_collapse_alloc_failed 0
thp_split 1
thp_zero_page_alloc 1
thp_zero_page_alloc_failed 0
thp_promote 0
thp_fault_alloc 11764
thp_fault_fallback 0
thp_collapse_alloc 12
thp_collapse_alloc_failed 0
thp_split 1
thp_zero_page_alloc 1
thp_zero_page_alloc_failed 0
thp_promote 0
thp_fault_alloc 11770
thp_fault_fallback 0
thp_collapse_alloc 12
thp_collapse_alloc_failed 0
thp_split 1
thp_zero_page_alloc 1
thp_zero_page_alloc_failed 0
thp_promote 0
thp_fault_alloc 11777
thp_fault_fallback 0
thp_collapse_alloc 12
thp_collapse_alloc_failed 0
thp_split 1
thp_zero_page_alloc 1
thp_zero_page_alloc_failed 0
thp_promote 0
thp_fault_alloc 11784
thp_fault_fallback 0
thp_collapse_alloc 12
thp_collapse_alloc_failed 0
thp_split 1
thp_zero_page_alloc 1
thp_zero_page_alloc_failed 0
thp_promote 0
thp_fault_alloc 11790
thp_fault_fallback 0
thp_collapse_alloc 12
thp_collapse_alloc_failed 0
thp_split 1
thp_zero_page_alloc 1
thp_zero_page_alloc_failed 0
thp_promote 0
thp_fault_alloc 11797
thp_fault_fallback 0
thp_collapse_alloc 12
thp_collapse_alloc_failed 0
thp_split 1
thp_zero_page_alloc 1
thp_zero_page_alloc_failed 0
thp_promote 0
thp_fault_alloc 11803
thp_fault_fallback 0
thp_collapse_alloc 12
thp_collapse_alloc_failed 0
thp_split 1
thp_zero_page_alloc 1
thp_zero_page_alloc_failed 0
thp_promote 0
thp_fault_alloc 11809
thp_fault_fallback 0
thp_collapse_alloc 12
thp_collapse_alloc_failed 0
thp_split 1
thp_zero_page_alloc 1
thp_zero_page_alloc_failed 0
thp_promote 0
thp_fault_alloc 11815
thp_fault_fallback 0
thp_collapse_alloc 12
thp_collapse_alloc_failed 0
thp_split 1
thp_zero_page_alloc 1
thp_zero_page_alloc_failed 0
thp_promote 0
thp_fault_alloc 11822
thp_fault_fallback 0
thp_collapse_alloc 12
thp_collapse_alloc_failed 0
thp_split 1
thp_zero_page_alloc 1
thp_zero_page_alloc_failed 0
thp_promote 0
thp_fault_alloc 11828
thp_fault_fallback 0
thp_collapse_alloc 12
thp_collapse_alloc_failed 0
thp_split 1
thp_zero_page_alloc 1
thp_zero_page_alloc_failed 0
thp_promote 0
thp_fault_alloc 11834
thp_fault_fallback 0
thp_collapse_alloc 12
thp_collapse_alloc_failed 0
thp_split 1
thp_zero_page_alloc 1
thp_zero_page_alloc_failed 0
thp_promote 0
thp_fault_alloc 11840
thp_fault_fallback 0
thp_collapse_alloc 12
thp_collapse_alloc_failed 0
thp_split 1
thp_zero_page_alloc 1
thp_zero_page_alloc_failed 0
thp_promote 0
thp_fault_alloc 11846
thp_fault_fallback 0
thp_collapse_alloc 12
thp_collapse_alloc_failed 0
thp_split 1
thp_zero_page_alloc 1
thp_zero_page_alloc_failed 0
thp_promote 0
thp_fault_alloc 11852
thp_fault_fallback 0
thp_collapse_alloc 12
thp_collapse_alloc_failed 0
thp_split 1
thp_zero_page_alloc 1
thp_zero_page_alloc_failed 0
thp_promote 0
thp_fault_alloc 11858
thp_fault_fallback 0
thp_collapse_alloc 12
thp_collapse_alloc_failed 0
thp_split 1
thp_zero_page_alloc 1
thp_zero_page_alloc_failed 0
thp_promote 0
thp_fault_alloc 11864
thp_fault_fallback 0
thp_collapse_alloc 12
thp_collapse_alloc_failed 0
thp_split 1
thp_zero_page_alloc 1
thp_zero_page_alloc_failed 0
thp_promote 0
thp_fault_alloc 11882
thp_fault_fallback 0
thp_collapse_alloc 12
thp_collapse_alloc_failed 0
thp_split 1
thp_zero_page_alloc 1
thp_zero_page_alloc_failed 0
thp_promote 0
thp_fault_alloc 11888
thp_fault_fallback 0
thp_collapse_alloc 12
thp_collapse_alloc_failed 0
thp_split 1
thp_zero_page_alloc 1
thp_zero_page_alloc_failed 0
thp_promote 0
thp_fault_alloc 11894
thp_fault_fallback 0
thp_collapse_alloc 12
thp_collapse_alloc_failed 0
thp_split 1
thp_zero_page_alloc 1
thp_zero_page_alloc_failed 0
thp_promote 0
thp_fault_alloc 11910
thp_fault_fallback 0
thp_collapse_alloc 12
thp_collapse_alloc_failed 0
thp_split 1
thp_zero_page_alloc 1
thp_zero_page_alloc_failed 0
thp_promote 0
thp_fault_alloc 11915
thp_fault_fallback 0
thp_collapse_alloc 12
thp_collapse_alloc_failed 0
thp_split 1
thp_zero_page_alloc 1
thp_zero_page_alloc_failed 0
thp_promote 0
thp_fault_alloc 11921
thp_fault_fallback 0
thp_collapse_alloc 12
thp_collapse_alloc_failed 0
thp_split 1
thp_zero_page_alloc 1
thp_zero_page_alloc_failed 0
thp_promote 0
thp_fault_alloc 11927
thp_fault_fallback 0
thp_collapse_alloc 12
thp_collapse_alloc_failed 0
thp_split 1
thp_zero_page_alloc 1
thp_zero_page_alloc_failed 0
thp_promote 0
thp_fault_alloc 11945
thp_fault_fallback 0
thp_collapse_alloc 12
thp_collapse_alloc_failed 0
thp_split 1
thp_zero_page_alloc 1
thp_zero_page_alloc_failed 0
thp_promote 0
thp_fault_alloc 11950
thp_fault_fallback 0
thp_collapse_alloc 12
thp_collapse_alloc_failed 0
thp_split 1
thp_zero_page_alloc 1
thp_zero_page_alloc_failed 0
thp_promote 0
thp_fault_alloc 11956
thp_fault_fallback 0
thp_collapse_alloc 12
thp_collapse_alloc_failed 0
thp_split 1
thp_zero_page_alloc 1
thp_zero_page_alloc_failed 0
thp_promote 0
thp_fault_alloc 11962
thp_fault_fallback 0
thp_collapse_alloc 12
thp_collapse_alloc_failed 0
thp_split 1
thp_zero_page_alloc 1
thp_zero_page_alloc_failed 0
thp_promote 0
thp_fault_alloc 11967
thp_fault_fallback 0
thp_collapse_alloc 12
thp_collapse_alloc_failed 0
thp_split 1
thp_zero_page_alloc 1
thp_zero_page_alloc_failed 0
thp_promote 0
thp_fault_alloc 11973
thp_fault_fallback 0
thp_collapse_alloc 12
thp_collapse_alloc_failed 0
thp_split 1
thp_zero_page_alloc 1
thp_zero_page_alloc_failed 0
thp_promote 0
thp_fault_alloc 11979
thp_fault_fallback 0
thp_collapse_alloc 12
thp_collapse_alloc_failed 0
thp_split 1
thp_zero_page_alloc 1
thp_zero_page_alloc_failed 0
thp_promote 0
thp_fault_alloc 11984
thp_fault_fallback 0
thp_collapse_alloc 12
thp_collapse_alloc_failed 0
thp_split 1
thp_zero_page_alloc 1
thp_zero_page_alloc_failed 0
thp_promote 0
thp_fault_alloc 11990
thp_fault_fallback 0
thp_collapse_alloc 12
thp_collapse_alloc_failed 0
thp_split 1
thp_zero_page_alloc 1
thp_zero_page_alloc_failed 0
thp_promote 0
thp_fault_alloc 11997
thp_fault_fallback 0
thp_collapse_alloc 12
thp_collapse_alloc_failed 0
thp_split 1
thp_zero_page_alloc 1
thp_zero_page_alloc_failed 0
thp_promote 0
thp_fault_alloc 12002
thp_fault_fallback 0
thp_collapse_alloc 12
thp_collapse_alloc_failed 0
thp_split 1
thp_zero_page_alloc 1
thp_zero_page_alloc_failed 0
thp_promote 0
thp_fault_alloc 12008
thp_fault_fallback 0
thp_collapse_alloc 12
thp_collapse_alloc_failed 0
thp_split 1
thp_zero_page_alloc 1
thp_zero_page_alloc_failed 0
thp_promote 0
thp_fault_alloc 12013
thp_fault_fallback 0
thp_collapse_alloc 12
thp_collapse_alloc_failed 0
thp_split 1
thp_zero_page_alloc 1
thp_zero_page_alloc_failed 0
thp_promote 0
thp_fault_alloc 12019
thp_fault_fallback 0
thp_collapse_alloc 12
thp_collapse_alloc_failed 0
thp_split 1
thp_zero_page_alloc 1
thp_zero_page_alloc_failed 0
thp_promote 0
thp_fault_alloc 12024
thp_fault_fallback 0
thp_collapse_alloc 12
thp_collapse_alloc_failed 0
thp_split 1
thp_zero_page_alloc 1
thp_zero_page_alloc_failed 0
thp_promote 0
thp_fault_alloc 12030
thp_fault_fallback 0
thp_collapse_alloc 12
thp_collapse_alloc_failed 0
thp_split 1
thp_zero_page_alloc 1
thp_zero_page_alloc_failed 0
thp_promote 0
thp_fault_alloc 12035
thp_fault_fallback 0
thp_collapse_alloc 12
thp_collapse_alloc_failed 0
thp_split 1
thp_zero_page_alloc 1
thp_zero_page_alloc_failed 0
thp_promote 0
thp_fault_alloc 12041
thp_fault_fallback 0
thp_collapse_alloc 12
thp_collapse_alloc_failed 0
thp_split 1
thp_zero_page_alloc 1
thp_zero_page_alloc_failed 0
thp_promote 0
thp_fault_alloc 12046
thp_fault_fallback 0
thp_collapse_alloc 12
thp_collapse_alloc_failed 0
thp_split 1
thp_zero_page_alloc 1
thp_zero_page_alloc_failed 0
thp_promote 0
thp_fault_alloc 12052
thp_fault_fallback 0
thp_collapse_alloc 12
thp_collapse_alloc_failed 0
thp_split 1
thp_zero_page_alloc 1
thp_zero_page_alloc_failed 0
thp_promote 0
thp_fault_alloc 12057
thp_fault_fallback 0
thp_collapse_alloc 12
thp_collapse_alloc_failed 0
thp_split 1
thp_zero_page_alloc 1
thp_zero_page_alloc_failed 0
thp_promote 0
thp_fault_alloc 12062
thp_fault_fallback 0
thp_collapse_alloc 12
thp_collapse_alloc_failed 0
thp_split 1
thp_zero_page_alloc 1
thp_zero_page_alloc_failed 0
thp_promote 0
thp_fault_alloc 12068
thp_fault_fallback 0
thp_collapse_alloc 12
thp_collapse_alloc_failed 0
thp_split 1
thp_zero_page_alloc 1
thp_zero_page_alloc_failed 0
thp_promote 0
thp_fault_alloc 12073
thp_fault_fallback 0
thp_collapse_alloc 12
thp_collapse_alloc_failed 0
thp_split 1
thp_zero_page_alloc 1
thp_zero_page_alloc_failed 0
thp_promote 0
thp_fault_alloc 12079
thp_fault_fallback 0
thp_collapse_alloc 12
thp_collapse_alloc_failed 0
thp_split 1
thp_zero_page_alloc 1
thp_zero_page_alloc_failed 0
thp_promote 0
thp_fault_alloc 12084
thp_fault_fallback 0
thp_collapse_alloc 12
thp_collapse_alloc_failed 0
thp_split 1
thp_zero_page_alloc 1
thp_zero_page_alloc_failed 0
thp_promote 0
thp_fault_alloc 12089
thp_fault_fallback 0
thp_collapse_alloc 12
thp_collapse_alloc_failed 0
thp_split 1
thp_zero_page_alloc 1
thp_zero_page_alloc_failed 0
thp_promote 0
thp_fault_alloc 12094
thp_fault_fallback 0
thp_collapse_alloc 12
thp_collapse_alloc_failed 0
thp_split 1
thp_zero_page_alloc 1
thp_zero_page_alloc_failed 0
thp_promote 0
thp_fault_alloc 12100
thp_fault_fallback 0
thp_collapse_alloc 12
thp_collapse_alloc_failed 0
thp_split 1
thp_zero_page_alloc 1
thp_zero_page_alloc_failed 0
thp_promote 0
thp_fault_alloc 12105
thp_fault_fallback 0
thp_collapse_alloc 12
thp_collapse_alloc_failed 0
thp_split 1
thp_zero_page_alloc 1
thp_zero_page_alloc_failed 0
thp_promote 0
thp_fault_alloc 12110
thp_fault_fallback 0
thp_collapse_alloc 12
thp_collapse_alloc_failed 0
thp_split 1
thp_zero_page_alloc 1
thp_zero_page_alloc_failed 0
thp_promote 0
thp_fault_alloc 12116
thp_fault_fallback 0
thp_collapse_alloc 12
thp_collapse_alloc_failed 0
thp_split 1
thp_zero_page_alloc 1
thp_zero_page_alloc_failed 0
thp_promote 0
thp_fault_alloc 12121
thp_fault_fallback 0
thp_collapse_alloc 12
thp_collapse_alloc_failed 0
thp_split 1
thp_zero_page_alloc 1
thp_zero_page_alloc_failed 0
thp_promote 0
thp_fault_alloc 12126
thp_fault_fallback 0
thp_collapse_alloc 13
thp_collapse_alloc_failed 0
thp_split 2
thp_zero_page_alloc 1
thp_zero_page_alloc_failed 0
thp_promote 0
thp_fault_alloc 12130
thp_fault_fallback 0
thp_collapse_alloc 13
thp_collapse_alloc_failed 0
thp_split 2
thp_zero_page_alloc 1
thp_zero_page_alloc_failed 0
thp_promote 0
thp_fault_alloc 12135
thp_fault_fallback 0
thp_collapse_alloc 13
thp_collapse_alloc_failed 0
thp_split 2
thp_zero_page_alloc 1
thp_zero_page_alloc_failed 0
thp_promote 0
thp_fault_alloc 12140
thp_fault_fallback 0
thp_collapse_alloc 13
thp_collapse_alloc_failed 0
thp_split 2
thp_zero_page_alloc 1
thp_zero_page_alloc_failed 0
thp_promote 0
thp_fault_alloc 12145
thp_fault_fallback 0
thp_collapse_alloc 13
thp_collapse_alloc_failed 0
thp_split 2
thp_zero_page_alloc 1
thp_zero_page_alloc_failed 0
thp_promote 0
thp_fault_alloc 12150
thp_fault_fallback 0
thp_collapse_alloc 13
thp_collapse_alloc_failed 0
thp_split 2
thp_zero_page_alloc 1
thp_zero_page_alloc_failed 0
thp_promote 0
thp_fault_alloc 12155
thp_fault_fallback 0
thp_collapse_alloc 13
thp_collapse_alloc_failed 0
thp_split 2
thp_zero_page_alloc 1
thp_zero_page_alloc_failed 0
thp_promote 0
thp_fault_alloc 12160
thp_fault_fallback 0
thp_collapse_alloc 13
thp_collapse_alloc_failed 0
thp_split 2
thp_zero_page_alloc 1
thp_zero_page_alloc_failed 0
thp_promote 0
thp_fault_alloc 12165
thp_fault_fallback 0
thp_collapse_alloc 13
thp_collapse_alloc_failed 0
thp_split 2
thp_zero_page_alloc 1
thp_zero_page_alloc_failed 0
thp_promote 0
thp_fault_alloc 12170
thp_fault_fallback 0
thp_collapse_alloc 13
thp_collapse_alloc_failed 0
thp_split 2
thp_zero_page_alloc 1
thp_zero_page_alloc_failed 0
thp_promote 0
thp_fault_alloc 12176
thp_fault_fallback 0
thp_collapse_alloc 13
thp_collapse_alloc_failed 0
thp_split 2
thp_zero_page_alloc 1
thp_zero_page_alloc_failed 0
thp_promote 0
thp_fault_alloc 12181
thp_fault_fallback 0
thp_collapse_alloc 13
thp_collapse_alloc_failed 0
thp_split 2
thp_zero_page_alloc 1
thp_zero_page_alloc_failed 0
thp_promote 0
thp_fault_alloc 12186
thp_fault_fallback 0
thp_collapse_alloc 13
thp_collapse_alloc_failed 0
thp_split 2
thp_zero_page_alloc 1
thp_zero_page_alloc_failed 0
thp_promote 0
thp_fault_alloc 12191
thp_fault_fallback 0
thp_collapse_alloc 13
thp_collapse_alloc_failed 0
thp_split 2
thp_zero_page_alloc 1
thp_zero_page_alloc_failed 0
thp_promote 0
thp_fault_alloc 12196
thp_fault_fallback 0
thp_collapse_alloc 13
thp_collapse_alloc_failed 0
thp_split 2
thp_zero_page_alloc 1
thp_zero_page_alloc_failed 0
thp_promote 0
thp_fault_alloc 12201
thp_fault_fallback 0
thp_collapse_alloc 13
thp_collapse_alloc_failed 0
thp_split 2
thp_zero_page_alloc 1
thp_zero_page_alloc_failed 0
thp_promote 0
thp_fault_alloc 12206
thp_fault_fallback 0
thp_collapse_alloc 13
thp_collapse_alloc_failed 0
thp_split 2
thp_zero_page_alloc 1
thp_zero_page_alloc_failed 0
thp_promote 0
thp_fault_alloc 12211
thp_fault_fallback 0
thp_collapse_alloc 13
thp_collapse_alloc_failed 0
thp_split 2
thp_zero_page_alloc 1
thp_zero_page_alloc_failed 0
thp_promote 0
thp_fault_alloc 12216
thp_fault_fallback 0
thp_collapse_alloc 13
thp_collapse_alloc_failed 0
thp_split 2
thp_zero_page_alloc 1
thp_zero_page_alloc_failed 0
thp_promote 0
thp_fault_alloc 12220
thp_fault_fallback 0
thp_collapse_alloc 13
thp_collapse_alloc_failed 0
thp_split 2
thp_zero_page_alloc 1
thp_zero_page_alloc_failed 0
thp_promote 0
thp_fault_alloc 12224
thp_fault_fallback 0
thp_collapse_alloc 13
thp_collapse_alloc_failed 0
thp_split 2
thp_zero_page_alloc 1
thp_zero_page_alloc_failed 0
thp_promote 0
thp_fault_alloc 12229
thp_fault_fallback 0
thp_collapse_alloc 13
thp_collapse_alloc_failed 0
thp_split 2
thp_zero_page_alloc 1
thp_zero_page_alloc_failed 0
thp_promote 0
thp_fault_alloc 12234
thp_fault_fallback 0
thp_collapse_alloc 13
thp_collapse_alloc_failed 0
thp_split 2
thp_zero_page_alloc 1
thp_zero_page_alloc_failed 0
thp_promote 0
thp_fault_alloc 12239
thp_fault_fallback 0
thp_collapse_alloc 13
thp_collapse_alloc_failed 0
thp_split 2
thp_zero_page_alloc 1
thp_zero_page_alloc_failed 0
thp_promote 0
thp_fault_alloc 12244
thp_fault_fallback 0
thp_collapse_alloc 13
thp_collapse_alloc_failed 0
thp_split 2
thp_zero_page_alloc 1
thp_zero_page_alloc_failed 0
thp_promote 0
thp_fault_alloc 12249
thp_fault_fallback 0
thp_collapse_alloc 13
thp_collapse_alloc_failed 0
thp_split 2
thp_zero_page_alloc 1
thp_zero_page_alloc_failed 0
thp_promote 0
thp_fault_alloc 12253
thp_fault_fallback 0
thp_collapse_alloc 13
thp_collapse_alloc_failed 0
thp_split 2
thp_zero_page_alloc 1
thp_zero_page_alloc_failed 0
thp_promote 0
thp_fault_alloc 12258
thp_fault_fallback 0
thp_collapse_alloc 13
thp_collapse_alloc_failed 0
thp_split 2
thp_zero_page_alloc 1
thp_zero_page_alloc_failed 0
thp_promote 0
thp_fault_alloc 12263
thp_fault_fallback 0
thp_collapse_alloc 13
thp_collapse_alloc_failed 0
thp_split 2
thp_zero_page_alloc 1
thp_zero_page_alloc_failed 0
thp_promote 0
thp_fault_alloc 12268
thp_fault_fallback 0
thp_collapse_alloc 13
thp_collapse_alloc_failed 0
thp_split 2
thp_zero_page_alloc 1
thp_zero_page_alloc_failed 0
thp_promote 0
thp_fault_alloc 12273
thp_fault_fallback 0
thp_collapse_alloc 13
thp_collapse_alloc_failed 0
thp_split 2
thp_zero_page_alloc 1
thp_zero_page_alloc_failed 0
thp_promote 0
thp_fault_alloc 12278
thp_fault_fallback 0
thp_collapse_alloc 13
thp_collapse_alloc_failed 0
thp_split 2
thp_zero_page_alloc 1
thp_zero_page_alloc_failed 0
thp_promote 0
thp_fault_alloc 12282
thp_fault_fallback 0
thp_collapse_alloc 13
thp_collapse_alloc_failed 0
thp_split 2
thp_zero_page_alloc 1
thp_zero_page_alloc_failed 0
thp_promote 0
thp_fault_alloc 12287
thp_fault_fallback 0
thp_collapse_alloc 13
thp_collapse_alloc_failed 0
thp_split 2
thp_zero_page_alloc 1
thp_zero_page_alloc_failed 0
thp_promote 0
thp_fault_alloc 12292
thp_fault_fallback 0
thp_collapse_alloc 13
thp_collapse_alloc_failed 0
thp_split 2
thp_zero_page_alloc 1
thp_zero_page_alloc_failed 0
thp_promote 0
thp_fault_alloc 12296
thp_fault_fallback 0
thp_collapse_alloc 13
thp_collapse_alloc_failed 0
thp_split 2
thp_zero_page_alloc 1
thp_zero_page_alloc_failed 0
thp_promote 0
thp_fault_alloc 12301
thp_fault_fallback 0
thp_collapse_alloc 13
thp_collapse_alloc_failed 0
thp_split 2
thp_zero_page_alloc 1
thp_zero_page_alloc_failed 0
thp_promote 0
thp_fault_alloc 13468
thp_fault_fallback 0
thp_collapse_alloc 13
thp_collapse_alloc_failed 0
thp_split 2
thp_zero_page_alloc 1
thp_zero_page_alloc_failed 0
thp_promote 0
thp_fault_alloc 15678
thp_fault_fallback 0
thp_collapse_alloc 13
thp_collapse_alloc_failed 0
thp_split 2
thp_zero_page_alloc 1
thp_zero_page_alloc_failed 0
thp_promote 0
thp_fault_alloc 17883
thp_fault_fallback 0
thp_collapse_alloc 13
thp_collapse_alloc_failed 0
thp_split 2
thp_zero_page_alloc 1
thp_zero_page_alloc_failed 0
thp_promote 0
thp_fault_alloc 18173
thp_fault_fallback 0
thp_collapse_alloc 13
thp_collapse_alloc_failed 0
thp_split 2
thp_zero_page_alloc 1
thp_zero_page_alloc_failed 0
thp_promote 0
thp_fault_alloc 18178
thp_fault_fallback 0
thp_collapse_alloc 13
thp_collapse_alloc_failed 0
thp_split 2
thp_zero_page_alloc 1
thp_zero_page_alloc_failed 0
thp_promote 0
thp_fault_alloc 18183
thp_fault_fallback 0
thp_collapse_alloc 13
thp_collapse_alloc_failed 0
thp_split 2
thp_zero_page_alloc 1
thp_zero_page_alloc_failed 0
thp_promote 0
thp_fault_alloc 18186
thp_fault_fallback 0
thp_collapse_alloc 13
thp_collapse_alloc_failed 0
thp_split 2
thp_zero_page_alloc 1
thp_zero_page_alloc_failed 0
thp_promote 0
thp_fault_alloc 18191
thp_fault_fallback 0
thp_collapse_alloc 13
thp_collapse_alloc_failed 0
thp_split 2
thp_zero_page_alloc 1
thp_zero_page_alloc_failed 0
thp_promote 0
thp_fault_alloc 18196
thp_fault_fallback 0
thp_collapse_alloc 13
thp_collapse_alloc_failed 0
thp_split 2
thp_zero_page_alloc 1
thp_zero_page_alloc_failed 0
thp_promote 0
thp_fault_alloc 18200
thp_fault_fallback 0
thp_collapse_alloc 13
thp_collapse_alloc_failed 0
thp_split 2
thp_zero_page_alloc 1
thp_zero_page_alloc_failed 0
thp_promote 0
thp_fault_alloc 18205
thp_fault_fallback 0
thp_collapse_alloc 13
thp_collapse_alloc_failed 0
thp_split 2
thp_zero_page_alloc 1
thp_zero_page_alloc_failed 0
thp_promote 0
thp_fault_alloc 18209
thp_fault_fallback 0
thp_collapse_alloc 13
thp_collapse_alloc_failed 0
thp_split 2
thp_zero_page_alloc 1
thp_zero_page_alloc_failed 0
thp_promote 0
thp_fault_alloc 18214
thp_fault_fallback 0
thp_collapse_alloc 13
thp_collapse_alloc_failed 0
thp_split 2
thp_zero_page_alloc 1
thp_zero_page_alloc_failed 0
thp_promote 0
thp_fault_alloc 18219
thp_fault_fallback 0
thp_collapse_alloc 13
thp_collapse_alloc_failed 0
thp_split 2
thp_zero_page_alloc 1
thp_zero_page_alloc_failed 0
thp_promote 0
thp_fault_alloc 18223
thp_fault_fallback 0
thp_collapse_alloc 13
thp_collapse_alloc_failed 0
thp_split 2
thp_zero_page_alloc 1
thp_zero_page_alloc_failed 0
thp_promote 0
thp_fault_alloc 18228
thp_fault_fallback 0
thp_collapse_alloc 13
thp_collapse_alloc_failed 0
thp_split 2
thp_zero_page_alloc 1
thp_zero_page_alloc_failed 0
thp_promote 0
thp_fault_alloc 18232
thp_fault_fallback 0
thp_collapse_alloc 13
thp_collapse_alloc_failed 0
thp_split 2
thp_zero_page_alloc 1
thp_zero_page_alloc_failed 0
thp_promote 0
thp_fault_alloc 18236
thp_fault_fallback 0
thp_collapse_alloc 13
thp_collapse_alloc_failed 0
thp_split 2
thp_zero_page_alloc 1
thp_zero_page_alloc_failed 0
thp_promote 0
thp_fault_alloc 18241
thp_fault_fallback 0
thp_collapse_alloc 13
thp_collapse_alloc_failed 0
thp_split 2
thp_zero_page_alloc 1
thp_zero_page_alloc_failed 0
thp_promote 0
thp_fault_alloc 18245
thp_fault_fallback 0
thp_collapse_alloc 13
thp_collapse_alloc_failed 0
thp_split 2
thp_zero_page_alloc 1
thp_zero_page_alloc_failed 0
thp_promote 0
thp_fault_alloc 18250
thp_fault_fallback 0
thp_collapse_alloc 13
thp_collapse_alloc_failed 0
thp_split 2
thp_zero_page_alloc 1
thp_zero_page_alloc_failed 0
thp_promote 0
thp_fault_alloc 18254
thp_fault_fallback 0
thp_collapse_alloc 13
thp_collapse_alloc_failed 0
thp_split 2
thp_zero_page_alloc 1
thp_zero_page_alloc_failed 0
thp_promote 0
thp_fault_alloc 18259
thp_fault_fallback 0
thp_collapse_alloc 13
thp_collapse_alloc_failed 0
thp_split 2
thp_zero_page_alloc 1
thp_zero_page_alloc_failed 0
thp_promote 0
thp_fault_alloc 18263
thp_fault_fallback 0
thp_collapse_alloc 13
thp_collapse_alloc_failed 0
thp_split 2
thp_zero_page_alloc 1
thp_zero_page_alloc_failed 0
thp_promote 0
thp_fault_alloc 18268
thp_fault_fallback 0
thp_collapse_alloc 13
thp_collapse_alloc_failed 0
thp_split 2
thp_zero_page_alloc 1
thp_zero_page_alloc_failed 0
thp_promote 0
thp_fault_alloc 18272
thp_fault_fallback 0
thp_collapse_alloc 13
thp_collapse_alloc_failed 0
thp_split 2
thp_zero_page_alloc 1
thp_zero_page_alloc_failed 0
thp_promote 0
thp_fault_alloc 18277
thp_fault_fallback 0
thp_collapse_alloc 13
thp_collapse_alloc_failed 0
thp_split 2
thp_zero_page_alloc 1
thp_zero_page_alloc_failed 0
thp_promote 0
thp_fault_alloc 18281
thp_fault_fallback 0
thp_collapse_alloc 13
thp_collapse_alloc_failed 0
thp_split 2
thp_zero_page_alloc 1
thp_zero_page_alloc_failed 0
thp_promote 0
thp_fault_alloc 18286
thp_fault_fallback 0
thp_collapse_alloc 13
thp_collapse_alloc_failed 0
thp_split 2
thp_zero_page_alloc 1
thp_zero_page_alloc_failed 0
thp_promote 0
thp_fault_alloc 18290
thp_fault_fallback 0
thp_collapse_alloc 13
thp_collapse_alloc_failed 0
thp_split 2
thp_zero_page_alloc 1
thp_zero_page_alloc_failed 0
thp_promote 0
thp_fault_alloc 18295
thp_fault_fallback 0
thp_collapse_alloc 13
thp_collapse_alloc_failed 0
thp_split 2
thp_zero_page_alloc 1
thp_zero_page_alloc_failed 0
thp_promote 0
thp_fault_alloc 18299
thp_fault_fallback 0
thp_collapse_alloc 13
thp_collapse_alloc_failed 0
thp_split 2
thp_zero_page_alloc 1
thp_zero_page_alloc_failed 0
thp_promote 0
thp_fault_alloc 18304
thp_fault_fallback 0
thp_collapse_alloc 13
thp_collapse_alloc_failed 0
thp_split 2
thp_zero_page_alloc 1
thp_zero_page_alloc_failed 0
thp_promote 0
thp_fault_alloc 18308
thp_fault_fallback 0
thp_collapse_alloc 13
thp_collapse_alloc_failed 0
thp_split 2
thp_zero_page_alloc 1
thp_zero_page_alloc_failed 0
thp_promote 0
thp_fault_alloc 18312
thp_fault_fallback 0
thp_collapse_alloc 13
thp_collapse_alloc_failed 0
thp_split 2
thp_zero_page_alloc 1
thp_zero_page_alloc_failed 0
thp_promote 0
thp_fault_alloc 18317
thp_fault_fallback 0
thp_collapse_alloc 13
thp_collapse_alloc_failed 0
thp_split 2
thp_zero_page_alloc 1
thp_zero_page_alloc_failed 0
thp_promote 0
thp_fault_alloc 18321
thp_fault_fallback 0
thp_collapse_alloc 13
thp_collapse_alloc_failed 0
thp_split 2
thp_zero_page_alloc 1
thp_zero_page_alloc_failed 0
thp_promote 0
thp_fault_alloc 18326
thp_fault_fallback 0
thp_collapse_alloc 13
thp_collapse_alloc_failed 0
thp_split 2
thp_zero_page_alloc 1
thp_zero_page_alloc_failed 0
thp_promote 0
thp_fault_alloc 18330
thp_fault_fallback 0
thp_collapse_alloc 13
thp_collapse_alloc_failed 0
thp_split 2
thp_zero_page_alloc 1
thp_zero_page_alloc_failed 0
thp_promote 0
thp_fault_alloc 18334
thp_fault_fallback 0
thp_collapse_alloc 13
thp_collapse_alloc_failed 0
thp_split 2
thp_zero_page_alloc 1
thp_zero_page_alloc_failed 0
thp_promote 0
thp_fault_alloc 18346
thp_fault_fallback 0
thp_collapse_alloc 13
thp_collapse_alloc_failed 0
thp_split 2
thp_zero_page_alloc 1
thp_zero_page_alloc_failed 0
thp_promote 0
thp_fault_alloc 18350
thp_fault_fallback 0
thp_collapse_alloc 13
thp_collapse_alloc_failed 0
thp_split 2
thp_zero_page_alloc 1
thp_zero_page_alloc_failed 0
thp_promote 0
thp_fault_alloc 18355
thp_fault_fallback 0
thp_collapse_alloc 13
thp_collapse_alloc_failed 0
thp_split 2
thp_zero_page_alloc 1
thp_zero_page_alloc_failed 0
thp_promote 0
thp_fault_alloc 18366
thp_fault_fallback 0
thp_collapse_alloc 13
thp_collapse_alloc_failed 0
thp_split 2
thp_zero_page_alloc 1
thp_zero_page_alloc_failed 0
thp_promote 0
thp_fault_alloc 18370
thp_fault_fallback 0
thp_collapse_alloc 13
thp_collapse_alloc_failed 0
thp_split 2
thp_zero_page_alloc 1
thp_zero_page_alloc_failed 0
thp_promote 0
thp_fault_alloc 18375
thp_fault_fallback 0
thp_collapse_alloc 13
thp_collapse_alloc_failed 0
thp_split 2
thp_zero_page_alloc 1
thp_zero_page_alloc_failed 0
thp_promote 0
thp_fault_alloc 18379
thp_fault_fallback 0
thp_collapse_alloc 13
thp_collapse_alloc_failed 0
thp_split 2
thp_zero_page_alloc 1
thp_zero_page_alloc_failed 0
thp_promote 0
thp_fault_alloc 18387
thp_fault_fallback 0
thp_collapse_alloc 13
thp_collapse_alloc_failed 0
thp_split 2
thp_zero_page_alloc 1
thp_zero_page_alloc_failed 0
thp_promote 0
thp_fault_alloc 18392
thp_fault_fallback 0
thp_collapse_alloc 13
thp_collapse_alloc_failed 0
thp_split 2
thp_zero_page_alloc 1
thp_zero_page_alloc_failed 0
thp_promote 0
thp_fault_alloc 18396
thp_fault_fallback 0
thp_collapse_alloc 13
thp_collapse_alloc_failed 0
thp_split 2
thp_zero_page_alloc 1
thp_zero_page_alloc_failed 0
thp_promote 0
thp_fault_alloc 18400
thp_fault_fallback 0
thp_collapse_alloc 13
thp_collapse_alloc_failed 0
thp_split 2
thp_zero_page_alloc 1
thp_zero_page_alloc_failed 0
thp_promote 0
thp_fault_alloc 18404
thp_fault_fallback 0
thp_collapse_alloc 13
thp_collapse_alloc_failed 0
thp_split 2
thp_zero_page_alloc 1
thp_zero_page_alloc_failed 0
thp_promote 0
thp_fault_alloc 18409
thp_fault_fallback 0
thp_collapse_alloc 13
thp_collapse_alloc_failed 0
thp_split 2
thp_zero_page_alloc 1
thp_zero_page_alloc_failed 0
thp_promote 0
thp_fault_alloc 18413
thp_fault_fallback 0
thp_collapse_alloc 13
thp_collapse_alloc_failed 0
thp_split 2
thp_zero_page_alloc 1
thp_zero_page_alloc_failed 0
thp_promote 0
thp_fault_alloc 18417
thp_fault_fallback 0
thp_collapse_alloc 13
thp_collapse_alloc_failed 0
thp_split 2
thp_zero_page_alloc 1
thp_zero_page_alloc_failed 0
thp_promote 0
thp_fault_alloc 18421
thp_fault_fallback 0
thp_collapse_alloc 13
thp_collapse_alloc_failed 0
thp_split 2
thp_zero_page_alloc 1
thp_zero_page_alloc_failed 0
thp_promote 0
thp_fault_alloc 18425
thp_fault_fallback 0
thp_collapse_alloc 13
thp_collapse_alloc_failed 0
thp_split 2
thp_zero_page_alloc 1
thp_zero_page_alloc_failed 0
thp_promote 0
thp_fault_alloc 18430
thp_fault_fallback 0
thp_collapse_alloc 13
thp_collapse_alloc_failed 0
thp_split 2
thp_zero_page_alloc 1
thp_zero_page_alloc_failed 0
thp_promote 0
thp_fault_alloc 18434
thp_fault_fallback 0
thp_collapse_alloc 13
thp_collapse_alloc_failed 0
thp_split 2
thp_zero_page_alloc 1
thp_zero_page_alloc_failed 0
thp_promote 0
thp_fault_alloc 18438
thp_fault_fallback 0
thp_collapse_alloc 13
thp_collapse_alloc_failed 0
thp_split 2
thp_zero_page_alloc 1
thp_zero_page_alloc_failed 0
thp_promote 0
thp_fault_alloc 18442
thp_fault_fallback 0
thp_collapse_alloc 13
thp_collapse_alloc_failed 0
thp_split 2
thp_zero_page_alloc 1
thp_zero_page_alloc_failed 0
thp_promote 0
thp_fault_alloc 18446
thp_fault_fallback 0
thp_collapse_alloc 13
thp_collapse_alloc_failed 0
thp_split 2
thp_zero_page_alloc 1
thp_zero_page_alloc_failed 0
thp_promote 0
thp_fault_alloc 18450
thp_fault_fallback 0
thp_collapse_alloc 13
thp_collapse_alloc_failed 0
thp_split 2
thp_zero_page_alloc 1
thp_zero_page_alloc_failed 0
thp_promote 0
thp_fault_alloc 18455
thp_fault_fallback 0
thp_collapse_alloc 13
thp_collapse_alloc_failed 0
thp_split 2
thp_zero_page_alloc 1
thp_zero_page_alloc_failed 0
thp_promote 0
thp_fault_alloc 18459
thp_fault_fallback 0
thp_collapse_alloc 13
thp_collapse_alloc_failed 0
thp_split 2
thp_zero_page_alloc 1
thp_zero_page_alloc_failed 0
thp_promote 0
thp_fault_alloc 18463
thp_fault_fallback 0
thp_collapse_alloc 13
thp_collapse_alloc_failed 0
thp_split 2
thp_zero_page_alloc 1
thp_zero_page_alloc_failed 0
thp_promote 0
thp_fault_alloc 18468
thp_fault_fallback 0
thp_collapse_alloc 13
thp_collapse_alloc_failed 0
thp_split 2
thp_zero_page_alloc 1
thp_zero_page_alloc_failed 0
thp_promote 0
thp_fault_alloc 18473
thp_fault_fallback 0
thp_collapse_alloc 13
thp_collapse_alloc_failed 0
thp_split 2
thp_zero_page_alloc 1
thp_zero_page_alloc_failed 0
thp_promote 0
thp_fault_alloc 18477
thp_fault_fallback 0
thp_collapse_alloc 13
thp_collapse_alloc_failed 0
thp_split 2
thp_zero_page_alloc 1
thp_zero_page_alloc_failed 0
thp_promote 0
thp_fault_alloc 18481
thp_fault_fallback 0
thp_collapse_alloc 13
thp_collapse_alloc_failed 0
thp_split 2
thp_zero_page_alloc 1
thp_zero_page_alloc_failed 0
thp_promote 0
thp_fault_alloc 18485
thp_fault_fallback 0
thp_collapse_alloc 13
thp_collapse_alloc_failed 0
thp_split 2
thp_zero_page_alloc 1
thp_zero_page_alloc_failed 0
thp_promote 0
thp_fault_alloc 18489
thp_fault_fallback 0
thp_collapse_alloc 13
thp_collapse_alloc_failed 0
thp_split 2
thp_zero_page_alloc 1
thp_zero_page_alloc_failed 0
thp_promote 0
thp_fault_alloc 18493
thp_fault_fallback 0
thp_collapse_alloc 13
thp_collapse_alloc_failed 0
thp_split 2
thp_zero_page_alloc 1
thp_zero_page_alloc_failed 0
thp_promote 0
thp_fault_alloc 18497
thp_fault_fallback 0
thp_collapse_alloc 13
thp_collapse_alloc_failed 0
thp_split 2
thp_zero_page_alloc 1
thp_zero_page_alloc_failed 0
thp_promote 0
thp_fault_alloc 18501
thp_fault_fallback 0
thp_collapse_alloc 13
thp_collapse_alloc_failed 0
thp_split 2
thp_zero_page_alloc 1
thp_zero_page_alloc_failed 0
thp_promote 0
thp_fault_alloc 18505
thp_fault_fallback 0
thp_collapse_alloc 13
thp_collapse_alloc_failed 0
thp_split 2
thp_zero_page_alloc 1
thp_zero_page_alloc_failed 0
thp_promote 0
thp_fault_alloc 18509
thp_fault_fallback 0
thp_collapse_alloc 13
thp_collapse_alloc_failed 0
thp_split 2
thp_zero_page_alloc 1
thp_zero_page_alloc_failed 0
thp_promote 0
thp_fault_alloc 18513
thp_fault_fallback 0
thp_collapse_alloc 13
thp_collapse_alloc_failed 0
thp_split 2
thp_zero_page_alloc 1
thp_zero_page_alloc_failed 0
thp_promote 0
thp_fault_alloc 18517
thp_fault_fallback 0
thp_collapse_alloc 13
thp_collapse_alloc_failed 0
thp_split 2
thp_zero_page_alloc 1
thp_zero_page_alloc_failed 0
thp_promote 0
thp_fault_alloc 18521
thp_fault_fallback 0
thp_collapse_alloc 13
thp_collapse_alloc_failed 0
thp_split 2
thp_zero_page_alloc 1
thp_zero_page_alloc_failed 0
thp_promote 0
thp_fault_alloc 18525
thp_fault_fallback 0
thp_collapse_alloc 13
thp_collapse_alloc_failed 0
thp_split 2
thp_zero_page_alloc 1
thp_zero_page_alloc_failed 0
thp_promote 0
thp_fault_alloc 18529
thp_fault_fallback 0
thp_collapse_alloc 13
thp_collapse_alloc_failed 0
thp_split 2
thp_zero_page_alloc 1
thp_zero_page_alloc_failed 0
thp_promote 0
thp_fault_alloc 18533
thp_fault_fallback 0
thp_collapse_alloc 13
thp_collapse_alloc_failed 0
thp_split 2
thp_zero_page_alloc 1
thp_zero_page_alloc_failed 0
thp_promote 0
thp_fault_alloc 18537
thp_fault_fallback 0
thp_collapse_alloc 13
thp_collapse_alloc_failed 0
thp_split 2
thp_zero_page_alloc 1
thp_zero_page_alloc_failed 0
thp_promote 0
thp_fault_alloc 18541
thp_fault_fallback 0
thp_collapse_alloc 13
thp_collapse_alloc_failed 0
thp_split 2
thp_zero_page_alloc 1
thp_zero_page_alloc_failed 0
thp_promote 0
thp_fault_alloc 18545
thp_fault_fallback 0
thp_collapse_alloc 13
thp_collapse_alloc_failed 0
thp_split 2
thp_zero_page_alloc 1
thp_zero_page_alloc_failed 0
thp_promote 0
thp_fault_alloc 18549
thp_fault_fallback 0
thp_collapse_alloc 13
thp_collapse_alloc_failed 0
thp_split 2
thp_zero_page_alloc 1
thp_zero_page_alloc_failed 0
thp_promote 0
thp_fault_alloc 18553
thp_fault_fallback 0
thp_collapse_alloc 13
thp_collapse_alloc_failed 0
thp_split 2
thp_zero_page_alloc 1
thp_zero_page_alloc_failed 0
thp_promote 0
thp_fault_alloc 18557
thp_fault_fallback 0
thp_collapse_alloc 13
thp_collapse_alloc_failed 0
thp_split 2
thp_zero_page_alloc 1
thp_zero_page_alloc_failed 0
thp_promote 0
thp_fault_alloc 18561
thp_fault_fallback 0
thp_collapse_alloc 13
thp_collapse_alloc_failed 0
thp_split 2
thp_zero_page_alloc 1
thp_zero_page_alloc_failed 0
thp_promote 0
thp_fault_alloc 18565
thp_fault_fallback 0
thp_collapse_alloc 13
thp_collapse_alloc_failed 0
thp_split 2
thp_zero_page_alloc 1
thp_zero_page_alloc_failed 0
thp_promote 0
thp_fault_alloc 18569
thp_fault_fallback 0
thp_collapse_alloc 13
thp_collapse_alloc_failed 0
thp_split 2
thp_zero_page_alloc 1
thp_zero_page_alloc_failed 0
thp_promote 0
thp_fault_alloc 18572
thp_fault_fallback 0
thp_collapse_alloc 13
thp_collapse_alloc_failed 0
thp_split 2
thp_zero_page_alloc 1
thp_zero_page_alloc_failed 0
thp_promote 0
thp_fault_alloc 18576
thp_fault_fallback 0
thp_collapse_alloc 13
thp_collapse_alloc_failed 0
thp_split 2
thp_zero_page_alloc 1
thp_zero_page_alloc_failed 0
thp_promote 0
thp_fault_alloc 18580
thp_fault_fallback 0
thp_collapse_alloc 13
thp_collapse_alloc_failed 0
thp_split 2
thp_zero_page_alloc 1
thp_zero_page_alloc_failed 0
thp_promote 0
thp_fault_alloc 18583
thp_fault_fallback 0
thp_collapse_alloc 13
thp_collapse_alloc_failed 0
thp_split 2
thp_zero_page_alloc 1
thp_zero_page_alloc_failed 0
thp_promote 0
thp_fault_alloc 18587
thp_fault_fallback 0
thp_collapse_alloc 13
thp_collapse_alloc_failed 0
thp_split 2
thp_zero_page_alloc 1
thp_zero_page_alloc_failed 0
thp_promote 0
thp_fault_alloc 18591
thp_fault_fallback 0
thp_collapse_alloc 13
thp_collapse_alloc_failed 0
thp_split 2
thp_zero_page_alloc 1
thp_zero_page_alloc_failed 0
thp_promote 0
thp_fault_alloc 18595
thp_fault_fallback 0
thp_collapse_alloc 13
thp_collapse_alloc_failed 0
thp_split 2
thp_zero_page_alloc 1
thp_zero_page_alloc_failed 0
thp_promote 0
thp_fault_alloc 18599
thp_fault_fallback 0
thp_collapse_alloc 13
thp_collapse_alloc_failed 0
thp_split 2
thp_zero_page_alloc 1
thp_zero_page_alloc_failed 0
thp_promote 0
thp_fault_alloc 18603
thp_fault_fallback 0
thp_collapse_alloc 13
thp_collapse_alloc_failed 0
thp_split 2
thp_zero_page_alloc 1
thp_zero_page_alloc_failed 0
thp_promote 0
thp_fault_alloc 18607
thp_fault_fallback 0
thp_collapse_alloc 13
thp_collapse_alloc_failed 0
thp_split 2
thp_zero_page_alloc 1
thp_zero_page_alloc_failed 0
thp_promote 0
thp_fault_alloc 18611
thp_fault_fallback 0
thp_collapse_alloc 13
thp_collapse_alloc_failed 0
thp_split 2
thp_zero_page_alloc 1
thp_zero_page_alloc_failed 0
thp_promote 0
thp_fault_alloc 18613
thp_fault_fallback 0
thp_collapse_alloc 13
thp_collapse_alloc_failed 0
thp_split 2
thp_zero_page_alloc 1
thp_zero_page_alloc_failed 0
thp_promote 0
thp_fault_alloc 18617
thp_fault_fallback 0
thp_collapse_alloc 13
thp_collapse_alloc_failed 0
thp_split 2
thp_zero_page_alloc 1
thp_zero_page_alloc_failed 0
thp_promote 0
thp_fault_alloc 18621
thp_fault_fallback 0
thp_collapse_alloc 13
thp_collapse_alloc_failed 0
thp_split 2
thp_zero_page_alloc 1
thp_zero_page_alloc_failed 0
thp_promote 0
thp_fault_alloc 18625
thp_fault_fallback 0
thp_collapse_alloc 13
thp_collapse_alloc_failed 0
thp_split 2
thp_zero_page_alloc 1
thp_zero_page_alloc_failed 0
thp_promote 0
thp_fault_alloc 18629
thp_fault_fallback 0
thp_collapse_alloc 13
thp_collapse_alloc_failed 0
thp_split 2
thp_zero_page_alloc 1
thp_zero_page_alloc_failed 0
thp_promote 0
thp_fault_alloc 18633
thp_fault_fallback 0
thp_collapse_alloc 13
thp_collapse_alloc_failed 0
thp_split 2
thp_zero_page_alloc 1
thp_zero_page_alloc_failed 0
thp_promote 0
thp_fault_alloc 18637
thp_fault_fallback 0
thp_collapse_alloc 13
thp_collapse_alloc_failed 0
thp_split 2
thp_zero_page_alloc 1
thp_zero_page_alloc_failed 0
thp_promote 0
thp_fault_alloc 18640
thp_fault_fallback 0
thp_collapse_alloc 13
thp_collapse_alloc_failed 0
thp_split 2
thp_zero_page_alloc 1
thp_zero_page_alloc_failed 0
thp_promote 0
thp_fault_alloc 18644
thp_fault_fallback 0
thp_collapse_alloc 13
thp_collapse_alloc_failed 0
thp_split 2
thp_zero_page_alloc 1
thp_zero_page_alloc_failed 0
thp_promote 0
thp_fault_alloc 18648
thp_fault_fallback 0
thp_collapse_alloc 13
thp_collapse_alloc_failed 0
thp_split 2
thp_zero_page_alloc 1
thp_zero_page_alloc_failed 0
thp_promote 0
thp_fault_alloc 18652
thp_fault_fallback 0
thp_collapse_alloc 13
thp_collapse_alloc_failed 0
thp_split 2
thp_zero_page_alloc 1
thp_zero_page_alloc_failed 0
thp_promote 0
thp_fault_alloc 18655
thp_fault_fallback 0
thp_collapse_alloc 13
thp_collapse_alloc_failed 0
thp_split 2
thp_zero_page_alloc 1
thp_zero_page_alloc_failed 0
thp_promote 0
thp_fault_alloc 18658
thp_fault_fallback 0
thp_collapse_alloc 13
thp_collapse_alloc_failed 0
thp_split 2
thp_zero_page_alloc 1
thp_zero_page_alloc_failed 0
thp_promote 0
thp_fault_alloc 18662
thp_fault_fallback 0
thp_collapse_alloc 13
thp_collapse_alloc_failed 0
thp_split 2
thp_zero_page_alloc 1
thp_zero_page_alloc_failed 0
thp_promote 0
thp_fault_alloc 18666
thp_fault_fallback 0
thp_collapse_alloc 13
thp_collapse_alloc_failed 0
thp_split 2
thp_zero_page_alloc 1
thp_zero_page_alloc_failed 0
thp_promote 0
thp_fault_alloc 18670
thp_fault_fallback 0
thp_collapse_alloc 13
thp_collapse_alloc_failed 0
thp_split 2
thp_zero_page_alloc 1
thp_zero_page_alloc_failed 0
thp_promote 0
thp_fault_alloc 18674
thp_fault_fallback 0
thp_collapse_alloc 13
thp_collapse_alloc_failed 0
thp_split 2
thp_zero_page_alloc 1
thp_zero_page_alloc_failed 0
thp_promote 0
thp_fault_alloc 18677
thp_fault_fallback 0
thp_collapse_alloc 13
thp_collapse_alloc_failed 0
thp_split 2
thp_zero_page_alloc 1
thp_zero_page_alloc_failed 0
thp_promote 0
thp_fault_alloc 18681
thp_fault_fallback 0
thp_collapse_alloc 13
thp_collapse_alloc_failed 0
thp_split 2
thp_zero_page_alloc 1
thp_zero_page_alloc_failed 0
thp_promote 0
thp_fault_alloc 18685
thp_fault_fallback 0
thp_collapse_alloc 13
thp_collapse_alloc_failed 0
thp_split 2
thp_zero_page_alloc 1
thp_zero_page_alloc_failed 0
thp_promote 0
thp_fault_alloc 18689
thp_fault_fallback 0
thp_collapse_alloc 13
thp_collapse_alloc_failed 0
thp_split 2
thp_zero_page_alloc 1
thp_zero_page_alloc_failed 0
thp_promote 0
thp_fault_alloc 18692
thp_fault_fallback 0
thp_collapse_alloc 13
thp_collapse_alloc_failed 0
thp_split 2
thp_zero_page_alloc 1
thp_zero_page_alloc_failed 0
thp_promote 0
thp_fault_alloc 18696
thp_fault_fallback 0
thp_collapse_alloc 13
thp_collapse_alloc_failed 0
thp_split 2
thp_zero_page_alloc 1
thp_zero_page_alloc_failed 0
thp_promote 0
thp_fault_alloc 19381
thp_fault_fallback 0
thp_collapse_alloc 13
thp_collapse_alloc_failed 0
thp_split 2
thp_zero_page_alloc 1
thp_zero_page_alloc_failed 0
thp_promote 0
thp_fault_alloc 21641
thp_fault_fallback 0
thp_collapse_alloc 13
thp_collapse_alloc_failed 0
thp_split 2
thp_zero_page_alloc 1
thp_zero_page_alloc_failed 0
thp_promote 0
thp_fault_alloc 23890
thp_fault_fallback 0
thp_collapse_alloc 13
thp_collapse_alloc_failed 0
thp_split 2
thp_zero_page_alloc 1
thp_zero_page_alloc_failed 0
thp_promote 0
thp_fault_alloc 24717
thp_fault_fallback 0
thp_collapse_alloc 13
thp_collapse_alloc_failed 0
thp_split 2
thp_zero_page_alloc 1
thp_zero_page_alloc_failed 0
thp_promote 0
thp_fault_alloc 24721
thp_fault_fallback 0
thp_collapse_alloc 13
thp_collapse_alloc_failed 0
thp_split 2
thp_zero_page_alloc 1
thp_zero_page_alloc_failed 0
thp_promote 0
thp_fault_alloc 24725
thp_fault_fallback 0
thp_collapse_alloc 13
thp_collapse_alloc_failed 0
thp_split 2
thp_zero_page_alloc 1
thp_zero_page_alloc_failed 0
thp_promote 0
thp_fault_alloc 24728
thp_fault_fallback 0
thp_collapse_alloc 13
thp_collapse_alloc_failed 0
thp_split 2
thp_zero_page_alloc 1
thp_zero_page_alloc_failed 0
thp_promote 0
thp_fault_alloc 24732
thp_fault_fallback 0
thp_collapse_alloc 13
thp_collapse_alloc_failed 0
thp_split 2
thp_zero_page_alloc 1
thp_zero_page_alloc_failed 0
thp_promote 0
thp_fault_alloc 24736
thp_fault_fallback 0
thp_collapse_alloc 13
thp_collapse_alloc_failed 0
thp_split 2
thp_zero_page_alloc 1
thp_zero_page_alloc_failed 0
thp_promote 0
thp_fault_alloc 24740
thp_fault_fallback 0
thp_collapse_alloc 13
thp_collapse_alloc_failed 0
thp_split 2
thp_zero_page_alloc 1
thp_zero_page_alloc_failed 0
thp_promote 0
thp_fault_alloc 24743
thp_fault_fallback 0
thp_collapse_alloc 13
thp_collapse_alloc_failed 0
thp_split 2
thp_zero_page_alloc 1
thp_zero_page_alloc_failed 0
thp_promote 0
thp_fault_alloc 24747
thp_fault_fallback 0
thp_collapse_alloc 13
thp_collapse_alloc_failed 0
thp_split 2
thp_zero_page_alloc 1
thp_zero_page_alloc_failed 0
thp_promote 0
thp_fault_alloc 24751
thp_fault_fallback 0
thp_collapse_alloc 13
thp_collapse_alloc_failed 0
thp_split 2
thp_zero_page_alloc 1
thp_zero_page_alloc_failed 0
thp_promote 0
thp_fault_alloc 24754
thp_fault_fallback 0
thp_collapse_alloc 13
thp_collapse_alloc_failed 0
thp_split 2
thp_zero_page_alloc 1
thp_zero_page_alloc_failed 0
thp_promote 0
thp_fault_alloc 24758
thp_fault_fallback 0
thp_collapse_alloc 13
thp_collapse_alloc_failed 0
thp_split 2
thp_zero_page_alloc 1
thp_zero_page_alloc_failed 0
thp_promote 0
thp_fault_alloc 24762
thp_fault_fallback 0
thp_collapse_alloc 13
thp_collapse_alloc_failed 0
thp_split 2
thp_zero_page_alloc 1
thp_zero_page_alloc_failed 0
thp_promote 0
thp_fault_alloc 24766
thp_fault_fallback 0
thp_collapse_alloc 13
thp_collapse_alloc_failed 0
thp_split 2
thp_zero_page_alloc 1
thp_zero_page_alloc_failed 0
thp_promote 0
thp_fault_alloc 24769
thp_fault_fallback 0
thp_collapse_alloc 13
thp_collapse_alloc_failed 0
thp_split 2
thp_zero_page_alloc 1
thp_zero_page_alloc_failed 0
thp_promote 0
thp_fault_alloc 24773
thp_fault_fallback 0
thp_collapse_alloc 13
thp_collapse_alloc_failed 0
thp_split 2
thp_zero_page_alloc 1
thp_zero_page_alloc_failed 0
thp_promote 0
thp_fault_alloc 24777
thp_fault_fallback 0
thp_collapse_alloc 13
thp_collapse_alloc_failed 0
thp_split 2
thp_zero_page_alloc 1
thp_zero_page_alloc_failed 0
thp_promote 0
thp_fault_alloc 24780
thp_fault_fallback 0
thp_collapse_alloc 13
thp_collapse_alloc_failed 0
thp_split 2
thp_zero_page_alloc 1
thp_zero_page_alloc_failed 0
thp_promote 0
thp_fault_alloc 24784
thp_fault_fallback 0
thp_collapse_alloc 13
thp_collapse_alloc_failed 0
thp_split 2
thp_zero_page_alloc 1
thp_zero_page_alloc_failed 0
thp_promote 0
thp_fault_alloc 24788
thp_fault_fallback 0
thp_collapse_alloc 13
thp_collapse_alloc_failed 0
thp_split 2
thp_zero_page_alloc 1
thp_zero_page_alloc_failed 0
thp_promote 0
thp_fault_alloc 24791
thp_fault_fallback 0
thp_collapse_alloc 13
thp_collapse_alloc_failed 0
thp_split 2
thp_zero_page_alloc 1
thp_zero_page_alloc_failed 0
thp_promote 0
thp_fault_alloc 24795
thp_fault_fallback 0
thp_collapse_alloc 13
thp_collapse_alloc_failed 0
thp_split 2
thp_zero_page_alloc 1
thp_zero_page_alloc_failed 0
thp_promote 0
thp_fault_alloc 24799
thp_fault_fallback 0
thp_collapse_alloc 13
thp_collapse_alloc_failed 0
thp_split 2
thp_zero_page_alloc 1
thp_zero_page_alloc_failed 0
thp_promote 0
thp_fault_alloc 24802
thp_fault_fallback 0
thp_collapse_alloc 13
thp_collapse_alloc_failed 0
thp_split 2
thp_zero_page_alloc 1
thp_zero_page_alloc_failed 0
thp_promote 0
thp_fault_alloc 24806
thp_fault_fallback 0
thp_collapse_alloc 13
thp_collapse_alloc_failed 0
thp_split 2
thp_zero_page_alloc 1
thp_zero_page_alloc_failed 0
thp_promote 0
thp_fault_alloc 24810
thp_fault_fallback 0
thp_collapse_alloc 13
thp_collapse_alloc_failed 0
thp_split 2
thp_zero_page_alloc 1
thp_zero_page_alloc_failed 0
thp_promote 0
thp_fault_alloc 24813
thp_fault_fallback 0
thp_collapse_alloc 13
thp_collapse_alloc_failed 0
thp_split 2
thp_zero_page_alloc 1
thp_zero_page_alloc_failed 0
thp_promote 0
thp_fault_alloc 24817
thp_fault_fallback 0
thp_collapse_alloc 13
thp_collapse_alloc_failed 0
thp_split 2
thp_zero_page_alloc 1
thp_zero_page_alloc_failed 0
thp_promote 0
thp_fault_alloc 24820
thp_fault_fallback 0
thp_collapse_alloc 13
thp_collapse_alloc_failed 0
thp_split 2
thp_zero_page_alloc 1
thp_zero_page_alloc_failed 0
thp_promote 0
thp_fault_alloc 24824
thp_fault_fallback 0
thp_collapse_alloc 13
thp_collapse_alloc_failed 0
thp_split 2
thp_zero_page_alloc 1
thp_zero_page_alloc_failed 0
thp_promote 0
thp_fault_alloc 24835
thp_fault_fallback 0
thp_collapse_alloc 13
thp_collapse_alloc_failed 0
thp_split 2
thp_zero_page_alloc 1
thp_zero_page_alloc_failed 0
thp_promote 0
thp_fault_alloc 24838
thp_fault_fallback 0
thp_collapse_alloc 13
thp_collapse_alloc_failed 0
thp_split 2
thp_zero_page_alloc 1
thp_zero_page_alloc_failed 0
thp_promote 0
thp_fault_alloc 24842
thp_fault_fallback 0
thp_collapse_alloc 13
thp_collapse_alloc_failed 0
thp_split 2
thp_zero_page_alloc 1
thp_zero_page_alloc_failed 0
thp_promote 0
thp_fault_alloc 24853
thp_fault_fallback 0
thp_collapse_alloc 13
thp_collapse_alloc_failed 0
thp_split 2
thp_zero_page_alloc 1
thp_zero_page_alloc_failed 0
thp_promote 0
thp_fault_alloc 24857
thp_fault_fallback 0
thp_collapse_alloc 13
thp_collapse_alloc_failed 0
thp_split 2
thp_zero_page_alloc 1
thp_zero_page_alloc_failed 0
thp_promote 0
thp_fault_alloc 24860
thp_fault_fallback 0
thp_collapse_alloc 13
thp_collapse_alloc_failed 0
thp_split 2
thp_zero_page_alloc 1
thp_zero_page_alloc_failed 0
thp_promote 0
thp_fault_alloc 24867
thp_fault_fallback 0
thp_collapse_alloc 13
thp_collapse_alloc_failed 0
thp_split 2
thp_zero_page_alloc 1
thp_zero_page_alloc_failed 0
thp_promote 0
thp_fault_alloc 24871
thp_fault_fallback 0
thp_collapse_alloc 13
thp_collapse_alloc_failed 0
thp_split 2
thp_zero_page_alloc 1
thp_zero_page_alloc_failed 0
thp_promote 0
thp_fault_alloc 24875
thp_fault_fallback 0
thp_collapse_alloc 13
thp_collapse_alloc_failed 0
thp_split 2
thp_zero_page_alloc 1
thp_zero_page_alloc_failed 0
thp_promote 0
thp_fault_alloc 24878
thp_fault_fallback 0
thp_collapse_alloc 13
thp_collapse_alloc_failed 0
thp_split 2
thp_zero_page_alloc 1
thp_zero_page_alloc_failed 0
thp_promote 0
thp_fault_alloc 24888
thp_fault_fallback 0
thp_collapse_alloc 13
thp_collapse_alloc_failed 0
thp_split 2
thp_zero_page_alloc 1
thp_zero_page_alloc_failed 0
thp_promote 0
thp_fault_alloc 24891
thp_fault_fallback 0
thp_collapse_alloc 13
thp_collapse_alloc_failed 0
thp_split 2
thp_zero_page_alloc 1
thp_zero_page_alloc_failed 0
thp_promote 0
thp_fault_alloc 24895
thp_fault_fallback 0
thp_collapse_alloc 13
thp_collapse_alloc_failed 0
thp_split 2
thp_zero_page_alloc 1
thp_zero_page_alloc_failed 0
thp_promote 0
thp_fault_alloc 24898
thp_fault_fallback 0
thp_collapse_alloc 13
thp_collapse_alloc_failed 0
thp_split 2
thp_zero_page_alloc 1
thp_zero_page_alloc_failed 0
thp_promote 0
thp_fault_alloc 24902
thp_fault_fallback 0
thp_collapse_alloc 13
thp_collapse_alloc_failed 0
thp_split 2
thp_zero_page_alloc 1
thp_zero_page_alloc_failed 0
thp_promote 0
thp_fault_alloc 24905
thp_fault_fallback 0
thp_collapse_alloc 13
thp_collapse_alloc_failed 0
thp_split 2
thp_zero_page_alloc 1
thp_zero_page_alloc_failed 0
thp_promote 0
thp_fault_alloc 24909
thp_fault_fallback 0
thp_collapse_alloc 13
thp_collapse_alloc_failed 0
thp_split 2
thp_zero_page_alloc 1
thp_zero_page_alloc_failed 0
thp_promote 0
thp_fault_alloc 24912
thp_fault_fallback 0
thp_collapse_alloc 13
thp_collapse_alloc_failed 0
thp_split 2
thp_zero_page_alloc 1
thp_zero_page_alloc_failed 0
thp_promote 0
thp_fault_alloc 24916
thp_fault_fallback 0
thp_collapse_alloc 13
thp_collapse_alloc_failed 0
thp_split 2
thp_zero_page_alloc 1
thp_zero_page_alloc_failed 0
thp_promote 0
thp_fault_alloc 24919
thp_fault_fallback 0
thp_collapse_alloc 13
thp_collapse_alloc_failed 0
thp_split 2
thp_zero_page_alloc 1
thp_zero_page_alloc_failed 0
thp_promote 0
thp_fault_alloc 24923
thp_fault_fallback 0
thp_collapse_alloc 13
thp_collapse_alloc_failed 0
thp_split 2
thp_zero_page_alloc 1
thp_zero_page_alloc_failed 0
thp_promote 0
thp_fault_alloc 24926
thp_fault_fallback 0
thp_collapse_alloc 13
thp_collapse_alloc_failed 0
thp_split 2
thp_zero_page_alloc 1
thp_zero_page_alloc_failed 0
thp_promote 0
thp_fault_alloc 24930
thp_fault_fallback 0
thp_collapse_alloc 13
thp_collapse_alloc_failed 0
thp_split 2
thp_zero_page_alloc 1
thp_zero_page_alloc_failed 0
thp_promote 0
thp_fault_alloc 24933
thp_fault_fallback 0
thp_collapse_alloc 13
thp_collapse_alloc_failed 0
thp_split 2
thp_zero_page_alloc 1
thp_zero_page_alloc_failed 0
thp_promote 0
thp_fault_alloc 24937
thp_fault_fallback 0
thp_collapse_alloc 13
thp_collapse_alloc_failed 0
thp_split 2
thp_zero_page_alloc 1
thp_zero_page_alloc_failed 0
thp_promote 0
thp_fault_alloc 24940
thp_fault_fallback 0
thp_collapse_alloc 13
thp_collapse_alloc_failed 0
thp_split 2
thp_zero_page_alloc 1
thp_zero_page_alloc_failed 0
thp_promote 0
thp_fault_alloc 24943
thp_fault_fallback 0
thp_collapse_alloc 13
thp_collapse_alloc_failed 0
thp_split 2
thp_zero_page_alloc 1
thp_zero_page_alloc_failed 0
thp_promote 0
thp_fault_alloc 24943
thp_fault_fallback 0
thp_collapse_alloc 13
thp_collapse_alloc_failed 0
thp_split 2
thp_zero_page_alloc 1
thp_zero_page_alloc_failed 0
thp_promote 0
thp_fault_alloc 24943
thp_fault_fallback 0
thp_collapse_alloc 13
thp_collapse_alloc_failed 0
thp_split 2
thp_zero_page_alloc 1
thp_zero_page_alloc_failed 0
thp_promote 0
thp_fault_alloc 24943
thp_fault_fallback 0
thp_collapse_alloc 13
thp_collapse_alloc_failed 0
thp_split 2
thp_zero_page_alloc 1
thp_zero_page_alloc_failed 0
thp_promote 0
thp_fault_alloc 24943
thp_fault_fallback 0
thp_collapse_alloc 13
thp_collapse_alloc_failed 0
thp_split 2
thp_zero_page_alloc 1
thp_zero_page_alloc_failed 0
thp_promote 0
thp_fault_alloc 24943
thp_fault_fallback 0
thp_collapse_alloc 13
thp_collapse_alloc_failed 0
thp_split 2
thp_zero_page_alloc 1
thp_zero_page_alloc_failed 0
thp_promote 0
thp_fault_alloc 24943
thp_fault_fallback 0
thp_collapse_alloc 13
thp_collapse_alloc_failed 0
thp_split 2
thp_zero_page_alloc 1
thp_zero_page_alloc_failed 0
thp_promote 0
thp_fault_alloc 24943
thp_fault_fallback 0
thp_collapse_alloc 13
thp_collapse_alloc_failed 0
thp_split 2
thp_zero_page_alloc 1
thp_zero_page_alloc_failed 0
thp_promote 0
thp_fault_alloc 24943
thp_fault_fallback 0
thp_collapse_alloc 13
thp_collapse_alloc_failed 0
thp_split 2
thp_zero_page_alloc 1
thp_zero_page_alloc_failed 0
thp_promote 0
thp_fault_alloc 24943
thp_fault_fallback 0
thp_collapse_alloc 13
thp_collapse_alloc_failed 0
thp_split 2
thp_zero_page_alloc 1
thp_zero_page_alloc_failed 0
thp_promote 0
thp_fault_alloc 24943
thp_fault_fallback 0
thp_collapse_alloc 13
thp_collapse_alloc_failed 0
thp_split 2
thp_zero_page_alloc 1
thp_zero_page_alloc_failed 0
thp_promote 0
thp_fault_alloc 24943
thp_fault_fallback 0
thp_collapse_alloc 13
thp_collapse_alloc_failed 0
thp_split 2
thp_zero_page_alloc 1
thp_zero_page_alloc_failed 0
thp_promote 0
thp_fault_alloc 24943
thp_fault_fallback 0
thp_collapse_alloc 13
thp_collapse_alloc_failed 0
thp_split 2
thp_zero_page_alloc 1
thp_zero_page_alloc_failed 0
thp_promote 0
thp_fault_alloc 24943
thp_fault_fallback 0
thp_collapse_alloc 13
thp_collapse_alloc_failed 0
thp_split 2
thp_zero_page_alloc 1
thp_zero_page_alloc_failed 0
thp_promote 0
thp_fault_alloc 24943
thp_fault_fallback 0
thp_collapse_alloc 13
thp_collapse_alloc_failed 0
thp_split 2
thp_zero_page_alloc 1
thp_zero_page_alloc_failed 0
thp_promote 0
thp_fault_alloc 24943
thp_fault_fallback 0
thp_collapse_alloc 13
thp_collapse_alloc_failed 0
thp_split 2
thp_zero_page_alloc 1
thp_zero_page_alloc_failed 0
thp_promote 0
thp_fault_alloc 24943
thp_fault_fallback 0
thp_collapse_alloc 13
thp_collapse_alloc_failed 0
thp_split 2
thp_zero_page_alloc 1
thp_zero_page_alloc_failed 0
thp_promote 0
thp_fault_alloc 24943
thp_fault_fallback 0
thp_collapse_alloc 13
thp_collapse_alloc_failed 0
thp_split 2
thp_zero_page_alloc 1
thp_zero_page_alloc_failed 0
thp_promote 0
thp_fault_alloc 24943
thp_fault_fallback 0
thp_collapse_alloc 13
thp_collapse_alloc_failed 0
thp_split 2
thp_zero_page_alloc 1
thp_zero_page_alloc_failed 0
thp_promote 0
thp_fault_alloc 24943
thp_fault_fallback 0
thp_collapse_alloc 13
thp_collapse_alloc_failed 0
thp_split 2
thp_zero_page_alloc 1
thp_zero_page_alloc_failed 0
thp_promote 0
thp_fault_alloc 24943
thp_fault_fallback 0
thp_collapse_alloc 13
thp_collapse_alloc_failed 0
thp_split 2
thp_zero_page_alloc 1
thp_zero_page_alloc_failed 0
thp_promote 0
thp_fault_alloc 24943
thp_fault_fallback 0
thp_collapse_alloc 13
thp_collapse_alloc_failed 0
thp_split 2
thp_zero_page_alloc 1
thp_zero_page_alloc_failed 0
thp_promote 0
thp_fault_alloc 24943
thp_fault_fallback 0
thp_collapse_alloc 13
thp_collapse_alloc_failed 0
thp_split 2
thp_zero_page_alloc 1
thp_zero_page_alloc_failed 0
thp_promote 0
thp_fault_alloc 24943
thp_fault_fallback 0
thp_collapse_alloc 13
thp_collapse_alloc_failed 0
thp_split 2
thp_zero_page_alloc 1
thp_zero_page_alloc_failed 0
thp_promote 0
thp_fault_alloc 24943
thp_fault_fallback 0
thp_collapse_alloc 13
thp_collapse_alloc_failed 0
thp_split 2
thp_zero_page_alloc 1
thp_zero_page_alloc_failed 0
thp_promote 0
thp_fault_alloc 24943
thp_fault_fallback 0
thp_collapse_alloc 13
thp_collapse_alloc_failed 0
thp_split 2
thp_zero_page_alloc 1
thp_zero_page_alloc_failed 0
thp_promote 0
thp_fault_alloc 24943
thp_fault_fallback 0
thp_collapse_alloc 13
thp_collapse_alloc_failed 0
thp_split 2
thp_zero_page_alloc 1
thp_zero_page_alloc_failed 0
thp_promote 0
thp_fault_alloc 24943
thp_fault_fallback 0
thp_collapse_alloc 13
thp_collapse_alloc_failed 0
thp_split 2
thp_zero_page_alloc 1
thp_zero_page_alloc_failed 0
thp_promote 0
thp_fault_alloc 24943
thp_fault_fallback 0
thp_collapse_alloc 13
thp_collapse_alloc_failed 0
thp_split 2
thp_zero_page_alloc 1
thp_zero_page_alloc_failed 0
thp_promote 0
thp_fault_alloc 24943
thp_fault_fallback 0
thp_collapse_alloc 13
thp_collapse_alloc_failed 0
thp_split 2
thp_zero_page_alloc 1
thp_zero_page_alloc_failed 0
thp_promote 0
thp_fault_alloc 24943
thp_fault_fallback 0
thp_collapse_alloc 13
thp_collapse_alloc_failed 0
thp_split 2
thp_zero_page_alloc 1
thp_zero_page_alloc_failed 0
thp_promote 0
thp_fault_alloc 24943
thp_fault_fallback 0
thp_collapse_alloc 13
thp_collapse_alloc_failed 0
thp_split 2
thp_zero_page_alloc 1
thp_zero_page_alloc_failed 0
thp_promote 0
thp_fault_alloc 24943
thp_fault_fallback 0
thp_collapse_alloc 13
thp_collapse_alloc_failed 0
thp_split 2
thp_zero_page_alloc 1
thp_zero_page_alloc_failed 0
thp_promote 0
thp_fault_alloc 24943
thp_fault_fallback 0
thp_collapse_alloc 13
thp_collapse_alloc_failed 0
thp_split 2
thp_zero_page_alloc 1
thp_zero_page_alloc_failed 0
thp_promote 0
thp_fault_alloc 24972
thp_fault_fallback 0
thp_collapse_alloc 13
thp_collapse_alloc_failed 0
thp_split 2
thp_zero_page_alloc 1
thp_zero_page_alloc_failed 0
thp_promote 0
thp_fault_alloc 25000
thp_fault_fallback 0
thp_collapse_alloc 13
thp_collapse_alloc_failed 0
thp_split 2
thp_zero_page_alloc 1
thp_zero_page_alloc_failed 0
thp_promote 0
thp_fault_alloc 25057
thp_fault_fallback 0
thp_collapse_alloc 13
thp_collapse_alloc_failed 0
thp_split 2
thp_zero_page_alloc 1
thp_zero_page_alloc_failed 0
thp_promote 0
thp_fault_alloc 25057
thp_fault_fallback 0
thp_collapse_alloc 13
thp_collapse_alloc_failed 0
thp_split 2
thp_zero_page_alloc 1
thp_zero_page_alloc_failed 0
thp_promote 0
thp_fault_alloc 25057
thp_fault_fallback 0
thp_collapse_alloc 13
thp_collapse_alloc_failed 0
thp_split 2
thp_zero_page_alloc 1
thp_zero_page_alloc_failed 0
thp_promote 0
thp_fault_alloc 25172
thp_fault_fallback 0
thp_collapse_alloc 13
thp_collapse_alloc_failed 0
thp_split 2
thp_zero_page_alloc 1
thp_zero_page_alloc_failed 0
thp_promote 0
thp_fault_alloc 25172
thp_fault_fallback 0
thp_collapse_alloc 13
thp_collapse_alloc_failed 0
thp_split 2
thp_zero_page_alloc 1
thp_zero_page_alloc_failed 0
thp_promote 0
thp_fault_alloc 25172
thp_fault_fallback 0
thp_collapse_alloc 13
thp_collapse_alloc_failed 0
thp_split 2
thp_zero_page_alloc 1
thp_zero_page_alloc_failed 0
thp_promote 0
thp_fault_alloc 25172
thp_fault_fallback 0
thp_collapse_alloc 13
thp_collapse_alloc_failed 0
thp_split 2
thp_zero_page_alloc 1
thp_zero_page_alloc_failed 0
thp_promote 0
thp_fault_alloc 25234
thp_fault_fallback 0
thp_collapse_alloc 13
thp_collapse_alloc_failed 0
thp_split 2
thp_zero_page_alloc 1
thp_zero_page_alloc_failed 0
thp_promote 0
thp_fault_alloc 25401
thp_fault_fallback 0
thp_collapse_alloc 13
thp_collapse_alloc_failed 0
thp_split 2
thp_zero_page_alloc 1
thp_zero_page_alloc_failed 0
thp_promote 0
thp_fault_alloc 25401
thp_fault_fallback 0
thp_collapse_alloc 13
thp_collapse_alloc_failed 0
thp_split 2
thp_zero_page_alloc 1
thp_zero_page_alloc_failed 0
thp_promote 0
thp_fault_alloc 25401
thp_fault_fallback 0
thp_collapse_alloc 13
thp_collapse_alloc_failed 0
thp_split 2
thp_zero_page_alloc 1
thp_zero_page_alloc_failed 0
thp_promote 0
thp_fault_alloc 25401
thp_fault_fallback 0
thp_collapse_alloc 13
thp_collapse_alloc_failed 0
thp_split 2
thp_zero_page_alloc 1
thp_zero_page_alloc_failed 0
thp_promote 0
thp_fault_alloc 25401
thp_fault_fallback 0
thp_collapse_alloc 13
thp_collapse_alloc_failed 0
thp_split 2
thp_zero_page_alloc 1
thp_zero_page_alloc_failed 0
thp_promote 0
thp_fault_alloc 25401
thp_fault_fallback 0
thp_collapse_alloc 13
thp_collapse_alloc_failed 0
thp_split 2
thp_zero_page_alloc 1
thp_zero_page_alloc_failed 0
thp_promote 0
thp_fault_alloc 25401
thp_fault_fallback 0
thp_collapse_alloc 13
thp_collapse_alloc_failed 0
thp_split 2
thp_zero_page_alloc 1
thp_zero_page_alloc_failed 0
thp_promote 0
thp_fault_alloc 25401
thp_fault_fallback 0
thp_collapse_alloc 13
thp_collapse_alloc_failed 0
thp_split 2
thp_zero_page_alloc 1
thp_zero_page_alloc_failed 0
thp_promote 0
thp_fault_alloc 25401
thp_fault_fallback 0
thp_collapse_alloc 13
thp_collapse_alloc_failed 0
thp_split 2
thp_zero_page_alloc 1
thp_zero_page_alloc_failed 0
thp_promote 0
thp_fault_alloc 25401
thp_fault_fallback 0
thp_collapse_alloc 13
thp_collapse_alloc_failed 0
thp_split 2
thp_zero_page_alloc 1
thp_zero_page_alloc_failed 0
thp_promote 0
thp_fault_alloc 25401
thp_fault_fallback 0
thp_collapse_alloc 13
thp_collapse_alloc_failed 0
thp_split 2
thp_zero_page_alloc 1
thp_zero_page_alloc_failed 0
thp_promote 0
thp_fault_alloc 25401
thp_fault_fallback 0
thp_collapse_alloc 13
thp_collapse_alloc_failed 0
thp_split 2
thp_zero_page_alloc 1
thp_zero_page_alloc_failed 0
thp_promote 0
thp_fault_alloc 25499
thp_fault_fallback 0
thp_collapse_alloc 13
thp_collapse_alloc_failed 0
thp_split 2
thp_zero_page_alloc 1
thp_zero_page_alloc_failed 0
thp_promote 0
thp_fault_alloc 25858
thp_fault_fallback 0
thp_collapse_alloc 13
thp_collapse_alloc_failed 0
thp_split 2
thp_zero_page_alloc 1
thp_zero_page_alloc_failed 0
thp_promote 0
thp_fault_alloc 25858
thp_fault_fallback 0
thp_collapse_alloc 13
thp_collapse_alloc_failed 0
thp_split 3
thp_zero_page_alloc 1
thp_zero_page_alloc_failed 0
thp_promote 0
thp_fault_alloc 25858
thp_fault_fallback 0
thp_collapse_alloc 13
thp_collapse_alloc_failed 0
thp_split 3
thp_zero_page_alloc 1
thp_zero_page_alloc_failed 0
thp_promote 0
thp_fault_alloc 25865
thp_fault_fallback 0
thp_collapse_alloc 15
thp_collapse_alloc_failed 0
thp_split 3
thp_zero_page_alloc 1
thp_zero_page_alloc_failed 0
thp_promote 0
thp_fault_alloc 25872
thp_fault_fallback 0
thp_collapse_alloc 15
thp_collapse_alloc_failed 0
thp_split 3
thp_zero_page_alloc 1
thp_zero_page_alloc_failed 0
thp_promote 0
thp_fault_alloc 25879
thp_fault_fallback 0
thp_collapse_alloc 15
thp_collapse_alloc_failed 0
thp_split 3
thp_zero_page_alloc 1
thp_zero_page_alloc_failed 0
thp_promote 0
thp_fault_alloc 25892
thp_fault_fallback 0
thp_collapse_alloc 15
thp_collapse_alloc_failed 0
thp_split 3
thp_zero_page_alloc 1
thp_zero_page_alloc_failed 0
thp_promote 0
thp_fault_alloc 25899
thp_fault_fallback 0
thp_collapse_alloc 15
thp_collapse_alloc_failed 0
thp_split 3
thp_zero_page_alloc 1
thp_zero_page_alloc_failed 0
thp_promote 0
thp_fault_alloc 25907
thp_fault_fallback 0
thp_collapse_alloc 15
thp_collapse_alloc_failed 0
thp_split 3
thp_zero_page_alloc 1
thp_zero_page_alloc_failed 0
thp_promote 0
thp_fault_alloc 25915
thp_fault_fallback 0
thp_collapse_alloc 15
thp_collapse_alloc_failed 0
thp_split 3
thp_zero_page_alloc 1
thp_zero_page_alloc_failed 0
thp_promote 0
thp_fault_alloc 25923
thp_fault_fallback 0
thp_collapse_alloc 15
thp_collapse_alloc_failed 0
thp_split 3
thp_zero_page_alloc 1
thp_zero_page_alloc_failed 0
thp_promote 0
thp_fault_alloc 25929
thp_fault_fallback 0
thp_collapse_alloc 15
thp_collapse_alloc_failed 0
thp_split 3
thp_zero_page_alloc 1
thp_zero_page_alloc_failed 0
thp_promote 0
thp_fault_alloc 25936
thp_fault_fallback 0
thp_collapse_alloc 15
thp_collapse_alloc_failed 0
thp_split 3
thp_zero_page_alloc 1
thp_zero_page_alloc_failed 0
thp_promote 0
