10450152 10446848
10532072 10530816
10616040 10612736
10697960 10694656
10779880 10776576
10861800 10858496
10943720 10940416
11025640 11022336
11107560 11104256
11191528 11188224
11273448 11270144
11355368 11352064
11437288 11433984
11519208 11517952
11603176 11599872
11685096 11681792
11767016 11763712
11848936 11845632
11918564 11915264
11918564 11915264
11918564 11915264
11918564 11915264
11918564 11915264
11918564 11915264
11918564 11915264
11918564 11915264
11918564 11915264
11918564 11915264
11918564 11915264
11918564 11915264
11400484 11397120
11406628 11403264
11414820 11411456
11420964 11417600
11429156 11425792
11435300 11431936
11441444 11438080
11449636 11446272
11455780 11452416
11461924 11458560
11468068 11464704
11476260 11472896
11482404 11479040
11488548 11485184
11494692 11491328
11500836 11497472
11509028 11505664
11515172 11511808
11521316 11517952
11527460 11524096
11533604 11530240
11539748 11536384
11545892 11542528
11552036 11548672
11558180 11554816
11564324 11560960
11570468 11567104
11576612 11573248
11582756 11579392
11588900 11585536
11595044 11591680
11599140 11595776
11605284 11601920
11611428 11608064
11617572 11614208
11623716 11620352
11627812 11624448
11633956 11630592
11640100 11636736
11646244 11642880
11650340 11646976
11656484 11653120
11662628 11659264
11666724 11663360
11672868 11669504
11679012 11675648
11683108 11679744
11689252 11685888
11693348 11689984
11699492 11696128
11703588 11700224
11709732 11706368
11713828 11710464
11719972 11716608
11724068 11720704
11730212 11726848
11734308 11730944
11740452 11737088
11744548 11741184
11748644 11745280
11754788 11751424
11758884 11755520
11762980 11761664
11769124 11765760
11773220 11769856
11777316 11773952
11783460 11780096
11787556 11784192
11791652 11788288
11795748 11792384
11801892 11798528
11805988 11802624
11810084 11806720
11814180 11810816
11818276 11814912
11822372 11819008
11828516 11825152
11832612 11829248
11836708 11833344
11840804 11837440
11844900 11841536
11848996 11845632
11853092 11849728
11857188 11853824
11861284 11857920
11865380 11862016
11869476 11866112
11873572 11870208
11877668 11874304
11881764 11878400
11885860 11882496
11889956 11886592
11894052 11890688
11898148 11894784
11902244 11898880
11906340 11902976
11910436 11907072
11914532 11911168
11918628 11915264
11922724 11919360
11924772 11921408
11928868 11925504
11932964 11929600
11937060 11933696
11941156 11937792
11945252 11941888
11947300 11943936
11951396 11948032
11955492 11952128
11959588 11956224
11961636 11958272
11965732 11962368
11969828 11966464
11973924 11970560
11975972 11972608
11980068 11976704
11984164 11980800
11986212 11982848
11990308 11986944
11994404 11991040
11996452 11993088
12000548 11997184
12004644 12001280
12006692 12003328
12010788 12007424
12012836 12009472
12016932 12013568
12018980 12015616
12023076 12019712
12027172 12023808
12029220 12025856
12033316 12029952
12035364 12032000
12039460 12036096
12041508 12038144
12045604 12042240
12047652 12044288
12051748 12048384
12053796 12050432
12057892 12054528
12059940 12056576
12064036 12060672
12066084 12062720
12068132 12064768
12072228 12068864
12074276 12070912
12078372 12075008
12080420 12077056
12082468 12079104
12086564 12083200
12088612 12085248
12092708 12089344
12094756 12091392
12096804 12093440
12100900 12097536
12102948 12099584
12104996 12101632
12109092 12105728
12111140 12107776
12113188 12109824
12115236 12111872
12119332 12115968
12121380 12118016
12123428 12120064
12127524 12124160
12129572 12126208
12131620 12128256
12133668 12130304
12137764 12134400
12139812 12136448
12141860 12138496
12143908 12140544
12145956 12142592
12150052 12146688
12152100 12148736
12154148 12150784
12156196 12152832
12158244 12154880
12160292 12156928
12164388 12161024
12166436 12163072
12168484 12165120
12170532 12167168
12172580 12169216
12174628 12171264
12176676 12173312
12178724 12175360
12182820 12179456
12184868 12181504
12186916 12183552
12188964 12185600
12191012 12187648
12193060 12189696
12195108 12191744
12197156 12193792
12199204 12195840
12201252 12197888
12203300 12199936
12205348 12201984
12207396 12204032
12209444 12206080
12211492 12208128
12213540 12210176
12215588 12212224
12217636 12214272
12219684 12216320
12221732 12218368
12223780 12220416
12225828 12222464
12227876 12224512
12229924 12226560
12231972 12228608
12234020 12230656
12236068 12232704
12238116 12234752
12240164 12236800
12242212 12238848
12244260 12240896
12244260 12240896
12246308 12242944
12248356 12244992
12250404 12247040
12252452 12249088
12254500 12251136
12256548 12253184
12258596 12255232
12258596 12255232
12260644 12257280
12262692 12259328
12264740 12261376
12266788 12263424
12268836 12265472
12270884 12267520
12270884 12267520
12272932 12269568
12274980 12271616
12277028 12273664
12279076 12275712
12279076 12275712
12281124 12277760
12283172 12279808
12285220 12281856
12287268 12283904
12287268 12283904
12289316 12285952
12291364 12288000
12293412 12290048
12293412 12290048
12295460 12292096
12297508 12294144
12299556 12296192
12299556 12296192
12301604 12298240
12303652 12300288
12305700 12302336
12305700 12302336
12307748 12304384
12309796 12306432
12311844 12308480
12311844 12308480
12313892 12310528
12315940 12312576
12315940 12312576
12317988 12314624
12320036 12316672
12320036 12316672
12322084 12318720
12324132 12320768
12324132 12320768
12326180 12322816
12328228 12324864
12328228 12324864
12330276 12326912
12332324 12328960
12332324 12328960
12334372 12331008
12336420 12333056
12336420 12333056
12338468 12335104
12340516 12337152
12340516 12337152
12342564 12339200
12342564 12339200
12344612 12341248
12346660 12343296
12346660 12343296
12348708 12345344
12348708 12345344
12350756 12347392
12352804 12349440
12352804 12349440
12354852 12351488
12354852 12351488
12356900 12353536
12358948 12355584
12358948 12355584
12360996 12357632
12360996 12357632
12363044 12359680
12363044 12359680
12365092 12361728
12365092 12361728
12367140 12363776
12369188 12365824
12369188 12365824
12371236 12367872
12371236 12367872
12373284 12369920
12373284 12369920
12375332 12371968
12375332 12371968
12377380 12374016
12377380 12374016
12379428 12376064
12379428 12376064
12381476 12378112
12381476 12378112
12383524 12380160
12383524 12380160
12385572 12382208
12385572 12382208
12387620 12384256
12387620 12384256
12389668 12386304
12389668 12386304
12391716 12388352
12391716 12388352
12393764 12390400
12393764 12390400
12395812 12392448
12395812 12392448
12395812 12392448
12397860 12394496
12397860 12394496
12399908 12396544
12399908 12396544
12401956 12398592
12401956 12398592
12404004 12400640
12404004 12400640
12404004 12400640
12406052 12402688
12406052 12402688
12408100 12404736
12408100 12404736
12410148 12406784
12410148 12406784
12410148 12406784
12412196 12408832
12412196 12408832
12414244 12410880
12414244 12410880
12416292 12412928
12416292 12412928
12416292 12412928
12418340 12414976
12418340 12414976
12420388 12417024
12420388 12417024
12420388 12417024
12422436 12419072
12422436 12419072
12422436 12419072
12424484 12421120
12424484 12421120
12426532 12423168
12426532 12423168
12426532 12423168
12428580 12425216
12428580 12425216
12428580 12425216
12430628 12427264
12430628 12427264
12432676 12429312
12432676 12429312
12432676 12429312
12434724 12431360
12434724 12431360
12434724 12431360
12436772 12433408
12436772 12433408
12436772 12433408
12438820 12435456
12438820 12435456
12438820 12435456
12440868 12437504
12440868 12437504
12440868 12437504
12442916 12439552
12442916 12439552
12442916 12439552
12444964 12441600
12444964 12441600
12444964 12441600
12447012 12443648
12447012 12443648
12447012 12443648
12449060 12445696
12449060 12445696
12449060 12445696
12451108 12447744
12451108 12447744
12451108 12447744
12451108 12447744
12453156 12449792
12453156 12449792
12453156 12449792
12455204 12451840
12455204 12451840
12455204 12451840
12457252 12453888
12457252 12453888
12457252 12453888
12457252 12453888
12459300 12455936
12459300 12455936
12459300 12455936
12461348 12457984
12461348 12457984
12461348 12457984
12461348 12457984
12463396 12460032
12463396 12460032
12463396 12460032
12463396 12460032
12465444 12462080
12465444 12462080
12465444 12462080
12465444 12462080
12467492 12464128
12467492 12464128
12467492 12464128
12469540 12466176
12469540 12466176
12469540 12466176
12469540 12466176
12471588 12468224
12471588 12468224
12471588 12468224
12471588 12468224
12471588 12468224
12473636 12470272
12473636 12470272
12473636 12470272
12473636 12470272
12475684 12472320
12475684 12472320
12475684 12472320
12475684 12472320
12477732 12474368
12477732 12474368
12477732 12474368
12477732 12474368
12477732 12474368
12479780 12476416
12479780 12476416
12479780 12476416
12479780 12476416
12481828 12478464
12481828 12478464
12481828 12478464
12481828 12478464
12481828 12478464
12483876 12480512
12483876 12480512
12483876 12480512
12483876 12480512
12483876 12480512
12485924 12482560
12485924 12482560
12485924 12482560
12485924 12482560
12487972 12484608
12487972 12484608
12487972 12484608
12487972 12484608
12487972 12484608
12487972 12484608
12490020 12486656
12490020 12486656
12490020 12486656
12490020 12486656
12490020 12486656
12492068 12488704
12492068 12488704
12492068 12488704
12492068 12488704
12492068 12488704
12494116 12490752
12494116 12490752
12494116 12490752
12494116 12490752
12494116 12490752
12494116 12490752
12496164 12492800
12496164 12492800
12496164 12492800
12496164 12492800
12496164 12492800
12498212 12494848
12498212 12494848
12498212 12494848
12498212 12494848
12498212 12494848
12498212 12494848
12500260 12496896
12500260 12496896
12500260 12496896
12500260 12496896
12500260 12496896
12500260 12496896
12500260 12496896
12502308 12498944
12502308 12498944
12502308 12498944
12502308 12498944
12502308 12498944
12502308 12498944
12504356 12500992
12504356 12500992
12504356 12500992
12504356 12500992
12504356 12500992
12504356 12500992
12504356 12500992
12506404 12503040
12506404 12503040
12506404 12503040
12506404 12503040
12506404 12503040
12506404 12503040
12506404 12503040
12508452 12505088
12508452 12505088
12508452 12505088
12508452 12505088
12508452 12505088
12508452 12505088
12508452 12505088
12510500 12507136
12510500 12507136
12510500 12507136
12510500 12507136
12510500 12507136
12510500 12507136
12510500 12507136
12512548 12509184
12512548 12509184
12512548 12509184
12512548 12509184
12512548 12509184
12512548 12509184
12512548 12509184
12512548 12509184
12514596 12511232
12514596 12511232
12514596 12511232
12514596 12511232
12514596 12511232
12514596 12511232
12514596 12511232
12514596 12511232
12516644 12513280
12516644 12513280
12516644 12513280
12516644 12513280
12516644 12513280
12516644 12513280
12516644 12513280
12516644 12513280
12516644 12513280
12518692 12515328
12518692 12515328
12518692 12515328
12518692 12515328
12518692 12515328
12518692 12515328
12518692 12515328
12518692 12515328
12518692 12515328
12520740 12517376
12520740 12517376
12520740 12517376
12520740 12517376
12520740 12517376
12520740 12517376
12520740 12517376
12520740 12517376
12520740 12517376
12520740 12517376
12522788 12519424
12522788 12519424
12522788 12519424
12522788 12519424
12522788 12519424
12522788 12519424
12522788 12519424
12522788 12519424
12522788 12519424
12522788 12519424
12524836 12521472
12524836 12521472
12524836 12521472
12524836 12521472
12524836 12521472
12524836 12521472
12524836 12521472
12524836 12521472
12524836 12521472
12524836 12521472
12524836 12521472
12524836 12521472
12526884 12523520
12526884 12523520
12526884 12523520
12526884 12523520
12526884 12523520
12526884 12523520
12526884 12523520
12526884 12523520
12526884 12523520
12526884 12523520
12526884 12523520
12528932 12525568
12528932 12525568
12528932 12525568
12528932 12525568
12528932 12525568
12528932 12525568
12528932 12525568
12528932 12525568
12528932 12525568
12528932 12525568
12528932 12525568
12528932 12525568
12528932 12525568
12530980 12527616
12530980 12527616
12530980 12527616
12530980 12527616
12530980 12527616
12530980 12527616
12530980 12527616
12530980 12527616
12530980 12527616
12530980 12527616
12530980 12527616
12530980 12527616
12530980 12527616
12533028 12529664
12533028 12529664
12533028 12529664
12533028 12529664
12533028 12529664
12533028 12529664
12533028 12529664
12533028 12529664
12533028 12529664
12533028 12529664
12533028 12529664
12533028 12529664
12533028 12529664
12533028 12529664
12533028 12529664
12535076 12531712
12535076 12531712
12535076 12531712
12535076 12531712
12535076 12531712
12535076 12531712
12535076 12531712
12535076 12531712
12535076 12531712
12535076 12531712
12535076 12531712
12535076 12531712
12535076 12531712
12535076 12531712
12535076 12531712
12535076 12531712
12537124 12533760
12537124 12533760
12537124 12533760
12537124 12533760
12537124 12533760
12537124 12533760
12537124 12533760
12537124 12533760
12537124 12533760
12537124 12533760
12537124 12533760
12537124 12533760
12537124 12533760
12537124 12533760
12537124 12533760
12537124 12533760
12537124 12533760
12537124 12533760
12537124 12533760
12539172 12535808
12539172 12535808
12539172 12535808
12539172 12535808
12539172 12535808
12539172 12535808
12539172 12535808
12539172 12535808
12539172 12535808
12539172 12535808
12539172 12535808
12539172 12535808
12539172 12535808
12539172 12535808
12539172 12535808
12539172 12535808
12539172 12535808
12539172 12535808
12539172 12535808
12539172 12535808
12541220 12537856
12541220 12537856
12541220 12537856
12541220 12537856
12541220 12537856
12541220 12537856
12541220 12537856
12541220 12537856
12541220 12537856
12541220 12537856
12541220 12537856
12541220 12537856
12541220 12537856
12541220 12537856
12541220 12537856
12541220 12537856
12541220 12537856
12541220 12537856
12541220 12537856
12541220 12537856
12541220 12537856
12541220 12537856
12543268 12539904
12543268 12539904
12543268 12539904
12543268 12539904
12543268 12539904
12543268 12539904
12543268 12539904
12543268 12539904
12543268 12539904
12543268 12539904
12543268 12539904
12543268 12539904
12543268 12539904
12543268 12539904
12543268 12539904
12543268 12539904
12543268 12539904
12543268 12539904
12543268 12539904
12543268 12539904
12543268 12539904
12543268 12539904
12543268 12539904
12543268 12539904
12543268 12539904
12543268 12539904
12543268 12539904
12545316 12541952
12545316 12541952
12545316 12541952
12545316 12541952
12545316 12541952
12545316 12541952
12545316 12541952
12545316 12541952
12545316 12541952
12545316 12541952
12545316 12541952
12545316 12541952
12545316 12541952
12545316 12541952
12545316 12541952
12545316 12541952
12545316 12541952
12545316 12541952
12545316 12541952
12545316 12541952
12545316 12541952
12545316 12541952
12545316 12541952
12545316 12541952
12545316 12541952
12545316 12541952
12545316 12541952
12545316 12541952
12545316 12541952
12545316 12541952
12547364 12544000
12547364 12544000
12547364 12544000
12547364 12544000
12547364 12544000
12547364 12544000
12547364 12544000
12547364 12544000
12547364 12544000
12547364 12544000
12547364 12544000
12547364 12544000
12547364 12544000
12547364 12544000
12547364 12544000
12547364 12544000
12547364 12544000
12547364 12544000
12547364 12544000
12547364 12544000
12547364 12544000
12547364 12544000
12547364 12544000
12547364 12544000
12547364 12544000
12547364 12544000
12547364 12544000
12547364 12544000
12547364 12544000
12547364 12544000
12547364 12544000
12547364 12544000
12547364 12544000
12547364 12544000
12547364 12544000
12547364 12544000
12547364 12544000
12547364 12544000
12547364 12544000
12549412 12546048
12549412 12546048
12549412 12546048
12549412 12546048
12549412 12546048
12549412 12546048
12549412 12546048
12549412 12546048
12549412 12546048
12549412 12546048
12549412 12546048
12549412 12546048
12549412 12546048
12549412 12546048
12549412 12546048
12549412 12546048
12549412 12546048
12549412 12546048
12549412 12546048
12549412 12546048
12549412 12546048
12549412 12546048
12549412 12546048
12549412 12546048
12549412 12546048
12549412 12546048
12549412 12546048
12549412 12546048
12549412 12546048
12549412 12546048
12549412 12546048
12549412 12546048
12549412 12546048
12549412 12546048
12549412 12546048
12549412 12546048
12549412 12546048
12549412 12546048
12549412 12546048
12549412 12546048
12549412 12546048
12549412 12546048
12549412 12546048
12549412 12546048
12549412 12546048
12549412 12546048
12549412 12546048
12549412 12546048
12549412 12546048
12551460 12548096
12551460 12548096
12551460 12548096
12551460 12548096
12551460 12548096
12551460 12548096
12551460 12548096
12551460 12548096
12551460 12548096
12551460 12548096
12551460 12548096
12551460 12548096
12551460 12548096
12551460 12548096
12551460 12548096
12551460 12548096
12551460 12548096
12551460 12548096
12551460 12548096
12551460 12548096
12551460 12548096
12551460 12548096
12551460 12548096
12551460 12548096
12551460 12548096
12551460 12548096
12551460 12548096
12551460 12548096
12551460 12548096
12551460 12548096
12551460 12548096
12551460 12548096
12551460 12548096
12551460 12548096
12551460 12548096
12551460 12548096
12551460 12548096
12551460 12548096
12551460 12548096
12551460 12548096
12551460 12548096
12551460 12548096
12551460 12548096
12551460 12548096
12551460 12548096
12551460 12548096
12551460 12548096
12551460 12548096
12551460 12548096
12551460 12548096
12551460 12548096
12551460 12548096
12551460 12548096
12551460 12548096
12551460 12548096
12551460 12548096
12551460 12548096
12551460 12548096
12551460 12548096
12551460 12548096
12551460 12548096
12551460 12548096
12551460 12548096
12551460 12548096
12551460 12548096
12551460 12548096
12551460 12548096
12551460 12548096
12551460 12548096
12553508 12550144
12553508 12550144
12553508 12550144
12553508 12550144
12553508 12550144
12553508 12550144
12553508 12550144
12553508 12550144
12553508 12550144
12553508 12550144
12553508 12550144
12553508 12550144
12553508 12550144
12553508 12550144
12553508 12550144
12553508 12550144
12553508 12550144
12553508 12550144
12553508 12550144
12553508 12550144
12553508 12550144
12553508 12550144
12553508 12550144
12553508 12550144
12553508 12550144
12553508 12550144
12553508 12550144
12553508 12550144
12553508 12550144
12553508 12550144
12553508 12550144
12553508 12550144
12553508 12550144
12553508 12550144
12553508 12550144
12553508 12550144
12553508 12550144
12553508 12550144
12553508 12550144
12553508 12550144
12553508 12550144
12553508 12550144
12553508 12550144
12553508 12550144
12553508 12550144
12553508 12550144
12553508 12550144
12553508 12550144
12553508 12550144
12553508 12550144
12553508 12550144
12553508 12550144
12553508 12550144
12553508 12550144
12553508 12550144
12553508 12550144
12553508 12550144
12553508 12550144
12553508 12550144
12553508 12550144
12553508 12550144
12553508 12550144
12553508 12550144
12553508 12550144
12553508 12550144
12553508 12550144
12553508 12550144
12553508 12550144
12553508 12550144
12553508 12550144
12553508 12550144
12553508 12550144
12553508 12550144
12553508 12550144
12553508 12550144
12553508 12550144
12553508 12550144
12553508 12550144
12553508 12550144
12553508 12550144
12553508 12550144
12553508 12550144
12553508 12550144
12553508 12550144
12553508 12550144
12553508 12550144
12553508 12550144
12553508 12550144
12553508 12550144
12553508 12550144
12553508 12550144
12553508 12550144
12553508 12550144
12553508 12550144
12553508 12550144
12553508 12550144
12553508 12550144
12553508 12550144
12553508 12550144
12553508 12550144
12553508 12550144
12553508 12550144
12553508 12550144
12553508 12550144
12553508 12550144
12553508 12550144
12553508 12550144
12553508 12550144
12553508 12550144
12553508 12550144
12553508 12550144
12553508 12550144
12553508 12550144
12553508 12550144
12553508 12550144
12553508 12550144
12553508 12550144
12553508 12550144
12553508 12550144
12553508 12550144
12553508 12550144
12555556 12552192
12555556 12552192
12555556 12552192
12555556 12552192
12555556 12552192
12555556 12552192
12555556 12552192
12555556 12552192
12555556 12552192
12555556 12552192
12555556 12552192
12555556 12552192
12555556 12552192
12555556 12552192
12555556 12552192
12555556 12552192
12555556 12552192
12555556 12552192
12555556 12552192
12555556 12552192
12555556 12552192
12555556 12552192
12555556 12552192
12555556 12552192
12555556 12552192
12555556 12552192
12555556 12552192
12555556 12552192
12555556 12552192
12555556 12552192
12555556 12552192
12555556 12552192
12555556 12552192
12555556 12552192
12555556 12552192
12555556 12552192
12555556 12552192
12555556 12552192
12555556 12552192
12555556 12552192
12555556 12552192
12555556 12552192
12555556 12552192
12555556 12552192
12555556 12552192
12555556 12552192
12555556 12552192
12555556 12552192
12555556 12552192
12555556 12552192
12555556 12552192
12555556 12552192
12555556 12552192
12555556 12552192
12555556 12552192
12555556 12552192
12555556 12552192
12555556 12552192
12555556 12552192
12555556 12552192
12555556 12552192
12555556 12552192
12555556 12552192
12555556 12552192
12555556 12552192
12555556 12552192
12555556 12552192
12555556 12552192
12555556 12552192
12555556 12552192
12555556 12552192
12555556 12552192
12555556 12552192
12555556 12552192
12555556 12552192
12555556 12552192
12555556 12552192
12555556 12552192
12555556 12552192
12555556 12552192
12555556 12552192
12555556 12552192
12555556 12552192
12555556 12552192
12555556 12552192
12555556 12552192
12555556 12552192
12555556 12552192
12555556 12552192
12555556 12552192
12555556 12552192
12555556 12552192
12555556 12552192
12555556 12552192
12555556 12552192
12555556 12552192
12555556 12552192
12555556 12552192
12555556 12552192
12555556 12552192
12555556 12552192
12555556 12552192
12555556 12552192
12555556 12552192
12555556 12552192
12555556 12552192
12555556 12552192
12555556 12552192
12555556 12552192
12555556 12552192
12555556 12552192
12555556 12552192
12555556 12552192
12555556 12552192
12555556 12552192
12555556 12552192
12555556 12552192
12555556 12552192
12555556 12552192
12555556 12552192
12555556 12552192
12555556 12552192
12555556 12552192
12555556 12552192
12555556 12552192
12555556 12552192
12555556 12552192
12555556 12552192
12555556 12552192
12555556 12552192
12555556 12552192
12555556 12552192
12555556 12552192
12555556 12552192
12555556 12552192
12555556 12552192
12555556 12552192
12555556 12552192
12555556 12552192
12555556 12552192
12555556 12552192
12555556 12552192
12555556 12552192
12555556 12552192
12555556 12552192
12555556 12552192
12555556 12552192
12555556 12552192
12555556 12552192
12555556 12552192
12555556 12552192
12555556 12552192
12555556 12552192
12555556 12552192
12555556 12552192
12555556 12552192
12555556 12552192
12555556 12552192
12555556 12552192
12555556 12552192
12555556 12552192
12555556 12552192
12555556 12552192
12555556 12552192
12555556 12552192
12555556 12552192
12555556 12552192
12555556 12552192
12555556 12552192
12555556 12552192
12555556 12552192
12555556 12552192
12555556 12552192
12555556 12552192
12555556 12552192
12555556 12552192
12555556 12552192
12555556 12552192
12555556 12552192
12555556 12552192
12555556 12552192
12555556 12552192
12555556 12552192
12555556 12552192
12555556 12552192
12555556 12552192
12555556 12552192
12555556 12552192
12555556 12552192
12555556 12552192
12555556 12552192
12555556 12552192
12555556 12552192
12555556 12552192
12555556 12552192
12555556 12552192
12555556 12552192
12555556 12552192
12555556 12552192
12555556 12552192
12555556 12552192
12555556 12552192
12555556 12552192
12555556 12552192
12555556 12552192
12555556 12552192
12555556 12552192
12555556 12552192
12555556 12552192
12555556 12552192
12555556 12552192
12555556 12552192
12555556 12552192
12555556 12552192
12555556 12552192
12555556 12552192
12555556 12552192
12555556 12552192
12555556 12552192
12555556 12552192
12555556 12552192
12555556 12552192
12555556 12552192
12555556 12552192
12555556 12552192
12555556 12552192
12555556 12552192
12555556 12552192
12555556 12552192
12555556 12552192
12555556 12552192
12555556 12552192
12555556 12552192
12555556 12552192
12555556 12552192
12555556 12552192
12555556 12552192
12555556 12552192
12555556 12552192
12555556 12552192
12555556 12552192
12555556 12552192
12555556 12552192
12555556 12552192
12555556 12552192
12555556 12552192
12555556 12552192
12555556 12552192
12555556 12552192
12555556 12552192
12555556 12552192
12555556 12552192
12555556 12552192
12555556 12552192
12555556 12552192
12555556 12552192
12555556 12552192
12555556 12552192
12555556 12552192
12555556 12552192
12555556 12552192
12555556 12552192
12555556 12552192
12555556 12552192
12555556 12552192
12555556 12552192
12555556 12552192
12555556 12552192
12555556 12552192
12555556 12552192
12555556 12552192
12555556 12552192
12555556 12552192
12555556 12552192
12555556 12552192
12555556 12552192
12555556 12552192
12555556 12552192
12555556 12552192
12555556 12552192
12555556 12552192
12555556 12552192
12555556 12552192
12555556 12552192
12555556 12552192
12555556 12552192
12555556 12552192
12555556 12552192
12555556 12552192
12555556 12552192
12555556 12552192
12555556 12552192
12555556 12552192
12555556 12552192
12555556 12552192
12555556 12552192
12555556 12552192
12555556 12552192
12555556 12552192
12555556 12552192
12555556 12552192
12555556 12552192
12555556 12552192
12555556 12552192
12555556 12552192
12555556 12552192
12555556 12552192
12555556 12552192
12555556 12552192
12555556 12552192
12555556 12552192
12555556 12552192
12555556 12552192
12555556 12552192
12555556 12552192
12555556 12552192
12555556 12552192
12555556 12552192
12555556 12552192
12555556 12552192
12555556 12552192
12555556 12552192
12555556 12552192
12555556 12552192
12555556 12552192
12555556 12552192
12555556 12552192
12555556 12552192
12555556 12552192
12555556 12552192
12555556 12552192
12555556 12552192
12555556 12552192
12555556 12552192
12555556 12552192
12555556 12552192
12555556 12552192
12555556 12552192
12555556 12552192
12555556 12552192
12555556 12552192
12555556 12552192
12555556 12552192
12555556 12552192
12555556 12552192
12555556 12552192
12555556 12552192
12555556 12552192
12555556 12552192
12555556 12552192
12555556 12552192
12555556 12552192
12555556 12552192
12555556 12552192
12555556 12552192
12555556 12552192
12555556 12552192
12555556 12552192
12555556 12552192
12555556 12552192
12555556 12552192
12555556 12552192
12555556 12552192
12555556 12552192
12555556 12552192
12555556 12552192
12555556 12552192
12555556 12552192
12555556 12552192
12555556 12552192
12555556 12552192
12555556 12552192
12555556 12552192
12555556 12552192
12555556 12552192
12555556 12552192
12555556 12552192
12555556 12552192
12555556 12552192
12555556 12552192
12555556 12552192
12555556 12552192
12555556 12552192
12555556 12552192
12555556 12552192
12555556 12552192
12555556 12552192
12555556 12552192
12555556 12552192
12555556 12552192
12555556 12552192
12555556 12552192
12555556 12552192
12555556 12552192
12555556 12552192
12555556 12552192
12555556 12552192
12555556 12552192
12555556 12552192
12555556 12552192
12555556 12552192
12555556 12552192
12555556 12552192
12555556 12552192
12555556 12552192
12555556 12552192
12555556 12552192
12555556 12552192
12555556 12552192
12555556 12552192
12555556 12552192
12555556 12552192
12555556 12552192
12555556 12552192
12555556 12552192
12555556 12552192
12555556 12552192
12555556 12552192
12555556 12552192
12555556 12552192
12555556 12552192
12555556 12552192
12555556 12552192
12555556 12552192
12555556 12552192
12555556 12552192
12555556 12552192
12555556 12552192
12555556 12552192
12555556 12552192
12555556 12552192
12555556 12552192
12555556 12552192
12555556 12552192
12555556 12552192
12555556 12552192
12555556 12552192
12555556 12552192
12555556 12552192
12555556 12552192
12555556 12552192
12555556 12552192
12555556 12552192
12555556 12552192
12555556 12552192
12555556 12552192
12555556 12552192
12555556 12552192
12555556 12552192
12555556 12552192
12555556 12552192
12555556 12552192
12555556 12552192
12555556 12552192
12555556 12552192
12555556 12552192
12555556 12552192
12555556 12552192
12555556 12552192
12555556 12552192
12555556 12552192
12555556 12552192
12555556 12552192
