1040
1040
1040
1040
1040
1040
1040
1040
1040
1040
1040
1040
1040
1040
1040
1040
1040
1040
1040
1040
1040
1040
1040
1040
1040
1040
1040
1040
1040
1040
1248
1248
1248
1248
1248
1248
1248
1248
1248
1484
2864
3336
3336
3336
3336
3336
3336
3336
3336
3336
3704
4003
4003
4003
4003
4003
4003
4003
4003
4003
4003
4003
4003
4003
4003
4003
4003
4003
4003
4003
4004
4004
4004
4004
4004
4004
4004
4004
4004
4004
4004
4004
4004
4004
4004
4004
4004
4004
4004
4004
4005
4005
4005
4005
4005
4005
4005
4005
4005
4005
4006
4006
4006
4006
4006
4006
4006
4006
4006
4006
4007
4007
4007
4007
4007
4007
4007
4007
4007
4007
4007
4007
4007
4007
4007
4007
4007
4007
4007
4007
4007
4007
4007
4007
4007
4007
4011
4011
4011
4011
4011
4011
4011
4011
4011
4474
5307
5307
5307
5307
5307
5307
5307
5307
5307
5738
6602
6602
6602
6602
6602
6602
6602
6602
6602
6661
6661
6661
6661
6661
6661
6661
6661
6661
6661
6748
6748
6748
6748
6748
6748
6748
6748
6748
6749
6749
6749
6749
6749
6749
6749
6749
6749
6749
6749
6749
6749
6749
6749
6749
6749
6749
6749
6749
6749
6749
6749
6749
6749
6749
6749
6749
6749
6749
6749
6749
6749
6749
6749
6749
6749
6749
6749
6749
6749
6749
6749
6749
6749
6749
6749
6749
6749
6749
6749
6749
6749
6749
6749
6749
6749
6749
6749
6749
6749
6749
6749
6749
6749
6749
6749
6749
6749
6749
6749
6749
6749
6749
6749
6749
6749
6749
6749
6749
6749
6749
6749
6749
6749
7500
8643
8643
8643
8643
8643
8643
8643
8643
8643
8643
9439
9439
9439
9439
9439
9439
9439
9439
9439
9475
9475
9475
9475
9475
9475
9475
9475
9475
9475
9477
9477
9477
9477
9477
9477
9477
9477
9477
9477
9477
9477
9477
9477
9477
9477
9477
9477
9477
9477
9477
9477
9477
9477
9477
9477
9477
9477
9477
9477
9477
9477
9477
9477
9477
9477
9477
9477
9477
9477
9477
9477
9477
9477
9477
9477
9477
9477
9477
9477
9477
9477
9477
9477
9477
9477
9477
9477
9478
9478
9478
9478
9478
9478
9478
9478
9478
9478
9478
9478
9478
9478
9478
9478
9478
9478
9478
9478
9478
9478
9478
9478
9478
9478
9478
9479
9479
9479
9479
9479
9479
9479
9479
9479
9900
9966
9966
9966
9966
9966
9966
9966
9966
9966
10151
10151
10151
10151
10151
10151
10151
10151
10151
10151
10151
10151
10151
10151
10151
10151
10151
10151
10151
10151
10151
10151
10151
10151
10151
10151
10151
10151
10151
10151
10151
10151
10151
10151
10151
10151
10151
10151
10151
10151
10151
10151
10151
10151
10151
10151
10151
10151
10151
