0
2
0
0
0
0
0
0
0
0
0
7
0
0
0
0
0
0
0
0
0
1
0
0
0
0
0
0
0
0
3
6
0
0
0
0
0
0
0
0
1
0
0
0
0
0
0
0
0
-21
0
0
0
0
0
0
0
0
0
0
0
9
0
0
0
0
0
0
0
0
0
5
0
0
0
0
0
0
0
0
0
2
0
0
0
0
0
0
0
0
0
0
0
0
0
0
0
0
0
0
0
18
0
0
0
0
0
0
0
0
2
99
41
0
0
0
0
0
0
0
0
0
4
0
0
0
0
0
0
0
0
20
40
0
0
0
0
0
0
0
0
0
0
0
0
0
0
0
0
0
0
0
0
0
0
0
0
0
0
0
0
10
24
0
0
0
0
0
0
0
0
0
2
0
0
0
0
0
0
0
0
0
0
0
0
0
0
0
0
0
0
0
0
0
0
0
0
0
0
0
52
15
0
0
0
0
0
0
0
0
3
0
0
0
0
0
0
0
0
12
0
0
0
0
0
0
36
102
35
0
0
0
0
0
0
0
0
12
24
0
0
0
0
0
0
0
0
17
99
3
0
0
0
0
0
0
0
0
0
0
0
0
0
0
0
0
0
0
0
0
0
0
0
0
0
0
0
0
0
0
0
0
0
0
0
0
0
0
0
0
0
0
0
0
0
0
0
0
0
0
0
0
0
0
0
0
1
0
0
0
0
0
0
0
0
67
0
0
0
0
0
0
0
0
4
0
0
0
0
0
0
0
0
64
106
44
0
0
0
0
0
0
0
0
37
106
19
0
0
0
0
0
0
0
0
15
0
0
0
0
0
0
0
0
0
1
0
0
0
0
0
0
0
0
1
0
0
0
0
0
0
0
0
85
98
97
5
0
0
0
0
0
0
0
0
2
0
0
0
0
0
0
0
0
0
0
0
0
0
0
0
0
0
0
0
0
0
0
0
0
0
0
0
0
0
0
0
0
0
0
0
0
0
0
0
0
0
0
0
0
0
0
0
0
0
0
0
0
0
0
0
0
0
0
0
0
0
0
0
0
0
