9432 4096
91356 71680
165088 161792
271584 266240
318688 317440
406752 403456
535776 532480
582880 579584
629984 626688
716000 712704
799968 796672
949552 966656
1055968 1052672
1098976 1095680
1146080 1142784
1152224 1150976
1236192 1232896
1318112 1314816
1400032 1396736
1481952 1478656
1561824 1558528
1641696 1638400
1721568 1718272
2036896 2031616
2077920 2074624
2120928 2117632
2165984 2162688
2208992 2205696
2254048 2250752
2174176 2170880
2254048 2252800
2333920 2332672
2413792 2410496
2493664 2490368
2571488 2568192
2647264 2643968
2725088 2721792
2800864 2797568
2876640 2873344
2950368 2947072
3024096 3020800
3097824 3094528
3171552 3168256
3243232 3239936
3314912 3311616
3386592 3383296
3456224 3452928
4029664 4026368
4066528 4063232
4103392 4100096
4140256 4136960
4179168 4175872
4216032 4212736
4252896 4249600
4289760 4286464
4306144 272384
4312288 268288
4318432 282624
4328672 307200
4349152 346112
4369632 944128
4388064 1968128
4414688 2441216
4445408 2502656
4478176 2537472
4250848 2314240
4293856 2357248
4336864 2402304
4379872 2445312
4422880 2488320
4465888 2531328
4508896 2574336
4551904 2617344
4594912 2662400
4637920 2705408
4680928 2748416
4723936 2791424
4766944 2836480
4807904 2879488
4850912 2924544
4916448 2988032
4979936 3053568
5039328 3115008
5096672 3174400
5160160 3239936
5242080 5046272
5301472 5298176
5364960 5361664
5428448 5425152
5489888 5486592
5551328 5548032
5612768 5609472
5674208 5670912
5735648 5732352
5795040 5791744
5856480 5853184
5915872 5912576
5975264 5971968
6032608 6029312
6092000 6088704
6149344 6146048
6206688 6203392
6264032 6260736
6321376 6318080
6378720 6375424
6434016 6430720
6491360 6488064
6546656 6543360
6604000 6600704
6659296 6656000
6716640 6713344
6771936 6768640
6825184 6821888
6880480 6877184
6935776 6932480
8021216 8017920
8047840 8044544
8076512 8073216
8105184 8101888
8133856 8130560
8162528 8159232
8191200 8187904
8219872 8216576
8248544 8245248
8277216 8273920
8305888 8302592
8332512 8329216
8361184 8357888
8389856 8386560
8418528 8415232
8447200 8443904
8475872 8472576
8502496 8499200
8531168 8527872
8557792 8554496
8586464 8583168
8615136 8611840
8641760 8638464
8668384 8667136
8174816 8171520
8228064 8224768
8279264 8275968
8332512 8329216
8383712 8380416
8434912 8433664
8473824 83968
8486112 14336
8502496 30720
8520928 49152
8543456 71680
8568032 96256
8592608 126976
8615136 309248
8637664 626688
8662240 950272
8688864 1171456
8719584 1263616
8750304 1325056
8785120 1363968
8819936 1398784
8858848 1435648
8895712 1474560
8934624 1513472
8975584 1552384
9016544 1593344
9057504 1634304
9098464 1677312
9141472 1718272
9182432 1761280
9225440 1802240
9268448 1845248
9311456 1888256
9354464 1937408
9395424 2004992
9438432 2140160
9477344 2287616
9514208 2476032
9553120 2701312
9741536 4243456
9782496 4544512
9821408 4794368
9858272 5011456
9897184 5246976
9934048 5464064
9975008 5660672
10015968 5783552
10054880 5920768
10093792 6033408
10130656 6141952
10169568 6240256
10210528 6311936
10249440 6385664
10288352 6445056
10325216 6498304
10362080 7673856
10398944 10395648
10439904 10436608
10478816 10475520
10517728 10516480
10558688 10555392
10597600 10594304
10636512 10633216
10675424 10672128
10714336 10711040
10751200 10747904
10790112 10786816
10822880 10819584
10861792 10858496
10898656 10895360
10935520 10932224
10972384 10969088
11009248 11005952
11046112 11044864
11082976 11079680
11119840 11116544
11156704 11153408
11193568 11190272
11228384 11227136
11265248 11261952
11300064 11296768
11336928 11333632
11371744 11368448
11406560 11403264
11441376 11440128
11476192 11474944
11511008 11507712
11545824 11542528
11580640 11577344
11615456 11612160
11648224 11646976
11683040 11679744
11717856 11714560
11750624 11747328
11785440 11782144
11818208 11814912
11853024 11849728
11885792 11882496
11918560 11915264
11951328 11948032
11984096 11980800
12016864 12013568
12049632 12046336
12082400 12079104
12115168 12111872
12147936 12144640
12178656 12177408
12211424 12208128
12244192 12240896
12274912 12271616
12307680 12304384
12338400 12335104
12371168 12367872
12401888 12398592
12430560 12427264
12461280 12457984
12475616 2048
12483808 10240
12492000 18432
12502240 28672
12510432 38912
12522720 49152
12535008 61440
12547296 75776
12561632 90112
12575968 104448
12592352 133120
12606688 206848
12621024 411648
12635360 663552
12649696 894976
12668128 1081344
12684512 1173504
12704992 1245184
12725472 1284096
12748000 1316864
12770528 1343488
12793056 1368064
12817632 1392640
12842208 1417216
12866784 1441792
12893408 1466368
12917984 1495040
12944608 1519616
12971232 1550336
12995808 1603584
13075680 2215936
13098208 2512896
13120736 2912256
13182176 4220928
13204704 4708352
13227232 5144576
13249760 5548032
13274336 5937152
13298912 6238208
13323488 6518784
13348064 6750208
13372640 6942720
13397216 7090176
13423840 7272448
13448416 7389184
13475040 7481344
13499616 7561216
13526240 7630848
13550816 7706624
13577440 7757824
13602016 7815168
13628640 7860224
13653216 7905280
13677792 7940096
13704416 7974912
13728992 8001536
13753568 8026112
13778144 8052736
13802720 8079360
13827296 8105984
13851872 8132608
13874400 8157184
13898976 8181760
13923552 8204288
13948128 8228864
13970656 8251392
13995232 8278016
14017760 8300544
14042336 8325120
14064864 8347648
14087392 8372224
14111968 8394752
14134496 8417280
14177504 8460288
14200032 8482816
14222560 8505344
15758708 15779840
18439540 18436096
18449992 18446336
18462468 18458624
18474908 18470912
18486496 18481152
18498784 18493440
18509024 18505728
18521312 18518016
18533600 18530304
18543840 18540544
18556128 18552832
18566368 18563072
18578656 18575360
18588896 18585600
18601184 18597888
18611424 18608128
18623712 18620416
18633952 18630656
18636000 18632704
18636000 18632704
18636000 18632704
18636000 18632704
18636000 18632704
18636000 18632704
18636000 18632704
18636000 18632704
18636000 18632704
18636000 18632704
18636000 18632704
18636000 18632704
18636000 18632704
18636000 18632704
18636000 18632704
18636000 18632704
18636000 18632704
18636000 18632704
18636000 18632704
18636000 18632704
18636000 18632704
18636000 18632704
18636000 18632704
18636000 18632704
18636000 18632704
18636000 18632704
18636000 18632704
18636000 18632704
18636000 18632704
18636000 18632704
18636000 18632704
18636000 18632704
18636000 18632704
18636000 18632704
18636000 18632704
18636000 18632704
18636000 18632704
18636000 18632704
18636000 18632704
18636000 18632704
18636000 18632704
18636000 18616320
18636000 18616320
18636000 18616320
18636000 18610176
18636000 18608128
18636000 18608128
18636000 18608128
18636000 18608128
18636000 18608128
18636000 18608128
18636000 18608128
18636000 18608128
18636000 18608128
18636000 18608128
18636000 18585600
18636000 18585600
18636000 18585600
18636000 18585600
18636000 18585600
18636000 18585600
18636000 18585600
18636000 18585600
18636000 18585600
18636000 18585600
18636000 18585600
18636000 18585600
18636000 18585600
18636000 18585600
18636000 18585600
18636000 18585600
18636000 18585600
18636000 18585600
18636000 18585600
18636000 18585600
18636000 18585600
18636000 18585600
18636000 18585600
18636000 18585600
18636000 18585600
18636000 18585600
18636000 18585600
18636000 18585600
18636000 18585600
18636000 18585600
18636000 18585600
18636000 18585600
18636000 18585600
18636000 18585600
18636000 18585600
18636000 18585600
18636000 18585600
18636000 18585600
18636000 18585600
18636000 18585600
18636000 18585600
18636000 18585600
18636000 18585600
18636000 18585600
18636000 18585600
18636000 18585600
18636000 18585600
18636000 18585600
18636000 18585600
18636000 18585600
18636000 18585600
18636000 18585600
18636000 18585600
18636000 18585600
18636000 18585600
18636000 18585600
18636000 18585600
18636000 18585600
18636000 18585600
18636000 18585600
18636000 18585600
18636000 18585600
18636000 18585600
18636000 18585600
18636000 18585600
18636000 18585600
18636000 18585600
18636000 18585600
18636000 18632704
18636000 18632704
18636000 18632704
18636000 18632704
18636000 18632704
18636000 18632704
18636000 18632704
18636000 18632704
18636000 18632704
18636000 18632704
18636000 18632704
18636000 18632704
18636000 18632704
18636000 18632704
18636000 18632704
18636000 18632704
18636000 18632704
18636000 18632704
18636000 18632704
18636000 18632704
18636000 18632704
18636000 18632704
18636000 18632704
18636000 18632704
18636000 18632704
18636000 18632704
18636000 18632704
18636000 18632704
18636000 18632704
18636000 18632704
18636000 18632704
18636000 18632704
18636000 18632704
18636000 18632704
18636000 18632704
18636000 18632704
18636000 18632704
18636000 18632704
18636000 18632704
18636000 18632704
18636000 18632704
18636000 18632704
18636000 18632704
18636000 18632704
18636000 18632704
18636000 18632704
18636000 18632704
18636000 18632704
18636000 18632704
18636000 18632704
