1035
1035
1035
1035
1035
1035
1035
1035
1035
1035
1035
1035
1035
1035
1035
1035
1035
1035
1035
1035
1035
1035
1035
1035
1035
1035
1035
1035
1035
1035
1035
1035
1427
2367
2367
2367
2367
2367
2367
2367
3029
3895
3895
3895
3895
3895
3895
3895
3895
3895
3895
4053
4053
4053
4053
4053
4053
4053
4053
4053
4068
4068
4068
4068
4068
4068
4068
4068
4068
4068
4069
4069
4069
4069
4069
4069
4069
4069
4069
4069
4070
4070
4070
4070
4070
4070
4070
4070
4070
4071
4071
4071
4071
4071
4071
4071
4071
4071
4071
4072
4072
4072
4072
4072
4072
4072
4072
4072
4072
4073
4073
4073
4073
4073
4073
4073
4073
4073
4073
4073
4073
4073
4073
4073
4073
4073
4073
4073
4073
4073
4073
4073
4073
4073
4073
4073
4073
4073
4073
4073
4073
4073
4073
4073
4073
4073
4225
4225
4225
4225
4225
4225
4225
4225
4225
5408
6454
6454
6454
6454
6454
6454
6454
6735
6735
6735
6735
6735
6735
6735
6735
6735
6754
6754
6754
6754
6754
6754
6754
6754
6754
6754
6843
6843
6843
6843
6843
6843
6843
6843
6843
6993
6993
6993
6993
6993
6993
6993
6993
6993
6993
6993
6993
6993
6993
6993
6993
6993
6993
6993
6993
6993
6993
6993
6993
6993
6993
6993
6993
6993
6993
6993
6993
6993
6993
6993
6993
6993
6993
6993
6993
6993
6993
6993
6993
6993
6993
6993
6993
6993
6993
6993
6993
6993
6993
6993
6993
6993
6993
6993
6993
6993
6993
6993
6993
6993
6993
6993
6993
6993
6993
6993
6993
6993
6993
6993
6993
6993
6993
6993
6993
6993
6993
6993
6993
6993
6993
7255
7255
7255
7255
7255
7255
7255
7255
8836
9595
9595
9595
9595
9595
9595
9595
9595
9595
9737
9737
9737
9737
9737
9737
9737
9737
9737
9737
9738
9738
9738
9738
9738
9738
9738
9738
9738
9738
9738
9738
9738
9738
9738
9738
9738
9738
9738
9738
9738
9738
9738
9738
9738
9738
9738
9738
9738
9738
9738
9738
9738
9738
9738
9738
9738
9738
9738
9738
9738
9738
9738
9738
9738
9738
9738
9738
9738
9738
9738
9738
9738
9738
9738
9738
9738
9740
9740
9740
9740
9740
9740
9740
9740
9740
9740
9740
9740
9740
9740
9740
9740
9740
9740
9740
9740
9740
9740
9740
9740
9740
9740
9740
9740
9740
9740
9740
9740
9740
9740
9740
9740
9740
9740
9740
9740
9740
9740
9740
9740
9740
9740
9740
9740
9740
9740
9740
9740
9740
9740
9740
