thp_fault_alloc 5051
thp_fault_fallback 6587
thp_collapse_alloc 1035
thp_collapse_alloc_failed 0
thp_split 5566
thp_zero_page_alloc 1
thp_zero_page_alloc_failed 0
thp_promote 0
thp_fault_alloc 5053
thp_fault_fallback 6587
thp_collapse_alloc 1035
thp_collapse_alloc_failed 0
thp_split 5566
thp_zero_page_alloc 1
thp_zero_page_alloc_failed 0
thp_promote 0
thp_fault_alloc 5056
thp_fault_fallback 6587
thp_collapse_alloc 1035
thp_collapse_alloc_failed 0
thp_split 5566
thp_zero_page_alloc 1
thp_zero_page_alloc_failed 0
thp_promote 0
thp_fault_alloc 5058
thp_fault_fallback 6587
thp_collapse_alloc 1035
thp_collapse_alloc_failed 0
thp_split 5566
thp_zero_page_alloc 1
thp_zero_page_alloc_failed 0
thp_promote 0
thp_fault_alloc 5060
thp_fault_fallback 6587
thp_collapse_alloc 1035
thp_collapse_alloc_failed 0
thp_split 5566
thp_zero_page_alloc 1
thp_zero_page_alloc_failed 0
thp_promote 0
thp_fault_alloc 5063
thp_fault_fallback 6587
thp_collapse_alloc 1035
thp_collapse_alloc_failed 0
thp_split 5566
thp_zero_page_alloc 1
thp_zero_page_alloc_failed 0
thp_promote 0
thp_fault_alloc 5067
thp_fault_fallback 6587
thp_collapse_alloc 1035
thp_collapse_alloc_failed 0
thp_split 5566
thp_zero_page_alloc 1
thp_zero_page_alloc_failed 0
thp_promote 0
thp_fault_alloc 5069
thp_fault_fallback 6587
thp_collapse_alloc 1035
thp_collapse_alloc_failed 0
thp_split 5566
thp_zero_page_alloc 1
thp_zero_page_alloc_failed 0
thp_promote 0
thp_fault_alloc 5073
thp_fault_fallback 6587
thp_collapse_alloc 1035
thp_collapse_alloc_failed 0
thp_split 5566
thp_zero_page_alloc 1
thp_zero_page_alloc_failed 0
thp_promote 0
thp_fault_alloc 5076
thp_fault_fallback 6587
thp_collapse_alloc 1035
thp_collapse_alloc_failed 0
thp_split 5566
thp_zero_page_alloc 1
thp_zero_page_alloc_failed 0
thp_promote 0
thp_fault_alloc 5080
thp_fault_fallback 6587
thp_collapse_alloc 1035
thp_collapse_alloc_failed 0
thp_split 5566
thp_zero_page_alloc 1
thp_zero_page_alloc_failed 0
thp_promote 0
thp_fault_alloc 5084
thp_fault_fallback 6587
thp_collapse_alloc 1035
thp_collapse_alloc_failed 0
thp_split 5566
thp_zero_page_alloc 1
thp_zero_page_alloc_failed 0
thp_promote 0
thp_fault_alloc 5088
thp_fault_fallback 6587
thp_collapse_alloc 1035
thp_collapse_alloc_failed 0
thp_split 5566
thp_zero_page_alloc 1
thp_zero_page_alloc_failed 0
thp_promote 0
thp_fault_alloc 5092
thp_fault_fallback 6587
thp_collapse_alloc 1035
thp_collapse_alloc_failed 0
thp_split 5566
thp_zero_page_alloc 1
thp_zero_page_alloc_failed 0
thp_promote 0
thp_fault_alloc 5097
thp_fault_fallback 6587
thp_collapse_alloc 1035
thp_collapse_alloc_failed 0
thp_split 5566
thp_zero_page_alloc 1
thp_zero_page_alloc_failed 0
thp_promote 0
thp_fault_alloc 5102
thp_fault_fallback 6587
thp_collapse_alloc 1035
thp_collapse_alloc_failed 0
thp_split 5566
thp_zero_page_alloc 1
thp_zero_page_alloc_failed 0
thp_promote 0
thp_fault_alloc 5106
thp_fault_fallback 6587
thp_collapse_alloc 1035
thp_collapse_alloc_failed 0
thp_split 5566
thp_zero_page_alloc 1
thp_zero_page_alloc_failed 0
thp_promote 0
thp_fault_alloc 5111
thp_fault_fallback 6587
thp_collapse_alloc 1035
thp_collapse_alloc_failed 0
thp_split 5566
thp_zero_page_alloc 1
thp_zero_page_alloc_failed 0
thp_promote 0
thp_fault_alloc 5117
thp_fault_fallback 6587
thp_collapse_alloc 1035
thp_collapse_alloc_failed 0
thp_split 5566
thp_zero_page_alloc 1
thp_zero_page_alloc_failed 0
thp_promote 0
thp_fault_alloc 5122
thp_fault_fallback 6587
thp_collapse_alloc 1035
thp_collapse_alloc_failed 0
thp_split 5566
thp_zero_page_alloc 1
thp_zero_page_alloc_failed 0
thp_promote 0
thp_fault_alloc 5128
thp_fault_fallback 6587
thp_collapse_alloc 1035
thp_collapse_alloc_failed 0
thp_split 5566
thp_zero_page_alloc 1
thp_zero_page_alloc_failed 0
thp_promote 0
thp_fault_alloc 5133
thp_fault_fallback 6587
thp_collapse_alloc 1035
thp_collapse_alloc_failed 0
thp_split 5566
thp_zero_page_alloc 1
thp_zero_page_alloc_failed 0
thp_promote 0
thp_fault_alloc 5139
thp_fault_fallback 6587
thp_collapse_alloc 1035
thp_collapse_alloc_failed 0
thp_split 5566
thp_zero_page_alloc 1
thp_zero_page_alloc_failed 0
thp_promote 0
thp_fault_alloc 5145
thp_fault_fallback 6587
thp_collapse_alloc 1035
thp_collapse_alloc_failed 0
thp_split 5566
thp_zero_page_alloc 1
thp_zero_page_alloc_failed 0
thp_promote 0
thp_fault_alloc 5150
thp_fault_fallback 6587
thp_collapse_alloc 1035
thp_collapse_alloc_failed 0
thp_split 5566
thp_zero_page_alloc 1
thp_zero_page_alloc_failed 0
thp_promote 0
thp_fault_alloc 5156
thp_fault_fallback 6587
thp_collapse_alloc 1035
thp_collapse_alloc_failed 0
thp_split 5566
thp_zero_page_alloc 1
thp_zero_page_alloc_failed 0
thp_promote 0
thp_fault_alloc 5162
thp_fault_fallback 6587
thp_collapse_alloc 1035
thp_collapse_alloc_failed 0
thp_split 5566
thp_zero_page_alloc 1
thp_zero_page_alloc_failed 0
thp_promote 0
thp_fault_alloc 5167
thp_fault_fallback 6587
thp_collapse_alloc 1035
thp_collapse_alloc_failed 0
thp_split 5566
thp_zero_page_alloc 1
thp_zero_page_alloc_failed 0
thp_promote 0
thp_fault_alloc 5173
thp_fault_fallback 6587
thp_collapse_alloc 1035
thp_collapse_alloc_failed 0
thp_split 5566
thp_zero_page_alloc 1
thp_zero_page_alloc_failed 0
thp_promote 0
thp_fault_alloc 5179
thp_fault_fallback 6587
thp_collapse_alloc 1035
thp_collapse_alloc_failed 0
thp_split 5566
thp_zero_page_alloc 1
thp_zero_page_alloc_failed 0
thp_promote 0
thp_fault_alloc 5185
thp_fault_fallback 6587
thp_collapse_alloc 1035
thp_collapse_alloc_failed 0
thp_split 5566
thp_zero_page_alloc 1
thp_zero_page_alloc_failed 0
thp_promote 0
thp_fault_alloc 5191
thp_fault_fallback 6587
thp_collapse_alloc 1035
thp_collapse_alloc_failed 0
thp_split 5566
thp_zero_page_alloc 1
thp_zero_page_alloc_failed 0
thp_promote 0
thp_fault_alloc 5195
thp_fault_fallback 6587
thp_collapse_alloc 1427
thp_collapse_alloc_failed 0
thp_split 5566
thp_zero_page_alloc 1
thp_zero_page_alloc_failed 0
thp_promote 1259
thp_fault_alloc 5199
thp_fault_fallback 6587
thp_collapse_alloc 2367
thp_collapse_alloc_failed 0
thp_split 5566
thp_zero_page_alloc 1
thp_zero_page_alloc_failed 0
thp_promote 1259
thp_fault_alloc 5205
thp_fault_fallback 6587
thp_collapse_alloc 2367
thp_collapse_alloc_failed 0
thp_split 5566
thp_zero_page_alloc 1
thp_zero_page_alloc_failed 0
thp_promote 1259
thp_fault_alloc 5210
thp_fault_fallback 6587
thp_collapse_alloc 2367
thp_collapse_alloc_failed 0
thp_split 5566
thp_zero_page_alloc 1
thp_zero_page_alloc_failed 0
thp_promote 1259
thp_fault_alloc 5216
thp_fault_fallback 6587
thp_collapse_alloc 2367
thp_collapse_alloc_failed 0
thp_split 5566
thp_zero_page_alloc 1
thp_zero_page_alloc_failed 0
thp_promote 1259
thp_fault_alloc 5222
thp_fault_fallback 6587
thp_collapse_alloc 2367
thp_collapse_alloc_failed 0
thp_split 5566
thp_zero_page_alloc 1
thp_zero_page_alloc_failed 0
thp_promote 1259
thp_fault_alloc 5228
thp_fault_fallback 6587
thp_collapse_alloc 2367
thp_collapse_alloc_failed 0
thp_split 5566
thp_zero_page_alloc 1
thp_zero_page_alloc_failed 0
thp_promote 1259
thp_fault_alloc 5234
thp_fault_fallback 6587
thp_collapse_alloc 2367
thp_collapse_alloc_failed 0
thp_split 5566
thp_zero_page_alloc 1
thp_zero_page_alloc_failed 0
thp_promote 1259
thp_fault_alloc 5254
thp_fault_fallback 6587
thp_collapse_alloc 3029
thp_collapse_alloc_failed 0
thp_split 5566
thp_zero_page_alloc 1
thp_zero_page_alloc_failed 0
thp_promote 2842
thp_fault_alloc 5260
thp_fault_fallback 6587
thp_collapse_alloc 3895
thp_collapse_alloc_failed 0
thp_split 5566
thp_zero_page_alloc 1
thp_zero_page_alloc_failed 0
thp_promote 2842
thp_fault_alloc 5265
thp_fault_fallback 6587
thp_collapse_alloc 3895
thp_collapse_alloc_failed 0
thp_split 5566
thp_zero_page_alloc 1
thp_zero_page_alloc_failed 0
thp_promote 2842
thp_fault_alloc 5270
thp_fault_fallback 6587
thp_collapse_alloc 3895
thp_collapse_alloc_failed 0
thp_split 5566
thp_zero_page_alloc 1
thp_zero_page_alloc_failed 0
thp_promote 2842
thp_fault_alloc 5276
thp_fault_fallback 6587
thp_collapse_alloc 3895
thp_collapse_alloc_failed 0
thp_split 5566
thp_zero_page_alloc 1
thp_zero_page_alloc_failed 0
thp_promote 2842
thp_fault_alloc 5282
thp_fault_fallback 6587
thp_collapse_alloc 3895
thp_collapse_alloc_failed 0
thp_split 5566
thp_zero_page_alloc 1
thp_zero_page_alloc_failed 0
thp_promote 2842
thp_fault_alloc 5288
thp_fault_fallback 6587
thp_collapse_alloc 3895
thp_collapse_alloc_failed 0
thp_split 5566
thp_zero_page_alloc 1
thp_zero_page_alloc_failed 0
thp_promote 2842
thp_fault_alloc 5293
thp_fault_fallback 6587
thp_collapse_alloc 3895
thp_collapse_alloc_failed 0
thp_split 5566
thp_zero_page_alloc 1
thp_zero_page_alloc_failed 0
thp_promote 2842
thp_fault_alloc 5299
thp_fault_fallback 6587
thp_collapse_alloc 3895
thp_collapse_alloc_failed 0
thp_split 5566
thp_zero_page_alloc 1
thp_zero_page_alloc_failed 0
thp_promote 2842
thp_fault_alloc 5305
thp_fault_fallback 6587
thp_collapse_alloc 3895
thp_collapse_alloc_failed 0
thp_split 5566
thp_zero_page_alloc 1
thp_zero_page_alloc_failed 0
thp_promote 2842
thp_fault_alloc 5310
thp_fault_fallback 6587
thp_collapse_alloc 3895
thp_collapse_alloc_failed 0
thp_split 5566
thp_zero_page_alloc 1
thp_zero_page_alloc_failed 0
thp_promote 2842
thp_fault_alloc 5315
thp_fault_fallback 6587
thp_collapse_alloc 4053
thp_collapse_alloc_failed 0
thp_split 5566
thp_zero_page_alloc 1
thp_zero_page_alloc_failed 0
thp_promote 3019
thp_fault_alloc 5321
thp_fault_fallback 6587
thp_collapse_alloc 4053
thp_collapse_alloc_failed 0
thp_split 5566
thp_zero_page_alloc 1
thp_zero_page_alloc_failed 0
thp_promote 3019
thp_fault_alloc 5327
thp_fault_fallback 6587
thp_collapse_alloc 4053
thp_collapse_alloc_failed 0
thp_split 5566
thp_zero_page_alloc 1
thp_zero_page_alloc_failed 0
thp_promote 3019
thp_fault_alloc 5332
thp_fault_fallback 6587
thp_collapse_alloc 4053
thp_collapse_alloc_failed 0
thp_split 5566
thp_zero_page_alloc 1
thp_zero_page_alloc_failed 0
thp_promote 3019
thp_fault_alloc 5338
thp_fault_fallback 6587
thp_collapse_alloc 4053
thp_collapse_alloc_failed 0
thp_split 5566
thp_zero_page_alloc 1
thp_zero_page_alloc_failed 0
thp_promote 3019
thp_fault_alloc 5344
thp_fault_fallback 6587
thp_collapse_alloc 4053
thp_collapse_alloc_failed 0
thp_split 5566
thp_zero_page_alloc 1
thp_zero_page_alloc_failed 0
thp_promote 3019
thp_fault_alloc 5349
thp_fault_fallback 6587
thp_collapse_alloc 4053
thp_collapse_alloc_failed 0
thp_split 5566
thp_zero_page_alloc 1
thp_zero_page_alloc_failed 0
thp_promote 3019
thp_fault_alloc 5354
thp_fault_fallback 6587
thp_collapse_alloc 4053
thp_collapse_alloc_failed 0
thp_split 5566
thp_zero_page_alloc 1
thp_zero_page_alloc_failed 0
thp_promote 3019
thp_fault_alloc 5359
thp_fault_fallback 6587
thp_collapse_alloc 4053
thp_collapse_alloc_failed 0
thp_split 5566
thp_zero_page_alloc 1
thp_zero_page_alloc_failed 0
thp_promote 3019
thp_fault_alloc 5363
thp_fault_fallback 6587
thp_collapse_alloc 4068
thp_collapse_alloc_failed 0
thp_split 5566
thp_zero_page_alloc 1
thp_zero_page_alloc_failed 0
thp_promote 3034
thp_fault_alloc 5372
thp_fault_fallback 6587
thp_collapse_alloc 4068
thp_collapse_alloc_failed 0
thp_split 5566
thp_zero_page_alloc 1
thp_zero_page_alloc_failed 0
thp_promote 3034
thp_fault_alloc 5382
thp_fault_fallback 6587
thp_collapse_alloc 4068
thp_collapse_alloc_failed 0
thp_split 5566
thp_zero_page_alloc 1
thp_zero_page_alloc_failed 0
thp_promote 3034
thp_fault_alloc 5390
thp_fault_fallback 6587
thp_collapse_alloc 4068
thp_collapse_alloc_failed 0
thp_split 5566
thp_zero_page_alloc 1
thp_zero_page_alloc_failed 0
thp_promote 3034
thp_fault_alloc 5398
thp_fault_fallback 6587
thp_collapse_alloc 4068
thp_collapse_alloc_failed 0
thp_split 5566
thp_zero_page_alloc 1
thp_zero_page_alloc_failed 0
thp_promote 3034
thp_fault_alloc 5407
thp_fault_fallback 6587
thp_collapse_alloc 4068
thp_collapse_alloc_failed 0
thp_split 5566
thp_zero_page_alloc 1
thp_zero_page_alloc_failed 0
thp_promote 3034
thp_fault_alloc 5415
thp_fault_fallback 6587
thp_collapse_alloc 4068
thp_collapse_alloc_failed 0
thp_split 5566
thp_zero_page_alloc 1
thp_zero_page_alloc_failed 0
thp_promote 3034
thp_fault_alloc 5428
thp_fault_fallback 6587
thp_collapse_alloc 4068
thp_collapse_alloc_failed 0
thp_split 5566
thp_zero_page_alloc 1
thp_zero_page_alloc_failed 0
thp_promote 3034
thp_fault_alloc 5436
thp_fault_fallback 6587
thp_collapse_alloc 4068
thp_collapse_alloc_failed 0
thp_split 5566
thp_zero_page_alloc 1
thp_zero_page_alloc_failed 0
thp_promote 3034
thp_fault_alloc 5445
thp_fault_fallback 6587
thp_collapse_alloc 4068
thp_collapse_alloc_failed 0
thp_split 5566
thp_zero_page_alloc 1
thp_zero_page_alloc_failed 0
thp_promote 3034
thp_fault_alloc 5455
thp_fault_fallback 6587
thp_collapse_alloc 4069
thp_collapse_alloc_failed 0
thp_split 5566
thp_zero_page_alloc 1
thp_zero_page_alloc_failed 0
thp_promote 5563
thp_fault_alloc 5464
thp_fault_fallback 6587
thp_collapse_alloc 4069
thp_collapse_alloc_failed 0
thp_split 5566
thp_zero_page_alloc 1
thp_zero_page_alloc_failed 0
thp_promote 5563
thp_fault_alloc 5474
thp_fault_fallback 6587
thp_collapse_alloc 4069
thp_collapse_alloc_failed 0
thp_split 5566
thp_zero_page_alloc 1
thp_zero_page_alloc_failed 0
thp_promote 5563
thp_fault_alloc 5484
thp_fault_fallback 6587
thp_collapse_alloc 4069
thp_collapse_alloc_failed 0
thp_split 5566
thp_zero_page_alloc 1
thp_zero_page_alloc_failed 0
thp_promote 5563
thp_fault_alloc 5493
thp_fault_fallback 6587
thp_collapse_alloc 4069
thp_collapse_alloc_failed 0
thp_split 5566
thp_zero_page_alloc 1
thp_zero_page_alloc_failed 0
thp_promote 5563
thp_fault_alloc 5503
thp_fault_fallback 6587
thp_collapse_alloc 4069
thp_collapse_alloc_failed 0
thp_split 5566
thp_zero_page_alloc 1
thp_zero_page_alloc_failed 0
thp_promote 5563
thp_fault_alloc 5512
thp_fault_fallback 6587
thp_collapse_alloc 4069
thp_collapse_alloc_failed 0
thp_split 5566
thp_zero_page_alloc 1
thp_zero_page_alloc_failed 0
thp_promote 5563
thp_fault_alloc 5521
thp_fault_fallback 6587
thp_collapse_alloc 4069
thp_collapse_alloc_failed 0
thp_split 5566
thp_zero_page_alloc 1
thp_zero_page_alloc_failed 0
thp_promote 5563
thp_fault_alloc 5531
thp_fault_fallback 6587
thp_collapse_alloc 4069
thp_collapse_alloc_failed 0
thp_split 5566
thp_zero_page_alloc 1
thp_zero_page_alloc_failed 0
thp_promote 5563
thp_fault_alloc 5540
thp_fault_fallback 6587
thp_collapse_alloc 4069
thp_collapse_alloc_failed 0
thp_split 5567
thp_zero_page_alloc 1
thp_zero_page_alloc_failed 0
thp_promote 5563
thp_fault_alloc 5550
thp_fault_fallback 6587
thp_collapse_alloc 4070
thp_collapse_alloc_failed 0
thp_split 5567
thp_zero_page_alloc 1
thp_zero_page_alloc_failed 0
thp_promote 5563
thp_fault_alloc 5559
thp_fault_fallback 6587
thp_collapse_alloc 4070
thp_collapse_alloc_failed 0
thp_split 5568
thp_zero_page_alloc 1
thp_zero_page_alloc_failed 0
thp_promote 5563
thp_fault_alloc 5568
thp_fault_fallback 6587
thp_collapse_alloc 4070
thp_collapse_alloc_failed 0
thp_split 5568
thp_zero_page_alloc 1
thp_zero_page_alloc_failed 0
thp_promote 5563
thp_fault_alloc 5578
thp_fault_fallback 6587
thp_collapse_alloc 4070
thp_collapse_alloc_failed 0
thp_split 5568
thp_zero_page_alloc 1
thp_zero_page_alloc_failed 0
thp_promote 5563
thp_fault_alloc 5587
thp_fault_fallback 6587
thp_collapse_alloc 4070
thp_collapse_alloc_failed 0
thp_split 5568
thp_zero_page_alloc 1
thp_zero_page_alloc_failed 0
thp_promote 5563
thp_fault_alloc 5597
thp_fault_fallback 6587
thp_collapse_alloc 4070
thp_collapse_alloc_failed 0
thp_split 5568
thp_zero_page_alloc 1
thp_zero_page_alloc_failed 0
thp_promote 5563
thp_fault_alloc 5607
thp_fault_fallback 6587
thp_collapse_alloc 4070
thp_collapse_alloc_failed 0
thp_split 5568
thp_zero_page_alloc 1
thp_zero_page_alloc_failed 0
thp_promote 5563
thp_fault_alloc 5616
thp_fault_fallback 6587
thp_collapse_alloc 4070
thp_collapse_alloc_failed 0
thp_split 5568
thp_zero_page_alloc 1
thp_zero_page_alloc_failed 0
thp_promote 5563
thp_fault_alloc 5625
thp_fault_fallback 6587
thp_collapse_alloc 4070
thp_collapse_alloc_failed 0
thp_split 5568
thp_zero_page_alloc 1
thp_zero_page_alloc_failed 0
thp_promote 5563
thp_fault_alloc 5634
thp_fault_fallback 6587
thp_collapse_alloc 4071
thp_collapse_alloc_failed 0
thp_split 5568
thp_zero_page_alloc 1
thp_zero_page_alloc_failed 0
thp_promote 5563
thp_fault_alloc 5644
thp_fault_fallback 6587
thp_collapse_alloc 4071
thp_collapse_alloc_failed 0
thp_split 5568
thp_zero_page_alloc 1
thp_zero_page_alloc_failed 0
thp_promote 5563
thp_fault_alloc 5653
thp_fault_fallback 6587
thp_collapse_alloc 4071
thp_collapse_alloc_failed 0
thp_split 5568
thp_zero_page_alloc 1
thp_zero_page_alloc_failed 0
thp_promote 5563
thp_fault_alloc 5662
thp_fault_fallback 6587
thp_collapse_alloc 4071
thp_collapse_alloc_failed 0
thp_split 5568
thp_zero_page_alloc 1
thp_zero_page_alloc_failed 0
thp_promote 5563
thp_fault_alloc 5671
thp_fault_fallback 6587
thp_collapse_alloc 4071
thp_collapse_alloc_failed 0
thp_split 5568
thp_zero_page_alloc 1
thp_zero_page_alloc_failed 0
thp_promote 5563
thp_fault_alloc 5680
thp_fault_fallback 6587
thp_collapse_alloc 4071
thp_collapse_alloc_failed 0
thp_split 5568
thp_zero_page_alloc 1
thp_zero_page_alloc_failed 0
thp_promote 5563
thp_fault_alloc 5689
thp_fault_fallback 6587
thp_collapse_alloc 4071
thp_collapse_alloc_failed 0
thp_split 5568
thp_zero_page_alloc 1
thp_zero_page_alloc_failed 0
thp_promote 5563
thp_fault_alloc 5699
thp_fault_fallback 6587
thp_collapse_alloc 4071
thp_collapse_alloc_failed 0
thp_split 5568
thp_zero_page_alloc 1
thp_zero_page_alloc_failed 0
thp_promote 5563
thp_fault_alloc 5708
thp_fault_fallback 6587
thp_collapse_alloc 4071
thp_collapse_alloc_failed 0
thp_split 5568
thp_zero_page_alloc 1
thp_zero_page_alloc_failed 0
thp_promote 5563
thp_fault_alloc 5717
thp_fault_fallback 6587
thp_collapse_alloc 4071
thp_collapse_alloc_failed 0
thp_split 5568
thp_zero_page_alloc 1
thp_zero_page_alloc_failed 0
thp_promote 5563
thp_fault_alloc 5726
thp_fault_fallback 6587
thp_collapse_alloc 4072
thp_collapse_alloc_failed 0
thp_split 5568
thp_zero_page_alloc 1
thp_zero_page_alloc_failed 0
thp_promote 5563
thp_fault_alloc 5738
thp_fault_fallback 6587
thp_collapse_alloc 4072
thp_collapse_alloc_failed 0
thp_split 5569
thp_zero_page_alloc 1
thp_zero_page_alloc_failed 0
thp_promote 5563
thp_fault_alloc 5751
thp_fault_fallback 6587
thp_collapse_alloc 4072
thp_collapse_alloc_failed 0
thp_split 5569
thp_zero_page_alloc 1
thp_zero_page_alloc_failed 0
thp_promote 5563
thp_fault_alloc 5763
thp_fault_fallback 6587
thp_collapse_alloc 4072
thp_collapse_alloc_failed 0
thp_split 5569
thp_zero_page_alloc 1
thp_zero_page_alloc_failed 0
thp_promote 5563
thp_fault_alloc 5772
thp_fault_fallback 6587
thp_collapse_alloc 4072
thp_collapse_alloc_failed 0
thp_split 5569
thp_zero_page_alloc 1
thp_zero_page_alloc_failed 0
thp_promote 5563
thp_fault_alloc 5785
thp_fault_fallback 6587
thp_collapse_alloc 4072
thp_collapse_alloc_failed 0
thp_split 5569
thp_zero_page_alloc 1
thp_zero_page_alloc_failed 0
thp_promote 5563
thp_fault_alloc 5798
thp_fault_fallback 6587
thp_collapse_alloc 4072
thp_collapse_alloc_failed 0
thp_split 5569
thp_zero_page_alloc 1
thp_zero_page_alloc_failed 0
thp_promote 5563
thp_fault_alloc 5809
thp_fault_fallback 6587
thp_collapse_alloc 4072
thp_collapse_alloc_failed 0
thp_split 5569
thp_zero_page_alloc 1
thp_zero_page_alloc_failed 0
thp_promote 5563
thp_fault_alloc 5820
thp_fault_fallback 6587
thp_collapse_alloc 4072
thp_collapse_alloc_failed 0
thp_split 5569
thp_zero_page_alloc 1
thp_zero_page_alloc_failed 0
thp_promote 5563
thp_fault_alloc 5831
thp_fault_fallback 6587
thp_collapse_alloc 4072
thp_collapse_alloc_failed 0
thp_split 5569
thp_zero_page_alloc 1
thp_zero_page_alloc_failed 0
thp_promote 5563
thp_fault_alloc 5842
thp_fault_fallback 6587
thp_collapse_alloc 4073
thp_collapse_alloc_failed 0
thp_split 5569
thp_zero_page_alloc 1
thp_zero_page_alloc_failed 0
thp_promote 5563
thp_fault_alloc 5854
thp_fault_fallback 6587
thp_collapse_alloc 4073
thp_collapse_alloc_failed 0
thp_split 5569
thp_zero_page_alloc 1
thp_zero_page_alloc_failed 0
thp_promote 5563
thp_fault_alloc 5866
thp_fault_fallback 6587
thp_collapse_alloc 4073
thp_collapse_alloc_failed 0
thp_split 5569
thp_zero_page_alloc 1
thp_zero_page_alloc_failed 0
thp_promote 5563
thp_fault_alloc 5879
thp_fault_fallback 6587
thp_collapse_alloc 4073
thp_collapse_alloc_failed 0
thp_split 5569
thp_zero_page_alloc 1
thp_zero_page_alloc_failed 0
thp_promote 5563
thp_fault_alloc 5887
thp_fault_fallback 6587
thp_collapse_alloc 4073
thp_collapse_alloc_failed 0
thp_split 5569
thp_zero_page_alloc 1
thp_zero_page_alloc_failed 0
thp_promote 5563
thp_fault_alloc 5900
thp_fault_fallback 6587
thp_collapse_alloc 4073
thp_collapse_alloc_failed 0
thp_split 5569
thp_zero_page_alloc 1
thp_zero_page_alloc_failed 0
thp_promote 5563
thp_fault_alloc 5912
thp_fault_fallback 6587
thp_collapse_alloc 4073
thp_collapse_alloc_failed 0
thp_split 5569
thp_zero_page_alloc 1
thp_zero_page_alloc_failed 0
thp_promote 5563
thp_fault_alloc 5924
thp_fault_fallback 6587
thp_collapse_alloc 4073
thp_collapse_alloc_failed 0
thp_split 5569
thp_zero_page_alloc 1
thp_zero_page_alloc_failed 0
thp_promote 5563
thp_fault_alloc 5937
thp_fault_fallback 6587
thp_collapse_alloc 4073
thp_collapse_alloc_failed 0
thp_split 5569
thp_zero_page_alloc 1
thp_zero_page_alloc_failed 0
thp_promote 5563
thp_fault_alloc 5948
thp_fault_fallback 6587
thp_collapse_alloc 4073
thp_collapse_alloc_failed 0
thp_split 5569
thp_zero_page_alloc 1
thp_zero_page_alloc_failed 0
thp_promote 5563
thp_fault_alloc 5959
thp_fault_fallback 6587
thp_collapse_alloc 4073
thp_collapse_alloc_failed 0
thp_split 5569
thp_zero_page_alloc 1
thp_zero_page_alloc_failed 0
thp_promote 5563
thp_fault_alloc 5970
thp_fault_fallback 6587
thp_collapse_alloc 4073
thp_collapse_alloc_failed 0
thp_split 5569
thp_zero_page_alloc 1
thp_zero_page_alloc_failed 0
thp_promote 5563
thp_fault_alloc 5981
thp_fault_fallback 6587
thp_collapse_alloc 4073
thp_collapse_alloc_failed 0
thp_split 5569
thp_zero_page_alloc 1
thp_zero_page_alloc_failed 0
thp_promote 5563
thp_fault_alloc 5993
thp_fault_fallback 6587
thp_collapse_alloc 4073
thp_collapse_alloc_failed 0
thp_split 5569
thp_zero_page_alloc 1
thp_zero_page_alloc_failed 0
thp_promote 5563
thp_fault_alloc 6004
thp_fault_fallback 12405
thp_collapse_alloc 4073
thp_collapse_alloc_failed 0
thp_split 11387
thp_zero_page_alloc 1
thp_zero_page_alloc_failed 0
thp_promote 5563
thp_fault_alloc 6016
thp_fault_fallback 12446
thp_collapse_alloc 4073
thp_collapse_alloc_failed 0
thp_split 11428
thp_zero_page_alloc 1
thp_zero_page_alloc_failed 0
thp_promote 5563
thp_fault_alloc 6025
thp_fault_fallback 12446
thp_collapse_alloc 4073
thp_collapse_alloc_failed 0
thp_split 11428
thp_zero_page_alloc 1
thp_zero_page_alloc_failed 0
thp_promote 5563
thp_fault_alloc 6034
thp_fault_fallback 12446
thp_collapse_alloc 4073
thp_collapse_alloc_failed 0
thp_split 11428
thp_zero_page_alloc 1
thp_zero_page_alloc_failed 0
thp_promote 5563
thp_fault_alloc 6042
thp_fault_fallback 12446
thp_collapse_alloc 4073
thp_collapse_alloc_failed 0
thp_split 11428
thp_zero_page_alloc 1
thp_zero_page_alloc_failed 0
thp_promote 5563
thp_fault_alloc 6051
thp_fault_fallback 12446
thp_collapse_alloc 4073
thp_collapse_alloc_failed 0
thp_split 11428
thp_zero_page_alloc 1
thp_zero_page_alloc_failed 0
thp_promote 5563
thp_fault_alloc 6060
thp_fault_fallback 12446
thp_collapse_alloc 4073
thp_collapse_alloc_failed 0
thp_split 11428
thp_zero_page_alloc 1
thp_zero_page_alloc_failed 0
thp_promote 5563
thp_fault_alloc 6076
thp_fault_fallback 12446
thp_collapse_alloc 4073
thp_collapse_alloc_failed 0
thp_split 11428
thp_zero_page_alloc 1
thp_zero_page_alloc_failed 0
thp_promote 5563
thp_fault_alloc 6085
thp_fault_fallback 12446
thp_collapse_alloc 4073
thp_collapse_alloc_failed 0
thp_split 11428
thp_zero_page_alloc 1
thp_zero_page_alloc_failed 0
thp_promote 5563
thp_fault_alloc 6094
thp_fault_fallback 12446
thp_collapse_alloc 4073
thp_collapse_alloc_failed 0
thp_split 11428
thp_zero_page_alloc 1
thp_zero_page_alloc_failed 0
thp_promote 5563
thp_fault_alloc 6103
thp_fault_fallback 12446
thp_collapse_alloc 4073
thp_collapse_alloc_failed 0
thp_split 11428
thp_zero_page_alloc 1
thp_zero_page_alloc_failed 0
thp_promote 5563
thp_fault_alloc 6112
thp_fault_fallback 12446
thp_collapse_alloc 4073
thp_collapse_alloc_failed 0
thp_split 11428
thp_zero_page_alloc 1
thp_zero_page_alloc_failed 0
thp_promote 5563
thp_fault_alloc 6121
thp_fault_fallback 12446
thp_collapse_alloc 4073
thp_collapse_alloc_failed 0
thp_split 11428
thp_zero_page_alloc 1
thp_zero_page_alloc_failed 0
thp_promote 5563
thp_fault_alloc 6140
thp_fault_fallback 12446
thp_collapse_alloc 4073
thp_collapse_alloc_failed 0
thp_split 11428
thp_zero_page_alloc 1
thp_zero_page_alloc_failed 0
thp_promote 5563
thp_fault_alloc 6149
thp_fault_fallback 12446
thp_collapse_alloc 4073
thp_collapse_alloc_failed 0
thp_split 11428
thp_zero_page_alloc 1
thp_zero_page_alloc_failed 0
thp_promote 5563
thp_fault_alloc 6158
thp_fault_fallback 12446
thp_collapse_alloc 4073
thp_collapse_alloc_failed 0
thp_split 11428
thp_zero_page_alloc 1
thp_zero_page_alloc_failed 0
thp_promote 5563
thp_fault_alloc 6167
thp_fault_fallback 12446
thp_collapse_alloc 4073
thp_collapse_alloc_failed 0
thp_split 11428
thp_zero_page_alloc 1
thp_zero_page_alloc_failed 0
thp_promote 5563
thp_fault_alloc 6177
thp_fault_fallback 12446
thp_collapse_alloc 4073
thp_collapse_alloc_failed 0
thp_split 11428
thp_zero_page_alloc 1
thp_zero_page_alloc_failed 0
thp_promote 5563
thp_fault_alloc 6188
thp_fault_fallback 12446
thp_collapse_alloc 4073
thp_collapse_alloc_failed 0
thp_split 11428
thp_zero_page_alloc 1
thp_zero_page_alloc_failed 0
thp_promote 5563
thp_fault_alloc 6197
thp_fault_fallback 12446
thp_collapse_alloc 4073
thp_collapse_alloc_failed 0
thp_split 11428
thp_zero_page_alloc 1
thp_zero_page_alloc_failed 0
thp_promote 5563
thp_fault_alloc 6216
thp_fault_fallback 12446
thp_collapse_alloc 4073
thp_collapse_alloc_failed 0
thp_split 11428
thp_zero_page_alloc 1
thp_zero_page_alloc_failed 0
thp_promote 5563
thp_fault_alloc 6225
thp_fault_fallback 12446
thp_collapse_alloc 4073
thp_collapse_alloc_failed 0
thp_split 11428
thp_zero_page_alloc 1
thp_zero_page_alloc_failed 0
thp_promote 5563
thp_fault_alloc 6237
thp_fault_fallback 12446
thp_collapse_alloc 4073
thp_collapse_alloc_failed 0
thp_split 11428
thp_zero_page_alloc 1
thp_zero_page_alloc_failed 0
thp_promote 5563
thp_fault_alloc 6249
thp_fault_fallback 12446
thp_collapse_alloc 4225
thp_collapse_alloc_failed 0
thp_split 11428
thp_zero_page_alloc 1
thp_zero_page_alloc_failed 0
thp_promote 5711
thp_fault_alloc 6260
thp_fault_fallback 12446
thp_collapse_alloc 4225
thp_collapse_alloc_failed 0
thp_split 11428
thp_zero_page_alloc 1
thp_zero_page_alloc_failed 0
thp_promote 5711
thp_fault_alloc 6272
thp_fault_fallback 12446
thp_collapse_alloc 4225
thp_collapse_alloc_failed 0
thp_split 11428
thp_zero_page_alloc 1
thp_zero_page_alloc_failed 0
thp_promote 5711
thp_fault_alloc 6284
thp_fault_fallback 12446
thp_collapse_alloc 4225
thp_collapse_alloc_failed 0
thp_split 11428
thp_zero_page_alloc 1
thp_zero_page_alloc_failed 0
thp_promote 5711
thp_fault_alloc 6293
thp_fault_fallback 12446
thp_collapse_alloc 4225
thp_collapse_alloc_failed 0
thp_split 11428
thp_zero_page_alloc 1
thp_zero_page_alloc_failed 0
thp_promote 5711
thp_fault_alloc 6306
thp_fault_fallback 12446
thp_collapse_alloc 4225
thp_collapse_alloc_failed 0
thp_split 11428
thp_zero_page_alloc 1
thp_zero_page_alloc_failed 0
thp_promote 5711
thp_fault_alloc 6324
thp_fault_fallback 12446
thp_collapse_alloc 4225
thp_collapse_alloc_failed 0
thp_split 11428
thp_zero_page_alloc 1
thp_zero_page_alloc_failed 0
thp_promote 5711
thp_fault_alloc 6334
thp_fault_fallback 12446
thp_collapse_alloc 4225
thp_collapse_alloc_failed 0
thp_split 11428
thp_zero_page_alloc 1
thp_zero_page_alloc_failed 0
thp_promote 5711
thp_fault_alloc 6345
thp_fault_fallback 12446
thp_collapse_alloc 4225
thp_collapse_alloc_failed 0
thp_split 11428
thp_zero_page_alloc 1
thp_zero_page_alloc_failed 0
thp_promote 5711
thp_fault_alloc 6354
thp_fault_fallback 12446
thp_collapse_alloc 5408
thp_collapse_alloc_failed 0
thp_split 11428
thp_zero_page_alloc 1
thp_zero_page_alloc_failed 0
thp_promote 7903
thp_fault_alloc 6362
thp_fault_fallback 12446
thp_collapse_alloc 6454
thp_collapse_alloc_failed 0
thp_split 11428
thp_zero_page_alloc 1
thp_zero_page_alloc_failed 0
thp_promote 7903
thp_fault_alloc 6374
thp_fault_fallback 12446
thp_collapse_alloc 6454
thp_collapse_alloc_failed 0
thp_split 11428
thp_zero_page_alloc 1
thp_zero_page_alloc_failed 0
thp_promote 7903
thp_fault_alloc 6417
thp_fault_fallback 12446
thp_collapse_alloc 6454
thp_collapse_alloc_failed 0
thp_split 11428
thp_zero_page_alloc 1
thp_zero_page_alloc_failed 0
thp_promote 7903
thp_fault_alloc 6428
thp_fault_fallback 12446
thp_collapse_alloc 6454
thp_collapse_alloc_failed 0
thp_split 11428
thp_zero_page_alloc 1
thp_zero_page_alloc_failed 0
thp_promote 7903
thp_fault_alloc 6439
thp_fault_fallback 12446
thp_collapse_alloc 6454
thp_collapse_alloc_failed 0
thp_split 11428
thp_zero_page_alloc 1
thp_zero_page_alloc_failed 0
thp_promote 7903
thp_fault_alloc 6451
thp_fault_fallback 12446
thp_collapse_alloc 6454
thp_collapse_alloc_failed 0
thp_split 11428
thp_zero_page_alloc 1
thp_zero_page_alloc_failed 0
thp_promote 7903
thp_fault_alloc 6463
thp_fault_fallback 12446
thp_collapse_alloc 6454
thp_collapse_alloc_failed 0
thp_split 11428
thp_zero_page_alloc 1
thp_zero_page_alloc_failed 0
thp_promote 7903
thp_fault_alloc 6473
thp_fault_fallback 12446
thp_collapse_alloc 6735
thp_collapse_alloc_failed 0
thp_split 11428
thp_zero_page_alloc 1
thp_zero_page_alloc_failed 0
thp_promote 8225
thp_fault_alloc 6485
thp_fault_fallback 12446
thp_collapse_alloc 6735
thp_collapse_alloc_failed 0
thp_split 11428
thp_zero_page_alloc 1
thp_zero_page_alloc_failed 0
thp_promote 8225
thp_fault_alloc 6501
thp_fault_fallback 12446
thp_collapse_alloc 6735
thp_collapse_alloc_failed 0
thp_split 11428
thp_zero_page_alloc 1
thp_zero_page_alloc_failed 0
thp_promote 8225
thp_fault_alloc 6512
thp_fault_fallback 12446
thp_collapse_alloc 6735
thp_collapse_alloc_failed 0
thp_split 11428
thp_zero_page_alloc 1
thp_zero_page_alloc_failed 0
thp_promote 8225
thp_fault_alloc 6524
thp_fault_fallback 12446
thp_collapse_alloc 6735
thp_collapse_alloc_failed 0
thp_split 11428
thp_zero_page_alloc 1
thp_zero_page_alloc_failed 0
thp_promote 8225
thp_fault_alloc 6534
thp_fault_fallback 12446
thp_collapse_alloc 6735
thp_collapse_alloc_failed 0
thp_split 11428
thp_zero_page_alloc 1
thp_zero_page_alloc_failed 0
thp_promote 8225
thp_fault_alloc 6544
thp_fault_fallback 12446
thp_collapse_alloc 6735
thp_collapse_alloc_failed 0
thp_split 11428
thp_zero_page_alloc 1
thp_zero_page_alloc_failed 0
thp_promote 8225
thp_fault_alloc 6554
thp_fault_fallback 12446
thp_collapse_alloc 6735
thp_collapse_alloc_failed 0
thp_split 11428
thp_zero_page_alloc 1
thp_zero_page_alloc_failed 0
thp_promote 8225
thp_fault_alloc 6564
thp_fault_fallback 12446
thp_collapse_alloc 6735
thp_collapse_alloc_failed 0
thp_split 11428
thp_zero_page_alloc 1
thp_zero_page_alloc_failed 0
thp_promote 8225
thp_fault_alloc 6574
thp_fault_fallback 12446
thp_collapse_alloc 6754
thp_collapse_alloc_failed 0
thp_split 11428
thp_zero_page_alloc 1
thp_zero_page_alloc_failed 0
thp_promote 8244
thp_fault_alloc 6585
thp_fault_fallback 12446
thp_collapse_alloc 6754
thp_collapse_alloc_failed 0
thp_split 11428
thp_zero_page_alloc 1
thp_zero_page_alloc_failed 0
thp_promote 8244
thp_fault_alloc 6595
thp_fault_fallback 12446
thp_collapse_alloc 6754
thp_collapse_alloc_failed 0
thp_split 11428
thp_zero_page_alloc 1
thp_zero_page_alloc_failed 0
thp_promote 8244
thp_fault_alloc 6607
thp_fault_fallback 12446
thp_collapse_alloc 6754
thp_collapse_alloc_failed 0
thp_split 11428
thp_zero_page_alloc 1
thp_zero_page_alloc_failed 0
thp_promote 8244
thp_fault_alloc 6617
thp_fault_fallback 12446
thp_collapse_alloc 6754
thp_collapse_alloc_failed 0
thp_split 11428
thp_zero_page_alloc 1
thp_zero_page_alloc_failed 0
thp_promote 8244
thp_fault_alloc 6627
thp_fault_fallback 12446
thp_collapse_alloc 6754
thp_collapse_alloc_failed 0
thp_split 11428
thp_zero_page_alloc 1
thp_zero_page_alloc_failed 0
thp_promote 8244
thp_fault_alloc 6644
thp_fault_fallback 12446
thp_collapse_alloc 6754
thp_collapse_alloc_failed 0
thp_split 11428
thp_zero_page_alloc 1
thp_zero_page_alloc_failed 0
thp_promote 8244
thp_fault_alloc 6655
thp_fault_fallback 12446
thp_collapse_alloc 6754
thp_collapse_alloc_failed 0
thp_split 11428
thp_zero_page_alloc 1
thp_zero_page_alloc_failed 0
thp_promote 8244
thp_fault_alloc 6667
thp_fault_fallback 12446
thp_collapse_alloc 6754
thp_collapse_alloc_failed 0
thp_split 11428
thp_zero_page_alloc 1
thp_zero_page_alloc_failed 0
thp_promote 8244
thp_fault_alloc 6677
thp_fault_fallback 12446
thp_collapse_alloc 6754
thp_collapse_alloc_failed 0
thp_split 11428
thp_zero_page_alloc 1
thp_zero_page_alloc_failed 0
thp_promote 8244
thp_fault_alloc 6688
thp_fault_fallback 12446
thp_collapse_alloc 6843
thp_collapse_alloc_failed 0
thp_split 11428
thp_zero_page_alloc 1
thp_zero_page_alloc_failed 0
thp_promote 8333
thp_fault_alloc 6700
thp_fault_fallback 12446
thp_collapse_alloc 6843
thp_collapse_alloc_failed 0
thp_split 11428
thp_zero_page_alloc 1
thp_zero_page_alloc_failed 0
thp_promote 8333
thp_fault_alloc 6710
thp_fault_fallback 12446
thp_collapse_alloc 6843
thp_collapse_alloc_failed 0
thp_split 11428
thp_zero_page_alloc 1
thp_zero_page_alloc_failed 0
thp_promote 8333
thp_fault_alloc 6720
thp_fault_fallback 12446
thp_collapse_alloc 6843
thp_collapse_alloc_failed 0
thp_split 11428
thp_zero_page_alloc 1
thp_zero_page_alloc_failed 0
thp_promote 8333
thp_fault_alloc 6732
thp_fault_fallback 12446
thp_collapse_alloc 6843
thp_collapse_alloc_failed 0
thp_split 11428
thp_zero_page_alloc 1
thp_zero_page_alloc_failed 0
thp_promote 8333
thp_fault_alloc 6743
thp_fault_fallback 12446
thp_collapse_alloc 6843
thp_collapse_alloc_failed 0
thp_split 11428
thp_zero_page_alloc 1
thp_zero_page_alloc_failed 0
thp_promote 8333
thp_fault_alloc 6753
thp_fault_fallback 12446
thp_collapse_alloc 6843
thp_collapse_alloc_failed 0
thp_split 11428
thp_zero_page_alloc 1
thp_zero_page_alloc_failed 0
thp_promote 8333
thp_fault_alloc 6764
thp_fault_fallback 12446
thp_collapse_alloc 6843
thp_collapse_alloc_failed 0
thp_split 11428
thp_zero_page_alloc 1
thp_zero_page_alloc_failed 0
thp_promote 8333
thp_fault_alloc 6774
thp_fault_fallback 12446
thp_collapse_alloc 6843
thp_collapse_alloc_failed 0
thp_split 11428
thp_zero_page_alloc 1
thp_zero_page_alloc_failed 0
thp_promote 8333
thp_fault_alloc 6785
thp_fault_fallback 12446
thp_collapse_alloc 6993
thp_collapse_alloc_failed 0
thp_split 11428
thp_zero_page_alloc 1
thp_zero_page_alloc_failed 0
thp_promote 8486
thp_fault_alloc 6802
thp_fault_fallback 12446
thp_collapse_alloc 6993
thp_collapse_alloc_failed 0
thp_split 11428
thp_zero_page_alloc 1
thp_zero_page_alloc_failed 0
thp_promote 8486
thp_fault_alloc 6815
thp_fault_fallback 12446
thp_collapse_alloc 6993
thp_collapse_alloc_failed 0
thp_split 11428
thp_zero_page_alloc 1
thp_zero_page_alloc_failed 0
thp_promote 8486
thp_fault_alloc 6826
thp_fault_fallback 12446
thp_collapse_alloc 6993
thp_collapse_alloc_failed 0
thp_split 11428
thp_zero_page_alloc 1
thp_zero_page_alloc_failed 0
thp_promote 8486
thp_fault_alloc 6835
thp_fault_fallback 12446
thp_collapse_alloc 6993
thp_collapse_alloc_failed 0
thp_split 11428
thp_zero_page_alloc 1
thp_zero_page_alloc_failed 0
thp_promote 8486
thp_fault_alloc 6845
thp_fault_fallback 12446
thp_collapse_alloc 6993
thp_collapse_alloc_failed 0
thp_split 11428
thp_zero_page_alloc 1
thp_zero_page_alloc_failed 0
thp_promote 8486
thp_fault_alloc 6857
thp_fault_fallback 12446
thp_collapse_alloc 6993
thp_collapse_alloc_failed 0
thp_split 11428
thp_zero_page_alloc 1
thp_zero_page_alloc_failed 0
thp_promote 8486
thp_fault_alloc 6868
thp_fault_fallback 12446
thp_collapse_alloc 6993
thp_collapse_alloc_failed 0
thp_split 11428
thp_zero_page_alloc 1
thp_zero_page_alloc_failed 0
thp_promote 8486
thp_fault_alloc 6880
thp_fault_fallback 12446
thp_collapse_alloc 6993
thp_collapse_alloc_failed 0
thp_split 11428
thp_zero_page_alloc 1
thp_zero_page_alloc_failed 0
thp_promote 8486
thp_fault_alloc 6889
thp_fault_fallback 12446
thp_collapse_alloc 6993
thp_collapse_alloc_failed 0
thp_split 11428
thp_zero_page_alloc 1
thp_zero_page_alloc_failed 0
thp_promote 9907
thp_fault_alloc 6900
thp_fault_fallback 12446
thp_collapse_alloc 6993
thp_collapse_alloc_failed 0
thp_split 11428
thp_zero_page_alloc 1
thp_zero_page_alloc_failed 0
thp_promote 11422
thp_fault_alloc 6910
thp_fault_fallback 12446
thp_collapse_alloc 6993
thp_collapse_alloc_failed 0
thp_split 11428
thp_zero_page_alloc 1
thp_zero_page_alloc_failed 0
thp_promote 11422
thp_fault_alloc 6921
thp_fault_fallback 12446
thp_collapse_alloc 6993
thp_collapse_alloc_failed 0
thp_split 11428
thp_zero_page_alloc 1
thp_zero_page_alloc_failed 0
thp_promote 11422
thp_fault_alloc 6931
thp_fault_fallback 12446
thp_collapse_alloc 6993
thp_collapse_alloc_failed 0
thp_split 11428
thp_zero_page_alloc 1
thp_zero_page_alloc_failed 0
thp_promote 11422
thp_fault_alloc 6941
thp_fault_fallback 12446
thp_collapse_alloc 6993
thp_collapse_alloc_failed 0
thp_split 11428
thp_zero_page_alloc 1
thp_zero_page_alloc_failed 0
thp_promote 11422
thp_fault_alloc 6953
thp_fault_fallback 12446
thp_collapse_alloc 6993
thp_collapse_alloc_failed 0
thp_split 11428
thp_zero_page_alloc 1
thp_zero_page_alloc_failed 0
thp_promote 11422
thp_fault_alloc 6963
thp_fault_fallback 12446
thp_collapse_alloc 6993
thp_collapse_alloc_failed 0
thp_split 11428
thp_zero_page_alloc 1
thp_zero_page_alloc_failed 0
thp_promote 11422
thp_fault_alloc 6974
thp_fault_fallback 12446
thp_collapse_alloc 6993
thp_collapse_alloc_failed 0
thp_split 11428
thp_zero_page_alloc 1
thp_zero_page_alloc_failed 0
thp_promote 11422
thp_fault_alloc 6984
thp_fault_fallback 12446
thp_collapse_alloc 6993
thp_collapse_alloc_failed 0
thp_split 11428
thp_zero_page_alloc 1
thp_zero_page_alloc_failed 0
thp_promote 11422
thp_fault_alloc 6995
thp_fault_fallback 12446
thp_collapse_alloc 6993
thp_collapse_alloc_failed 0
thp_split 11428
thp_zero_page_alloc 1
thp_zero_page_alloc_failed 0
thp_promote 11422
thp_fault_alloc 7005
thp_fault_fallback 12446
thp_collapse_alloc 6993
thp_collapse_alloc_failed 0
thp_split 11428
thp_zero_page_alloc 1
thp_zero_page_alloc_failed 0
thp_promote 11422
thp_fault_alloc 7016
thp_fault_fallback 12446
thp_collapse_alloc 6993
thp_collapse_alloc_failed 0
thp_split 11428
thp_zero_page_alloc 1
thp_zero_page_alloc_failed 0
thp_promote 11422
thp_fault_alloc 7026
thp_fault_fallback 12446
thp_collapse_alloc 6993
thp_collapse_alloc_failed 0
thp_split 11428
thp_zero_page_alloc 1
thp_zero_page_alloc_failed 0
thp_promote 11422
thp_fault_alloc 7037
thp_fault_fallback 12446
thp_collapse_alloc 6993
thp_collapse_alloc_failed 0
thp_split 11428
thp_zero_page_alloc 1
thp_zero_page_alloc_failed 0
thp_promote 11422
thp_fault_alloc 7049
thp_fault_fallback 12446
thp_collapse_alloc 6993
thp_collapse_alloc_failed 0
thp_split 11428
thp_zero_page_alloc 1
thp_zero_page_alloc_failed 0
thp_promote 11422
thp_fault_alloc 7060
thp_fault_fallback 12446
thp_collapse_alloc 6993
thp_collapse_alloc_failed 0
thp_split 11428
thp_zero_page_alloc 1
thp_zero_page_alloc_failed 0
thp_promote 11422
thp_fault_alloc 7071
thp_fault_fallback 12446
thp_collapse_alloc 6993
thp_collapse_alloc_failed 0
thp_split 11428
thp_zero_page_alloc 1
thp_zero_page_alloc_failed 0
thp_promote 11422
thp_fault_alloc 7082
thp_fault_fallback 12446
thp_collapse_alloc 6993
thp_collapse_alloc_failed 0
thp_split 11428
thp_zero_page_alloc 1
thp_zero_page_alloc_failed 0
thp_promote 11422
thp_fault_alloc 7093
thp_fault_fallback 12446
thp_collapse_alloc 6993
thp_collapse_alloc_failed 0
thp_split 11428
thp_zero_page_alloc 1
thp_zero_page_alloc_failed 0
thp_promote 11422
thp_fault_alloc 7104
thp_fault_fallback 12446
thp_collapse_alloc 6993
thp_collapse_alloc_failed 0
thp_split 11428
thp_zero_page_alloc 1
thp_zero_page_alloc_failed 0
thp_promote 11422
thp_fault_alloc 7115
thp_fault_fallback 12446
thp_collapse_alloc 6993
thp_collapse_alloc_failed 0
thp_split 11428
thp_zero_page_alloc 1
thp_zero_page_alloc_failed 0
thp_promote 11422
thp_fault_alloc 7126
thp_fault_fallback 12446
thp_collapse_alloc 6993
thp_collapse_alloc_failed 0
thp_split 11428
thp_zero_page_alloc 1
thp_zero_page_alloc_failed 0
thp_promote 11422
thp_fault_alloc 7142
thp_fault_fallback 12446
thp_collapse_alloc 6993
thp_collapse_alloc_failed 0
thp_split 11428
thp_zero_page_alloc 1
thp_zero_page_alloc_failed 0
thp_promote 11422
thp_fault_alloc 7154
thp_fault_fallback 12446
thp_collapse_alloc 6993
thp_collapse_alloc_failed 0
thp_split 11428
thp_zero_page_alloc 1
thp_zero_page_alloc_failed 0
thp_promote 11422
thp_fault_alloc 7164
thp_fault_fallback 12446
thp_collapse_alloc 6993
thp_collapse_alloc_failed 0
thp_split 11428
thp_zero_page_alloc 1
thp_zero_page_alloc_failed 0
thp_promote 11422
thp_fault_alloc 7173
thp_fault_fallback 12446
thp_collapse_alloc 6993
thp_collapse_alloc_failed 0
thp_split 11428
thp_zero_page_alloc 1
thp_zero_page_alloc_failed 0
thp_promote 11422
thp_fault_alloc 7183
thp_fault_fallback 12446
thp_collapse_alloc 6993
thp_collapse_alloc_failed 0
thp_split 11428
thp_zero_page_alloc 1
thp_zero_page_alloc_failed 0
thp_promote 11422
thp_fault_alloc 7194
thp_fault_fallback 12446
thp_collapse_alloc 6993
thp_collapse_alloc_failed 0
thp_split 11428
thp_zero_page_alloc 1
thp_zero_page_alloc_failed 0
thp_promote 11422
thp_fault_alloc 7205
thp_fault_fallback 12446
thp_collapse_alloc 6993
thp_collapse_alloc_failed 0
thp_split 11428
thp_zero_page_alloc 1
thp_zero_page_alloc_failed 0
thp_promote 11422
thp_fault_alloc 7215
thp_fault_fallback 12446
thp_collapse_alloc 6993
thp_collapse_alloc_failed 0
thp_split 11428
thp_zero_page_alloc 1
thp_zero_page_alloc_failed 0
thp_promote 11422
thp_fault_alloc 7226
thp_fault_fallback 12446
thp_collapse_alloc 6993
thp_collapse_alloc_failed 0
thp_split 11428
thp_zero_page_alloc 1
thp_zero_page_alloc_failed 0
thp_promote 11422
thp_fault_alloc 7237
thp_fault_fallback 12446
thp_collapse_alloc 6993
thp_collapse_alloc_failed 0
thp_split 11428
thp_zero_page_alloc 1
thp_zero_page_alloc_failed 0
thp_promote 11422
thp_fault_alloc 7248
thp_fault_fallback 12446
thp_collapse_alloc 6993
thp_collapse_alloc_failed 0
thp_split 11428
thp_zero_page_alloc 1
thp_zero_page_alloc_failed 0
thp_promote 11422
thp_fault_alloc 7260
thp_fault_fallback 12446
thp_collapse_alloc 6993
thp_collapse_alloc_failed 0
thp_split 11428
thp_zero_page_alloc 1
thp_zero_page_alloc_failed 0
thp_promote 11422
thp_fault_alloc 7272
thp_fault_fallback 12446
thp_collapse_alloc 6993
thp_collapse_alloc_failed 0
thp_split 11428
thp_zero_page_alloc 1
thp_zero_page_alloc_failed 0
thp_promote 11422
thp_fault_alloc 7283
thp_fault_fallback 12446
thp_collapse_alloc 6993
thp_collapse_alloc_failed 0
thp_split 11428
thp_zero_page_alloc 1
thp_zero_page_alloc_failed 0
thp_promote 11422
thp_fault_alloc 7293
thp_fault_fallback 12446
thp_collapse_alloc 6993
thp_collapse_alloc_failed 0
thp_split 11428
thp_zero_page_alloc 1
thp_zero_page_alloc_failed 0
thp_promote 11422
thp_fault_alloc 7304
thp_fault_fallback 12446
thp_collapse_alloc 6993
thp_collapse_alloc_failed 0
thp_split 11428
thp_zero_page_alloc 1
thp_zero_page_alloc_failed 0
thp_promote 11422
thp_fault_alloc 7316
thp_fault_fallback 12446
thp_collapse_alloc 6993
thp_collapse_alloc_failed 0
thp_split 11428
thp_zero_page_alloc 1
thp_zero_page_alloc_failed 0
thp_promote 11422
thp_fault_alloc 7327
thp_fault_fallback 12446
thp_collapse_alloc 6993
thp_collapse_alloc_failed 0
thp_split 11428
thp_zero_page_alloc 1
thp_zero_page_alloc_failed 0
thp_promote 11422
thp_fault_alloc 7337
thp_fault_fallback 12446
thp_collapse_alloc 6993
thp_collapse_alloc_failed 0
thp_split 11428
thp_zero_page_alloc 1
thp_zero_page_alloc_failed 0
thp_promote 11422
thp_fault_alloc 7349
thp_fault_fallback 12446
thp_collapse_alloc 6993
thp_collapse_alloc_failed 0
thp_split 11428
thp_zero_page_alloc 1
thp_zero_page_alloc_failed 0
thp_promote 11422
thp_fault_alloc 7361
thp_fault_fallback 12446
thp_collapse_alloc 6993
thp_collapse_alloc_failed 0
thp_split 11428
thp_zero_page_alloc 1
thp_zero_page_alloc_failed 0
thp_promote 11422
thp_fault_alloc 7370
thp_fault_fallback 12446
thp_collapse_alloc 6993
thp_collapse_alloc_failed 0
thp_split 11428
thp_zero_page_alloc 1
thp_zero_page_alloc_failed 0
thp_promote 11422
thp_fault_alloc 7382
thp_fault_fallback 12446
thp_collapse_alloc 6993
thp_collapse_alloc_failed 0
thp_split 11428
thp_zero_page_alloc 1
thp_zero_page_alloc_failed 0
thp_promote 11422
thp_fault_alloc 7392
thp_fault_fallback 12446
thp_collapse_alloc 6993
thp_collapse_alloc_failed 0
thp_split 11428
thp_zero_page_alloc 1
thp_zero_page_alloc_failed 0
thp_promote 11422
thp_fault_alloc 7401
thp_fault_fallback 12446
thp_collapse_alloc 6993
thp_collapse_alloc_failed 0
thp_split 11428
thp_zero_page_alloc 1
thp_zero_page_alloc_failed 0
thp_promote 11422
thp_fault_alloc 7411
thp_fault_fallback 12446
thp_collapse_alloc 6993
thp_collapse_alloc_failed 0
thp_split 11428
thp_zero_page_alloc 1
thp_zero_page_alloc_failed 0
thp_promote 11422
thp_fault_alloc 7421
thp_fault_fallback 12446
thp_collapse_alloc 6993
thp_collapse_alloc_failed 0
thp_split 11428
thp_zero_page_alloc 1
thp_zero_page_alloc_failed 0
thp_promote 11422
thp_fault_alloc 7432
thp_fault_fallback 12446
thp_collapse_alloc 6993
thp_collapse_alloc_failed 0
thp_split 11428
thp_zero_page_alloc 1
thp_zero_page_alloc_failed 0
thp_promote 11422
thp_fault_alloc 7443
thp_fault_fallback 12446
thp_collapse_alloc 6993
thp_collapse_alloc_failed 0
thp_split 11428
thp_zero_page_alloc 1
thp_zero_page_alloc_failed 0
thp_promote 11422
thp_fault_alloc 7454
thp_fault_fallback 12446
thp_collapse_alloc 6993
thp_collapse_alloc_failed 0
thp_split 11428
thp_zero_page_alloc 1
thp_zero_page_alloc_failed 0
thp_promote 11422
thp_fault_alloc 7465
thp_fault_fallback 12446
thp_collapse_alloc 6993
thp_collapse_alloc_failed 0
thp_split 11428
thp_zero_page_alloc 1
thp_zero_page_alloc_failed 0
thp_promote 11422
thp_fault_alloc 7475
thp_fault_fallback 12446
thp_collapse_alloc 6993
thp_collapse_alloc_failed 0
thp_split 11428
thp_zero_page_alloc 1
thp_zero_page_alloc_failed 0
thp_promote 11422
thp_fault_alloc 7482
thp_fault_fallback 18448
thp_collapse_alloc 6993
thp_collapse_alloc_failed 0
thp_split 17430
thp_zero_page_alloc 1
thp_zero_page_alloc_failed 0
thp_promote 11422
thp_fault_alloc 7491
thp_fault_fallback 18449
thp_collapse_alloc 6993
thp_collapse_alloc_failed 0
thp_split 17431
thp_zero_page_alloc 1
thp_zero_page_alloc_failed 0
thp_promote 11422
thp_fault_alloc 7499
thp_fault_fallback 18449
thp_collapse_alloc 6993
thp_collapse_alloc_failed 0
thp_split 17431
thp_zero_page_alloc 1
thp_zero_page_alloc_failed 0
thp_promote 11422
thp_fault_alloc 7513
thp_fault_fallback 18449
thp_collapse_alloc 6993
thp_collapse_alloc_failed 0
thp_split 17431
thp_zero_page_alloc 1
thp_zero_page_alloc_failed 0
thp_promote 11422
thp_fault_alloc 7520
thp_fault_fallback 18449
thp_collapse_alloc 6993
thp_collapse_alloc_failed 0
thp_split 17431
thp_zero_page_alloc 1
thp_zero_page_alloc_failed 0
thp_promote 11422
thp_fault_alloc 7527
thp_fault_fallback 18449
thp_collapse_alloc 6993
thp_collapse_alloc_failed 0
thp_split 17431
thp_zero_page_alloc 1
thp_zero_page_alloc_failed 0
thp_promote 11422
thp_fault_alloc 7536
thp_fault_fallback 18449
thp_collapse_alloc 6993
thp_collapse_alloc_failed 0
thp_split 17431
thp_zero_page_alloc 1
thp_zero_page_alloc_failed 0
thp_promote 11422
thp_fault_alloc 7544
thp_fault_fallback 18449
thp_collapse_alloc 6993
thp_collapse_alloc_failed 0
thp_split 17431
thp_zero_page_alloc 1
thp_zero_page_alloc_failed 0
thp_promote 11422
thp_fault_alloc 7557
thp_fault_fallback 18449
thp_collapse_alloc 6993
thp_collapse_alloc_failed 0
thp_split 17431
thp_zero_page_alloc 1
thp_zero_page_alloc_failed 0
thp_promote 11422
thp_fault_alloc 7566
thp_fault_fallback 18449
thp_collapse_alloc 6993
thp_collapse_alloc_failed 0
thp_split 17431
thp_zero_page_alloc 1
thp_zero_page_alloc_failed 0
thp_promote 11422
thp_fault_alloc 7574
thp_fault_fallback 18449
thp_collapse_alloc 6993
thp_collapse_alloc_failed 0
thp_split 17431
thp_zero_page_alloc 1
thp_zero_page_alloc_failed 0
thp_promote 11422
thp_fault_alloc 7582
thp_fault_fallback 18449
thp_collapse_alloc 6993
thp_collapse_alloc_failed 0
thp_split 17431
thp_zero_page_alloc 1
thp_zero_page_alloc_failed 0
thp_promote 11422
thp_fault_alloc 7591
thp_fault_fallback 18449
thp_collapse_alloc 6993
thp_collapse_alloc_failed 0
thp_split 17431
thp_zero_page_alloc 1
thp_zero_page_alloc_failed 0
thp_promote 11422
thp_fault_alloc 7601
thp_fault_fallback 18449
thp_collapse_alloc 6993
thp_collapse_alloc_failed 0
thp_split 17431
thp_zero_page_alloc 1
thp_zero_page_alloc_failed 0
thp_promote 11422
thp_fault_alloc 7612
thp_fault_fallback 18449
thp_collapse_alloc 6993
thp_collapse_alloc_failed 0
thp_split 17431
thp_zero_page_alloc 1
thp_zero_page_alloc_failed 0
thp_promote 11422
thp_fault_alloc 7627
thp_fault_fallback 18449
thp_collapse_alloc 6993
thp_collapse_alloc_failed 0
thp_split 17431
thp_zero_page_alloc 1
thp_zero_page_alloc_failed 0
thp_promote 11422
thp_fault_alloc 7637
thp_fault_fallback 18449
thp_collapse_alloc 6993
thp_collapse_alloc_failed 0
thp_split 17431
thp_zero_page_alloc 1
thp_zero_page_alloc_failed 0
thp_promote 11422
thp_fault_alloc 7648
thp_fault_fallback 18449
thp_collapse_alloc 6993
thp_collapse_alloc_failed 0
thp_split 17431
thp_zero_page_alloc 1
thp_zero_page_alloc_failed 0
thp_promote 11422
thp_fault_alloc 7658
thp_fault_fallback 18449
thp_collapse_alloc 6993
thp_collapse_alloc_failed 0
thp_split 17431
thp_zero_page_alloc 1
thp_zero_page_alloc_failed 0
thp_promote 11422
thp_fault_alloc 7668
thp_fault_fallback 18449
thp_collapse_alloc 6993
thp_collapse_alloc_failed 0
thp_split 17431
thp_zero_page_alloc 1
thp_zero_page_alloc_failed 0
thp_promote 11422
thp_fault_alloc 7677
thp_fault_fallback 18449
thp_collapse_alloc 6993
thp_collapse_alloc_failed 0
thp_split 17431
thp_zero_page_alloc 1
thp_zero_page_alloc_failed 0
thp_promote 11422
thp_fault_alloc 7688
thp_fault_fallback 18449
thp_collapse_alloc 6993
thp_collapse_alloc_failed 0
thp_split 17431
thp_zero_page_alloc 1
thp_zero_page_alloc_failed 0
thp_promote 11498
thp_fault_alloc 7697
thp_fault_fallback 18449
thp_collapse_alloc 7255
thp_collapse_alloc_failed 0
thp_split 17431
thp_zero_page_alloc 1
thp_zero_page_alloc_failed 0
thp_promote 11678
thp_fault_alloc 7715
thp_fault_fallback 18449
thp_collapse_alloc 7255
thp_collapse_alloc_failed 0
thp_split 17431
thp_zero_page_alloc 1
thp_zero_page_alloc_failed 0
thp_promote 11678
thp_fault_alloc 7725
thp_fault_fallback 18449
thp_collapse_alloc 7255
thp_collapse_alloc_failed 0
thp_split 17431
thp_zero_page_alloc 1
thp_zero_page_alloc_failed 0
thp_promote 11678
thp_fault_alloc 7734
thp_fault_fallback 18449
thp_collapse_alloc 7255
thp_collapse_alloc_failed 0
thp_split 17431
thp_zero_page_alloc 1
thp_zero_page_alloc_failed 0
thp_promote 11678
thp_fault_alloc 7744
thp_fault_fallback 18449
thp_collapse_alloc 7255
thp_collapse_alloc_failed 0
thp_split 17431
thp_zero_page_alloc 1
thp_zero_page_alloc_failed 0
thp_promote 11678
thp_fault_alloc 7755
thp_fault_fallback 18449
thp_collapse_alloc 7255
thp_collapse_alloc_failed 0
thp_split 17431
thp_zero_page_alloc 1
thp_zero_page_alloc_failed 0
thp_promote 11678
thp_fault_alloc 7765
thp_fault_fallback 18449
thp_collapse_alloc 7255
thp_collapse_alloc_failed 0
thp_split 17431
thp_zero_page_alloc 1
thp_zero_page_alloc_failed 0
thp_promote 11678
thp_fault_alloc 7775
thp_fault_fallback 18449
thp_collapse_alloc 7255
thp_collapse_alloc_failed 0
thp_split 17431
thp_zero_page_alloc 1
thp_zero_page_alloc_failed 0
thp_promote 11678
thp_fault_alloc 7800
thp_fault_fallback 18449
thp_collapse_alloc 8836
thp_collapse_alloc_failed 0
thp_split 17431
thp_zero_page_alloc 1
thp_zero_page_alloc_failed 0
thp_promote 14011
thp_fault_alloc 7807
thp_fault_fallback 18449
thp_collapse_alloc 9595
thp_collapse_alloc_failed 0
thp_split 17431
thp_zero_page_alloc 1
thp_zero_page_alloc_failed 0
thp_promote 14011
thp_fault_alloc 7818
thp_fault_fallback 18449
thp_collapse_alloc 9595
thp_collapse_alloc_failed 0
thp_split 17431
thp_zero_page_alloc 1
thp_zero_page_alloc_failed 0
thp_promote 14011
thp_fault_alloc 7827
thp_fault_fallback 18449
thp_collapse_alloc 9595
thp_collapse_alloc_failed 0
thp_split 17431
thp_zero_page_alloc 1
thp_zero_page_alloc_failed 0
thp_promote 14011
thp_fault_alloc 7838
thp_fault_fallback 18449
thp_collapse_alloc 9595
thp_collapse_alloc_failed 0
thp_split 17431
thp_zero_page_alloc 1
thp_zero_page_alloc_failed 0
thp_promote 14011
thp_fault_alloc 7850
thp_fault_fallback 18449
thp_collapse_alloc 9595
thp_collapse_alloc_failed 0
thp_split 17431
thp_zero_page_alloc 1
thp_zero_page_alloc_failed 0
thp_promote 14011
thp_fault_alloc 7860
thp_fault_fallback 18449
thp_collapse_alloc 9595
thp_collapse_alloc_failed 0
thp_split 17431
thp_zero_page_alloc 1
thp_zero_page_alloc_failed 0
thp_promote 14011
thp_fault_alloc 7871
thp_fault_fallback 18449
thp_collapse_alloc 9595
thp_collapse_alloc_failed 0
thp_split 17431
thp_zero_page_alloc 1
thp_zero_page_alloc_failed 0
thp_promote 14011
thp_fault_alloc 7883
thp_fault_fallback 18449
thp_collapse_alloc 9595
thp_collapse_alloc_failed 0
thp_split 17431
thp_zero_page_alloc 1
thp_zero_page_alloc_failed 0
thp_promote 14011
thp_fault_alloc 7899
thp_fault_fallback 18449
thp_collapse_alloc 9595
thp_collapse_alloc_failed 0
thp_split 17431
thp_zero_page_alloc 1
thp_zero_page_alloc_failed 0
thp_promote 14011
thp_fault_alloc 7909
thp_fault_fallback 18449
thp_collapse_alloc 9737
thp_collapse_alloc_failed 0
thp_split 17431
thp_zero_page_alloc 1
thp_zero_page_alloc_failed 0
thp_promote 14166
thp_fault_alloc 7919
thp_fault_fallback 18449
thp_collapse_alloc 9737
thp_collapse_alloc_failed 0
thp_split 17431
thp_zero_page_alloc 1
thp_zero_page_alloc_failed 0
thp_promote 14166
thp_fault_alloc 7930
thp_fault_fallback 18449
thp_collapse_alloc 9737
thp_collapse_alloc_failed 0
thp_split 17431
thp_zero_page_alloc 1
thp_zero_page_alloc_failed 0
thp_promote 14166
thp_fault_alloc 7941
thp_fault_fallback 18449
thp_collapse_alloc 9737
thp_collapse_alloc_failed 0
thp_split 17431
thp_zero_page_alloc 1
thp_zero_page_alloc_failed 0
thp_promote 14166
thp_fault_alloc 7949
thp_fault_fallback 18449
thp_collapse_alloc 9737
thp_collapse_alloc_failed 0
thp_split 17431
thp_zero_page_alloc 1
thp_zero_page_alloc_failed 0
thp_promote 14166
thp_fault_alloc 7961
thp_fault_fallback 18449
thp_collapse_alloc 9737
thp_collapse_alloc_failed 0
thp_split 17431
thp_zero_page_alloc 1
thp_zero_page_alloc_failed 0
thp_promote 14166
thp_fault_alloc 7972
thp_fault_fallback 18449
thp_collapse_alloc 9737
thp_collapse_alloc_failed 0
thp_split 17431
thp_zero_page_alloc 1
thp_zero_page_alloc_failed 0
thp_promote 14166
thp_fault_alloc 7981
thp_fault_fallback 18449
thp_collapse_alloc 9737
thp_collapse_alloc_failed 0
thp_split 17431
thp_zero_page_alloc 1
thp_zero_page_alloc_failed 0
thp_promote 14166
thp_fault_alloc 7991
thp_fault_fallback 18449
thp_collapse_alloc 9737
thp_collapse_alloc_failed 0
thp_split 17431
thp_zero_page_alloc 1
thp_zero_page_alloc_failed 0
thp_promote 14166
thp_fault_alloc 8002
thp_fault_fallback 18449
thp_collapse_alloc 9737
thp_collapse_alloc_failed 0
thp_split 17431
thp_zero_page_alloc 1
thp_zero_page_alloc_failed 0
thp_promote 14166
thp_fault_alloc 8011
thp_fault_fallback 18449
thp_collapse_alloc 9738
thp_collapse_alloc_failed 0
thp_split 17431
thp_zero_page_alloc 1
thp_zero_page_alloc_failed 0
thp_promote 14167
thp_fault_alloc 8021
thp_fault_fallback 18449
thp_collapse_alloc 9738
thp_collapse_alloc_failed 0
thp_split 17431
thp_zero_page_alloc 1
thp_zero_page_alloc_failed 0
thp_promote 14167
thp_fault_alloc 8032
thp_fault_fallback 18449
thp_collapse_alloc 9738
thp_collapse_alloc_failed 0
thp_split 17431
thp_zero_page_alloc 1
thp_zero_page_alloc_failed 0
thp_promote 14167
thp_fault_alloc 8047
thp_fault_fallback 18449
thp_collapse_alloc 9738
thp_collapse_alloc_failed 0
thp_split 17431
thp_zero_page_alloc 1
thp_zero_page_alloc_failed 0
thp_promote 14167
thp_fault_alloc 8057
thp_fault_fallback 18449
thp_collapse_alloc 9738
thp_collapse_alloc_failed 0
thp_split 17431
thp_zero_page_alloc 1
thp_zero_page_alloc_failed 0
thp_promote 14167
thp_fault_alloc 8068
thp_fault_fallback 18449
thp_collapse_alloc 9738
thp_collapse_alloc_failed 0
thp_split 17431
thp_zero_page_alloc 1
thp_zero_page_alloc_failed 0
thp_promote 14167
thp_fault_alloc 8076
thp_fault_fallback 18449
thp_collapse_alloc 9738
thp_collapse_alloc_failed 0
thp_split 17431
thp_zero_page_alloc 1
thp_zero_page_alloc_failed 0
thp_promote 14167
thp_fault_alloc 8087
thp_fault_fallback 18449
thp_collapse_alloc 9738
thp_collapse_alloc_failed 0
thp_split 17431
thp_zero_page_alloc 1
thp_zero_page_alloc_failed 0
thp_promote 14167
thp_fault_alloc 8097
thp_fault_fallback 18449
thp_collapse_alloc 9738
thp_collapse_alloc_failed 0
thp_split 17431
thp_zero_page_alloc 1
thp_zero_page_alloc_failed 0
thp_promote 14167
thp_fault_alloc 8106
thp_fault_fallback 18449
thp_collapse_alloc 9738
thp_collapse_alloc_failed 0
thp_split 17431
thp_zero_page_alloc 1
thp_zero_page_alloc_failed 0
thp_promote 14167
thp_fault_alloc 8117
thp_fault_fallback 18449
thp_collapse_alloc 9738
thp_collapse_alloc_failed 0
thp_split 17431
thp_zero_page_alloc 1
thp_zero_page_alloc_failed 0
thp_promote 14167
thp_fault_alloc 8129
thp_fault_fallback 18449
thp_collapse_alloc 9738
thp_collapse_alloc_failed 0
thp_split 17431
thp_zero_page_alloc 1
thp_zero_page_alloc_failed 0
thp_promote 14167
thp_fault_alloc 8137
thp_fault_fallback 18449
thp_collapse_alloc 9738
thp_collapse_alloc_failed 0
thp_split 17431
thp_zero_page_alloc 1
thp_zero_page_alloc_failed 0
thp_promote 14167
thp_fault_alloc 8147
thp_fault_fallback 18449
thp_collapse_alloc 9738
thp_collapse_alloc_failed 0
thp_split 17431
thp_zero_page_alloc 1
thp_zero_page_alloc_failed 0
thp_promote 14167
thp_fault_alloc 8155
thp_fault_fallback 18449
thp_collapse_alloc 9738
thp_collapse_alloc_failed 0
thp_split 17431
thp_zero_page_alloc 1
thp_zero_page_alloc_failed 0
thp_promote 14167
thp_fault_alloc 8165
thp_fault_fallback 18449
thp_collapse_alloc 9738
thp_collapse_alloc_failed 0
thp_split 17431
thp_zero_page_alloc 1
thp_zero_page_alloc_failed 0
thp_promote 14167
thp_fault_alloc 8176
thp_fault_fallback 18449
thp_collapse_alloc 9738
thp_collapse_alloc_failed 0
thp_split 17431
thp_zero_page_alloc 1
thp_zero_page_alloc_failed 0
thp_promote 14167
thp_fault_alloc 8193
thp_fault_fallback 18449
thp_collapse_alloc 9738
thp_collapse_alloc_failed 0
thp_split 17431
thp_zero_page_alloc 1
thp_zero_page_alloc_failed 0
thp_promote 14167
thp_fault_alloc 8204
thp_fault_fallback 18449
thp_collapse_alloc 9738
thp_collapse_alloc_failed 0
thp_split 17431
thp_zero_page_alloc 1
thp_zero_page_alloc_failed 0
thp_promote 14167
thp_fault_alloc 8214
thp_fault_fallback 18449
thp_collapse_alloc 9738
thp_collapse_alloc_failed 0
thp_split 17431
thp_zero_page_alloc 1
thp_zero_page_alloc_failed 0
thp_promote 14167
thp_fault_alloc 8224
thp_fault_fallback 18449
thp_collapse_alloc 9738
thp_collapse_alloc_failed 0
thp_split 17431
thp_zero_page_alloc 1
thp_zero_page_alloc_failed 0
thp_promote 14167
thp_fault_alloc 8234
thp_fault_fallback 18449
thp_collapse_alloc 9738
thp_collapse_alloc_failed 0
thp_split 17431
thp_zero_page_alloc 1
thp_zero_page_alloc_failed 0
thp_promote 14167
thp_fault_alloc 8243
thp_fault_fallback 18449
thp_collapse_alloc 9738
thp_collapse_alloc_failed 0
thp_split 17431
thp_zero_page_alloc 1
thp_zero_page_alloc_failed 0
thp_promote 14167
thp_fault_alloc 8252
thp_fault_fallback 18449
thp_collapse_alloc 9738
thp_collapse_alloc_failed 0
thp_split 17431
thp_zero_page_alloc 1
thp_zero_page_alloc_failed 0
thp_promote 14167
thp_fault_alloc 8263
thp_fault_fallback 18449
thp_collapse_alloc 9738
thp_collapse_alloc_failed 0
thp_split 17431
thp_zero_page_alloc 1
thp_zero_page_alloc_failed 0
thp_promote 14167
thp_fault_alloc 8273
thp_fault_fallback 18449
thp_collapse_alloc 9738
thp_collapse_alloc_failed 0
thp_split 17431
thp_zero_page_alloc 1
thp_zero_page_alloc_failed 0
thp_promote 14167
thp_fault_alloc 8283
thp_fault_fallback 18449
thp_collapse_alloc 9738
thp_collapse_alloc_failed 0
thp_split 17431
thp_zero_page_alloc 1
thp_zero_page_alloc_failed 0
thp_promote 14167
thp_fault_alloc 8294
thp_fault_fallback 18449
thp_collapse_alloc 9738
thp_collapse_alloc_failed 0
thp_split 17431
thp_zero_page_alloc 1
thp_zero_page_alloc_failed 0
thp_promote 14167
thp_fault_alloc 8305
thp_fault_fallback 18449
thp_collapse_alloc 9738
thp_collapse_alloc_failed 0
thp_split 17431
thp_zero_page_alloc 1
thp_zero_page_alloc_failed 0
thp_promote 17425
thp_fault_alloc 8315
thp_fault_fallback 18449
thp_collapse_alloc 9738
thp_collapse_alloc_failed 0
thp_split 17431
thp_zero_page_alloc 1
thp_zero_page_alloc_failed 0
thp_promote 17425
thp_fault_alloc 8324
thp_fault_fallback 18449
thp_collapse_alloc 9738
thp_collapse_alloc_failed 0
thp_split 17431
thp_zero_page_alloc 1
thp_zero_page_alloc_failed 0
thp_promote 17425
thp_fault_alloc 8334
thp_fault_fallback 18449
thp_collapse_alloc 9738
thp_collapse_alloc_failed 0
thp_split 17431
thp_zero_page_alloc 1
thp_zero_page_alloc_failed 0
thp_promote 17425
thp_fault_alloc 8345
thp_fault_fallback 18449
thp_collapse_alloc 9738
thp_collapse_alloc_failed 0
thp_split 17431
thp_zero_page_alloc 1
thp_zero_page_alloc_failed 0
thp_promote 17425
thp_fault_alloc 8356
thp_fault_fallback 18449
thp_collapse_alloc 9738
thp_collapse_alloc_failed 0
thp_split 17431
thp_zero_page_alloc 1
thp_zero_page_alloc_failed 0
thp_promote 17425
thp_fault_alloc 8367
thp_fault_fallback 18449
thp_collapse_alloc 9738
thp_collapse_alloc_failed 0
thp_split 17431
thp_zero_page_alloc 1
thp_zero_page_alloc_failed 0
thp_promote 17425
thp_fault_alloc 8378
thp_fault_fallback 18449
thp_collapse_alloc 9738
thp_collapse_alloc_failed 0
thp_split 17431
thp_zero_page_alloc 1
thp_zero_page_alloc_failed 0
thp_promote 17425
thp_fault_alloc 8387
thp_fault_fallback 18449
thp_collapse_alloc 9738
thp_collapse_alloc_failed 0
thp_split 17431
thp_zero_page_alloc 1
thp_zero_page_alloc_failed 0
thp_promote 17425
thp_fault_alloc 8397
thp_fault_fallback 18449
thp_collapse_alloc 9738
thp_collapse_alloc_failed 0
thp_split 17431
thp_zero_page_alloc 1
thp_zero_page_alloc_failed 0
thp_promote 17425
thp_fault_alloc 8408
thp_fault_fallback 18449
thp_collapse_alloc 9738
thp_collapse_alloc_failed 0
thp_split 17431
thp_zero_page_alloc 1
thp_zero_page_alloc_failed 0
thp_promote 17425
thp_fault_alloc 8419
thp_fault_fallback 18449
thp_collapse_alloc 9738
thp_collapse_alloc_failed 0
thp_split 17431
thp_zero_page_alloc 1
thp_zero_page_alloc_failed 0
thp_promote 17425
thp_fault_alloc 8429
thp_fault_fallback 18449
thp_collapse_alloc 9738
thp_collapse_alloc_failed 0
thp_split 17431
thp_zero_page_alloc 1
thp_zero_page_alloc_failed 0
thp_promote 17425
thp_fault_alloc 8439
thp_fault_fallback 18449
thp_collapse_alloc 9738
thp_collapse_alloc_failed 0
thp_split 17431
thp_zero_page_alloc 1
thp_zero_page_alloc_failed 0
thp_promote 17425
thp_fault_alloc 8450
thp_fault_fallback 18449
thp_collapse_alloc 9738
thp_collapse_alloc_failed 0
thp_split 17431
thp_zero_page_alloc 1
thp_zero_page_alloc_failed 0
thp_promote 17425
thp_fault_alloc 8461
thp_fault_fallback 18449
thp_collapse_alloc 9738
thp_collapse_alloc_failed 0
thp_split 17431
thp_zero_page_alloc 1
thp_zero_page_alloc_failed 0
thp_promote 17425
thp_fault_alloc 8469
thp_fault_fallback 18449
thp_collapse_alloc 9738
thp_collapse_alloc_failed 0
thp_split 17431
thp_zero_page_alloc 1
thp_zero_page_alloc_failed 0
thp_promote 17425
thp_fault_alloc 8476
thp_fault_fallback 18449
thp_collapse_alloc 9738
thp_collapse_alloc_failed 0
thp_split 17431
thp_zero_page_alloc 1
thp_zero_page_alloc_failed 0
thp_promote 17425
thp_fault_alloc 8484
thp_fault_fallback 18449
thp_collapse_alloc 9738
thp_collapse_alloc_failed 0
thp_split 17431
thp_zero_page_alloc 1
thp_zero_page_alloc_failed 0
thp_promote 17425
thp_fault_alloc 8492
thp_fault_fallback 18449
thp_collapse_alloc 9738
thp_collapse_alloc_failed 0
thp_split 17431
thp_zero_page_alloc 1
thp_zero_page_alloc_failed 0
thp_promote 17425
thp_fault_alloc 8499
thp_fault_fallback 18449
thp_collapse_alloc 9738
thp_collapse_alloc_failed 0
thp_split 17431
thp_zero_page_alloc 1
thp_zero_page_alloc_failed 0
thp_promote 17425
thp_fault_alloc 8505
thp_fault_fallback 18449
thp_collapse_alloc 9738
thp_collapse_alloc_failed 0
thp_split 17431
thp_zero_page_alloc 1
thp_zero_page_alloc_failed 0
thp_promote 17425
thp_fault_alloc 8519
thp_fault_fallback 18449
thp_collapse_alloc 9738
thp_collapse_alloc_failed 0
thp_split 17431
thp_zero_page_alloc 1
thp_zero_page_alloc_failed 0
thp_promote 17425
thp_fault_alloc 8527
thp_fault_fallback 18449
thp_collapse_alloc 9738
thp_collapse_alloc_failed 0
thp_split 17431
thp_zero_page_alloc 1
thp_zero_page_alloc_failed 0
thp_promote 17425
thp_fault_alloc 8533
thp_fault_fallback 18449
thp_collapse_alloc 9738
thp_collapse_alloc_failed 0
thp_split 17431
thp_zero_page_alloc 1
thp_zero_page_alloc_failed 0
thp_promote 17425
thp_fault_alloc 8540
thp_fault_fallback 18449
thp_collapse_alloc 9738
thp_collapse_alloc_failed 0
thp_split 17431
thp_zero_page_alloc 1
thp_zero_page_alloc_failed 0
thp_promote 17425
thp_fault_alloc 8554
thp_fault_fallback 18449
thp_collapse_alloc 9738
thp_collapse_alloc_failed 0
thp_split 17431
thp_zero_page_alloc 1
thp_zero_page_alloc_failed 0
thp_promote 17425
thp_fault_alloc 8566
thp_fault_fallback 18449
thp_collapse_alloc 9738
thp_collapse_alloc_failed 0
thp_split 17431
thp_zero_page_alloc 1
thp_zero_page_alloc_failed 0
thp_promote 17425
thp_fault_alloc 8579
thp_fault_fallback 18449
thp_collapse_alloc 9738
thp_collapse_alloc_failed 0
thp_split 17431
thp_zero_page_alloc 1
thp_zero_page_alloc_failed 0
thp_promote 17425
thp_fault_alloc 8593
thp_fault_fallback 18449
thp_collapse_alloc 9740
thp_collapse_alloc_failed 0
thp_split 17431
thp_zero_page_alloc 1
thp_zero_page_alloc_failed 0
thp_promote 17425
thp_fault_alloc 8614
thp_fault_fallback 18449
thp_collapse_alloc 9740
thp_collapse_alloc_failed 0
thp_split 17431
thp_zero_page_alloc 1
thp_zero_page_alloc_failed 0
thp_promote 17425
thp_fault_alloc 8634
thp_fault_fallback 18449
thp_collapse_alloc 9740
thp_collapse_alloc_failed 0
thp_split 17431
thp_zero_page_alloc 1
thp_zero_page_alloc_failed 0
thp_promote 17425
thp_fault_alloc 8654
thp_fault_fallback 18449
thp_collapse_alloc 9740
thp_collapse_alloc_failed 0
thp_split 17431
thp_zero_page_alloc 1
thp_zero_page_alloc_failed 0
thp_promote 17425
thp_fault_alloc 8675
thp_fault_fallback 18449
thp_collapse_alloc 9740
thp_collapse_alloc_failed 0
thp_split 17431
thp_zero_page_alloc 1
thp_zero_page_alloc_failed 0
thp_promote 17425
thp_fault_alloc 8695
thp_fault_fallback 18449
thp_collapse_alloc 9740
thp_collapse_alloc_failed 0
thp_split 17431
thp_zero_page_alloc 1
thp_zero_page_alloc_failed 0
thp_promote 17425
thp_fault_alloc 8715
thp_fault_fallback 18449
thp_collapse_alloc 9740
thp_collapse_alloc_failed 0
thp_split 17431
thp_zero_page_alloc 1
thp_zero_page_alloc_failed 0
thp_promote 17425
thp_fault_alloc 8735
thp_fault_fallback 18449
thp_collapse_alloc 9740
thp_collapse_alloc_failed 0
thp_split 17431
thp_zero_page_alloc 1
thp_zero_page_alloc_failed 0
thp_promote 17425
thp_fault_alloc 8756
thp_fault_fallback 18449
thp_collapse_alloc 9740
thp_collapse_alloc_failed 0
thp_split 17431
thp_zero_page_alloc 1
thp_zero_page_alloc_failed 0
thp_promote 17425
thp_fault_alloc 8777
thp_fault_fallback 18449
thp_collapse_alloc 9740
thp_collapse_alloc_failed 0
thp_split 17431
thp_zero_page_alloc 1
thp_zero_page_alloc_failed 0
thp_promote 17425
thp_fault_alloc 8796
thp_fault_fallback 18449
thp_collapse_alloc 9740
thp_collapse_alloc_failed 0
thp_split 17431
thp_zero_page_alloc 1
thp_zero_page_alloc_failed 0
thp_promote 17425
thp_fault_alloc 8815
thp_fault_fallback 18449
thp_collapse_alloc 9740
thp_collapse_alloc_failed 0
thp_split 17431
thp_zero_page_alloc 1
thp_zero_page_alloc_failed 0
thp_promote 17425
thp_fault_alloc 8836
thp_fault_fallback 18449
thp_collapse_alloc 9740
thp_collapse_alloc_failed 0
thp_split 17431
thp_zero_page_alloc 1
thp_zero_page_alloc_failed 0
thp_promote 17425
thp_fault_alloc 8856
thp_fault_fallback 18449
thp_collapse_alloc 9740
thp_collapse_alloc_failed 0
thp_split 17431
thp_zero_page_alloc 1
thp_zero_page_alloc_failed 0
thp_promote 17425
thp_fault_alloc 8876
thp_fault_fallback 18449
thp_collapse_alloc 9740
thp_collapse_alloc_failed 0
thp_split 17431
thp_zero_page_alloc 1
thp_zero_page_alloc_failed 0
thp_promote 17425
thp_fault_alloc 8895
thp_fault_fallback 18449
thp_collapse_alloc 9740
thp_collapse_alloc_failed 0
thp_split 17431
thp_zero_page_alloc 1
thp_zero_page_alloc_failed 0
thp_promote 17425
thp_fault_alloc 8914
thp_fault_fallback 18449
thp_collapse_alloc 9740
thp_collapse_alloc_failed 0
thp_split 17431
thp_zero_page_alloc 1
thp_zero_page_alloc_failed 0
thp_promote 17425
thp_fault_alloc 8961
thp_fault_fallback 18449
thp_collapse_alloc 9740
thp_collapse_alloc_failed 0
thp_split 17431
thp_zero_page_alloc 1
thp_zero_page_alloc_failed 0
thp_promote 17425
thp_fault_alloc 9010
thp_fault_fallback 18449
thp_collapse_alloc 9740
thp_collapse_alloc_failed 0
thp_split 17431
thp_zero_page_alloc 1
thp_zero_page_alloc_failed 0
thp_promote 17425
thp_fault_alloc 9087
thp_fault_fallback 18449
thp_collapse_alloc 9740
thp_collapse_alloc_failed 0
thp_split 17431
thp_zero_page_alloc 1
thp_zero_page_alloc_failed 0
thp_promote 17425
thp_fault_alloc 9106
thp_fault_fallback 18449
thp_collapse_alloc 9740
thp_collapse_alloc_failed 0
thp_split 17431
thp_zero_page_alloc 1
thp_zero_page_alloc_failed 0
thp_promote 17425
thp_fault_alloc 9125
thp_fault_fallback 18449
thp_collapse_alloc 9740
thp_collapse_alloc_failed 0
thp_split 17431
thp_zero_page_alloc 1
thp_zero_page_alloc_failed 0
thp_promote 17425
thp_fault_alloc 9206
thp_fault_fallback 18449
thp_collapse_alloc 9740
thp_collapse_alloc_failed 0
thp_split 17431
thp_zero_page_alloc 1
thp_zero_page_alloc_failed 0
thp_promote 17425
thp_fault_alloc 9276
thp_fault_fallback 18449
thp_collapse_alloc 9740
thp_collapse_alloc_failed 0
thp_split 17431
thp_zero_page_alloc 1
thp_zero_page_alloc_failed 0
thp_promote 17425
thp_fault_alloc 9297
thp_fault_fallback 18449
thp_collapse_alloc 9740
thp_collapse_alloc_failed 0
thp_split 17431
thp_zero_page_alloc 1
thp_zero_page_alloc_failed 0
thp_promote 17425
thp_fault_alloc 9316
thp_fault_fallback 18449
thp_collapse_alloc 9740
thp_collapse_alloc_failed 0
thp_split 17431
thp_zero_page_alloc 1
thp_zero_page_alloc_failed 0
thp_promote 17425
thp_fault_alloc 9335
thp_fault_fallback 18449
thp_collapse_alloc 9740
thp_collapse_alloc_failed 0
thp_split 17431
thp_zero_page_alloc 1
thp_zero_page_alloc_failed 0
thp_promote 17425
thp_fault_alloc 9355
thp_fault_fallback 18459
thp_collapse_alloc 9740
thp_collapse_alloc_failed 0
thp_split 17441
thp_zero_page_alloc 1
thp_zero_page_alloc_failed 0
thp_promote 17425
thp_fault_alloc 9373
thp_fault_fallback 18462
thp_collapse_alloc 9740
thp_collapse_alloc_failed 0
thp_split 17444
thp_zero_page_alloc 1
thp_zero_page_alloc_failed 0
thp_promote 17425
thp_fault_alloc 9622
thp_fault_fallback 18462
thp_collapse_alloc 9740
thp_collapse_alloc_failed 0
thp_split 17444
thp_zero_page_alloc 1
thp_zero_page_alloc_failed 0
thp_promote 17425
thp_fault_alloc 9643
thp_fault_fallback 18462
thp_collapse_alloc 9740
thp_collapse_alloc_failed 0
thp_split 17444
thp_zero_page_alloc 1
thp_zero_page_alloc_failed 0
thp_promote 17425
thp_fault_alloc 9664
thp_fault_fallback 18462
thp_collapse_alloc 9740
thp_collapse_alloc_failed 0
thp_split 17444
thp_zero_page_alloc 1
thp_zero_page_alloc_failed 0
thp_promote 17425
thp_fault_alloc 9682
thp_fault_fallback 18462
thp_collapse_alloc 9740
thp_collapse_alloc_failed 0
thp_split 17444
thp_zero_page_alloc 1
thp_zero_page_alloc_failed 0
thp_promote 17425
thp_fault_alloc 9703
thp_fault_fallback 18462
thp_collapse_alloc 9740
thp_collapse_alloc_failed 0
thp_split 17444
thp_zero_page_alloc 1
thp_zero_page_alloc_failed 0
thp_promote 17425
thp_fault_alloc 9725
thp_fault_fallback 18462
thp_collapse_alloc 9740
thp_collapse_alloc_failed 0
thp_split 17444
thp_zero_page_alloc 1
thp_zero_page_alloc_failed 0
thp_promote 17425
thp_fault_alloc 9746
thp_fault_fallback 18462
thp_collapse_alloc 9740
thp_collapse_alloc_failed 0
thp_split 17444
thp_zero_page_alloc 1
thp_zero_page_alloc_failed 0
thp_promote 17425
thp_fault_alloc 9769
thp_fault_fallback 18464
thp_collapse_alloc 9740
thp_collapse_alloc_failed 0
thp_split 17446
thp_zero_page_alloc 1
thp_zero_page_alloc_failed 0
thp_promote 17425
thp_fault_alloc 9789
thp_fault_fallback 18464
thp_collapse_alloc 9740
thp_collapse_alloc_failed 0
thp_split 17446
thp_zero_page_alloc 1
thp_zero_page_alloc_failed 0
thp_promote 17425
thp_fault_alloc 9809
thp_fault_fallback 18464
thp_collapse_alloc 9740
thp_collapse_alloc_failed 0
thp_split 17446
thp_zero_page_alloc 1
thp_zero_page_alloc_failed 0
thp_promote 17425
thp_fault_alloc 9830
thp_fault_fallback 18464
thp_collapse_alloc 9740
thp_collapse_alloc_failed 0
thp_split 17446
thp_zero_page_alloc 1
thp_zero_page_alloc_failed 0
thp_promote 17425
thp_fault_alloc 9848
thp_fault_fallback 18464
thp_collapse_alloc 9740
thp_collapse_alloc_failed 0
thp_split 17446
thp_zero_page_alloc 1
thp_zero_page_alloc_failed 0
thp_promote 17425
thp_fault_alloc 9867
thp_fault_fallback 18468
thp_collapse_alloc 9740
thp_collapse_alloc_failed 0
thp_split 17450
thp_zero_page_alloc 1
thp_zero_page_alloc_failed 0
thp_promote 17425
thp_fault_alloc 10345
thp_fault_fallback 18468
thp_collapse_alloc 9740
thp_collapse_alloc_failed 0
thp_split 17450
thp_zero_page_alloc 1
thp_zero_page_alloc_failed 0
thp_promote 17425
thp_fault_alloc 10364
thp_fault_fallback 18470
thp_collapse_alloc 9740
thp_collapse_alloc_failed 0
thp_split 17453
thp_zero_page_alloc 1
thp_zero_page_alloc_failed 0
thp_promote 17425
thp_fault_alloc 10364
thp_fault_fallback 18470
thp_collapse_alloc 9740
thp_collapse_alloc_failed 0
thp_split 17453
thp_zero_page_alloc 1
thp_zero_page_alloc_failed 0
thp_promote 17425
thp_fault_alloc 10383
thp_fault_fallback 18470
thp_collapse_alloc 9740
thp_collapse_alloc_failed 0
thp_split 17453
thp_zero_page_alloc 1
thp_zero_page_alloc_failed 0
thp_promote 17425
thp_fault_alloc 10383
thp_fault_fallback 18470
thp_collapse_alloc 9740
thp_collapse_alloc_failed 0
thp_split 17453
thp_zero_page_alloc 1
thp_zero_page_alloc_failed 0
thp_promote 17425
thp_fault_alloc 10401
thp_fault_fallback 18470
thp_collapse_alloc 9740
thp_collapse_alloc_failed 0
thp_split 17453
thp_zero_page_alloc 1
thp_zero_page_alloc_failed 0
thp_promote 17425
thp_fault_alloc 10421
thp_fault_fallback 18470
thp_collapse_alloc 9740
thp_collapse_alloc_failed 0
thp_split 17453
thp_zero_page_alloc 1
thp_zero_page_alloc_failed 0
thp_promote 17425
thp_fault_alloc 10439
thp_fault_fallback 18470
thp_collapse_alloc 9740
thp_collapse_alloc_failed 0
thp_split 17453
thp_zero_page_alloc 1
thp_zero_page_alloc_failed 0
thp_promote 17425
thp_fault_alloc 10456
thp_fault_fallback 18470
thp_collapse_alloc 9740
thp_collapse_alloc_failed 0
thp_split 17453
thp_zero_page_alloc 1
thp_zero_page_alloc_failed 0
thp_promote 17425
thp_fault_alloc 10474
thp_fault_fallback 18470
thp_collapse_alloc 9740
thp_collapse_alloc_failed 0
thp_split 17453
thp_zero_page_alloc 1
thp_zero_page_alloc_failed 0
thp_promote 17425
thp_fault_alloc 10496
thp_fault_fallback 18470
thp_collapse_alloc 9740
thp_collapse_alloc_failed 0
thp_split 17453
thp_zero_page_alloc 1
thp_zero_page_alloc_failed 0
thp_promote 17425
thp_fault_alloc 10515
thp_fault_fallback 18470
thp_collapse_alloc 9740
thp_collapse_alloc_failed 0
thp_split 17453
thp_zero_page_alloc 1
thp_zero_page_alloc_failed 0
thp_promote 17425
thp_fault_alloc 10536
thp_fault_fallback 18470
thp_collapse_alloc 9740
thp_collapse_alloc_failed 0
thp_split 17453
thp_zero_page_alloc 1
thp_zero_page_alloc_failed 0
thp_promote 17425
