97 (khugepaged) S 2 0 0 0 -1 2097216 0 0 0 0 0 0 0 0 39 19 1 0 26 0 0 18446744073709551615 0 0 0 0 0 0 0 2147483647 0 0 0 0 17 5 0 0 0 0 0 0 0 0 0 0 0 0 0
97 (khugepaged) S 2 0 0 0 -1 2097216 0 0 0 0 0 0 0 0 39 19 1 0 26 0 0 18446744073709551615 0 0 0 0 0 0 0 2147483647 0 0 0 0 17 5 0 0 0 0 0 0 0 0 0 0 0 0 0
97 (khugepaged) S 2 0 0 0 -1 2097216 0 0 0 0 0 0 0 0 39 19 1 0 26 0 0 18446744073709551615 0 0 0 0 0 0 0 2147483647 0 0 0 0 17 1 0 0 0 0 0 0 0 0 0 0 0 0 0
97 (khugepaged) S 2 0 0 0 -1 2097216 0 0 0 0 0 0 0 0 39 19 1 0 26 0 0 18446744073709551615 0 0 0 0 0 0 0 2147483647 0 0 0 0 17 1 0 0 0 0 0 0 0 0 0 0 0 0 0
97 (khugepaged) S 2 0 0 0 -1 2097216 0 0 0 0 0 0 0 0 39 19 1 0 26 0 0 18446744073709551615 0 0 0 0 0 0 0 2147483647 0 0 0 0 17 1 0 0 0 0 0 0 0 0 0 0 0 0 0
97 (khugepaged) S 2 0 0 0 -1 2097216 0 0 0 0 0 0 0 0 39 19 1 0 26 0 0 18446744073709551615 0 0 0 0 0 0 0 2147483647 0 0 0 0 17 1 0 0 0 0 0 0 0 0 0 0 0 0 0
97 (khugepaged) S 2 0 0 0 -1 2097216 0 0 0 0 0 0 0 0 39 19 1 0 26 0 0 18446744073709551615 0 0 0 0 0 0 0 2147483647 0 0 0 0 17 1 0 0 0 0 0 0 0 0 0 0 0 0 0
97 (khugepaged) S 2 0 0 0 -1 2097216 0 0 0 0 0 0 0 0 39 19 1 0 26 0 0 18446744073709551615 0 0 0 0 0 0 0 2147483647 0 0 0 0 17 1 0 0 0 0 0 0 0 0 0 0 0 0 0
97 (khugepaged) S 2 0 0 0 -1 2097216 0 0 0 0 0 0 0 0 39 19 1 0 26 0 0 18446744073709551615 0 0 0 0 0 0 0 2147483647 0 0 0 0 17 1 0 0 0 0 0 0 0 0 0 0 0 0 0
97 (khugepaged) S 2 0 0 0 -1 2097216 0 0 0 0 0 0 0 0 39 19 1 0 26 0 0 18446744073709551615 0 0 0 0 0 0 0 2147483647 0 0 0 0 17 1 0 0 0 0 0 0 0 0 0 0 0 0 0
97 (khugepaged) S 2 0 0 0 -1 2097216 0 0 0 0 0 0 0 0 39 19 1 0 26 0 0 18446744073709551615 0 0 0 0 0 0 0 2147483647 0 0 0 0 17 1 0 0 0 0 0 0 0 0 0 0 0 0 0
97 (khugepaged) S 2 0 0 0 -1 2097216 0 0 0 0 0 0 0 0 39 19 1 0 26 0 0 18446744073709551615 0 0 0 0 0 0 0 2147483647 0 0 0 0 17 1 0 0 0 0 0 0 0 0 0 0 0 0 0
97 (khugepaged) S 2 0 0 0 -1 2097216 0 0 0 0 0 8 0 0 39 19 1 0 26 0 0 18446744073709551615 0 0 0 0 0 0 0 2147483647 0 0 0 0 17 1 0 0 0 0 0 0 0 0 0 0 0 0 0
97 (khugepaged) S 2 0 0 0 -1 2097216 0 0 0 0 0 8 0 0 39 19 1 0 26 0 0 18446744073709551615 0 0 0 0 0 0 0 2147483647 0 0 0 0 17 1 0 0 0 0 0 0 0 0 0 0 0 0 0
97 (khugepaged) S 2 0 0 0 -1 2097216 0 0 0 0 0 8 0 0 39 19 1 0 26 0 0 18446744073709551615 0 0 0 0 0 0 0 2147483647 0 0 0 0 17 1 0 0 0 0 0 0 0 0 0 0 0 0 0
97 (khugepaged) S 2 0 0 0 -1 2097216 0 0 0 0 0 8 0 0 39 19 1 0 26 0 0 18446744073709551615 0 0 0 0 0 0 0 2147483647 0 0 0 0 17 1 0 0 0 0 0 0 0 0 0 0 0 0 0
97 (khugepaged) S 2 0 0 0 -1 2097216 0 0 0 0 0 8 0 0 39 19 1 0 26 0 0 18446744073709551615 0 0 0 0 0 0 0 2147483647 0 0 0 0 17 1 0 0 0 0 0 0 0 0 0 0 0 0 0
97 (khugepaged) S 2 0 0 0 -1 2097216 0 0 0 0 0 8 0 0 39 19 1 0 26 0 0 18446744073709551615 0 0 0 0 0 0 0 2147483647 0 0 0 0 17 1 0 0 0 0 0 0 0 0 0 0 0 0 0
97 (khugepaged) S 2 0 0 0 -1 2097216 0 0 0 0 0 8 0 0 39 19 1 0 26 0 0 18446744073709551615 0 0 0 0 0 0 0 2147483647 0 0 0 0 17 1 0 0 0 0 0 0 0 0 0 0 0 0 0
97 (khugepaged) S 2 0 0 0 -1 2097216 0 0 0 0 0 8 0 0 39 19 1 0 26 0 0 18446744073709551615 0 0 0 0 0 0 0 2147483647 0 0 0 0 17 1 0 0 0 0 0 0 0 0 0 0 0 0 0
97 (khugepaged) S 2 0 0 0 -1 2097216 0 0 0 0 0 8 0 0 39 19 1 0 26 0 0 18446744073709551615 0 0 0 0 0 0 0 2147483647 0 0 0 0 17 1 0 0 0 0 0 0 0 0 0 0 0 0 0
97 (khugepaged) S 2 0 0 0 -1 2097216 0 0 0 0 0 8 0 0 39 19 1 0 26 0 0 18446744073709551615 0 0 0 0 0 0 0 2147483647 0 0 0 0 17 1 0 0 0 0 0 0 0 0 0 0 0 0 0
97 (khugepaged) S 2 0 0 0 -1 2097216 0 0 0 0 0 9 0 0 39 19 1 0 26 0 0 18446744073709551615 0 0 0 0 0 0 0 2147483647 0 0 0 0 17 4 0 0 0 0 0 0 0 0 0 0 0 0 0
97 (khugepaged) S 2 0 0 0 -1 2097216 0 0 0 0 0 9 0 0 39 19 1 0 26 0 0 18446744073709551615 0 0 0 0 0 0 0 2147483647 0 0 0 0 17 4 0 0 0 0 0 0 0 0 0 0 0 0 0
97 (khugepaged) S 2 0 0 0 -1 2097216 0 0 0 0 0 9 0 0 39 19 1 0 26 0 0 18446744073709551615 0 0 0 0 0 0 0 2147483647 0 0 0 0 17 4 0 0 0 0 0 0 0 0 0 0 0 0 0
97 (khugepaged) S 2 0 0 0 -1 2097216 0 0 0 0 0 9 0 0 39 19 1 0 26 0 0 18446744073709551615 0 0 0 0 0 0 0 2147483647 0 0 0 0 17 4 0 0 0 0 0 0 0 0 0 0 0 0 0
97 (khugepaged) S 2 0 0 0 -1 2097216 0 0 0 0 0 9 0 0 39 19 1 0 26 0 0 18446744073709551615 0 0 0 0 0 0 0 2147483647 0 0 0 0 17 4 0 0 0 0 0 0 0 0 0 0 0 0 0
97 (khugepaged) S 2 0 0 0 -1 2097216 0 0 0 0 0 9 0 0 39 19 1 0 26 0 0 18446744073709551615 0 0 0 0 0 0 0 2147483647 0 0 0 0 17 4 0 0 0 0 0 0 0 0 0 0 0 0 0
97 (khugepaged) S 2 0 0 0 -1 2097216 0 0 0 0 0 9 0 0 39 19 1 0 26 0 0 18446744073709551615 0 0 0 0 0 0 0 2147483647 0 0 0 0 17 4 0 0 0 0 0 0 0 0 0 0 0 0 0
97 (khugepaged) S 2 0 0 0 -1 2097216 0 0 0 0 0 9 0 0 39 19 1 0 26 0 0 18446744073709551615 0 0 0 0 0 0 0 2147483647 0 0 0 0 17 4 0 0 0 0 0 0 0 0 0 0 0 0 0
97 (khugepaged) S 2 0 0 0 -1 2097216 0 0 0 0 0 9 0 0 39 19 1 0 26 0 0 18446744073709551615 0 0 0 0 0 0 0 2147483647 0 0 0 0 17 4 0 0 0 0 0 0 0 0 0 0 0 0 0
97 (khugepaged) S 2 0 0 0 -1 2097216 0 0 0 0 0 9 0 0 39 19 1 0 26 0 0 18446744073709551615 0 0 0 0 0 0 0 2147483647 0 0 0 0 17 4 0 0 0 0 0 0 0 0 0 0 0 0 0
97 (khugepaged) S 2 0 0 0 -1 2097216 0 0 0 0 0 19 0 0 39 19 1 0 26 0 0 18446744073709551615 0 0 0 0 0 0 0 2147483647 0 0 0 0 17 1 0 0 0 0 0 0 0 0 0 0 0 0 0
97 (khugepaged) S 2 0 0 0 -1 2097216 0 0 0 0 0 19 0 0 39 19 1 0 26 0 0 18446744073709551615 0 0 0 0 0 0 0 2147483647 0 0 0 0 17 1 0 0 0 0 0 0 0 0 0 0 0 0 0
97 (khugepaged) S 2 0 0 0 -1 2097216 0 0 0 0 0 19 0 0 39 19 1 0 26 0 0 18446744073709551615 0 0 0 0 0 0 0 2147483647 0 0 0 0 17 1 0 0 0 0 0 0 0 0 0 0 0 0 0
97 (khugepaged) S 2 0 0 0 -1 2097216 0 0 0 0 0 19 0 0 39 19 1 0 26 0 0 18446744073709551615 0 0 0 0 0 0 0 2147483647 0 0 0 0 17 1 0 0 0 0 0 0 0 0 0 0 0 0 0
97 (khugepaged) S 2 0 0 0 -1 2097216 0 0 0 0 0 19 0 0 39 19 1 0 26 0 0 18446744073709551615 0 0 0 0 0 0 0 2147483647 0 0 0 0 17 1 0 0 0 0 0 0 0 0 0 0 0 0 0
97 (khugepaged) S 2 0 0 0 -1 2097216 0 0 0 0 0 19 0 0 39 19 1 0 26 0 0 18446744073709551615 0 0 0 0 0 0 0 2147483647 0 0 0 0 17 1 0 0 0 0 0 0 0 0 0 0 0 0 0
97 (khugepaged) S 2 0 0 0 -1 2097216 0 0 0 0 0 19 0 0 39 19 1 0 26 0 0 18446744073709551615 0 0 0 0 0 0 0 2147483647 0 0 0 0 17 1 0 0 0 0 0 0 0 0 0 0 0 0 0
97 (khugepaged) S 2 0 0 0 -1 2097216 0 0 0 0 0 19 0 0 39 19 1 0 26 0 0 18446744073709551615 0 0 0 0 0 0 0 2147483647 0 0 0 0 17 1 0 0 0 0 0 0 0 0 0 0 0 0 0
97 (khugepaged) S 2 0 0 0 -1 2097216 0 0 0 0 0 19 0 0 39 19 1 0 26 0 0 18446744073709551615 0 0 0 0 0 0 0 2147483647 0 0 0 0 17 1 0 0 0 0 0 0 0 0 0 0 0 0 0
97 (khugepaged) S 2 0 0 0 -1 2097216 0 0 0 0 0 19 0 0 39 19 1 0 26 0 0 18446744073709551615 0 0 0 0 0 0 0 2147483647 0 0 0 0 17 1 0 0 0 0 0 0 0 0 0 0 0 0 0
97 (khugepaged) S 2 0 0 0 -1 2097216 0 0 0 0 0 19 0 0 39 19 1 0 26 0 0 18446744073709551615 0 0 0 0 0 0 0 2147483647 0 0 0 0 17 1 0 0 0 0 0 0 0 0 0 0 0 0 0
97 (khugepaged) S 2 0 0 0 -1 2097216 0 0 0 0 0 19 0 0 39 19 1 0 26 0 0 18446744073709551615 0 0 0 0 0 0 0 2147483647 0 0 0 0 17 1 0 0 0 0 0 0 0 0 0 0 0 0 0
97 (khugepaged) S 2 0 0 0 -1 2097216 0 0 0 0 0 19 0 0 39 19 1 0 26 0 0 18446744073709551615 0 0 0 0 0 0 0 2147483647 0 0 0 0 17 1 0 0 0 0 0 0 0 0 0 0 0 0 0
97 (khugepaged) S 2 0 0 0 -1 2097216 0 0 0 0 0 19 0 0 39 19 1 0 26 0 0 18446744073709551615 0 0 0 0 0 0 0 2147483647 0 0 0 0 17 1 0 0 0 0 0 0 0 0 0 0 0 0 0
97 (khugepaged) S 2 0 0 0 -1 2097216 0 0 0 0 0 19 0 0 39 19 1 0 26 0 0 18446744073709551615 0 0 0 0 0 0 0 2147483647 0 0 0 0 17 1 0 0 0 0 0 0 0 0 0 0 0 0 0
97 (khugepaged) S 2 0 0 0 -1 2097216 0 0 0 0 0 19 0 0 39 19 1 0 26 0 0 18446744073709551615 0 0 0 0 0 0 0 2147483647 0 0 0 0 17 1 0 0 0 0 0 0 0 0 0 0 0 0 0
97 (khugepaged) S 2 0 0 0 -1 2097216 0 0 0 0 0 19 0 0 39 19 1 0 26 0 0 18446744073709551615 0 0 0 0 0 0 0 2147483647 0 0 0 0 17 1 0 0 0 0 0 0 0 0 0 0 0 0 0
97 (khugepaged) S 2 0 0 0 -1 2097216 0 0 0 0 0 19 0 0 39 19 1 0 26 0 0 18446744073709551615 0 0 0 0 0 0 0 2147483647 0 0 0 0 17 1 0 0 0 0 0 0 0 0 0 0 0 0 0
97 (khugepaged) S 2 0 0 0 -1 2097216 0 0 0 0 0 19 0 0 39 19 1 0 26 0 0 18446744073709551615 0 0 0 0 0 0 0 2147483647 0 0 0 0 17 1 0 0 0 0 0 0 0 0 0 0 0 0 0
97 (khugepaged) S 2 0 0 0 -1 2097216 0 0 0 0 0 19 0 0 39 19 1 0 26 0 0 18446744073709551615 0 0 0 0 0 0 0 2147483647 0 0 0 0 17 1 0 0 0 0 0 0 0 0 0 0 0 0 0
97 (khugepaged) S 2 0 0 0 -1 2097216 0 0 0 0 0 38 0 0 39 19 1 0 26 0 0 18446744073709551615 0 0 0 0 0 0 0 2147483647 0 0 0 0 17 3 0 0 0 0 0 0 0 0 0 0 0 0 0
97 (khugepaged) S 2 0 0 0 -1 2097216 0 0 0 0 0 38 0 0 39 19 1 0 26 0 0 18446744073709551615 0 0 0 0 0 0 0 2147483647 0 0 0 0 17 3 0 0 0 0 0 0 0 0 0 0 0 0 0
97 (khugepaged) S 2 0 0 0 -1 2097216 0 0 0 0 0 38 0 0 39 19 1 0 26 0 0 18446744073709551615 0 0 0 0 0 0 0 2147483647 0 0 0 0 17 3 0 0 0 0 0 0 0 0 0 0 0 0 0
97 (khugepaged) S 2 0 0 0 -1 2097216 0 0 0 0 0 38 0 0 39 19 1 0 26 0 0 18446744073709551615 0 0 0 0 0 0 0 2147483647 0 0 0 0 17 3 0 0 0 0 0 0 0 0 0 0 0 0 0
97 (khugepaged) S 2 0 0 0 -1 2097216 0 0 0 0 0 38 0 0 39 19 1 0 26 0 0 18446744073709551615 0 0 0 0 0 0 0 2147483647 0 0 0 0 17 3 0 0 0 0 0 0 0 0 0 0 0 0 0
97 (khugepaged) S 2 0 0 0 -1 2097216 0 0 0 0 0 38 0 0 39 19 1 0 26 0 0 18446744073709551615 0 0 0 0 0 0 0 2147483647 0 0 0 0 17 3 0 0 0 0 0 0 0 0 0 0 0 0 0
97 (khugepaged) S 2 0 0 0 -1 2097216 0 0 0 0 0 38 0 0 39 19 1 0 26 0 0 18446744073709551615 0 0 0 0 0 0 0 2147483647 0 0 0 0 17 3 0 0 0 0 0 0 0 0 0 0 0 0 0
97 (khugepaged) S 2 0 0 0 -1 2097216 0 0 0 0 0 38 0 0 39 19 1 0 26 0 0 18446744073709551615 0 0 0 0 0 0 0 2147483647 0 0 0 0 17 3 0 0 0 0 0 0 0 0 0 0 0 0 0
97 (khugepaged) S 2 0 0 0 -1 2097216 0 0 0 0 0 38 0 0 39 19 1 0 26 0 0 18446744073709551615 0 0 0 0 0 0 0 2147483647 0 0 0 0 17 3 0 0 0 0 0 0 0 0 0 0 0 0 0
97 (khugepaged) S 2 0 0 0 -1 2097216 0 0 0 0 0 38 0 0 39 19 1 0 26 0 0 18446744073709551615 0 0 0 0 0 0 0 2147483647 0 0 0 0 17 3 0 0 0 0 0 0 0 0 0 0 0 0 0
97 (khugepaged) S 2 0 0 0 -1 2097216 0 0 0 0 0 111 0 0 39 19 1 0 26 0 0 18446744073709551615 0 0 0 0 0 0 0 2147483647 0 0 0 0 17 0 0 0 0 0 0 0 0 0 0 0 0 0 0
97 (khugepaged) S 2 0 0 0 -1 2097216 0 0 0 0 0 111 0 0 39 19 1 0 26 0 0 18446744073709551615 0 0 0 0 0 0 0 2147483647 0 0 0 0 17 0 0 0 0 0 0 0 0 0 0 0 0 0 0
97 (khugepaged) S 2 0 0 0 -1 2097216 0 0 0 0 0 111 0 0 39 19 1 0 26 0 0 18446744073709551615 0 0 0 0 0 0 0 2147483647 0 0 0 0 17 0 0 0 0 0 0 0 0 0 0 0 0 0 0
97 (khugepaged) S 2 0 0 0 -1 2097216 0 0 0 0 0 111 0 0 39 19 1 0 26 0 0 18446744073709551615 0 0 0 0 0 0 0 2147483647 0 0 0 0 17 0 0 0 0 0 0 0 0 0 0 0 0 0 0
97 (khugepaged) S 2 0 0 0 -1 2097216 0 0 0 0 0 111 0 0 39 19 1 0 26 0 0 18446744073709551615 0 0 0 0 0 0 0 2147483647 0 0 0 0 17 0 0 0 0 0 0 0 0 0 0 0 0 0 0
97 (khugepaged) S 2 0 0 0 -1 2097216 0 0 0 0 0 111 0 0 39 19 1 0 26 0 0 18446744073709551615 0 0 0 0 0 0 0 2147483647 0 0 0 0 17 0 0 0 0 0 0 0 0 0 0 0 0 0 0
97 (khugepaged) S 2 0 0 0 -1 2097216 0 0 0 0 0 111 0 0 39 19 1 0 26 0 0 18446744073709551615 0 0 0 0 0 0 0 2147483647 0 0 0 0 17 0 0 0 0 0 0 0 0 0 0 0 0 0 0
97 (khugepaged) S 2 0 0 0 -1 2097216 0 0 0 0 0 111 0 0 39 19 1 0 26 0 0 18446744073709551615 0 0 0 0 0 0 0 2147483647 0 0 0 0 17 0 0 0 0 0 0 0 0 0 0 0 0 0 0
97 (khugepaged) S 2 0 0 0 -1 2097216 0 0 0 0 0 111 0 0 39 19 1 0 26 0 0 18446744073709551615 0 0 0 0 0 0 0 2147483647 0 0 0 0 17 0 0 0 0 0 0 0 0 0 0 0 0 0 0
97 (khugepaged) S 2 0 0 0 -1 2097216 0 0 0 0 0 111 0 0 39 19 1 0 26 0 0 18446744073709551615 0 0 0 0 0 0 0 2147483647 0 0 0 0 17 0 0 0 0 0 0 0 0 0 0 0 0 0 0
97 (khugepaged) S 2 0 0 0 -1 2097216 0 0 0 0 0 122 0 0 39 19 1 0 26 0 0 18446744073709551615 0 0 0 0 0 0 0 2147483647 0 0 0 0 17 6 0 0 0 0 0 0 0 0 0 0 0 0 0
97 (khugepaged) S 2 0 0 0 -1 2097216 0 0 0 0 0 122 0 0 39 19 1 0 26 0 0 18446744073709551615 0 0 0 0 0 0 0 2147483647 0 0 0 0 17 6 0 0 0 0 0 0 0 0 0 0 0 0 0
97 (khugepaged) S 2 0 0 0 -1 2097216 0 0 0 0 0 122 0 0 39 19 1 0 26 0 0 18446744073709551615 0 0 0 0 0 0 0 2147483647 0 0 0 0 17 6 0 0 0 0 0 0 0 0 0 0 0 0 0
97 (khugepaged) S 2 0 0 0 -1 2097216 0 0 0 0 0 122 0 0 39 19 1 0 26 0 0 18446744073709551615 0 0 0 0 0 0 0 2147483647 0 0 0 0 17 6 0 0 0 0 0 0 0 0 0 0 0 0 0
97 (khugepaged) S 2 0 0 0 -1 2097216 0 0 0 0 0 122 0 0 39 19 1 0 26 0 0 18446744073709551615 0 0 0 0 0 0 0 2147483647 0 0 0 0 17 6 0 0 0 0 0 0 0 0 0 0 0 0 0
97 (khugepaged) S 2 0 0 0 -1 2097216 0 0 0 0 0 122 0 0 39 19 1 0 26 0 0 18446744073709551615 0 0 0 0 0 0 0 2147483647 0 0 0 0 17 6 0 0 0 0 0 0 0 0 0 0 0 0 0
97 (khugepaged) S 2 0 0 0 -1 2097216 0 0 0 0 0 122 0 0 39 19 1 0 26 0 0 18446744073709551615 0 0 0 0 0 0 0 2147483647 0 0 0 0 17 6 0 0 0 0 0 0 0 0 0 0 0 0 0
97 (khugepaged) S 2 0 0 0 -1 2097216 0 0 0 0 0 122 0 0 39 19 1 0 26 0 0 18446744073709551615 0 0 0 0 0 0 0 2147483647 0 0 0 0 17 6 0 0 0 0 0 0 0 0 0 0 0 0 0
97 (khugepaged) S 2 0 0 0 -1 2097216 0 0 0 0 0 122 0 0 39 19 1 0 26 0 0 18446744073709551615 0 0 0 0 0 0 0 2147483647 0 0 0 0 17 6 0 0 0 0 0 0 0 0 0 0 0 0 0
97 (khugepaged) S 2 0 0 0 -1 2097216 0 0 0 0 0 122 0 0 39 19 1 0 26 0 0 18446744073709551615 0 0 0 0 0 0 0 2147483647 0 0 0 0 17 6 0 0 0 0 0 0 0 0 0 0 0 0 0
97 (khugepaged) S 2 0 0 0 -1 2097216 0 0 0 0 0 123 0 0 39 19 1 0 26 0 0 18446744073709551615 0 0 0 0 0 0 0 2147483647 0 0 0 0 17 3 0 0 0 0 0 0 0 0 0 0 0 0 0
97 (khugepaged) S 2 0 0 0 -1 2097216 0 0 0 0 0 123 0 0 39 19 1 0 26 0 0 18446744073709551615 0 0 0 0 0 0 0 2147483647 0 0 0 0 17 3 0 0 0 0 0 0 0 0 0 0 0 0 0
97 (khugepaged) S 2 0 0 0 -1 2097216 0 0 0 0 0 123 0 0 39 19 1 0 26 0 0 18446744073709551615 0 0 0 0 0 0 0 2147483647 0 0 0 0 17 3 0 0 0 0 0 0 0 0 0 0 0 0 0
97 (khugepaged) S 2 0 0 0 -1 2097216 0 0 0 0 0 123 0 0 39 19 1 0 26 0 0 18446744073709551615 0 0 0 0 0 0 0 2147483647 0 0 0 0 17 3 0 0 0 0 0 0 0 0 0 0 0 0 0
97 (khugepaged) S 2 0 0 0 -1 2097216 0 0 0 0 0 123 0 0 39 19 1 0 26 0 0 18446744073709551615 0 0 0 0 0 0 0 2147483647 0 0 0 0 17 3 0 0 0 0 0 0 0 0 0 0 0 0 0
97 (khugepaged) S 2 0 0 0 -1 2097216 0 0 0 0 0 123 0 0 39 19 1 0 26 0 0 18446744073709551615 0 0 0 0 0 0 0 2147483647 0 0 0 0 17 3 0 0 0 0 0 0 0 0 0 0 0 0 0
97 (khugepaged) S 2 0 0 0 -1 2097216 0 0 0 0 0 123 0 0 39 19 1 0 26 0 0 18446744073709551615 0 0 0 0 0 0 0 2147483647 0 0 0 0 17 3 0 0 0 0 0 0 0 0 0 0 0 0 0
97 (khugepaged) S 2 0 0 0 -1 2097216 0 0 0 0 0 123 0 0 39 19 1 0 26 0 0 18446744073709551615 0 0 0 0 0 0 0 2147483647 0 0 0 0 17 3 0 0 0 0 0 0 0 0 0 0 0 0 0
97 (khugepaged) S 2 0 0 0 -1 2097216 0 0 0 0 0 123 0 0 39 19 1 0 26 0 0 18446744073709551615 0 0 0 0 0 0 0 2147483647 0 0 0 0 17 3 0 0 0 0 0 0 0 0 0 0 0 0 0
97 (khugepaged) S 2 0 0 0 -1 2097216 0 0 0 0 0 125 0 0 39 19 1 0 26 0 0 18446744073709551615 0 0 0 0 0 0 0 2147483647 0 0 0 0 17 3 0 0 0 0 0 0 0 0 0 0 0 0 0
97 (khugepaged) S 2 0 0 0 -1 2097216 0 0 0 0 0 125 0 0 39 19 1 0 26 0 0 18446744073709551615 0 0 0 0 0 0 0 2147483647 0 0 0 0 17 3 0 0 0 0 0 0 0 0 0 0 0 0 0
97 (khugepaged) S 2 0 0 0 -1 2097216 0 0 0 0 0 125 0 0 39 19 1 0 26 0 0 18446744073709551615 0 0 0 0 0 0 0 2147483647 0 0 0 0 17 3 0 0 0 0 0 0 0 0 0 0 0 0 0
97 (khugepaged) S 2 0 0 0 -1 2097216 0 0 0 0 0 125 0 0 39 19 1 0 26 0 0 18446744073709551615 0 0 0 0 0 0 0 2147483647 0 0 0 0 17 3 0 0 0 0 0 0 0 0 0 0 0 0 0
97 (khugepaged) S 2 0 0 0 -1 2097216 0 0 0 0 0 125 0 0 39 19 1 0 26 0 0 18446744073709551615 0 0 0 0 0 0 0 2147483647 0 0 0 0 17 3 0 0 0 0 0 0 0 0 0 0 0 0 0
97 (khugepaged) S 2 0 0 0 -1 2097216 0 0 0 0 0 125 0 0 39 19 1 0 26 0 0 18446744073709551615 0 0 0 0 0 0 0 2147483647 0 0 0 0 17 3 0 0 0 0 0 0 0 0 0 0 0 0 0
97 (khugepaged) S 2 0 0 0 -1 2097216 0 0 0 0 0 125 0 0 39 19 1 0 26 0 0 18446744073709551615 0 0 0 0 0 0 0 2147483647 0 0 0 0 17 3 0 0 0 0 0 0 0 0 0 0 0 0 0
97 (khugepaged) S 2 0 0 0 -1 2097216 0 0 0 0 0 125 0 0 39 19 1 0 26 0 0 18446744073709551615 0 0 0 0 0 0 0 2147483647 0 0 0 0 17 3 0 0 0 0 0 0 0 0 0 0 0 0 0
97 (khugepaged) S 2 0 0 0 -1 2097216 0 0 0 0 0 125 0 0 39 19 1 0 26 0 0 18446744073709551615 0 0 0 0 0 0 0 2147483647 0 0 0 0 17 3 0 0 0 0 0 0 0 0 0 0 0 0 0
97 (khugepaged) S 2 0 0 0 -1 2097216 0 0 0 0 0 125 0 0 39 19 1 0 26 0 0 18446744073709551615 0 0 0 0 0 0 0 2147483647 0 0 0 0 17 3 0 0 0 0 0 0 0 0 0 0 0 0 0
97 (khugepaged) S 2 0 0 0 -1 2097216 0 0 0 0 0 125 0 0 39 19 1 0 26 0 0 18446744073709551615 0 0 0 0 0 0 0 2147483647 0 0 0 0 17 0 0 0 0 0 0 0 0 0 0 0 0 0 0
97 (khugepaged) S 2 0 0 0 -1 2097216 0 0 0 0 0 125 0 0 39 19 1 0 26 0 0 18446744073709551615 0 0 0 0 0 0 0 2147483647 0 0 0 0 17 0 0 0 0 0 0 0 0 0 0 0 0 0 0
97 (khugepaged) S 2 0 0 0 -1 2097216 0 0 0 0 0 125 0 0 39 19 1 0 26 0 0 18446744073709551615 0 0 0 0 0 0 0 2147483647 0 0 0 0 17 0 0 0 0 0 0 0 0 0 0 0 0 0 0
97 (khugepaged) S 2 0 0 0 -1 2097216 0 0 0 0 0 125 0 0 39 19 1 0 26 0 0 18446744073709551615 0 0 0 0 0 0 0 2147483647 0 0 0 0 17 0 0 0 0 0 0 0 0 0 0 0 0 0 0
97 (khugepaged) S 2 0 0 0 -1 2097216 0 0 0 0 0 125 0 0 39 19 1 0 26 0 0 18446744073709551615 0 0 0 0 0 0 0 2147483647 0 0 0 0 17 0 0 0 0 0 0 0 0 0 0 0 0 0 0
97 (khugepaged) S 2 0 0 0 -1 2097216 0 0 0 0 0 125 0 0 39 19 1 0 26 0 0 18446744073709551615 0 0 0 0 0 0 0 2147483647 0 0 0 0 17 0 0 0 0 0 0 0 0 0 0 0 0 0 0
97 (khugepaged) S 2 0 0 0 -1 2097216 0 0 0 0 0 125 0 0 39 19 1 0 26 0 0 18446744073709551615 0 0 0 0 0 0 0 2147483647 0 0 0 0 17 0 0 0 0 0 0 0 0 0 0 0 0 0 0
97 (khugepaged) S 2 0 0 0 -1 2097216 0 0 0 0 0 125 0 0 39 19 1 0 26 0 0 18446744073709551615 0 0 0 0 0 0 0 2147483647 0 0 0 0 17 0 0 0 0 0 0 0 0 0 0 0 0 0 0
97 (khugepaged) S 2 0 0 0 -1 2097216 0 0 0 0 0 125 0 0 39 19 1 0 26 0 0 18446744073709551615 0 0 0 0 0 0 0 2147483647 0 0 0 0 17 0 0 0 0 0 0 0 0 0 0 0 0 0 0
97 (khugepaged) S 2 0 0 0 -1 2097216 0 0 0 0 0 125 0 0 39 19 1 0 26 0 0 18446744073709551615 0 0 0 0 0 0 0 2147483647 0 0 0 0 17 0 0 0 0 0 0 0 0 0 0 0 0 0 0
97 (khugepaged) S 2 0 0 0 -1 2097216 0 0 0 0 0 141 0 0 39 19 1 0 26 0 0 18446744073709551615 0 0 0 0 0 0 0 2147483647 0 0 0 0 17 2 0 0 0 0 0 0 0 0 0 0 0 0 0
97 (khugepaged) S 2 0 0 0 -1 2097216 0 0 0 0 0 141 0 0 39 19 1 0 26 0 0 18446744073709551615 0 0 0 0 0 0 0 2147483647 0 0 0 0 17 2 0 0 0 0 0 0 0 0 0 0 0 0 0
97 (khugepaged) S 2 0 0 0 -1 2097216 0 0 0 0 0 141 0 0 39 19 1 0 26 0 0 18446744073709551615 0 0 0 0 0 0 0 2147483647 0 0 0 0 17 2 0 0 0 0 0 0 0 0 0 0 0 0 0
97 (khugepaged) S 2 0 0 0 -1 2097216 0 0 0 0 0 141 0 0 39 19 1 0 26 0 0 18446744073709551615 0 0 0 0 0 0 0 2147483647 0 0 0 0 17 2 0 0 0 0 0 0 0 0 0 0 0 0 0
97 (khugepaged) S 2 0 0 0 -1 2097216 0 0 0 0 0 141 0 0 39 19 1 0 26 0 0 18446744073709551615 0 0 0 0 0 0 0 2147483647 0 0 0 0 17 2 0 0 0 0 0 0 0 0 0 0 0 0 0
97 (khugepaged) S 2 0 0 0 -1 2097216 0 0 0 0 0 141 0 0 39 19 1 0 26 0 0 18446744073709551615 0 0 0 0 0 0 0 2147483647 0 0 0 0 17 2 0 0 0 0 0 0 0 0 0 0 0 0 0
97 (khugepaged) S 2 0 0 0 -1 2097216 0 0 0 0 0 141 0 0 39 19 1 0 26 0 0 18446744073709551615 0 0 0 0 0 0 0 2147483647 0 0 0 0 17 2 0 0 0 0 0 0 0 0 0 0 0 0 0
97 (khugepaged) S 2 0 0 0 -1 2097216 0 0 0 0 0 141 0 0 39 19 1 0 26 0 0 18446744073709551615 0 0 0 0 0 0 0 2147483647 0 0 0 0 17 2 0 0 0 0 0 0 0 0 0 0 0 0 0
97 (khugepaged) S 2 0 0 0 -1 2097216 0 0 0 0 0 141 0 0 39 19 1 0 26 0 0 18446744073709551615 0 0 0 0 0 0 0 2147483647 0 0 0 0 17 2 0 0 0 0 0 0 0 0 0 0 0 0 0
97 (khugepaged) S 2 0 0 0 -1 2097216 0 0 0 0 0 141 0 0 39 19 1 0 26 0 0 18446744073709551615 0 0 0 0 0 0 0 2147483647 0 0 0 0 17 2 0 0 0 0 0 0 0 0 0 0 0 0 0
97 (khugepaged) S 2 0 0 0 -1 2097216 0 0 0 0 0 143 0 0 39 19 1 0 26 0 0 18446744073709551615 0 0 0 0 0 0 0 2147483647 0 0 0 0 17 3 0 0 0 0 0 0 0 0 0 0 0 0 0
97 (khugepaged) S 2 0 0 0 -1 2097216 0 0 0 0 0 143 0 0 39 19 1 0 26 0 0 18446744073709551615 0 0 0 0 0 0 0 2147483647 0 0 0 0 17 3 0 0 0 0 0 0 0 0 0 0 0 0 0
97 (khugepaged) S 2 0 0 0 -1 2097216 0 0 0 0 0 143 0 0 39 19 1 0 26 0 0 18446744073709551615 0 0 0 0 0 0 0 2147483647 0 0 0 0 17 3 0 0 0 0 0 0 0 0 0 0 0 0 0
97 (khugepaged) S 2 0 0 0 -1 2097216 0 0 0 0 0 143 0 0 39 19 1 0 26 0 0 18446744073709551615 0 0 0 0 0 0 0 2147483647 0 0 0 0 17 3 0 0 0 0 0 0 0 0 0 0 0 0 0
97 (khugepaged) S 2 0 0 0 -1 2097216 0 0 0 0 0 143 0 0 39 19 1 0 26 0 0 18446744073709551615 0 0 0 0 0 0 0 2147483647 0 0 0 0 17 3 0 0 0 0 0 0 0 0 0 0 0 0 0
97 (khugepaged) S 2 0 0 0 -1 2097216 0 0 0 0 0 143 0 0 39 19 1 0 26 0 0 18446744073709551615 0 0 0 0 0 0 0 2147483647 0 0 0 0 17 3 0 0 0 0 0 0 0 0 0 0 0 0 0
97 (khugepaged) S 2 0 0 0 -1 2097216 0 0 0 0 0 143 0 0 39 19 1 0 26 0 0 18446744073709551615 0 0 0 0 0 0 0 2147483647 0 0 0 0 17 3 0 0 0 0 0 0 0 0 0 0 0 0 0
97 (khugepaged) S 2 0 0 0 -1 2097216 0 0 0 0 0 143 0 0 39 19 1 0 26 0 0 18446744073709551615 0 0 0 0 0 0 0 2147483647 0 0 0 0 17 3 0 0 0 0 0 0 0 0 0 0 0 0 0
97 (khugepaged) S 2 0 0 0 -1 2097216 0 0 0 0 0 143 0 0 39 19 1 0 26 0 0 18446744073709551615 0 0 0 0 0 0 0 2147483647 0 0 0 0 17 3 0 0 0 0 0 0 0 0 0 0 0 0 0
97 (khugepaged) S 2 0 0 0 -1 2097216 0 0 0 0 0 143 0 0 39 19 1 0 26 0 0 18446744073709551615 0 0 0 0 0 0 0 2147483647 0 0 0 0 17 3 0 0 0 0 0 0 0 0 0 0 0 0 0
97 (khugepaged) S 2 0 0 0 -1 2097216 0 0 0 0 0 143 0 0 39 19 1 0 26 0 0 18446744073709551615 0 0 0 0 0 0 0 2147483647 0 0 0 0 17 5 0 0 0 0 0 0 0 0 0 0 0 0 0
97 (khugepaged) S 2 0 0 0 -1 2097216 0 0 0 0 0 143 0 0 39 19 1 0 26 0 0 18446744073709551615 0 0 0 0 0 0 0 2147483647 0 0 0 0 17 5 0 0 0 0 0 0 0 0 0 0 0 0 0
97 (khugepaged) S 2 0 0 0 -1 2097216 0 0 0 0 0 143 0 0 39 19 1 0 26 0 0 18446744073709551615 0 0 0 0 0 0 0 2147483647 0 0 0 0 17 5 0 0 0 0 0 0 0 0 0 0 0 0 0
97 (khugepaged) S 2 0 0 0 -1 2097216 0 0 0 0 0 143 0 0 39 19 1 0 26 0 0 18446744073709551615 0 0 0 0 0 0 0 2147483647 0 0 0 0 17 5 0 0 0 0 0 0 0 0 0 0 0 0 0
97 (khugepaged) S 2 0 0 0 -1 2097216 0 0 0 0 0 143 0 0 39 19 1 0 26 0 0 18446744073709551615 0 0 0 0 0 0 0 2147483647 0 0 0 0 17 5 0 0 0 0 0 0 0 0 0 0 0 0 0
97 (khugepaged) S 2 0 0 0 -1 2097216 0 0 0 0 0 143 0 0 39 19 1 0 26 0 0 18446744073709551615 0 0 0 0 0 0 0 2147483647 0 0 0 0 17 5 0 0 0 0 0 0 0 0 0 0 0 0 0
97 (khugepaged) S 2 0 0 0 -1 2097216 0 0 0 0 0 143 0 0 39 19 1 0 26 0 0 18446744073709551615 0 0 0 0 0 0 0 2147483647 0 0 0 0 17 5 0 0 0 0 0 0 0 0 0 0 0 0 0
97 (khugepaged) S 2 0 0 0 -1 2097216 0 0 0 0 0 143 0 0 39 19 1 0 26 0 0 18446744073709551615 0 0 0 0 0 0 0 2147483647 0 0 0 0 17 5 0 0 0 0 0 0 0 0 0 0 0 0 0
97 (khugepaged) S 2 0 0 0 -1 2097216 0 0 0 0 0 143 0 0 39 19 1 0 26 0 0 18446744073709551615 0 0 0 0 0 0 0 2147483647 0 0 0 0 17 5 0 0 0 0 0 0 0 0 0 0 0 0 0
97 (khugepaged) S 2 0 0 0 -1 2097216 0 0 0 0 0 143 0 0 39 19 1 0 26 0 0 18446744073709551615 0 0 0 0 0 0 0 2147483647 0 0 0 0 17 5 0 0 0 0 0 0 0 0 0 0 0 0 0
97 (khugepaged) S 2 0 0 0 -1 2097216 0 0 0 0 0 143 0 0 39 19 1 0 26 0 0 18446744073709551615 0 0 0 0 0 0 0 2147483647 0 0 0 0 17 0 0 0 0 0 0 0 0 0 0 0 0 0 0
97 (khugepaged) S 2 0 0 0 -1 2097216 0 0 0 0 0 143 0 0 39 19 1 0 26 0 0 18446744073709551615 0 0 0 0 0 0 0 2147483647 0 0 0 0 17 0 0 0 0 0 0 0 0 0 0 0 0 0 0
97 (khugepaged) S 2 0 0 0 -1 2097216 0 0 0 0 0 143 0 0 39 19 1 0 26 0 0 18446744073709551615 0 0 0 0 0 0 0 2147483647 0 0 0 0 17 0 0 0 0 0 0 0 0 0 0 0 0 0 0
97 (khugepaged) S 2 0 0 0 -1 2097216 0 0 0 0 0 143 0 0 39 19 1 0 26 0 0 18446744073709551615 0 0 0 0 0 0 0 2147483647 0 0 0 0 17 0 0 0 0 0 0 0 0 0 0 0 0 0 0
97 (khugepaged) S 2 0 0 0 -1 2097216 0 0 0 0 0 143 0 0 39 19 1 0 26 0 0 18446744073709551615 0 0 0 0 0 0 0 2147483647 0 0 0 0 17 0 0 0 0 0 0 0 0 0 0 0 0 0 0
97 (khugepaged) S 2 0 0 0 -1 2097216 0 0 0 0 0 143 0 0 39 19 1 0 26 0 0 18446744073709551615 0 0 0 0 0 0 0 2147483647 0 0 0 0 17 0 0 0 0 0 0 0 0 0 0 0 0 0 0
97 (khugepaged) S 2 0 0 0 -1 2097216 0 0 0 0 0 143 0 0 39 19 1 0 26 0 0 18446744073709551615 0 0 0 0 0 0 0 2147483647 0 0 0 0 17 0 0 0 0 0 0 0 0 0 0 0 0 0 0
97 (khugepaged) S 2 0 0 0 -1 2097216 0 0 0 0 0 143 0 0 39 19 1 0 26 0 0 18446744073709551615 0 0 0 0 0 0 0 2147483647 0 0 0 0 17 0 0 0 0 0 0 0 0 0 0 0 0 0 0
97 (khugepaged) S 2 0 0 0 -1 2097216 0 0 0 0 0 143 0 0 39 19 1 0 26 0 0 18446744073709551615 0 0 0 0 0 0 0 2147483647 0 0 0 0 17 0 0 0 0 0 0 0 0 0 0 0 0 0 0
97 (khugepaged) S 2 0 0 0 -1 2097216 0 0 0 0 0 161 0 0 39 19 1 0 26 0 0 18446744073709551615 0 0 0 0 0 0 0 2147483647 0 0 0 0 17 2 0 0 0 0 0 0 0 0 0 0 0 0 0
97 (khugepaged) S 2 0 0 0 -1 2097216 0 0 0 0 0 161 0 0 39 19 1 0 26 0 0 18446744073709551615 0 0 0 0 0 0 0 2147483647 0 0 0 0 17 2 0 0 0 0 0 0 0 0 0 0 0 0 0
97 (khugepaged) S 2 0 0 0 -1 2097216 0 0 0 0 0 161 0 0 39 19 1 0 26 0 0 18446744073709551615 0 0 0 0 0 0 0 2147483647 0 0 0 0 17 2 0 0 0 0 0 0 0 0 0 0 0 0 0
97 (khugepaged) S 2 0 0 0 -1 2097216 0 0 0 0 0 161 0 0 39 19 1 0 26 0 0 18446744073709551615 0 0 0 0 0 0 0 2147483647 0 0 0 0 17 2 0 0 0 0 0 0 0 0 0 0 0 0 0
97 (khugepaged) S 2 0 0 0 -1 2097216 0 0 0 0 0 161 0 0 39 19 1 0 26 0 0 18446744073709551615 0 0 0 0 0 0 0 2147483647 0 0 0 0 17 2 0 0 0 0 0 0 0 0 0 0 0 0 0
97 (khugepaged) S 2 0 0 0 -1 2097216 0 0 0 0 0 161 0 0 39 19 1 0 26 0 0 18446744073709551615 0 0 0 0 0 0 0 2147483647 0 0 0 0 17 2 0 0 0 0 0 0 0 0 0 0 0 0 0
97 (khugepaged) S 2 0 0 0 -1 2097216 0 0 0 0 0 161 0 0 39 19 1 0 26 0 0 18446744073709551615 0 0 0 0 0 0 0 2147483647 0 0 0 0 17 2 0 0 0 0 0 0 0 0 0 0 0 0 0
97 (khugepaged) S 2 0 0 0 -1 2097216 0 0 0 0 0 161 0 0 39 19 1 0 26 0 0 18446744073709551615 0 0 0 0 0 0 0 2147483647 0 0 0 0 17 2 0 0 0 0 0 0 0 0 0 0 0 0 0
97 (khugepaged) S 2 0 0 0 -1 2097216 0 0 0 0 0 161 0 0 39 19 1 0 26 0 0 18446744073709551615 0 0 0 0 0 0 0 2147483647 0 0 0 0 17 2 0 0 0 0 0 0 0 0 0 0 0 0 0
97 (khugepaged) S 2 0 0 0 -1 2097216 0 0 0 0 0 161 0 0 39 19 1 0 26 0 0 18446744073709551615 0 0 0 0 0 0 0 2147483647 0 0 0 0 17 2 0 0 0 0 0 0 0 0 0 0 0 0 0
97 (khugepaged) S 2 0 0 0 -1 2097216 0 0 0 0 0 182 0 0 39 19 1 0 26 0 0 18446744073709551615 0 0 0 0 0 0 0 2147483647 0 0 0 0 17 1 0 0 0 0 0 0 0 0 0 0 0 0 0
97 (khugepaged) S 2 0 0 0 -1 2097216 0 0 0 0 0 182 0 0 39 19 1 0 26 0 0 18446744073709551615 0 0 0 0 0 0 0 2147483647 0 0 0 0 17 1 0 0 0 0 0 0 0 0 0 0 0 0 0
97 (khugepaged) S 2 0 0 0 -1 2097216 0 0 0 0 0 182 0 0 39 19 1 0 26 0 0 18446744073709551615 0 0 0 0 0 0 0 2147483647 0 0 0 0 17 1 0 0 0 0 0 0 0 0 0 0 0 0 0
97 (khugepaged) S 2 0 0 0 -1 2097216 0 0 0 0 0 182 0 0 39 19 1 0 26 0 0 18446744073709551615 0 0 0 0 0 0 0 2147483647 0 0 0 0 17 1 0 0 0 0 0 0 0 0 0 0 0 0 0
97 (khugepaged) S 2 0 0 0 -1 2097216 0 0 0 0 0 182 0 0 39 19 1 0 26 0 0 18446744073709551615 0 0 0 0 0 0 0 2147483647 0 0 0 0 17 1 0 0 0 0 0 0 0 0 0 0 0 0 0
97 (khugepaged) S 2 0 0 0 -1 2097216 0 0 0 0 0 182 0 0 39 19 1 0 26 0 0 18446744073709551615 0 0 0 0 0 0 0 2147483647 0 0 0 0 17 1 0 0 0 0 0 0 0 0 0 0 0 0 0
97 (khugepaged) S 2 0 0 0 -1 2097216 0 0 0 0 0 182 0 0 39 19 1 0 26 0 0 18446744073709551615 0 0 0 0 0 0 0 2147483647 0 0 0 0 17 1 0 0 0 0 0 0 0 0 0 0 0 0 0
97 (khugepaged) S 2 0 0 0 -1 2097216 0 0 0 0 0 182 0 0 39 19 1 0 26 0 0 18446744073709551615 0 0 0 0 0 0 0 2147483647 0 0 0 0 17 1 0 0 0 0 0 0 0 0 0 0 0 0 0
97 (khugepaged) S 2 0 0 0 -1 2097216 0 0 0 0 0 182 0 0 39 19 1 0 26 0 0 18446744073709551615 0 0 0 0 0 0 0 2147483647 0 0 0 0 17 1 0 0 0 0 0 0 0 0 0 0 0 0 0
97 (khugepaged) S 2 0 0 0 -1 2097216 0 0 0 0 0 184 0 0 39 19 1 0 26 0 0 18446744073709551615 0 0 0 0 0 0 0 2147483647 0 0 0 0 17 2 0 0 0 0 0 0 0 0 0 0 0 0 0
97 (khugepaged) S 2 0 0 0 -1 2097216 0 0 0 0 0 184 0 0 39 19 1 0 26 0 0 18446744073709551615 0 0 0 0 0 0 0 2147483647 0 0 0 0 17 2 0 0 0 0 0 0 0 0 0 0 0 0 0
97 (khugepaged) S 2 0 0 0 -1 2097216 0 0 0 0 0 184 0 0 39 19 1 0 26 0 0 18446744073709551615 0 0 0 0 0 0 0 2147483647 0 0 0 0 17 2 0 0 0 0 0 0 0 0 0 0 0 0 0
97 (khugepaged) S 2 0 0 0 -1 2097216 0 0 0 0 0 184 0 0 39 19 1 0 26 0 0 18446744073709551615 0 0 0 0 0 0 0 2147483647 0 0 0 0 17 2 0 0 0 0 0 0 0 0 0 0 0 0 0
97 (khugepaged) S 2 0 0 0 -1 2097216 0 0 0 0 0 184 0 0 39 19 1 0 26 0 0 18446744073709551615 0 0 0 0 0 0 0 2147483647 0 0 0 0 17 2 0 0 0 0 0 0 0 0 0 0 0 0 0
97 (khugepaged) S 2 0 0 0 -1 2097216 0 0 0 0 0 184 0 0 39 19 1 0 26 0 0 18446744073709551615 0 0 0 0 0 0 0 2147483647 0 0 0 0 17 2 0 0 0 0 0 0 0 0 0 0 0 0 0
97 (khugepaged) S 2 0 0 0 -1 2097216 0 0 0 0 0 184 0 0 39 19 1 0 26 0 0 18446744073709551615 0 0 0 0 0 0 0 2147483647 0 0 0 0 17 2 0 0 0 0 0 0 0 0 0 0 0 0 0
97 (khugepaged) S 2 0 0 0 -1 2097216 0 0 0 0 0 184 0 0 39 19 1 0 26 0 0 18446744073709551615 0 0 0 0 0 0 0 2147483647 0 0 0 0 17 2 0 0 0 0 0 0 0 0 0 0 0 0 0
97 (khugepaged) S 2 0 0 0 -1 2097216 0 0 0 0 0 184 0 0 39 19 1 0 26 0 0 18446744073709551615 0 0 0 0 0 0 0 2147483647 0 0 0 0 17 2 0 0 0 0 0 0 0 0 0 0 0 0 0
97 (khugepaged) S 2 0 0 0 -1 2097216 0 0 0 0 0 184 0 0 39 19 1 0 26 0 0 18446744073709551615 0 0 0 0 0 0 0 2147483647 0 0 0 0 17 2 0 0 0 0 0 0 0 0 0 0 0 0 0
97 (khugepaged) S 2 0 0 0 -1 2097216 0 0 0 0 0 269 0 0 39 19 1 0 26 0 0 18446744073709551615 0 0 0 0 0 0 0 2147483647 0 0 0 0 17 0 0 0 0 0 0 0 0 0 0 0 0 0 0
97 (khugepaged) S 2 0 0 0 -1 2097216 0 0 0 0 0 269 0 0 39 19 1 0 26 0 0 18446744073709551615 0 0 0 0 0 0 0 2147483647 0 0 0 0 17 0 0 0 0 0 0 0 0 0 0 0 0 0 0
97 (khugepaged) S 2 0 0 0 -1 2097216 0 0 0 0 0 269 0 0 39 19 1 0 26 0 0 18446744073709551615 0 0 0 0 0 0 0 2147483647 0 0 0 0 17 0 0 0 0 0 0 0 0 0 0 0 0 0 0
97 (khugepaged) S 2 0 0 0 -1 2097216 0 0 0 0 0 269 0 0 39 19 1 0 26 0 0 18446744073709551615 0 0 0 0 0 0 0 2147483647 0 0 0 0 17 0 0 0 0 0 0 0 0 0 0 0 0 0 0
97 (khugepaged) S 2 0 0 0 -1 2097216 0 0 0 0 0 269 0 0 39 19 1 0 26 0 0 18446744073709551615 0 0 0 0 0 0 0 2147483647 0 0 0 0 17 0 0 0 0 0 0 0 0 0 0 0 0 0 0
97 (khugepaged) S 2 0 0 0 -1 2097216 0 0 0 0 0 269 0 0 39 19 1 0 26 0 0 18446744073709551615 0 0 0 0 0 0 0 2147483647 0 0 0 0 17 0 0 0 0 0 0 0 0 0 0 0 0 0 0
97 (khugepaged) S 2 0 0 0 -1 2097216 0 0 0 0 0 269 0 0 39 19 1 0 26 0 0 18446744073709551615 0 0 0 0 0 0 0 2147483647 0 0 0 0 17 0 0 0 0 0 0 0 0 0 0 0 0 0 0
97 (khugepaged) S 2 0 0 0 -1 2097216 0 0 0 0 0 269 0 0 39 19 1 0 26 0 0 18446744073709551615 0 0 0 0 0 0 0 2147483647 0 0 0 0 17 0 0 0 0 0 0 0 0 0 0 0 0 0 0
97 (khugepaged) S 2 0 0 0 -1 2097216 0 0 0 0 0 269 0 0 39 19 1 0 26 0 0 18446744073709551615 0 0 0 0 0 0 0 2147483647 0 0 0 0 17 0 0 0 0 0 0 0 0 0 0 0 0 0 0
97 (khugepaged) S 2 0 0 0 -1 2097216 0 0 0 0 0 269 0 0 39 19 1 0 26 0 0 18446744073709551615 0 0 0 0 0 0 0 2147483647 0 0 0 0 17 0 0 0 0 0 0 0 0 0 0 0 0 0 0
97 (khugepaged) S 2 0 0 0 -1 2097216 0 0 0 0 0 326 0 0 39 19 1 0 26 0 0 18446744073709551615 0 0 0 0 0 0 0 2147483647 0 0 0 0 17 3 0 0 0 0 0 0 0 0 0 0 0 0 0
97 (khugepaged) S 2 0 0 0 -1 2097216 0 0 0 0 0 326 0 0 39 19 1 0 26 0 0 18446744073709551615 0 0 0 0 0 0 0 2147483647 0 0 0 0 17 3 0 0 0 0 0 0 0 0 0 0 0 0 0
97 (khugepaged) S 2 0 0 0 -1 2097216 0 0 0 0 0 326 0 0 39 19 1 0 26 0 0 18446744073709551615 0 0 0 0 0 0 0 2147483647 0 0 0 0 17 3 0 0 0 0 0 0 0 0 0 0 0 0 0
97 (khugepaged) S 2 0 0 0 -1 2097216 0 0 0 0 0 326 0 0 39 19 1 0 26 0 0 18446744073709551615 0 0 0 0 0 0 0 2147483647 0 0 0 0 17 3 0 0 0 0 0 0 0 0 0 0 0 0 0
97 (khugepaged) S 2 0 0 0 -1 2097216 0 0 0 0 0 326 0 0 39 19 1 0 26 0 0 18446744073709551615 0 0 0 0 0 0 0 2147483647 0 0 0 0 17 3 0 0 0 0 0 0 0 0 0 0 0 0 0
97 (khugepaged) S 2 0 0 0 -1 2097216 0 0 0 0 0 326 0 0 39 19 1 0 26 0 0 18446744073709551615 0 0 0 0 0 0 0 2147483647 0 0 0 0 17 3 0 0 0 0 0 0 0 0 0 0 0 0 0
97 (khugepaged) S 2 0 0 0 -1 2097216 0 0 0 0 0 326 0 0 39 19 1 0 26 0 0 18446744073709551615 0 0 0 0 0 0 0 2147483647 0 0 0 0 17 3 0 0 0 0 0 0 0 0 0 0 0 0 0
97 (khugepaged) S 2 0 0 0 -1 2097216 0 0 0 0 0 326 0 0 39 19 1 0 26 0 0 18446744073709551615 0 0 0 0 0 0 0 2147483647 0 0 0 0 17 3 0 0 0 0 0 0 0 0 0 0 0 0 0
97 (khugepaged) S 2 0 0 0 -1 2097216 0 0 0 0 0 326 0 0 39 19 1 0 26 0 0 18446744073709551615 0 0 0 0 0 0 0 2147483647 0 0 0 0 17 3 0 0 0 0 0 0 0 0 0 0 0 0 0
97 (khugepaged) S 2 0 0 0 -1 2097216 0 0 0 0 0 326 0 0 39 19 1 0 26 0 0 18446744073709551615 0 0 0 0 0 0 0 2147483647 0 0 0 0 17 3 0 0 0 0 0 0 0 0 0 0 0 0 0
97 (khugepaged) S 2 0 0 0 -1 2097216 0 0 0 0 0 329 0 0 39 19 1 0 26 0 0 18446744073709551615 0 0 0 0 0 0 0 2147483647 0 0 0 0 17 4 0 0 0 0 0 0 0 0 0 0 0 0 0
97 (khugepaged) S 2 0 0 0 -1 2097216 0 0 0 0 0 329 0 0 39 19 1 0 26 0 0 18446744073709551615 0 0 0 0 0 0 0 2147483647 0 0 0 0 17 4 0 0 0 0 0 0 0 0 0 0 0 0 0
97 (khugepaged) S 2 0 0 0 -1 2097216 0 0 0 0 0 329 0 0 39 19 1 0 26 0 0 18446744073709551615 0 0 0 0 0 0 0 2147483647 0 0 0 0 17 4 0 0 0 0 0 0 0 0 0 0 0 0 0
97 (khugepaged) S 2 0 0 0 -1 2097216 0 0 0 0 0 329 0 0 39 19 1 0 26 0 0 18446744073709551615 0 0 0 0 0 0 0 2147483647 0 0 0 0 17 4 0 0 0 0 0 0 0 0 0 0 0 0 0
97 (khugepaged) S 2 0 0 0 -1 2097216 0 0 0 0 0 329 0 0 39 19 1 0 26 0 0 18446744073709551615 0 0 0 0 0 0 0 2147483647 0 0 0 0 17 4 0 0 0 0 0 0 0 0 0 0 0 0 0
97 (khugepaged) S 2 0 0 0 -1 2097216 0 0 0 0 0 329 0 0 39 19 1 0 26 0 0 18446744073709551615 0 0 0 0 0 0 0 2147483647 0 0 0 0 17 4 0 0 0 0 0 0 0 0 0 0 0 0 0
97 (khugepaged) S 2 0 0 0 -1 2097216 0 0 0 0 0 329 0 0 39 19 1 0 26 0 0 18446744073709551615 0 0 0 0 0 0 0 2147483647 0 0 0 0 17 4 0 0 0 0 0 0 0 0 0 0 0 0 0
97 (khugepaged) S 2 0 0 0 -1 2097216 0 0 0 0 0 329 0 0 39 19 1 0 26 0 0 18446744073709551615 0 0 0 0 0 0 0 2147483647 0 0 0 0 17 4 0 0 0 0 0 0 0 0 0 0 0 0 0
97 (khugepaged) S 2 0 0 0 -1 2097216 0 0 0 0 0 329 0 0 39 19 1 0 26 0 0 18446744073709551615 0 0 0 0 0 0 0 2147483647 0 0 0 0 17 4 0 0 0 0 0 0 0 0 0 0 0 0 0
97 (khugepaged) S 2 0 0 0 -1 2097216 0 0 0 0 0 329 0 0 39 19 1 0 26 0 0 18446744073709551615 0 0 0 0 0 0 0 2147483647 0 0 0 0 17 4 0 0 0 0 0 0 0 0 0 0 0 0 0
97 (khugepaged) S 2 0 0 0 -1 2097216 0 0 0 0 0 329 0 0 39 19 1 0 26 0 0 18446744073709551615 0 0 0 0 0 0 0 2147483647 0 0 0 0 17 5 0 0 0 0 0 0 0 0 0 0 0 0 0
97 (khugepaged) S 2 0 0 0 -1 2097216 0 0 0 0 0 329 0 0 39 19 1 0 26 0 0 18446744073709551615 0 0 0 0 0 0 0 2147483647 0 0 0 0 17 5 0 0 0 0 0 0 0 0 0 0 0 0 0
97 (khugepaged) S 2 0 0 0 -1 2097216 0 0 0 0 0 329 0 0 39 19 1 0 26 0 0 18446744073709551615 0 0 0 0 0 0 0 2147483647 0 0 0 0 17 5 0 0 0 0 0 0 0 0 0 0 0 0 0
97 (khugepaged) S 2 0 0 0 -1 2097216 0 0 0 0 0 329 0 0 39 19 1 0 26 0 0 18446744073709551615 0 0 0 0 0 0 0 2147483647 0 0 0 0 17 5 0 0 0 0 0 0 0 0 0 0 0 0 0
97 (khugepaged) S 2 0 0 0 -1 2097216 0 0 0 0 0 329 0 0 39 19 1 0 26 0 0 18446744073709551615 0 0 0 0 0 0 0 2147483647 0 0 0 0 17 5 0 0 0 0 0 0 0 0 0 0 0 0 0
97 (khugepaged) S 2 0 0 0 -1 2097216 0 0 0 0 0 329 0 0 39 19 1 0 26 0 0 18446744073709551615 0 0 0 0 0 0 0 2147483647 0 0 0 0 17 5 0 0 0 0 0 0 0 0 0 0 0 0 0
97 (khugepaged) S 2 0 0 0 -1 2097216 0 0 0 0 0 329 0 0 39 19 1 0 26 0 0 18446744073709551615 0 0 0 0 0 0 0 2147483647 0 0 0 0 17 5 0 0 0 0 0 0 0 0 0 0 0 0 0
97 (khugepaged) S 2 0 0 0 -1 2097216 0 0 0 0 0 329 0 0 39 19 1 0 26 0 0 18446744073709551615 0 0 0 0 0 0 0 2147483647 0 0 0 0 17 5 0 0 0 0 0 0 0 0 0 0 0 0 0
97 (khugepaged) S 2 0 0 0 -1 2097216 0 0 0 0 0 329 0 0 39 19 1 0 26 0 0 18446744073709551615 0 0 0 0 0 0 0 2147483647 0 0 0 0 17 5 0 0 0 0 0 0 0 0 0 0 0 0 0
97 (khugepaged) S 2 0 0 0 -1 2097216 0 0 0 0 0 329 0 0 39 19 1 0 26 0 0 18446744073709551615 0 0 0 0 0 0 0 2147483647 0 0 0 0 17 5 0 0 0 0 0 0 0 0 0 0 0 0 0
97 (khugepaged) S 2 0 0 0 -1 2097216 0 0 0 0 0 329 0 0 39 19 1 0 26 0 0 18446744073709551615 0 0 0 0 0 0 0 2147483647 0 0 0 0 17 5 0 0 0 0 0 0 0 0 0 0 0 0 0
97 (khugepaged) S 2 0 0 0 -1 2097216 0 0 0 0 0 329 0 0 39 19 1 0 26 0 0 18446744073709551615 0 0 0 0 0 0 0 2147483647 0 0 0 0 17 5 0 0 0 0 0 0 0 0 0 0 0 0 0
97 (khugepaged) S 2 0 0 0 -1 2097216 0 0 0 0 0 329 0 0 39 19 1 0 26 0 0 18446744073709551615 0 0 0 0 0 0 0 2147483647 0 0 0 0 17 5 0 0 0 0 0 0 0 0 0 0 0 0 0
97 (khugepaged) S 2 0 0 0 -1 2097216 0 0 0 0 0 329 0 0 39 19 1 0 26 0 0 18446744073709551615 0 0 0 0 0 0 0 2147483647 0 0 0 0 17 5 0 0 0 0 0 0 0 0 0 0 0 0 0
97 (khugepaged) S 2 0 0 0 -1 2097216 0 0 0 0 0 329 0 0 39 19 1 0 26 0 0 18446744073709551615 0 0 0 0 0 0 0 2147483647 0 0 0 0 17 5 0 0 0 0 0 0 0 0 0 0 0 0 0
97 (khugepaged) S 2 0 0 0 -1 2097216 0 0 0 0 0 329 0 0 39 19 1 0 26 0 0 18446744073709551615 0 0 0 0 0 0 0 2147483647 0 0 0 0 17 5 0 0 0 0 0 0 0 0 0 0 0 0 0
97 (khugepaged) S 2 0 0 0 -1 2097216 0 0 0 0 0 329 0 0 39 19 1 0 26 0 0 18446744073709551615 0 0 0 0 0 0 0 2147483647 0 0 0 0 17 5 0 0 0 0 0 0 0 0 0 0 0 0 0
97 (khugepaged) S 2 0 0 0 -1 2097216 0 0 0 0 0 329 0 0 39 19 1 0 26 0 0 18446744073709551615 0 0 0 0 0 0 0 2147483647 0 0 0 0 17 5 0 0 0 0 0 0 0 0 0 0 0 0 0
97 (khugepaged) S 2 0 0 0 -1 2097216 0 0 0 0 0 329 0 0 39 19 1 0 26 0 0 18446744073709551615 0 0 0 0 0 0 0 2147483647 0 0 0 0 17 5 0 0 0 0 0 0 0 0 0 0 0 0 0
97 (khugepaged) S 2 0 0 0 -1 2097216 0 0 0 0 0 329 0 0 39 19 1 0 26 0 0 18446744073709551615 0 0 0 0 0 0 0 2147483647 0 0 0 0 17 5 0 0 0 0 0 0 0 0 0 0 0 0 0
97 (khugepaged) S 2 0 0 0 -1 2097216 0 0 0 0 0 329 0 0 39 19 1 0 26 0 0 18446744073709551615 0 0 0 0 0 0 0 2147483647 0 0 0 0 17 5 0 0 0 0 0 0 0 0 0 0 0 0 0
97 (khugepaged) S 2 0 0 0 -1 2097216 0 0 0 0 0 329 0 0 39 19 1 0 26 0 0 18446744073709551615 0 0 0 0 0 0 0 2147483647 0 0 0 0 17 5 0 0 0 0 0 0 0 0 0 0 0 0 0
97 (khugepaged) S 2 0 0 0 -1 2097216 0 0 0 0 0 329 0 0 39 19 1 0 26 0 0 18446744073709551615 0 0 0 0 0 0 0 2147483647 0 0 0 0 17 5 0 0 0 0 0 0 0 0 0 0 0 0 0
97 (khugepaged) S 2 0 0 0 -1 2097216 0 0 0 0 0 329 0 0 39 19 1 0 26 0 0 18446744073709551615 0 0 0 0 0 0 0 2147483647 0 0 0 0 17 5 0 0 0 0 0 0 0 0 0 0 0 0 0
97 (khugepaged) S 2 0 0 0 -1 2097216 0 0 0 0 0 329 0 0 39 19 1 0 26 0 0 18446744073709551615 0 0 0 0 0 0 0 2147483647 0 0 0 0 17 5 0 0 0 0 0 0 0 0 0 0 0 0 0
97 (khugepaged) S 2 0 0 0 -1 2097216 0 0 0 0 0 329 0 0 39 19 1 0 26 0 0 18446744073709551615 0 0 0 0 0 0 0 2147483647 0 0 0 0 17 5 0 0 0 0 0 0 0 0 0 0 0 0 0
97 (khugepaged) S 2 0 0 0 -1 2097216 0 0 0 0 0 329 0 0 39 19 1 0 26 0 0 18446744073709551615 0 0 0 0 0 0 0 2147483647 0 0 0 0 17 5 0 0 0 0 0 0 0 0 0 0 0 0 0
97 (khugepaged) S 2 0 0 0 -1 2097216 0 0 0 0 0 329 0 0 39 19 1 0 26 0 0 18446744073709551615 0 0 0 0 0 0 0 2147483647 0 0 0 0 17 5 0 0 0 0 0 0 0 0 0 0 0 0 0
97 (khugepaged) S 2 0 0 0 -1 2097216 0 0 0 0 0 329 0 0 39 19 1 0 26 0 0 18446744073709551615 0 0 0 0 0 0 0 2147483647 0 0 0 0 17 5 0 0 0 0 0 0 0 0 0 0 0 0 0
97 (khugepaged) S 2 0 0 0 -1 2097216 0 0 0 0 0 329 0 0 39 19 1 0 26 0 0 18446744073709551615 0 0 0 0 0 0 0 2147483647 0 0 0 0 17 5 0 0 0 0 0 0 0 0 0 0 0 0 0
97 (khugepaged) S 2 0 0 0 -1 2097216 0 0 0 0 0 329 0 0 39 19 1 0 26 0 0 18446744073709551615 0 0 0 0 0 0 0 2147483647 0 0 0 0 17 0 0 0 0 0 0 0 0 0 0 0 0 0 0
97 (khugepaged) S 2 0 0 0 -1 2097216 0 0 0 0 0 329 0 0 39 19 1 0 26 0 0 18446744073709551615 0 0 0 0 0 0 0 2147483647 0 0 0 0 17 0 0 0 0 0 0 0 0 0 0 0 0 0 0
97 (khugepaged) S 2 0 0 0 -1 2097216 0 0 0 0 0 329 0 0 39 19 1 0 26 0 0 18446744073709551615 0 0 0 0 0 0 0 2147483647 0 0 0 0 17 0 0 0 0 0 0 0 0 0 0 0 0 0 0
97 (khugepaged) S 2 0 0 0 -1 2097216 0 0 0 0 0 329 0 0 39 19 1 0 26 0 0 18446744073709551615 0 0 0 0 0 0 0 2147483647 0 0 0 0 17 0 0 0 0 0 0 0 0 0 0 0 0 0 0
97 (khugepaged) S 2 0 0 0 -1 2097216 0 0 0 0 0 329 0 0 39 19 1 0 26 0 0 18446744073709551615 0 0 0 0 0 0 0 2147483647 0 0 0 0 17 0 0 0 0 0 0 0 0 0 0 0 0 0 0
97 (khugepaged) S 2 0 0 0 -1 2097216 0 0 0 0 0 329 0 0 39 19 1 0 26 0 0 18446744073709551615 0 0 0 0 0 0 0 2147483647 0 0 0 0 17 0 0 0 0 0 0 0 0 0 0 0 0 0 0
97 (khugepaged) S 2 0 0 0 -1 2097216 0 0 0 0 0 329 0 0 39 19 1 0 26 0 0 18446744073709551615 0 0 0 0 0 0 0 2147483647 0 0 0 0 17 0 0 0 0 0 0 0 0 0 0 0 0 0 0
97 (khugepaged) S 2 0 0 0 -1 2097216 0 0 0 0 0 329 0 0 39 19 1 0 26 0 0 18446744073709551615 0 0 0 0 0 0 0 2147483647 0 0 0 0 17 0 0 0 0 0 0 0 0 0 0 0 0 0 0
97 (khugepaged) S 2 0 0 0 -1 2097216 0 0 0 0 0 329 0 0 39 19 1 0 26 0 0 18446744073709551615 0 0 0 0 0 0 0 2147483647 0 0 0 0 17 0 0 0 0 0 0 0 0 0 0 0 0 0 0
97 (khugepaged) S 2 0 0 0 -1 2097216 0 0 0 0 0 329 0 0 39 19 1 0 26 0 0 18446744073709551615 0 0 0 0 0 0 0 2147483647 0 0 0 0 17 0 0 0 0 0 0 0 0 0 0 0 0 0 0
97 (khugepaged) S 2 0 0 0 -1 2097216 0 0 0 0 0 329 0 0 39 19 1 0 26 0 0 18446744073709551615 0 0 0 0 0 0 0 2147483647 0 0 0 0 17 0 0 0 0 0 0 0 0 0 0 0 0 0 0
97 (khugepaged) S 2 0 0 0 -1 2097216 0 0 0 0 0 329 0 0 39 19 1 0 26 0 0 18446744073709551615 0 0 0 0 0 0 0 2147483647 0 0 0 0 17 0 0 0 0 0 0 0 0 0 0 0 0 0 0
97 (khugepaged) S 2 0 0 0 -1 2097216 0 0 0 0 0 329 0 0 39 19 1 0 26 0 0 18446744073709551615 0 0 0 0 0 0 0 2147483647 0 0 0 0 17 0 0 0 0 0 0 0 0 0 0 0 0 0 0
97 (khugepaged) S 2 0 0 0 -1 2097216 0 0 0 0 0 329 0 0 39 19 1 0 26 0 0 18446744073709551615 0 0 0 0 0 0 0 2147483647 0 0 0 0 17 0 0 0 0 0 0 0 0 0 0 0 0 0 0
97 (khugepaged) S 2 0 0 0 -1 2097216 0 0 0 0 0 329 0 0 39 19 1 0 26 0 0 18446744073709551615 0 0 0 0 0 0 0 2147483647 0 0 0 0 17 0 0 0 0 0 0 0 0 0 0 0 0 0 0
97 (khugepaged) S 2 0 0 0 -1 2097216 0 0 0 0 0 329 0 0 39 19 1 0 26 0 0 18446744073709551615 0 0 0 0 0 0 0 2147483647 0 0 0 0 17 0 0 0 0 0 0 0 0 0 0 0 0 0 0
97 (khugepaged) S 2 0 0 0 -1 2097216 0 0 0 0 0 329 0 0 39 19 1 0 26 0 0 18446744073709551615 0 0 0 0 0 0 0 2147483647 0 0 0 0 17 0 0 0 0 0 0 0 0 0 0 0 0 0 0
97 (khugepaged) S 2 0 0 0 -1 2097216 0 0 0 0 0 329 0 0 39 19 1 0 26 0 0 18446744073709551615 0 0 0 0 0 0 0 2147483647 0 0 0 0 17 0 0 0 0 0 0 0 0 0 0 0 0 0 0
97 (khugepaged) S 2 0 0 0 -1 2097216 0 0 0 0 0 329 0 0 39 19 1 0 26 0 0 18446744073709551615 0 0 0 0 0 0 0 2147483647 0 0 0 0 17 0 0 0 0 0 0 0 0 0 0 0 0 0 0
97 (khugepaged) S 2 0 0 0 -1 2097216 0 0 0 0 0 330 0 0 39 19 1 0 26 0 0 18446744073709551615 0 0 0 0 0 0 0 2147483647 0 0 0 0 17 3 0 0 0 0 0 0 0 0 0 0 0 0 0
97 (khugepaged) S 2 0 0 0 -1 2097216 0 0 0 0 0 330 0 0 39 19 1 0 26 0 0 18446744073709551615 0 0 0 0 0 0 0 2147483647 0 0 0 0 17 3 0 0 0 0 0 0 0 0 0 0 0 0 0
97 (khugepaged) S 2 0 0 0 -1 2097216 0 0 0 0 0 330 0 0 39 19 1 0 26 0 0 18446744073709551615 0 0 0 0 0 0 0 2147483647 0 0 0 0 17 3 0 0 0 0 0 0 0 0 0 0 0 0 0
97 (khugepaged) S 2 0 0 0 -1 2097216 0 0 0 0 0 330 0 0 39 19 1 0 26 0 0 18446744073709551615 0 0 0 0 0 0 0 2147483647 0 0 0 0 17 3 0 0 0 0 0 0 0 0 0 0 0 0 0
97 (khugepaged) S 2 0 0 0 -1 2097216 0 0 0 0 0 330 0 0 39 19 1 0 26 0 0 18446744073709551615 0 0 0 0 0 0 0 2147483647 0 0 0 0 17 3 0 0 0 0 0 0 0 0 0 0 0 0 0
97 (khugepaged) S 2 0 0 0 -1 2097216 0 0 0 0 0 330 0 0 39 19 1 0 26 0 0 18446744073709551615 0 0 0 0 0 0 0 2147483647 0 0 0 0 17 3 0 0 0 0 0 0 0 0 0 0 0 0 0
97 (khugepaged) S 2 0 0 0 -1 2097216 0 0 0 0 0 330 0 0 39 19 1 0 26 0 0 18446744073709551615 0 0 0 0 0 0 0 2147483647 0 0 0 0 17 3 0 0 0 0 0 0 0 0 0 0 0 0 0
97 (khugepaged) S 2 0 0 0 -1 2097216 0 0 0 0 0 330 0 0 39 19 1 0 26 0 0 18446744073709551615 0 0 0 0 0 0 0 2147483647 0 0 0 0 17 3 0 0 0 0 0 0 0 0 0 0 0 0 0
97 (khugepaged) S 2 0 0 0 -1 2097216 0 0 0 0 0 354 0 0 39 19 1 0 26 0 0 18446744073709551615 0 0 0 0 0 0 0 2147483647 0 0 0 0 17 10 0 0 0 0 0 0 0 0 0 0 0 0 0
97 (khugepaged) S 2 0 0 0 -1 2097216 0 0 0 0 0 354 0 0 39 19 1 0 26 0 0 18446744073709551615 0 0 0 0 0 0 0 2147483647 0 0 0 0 17 10 0 0 0 0 0 0 0 0 0 0 0 0 0
97 (khugepaged) S 2 0 0 0 -1 2097216 0 0 0 0 0 354 0 0 39 19 1 0 26 0 0 18446744073709551615 0 0 0 0 0 0 0 2147483647 0 0 0 0 17 10 0 0 0 0 0 0 0 0 0 0 0 0 0
97 (khugepaged) S 2 0 0 0 -1 2097216 0 0 0 0 0 354 0 0 39 19 1 0 26 0 0 18446744073709551615 0 0 0 0 0 0 0 2147483647 0 0 0 0 17 10 0 0 0 0 0 0 0 0 0 0 0 0 0
97 (khugepaged) S 2 0 0 0 -1 2097216 0 0 0 0 0 354 0 0 39 19 1 0 26 0 0 18446744073709551615 0 0 0 0 0 0 0 2147483647 0 0 0 0 17 10 0 0 0 0 0 0 0 0 0 0 0 0 0
97 (khugepaged) S 2 0 0 0 -1 2097216 0 0 0 0 0 354 0 0 39 19 1 0 26 0 0 18446744073709551615 0 0 0 0 0 0 0 2147483647 0 0 0 0 17 10 0 0 0 0 0 0 0 0 0 0 0 0 0
97 (khugepaged) S 2 0 0 0 -1 2097216 0 0 0 0 0 354 0 0 39 19 1 0 26 0 0 18446744073709551615 0 0 0 0 0 0 0 2147483647 0 0 0 0 17 10 0 0 0 0 0 0 0 0 0 0 0 0 0
97 (khugepaged) S 2 0 0 0 -1 2097216 0 0 0 0 0 354 0 0 39 19 1 0 26 0 0 18446744073709551615 0 0 0 0 0 0 0 2147483647 0 0 0 0 17 10 0 0 0 0 0 0 0 0 0 0 0 0 0
97 (khugepaged) S 2 0 0 0 -1 2097216 0 0 0 0 0 354 0 0 39 19 1 0 26 0 0 18446744073709551615 0 0 0 0 0 0 0 2147483647 0 0 0 0 17 10 0 0 0 0 0 0 0 0 0 0 0 0 0
97 (khugepaged) S 2 0 0 0 -1 2097216 0 0 0 0 0 370 0 0 39 19 1 0 26 0 0 18446744073709551615 0 0 0 0 0 0 0 2147483647 0 0 0 0 17 3 0 0 0 0 0 0 0 0 0 0 0 0 0
97 (khugepaged) S 2 0 0 0 -1 2097216 0 0 0 0 0 370 0 0 39 19 1 0 26 0 0 18446744073709551615 0 0 0 0 0 0 0 2147483647 0 0 0 0 17 3 0 0 0 0 0 0 0 0 0 0 0 0 0
97 (khugepaged) S 2 0 0 0 -1 2097216 0 0 0 0 0 370 0 0 39 19 1 0 26 0 0 18446744073709551615 0 0 0 0 0 0 0 2147483647 0 0 0 0 17 3 0 0 0 0 0 0 0 0 0 0 0 0 0
97 (khugepaged) S 2 0 0 0 -1 2097216 0 0 0 0 0 370 0 0 39 19 1 0 26 0 0 18446744073709551615 0 0 0 0 0 0 0 2147483647 0 0 0 0 17 3 0 0 0 0 0 0 0 0 0 0 0 0 0
97 (khugepaged) S 2 0 0 0 -1 2097216 0 0 0 0 0 370 0 0 39 19 1 0 26 0 0 18446744073709551615 0 0 0 0 0 0 0 2147483647 0 0 0 0 17 3 0 0 0 0 0 0 0 0 0 0 0 0 0
97 (khugepaged) S 2 0 0 0 -1 2097216 0 0 0 0 0 370 0 0 39 19 1 0 26 0 0 18446744073709551615 0 0 0 0 0 0 0 2147483647 0 0 0 0 17 3 0 0 0 0 0 0 0 0 0 0 0 0 0
97 (khugepaged) S 2 0 0 0 -1 2097216 0 0 0 0 0 370 0 0 39 19 1 0 26 0 0 18446744073709551615 0 0 0 0 0 0 0 2147483647 0 0 0 0 17 3 0 0 0 0 0 0 0 0 0 0 0 0 0
97 (khugepaged) S 2 0 0 0 -1 2097216 0 0 0 0 0 370 0 0 39 19 1 0 26 0 0 18446744073709551615 0 0 0 0 0 0 0 2147483647 0 0 0 0 17 3 0 0 0 0 0 0 0 0 0 0 0 0 0
97 (khugepaged) S 2 0 0 0 -1 2097216 0 0 0 0 0 370 0 0 39 19 1 0 26 0 0 18446744073709551615 0 0 0 0 0 0 0 2147483647 0 0 0 0 17 3 0 0 0 0 0 0 0 0 0 0 0 0 0
97 (khugepaged) S 2 0 0 0 -1 2097216 0 0 0 0 0 412 0 0 39 19 1 0 26 0 0 18446744073709551615 0 0 0 0 0 0 0 2147483647 0 0 0 0 17 5 0 0 0 0 0 0 0 0 0 0 0 0 0
97 (khugepaged) S 2 0 0 0 -1 2097216 0 0 0 0 0 412 0 0 39 19 1 0 26 0 0 18446744073709551615 0 0 0 0 0 0 0 2147483647 0 0 0 0 17 5 0 0 0 0 0 0 0 0 0 0 0 0 0
97 (khugepaged) S 2 0 0 0 -1 2097216 0 0 0 0 0 412 0 0 39 19 1 0 26 0 0 18446744073709551615 0 0 0 0 0 0 0 2147483647 0 0 0 0 17 5 0 0 0 0 0 0 0 0 0 0 0 0 0
97 (khugepaged) S 2 0 0 0 -1 2097216 0 0 0 0 0 412 0 0 39 19 1 0 26 0 0 18446744073709551615 0 0 0 0 0 0 0 2147483647 0 0 0 0 17 5 0 0 0 0 0 0 0 0 0 0 0 0 0
97 (khugepaged) S 2 0 0 0 -1 2097216 0 0 0 0 0 412 0 0 39 19 1 0 26 0 0 18446744073709551615 0 0 0 0 0 0 0 2147483647 0 0 0 0 17 5 0 0 0 0 0 0 0 0 0 0 0 0 0
97 (khugepaged) S 2 0 0 0 -1 2097216 0 0 0 0 0 412 0 0 39 19 1 0 26 0 0 18446744073709551615 0 0 0 0 0 0 0 2147483647 0 0 0 0 17 5 0 0 0 0 0 0 0 0 0 0 0 0 0
97 (khugepaged) S 2 0 0 0 -1 2097216 0 0 0 0 0 412 0 0 39 19 1 0 26 0 0 18446744073709551615 0 0 0 0 0 0 0 2147483647 0 0 0 0 17 5 0 0 0 0 0 0 0 0 0 0 0 0 0
97 (khugepaged) S 2 0 0 0 -1 2097216 0 0 0 0 0 412 0 0 39 19 1 0 26 0 0 18446744073709551615 0 0 0 0 0 0 0 2147483647 0 0 0 0 17 5 0 0 0 0 0 0 0 0 0 0 0 0 0
97 (khugepaged) S 2 0 0 0 -1 2097216 0 0 0 0 0 412 0 0 39 19 1 0 26 0 0 18446744073709551615 0 0 0 0 0 0 0 2147483647 0 0 0 0 17 5 0 0 0 0 0 0 0 0 0 0 0 0 0
97 (khugepaged) R 2 0 0 0 -1 2097216 0 0 0 0 0 466 0 0 39 19 1 0 26 0 0 18446744073709551615 0 0 0 0 0 0 0 2147483647 0 0 0 0 17 5 0 0 0 0 0 0 0 0 0 0 0 0 0
97 (khugepaged) S 2 0 0 0 -1 2097216 0 0 0 0 0 566 0 0 39 19 1 0 26 0 0 18446744073709551615 0 0 0 0 0 0 0 2147483647 0 0 0 0 17 5 0 0 0 0 0 0 0 0 0 0 0 0 0
97 (khugepaged) S 2 0 0 0 -1 2097216 0 0 0 0 0 566 0 0 39 19 1 0 26 0 0 18446744073709551615 0 0 0 0 0 0 0 2147483647 0 0 0 0 17 5 0 0 0 0 0 0 0 0 0 0 0 0 0
97 (khugepaged) S 2 0 0 0 -1 2097216 0 0 0 0 0 566 0 0 39 19 1 0 26 0 0 18446744073709551615 0 0 0 0 0 0 0 2147483647 0 0 0 0 17 5 0 0 0 0 0 0 0 0 0 0 0 0 0
97 (khugepaged) S 2 0 0 0 -1 2097216 0 0 0 0 0 566 0 0 39 19 1 0 26 0 0 18446744073709551615 0 0 0 0 0 0 0 2147483647 0 0 0 0 17 5 0 0 0 0 0 0 0 0 0 0 0 0 0
97 (khugepaged) S 2 0 0 0 -1 2097216 0 0 0 0 0 566 0 0 39 19 1 0 26 0 0 18446744073709551615 0 0 0 0 0 0 0 2147483647 0 0 0 0 17 5 0 0 0 0 0 0 0 0 0 0 0 0 0
97 (khugepaged) S 2 0 0 0 -1 2097216 0 0 0 0 0 566 0 0 39 19 1 0 26 0 0 18446744073709551615 0 0 0 0 0 0 0 2147483647 0 0 0 0 17 5 0 0 0 0 0 0 0 0 0 0 0 0 0
97 (khugepaged) S 2 0 0 0 -1 2097216 0 0 0 0 0 566 0 0 39 19 1 0 26 0 0 18446744073709551615 0 0 0 0 0 0 0 2147483647 0 0 0 0 17 5 0 0 0 0 0 0 0 0 0 0 0 0 0
97 (khugepaged) S 2 0 0 0 -1 2097216 0 0 0 0 0 566 0 0 39 19 1 0 26 0 0 18446744073709551615 0 0 0 0 0 0 0 2147483647 0 0 0 0 17 5 0 0 0 0 0 0 0 0 0 0 0 0 0
97 (khugepaged) S 2 0 0 0 -1 2097216 0 0 0 0 0 566 0 0 39 19 1 0 26 0 0 18446744073709551615 0 0 0 0 0 0 0 2147483647 0 0 0 0 17 5 0 0 0 0 0 0 0 0 0 0 0 0 0
97 (khugepaged) S 2 0 0 0 -1 2097216 0 0 0 0 0 593 0 0 39 19 1 0 26 0 0 18446744073709551615 0 0 0 0 0 0 0 2147483647 0 0 0 0 17 1 0 0 0 0 0 0 0 0 0 0 0 0 0
97 (khugepaged) S 2 0 0 0 -1 2097216 0 0 0 0 0 593 0 0 39 19 1 0 26 0 0 18446744073709551615 0 0 0 0 0 0 0 2147483647 0 0 0 0 17 1 0 0 0 0 0 0 0 0 0 0 0 0 0
97 (khugepaged) S 2 0 0 0 -1 2097216 0 0 0 0 0 593 0 0 39 19 1 0 26 0 0 18446744073709551615 0 0 0 0 0 0 0 2147483647 0 0 0 0 17 1 0 0 0 0 0 0 0 0 0 0 0 0 0
97 (khugepaged) S 2 0 0 0 -1 2097216 0 0 0 0 0 593 0 0 39 19 1 0 26 0 0 18446744073709551615 0 0 0 0 0 0 0 2147483647 0 0 0 0 17 1 0 0 0 0 0 0 0 0 0 0 0 0 0
97 (khugepaged) S 2 0 0 0 -1 2097216 0 0 0 0 0 593 0 0 39 19 1 0 26 0 0 18446744073709551615 0 0 0 0 0 0 0 2147483647 0 0 0 0 17 1 0 0 0 0 0 0 0 0 0 0 0 0 0
97 (khugepaged) S 2 0 0 0 -1 2097216 0 0 0 0 0 593 0 0 39 19 1 0 26 0 0 18446744073709551615 0 0 0 0 0 0 0 2147483647 0 0 0 0 17 1 0 0 0 0 0 0 0 0 0 0 0 0 0
97 (khugepaged) S 2 0 0 0 -1 2097216 0 0 0 0 0 593 0 0 39 19 1 0 26 0 0 18446744073709551615 0 0 0 0 0 0 0 2147483647 0 0 0 0 17 1 0 0 0 0 0 0 0 0 0 0 0 0 0
97 (khugepaged) S 2 0 0 0 -1 2097216 0 0 0 0 0 593 0 0 39 19 1 0 26 0 0 18446744073709551615 0 0 0 0 0 0 0 2147483647 0 0 0 0 17 1 0 0 0 0 0 0 0 0 0 0 0 0 0
97 (khugepaged) S 2 0 0 0 -1 2097216 0 0 0 0 0 593 0 0 39 19 1 0 26 0 0 18446744073709551615 0 0 0 0 0 0 0 2147483647 0 0 0 0 17 1 0 0 0 0 0 0 0 0 0 0 0 0 0
97 (khugepaged) S 2 0 0 0 -1 2097216 0 0 0 0 0 593 0 0 39 19 1 0 26 0 0 18446744073709551615 0 0 0 0 0 0 0 2147483647 0 0 0 0 17 1 0 0 0 0 0 0 0 0 0 0 0 0 0
97 (khugepaged) S 2 0 0 0 -1 2097216 0 0 0 0 0 596 0 0 39 19 1 0 26 0 0 18446744073709551615 0 0 0 0 0 0 0 2147483647 0 0 0 0 17 1 0 0 0 0 0 0 0 0 0 0 0 0 0
97 (khugepaged) S 2 0 0 0 -1 2097216 0 0 0 0 0 596 0 0 39 19 1 0 26 0 0 18446744073709551615 0 0 0 0 0 0 0 2147483647 0 0 0 0 17 1 0 0 0 0 0 0 0 0 0 0 0 0 0
97 (khugepaged) S 2 0 0 0 -1 2097216 0 0 0 0 0 596 0 0 39 19 1 0 26 0 0 18446744073709551615 0 0 0 0 0 0 0 2147483647 0 0 0 0 17 1 0 0 0 0 0 0 0 0 0 0 0 0 0
97 (khugepaged) S 2 0 0 0 -1 2097216 0 0 0 0 0 596 0 0 39 19 1 0 26 0 0 18446744073709551615 0 0 0 0 0 0 0 2147483647 0 0 0 0 17 1 0 0 0 0 0 0 0 0 0 0 0 0 0
97 (khugepaged) S 2 0 0 0 -1 2097216 0 0 0 0 0 596 0 0 39 19 1 0 26 0 0 18446744073709551615 0 0 0 0 0 0 0 2147483647 0 0 0 0 17 1 0 0 0 0 0 0 0 0 0 0 0 0 0
97 (khugepaged) S 2 0 0 0 -1 2097216 0 0 0 0 0 596 0 0 39 19 1 0 26 0 0 18446744073709551615 0 0 0 0 0 0 0 2147483647 0 0 0 0 17 1 0 0 0 0 0 0 0 0 0 0 0 0 0
97 (khugepaged) S 2 0 0 0 -1 2097216 0 0 0 0 0 596 0 0 39 19 1 0 26 0 0 18446744073709551615 0 0 0 0 0 0 0 2147483647 0 0 0 0 17 1 0 0 0 0 0 0 0 0 0 0 0 0 0
97 (khugepaged) S 2 0 0 0 -1 2097216 0 0 0 0 0 596 0 0 39 19 1 0 26 0 0 18446744073709551615 0 0 0 0 0 0 0 2147483647 0 0 0 0 17 1 0 0 0 0 0 0 0 0 0 0 0 0 0
97 (khugepaged) S 2 0 0 0 -1 2097216 0 0 0 0 0 596 0 0 39 19 1 0 26 0 0 18446744073709551615 0 0 0 0 0 0 0 2147483647 0 0 0 0 17 1 0 0 0 0 0 0 0 0 0 0 0 0 0
97 (khugepaged) S 2 0 0 0 -1 2097216 0 0 0 0 0 596 0 0 39 19 1 0 26 0 0 18446744073709551615 0 0 0 0 0 0 0 2147483647 0 0 0 0 17 1 0 0 0 0 0 0 0 0 0 0 0 0 0
97 (khugepaged) S 2 0 0 0 -1 2097216 0 0 0 0 0 596 0 0 39 19 1 0 26 0 0 18446744073709551615 0 0 0 0 0 0 0 2147483647 0 0 0 0 17 1 0 0 0 0 0 0 0 0 0 0 0 0 0
97 (khugepaged) S 2 0 0 0 -1 2097216 0 0 0 0 0 596 0 0 39 19 1 0 26 0 0 18446744073709551615 0 0 0 0 0 0 0 2147483647 0 0 0 0 17 1 0 0 0 0 0 0 0 0 0 0 0 0 0
97 (khugepaged) S 2 0 0 0 -1 2097216 0 0 0 0 0 596 0 0 39 19 1 0 26 0 0 18446744073709551615 0 0 0 0 0 0 0 2147483647 0 0 0 0 17 1 0 0 0 0 0 0 0 0 0 0 0 0 0
97 (khugepaged) S 2 0 0 0 -1 2097216 0 0 0 0 0 596 0 0 39 19 1 0 26 0 0 18446744073709551615 0 0 0 0 0 0 0 2147483647 0 0 0 0 17 1 0 0 0 0 0 0 0 0 0 0 0 0 0
97 (khugepaged) S 2 0 0 0 -1 2097216 0 0 0 0 0 596 0 0 39 19 1 0 26 0 0 18446744073709551615 0 0 0 0 0 0 0 2147483647 0 0 0 0 17 1 0 0 0 0 0 0 0 0 0 0 0 0 0
97 (khugepaged) S 2 0 0 0 -1 2097216 0 0 0 0 0 596 0 0 39 19 1 0 26 0 0 18446744073709551615 0 0 0 0 0 0 0 2147483647 0 0 0 0 17 1 0 0 0 0 0 0 0 0 0 0 0 0 0
97 (khugepaged) S 2 0 0 0 -1 2097216 0 0 0 0 0 596 0 0 39 19 1 0 26 0 0 18446744073709551615 0 0 0 0 0 0 0 2147483647 0 0 0 0 17 1 0 0 0 0 0 0 0 0 0 0 0 0 0
97 (khugepaged) S 2 0 0 0 -1 2097216 0 0 0 0 0 596 0 0 39 19 1 0 26 0 0 18446744073709551615 0 0 0 0 0 0 0 2147483647 0 0 0 0 17 1 0 0 0 0 0 0 0 0 0 0 0 0 0
97 (khugepaged) R 2 0 0 0 -1 2097216 0 0 0 0 0 612 0 0 39 19 1 0 26 0 0 18446744073709551615 0 0 0 0 0 0 0 2147483647 0 0 0 0 17 2 0 0 0 0 0 0 0 0 0 0 0 0 0
97 (khugepaged) S 2 0 0 0 -1 2097216 0 0 0 0 0 696 0 0 39 19 1 0 26 0 0 18446744073709551615 0 0 0 0 0 0 0 2147483647 0 0 0 0 17 3 0 0 0 0 0 0 0 0 0 0 0 0 0
97 (khugepaged) S 2 0 0 0 -1 2097216 0 0 0 0 0 696 0 0 39 19 1 0 26 0 0 18446744073709551615 0 0 0 0 0 0 0 2147483647 0 0 0 0 17 3 0 0 0 0 0 0 0 0 0 0 0 0 0
97 (khugepaged) S 2 0 0 0 -1 2097216 0 0 0 0 0 696 0 0 39 19 1 0 26 0 0 18446744073709551615 0 0 0 0 0 0 0 2147483647 0 0 0 0 17 3 0 0 0 0 0 0 0 0 0 0 0 0 0
97 (khugepaged) S 2 0 0 0 -1 2097216 0 0 0 0 0 696 0 0 39 19 1 0 26 0 0 18446744073709551615 0 0 0 0 0 0 0 2147483647 0 0 0 0 17 3 0 0 0 0 0 0 0 0 0 0 0 0 0
97 (khugepaged) S 2 0 0 0 -1 2097216 0 0 0 0 0 696 0 0 39 19 1 0 26 0 0 18446744073709551615 0 0 0 0 0 0 0 2147483647 0 0 0 0 17 3 0 0 0 0 0 0 0 0 0 0 0 0 0
97 (khugepaged) S 2 0 0 0 -1 2097216 0 0 0 0 0 696 0 0 39 19 1 0 26 0 0 18446744073709551615 0 0 0 0 0 0 0 2147483647 0 0 0 0 17 3 0 0 0 0 0 0 0 0 0 0 0 0 0
97 (khugepaged) S 2 0 0 0 -1 2097216 0 0 0 0 0 696 0 0 39 19 1 0 26 0 0 18446744073709551615 0 0 0 0 0 0 0 2147483647 0 0 0 0 17 3 0 0 0 0 0 0 0 0 0 0 0 0 0
97 (khugepaged) S 2 0 0 0 -1 2097216 0 0 0 0 0 696 0 0 39 19 1 0 26 0 0 18446744073709551615 0 0 0 0 0 0 0 2147483647 0 0 0 0 17 3 0 0 0 0 0 0 0 0 0 0 0 0 0
97 (khugepaged) S 2 0 0 0 -1 2097216 0 0 0 0 0 696 0 0 39 19 1 0 26 0 0 18446744073709551615 0 0 0 0 0 0 0 2147483647 0 0 0 0 17 3 0 0 0 0 0 0 0 0 0 0 0 0 0
97 (khugepaged) S 2 0 0 0 -1 2097216 0 0 0 0 0 696 0 0 39 19 1 0 26 0 0 18446744073709551615 0 0 0 0 0 0 0 2147483647 0 0 0 0 17 3 0 0 0 0 0 0 0 0 0 0 0 0 0
97 (khugepaged) S 2 0 0 0 -1 2097216 0 0 0 0 0 698 0 0 39 19 1 0 26 0 0 18446744073709551615 0 0 0 0 0 0 0 2147483647 0 0 0 0 17 2 0 0 0 0 0 0 0 0 0 0 0 0 0
97 (khugepaged) S 2 0 0 0 -1 2097216 0 0 0 0 0 698 0 0 39 19 1 0 26 0 0 18446744073709551615 0 0 0 0 0 0 0 2147483647 0 0 0 0 17 2 0 0 0 0 0 0 0 0 0 0 0 0 0
97 (khugepaged) S 2 0 0 0 -1 2097216 0 0 0 0 0 698 0 0 39 19 1 0 26 0 0 18446744073709551615 0 0 0 0 0 0 0 2147483647 0 0 0 0 17 2 0 0 0 0 0 0 0 0 0 0 0 0 0
97 (khugepaged) S 2 0 0 0 -1 2097216 0 0 0 0 0 698 0 0 39 19 1 0 26 0 0 18446744073709551615 0 0 0 0 0 0 0 2147483647 0 0 0 0 17 2 0 0 0 0 0 0 0 0 0 0 0 0 0
97 (khugepaged) S 2 0 0 0 -1 2097216 0 0 0 0 0 698 0 0 39 19 1 0 26 0 0 18446744073709551615 0 0 0 0 0 0 0 2147483647 0 0 0 0 17 2 0 0 0 0 0 0 0 0 0 0 0 0 0
97 (khugepaged) S 2 0 0 0 -1 2097216 0 0 0 0 0 698 0 0 39 19 1 0 26 0 0 18446744073709551615 0 0 0 0 0 0 0 2147483647 0 0 0 0 17 2 0 0 0 0 0 0 0 0 0 0 0 0 0
97 (khugepaged) S 2 0 0 0 -1 2097216 0 0 0 0 0 698 0 0 39 19 1 0 26 0 0 18446744073709551615 0 0 0 0 0 0 0 2147483647 0 0 0 0 17 2 0 0 0 0 0 0 0 0 0 0 0 0 0
97 (khugepaged) S 2 0 0 0 -1 2097216 0 0 0 0 0 698 0 0 39 19 1 0 26 0 0 18446744073709551615 0 0 0 0 0 0 0 2147483647 0 0 0 0 17 2 0 0 0 0 0 0 0 0 0 0 0 0 0
97 (khugepaged) S 2 0 0 0 -1 2097216 0 0 0 0 0 698 0 0 39 19 1 0 26 0 0 18446744073709551615 0 0 0 0 0 0 0 2147483647 0 0 0 0 17 2 0 0 0 0 0 0 0 0 0 0 0 0 0
97 (khugepaged) S 2 0 0 0 -1 2097216 0 0 0 0 0 698 0 0 39 19 1 0 26 0 0 18446744073709551615 0 0 0 0 0 0 0 2147483647 0 0 0 0 17 2 0 0 0 0 0 0 0 0 0 0 0 0 0
97 (khugepaged) S 2 0 0 0 -1 2097216 0 0 0 0 0 698 0 0 39 19 1 0 26 0 0 18446744073709551615 0 0 0 0 0 0 0 2147483647 0 0 0 0 17 2 0 0 0 0 0 0 0 0 0 0 0 0 0
97 (khugepaged) S 2 0 0 0 -1 2097216 0 0 0 0 0 698 0 0 39 19 1 0 26 0 0 18446744073709551615 0 0 0 0 0 0 0 2147483647 0 0 0 0 17 2 0 0 0 0 0 0 0 0 0 0 0 0 0
97 (khugepaged) S 2 0 0 0 -1 2097216 0 0 0 0 0 698 0 0 39 19 1 0 26 0 0 18446744073709551615 0 0 0 0 0 0 0 2147483647 0 0 0 0 17 2 0 0 0 0 0 0 0 0 0 0 0 0 0
97 (khugepaged) S 2 0 0 0 -1 2097216 0 0 0 0 0 698 0 0 39 19 1 0 26 0 0 18446744073709551615 0 0 0 0 0 0 0 2147483647 0 0 0 0 17 2 0 0 0 0 0 0 0 0 0 0 0 0 0
97 (khugepaged) S 2 0 0 0 -1 2097216 0 0 0 0 0 698 0 0 39 19 1 0 26 0 0 18446744073709551615 0 0 0 0 0 0 0 2147483647 0 0 0 0 17 2 0 0 0 0 0 0 0 0 0 0 0 0 0
97 (khugepaged) S 2 0 0 0 -1 2097216 0 0 0 0 0 698 0 0 39 19 1 0 26 0 0 18446744073709551615 0 0 0 0 0 0 0 2147483647 0 0 0 0 17 2 0 0 0 0 0 0 0 0 0 0 0 0 0
97 (khugepaged) S 2 0 0 0 -1 2097216 0 0 0 0 0 698 0 0 39 19 1 0 26 0 0 18446744073709551615 0 0 0 0 0 0 0 2147483647 0 0 0 0 17 2 0 0 0 0 0 0 0 0 0 0 0 0 0
97 (khugepaged) S 2 0 0 0 -1 2097216 0 0 0 0 0 698 0 0 39 19 1 0 26 0 0 18446744073709551615 0 0 0 0 0 0 0 2147483647 0 0 0 0 17 2 0 0 0 0 0 0 0 0 0 0 0 0 0
97 (khugepaged) S 2 0 0 0 -1 2097216 0 0 0 0 0 698 0 0 39 19 1 0 26 0 0 18446744073709551615 0 0 0 0 0 0 0 2147483647 0 0 0 0 17 2 0 0 0 0 0 0 0 0 0 0 0 0 0
97 (khugepaged) S 2 0 0 0 -1 2097216 0 0 0 0 0 698 0 0 39 19 1 0 26 0 0 18446744073709551615 0 0 0 0 0 0 0 2147483647 0 0 0 0 17 2 0 0 0 0 0 0 0 0 0 0 0 0 0
97 (khugepaged) S 2 0 0 0 -1 2097216 0 0 0 0 0 698 0 0 39 19 1 0 26 0 0 18446744073709551615 0 0 0 0 0 0 0 2147483647 0 0 0 0 17 4 0 0 0 0 0 0 0 0 0 0 0 0 0
97 (khugepaged) S 2 0 0 0 -1 2097216 0 0 0 0 0 698 0 0 39 19 1 0 26 0 0 18446744073709551615 0 0 0 0 0 0 0 2147483647 0 0 0 0 17 4 0 0 0 0 0 0 0 0 0 0 0 0 0
97 (khugepaged) S 2 0 0 0 -1 2097216 0 0 0 0 0 698 0 0 39 19 1 0 26 0 0 18446744073709551615 0 0 0 0 0 0 0 2147483647 0 0 0 0 17 4 0 0 0 0 0 0 0 0 0 0 0 0 0
97 (khugepaged) S 2 0 0 0 -1 2097216 0 0 0 0 0 698 0 0 39 19 1 0 26 0 0 18446744073709551615 0 0 0 0 0 0 0 2147483647 0 0 0 0 17 4 0 0 0 0 0 0 0 0 0 0 0 0 0
97 (khugepaged) S 2 0 0 0 -1 2097216 0 0 0 0 0 698 0 0 39 19 1 0 26 0 0 18446744073709551615 0 0 0 0 0 0 0 2147483647 0 0 0 0 17 4 0 0 0 0 0 0 0 0 0 0 0 0 0
97 (khugepaged) S 2 0 0 0 -1 2097216 0 0 0 0 0 698 0 0 39 19 1 0 26 0 0 18446744073709551615 0 0 0 0 0 0 0 2147483647 0 0 0 0 17 4 0 0 0 0 0 0 0 0 0 0 0 0 0
97 (khugepaged) S 2 0 0 0 -1 2097216 0 0 0 0 0 698 0 0 39 19 1 0 26 0 0 18446744073709551615 0 0 0 0 0 0 0 2147483647 0 0 0 0 17 4 0 0 0 0 0 0 0 0 0 0 0 0 0
97 (khugepaged) S 2 0 0 0 -1 2097216 0 0 0 0 0 698 0 0 39 19 1 0 26 0 0 18446744073709551615 0 0 0 0 0 0 0 2147483647 0 0 0 0 17 4 0 0 0 0 0 0 0 0 0 0 0 0 0
97 (khugepaged) S 2 0 0 0 -1 2097216 0 0 0 0 0 698 0 0 39 19 1 0 26 0 0 18446744073709551615 0 0 0 0 0 0 0 2147483647 0 0 0 0 17 4 0 0 0 0 0 0 0 0 0 0 0 0 0
97 (khugepaged) S 2 0 0 0 -1 2097216 0 0 0 0 0 698 0 0 39 19 1 0 26 0 0 18446744073709551615 0 0 0 0 0 0 0 2147483647 0 0 0 0 17 4 0 0 0 0 0 0 0 0 0 0 0 0 0
97 (khugepaged) S 2 0 0 0 -1 2097216 0 0 0 0 0 698 0 0 39 19 1 0 26 0 0 18446744073709551615 0 0 0 0 0 0 0 2147483647 0 0 0 0 17 5 0 0 0 0 0 0 0 0 0 0 0 0 0
97 (khugepaged) S 2 0 0 0 -1 2097216 0 0 0 0 0 698 0 0 39 19 1 0 26 0 0 18446744073709551615 0 0 0 0 0 0 0 2147483647 0 0 0 0 17 5 0 0 0 0 0 0 0 0 0 0 0 0 0
97 (khugepaged) S 2 0 0 0 -1 2097216 0 0 0 0 0 698 0 0 39 19 1 0 26 0 0 18446744073709551615 0 0 0 0 0 0 0 2147483647 0 0 0 0 17 5 0 0 0 0 0 0 0 0 0 0 0 0 0
97 (khugepaged) S 2 0 0 0 -1 2097216 0 0 0 0 0 698 0 0 39 19 1 0 26 0 0 18446744073709551615 0 0 0 0 0 0 0 2147483647 0 0 0 0 17 5 0 0 0 0 0 0 0 0 0 0 0 0 0
97 (khugepaged) S 2 0 0 0 -1 2097216 0 0 0 0 0 698 0 0 39 19 1 0 26 0 0 18446744073709551615 0 0 0 0 0 0 0 2147483647 0 0 0 0 17 5 0 0 0 0 0 0 0 0 0 0 0 0 0
97 (khugepaged) S 2 0 0 0 -1 2097216 0 0 0 0 0 698 0 0 39 19 1 0 26 0 0 18446744073709551615 0 0 0 0 0 0 0 2147483647 0 0 0 0 17 5 0 0 0 0 0 0 0 0 0 0 0 0 0
97 (khugepaged) S 2 0 0 0 -1 2097216 0 0 0 0 0 698 0 0 39 19 1 0 26 0 0 18446744073709551615 0 0 0 0 0 0 0 2147483647 0 0 0 0 17 5 0 0 0 0 0 0 0 0 0 0 0 0 0
97 (khugepaged) S 2 0 0 0 -1 2097216 0 0 0 0 0 698 0 0 39 19 1 0 26 0 0 18446744073709551615 0 0 0 0 0 0 0 2147483647 0 0 0 0 17 5 0 0 0 0 0 0 0 0 0 0 0 0 0
97 (khugepaged) S 2 0 0 0 -1 2097216 0 0 0 0 0 698 0 0 39 19 1 0 26 0 0 18446744073709551615 0 0 0 0 0 0 0 2147483647 0 0 0 0 17 5 0 0 0 0 0 0 0 0 0 0 0 0 0
97 (khugepaged) S 2 0 0 0 -1 2097216 0 0 0 0 0 698 0 0 39 19 1 0 26 0 0 18446744073709551615 0 0 0 0 0 0 0 2147483647 0 0 0 0 17 5 0 0 0 0 0 0 0 0 0 0 0 0 0
97 (khugepaged) S 2 0 0 0 -1 2097216 0 0 0 0 0 698 0 0 39 19 1 0 26 0 0 18446744073709551615 0 0 0 0 0 0 0 2147483647 0 0 0 0 17 0 0 0 0 0 0 0 0 0 0 0 0 0 0
97 (khugepaged) S 2 0 0 0 -1 2097216 0 0 0 0 0 698 0 0 39 19 1 0 26 0 0 18446744073709551615 0 0 0 0 0 0 0 2147483647 0 0 0 0 17 0 0 0 0 0 0 0 0 0 0 0 0 0 0
97 (khugepaged) S 2 0 0 0 -1 2097216 0 0 0 0 0 698 0 0 39 19 1 0 26 0 0 18446744073709551615 0 0 0 0 0 0 0 2147483647 0 0 0 0 17 0 0 0 0 0 0 0 0 0 0 0 0 0 0
97 (khugepaged) S 2 0 0 0 -1 2097216 0 0 0 0 0 698 0 0 39 19 1 0 26 0 0 18446744073709551615 0 0 0 0 0 0 0 2147483647 0 0 0 0 17 0 0 0 0 0 0 0 0 0 0 0 0 0 0
97 (khugepaged) S 2 0 0 0 -1 2097216 0 0 0 0 0 698 0 0 39 19 1 0 26 0 0 18446744073709551615 0 0 0 0 0 0 0 2147483647 0 0 0 0 17 0 0 0 0 0 0 0 0 0 0 0 0 0 0
97 (khugepaged) S 2 0 0 0 -1 2097216 0 0 0 0 0 698 0 0 39 19 1 0 26 0 0 18446744073709551615 0 0 0 0 0 0 0 2147483647 0 0 0 0 17 0 0 0 0 0 0 0 0 0 0 0 0 0 0
97 (khugepaged) S 2 0 0 0 -1 2097216 0 0 0 0 0 698 0 0 39 19 1 0 26 0 0 18446744073709551615 0 0 0 0 0 0 0 2147483647 0 0 0 0 17 0 0 0 0 0 0 0 0 0 0 0 0 0 0
97 (khugepaged) S 2 0 0 0 -1 2097216 0 0 0 0 0 698 0 0 39 19 1 0 26 0 0 18446744073709551615 0 0 0 0 0 0 0 2147483647 0 0 0 0 17 0 0 0 0 0 0 0 0 0 0 0 0 0 0
97 (khugepaged) S 2 0 0 0 -1 2097216 0 0 0 0 0 698 0 0 39 19 1 0 26 0 0 18446744073709551615 0 0 0 0 0 0 0 2147483647 0 0 0 0 17 0 0 0 0 0 0 0 0 0 0 0 0 0 0
97 (khugepaged) S 2 0 0 0 -1 2097216 0 0 0 0 0 698 0 0 39 19 1 0 26 0 0 18446744073709551615 0 0 0 0 0 0 0 2147483647 0 0 0 0 17 0 0 0 0 0 0 0 0 0 0 0 0 0 0
97 (khugepaged) S 2 0 0 0 -1 2097216 0 0 0 0 0 698 0 0 39 19 1 0 26 0 0 18446744073709551615 0 0 0 0 0 0 0 2147483647 0 0 0 0 17 2 0 0 0 0 0 0 0 0 0 0 0 0 0
97 (khugepaged) S 2 0 0 0 -1 2097216 0 0 0 0 0 698 0 0 39 19 1 0 26 0 0 18446744073709551615 0 0 0 0 0 0 0 2147483647 0 0 0 0 17 2 0 0 0 0 0 0 0 0 0 0 0 0 0
97 (khugepaged) S 2 0 0 0 -1 2097216 0 0 0 0 0 698 0 0 39 19 1 0 26 0 0 18446744073709551615 0 0 0 0 0 0 0 2147483647 0 0 0 0 17 2 0 0 0 0 0 0 0 0 0 0 0 0 0
97 (khugepaged) S 2 0 0 0 -1 2097216 0 0 0 0 0 698 0 0 39 19 1 0 26 0 0 18446744073709551615 0 0 0 0 0 0 0 2147483647 0 0 0 0 17 2 0 0 0 0 0 0 0 0 0 0 0 0 0
97 (khugepaged) S 2 0 0 0 -1 2097216 0 0 0 0 0 698 0 0 39 19 1 0 26 0 0 18446744073709551615 0 0 0 0 0 0 0 2147483647 0 0 0 0 17 2 0 0 0 0 0 0 0 0 0 0 0 0 0
97 (khugepaged) S 2 0 0 0 -1 2097216 0 0 0 0 0 698 0 0 39 19 1 0 26 0 0 18446744073709551615 0 0 0 0 0 0 0 2147483647 0 0 0 0 17 2 0 0 0 0 0 0 0 0 0 0 0 0 0
97 (khugepaged) S 2 0 0 0 -1 2097216 0 0 0 0 0 698 0 0 39 19 1 0 26 0 0 18446744073709551615 0 0 0 0 0 0 0 2147483647 0 0 0 0 17 2 0 0 0 0 0 0 0 0 0 0 0 0 0
97 (khugepaged) S 2 0 0 0 -1 2097216 0 0 0 0 0 698 0 0 39 19 1 0 26 0 0 18446744073709551615 0 0 0 0 0 0 0 2147483647 0 0 0 0 17 2 0 0 0 0 0 0 0 0 0 0 0 0 0
97 (khugepaged) S 2 0 0 0 -1 2097216 0 0 0 0 0 698 0 0 39 19 1 0 26 0 0 18446744073709551615 0 0 0 0 0 0 0 2147483647 0 0 0 0 17 2 0 0 0 0 0 0 0 0 0 0 0 0 0
97 (khugepaged) S 2 0 0 0 -1 2097216 0 0 0 0 0 698 0 0 39 19 1 0 26 0 0 18446744073709551615 0 0 0 0 0 0 0 2147483647 0 0 0 0 17 2 0 0 0 0 0 0 0 0 0 0 0 0 0
97 (khugepaged) S 2 0 0 0 -1 2097216 0 0 0 0 0 698 0 0 39 19 1 0 26 0 0 18446744073709551615 0 0 0 0 0 0 0 2147483647 0 0 0 0 17 4 0 0 0 0 0 0 0 0 0 0 0 0 0
97 (khugepaged) S 2 0 0 0 -1 2097216 0 0 0 0 0 698 0 0 39 19 1 0 26 0 0 18446744073709551615 0 0 0 0 0 0 0 2147483647 0 0 0 0 17 4 0 0 0 0 0 0 0 0 0 0 0 0 0
97 (khugepaged) S 2 0 0 0 -1 2097216 0 0 0 0 0 698 0 0 39 19 1 0 26 0 0 18446744073709551615 0 0 0 0 0 0 0 2147483647 0 0 0 0 17 4 0 0 0 0 0 0 0 0 0 0 0 0 0
97 (khugepaged) S 2 0 0 0 -1 2097216 0 0 0 0 0 698 0 0 39 19 1 0 26 0 0 18446744073709551615 0 0 0 0 0 0 0 2147483647 0 0 0 0 17 4 0 0 0 0 0 0 0 0 0 0 0 0 0
97 (khugepaged) S 2 0 0 0 -1 2097216 0 0 0 0 0 698 0 0 39 19 1 0 26 0 0 18446744073709551615 0 0 0 0 0 0 0 2147483647 0 0 0 0 17 4 0 0 0 0 0 0 0 0 0 0 0 0 0
97 (khugepaged) S 2 0 0 0 -1 2097216 0 0 0 0 0 698 0 0 39 19 1 0 26 0 0 18446744073709551615 0 0 0 0 0 0 0 2147483647 0 0 0 0 17 4 0 0 0 0 0 0 0 0 0 0 0 0 0
97 (khugepaged) S 2 0 0 0 -1 2097216 0 0 0 0 0 698 0 0 39 19 1 0 26 0 0 18446744073709551615 0 0 0 0 0 0 0 2147483647 0 0 0 0 17 4 0 0 0 0 0 0 0 0 0 0 0 0 0
97 (khugepaged) S 2 0 0 0 -1 2097216 0 0 0 0 0 698 0 0 39 19 1 0 26 0 0 18446744073709551615 0 0 0 0 0 0 0 2147483647 0 0 0 0 17 4 0 0 0 0 0 0 0 0 0 0 0 0 0
97 (khugepaged) S 2 0 0 0 -1 2097216 0 0 0 0 0 698 0 0 39 19 1 0 26 0 0 18446744073709551615 0 0 0 0 0 0 0 2147483647 0 0 0 0 17 4 0 0 0 0 0 0 0 0 0 0 0 0 0
97 (khugepaged) S 2 0 0 0 -1 2097216 0 0 0 0 0 698 0 0 39 19 1 0 26 0 0 18446744073709551615 0 0 0 0 0 0 0 2147483647 0 0 0 0 17 4 0 0 0 0 0 0 0 0 0 0 0 0 0
97 (khugepaged) S 2 0 0 0 -1 2097216 0 0 0 0 0 698 0 0 39 19 1 0 26 0 0 18446744073709551615 0 0 0 0 0 0 0 2147483647 0 0 0 0 17 4 0 0 0 0 0 0 0 0 0 0 0 0 0
97 (khugepaged) S 2 0 0 0 -1 2097216 0 0 0 0 0 698 0 0 39 19 1 0 26 0 0 18446744073709551615 0 0 0 0 0 0 0 2147483647 0 0 0 0 17 4 0 0 0 0 0 0 0 0 0 0 0 0 0
97 (khugepaged) S 2 0 0 0 -1 2097216 0 0 0 0 0 698 0 0 39 19 1 0 26 0 0 18446744073709551615 0 0 0 0 0 0 0 2147483647 0 0 0 0 17 4 0 0 0 0 0 0 0 0 0 0 0 0 0
97 (khugepaged) S 2 0 0 0 -1 2097216 0 0 0 0 0 698 0 0 39 19 1 0 26 0 0 18446744073709551615 0 0 0 0 0 0 0 2147483647 0 0 0 0 17 4 0 0 0 0 0 0 0 0 0 0 0 0 0
97 (khugepaged) S 2 0 0 0 -1 2097216 0 0 0 0 0 698 0 0 39 19 1 0 26 0 0 18446744073709551615 0 0 0 0 0 0 0 2147483647 0 0 0 0 17 4 0 0 0 0 0 0 0 0 0 0 0 0 0
97 (khugepaged) S 2 0 0 0 -1 2097216 0 0 0 0 0 698 0 0 39 19 1 0 26 0 0 18446744073709551615 0 0 0 0 0 0 0 2147483647 0 0 0 0 17 4 0 0 0 0 0 0 0 0 0 0 0 0 0
97 (khugepaged) S 2 0 0 0 -1 2097216 0 0 0 0 0 698 0 0 39 19 1 0 26 0 0 18446744073709551615 0 0 0 0 0 0 0 2147483647 0 0 0 0 17 4 0 0 0 0 0 0 0 0 0 0 0 0 0
97 (khugepaged) S 2 0 0 0 -1 2097216 0 0 0 0 0 698 0 0 39 19 1 0 26 0 0 18446744073709551615 0 0 0 0 0 0 0 2147483647 0 0 0 0 17 4 0 0 0 0 0 0 0 0 0 0 0 0 0
97 (khugepaged) S 2 0 0 0 -1 2097216 0 0 0 0 0 698 0 0 39 19 1 0 26 0 0 18446744073709551615 0 0 0 0 0 0 0 2147483647 0 0 0 0 17 4 0 0 0 0 0 0 0 0 0 0 0 0 0
