1036
1036
1036
1036
1036
1036
1036
1036
1036
1036
1036
1036
1036
1036
1036
1036
1036
1036
1036
1036
1036
1036
1036
1036
1036
1036
1036
1036
1036
1036
1036
1036
1036
1036
1036
1037
1037
1037
1037
1037
1037
1037
1037
1037
1037
1037
1037
1037
1037
1037
1037
1037
1037
1038
1038
1038
1038
1038
1038
1038
1038
1038
1156
2500
2500
2500
2500
2669
3919
3919
3919
3919
3919
3919
3919
3919
3919
3919
4065
4065
4065
4065
4065
4065
4065
4065
4065
4073
4073
4073
4073
4073
4073
4073
4073
4073
4076
4076
4076
4076
4076
4076
4076
4076
4076
4076
4078
4078
4078
4078
4078
4078
4078
4078
4078
4078
4080
4080
4080
4080
4080
4080
4080
4080
4080
4080
4081
4081
4081
4081
4081
4081
4081
4081
4081
4081
4082
4082
4082
4082
4082
4082
4082
4082
4082
4082
4082
4082
4082
4082
4082
4082
4082
4082
4082
4083
4083
4083
4083
4083
4083
4083
4083
4083
4083
4083
4083
4083
4083
4083
4083
4083
4164
4164
4164
4164
4164
4164
4164
4164
4164
4860
6230
6440
6440
6440
6440
6440
6440
6745
6745
6745
6745
6745
6745
6745
6745
6745
6745
6759
6759
6759
6759
6759
6759
6759
6759
6759
6841
6841
6841
6841
6841
6841
6841
6841
6841
7000
7000
7000
7000
7000
7000
7000
7000
7000
7000
7000
7000
7000
7000
7000
7000
7000
7000
7000
7000
7000
7000
7000
7000
7000
7000
7000
7000
7000
7000
7000
7000
7000
7000
7000
7000
7000
7000
7000
7000
7000
7000
7000
7000
7000
7000
7000
7000
7000
7000
7000
7000
7000
7000
7000
7000
7000
7000
7000
7000
7000
7000
7000
7000
7000
7000
7000
7000
7000
7000
7000
7000
7000
7000
7000
7000
7000
7000
7000
7000
7000
7000
7000
7000
7000
7000
7001
7001
7001
7001
7001
7001
7001
7001
7001
8063
9333
9333
9333
9333
9333
9333
9333
9333
9333
9333
9741
9741
9741
9741
9741
9741
9741
9748
9748
9748
9748
9748
9748
9748
9748
9748
9748
9748
9748
9748
9748
9748
9748
9748
9748
9748
9748
9748
9748
9748
9748
9748
9748
9748
9748
9748
9748
9748
9748
9748
9748
9748
9748
9748
9748
9748
9748
9748
9748
9748
9748
9748
9748
9748
9748
9748
9748
9748
9748
9748
9748
9748
9748
9748
9748
9748
9748
9748
9748
9748
9748
9748
9748
9748
9748
9748
9748
9748
9748
9748
9748
9748
9748
9748
9748
9748
9748
9748
9748
9748
9748
9748
9748
9748
9748
9748
9748
9748
9748
9748
9748
9748
9748
9748
9748
9748
9748
9748
9748
9748
9748
9748
9748
9748
9748
9748
9748
