0
0
0
0
0
0
0
0
0
0
0
0
0
0
0
0
0
0
0
0
0
0
0
0
0
0
0
0
0
0
0
0
0
0
2
2
2
2
2
2
2
2
2
2
2
2
2
2
2
2
2
2
2
2
2
2
2
2
2
2
2
960
960
960
960
960
960
960
2770
2770
2770
2770
2770
2770
2770
2770
2770
2770
2770
3022
3022
3022
3022
3022
3022
3022
3022
3022
3034
3034
3034
3034
3034
3034
3034
3034
3034
3035
3035
3035
3035
3035
3035
3035
3035
3035
3035
5564
5564
5564
5564
5564
5564
5564
5564
5564
5564
5564
5564
5564
5564
5564
5564
5564
5564
5564
5564
5564
5564
5564
5564
5564
5564
5564
5564
5564
5564
5564
5564
5564
5564
5564
5564
5564
5564
5564
5564
5564
5564
5564
5564
5564
5564
5564
5564
5564
5564
5564
5564
5564
5564
5564
5564
5564
5564
5564
5564
5564
5564
5564
5564
5564
5564
5564
5564
5564
5564
5564
5564
5564
5564
5564
5632
5960
5960
5960
5960
5960
5960
5960
5960
8062
8062
8062
8062
8062
8062
8062
8062
8062
8236
8236
8236
8236
8236
8236
8236
8236
8236
8246
8246
8246
8246
8246
8246
8246
8246
8246
8291
8291
8291
8291
8291
8291
8291
8291
8291
8412
8412
8412
8412
8412
8412
8412
8412
8412
11439
11439
11439
11439
11439
11439
11439
11439
11439
11439
11439
11439
11439
11439
11439
11439
11439
11439
11439
11439
11439
11439
11439
11439
11439
11439
11439
11439
11439
11439
11439
11439
11439
11439
11439
11439
11439
11439
11439
11439
11439
11439
11439
11439
11439
11439
11439
11439
11439
11439
11439
11439
11439
11439
11439
11439
11439
11439
11439
11439
11439
11439
11439
11439
11439
11439
11439
11439
11439
11439
11439
11439
11439
11439
11439
11439
11446
11469
11469
11469
11469
11469
11469
11469
11469
12278
13885
13885
13885
13885
13885
13885
13885
13885
14180
14180
14180
14180
14180
14180
14180
14180
14180
14187
14187
14187
14187
14187
14187
14187
14187
14187
14187
14187
14187
14187
14187
14187
14187
14187
14187
14187
14187
14187
14187
14187
14187
14187
14187
14187
14187
15132
15132
15132
15132
15132
15132
15132
15132
15132
17450
17450
17450
17450
17450
17450
17450
17450
17450
17450
17450
17450
17450
17450
17450
17450
17450
17450
17450
17450
17450
17450
17450
17450
17450
17450
17450
17450
17450
17450
17450
17450
17450
17450
17450
17450
17450
17450
17450
17450
17450
17450
17450
17450
17450
17450
17450
17450
17450
17450
17450
17450
17450
17450
17450
17450
17450
17450
17450
17450
17450
17450
17450
17450
17450
17450
17450
17450
