thp_fault_alloc 4735
thp_fault_fallback 1023
thp_collapse_alloc 1036
thp_collapse_alloc_failed 0
thp_split 3
thp_zero_page_alloc 1
thp_zero_page_alloc_failed 0
thp_promote 0
thp_fault_alloc 4784
thp_fault_fallback 1023
thp_collapse_alloc 1036
thp_collapse_alloc_failed 0
thp_split 3
thp_zero_page_alloc 1
thp_zero_page_alloc_failed 0
thp_promote 0
thp_fault_alloc 4830
thp_fault_fallback 1023
thp_collapse_alloc 1036
thp_collapse_alloc_failed 0
thp_split 3
thp_zero_page_alloc 1
thp_zero_page_alloc_failed 0
thp_promote 0
thp_fault_alloc 4876
thp_fault_fallback 1023
thp_collapse_alloc 1036
thp_collapse_alloc_failed 0
thp_split 3
thp_zero_page_alloc 1
thp_zero_page_alloc_failed 0
thp_promote 0
thp_fault_alloc 4922
thp_fault_fallback 1023
thp_collapse_alloc 1036
thp_collapse_alloc_failed 0
thp_split 3
thp_zero_page_alloc 1
thp_zero_page_alloc_failed 0
thp_promote 0
thp_fault_alloc 4968
thp_fault_fallback 1023
thp_collapse_alloc 1036
thp_collapse_alloc_failed 0
thp_split 3
thp_zero_page_alloc 1
thp_zero_page_alloc_failed 0
thp_promote 0
thp_fault_alloc 5014
thp_fault_fallback 1023
thp_collapse_alloc 1036
thp_collapse_alloc_failed 0
thp_split 3
thp_zero_page_alloc 1
thp_zero_page_alloc_failed 0
thp_promote 0
thp_fault_alloc 5041
thp_fault_fallback 1023
thp_collapse_alloc 1036
thp_collapse_alloc_failed 0
thp_split 3
thp_zero_page_alloc 1
thp_zero_page_alloc_failed 0
thp_promote 0
thp_fault_alloc 5041
thp_fault_fallback 1023
thp_collapse_alloc 1036
thp_collapse_alloc_failed 0
thp_split 3
thp_zero_page_alloc 1
thp_zero_page_alloc_failed 0
thp_promote 0
thp_fault_alloc 5041
thp_fault_fallback 1023
thp_collapse_alloc 1036
thp_collapse_alloc_failed 0
thp_split 3
thp_zero_page_alloc 1
thp_zero_page_alloc_failed 0
thp_promote 0
thp_fault_alloc 5041
thp_fault_fallback 1023
thp_collapse_alloc 1036
thp_collapse_alloc_failed 0
thp_split 3
thp_zero_page_alloc 1
thp_zero_page_alloc_failed 0
thp_promote 0
thp_fault_alloc 5041
thp_fault_fallback 1023
thp_collapse_alloc 1036
thp_collapse_alloc_failed 0
thp_split 3
thp_zero_page_alloc 1
thp_zero_page_alloc_failed 0
thp_promote 0
thp_fault_alloc 5041
thp_fault_fallback 1023
thp_collapse_alloc 1036
thp_collapse_alloc_failed 0
thp_split 3
thp_zero_page_alloc 1
thp_zero_page_alloc_failed 0
thp_promote 0
thp_fault_alloc 5041
thp_fault_fallback 1023
thp_collapse_alloc 1036
thp_collapse_alloc_failed 0
thp_split 3
thp_zero_page_alloc 1
thp_zero_page_alloc_failed 0
thp_promote 0
thp_fault_alloc 5041
thp_fault_fallback 1023
thp_collapse_alloc 1036
thp_collapse_alloc_failed 0
thp_split 3
thp_zero_page_alloc 1
thp_zero_page_alloc_failed 0
thp_promote 0
thp_fault_alloc 5041
thp_fault_fallback 1023
thp_collapse_alloc 1036
thp_collapse_alloc_failed 0
thp_split 3
thp_zero_page_alloc 1
thp_zero_page_alloc_failed 0
thp_promote 0
thp_fault_alloc 5041
thp_fault_fallback 1023
thp_collapse_alloc 1036
thp_collapse_alloc_failed 0
thp_split 3
thp_zero_page_alloc 1
thp_zero_page_alloc_failed 0
thp_promote 0
thp_fault_alloc 5041
thp_fault_fallback 1023
thp_collapse_alloc 1036
thp_collapse_alloc_failed 0
thp_split 3
thp_zero_page_alloc 1
thp_zero_page_alloc_failed 0
thp_promote 0
thp_fault_alloc 5041
thp_fault_fallback 1023
thp_collapse_alloc 1036
thp_collapse_alloc_failed 0
thp_split 3
thp_zero_page_alloc 1
thp_zero_page_alloc_failed 0
thp_promote 0
thp_fault_alloc 5041
thp_fault_fallback 1023
thp_collapse_alloc 1036
thp_collapse_alloc_failed 0
thp_split 3
thp_zero_page_alloc 1
thp_zero_page_alloc_failed 0
thp_promote 0
thp_fault_alloc 5041
thp_fault_fallback 1023
thp_collapse_alloc 1036
thp_collapse_alloc_failed 0
thp_split 3
thp_zero_page_alloc 1
thp_zero_page_alloc_failed 0
thp_promote 0
thp_fault_alloc 5041
thp_fault_fallback 1023
thp_collapse_alloc 1036
thp_collapse_alloc_failed 0
thp_split 3
thp_zero_page_alloc 1
thp_zero_page_alloc_failed 0
thp_promote 0
thp_fault_alloc 5041
thp_fault_fallback 1023
thp_collapse_alloc 1036
thp_collapse_alloc_failed 0
thp_split 3
thp_zero_page_alloc 1
thp_zero_page_alloc_failed 0
thp_promote 0
thp_fault_alloc 5041
thp_fault_fallback 1023
thp_collapse_alloc 1036
thp_collapse_alloc_failed 0
thp_split 3
thp_zero_page_alloc 1
thp_zero_page_alloc_failed 0
thp_promote 0
thp_fault_alloc 5041
thp_fault_fallback 1023
thp_collapse_alloc 1036
thp_collapse_alloc_failed 0
thp_split 3
thp_zero_page_alloc 1
thp_zero_page_alloc_failed 0
thp_promote 0
thp_fault_alloc 5041
thp_fault_fallback 1023
thp_collapse_alloc 1036
thp_collapse_alloc_failed 0
thp_split 3
thp_zero_page_alloc 1
thp_zero_page_alloc_failed 0
thp_promote 0
thp_fault_alloc 5041
thp_fault_fallback 1023
thp_collapse_alloc 1036
thp_collapse_alloc_failed 0
thp_split 3
thp_zero_page_alloc 1
thp_zero_page_alloc_failed 0
thp_promote 0
thp_fault_alloc 5041
thp_fault_fallback 1023
thp_collapse_alloc 1036
thp_collapse_alloc_failed 0
thp_split 3
thp_zero_page_alloc 1
thp_zero_page_alloc_failed 0
thp_promote 0
thp_fault_alloc 5046
thp_fault_fallback 1756
thp_collapse_alloc 1036
thp_collapse_alloc_failed 0
thp_split 736
thp_zero_page_alloc 1
thp_zero_page_alloc_failed 0
thp_promote 0
thp_fault_alloc 5049
thp_fault_fallback 6588
thp_collapse_alloc 1036
thp_collapse_alloc_failed 0
thp_split 5568
thp_zero_page_alloc 1
thp_zero_page_alloc_failed 0
thp_promote 0
thp_fault_alloc 5051
thp_fault_fallback 6588
thp_collapse_alloc 1036
thp_collapse_alloc_failed 0
thp_split 5568
thp_zero_page_alloc 1
thp_zero_page_alloc_failed 0
thp_promote 0
thp_fault_alloc 5053
thp_fault_fallback 6588
thp_collapse_alloc 1036
thp_collapse_alloc_failed 0
thp_split 5568
thp_zero_page_alloc 1
thp_zero_page_alloc_failed 0
thp_promote 0
thp_fault_alloc 5055
thp_fault_fallback 6588
thp_collapse_alloc 1036
thp_collapse_alloc_failed 0
thp_split 5568
thp_zero_page_alloc 1
thp_zero_page_alloc_failed 0
thp_promote 0
thp_fault_alloc 5057
thp_fault_fallback 6588
thp_collapse_alloc 1036
thp_collapse_alloc_failed 0
thp_split 5568
thp_zero_page_alloc 1
thp_zero_page_alloc_failed 0
thp_promote 0
thp_fault_alloc 5060
thp_fault_fallback 6588
thp_collapse_alloc 1036
thp_collapse_alloc_failed 0
thp_split 5568
thp_zero_page_alloc 1
thp_zero_page_alloc_failed 0
thp_promote 0
thp_fault_alloc 5063
thp_fault_fallback 6588
thp_collapse_alloc 1037
thp_collapse_alloc_failed 0
thp_split 5568
thp_zero_page_alloc 1
thp_zero_page_alloc_failed 0
thp_promote 0
thp_fault_alloc 5066
thp_fault_fallback 6588
thp_collapse_alloc 1037
thp_collapse_alloc_failed 0
thp_split 5568
thp_zero_page_alloc 1
thp_zero_page_alloc_failed 0
thp_promote 0
thp_fault_alloc 5069
thp_fault_fallback 6588
thp_collapse_alloc 1037
thp_collapse_alloc_failed 0
thp_split 5568
thp_zero_page_alloc 1
thp_zero_page_alloc_failed 0
thp_promote 0
thp_fault_alloc 5073
thp_fault_fallback 6588
thp_collapse_alloc 1037
thp_collapse_alloc_failed 0
thp_split 5568
thp_zero_page_alloc 1
thp_zero_page_alloc_failed 0
thp_promote 0
thp_fault_alloc 5075
thp_fault_fallback 6588
thp_collapse_alloc 1037
thp_collapse_alloc_failed 0
thp_split 5568
thp_zero_page_alloc 1
thp_zero_page_alloc_failed 0
thp_promote 0
thp_fault_alloc 5079
thp_fault_fallback 6588
thp_collapse_alloc 1037
thp_collapse_alloc_failed 0
thp_split 5568
thp_zero_page_alloc 1
thp_zero_page_alloc_failed 0
thp_promote 0
thp_fault_alloc 5084
thp_fault_fallback 6588
thp_collapse_alloc 1037
thp_collapse_alloc_failed 0
thp_split 5568
thp_zero_page_alloc 1
thp_zero_page_alloc_failed 0
thp_promote 0
thp_fault_alloc 5088
thp_fault_fallback 6588
thp_collapse_alloc 1037
thp_collapse_alloc_failed 0
thp_split 5568
thp_zero_page_alloc 1
thp_zero_page_alloc_failed 0
thp_promote 0
thp_fault_alloc 5092
thp_fault_fallback 6588
thp_collapse_alloc 1037
thp_collapse_alloc_failed 0
thp_split 5568
thp_zero_page_alloc 1
thp_zero_page_alloc_failed 0
thp_promote 0
thp_fault_alloc 5097
thp_fault_fallback 6588
thp_collapse_alloc 1037
thp_collapse_alloc_failed 0
thp_split 5568
thp_zero_page_alloc 1
thp_zero_page_alloc_failed 0
thp_promote 0
thp_fault_alloc 5101
thp_fault_fallback 6588
thp_collapse_alloc 1037
thp_collapse_alloc_failed 0
thp_split 5568
thp_zero_page_alloc 1
thp_zero_page_alloc_failed 0
thp_promote 0
thp_fault_alloc 5106
thp_fault_fallback 6588
thp_collapse_alloc 1037
thp_collapse_alloc_failed 0
thp_split 5568
thp_zero_page_alloc 1
thp_zero_page_alloc_failed 0
thp_promote 0
thp_fault_alloc 5112
thp_fault_fallback 6588
thp_collapse_alloc 1037
thp_collapse_alloc_failed 0
thp_split 5568
thp_zero_page_alloc 1
thp_zero_page_alloc_failed 0
thp_promote 0
thp_fault_alloc 5116
thp_fault_fallback 6588
thp_collapse_alloc 1037
thp_collapse_alloc_failed 0
thp_split 5568
thp_zero_page_alloc 1
thp_zero_page_alloc_failed 0
thp_promote 0
thp_fault_alloc 5121
thp_fault_fallback 6588
thp_collapse_alloc 1037
thp_collapse_alloc_failed 0
thp_split 5568
thp_zero_page_alloc 1
thp_zero_page_alloc_failed 0
thp_promote 0
thp_fault_alloc 5127
thp_fault_fallback 6588
thp_collapse_alloc 1037
thp_collapse_alloc_failed 0
thp_split 5568
thp_zero_page_alloc 1
thp_zero_page_alloc_failed 0
thp_promote 0
thp_fault_alloc 5132
thp_fault_fallback 6588
thp_collapse_alloc 1037
thp_collapse_alloc_failed 0
thp_split 5568
thp_zero_page_alloc 1
thp_zero_page_alloc_failed 0
thp_promote 0
thp_fault_alloc 5138
thp_fault_fallback 6588
thp_collapse_alloc 1037
thp_collapse_alloc_failed 0
thp_split 5568
thp_zero_page_alloc 1
thp_zero_page_alloc_failed 0
thp_promote 0
thp_fault_alloc 5144
thp_fault_fallback 6588
thp_collapse_alloc 1038
thp_collapse_alloc_failed 0
thp_split 5568
thp_zero_page_alloc 1
thp_zero_page_alloc_failed 0
thp_promote 1
thp_fault_alloc 5149
thp_fault_fallback 6588
thp_collapse_alloc 1038
thp_collapse_alloc_failed 0
thp_split 5568
thp_zero_page_alloc 1
thp_zero_page_alloc_failed 0
thp_promote 1
thp_fault_alloc 5155
thp_fault_fallback 6588
thp_collapse_alloc 1038
thp_collapse_alloc_failed 0
thp_split 5568
thp_zero_page_alloc 1
thp_zero_page_alloc_failed 0
thp_promote 1
thp_fault_alloc 5161
thp_fault_fallback 6588
thp_collapse_alloc 1038
thp_collapse_alloc_failed 0
thp_split 5568
thp_zero_page_alloc 1
thp_zero_page_alloc_failed 0
thp_promote 1
thp_fault_alloc 5166
thp_fault_fallback 6588
thp_collapse_alloc 1038
thp_collapse_alloc_failed 0
thp_split 5568
thp_zero_page_alloc 1
thp_zero_page_alloc_failed 0
thp_promote 1
thp_fault_alloc 5172
thp_fault_fallback 6588
thp_collapse_alloc 1038
thp_collapse_alloc_failed 0
thp_split 5568
thp_zero_page_alloc 1
thp_zero_page_alloc_failed 0
thp_promote 1
thp_fault_alloc 5178
thp_fault_fallback 6588
thp_collapse_alloc 1038
thp_collapse_alloc_failed 0
thp_split 5568
thp_zero_page_alloc 1
thp_zero_page_alloc_failed 0
thp_promote 1
thp_fault_alloc 5183
thp_fault_fallback 6588
thp_collapse_alloc 1038
thp_collapse_alloc_failed 0
thp_split 5568
thp_zero_page_alloc 1
thp_zero_page_alloc_failed 0
thp_promote 1
thp_fault_alloc 5188
thp_fault_fallback 6588
thp_collapse_alloc 1038
thp_collapse_alloc_failed 0
thp_split 5568
thp_zero_page_alloc 1
thp_zero_page_alloc_failed 0
thp_promote 1
thp_fault_alloc 5194
thp_fault_fallback 6588
thp_collapse_alloc 1156
thp_collapse_alloc_failed 0
thp_split 5568
thp_zero_page_alloc 1
thp_zero_page_alloc_failed 0
thp_promote 1355
thp_fault_alloc 5259
thp_fault_fallback 6588
thp_collapse_alloc 2500
thp_collapse_alloc_failed 0
thp_split 5568
thp_zero_page_alloc 1
thp_zero_page_alloc_failed 0
thp_promote 1355
thp_fault_alloc 5304
thp_fault_fallback 6588
thp_collapse_alloc 2500
thp_collapse_alloc_failed 0
thp_split 5568
thp_zero_page_alloc 1
thp_zero_page_alloc_failed 0
thp_promote 1355
thp_fault_alloc 5321
thp_fault_fallback 6588
thp_collapse_alloc 2500
thp_collapse_alloc_failed 0
thp_split 5568
thp_zero_page_alloc 1
thp_zero_page_alloc_failed 0
thp_promote 1355
thp_fault_alloc 5337
thp_fault_fallback 6588
thp_collapse_alloc 2500
thp_collapse_alloc_failed 0
thp_split 5568
thp_zero_page_alloc 1
thp_zero_page_alloc_failed 0
thp_promote 1355
thp_fault_alloc 5351
thp_fault_fallback 6588
thp_collapse_alloc 2669
thp_collapse_alloc_failed 0
thp_split 5568
thp_zero_page_alloc 1
thp_zero_page_alloc_failed 0
thp_promote 2865
thp_fault_alloc 5365
thp_fault_fallback 6588
thp_collapse_alloc 3919
thp_collapse_alloc_failed 0
thp_split 5568
thp_zero_page_alloc 1
thp_zero_page_alloc_failed 0
thp_promote 2865
thp_fault_alloc 5389
thp_fault_fallback 6588
thp_collapse_alloc 3919
thp_collapse_alloc_failed 0
thp_split 5568
thp_zero_page_alloc 1
thp_zero_page_alloc_failed 0
thp_promote 2865
thp_fault_alloc 5416
thp_fault_fallback 6588
thp_collapse_alloc 3919
thp_collapse_alloc_failed 0
thp_split 5568
thp_zero_page_alloc 1
thp_zero_page_alloc_failed 0
thp_promote 2865
thp_fault_alloc 5445
thp_fault_fallback 6588
thp_collapse_alloc 3919
thp_collapse_alloc_failed 0
thp_split 5568
thp_zero_page_alloc 1
thp_zero_page_alloc_failed 0
thp_promote 2865
thp_fault_alloc 5473
thp_fault_fallback 6588
thp_collapse_alloc 3919
thp_collapse_alloc_failed 0
thp_split 5568
thp_zero_page_alloc 1
thp_zero_page_alloc_failed 0
thp_promote 2865
thp_fault_alloc 5497
thp_fault_fallback 6588
thp_collapse_alloc 3919
thp_collapse_alloc_failed 0
thp_split 5568
thp_zero_page_alloc 1
thp_zero_page_alloc_failed 0
thp_promote 2865
thp_fault_alloc 5546
thp_fault_fallback 6588
thp_collapse_alloc 3919
thp_collapse_alloc_failed 0
thp_split 5568
thp_zero_page_alloc 1
thp_zero_page_alloc_failed 0
thp_promote 2865
thp_fault_alloc 5572
thp_fault_fallback 6588
thp_collapse_alloc 3919
thp_collapse_alloc_failed 0
thp_split 5568
thp_zero_page_alloc 1
thp_zero_page_alloc_failed 0
thp_promote 2865
thp_fault_alloc 5599
thp_fault_fallback 6588
thp_collapse_alloc 3919
thp_collapse_alloc_failed 0
thp_split 5568
thp_zero_page_alloc 1
thp_zero_page_alloc_failed 0
thp_promote 2865
thp_fault_alloc 5625
thp_fault_fallback 6588
thp_collapse_alloc 3919
thp_collapse_alloc_failed 0
thp_split 5568
thp_zero_page_alloc 1
thp_zero_page_alloc_failed 0
thp_promote 2909
thp_fault_alloc 5654
thp_fault_fallback 6588
thp_collapse_alloc 4065
thp_collapse_alloc_failed 0
thp_split 5568
thp_zero_page_alloc 1
thp_zero_page_alloc_failed 0
thp_promote 3020
thp_fault_alloc 5683
thp_fault_fallback 6588
thp_collapse_alloc 4065
thp_collapse_alloc_failed 0
thp_split 5568
thp_zero_page_alloc 1
thp_zero_page_alloc_failed 0
thp_promote 3020
thp_fault_alloc 5708
thp_fault_fallback 6588
thp_collapse_alloc 4065
thp_collapse_alloc_failed 0
thp_split 5568
thp_zero_page_alloc 1
thp_zero_page_alloc_failed 0
thp_promote 3020
thp_fault_alloc 5737
thp_fault_fallback 6588
thp_collapse_alloc 4065
thp_collapse_alloc_failed 0
thp_split 5568
thp_zero_page_alloc 1
thp_zero_page_alloc_failed 0
thp_promote 3020
thp_fault_alloc 5765
thp_fault_fallback 6588
thp_collapse_alloc 4065
thp_collapse_alloc_failed 0
thp_split 5568
thp_zero_page_alloc 1
thp_zero_page_alloc_failed 0
thp_promote 3020
thp_fault_alloc 5815
thp_fault_fallback 6588
thp_collapse_alloc 4065
thp_collapse_alloc_failed 0
thp_split 5568
thp_zero_page_alloc 1
thp_zero_page_alloc_failed 0
thp_promote 3020
thp_fault_alloc 5845
thp_fault_fallback 6588
thp_collapse_alloc 4065
thp_collapse_alloc_failed 0
thp_split 5568
thp_zero_page_alloc 1
thp_zero_page_alloc_failed 0
thp_promote 3020
thp_fault_alloc 5871
thp_fault_fallback 6588
thp_collapse_alloc 4065
thp_collapse_alloc_failed 0
thp_split 5568
thp_zero_page_alloc 1
thp_zero_page_alloc_failed 0
thp_promote 3020
thp_fault_alloc 5899
thp_fault_fallback 6588
thp_collapse_alloc 4065
thp_collapse_alloc_failed 0
thp_split 5568
thp_zero_page_alloc 1
thp_zero_page_alloc_failed 0
thp_promote 3020
thp_fault_alloc 5927
thp_fault_fallback 6588
thp_collapse_alloc 4073
thp_collapse_alloc_failed 0
thp_split 5568
thp_zero_page_alloc 1
thp_zero_page_alloc_failed 0
thp_promote 3033
thp_fault_alloc 5958
thp_fault_fallback 6588
thp_collapse_alloc 4073
thp_collapse_alloc_failed 0
thp_split 5568
thp_zero_page_alloc 1
thp_zero_page_alloc_failed 0
thp_promote 3033
thp_fault_alloc 5988
thp_fault_fallback 6588
thp_collapse_alloc 4073
thp_collapse_alloc_failed 0
thp_split 5568
thp_zero_page_alloc 1
thp_zero_page_alloc_failed 0
thp_promote 3033
thp_fault_alloc 6020
thp_fault_fallback 6588
thp_collapse_alloc 4073
thp_collapse_alloc_failed 0
thp_split 5568
thp_zero_page_alloc 1
thp_zero_page_alloc_failed 0
thp_promote 3033
thp_fault_alloc 6049
thp_fault_fallback 6588
thp_collapse_alloc 4073
thp_collapse_alloc_failed 0
thp_split 5568
thp_zero_page_alloc 1
thp_zero_page_alloc_failed 0
thp_promote 3033
thp_fault_alloc 6078
thp_fault_fallback 6588
thp_collapse_alloc 4073
thp_collapse_alloc_failed 0
thp_split 5568
thp_zero_page_alloc 1
thp_zero_page_alloc_failed 0
thp_promote 3033
thp_fault_alloc 6108
thp_fault_fallback 6588
thp_collapse_alloc 4073
thp_collapse_alloc_failed 0
thp_split 5568
thp_zero_page_alloc 1
thp_zero_page_alloc_failed 0
thp_promote 3033
thp_fault_alloc 6138
thp_fault_fallback 6588
thp_collapse_alloc 4073
thp_collapse_alloc_failed 0
thp_split 5568
thp_zero_page_alloc 1
thp_zero_page_alloc_failed 0
thp_promote 3033
thp_fault_alloc 6165
thp_fault_fallback 6588
thp_collapse_alloc 4073
thp_collapse_alloc_failed 0
thp_split 5568
thp_zero_page_alloc 1
thp_zero_page_alloc_failed 0
thp_promote 3033
thp_fault_alloc 6190
thp_fault_fallback 6588
thp_collapse_alloc 4076
thp_collapse_alloc_failed 0
thp_split 5568
thp_zero_page_alloc 1
thp_zero_page_alloc_failed 0
thp_promote 5563
thp_fault_alloc 6228
thp_fault_fallback 6588
thp_collapse_alloc 4076
thp_collapse_alloc_failed 0
thp_split 5568
thp_zero_page_alloc 1
thp_zero_page_alloc_failed 0
thp_promote 5563
thp_fault_alloc 6282
thp_fault_fallback 6588
thp_collapse_alloc 4076
thp_collapse_alloc_failed 0
thp_split 5568
thp_zero_page_alloc 1
thp_zero_page_alloc_failed 0
thp_promote 5563
thp_fault_alloc 6313
thp_fault_fallback 6588
thp_collapse_alloc 4076
thp_collapse_alloc_failed 0
thp_split 5568
thp_zero_page_alloc 1
thp_zero_page_alloc_failed 0
thp_promote 5563
thp_fault_alloc 6351
thp_fault_fallback 6588
thp_collapse_alloc 4076
thp_collapse_alloc_failed 0
thp_split 5568
thp_zero_page_alloc 1
thp_zero_page_alloc_failed 0
thp_promote 5563
thp_fault_alloc 6381
thp_fault_fallback 6588
thp_collapse_alloc 4076
thp_collapse_alloc_failed 0
thp_split 5568
thp_zero_page_alloc 1
thp_zero_page_alloc_failed 0
thp_promote 5563
thp_fault_alloc 6414
thp_fault_fallback 6588
thp_collapse_alloc 4076
thp_collapse_alloc_failed 0
thp_split 5568
thp_zero_page_alloc 1
thp_zero_page_alloc_failed 0
thp_promote 5563
thp_fault_alloc 6448
thp_fault_fallback 6588
thp_collapse_alloc 4076
thp_collapse_alloc_failed 0
thp_split 5568
thp_zero_page_alloc 1
thp_zero_page_alloc_failed 0
thp_promote 5563
thp_fault_alloc 6480
thp_fault_fallback 6588
thp_collapse_alloc 4076
thp_collapse_alloc_failed 0
thp_split 5569
thp_zero_page_alloc 1
thp_zero_page_alloc_failed 0
thp_promote 5563
thp_fault_alloc 6511
thp_fault_fallback 6588
thp_collapse_alloc 4076
thp_collapse_alloc_failed 0
thp_split 5569
thp_zero_page_alloc 1
thp_zero_page_alloc_failed 0
thp_promote 5563
thp_fault_alloc 6548
thp_fault_fallback 6588
thp_collapse_alloc 4078
thp_collapse_alloc_failed 0
thp_split 5569
thp_zero_page_alloc 1
thp_zero_page_alloc_failed 0
thp_promote 5563
thp_fault_alloc 6581
thp_fault_fallback 6588
thp_collapse_alloc 4078
thp_collapse_alloc_failed 0
thp_split 5570
thp_zero_page_alloc 1
thp_zero_page_alloc_failed 0
thp_promote 5563
thp_fault_alloc 6616
thp_fault_fallback 6588
thp_collapse_alloc 4078
thp_collapse_alloc_failed 0
thp_split 5570
thp_zero_page_alloc 1
thp_zero_page_alloc_failed 0
thp_promote 5563
thp_fault_alloc 6649
thp_fault_fallback 6588
thp_collapse_alloc 4078
thp_collapse_alloc_failed 0
thp_split 5570
thp_zero_page_alloc 1
thp_zero_page_alloc_failed 0
thp_promote 5563
thp_fault_alloc 6685
thp_fault_fallback 6588
thp_collapse_alloc 4078
thp_collapse_alloc_failed 0
thp_split 5570
thp_zero_page_alloc 1
thp_zero_page_alloc_failed 0
thp_promote 5563
thp_fault_alloc 6721
thp_fault_fallback 6588
thp_collapse_alloc 4078
thp_collapse_alloc_failed 0
thp_split 5570
thp_zero_page_alloc 1
thp_zero_page_alloc_failed 0
thp_promote 5563
thp_fault_alloc 6755
thp_fault_fallback 6588
thp_collapse_alloc 4078
thp_collapse_alloc_failed 0
thp_split 5570
thp_zero_page_alloc 1
thp_zero_page_alloc_failed 0
thp_promote 5563
thp_fault_alloc 6789
thp_fault_fallback 6588
thp_collapse_alloc 4078
thp_collapse_alloc_failed 0
thp_split 5570
thp_zero_page_alloc 1
thp_zero_page_alloc_failed 0
thp_promote 5563
thp_fault_alloc 6820
thp_fault_fallback 6588
thp_collapse_alloc 4078
thp_collapse_alloc_failed 0
thp_split 5570
thp_zero_page_alloc 1
thp_zero_page_alloc_failed 0
thp_promote 5563
thp_fault_alloc 6855
thp_fault_fallback 6588
thp_collapse_alloc 4078
thp_collapse_alloc_failed 0
thp_split 5570
thp_zero_page_alloc 1
thp_zero_page_alloc_failed 0
thp_promote 5563
thp_fault_alloc 6892
thp_fault_fallback 6588
thp_collapse_alloc 4080
thp_collapse_alloc_failed 0
thp_split 5570
thp_zero_page_alloc 1
thp_zero_page_alloc_failed 0
thp_promote 5563
thp_fault_alloc 6933
thp_fault_fallback 6588
thp_collapse_alloc 4080
thp_collapse_alloc_failed 0
thp_split 5570
thp_zero_page_alloc 1
thp_zero_page_alloc_failed 0
thp_promote 5563
thp_fault_alloc 6972
thp_fault_fallback 6588
thp_collapse_alloc 4080
thp_collapse_alloc_failed 0
thp_split 5570
thp_zero_page_alloc 1
thp_zero_page_alloc_failed 0
thp_promote 5563
thp_fault_alloc 7008
thp_fault_fallback 6588
thp_collapse_alloc 4080
thp_collapse_alloc_failed 0
thp_split 5570
thp_zero_page_alloc 1
thp_zero_page_alloc_failed 0
thp_promote 5563
thp_fault_alloc 7047
thp_fault_fallback 6588
thp_collapse_alloc 4080
thp_collapse_alloc_failed 0
thp_split 5570
thp_zero_page_alloc 1
thp_zero_page_alloc_failed 0
thp_promote 5563
thp_fault_alloc 7082
thp_fault_fallback 6588
thp_collapse_alloc 4080
thp_collapse_alloc_failed 0
thp_split 5570
thp_zero_page_alloc 1
thp_zero_page_alloc_failed 0
thp_promote 5563
thp_fault_alloc 7120
thp_fault_fallback 6588
thp_collapse_alloc 4080
thp_collapse_alloc_failed 0
thp_split 5570
thp_zero_page_alloc 1
thp_zero_page_alloc_failed 0
thp_promote 5563
thp_fault_alloc 7156
thp_fault_fallback 6588
thp_collapse_alloc 4080
thp_collapse_alloc_failed 0
thp_split 5570
thp_zero_page_alloc 1
thp_zero_page_alloc_failed 0
thp_promote 5563
thp_fault_alloc 7193
thp_fault_fallback 6588
thp_collapse_alloc 4080
thp_collapse_alloc_failed 0
thp_split 5570
thp_zero_page_alloc 1
thp_zero_page_alloc_failed 0
thp_promote 5563
thp_fault_alloc 7231
thp_fault_fallback 6588
thp_collapse_alloc 4080
thp_collapse_alloc_failed 0
thp_split 5571
thp_zero_page_alloc 1
thp_zero_page_alloc_failed 0
thp_promote 5563
thp_fault_alloc 7271
thp_fault_fallback 6588
thp_collapse_alloc 4081
thp_collapse_alloc_failed 0
thp_split 5571
thp_zero_page_alloc 1
thp_zero_page_alloc_failed 0
thp_promote 5563
thp_fault_alloc 7306
thp_fault_fallback 6588
thp_collapse_alloc 4081
thp_collapse_alloc_failed 0
thp_split 5571
thp_zero_page_alloc 1
thp_zero_page_alloc_failed 0
thp_promote 5563
thp_fault_alloc 7344
thp_fault_fallback 6588
thp_collapse_alloc 4081
thp_collapse_alloc_failed 0
thp_split 5571
thp_zero_page_alloc 1
thp_zero_page_alloc_failed 0
thp_promote 5563
thp_fault_alloc 7378
thp_fault_fallback 6588
thp_collapse_alloc 4081
thp_collapse_alloc_failed 0
thp_split 5571
thp_zero_page_alloc 1
thp_zero_page_alloc_failed 0
thp_promote 5563
thp_fault_alloc 7412
thp_fault_fallback 6588
thp_collapse_alloc 4081
thp_collapse_alloc_failed 0
thp_split 5571
thp_zero_page_alloc 1
thp_zero_page_alloc_failed 0
thp_promote 5563
thp_fault_alloc 7448
thp_fault_fallback 6588
thp_collapse_alloc 4081
thp_collapse_alloc_failed 0
thp_split 5571
thp_zero_page_alloc 1
thp_zero_page_alloc_failed 0
thp_promote 5563
thp_fault_alloc 7483
thp_fault_fallback 6588
thp_collapse_alloc 4081
thp_collapse_alloc_failed 0
thp_split 5571
thp_zero_page_alloc 1
thp_zero_page_alloc_failed 0
thp_promote 5563
thp_fault_alloc 7519
thp_fault_fallback 6588
thp_collapse_alloc 4081
thp_collapse_alloc_failed 0
thp_split 5571
thp_zero_page_alloc 1
thp_zero_page_alloc_failed 0
thp_promote 5563
thp_fault_alloc 7557
thp_fault_fallback 6588
thp_collapse_alloc 4081
thp_collapse_alloc_failed 0
thp_split 5571
thp_zero_page_alloc 1
thp_zero_page_alloc_failed 0
thp_promote 5563
thp_fault_alloc 7595
thp_fault_fallback 6588
thp_collapse_alloc 4081
thp_collapse_alloc_failed 0
thp_split 5571
thp_zero_page_alloc 1
thp_zero_page_alloc_failed 0
thp_promote 5563
thp_fault_alloc 7631
thp_fault_fallback 6588
thp_collapse_alloc 4082
thp_collapse_alloc_failed 0
thp_split 5571
thp_zero_page_alloc 1
thp_zero_page_alloc_failed 0
thp_promote 5563
thp_fault_alloc 7671
thp_fault_fallback 6588
thp_collapse_alloc 4082
thp_collapse_alloc_failed 0
thp_split 5571
thp_zero_page_alloc 1
thp_zero_page_alloc_failed 0
thp_promote 5563
thp_fault_alloc 7707
thp_fault_fallback 6588
thp_collapse_alloc 4082
thp_collapse_alloc_failed 0
thp_split 5571
thp_zero_page_alloc 1
thp_zero_page_alloc_failed 0
thp_promote 5563
thp_fault_alloc 7742
thp_fault_fallback 6588
thp_collapse_alloc 4082
thp_collapse_alloc_failed 0
thp_split 5571
thp_zero_page_alloc 1
thp_zero_page_alloc_failed 0
thp_promote 5563
thp_fault_alloc 7777
thp_fault_fallback 6588
thp_collapse_alloc 4082
thp_collapse_alloc_failed 0
thp_split 5571
thp_zero_page_alloc 1
thp_zero_page_alloc_failed 0
thp_promote 5563
thp_fault_alloc 7810
thp_fault_fallback 6588
thp_collapse_alloc 4082
thp_collapse_alloc_failed 0
thp_split 5571
thp_zero_page_alloc 1
thp_zero_page_alloc_failed 0
thp_promote 5563
thp_fault_alloc 7850
thp_fault_fallback 6588
thp_collapse_alloc 4082
thp_collapse_alloc_failed 0
thp_split 5571
thp_zero_page_alloc 1
thp_zero_page_alloc_failed 0
thp_promote 5563
thp_fault_alloc 7888
thp_fault_fallback 6588
thp_collapse_alloc 4082
thp_collapse_alloc_failed 0
thp_split 5571
thp_zero_page_alloc 1
thp_zero_page_alloc_failed 0
thp_promote 5563
thp_fault_alloc 7927
thp_fault_fallback 6588
thp_collapse_alloc 4082
thp_collapse_alloc_failed 0
thp_split 5571
thp_zero_page_alloc 1
thp_zero_page_alloc_failed 0
thp_promote 5563
thp_fault_alloc 7969
thp_fault_fallback 6588
thp_collapse_alloc 4082
thp_collapse_alloc_failed 0
thp_split 5571
thp_zero_page_alloc 1
thp_zero_page_alloc_failed 0
thp_promote 5563
thp_fault_alloc 8006
thp_fault_fallback 6588
thp_collapse_alloc 4082
thp_collapse_alloc_failed 0
thp_split 5571
thp_zero_page_alloc 1
thp_zero_page_alloc_failed 0
thp_promote 5563
thp_fault_alloc 8041
thp_fault_fallback 6588
thp_collapse_alloc 4082
thp_collapse_alloc_failed 0
thp_split 5571
thp_zero_page_alloc 1
thp_zero_page_alloc_failed 0
thp_promote 5563
thp_fault_alloc 8075
thp_fault_fallback 6588
thp_collapse_alloc 4082
thp_collapse_alloc_failed 0
thp_split 5571
thp_zero_page_alloc 1
thp_zero_page_alloc_failed 0
thp_promote 5563
thp_fault_alloc 8110
thp_fault_fallback 6588
thp_collapse_alloc 4082
thp_collapse_alloc_failed 0
thp_split 5571
thp_zero_page_alloc 1
thp_zero_page_alloc_failed 0
thp_promote 5563
thp_fault_alloc 8147
thp_fault_fallback 6588
thp_collapse_alloc 4082
thp_collapse_alloc_failed 0
thp_split 5571
thp_zero_page_alloc 1
thp_zero_page_alloc_failed 0
thp_promote 5563
thp_fault_alloc 8180
thp_fault_fallback 12426
thp_collapse_alloc 4082
thp_collapse_alloc_failed 0
thp_split 11409
thp_zero_page_alloc 1
thp_zero_page_alloc_failed 0
thp_promote 5563
thp_fault_alloc 8213
thp_fault_fallback 12451
thp_collapse_alloc 4082
thp_collapse_alloc_failed 0
thp_split 11434
thp_zero_page_alloc 1
thp_zero_page_alloc_failed 0
thp_promote 5563
thp_fault_alloc 8272
thp_fault_fallback 12451
thp_collapse_alloc 4082
thp_collapse_alloc_failed 0
thp_split 11434
thp_zero_page_alloc 1
thp_zero_page_alloc_failed 0
thp_promote 5563
thp_fault_alloc 8307
thp_fault_fallback 12451
thp_collapse_alloc 4082
thp_collapse_alloc_failed 0
thp_split 11434
thp_zero_page_alloc 1
thp_zero_page_alloc_failed 0
thp_promote 5563
thp_fault_alloc 8343
thp_fault_fallback 12451
thp_collapse_alloc 4083
thp_collapse_alloc_failed 0
thp_split 11434
thp_zero_page_alloc 1
thp_zero_page_alloc_failed 0
thp_promote 5563
thp_fault_alloc 8376
thp_fault_fallback 12451
thp_collapse_alloc 4083
thp_collapse_alloc_failed 0
thp_split 11434
thp_zero_page_alloc 1
thp_zero_page_alloc_failed 0
thp_promote 5563
thp_fault_alloc 8409
thp_fault_fallback 12451
thp_collapse_alloc 4083
thp_collapse_alloc_failed 0
thp_split 11434
thp_zero_page_alloc 1
thp_zero_page_alloc_failed 0
thp_promote 5563
thp_fault_alloc 8445
thp_fault_fallback 12451
thp_collapse_alloc 4083
thp_collapse_alloc_failed 0
thp_split 11434
thp_zero_page_alloc 1
thp_zero_page_alloc_failed 0
thp_promote 5563
thp_fault_alloc 8510
thp_fault_fallback 12451
thp_collapse_alloc 4083
thp_collapse_alloc_failed 0
thp_split 11434
thp_zero_page_alloc 1
thp_zero_page_alloc_failed 0
thp_promote 5563
thp_fault_alloc 8548
thp_fault_fallback 12451
thp_collapse_alloc 4083
thp_collapse_alloc_failed 0
thp_split 11434
thp_zero_page_alloc 1
thp_zero_page_alloc_failed 0
thp_promote 5563
thp_fault_alloc 8615
thp_fault_fallback 12451
thp_collapse_alloc 4083
thp_collapse_alloc_failed 0
thp_split 11434
thp_zero_page_alloc 1
thp_zero_page_alloc_failed 0
thp_promote 5563
thp_fault_alloc 8654
thp_fault_fallback 12451
thp_collapse_alloc 4083
thp_collapse_alloc_failed 0
thp_split 11434
thp_zero_page_alloc 1
thp_zero_page_alloc_failed 0
thp_promote 5563
thp_fault_alloc 8689
thp_fault_fallback 12451
thp_collapse_alloc 4083
thp_collapse_alloc_failed 0
thp_split 11434
thp_zero_page_alloc 1
thp_zero_page_alloc_failed 0
thp_promote 5563
thp_fault_alloc 8726
thp_fault_fallback 12451
thp_collapse_alloc 4083
thp_collapse_alloc_failed 0
thp_split 11434
thp_zero_page_alloc 1
thp_zero_page_alloc_failed 0
thp_promote 5563
thp_fault_alloc 8763
thp_fault_fallback 12451
thp_collapse_alloc 4083
thp_collapse_alloc_failed 0
thp_split 11434
thp_zero_page_alloc 1
thp_zero_page_alloc_failed 0
thp_promote 5563
thp_fault_alloc 8799
thp_fault_fallback 12451
thp_collapse_alloc 4083
thp_collapse_alloc_failed 0
thp_split 11434
thp_zero_page_alloc 1
thp_zero_page_alloc_failed 0
thp_promote 5563
thp_fault_alloc 8836
thp_fault_fallback 12451
thp_collapse_alloc 4083
thp_collapse_alloc_failed 0
thp_split 11434
thp_zero_page_alloc 1
thp_zero_page_alloc_failed 0
thp_promote 5563
thp_fault_alloc 8873
thp_fault_fallback 12451
thp_collapse_alloc 4083
thp_collapse_alloc_failed 0
thp_split 11434
thp_zero_page_alloc 1
thp_zero_page_alloc_failed 0
thp_promote 5563
thp_fault_alloc 8946
thp_fault_fallback 12451
thp_collapse_alloc 4083
thp_collapse_alloc_failed 0
thp_split 11434
thp_zero_page_alloc 1
thp_zero_page_alloc_failed 0
thp_promote 5563
thp_fault_alloc 8986
thp_fault_fallback 12451
thp_collapse_alloc 4083
thp_collapse_alloc_failed 0
thp_split 11434
thp_zero_page_alloc 1
thp_zero_page_alloc_failed 0
thp_promote 5563
thp_fault_alloc 9024
thp_fault_fallback 12451
thp_collapse_alloc 4083
thp_collapse_alloc_failed 0
thp_split 11434
thp_zero_page_alloc 1
thp_zero_page_alloc_failed 0
thp_promote 5563
thp_fault_alloc 9059
thp_fault_fallback 12451
thp_collapse_alloc 4164
thp_collapse_alloc_failed 0
thp_split 11434
thp_zero_page_alloc 1
thp_zero_page_alloc_failed 0
thp_promote 5643
thp_fault_alloc 9094
thp_fault_fallback 12451
thp_collapse_alloc 4164
thp_collapse_alloc_failed 0
thp_split 11434
thp_zero_page_alloc 1
thp_zero_page_alloc_failed 0
thp_promote 5643
thp_fault_alloc 9132
thp_fault_fallback 12451
thp_collapse_alloc 4164
thp_collapse_alloc_failed 0
thp_split 11434
thp_zero_page_alloc 1
thp_zero_page_alloc_failed 0
thp_promote 5643
thp_fault_alloc 9167
thp_fault_fallback 12451
thp_collapse_alloc 4164
thp_collapse_alloc_failed 0
thp_split 11434
thp_zero_page_alloc 1
thp_zero_page_alloc_failed 0
thp_promote 5643
thp_fault_alloc 9219
thp_fault_fallback 12451
thp_collapse_alloc 4164
thp_collapse_alloc_failed 0
thp_split 11434
thp_zero_page_alloc 1
thp_zero_page_alloc_failed 0
thp_promote 5643
thp_fault_alloc 9276
thp_fault_fallback 12451
thp_collapse_alloc 4164
thp_collapse_alloc_failed 0
thp_split 11434
thp_zero_page_alloc 1
thp_zero_page_alloc_failed 0
thp_promote 5643
thp_fault_alloc 9313
thp_fault_fallback 12451
thp_collapse_alloc 4164
thp_collapse_alloc_failed 0
thp_split 11434
thp_zero_page_alloc 1
thp_zero_page_alloc_failed 0
thp_promote 5643
thp_fault_alloc 9350
thp_fault_fallback 12451
thp_collapse_alloc 4164
thp_collapse_alloc_failed 0
thp_split 11434
thp_zero_page_alloc 1
thp_zero_page_alloc_failed 0
thp_promote 5643
thp_fault_alloc 9389
thp_fault_fallback 12451
thp_collapse_alloc 4164
thp_collapse_alloc_failed 0
thp_split 11434
thp_zero_page_alloc 1
thp_zero_page_alloc_failed 0
thp_promote 5643
thp_fault_alloc 9426
thp_fault_fallback 12451
thp_collapse_alloc 4860
thp_collapse_alloc_failed 0
thp_split 11434
thp_zero_page_alloc 1
thp_zero_page_alloc_failed 0
thp_promote 7866
thp_fault_alloc 9460
thp_fault_fallback 12451
thp_collapse_alloc 6230
thp_collapse_alloc_failed 0
thp_split 11434
thp_zero_page_alloc 1
thp_zero_page_alloc_failed 0
thp_promote 7866
thp_fault_alloc 9497
thp_fault_fallback 12451
thp_collapse_alloc 6440
thp_collapse_alloc_failed 0
thp_split 11434
thp_zero_page_alloc 1
thp_zero_page_alloc_failed 0
thp_promote 7866
thp_fault_alloc 9537
thp_fault_fallback 12451
thp_collapse_alloc 6440
thp_collapse_alloc_failed 0
thp_split 11434
thp_zero_page_alloc 1
thp_zero_page_alloc_failed 0
thp_promote 7866
thp_fault_alloc 9576
thp_fault_fallback 12451
thp_collapse_alloc 6440
thp_collapse_alloc_failed 0
thp_split 11434
thp_zero_page_alloc 1
thp_zero_page_alloc_failed 0
thp_promote 7866
thp_fault_alloc 9648
thp_fault_fallback 12451
thp_collapse_alloc 6440
thp_collapse_alloc_failed 0
thp_split 11434
thp_zero_page_alloc 1
thp_zero_page_alloc_failed 0
thp_promote 7866
thp_fault_alloc 9684
thp_fault_fallback 12451
thp_collapse_alloc 6440
thp_collapse_alloc_failed 0
thp_split 11434
thp_zero_page_alloc 1
thp_zero_page_alloc_failed 0
thp_promote 7866
thp_fault_alloc 9757
thp_fault_fallback 12451
thp_collapse_alloc 6440
thp_collapse_alloc_failed 0
thp_split 11434
thp_zero_page_alloc 1
thp_zero_page_alloc_failed 0
thp_promote 7866
thp_fault_alloc 9877
thp_fault_fallback 12451
thp_collapse_alloc 6745
thp_collapse_alloc_failed 0
thp_split 11434
thp_zero_page_alloc 1
thp_zero_page_alloc_failed 0
thp_promote 8224
thp_fault_alloc 9919
thp_fault_fallback 12451
thp_collapse_alloc 6745
thp_collapse_alloc_failed 0
thp_split 11434
thp_zero_page_alloc 1
thp_zero_page_alloc_failed 0
thp_promote 8224
thp_fault_alloc 9956
thp_fault_fallback 12451
thp_collapse_alloc 6745
thp_collapse_alloc_failed 0
thp_split 11434
thp_zero_page_alloc 1
thp_zero_page_alloc_failed 0
thp_promote 8224
thp_fault_alloc 9997
thp_fault_fallback 12451
thp_collapse_alloc 6745
thp_collapse_alloc_failed 0
thp_split 11434
thp_zero_page_alloc 1
thp_zero_page_alloc_failed 0
thp_promote 8224
thp_fault_alloc 10040
thp_fault_fallback 12451
thp_collapse_alloc 6745
thp_collapse_alloc_failed 0
thp_split 11434
thp_zero_page_alloc 1
thp_zero_page_alloc_failed 0
thp_promote 8224
thp_fault_alloc 10078
thp_fault_fallback 12451
thp_collapse_alloc 6745
thp_collapse_alloc_failed 0
thp_split 11434
thp_zero_page_alloc 1
thp_zero_page_alloc_failed 0
thp_promote 8224
thp_fault_alloc 10122
thp_fault_fallback 12451
thp_collapse_alloc 6745
thp_collapse_alloc_failed 0
thp_split 11434
thp_zero_page_alloc 1
thp_zero_page_alloc_failed 0
thp_promote 8224
thp_fault_alloc 10160
thp_fault_fallback 12451
thp_collapse_alloc 6745
thp_collapse_alloc_failed 0
thp_split 11434
thp_zero_page_alloc 1
thp_zero_page_alloc_failed 0
thp_promote 8224
thp_fault_alloc 10236
thp_fault_fallback 12451
thp_collapse_alloc 6745
thp_collapse_alloc_failed 0
thp_split 11434
thp_zero_page_alloc 1
thp_zero_page_alloc_failed 0
thp_promote 8224
thp_fault_alloc 10275
thp_fault_fallback 12451
thp_collapse_alloc 6745
thp_collapse_alloc_failed 0
thp_split 11434
thp_zero_page_alloc 1
thp_zero_page_alloc_failed 0
thp_promote 8234
thp_fault_alloc 10314
thp_fault_fallback 12451
thp_collapse_alloc 6759
thp_collapse_alloc_failed 0
thp_split 11434
thp_zero_page_alloc 1
thp_zero_page_alloc_failed 0
thp_promote 8238
thp_fault_alloc 10351
thp_fault_fallback 12451
thp_collapse_alloc 6759
thp_collapse_alloc_failed 0
thp_split 11434
thp_zero_page_alloc 1
thp_zero_page_alloc_failed 0
thp_promote 8238
thp_fault_alloc 10394
thp_fault_fallback 12451
thp_collapse_alloc 6759
thp_collapse_alloc_failed 0
thp_split 11434
thp_zero_page_alloc 1
thp_zero_page_alloc_failed 0
thp_promote 8238
thp_fault_alloc 10433
thp_fault_fallback 12451
thp_collapse_alloc 6759
thp_collapse_alloc_failed 0
thp_split 11434
thp_zero_page_alloc 1
thp_zero_page_alloc_failed 0
thp_promote 8238
thp_fault_alloc 10473
thp_fault_fallback 12451
thp_collapse_alloc 6759
thp_collapse_alloc_failed 0
thp_split 11434
thp_zero_page_alloc 1
thp_zero_page_alloc_failed 0
thp_promote 8238
thp_fault_alloc 10516
thp_fault_fallback 12451
thp_collapse_alloc 6759
thp_collapse_alloc_failed 0
thp_split 11434
thp_zero_page_alloc 1
thp_zero_page_alloc_failed 0
thp_promote 8238
thp_fault_alloc 10559
thp_fault_fallback 12451
thp_collapse_alloc 6759
thp_collapse_alloc_failed 0
thp_split 11434
thp_zero_page_alloc 1
thp_zero_page_alloc_failed 0
thp_promote 8238
thp_fault_alloc 10601
thp_fault_fallback 12451
thp_collapse_alloc 6759
thp_collapse_alloc_failed 0
thp_split 11434
thp_zero_page_alloc 1
thp_zero_page_alloc_failed 0
thp_promote 8238
thp_fault_alloc 10638
thp_fault_fallback 12451
thp_collapse_alloc 6759
thp_collapse_alloc_failed 0
thp_split 11434
thp_zero_page_alloc 1
thp_zero_page_alloc_failed 0
thp_promote 8238
thp_fault_alloc 10680
thp_fault_fallback 12451
thp_collapse_alloc 6841
thp_collapse_alloc_failed 0
thp_split 11434
thp_zero_page_alloc 1
thp_zero_page_alloc_failed 0
thp_promote 8322
thp_fault_alloc 10720
thp_fault_fallback 12451
thp_collapse_alloc 6841
thp_collapse_alloc_failed 0
thp_split 11434
thp_zero_page_alloc 1
thp_zero_page_alloc_failed 0
thp_promote 8322
thp_fault_alloc 10795
thp_fault_fallback 12451
thp_collapse_alloc 6841
thp_collapse_alloc_failed 0
thp_split 11434
thp_zero_page_alloc 1
thp_zero_page_alloc_failed 0
thp_promote 8322
thp_fault_alloc 10831
thp_fault_fallback 12451
thp_collapse_alloc 6841
thp_collapse_alloc_failed 0
thp_split 11434
thp_zero_page_alloc 1
thp_zero_page_alloc_failed 0
thp_promote 8322
thp_fault_alloc 10869
thp_fault_fallback 12451
thp_collapse_alloc 6841
thp_collapse_alloc_failed 0
thp_split 11434
thp_zero_page_alloc 1
thp_zero_page_alloc_failed 0
thp_promote 8322
thp_fault_alloc 10909
thp_fault_fallback 12451
thp_collapse_alloc 6841
thp_collapse_alloc_failed 0
thp_split 11434
thp_zero_page_alloc 1
thp_zero_page_alloc_failed 0
thp_promote 8322
thp_fault_alloc 10949
thp_fault_fallback 12451
thp_collapse_alloc 6841
thp_collapse_alloc_failed 0
thp_split 11434
thp_zero_page_alloc 1
thp_zero_page_alloc_failed 0
thp_promote 8322
thp_fault_alloc 10990
thp_fault_fallback 12451
thp_collapse_alloc 6841
thp_collapse_alloc_failed 0
thp_split 11434
thp_zero_page_alloc 1
thp_zero_page_alloc_failed 0
thp_promote 8322
thp_fault_alloc 11028
thp_fault_fallback 12451
thp_collapse_alloc 6841
thp_collapse_alloc_failed 0
thp_split 11434
thp_zero_page_alloc 1
thp_zero_page_alloc_failed 0
thp_promote 8322
thp_fault_alloc 11068
thp_fault_fallback 12451
thp_collapse_alloc 7000
thp_collapse_alloc_failed 0
thp_split 11434
thp_zero_page_alloc 1
thp_zero_page_alloc_failed 0
thp_promote 8480
thp_fault_alloc 11108
thp_fault_fallback 12451
thp_collapse_alloc 7000
thp_collapse_alloc_failed 0
thp_split 11434
thp_zero_page_alloc 1
thp_zero_page_alloc_failed 0
thp_promote 8480
thp_fault_alloc 11144
thp_fault_fallback 12451
thp_collapse_alloc 7000
thp_collapse_alloc_failed 0
thp_split 11434
thp_zero_page_alloc 1
thp_zero_page_alloc_failed 0
thp_promote 8480
thp_fault_alloc 11222
thp_fault_fallback 12451
thp_collapse_alloc 7000
thp_collapse_alloc_failed 0
thp_split 11434
thp_zero_page_alloc 1
thp_zero_page_alloc_failed 0
thp_promote 8480
thp_fault_alloc 11260
thp_fault_fallback 12451
thp_collapse_alloc 7000
thp_collapse_alloc_failed 0
thp_split 11434
thp_zero_page_alloc 1
thp_zero_page_alloc_failed 0
thp_promote 8480
thp_fault_alloc 11299
thp_fault_fallback 12451
thp_collapse_alloc 7000
thp_collapse_alloc_failed 0
thp_split 11434
thp_zero_page_alloc 1
thp_zero_page_alloc_failed 0
thp_promote 8480
thp_fault_alloc 11339
thp_fault_fallback 12451
thp_collapse_alloc 7000
thp_collapse_alloc_failed 0
thp_split 11434
thp_zero_page_alloc 1
thp_zero_page_alloc_failed 0
thp_promote 8480
thp_fault_alloc 11383
thp_fault_fallback 12451
thp_collapse_alloc 7000
thp_collapse_alloc_failed 0
thp_split 11434
thp_zero_page_alloc 1
thp_zero_page_alloc_failed 0
thp_promote 8480
thp_fault_alloc 11420
thp_fault_fallback 12451
thp_collapse_alloc 7000
thp_collapse_alloc_failed 0
thp_split 11434
thp_zero_page_alloc 1
thp_zero_page_alloc_failed 0
thp_promote 8480
thp_fault_alloc 11458
thp_fault_fallback 12451
thp_collapse_alloc 7000
thp_collapse_alloc_failed 0
thp_split 11434
thp_zero_page_alloc 1
thp_zero_page_alloc_failed 0
thp_promote 11426
thp_fault_alloc 11498
thp_fault_fallback 12451
thp_collapse_alloc 7000
thp_collapse_alloc_failed 0
thp_split 11434
thp_zero_page_alloc 1
thp_zero_page_alloc_failed 0
thp_promote 11426
thp_fault_alloc 11540
thp_fault_fallback 12451
thp_collapse_alloc 7000
thp_collapse_alloc_failed 0
thp_split 11434
thp_zero_page_alloc 1
thp_zero_page_alloc_failed 0
thp_promote 11426
thp_fault_alloc 11579
thp_fault_fallback 12451
thp_collapse_alloc 7000
thp_collapse_alloc_failed 0
thp_split 11434
thp_zero_page_alloc 1
thp_zero_page_alloc_failed 0
thp_promote 11426
thp_fault_alloc 11623
thp_fault_fallback 12451
thp_collapse_alloc 7000
thp_collapse_alloc_failed 0
thp_split 11434
thp_zero_page_alloc 1
thp_zero_page_alloc_failed 0
thp_promote 11426
thp_fault_alloc 11665
thp_fault_fallback 12451
thp_collapse_alloc 7000
thp_collapse_alloc_failed 0
thp_split 11434
thp_zero_page_alloc 1
thp_zero_page_alloc_failed 0
thp_promote 11426
thp_fault_alloc 11701
thp_fault_fallback 12451
thp_collapse_alloc 7000
thp_collapse_alloc_failed 0
thp_split 11434
thp_zero_page_alloc 1
thp_zero_page_alloc_failed 0
thp_promote 11426
thp_fault_alloc 11738
thp_fault_fallback 12451
thp_collapse_alloc 7000
thp_collapse_alloc_failed 0
thp_split 11434
thp_zero_page_alloc 1
thp_zero_page_alloc_failed 0
thp_promote 11426
thp_fault_alloc 11775
thp_fault_fallback 12451
thp_collapse_alloc 7000
thp_collapse_alloc_failed 0
thp_split 11434
thp_zero_page_alloc 1
thp_zero_page_alloc_failed 0
thp_promote 11426
thp_fault_alloc 11812
thp_fault_fallback 12451
thp_collapse_alloc 7000
thp_collapse_alloc_failed 0
thp_split 11434
thp_zero_page_alloc 1
thp_zero_page_alloc_failed 0
thp_promote 11426
thp_fault_alloc 11855
thp_fault_fallback 12451
thp_collapse_alloc 7000
thp_collapse_alloc_failed 0
thp_split 11434
thp_zero_page_alloc 1
thp_zero_page_alloc_failed 0
thp_promote 11426
thp_fault_alloc 11894
thp_fault_fallback 12451
thp_collapse_alloc 7000
thp_collapse_alloc_failed 0
thp_split 11434
thp_zero_page_alloc 1
thp_zero_page_alloc_failed 0
thp_promote 11426
thp_fault_alloc 11933
thp_fault_fallback 12451
thp_collapse_alloc 7000
thp_collapse_alloc_failed 0
thp_split 11434
thp_zero_page_alloc 1
thp_zero_page_alloc_failed 0
thp_promote 11426
thp_fault_alloc 11973
thp_fault_fallback 12451
thp_collapse_alloc 7000
thp_collapse_alloc_failed 0
thp_split 11434
thp_zero_page_alloc 1
thp_zero_page_alloc_failed 0
thp_promote 11426
thp_fault_alloc 12011
thp_fault_fallback 12451
thp_collapse_alloc 7000
thp_collapse_alloc_failed 0
thp_split 11434
thp_zero_page_alloc 1
thp_zero_page_alloc_failed 0
thp_promote 11426
thp_fault_alloc 12052
thp_fault_fallback 12451
thp_collapse_alloc 7000
thp_collapse_alloc_failed 0
thp_split 11434
thp_zero_page_alloc 1
thp_zero_page_alloc_failed 0
thp_promote 11426
thp_fault_alloc 12093
thp_fault_fallback 12451
thp_collapse_alloc 7000
thp_collapse_alloc_failed 0
thp_split 11434
thp_zero_page_alloc 1
thp_zero_page_alloc_failed 0
thp_promote 11426
thp_fault_alloc 12133
thp_fault_fallback 12451
thp_collapse_alloc 7000
thp_collapse_alloc_failed 0
thp_split 11434
thp_zero_page_alloc 1
thp_zero_page_alloc_failed 0
thp_promote 11426
thp_fault_alloc 12173
thp_fault_fallback 12451
thp_collapse_alloc 7000
thp_collapse_alloc_failed 0
thp_split 11434
thp_zero_page_alloc 1
thp_zero_page_alloc_failed 0
thp_promote 11426
thp_fault_alloc 12216
thp_fault_fallback 12451
thp_collapse_alloc 7000
thp_collapse_alloc_failed 0
thp_split 11434
thp_zero_page_alloc 1
thp_zero_page_alloc_failed 0
thp_promote 11426
thp_fault_alloc 12255
thp_fault_fallback 12451
thp_collapse_alloc 7000
thp_collapse_alloc_failed 0
thp_split 11434
thp_zero_page_alloc 1
thp_zero_page_alloc_failed 0
thp_promote 11426
thp_fault_alloc 12293
thp_fault_fallback 12451
thp_collapse_alloc 7000
thp_collapse_alloc_failed 0
thp_split 11434
thp_zero_page_alloc 1
thp_zero_page_alloc_failed 0
thp_promote 11426
thp_fault_alloc 12332
thp_fault_fallback 12451
thp_collapse_alloc 7000
thp_collapse_alloc_failed 0
thp_split 11434
thp_zero_page_alloc 1
thp_zero_page_alloc_failed 0
thp_promote 11426
thp_fault_alloc 12369
thp_fault_fallback 12451
thp_collapse_alloc 7000
thp_collapse_alloc_failed 0
thp_split 11434
thp_zero_page_alloc 1
thp_zero_page_alloc_failed 0
thp_promote 11426
thp_fault_alloc 12409
thp_fault_fallback 12451
thp_collapse_alloc 7000
thp_collapse_alloc_failed 0
thp_split 11434
thp_zero_page_alloc 1
thp_zero_page_alloc_failed 0
thp_promote 11426
thp_fault_alloc 12447
thp_fault_fallback 12451
thp_collapse_alloc 7000
thp_collapse_alloc_failed 0
thp_split 11434
thp_zero_page_alloc 1
thp_zero_page_alloc_failed 0
thp_promote 11426
thp_fault_alloc 12487
thp_fault_fallback 12451
thp_collapse_alloc 7000
thp_collapse_alloc_failed 0
thp_split 11434
thp_zero_page_alloc 1
thp_zero_page_alloc_failed 0
thp_promote 11426
thp_fault_alloc 12524
thp_fault_fallback 12451
thp_collapse_alloc 7000
thp_collapse_alloc_failed 0
thp_split 11434
thp_zero_page_alloc 1
thp_zero_page_alloc_failed 0
thp_promote 11426
thp_fault_alloc 12565
thp_fault_fallback 12451
thp_collapse_alloc 7000
thp_collapse_alloc_failed 0
thp_split 11434
thp_zero_page_alloc 1
thp_zero_page_alloc_failed 0
thp_promote 11426
thp_fault_alloc 12605
thp_fault_fallback 12451
thp_collapse_alloc 7000
thp_collapse_alloc_failed 0
thp_split 11434
thp_zero_page_alloc 1
thp_zero_page_alloc_failed 0
thp_promote 11426
thp_fault_alloc 12643
thp_fault_fallback 12451
thp_collapse_alloc 7000
thp_collapse_alloc_failed 0
thp_split 11434
thp_zero_page_alloc 1
thp_zero_page_alloc_failed 0
thp_promote 11426
thp_fault_alloc 12680
thp_fault_fallback 12451
thp_collapse_alloc 7000
thp_collapse_alloc_failed 0
thp_split 11434
thp_zero_page_alloc 1
thp_zero_page_alloc_failed 0
thp_promote 11426
thp_fault_alloc 12721
thp_fault_fallback 12451
thp_collapse_alloc 7000
thp_collapse_alloc_failed 0
thp_split 11434
thp_zero_page_alloc 1
thp_zero_page_alloc_failed 0
thp_promote 11426
thp_fault_alloc 12762
thp_fault_fallback 12451
thp_collapse_alloc 7000
thp_collapse_alloc_failed 0
thp_split 11434
thp_zero_page_alloc 1
thp_zero_page_alloc_failed 0
thp_promote 11426
thp_fault_alloc 12804
thp_fault_fallback 12451
thp_collapse_alloc 7000
thp_collapse_alloc_failed 0
thp_split 11434
thp_zero_page_alloc 1
thp_zero_page_alloc_failed 0
thp_promote 11426
thp_fault_alloc 12843
thp_fault_fallback 12451
thp_collapse_alloc 7000
thp_collapse_alloc_failed 0
thp_split 11434
thp_zero_page_alloc 1
thp_zero_page_alloc_failed 0
thp_promote 11426
thp_fault_alloc 12883
thp_fault_fallback 12451
thp_collapse_alloc 7000
thp_collapse_alloc_failed 0
thp_split 11434
thp_zero_page_alloc 1
thp_zero_page_alloc_failed 0
thp_promote 11426
thp_fault_alloc 12921
thp_fault_fallback 12451
thp_collapse_alloc 7000
thp_collapse_alloc_failed 0
thp_split 11434
thp_zero_page_alloc 1
thp_zero_page_alloc_failed 0
thp_promote 11426
thp_fault_alloc 12962
thp_fault_fallback 12451
thp_collapse_alloc 7000
thp_collapse_alloc_failed 0
thp_split 11434
thp_zero_page_alloc 1
thp_zero_page_alloc_failed 0
thp_promote 11426
thp_fault_alloc 13001
thp_fault_fallback 12451
thp_collapse_alloc 7000
thp_collapse_alloc_failed 0
thp_split 11434
thp_zero_page_alloc 1
thp_zero_page_alloc_failed 0
thp_promote 11426
thp_fault_alloc 13040
thp_fault_fallback 12451
thp_collapse_alloc 7000
thp_collapse_alloc_failed 0
thp_split 11434
thp_zero_page_alloc 1
thp_zero_page_alloc_failed 0
thp_promote 11426
thp_fault_alloc 13079
thp_fault_fallback 12451
thp_collapse_alloc 7000
thp_collapse_alloc_failed 0
thp_split 11434
thp_zero_page_alloc 1
thp_zero_page_alloc_failed 0
thp_promote 11426
thp_fault_alloc 13118
thp_fault_fallback 12451
thp_collapse_alloc 7000
thp_collapse_alloc_failed 0
thp_split 11434
thp_zero_page_alloc 1
thp_zero_page_alloc_failed 0
thp_promote 11426
thp_fault_alloc 13159
thp_fault_fallback 12451
thp_collapse_alloc 7000
thp_collapse_alloc_failed 0
thp_split 11434
thp_zero_page_alloc 1
thp_zero_page_alloc_failed 0
thp_promote 11426
thp_fault_alloc 13200
thp_fault_fallback 12451
thp_collapse_alloc 7000
thp_collapse_alloc_failed 0
thp_split 11434
thp_zero_page_alloc 1
thp_zero_page_alloc_failed 0
thp_promote 11426
thp_fault_alloc 13275
thp_fault_fallback 12451
thp_collapse_alloc 7000
thp_collapse_alloc_failed 0
thp_split 11434
thp_zero_page_alloc 1
thp_zero_page_alloc_failed 0
thp_promote 11426
thp_fault_alloc 13317
thp_fault_fallback 12451
thp_collapse_alloc 7000
thp_collapse_alloc_failed 0
thp_split 11434
thp_zero_page_alloc 1
thp_zero_page_alloc_failed 0
thp_promote 11426
thp_fault_alloc 13357
thp_fault_fallback 12451
thp_collapse_alloc 7000
thp_collapse_alloc_failed 0
thp_split 11434
thp_zero_page_alloc 1
thp_zero_page_alloc_failed 0
thp_promote 11426
thp_fault_alloc 13397
thp_fault_fallback 12451
thp_collapse_alloc 7000
thp_collapse_alloc_failed 0
thp_split 11434
thp_zero_page_alloc 1
thp_zero_page_alloc_failed 0
thp_promote 11426
thp_fault_alloc 13437
thp_fault_fallback 12451
thp_collapse_alloc 7000
thp_collapse_alloc_failed 0
thp_split 11434
thp_zero_page_alloc 1
thp_zero_page_alloc_failed 0
thp_promote 11426
thp_fault_alloc 13476
thp_fault_fallback 12451
thp_collapse_alloc 7000
thp_collapse_alloc_failed 0
thp_split 11434
thp_zero_page_alloc 1
thp_zero_page_alloc_failed 0
thp_promote 11426
thp_fault_alloc 13518
thp_fault_fallback 12451
thp_collapse_alloc 7000
thp_collapse_alloc_failed 0
thp_split 11434
thp_zero_page_alloc 1
thp_zero_page_alloc_failed 0
thp_promote 11426
thp_fault_alloc 13560
thp_fault_fallback 12451
thp_collapse_alloc 7000
thp_collapse_alloc_failed 0
thp_split 11434
thp_zero_page_alloc 1
thp_zero_page_alloc_failed 0
thp_promote 11426
thp_fault_alloc 13599
thp_fault_fallback 12451
thp_collapse_alloc 7000
thp_collapse_alloc_failed 0
thp_split 11434
thp_zero_page_alloc 1
thp_zero_page_alloc_failed 0
thp_promote 11426
thp_fault_alloc 13637
thp_fault_fallback 12451
thp_collapse_alloc 7000
thp_collapse_alloc_failed 0
thp_split 11434
thp_zero_page_alloc 1
thp_zero_page_alloc_failed 0
thp_promote 11426
thp_fault_alloc 13677
thp_fault_fallback 12451
thp_collapse_alloc 7000
thp_collapse_alloc_failed 0
thp_split 11434
thp_zero_page_alloc 1
thp_zero_page_alloc_failed 0
thp_promote 11426
thp_fault_alloc 13718
thp_fault_fallback 12451
thp_collapse_alloc 7000
thp_collapse_alloc_failed 0
thp_split 11434
thp_zero_page_alloc 1
thp_zero_page_alloc_failed 0
thp_promote 11426
thp_fault_alloc 13757
thp_fault_fallback 12451
thp_collapse_alloc 7000
thp_collapse_alloc_failed 0
thp_split 11434
thp_zero_page_alloc 1
thp_zero_page_alloc_failed 0
thp_promote 11426
thp_fault_alloc 13794
thp_fault_fallback 12451
thp_collapse_alloc 7000
thp_collapse_alloc_failed 0
thp_split 11434
thp_zero_page_alloc 1
thp_zero_page_alloc_failed 0
thp_promote 11426
thp_fault_alloc 13829
thp_fault_fallback 18458
thp_collapse_alloc 7000
thp_collapse_alloc_failed 0
thp_split 17441
thp_zero_page_alloc 1
thp_zero_page_alloc_failed 0
thp_promote 11426
thp_fault_alloc 13861
thp_fault_fallback 18460
thp_collapse_alloc 7000
thp_collapse_alloc_failed 0
thp_split 17443
thp_zero_page_alloc 1
thp_zero_page_alloc_failed 0
thp_promote 11426
thp_fault_alloc 13902
thp_fault_fallback 18460
thp_collapse_alloc 7000
thp_collapse_alloc_failed 0
thp_split 17443
thp_zero_page_alloc 1
thp_zero_page_alloc_failed 0
thp_promote 11426
thp_fault_alloc 13938
thp_fault_fallback 18460
thp_collapse_alloc 7000
thp_collapse_alloc_failed 0
thp_split 17443
thp_zero_page_alloc 1
thp_zero_page_alloc_failed 0
thp_promote 11426
thp_fault_alloc 14006
thp_fault_fallback 18460
thp_collapse_alloc 7000
thp_collapse_alloc_failed 0
thp_split 17443
thp_zero_page_alloc 1
thp_zero_page_alloc_failed 0
thp_promote 11426
thp_fault_alloc 14043
thp_fault_fallback 18460
thp_collapse_alloc 7000
thp_collapse_alloc_failed 0
thp_split 17443
thp_zero_page_alloc 1
thp_zero_page_alloc_failed 0
thp_promote 11426
thp_fault_alloc 14075
thp_fault_fallback 18460
thp_collapse_alloc 7000
thp_collapse_alloc_failed 0
thp_split 17443
thp_zero_page_alloc 1
thp_zero_page_alloc_failed 0
thp_promote 11426
thp_fault_alloc 14113
thp_fault_fallback 18460
thp_collapse_alloc 7000
thp_collapse_alloc_failed 0
thp_split 17443
thp_zero_page_alloc 1
thp_zero_page_alloc_failed 0
thp_promote 11426
thp_fault_alloc 14153
thp_fault_fallback 18460
thp_collapse_alloc 7000
thp_collapse_alloc_failed 0
thp_split 17443
thp_zero_page_alloc 1
thp_zero_page_alloc_failed 0
thp_promote 11426
thp_fault_alloc 14190
thp_fault_fallback 18460
thp_collapse_alloc 7000
thp_collapse_alloc_failed 0
thp_split 17443
thp_zero_page_alloc 1
thp_zero_page_alloc_failed 0
thp_promote 11426
thp_fault_alloc 14258
thp_fault_fallback 18460
thp_collapse_alloc 7000
thp_collapse_alloc_failed 0
thp_split 17443
thp_zero_page_alloc 1
thp_zero_page_alloc_failed 0
thp_promote 11426
thp_fault_alloc 14295
thp_fault_fallback 18460
thp_collapse_alloc 7000
thp_collapse_alloc_failed 0
thp_split 17443
thp_zero_page_alloc 1
thp_zero_page_alloc_failed 0
thp_promote 11426
thp_fault_alloc 14330
thp_fault_fallback 18460
thp_collapse_alloc 7000
thp_collapse_alloc_failed 0
thp_split 17443
thp_zero_page_alloc 1
thp_zero_page_alloc_failed 0
thp_promote 11426
thp_fault_alloc 14366
thp_fault_fallback 18460
thp_collapse_alloc 7000
thp_collapse_alloc_failed 0
thp_split 17443
thp_zero_page_alloc 1
thp_zero_page_alloc_failed 0
thp_promote 11426
thp_fault_alloc 14402
thp_fault_fallback 18460
thp_collapse_alloc 7000
thp_collapse_alloc_failed 0
thp_split 17443
thp_zero_page_alloc 1
thp_zero_page_alloc_failed 0
thp_promote 11426
thp_fault_alloc 14441
thp_fault_fallback 18460
thp_collapse_alloc 7000
thp_collapse_alloc_failed 0
thp_split 17443
thp_zero_page_alloc 1
thp_zero_page_alloc_failed 0
thp_promote 11426
thp_fault_alloc 14480
thp_fault_fallback 18460
thp_collapse_alloc 7000
thp_collapse_alloc_failed 0
thp_split 17443
thp_zero_page_alloc 1
thp_zero_page_alloc_failed 0
thp_promote 11426
thp_fault_alloc 14554
thp_fault_fallback 18460
thp_collapse_alloc 7000
thp_collapse_alloc_failed 0
thp_split 17443
thp_zero_page_alloc 1
thp_zero_page_alloc_failed 0
thp_promote 11426
thp_fault_alloc 14593
thp_fault_fallback 18460
thp_collapse_alloc 7001
thp_collapse_alloc_failed 0
thp_split 17443
thp_zero_page_alloc 1
thp_zero_page_alloc_failed 0
thp_promote 11427
thp_fault_alloc 14629
thp_fault_fallback 18460
thp_collapse_alloc 7001
thp_collapse_alloc_failed 0
thp_split 17443
thp_zero_page_alloc 1
thp_zero_page_alloc_failed 0
thp_promote 11427
thp_fault_alloc 14670
thp_fault_fallback 18460
thp_collapse_alloc 7001
thp_collapse_alloc_failed 0
thp_split 17443
thp_zero_page_alloc 1
thp_zero_page_alloc_failed 0
thp_promote 11427
thp_fault_alloc 14711
thp_fault_fallback 18460
thp_collapse_alloc 7001
thp_collapse_alloc_failed 0
thp_split 17443
thp_zero_page_alloc 1
thp_zero_page_alloc_failed 0
thp_promote 11427
thp_fault_alloc 14752
thp_fault_fallback 18460
thp_collapse_alloc 7001
thp_collapse_alloc_failed 0
thp_split 17443
thp_zero_page_alloc 1
thp_zero_page_alloc_failed 0
thp_promote 11427
thp_fault_alloc 14791
thp_fault_fallback 18460
thp_collapse_alloc 7001
thp_collapse_alloc_failed 0
thp_split 17443
thp_zero_page_alloc 1
thp_zero_page_alloc_failed 0
thp_promote 11427
thp_fault_alloc 14863
thp_fault_fallback 18460
thp_collapse_alloc 7001
thp_collapse_alloc_failed 0
thp_split 17443
thp_zero_page_alloc 1
thp_zero_page_alloc_failed 0
thp_promote 11427
thp_fault_alloc 14902
thp_fault_fallback 18460
thp_collapse_alloc 7001
thp_collapse_alloc_failed 0
thp_split 17443
thp_zero_page_alloc 1
thp_zero_page_alloc_failed 0
thp_promote 11427
thp_fault_alloc 14943
thp_fault_fallback 18460
thp_collapse_alloc 7001
thp_collapse_alloc_failed 0
thp_split 17443
thp_zero_page_alloc 1
thp_zero_page_alloc_failed 0
thp_promote 11427
thp_fault_alloc 14981
thp_fault_fallback 18460
thp_collapse_alloc 8063
thp_collapse_alloc_failed 0
thp_split 17443
thp_zero_page_alloc 1
thp_zero_page_alloc_failed 0
thp_promote 13714
thp_fault_alloc 15015
thp_fault_fallback 18460
thp_collapse_alloc 9333
thp_collapse_alloc_failed 0
thp_split 17443
thp_zero_page_alloc 1
thp_zero_page_alloc_failed 0
thp_promote 13714
thp_fault_alloc 15054
thp_fault_fallback 18460
thp_collapse_alloc 9333
thp_collapse_alloc_failed 0
thp_split 17443
thp_zero_page_alloc 1
thp_zero_page_alloc_failed 0
thp_promote 13714
thp_fault_alloc 15091
thp_fault_fallback 18460
thp_collapse_alloc 9333
thp_collapse_alloc_failed 0
thp_split 17443
thp_zero_page_alloc 1
thp_zero_page_alloc_failed 0
thp_promote 13714
thp_fault_alloc 15129
thp_fault_fallback 18460
thp_collapse_alloc 9333
thp_collapse_alloc_failed 0
thp_split 17443
thp_zero_page_alloc 1
thp_zero_page_alloc_failed 0
thp_promote 13714
thp_fault_alloc 15167
thp_fault_fallback 18460
thp_collapse_alloc 9333
thp_collapse_alloc_failed 0
thp_split 17443
thp_zero_page_alloc 1
thp_zero_page_alloc_failed 0
thp_promote 13714
thp_fault_alloc 15207
thp_fault_fallback 18460
thp_collapse_alloc 9333
thp_collapse_alloc_failed 0
thp_split 17443
thp_zero_page_alloc 1
thp_zero_page_alloc_failed 0
thp_promote 13714
thp_fault_alloc 15245
thp_fault_fallback 18460
thp_collapse_alloc 9333
thp_collapse_alloc_failed 0
thp_split 17443
thp_zero_page_alloc 1
thp_zero_page_alloc_failed 0
thp_promote 13714
thp_fault_alloc 15319
thp_fault_fallback 18460
thp_collapse_alloc 9333
thp_collapse_alloc_failed 0
thp_split 17443
thp_zero_page_alloc 1
thp_zero_page_alloc_failed 0
thp_promote 13714
thp_fault_alloc 15359
thp_fault_fallback 18460
thp_collapse_alloc 9333
thp_collapse_alloc_failed 0
thp_split 17443
thp_zero_page_alloc 1
thp_zero_page_alloc_failed 0
thp_promote 13714
thp_fault_alloc 15398
thp_fault_fallback 18460
thp_collapse_alloc 9333
thp_collapse_alloc_failed 0
thp_split 17443
thp_zero_page_alloc 1
thp_zero_page_alloc_failed 0
thp_promote 13714
thp_fault_alloc 15434
thp_fault_fallback 18460
thp_collapse_alloc 9741
thp_collapse_alloc_failed 0
thp_split 17443
thp_zero_page_alloc 1
thp_zero_page_alloc_failed 0
thp_promote 14166
thp_fault_alloc 15544
thp_fault_fallback 18460
thp_collapse_alloc 9741
thp_collapse_alloc_failed 0
thp_split 17443
thp_zero_page_alloc 1
thp_zero_page_alloc_failed 0
thp_promote 14166
thp_fault_alloc 15586
thp_fault_fallback 18460
thp_collapse_alloc 9741
thp_collapse_alloc_failed 0
thp_split 17443
thp_zero_page_alloc 1
thp_zero_page_alloc_failed 0
thp_promote 14166
thp_fault_alloc 15623
thp_fault_fallback 18460
thp_collapse_alloc 9741
thp_collapse_alloc_failed 0
thp_split 17443
thp_zero_page_alloc 1
thp_zero_page_alloc_failed 0
thp_promote 14166
thp_fault_alloc 15664
thp_fault_fallback 18460
thp_collapse_alloc 9741
thp_collapse_alloc_failed 0
thp_split 17443
thp_zero_page_alloc 1
thp_zero_page_alloc_failed 0
thp_promote 14166
thp_fault_alloc 15700
thp_fault_fallback 18460
thp_collapse_alloc 9741
thp_collapse_alloc_failed 0
thp_split 17443
thp_zero_page_alloc 1
thp_zero_page_alloc_failed 0
thp_promote 14166
thp_fault_alloc 15735
thp_fault_fallback 18460
thp_collapse_alloc 9741
thp_collapse_alloc_failed 0
thp_split 17443
thp_zero_page_alloc 1
thp_zero_page_alloc_failed 0
thp_promote 14166
thp_fault_alloc 15774
thp_fault_fallback 18460
thp_collapse_alloc 9748
thp_collapse_alloc_failed 0
thp_split 17443
thp_zero_page_alloc 1
thp_zero_page_alloc_failed 0
thp_promote 14174
thp_fault_alloc 15813
thp_fault_fallback 18460
thp_collapse_alloc 9748
thp_collapse_alloc_failed 0
thp_split 17443
thp_zero_page_alloc 1
thp_zero_page_alloc_failed 0
thp_promote 14174
thp_fault_alloc 15852
thp_fault_fallback 18460
thp_collapse_alloc 9748
thp_collapse_alloc_failed 0
thp_split 17443
thp_zero_page_alloc 1
thp_zero_page_alloc_failed 0
thp_promote 14174
thp_fault_alloc 15893
thp_fault_fallback 18460
thp_collapse_alloc 9748
thp_collapse_alloc_failed 0
thp_split 17443
thp_zero_page_alloc 1
thp_zero_page_alloc_failed 0
thp_promote 14174
thp_fault_alloc 15961
thp_fault_fallback 18460
thp_collapse_alloc 9748
thp_collapse_alloc_failed 0
thp_split 17443
thp_zero_page_alloc 1
thp_zero_page_alloc_failed 0
thp_promote 14174
thp_fault_alloc 16001
thp_fault_fallback 18460
thp_collapse_alloc 9748
thp_collapse_alloc_failed 0
thp_split 17443
thp_zero_page_alloc 1
thp_zero_page_alloc_failed 0
thp_promote 14174
thp_fault_alloc 16041
thp_fault_fallback 18460
thp_collapse_alloc 9748
thp_collapse_alloc_failed 0
thp_split 17443
thp_zero_page_alloc 1
thp_zero_page_alloc_failed 0
thp_promote 14174
thp_fault_alloc 16084
thp_fault_fallback 18460
thp_collapse_alloc 9748
thp_collapse_alloc_failed 0
thp_split 17443
thp_zero_page_alloc 1
thp_zero_page_alloc_failed 0
thp_promote 14174
thp_fault_alloc 16123
thp_fault_fallback 18460
thp_collapse_alloc 9748
thp_collapse_alloc_failed 0
thp_split 17443
thp_zero_page_alloc 1
thp_zero_page_alloc_failed 0
thp_promote 14174
thp_fault_alloc 16160
thp_fault_fallback 18460
thp_collapse_alloc 9748
thp_collapse_alloc_failed 0
thp_split 17443
thp_zero_page_alloc 1
thp_zero_page_alloc_failed 0
thp_promote 14174
thp_fault_alloc 16197
thp_fault_fallback 18460
thp_collapse_alloc 9748
thp_collapse_alloc_failed 0
thp_split 17443
thp_zero_page_alloc 1
thp_zero_page_alloc_failed 0
thp_promote 14174
thp_fault_alloc 16232
thp_fault_fallback 18460
thp_collapse_alloc 9748
thp_collapse_alloc_failed 0
thp_split 17443
thp_zero_page_alloc 1
thp_zero_page_alloc_failed 0
thp_promote 14174
thp_fault_alloc 16270
thp_fault_fallback 18460
thp_collapse_alloc 9748
thp_collapse_alloc_failed 0
thp_split 17443
thp_zero_page_alloc 1
thp_zero_page_alloc_failed 0
thp_promote 14174
thp_fault_alloc 16307
thp_fault_fallback 18460
thp_collapse_alloc 9748
thp_collapse_alloc_failed 0
thp_split 17443
thp_zero_page_alloc 1
thp_zero_page_alloc_failed 0
thp_promote 14174
thp_fault_alloc 16346
thp_fault_fallback 18460
thp_collapse_alloc 9748
thp_collapse_alloc_failed 0
thp_split 17443
thp_zero_page_alloc 1
thp_zero_page_alloc_failed 0
thp_promote 14174
thp_fault_alloc 16380
thp_fault_fallback 18460
thp_collapse_alloc 9748
thp_collapse_alloc_failed 0
thp_split 17443
thp_zero_page_alloc 1
thp_zero_page_alloc_failed 0
thp_promote 14174
thp_fault_alloc 16418
thp_fault_fallback 18460
thp_collapse_alloc 9748
thp_collapse_alloc_failed 0
thp_split 17443
thp_zero_page_alloc 1
thp_zero_page_alloc_failed 0
thp_promote 14174
thp_fault_alloc 16457
thp_fault_fallback 18460
thp_collapse_alloc 9748
thp_collapse_alloc_failed 0
thp_split 17443
thp_zero_page_alloc 1
thp_zero_page_alloc_failed 0
thp_promote 14174
thp_fault_alloc 16528
thp_fault_fallback 18460
thp_collapse_alloc 9748
thp_collapse_alloc_failed 0
thp_split 17443
thp_zero_page_alloc 1
thp_zero_page_alloc_failed 0
thp_promote 14174
thp_fault_alloc 16570
thp_fault_fallback 18460
thp_collapse_alloc 9748
thp_collapse_alloc_failed 0
thp_split 17443
thp_zero_page_alloc 1
thp_zero_page_alloc_failed 0
thp_promote 14174
thp_fault_alloc 16609
thp_fault_fallback 18460
thp_collapse_alloc 9748
thp_collapse_alloc_failed 0
thp_split 17443
thp_zero_page_alloc 1
thp_zero_page_alloc_failed 0
thp_promote 14174
thp_fault_alloc 16644
thp_fault_fallback 18460
thp_collapse_alloc 9748
thp_collapse_alloc_failed 0
thp_split 17443
thp_zero_page_alloc 1
thp_zero_page_alloc_failed 0
thp_promote 14174
thp_fault_alloc 16683
thp_fault_fallback 18460
thp_collapse_alloc 9748
thp_collapse_alloc_failed 0
thp_split 17443
thp_zero_page_alloc 1
thp_zero_page_alloc_failed 0
thp_promote 14174
thp_fault_alloc 16720
thp_fault_fallback 18460
thp_collapse_alloc 9748
thp_collapse_alloc_failed 0
thp_split 17443
thp_zero_page_alloc 1
thp_zero_page_alloc_failed 0
thp_promote 14174
thp_fault_alloc 16760
thp_fault_fallback 18460
thp_collapse_alloc 9748
thp_collapse_alloc_failed 0
thp_split 17443
thp_zero_page_alloc 1
thp_zero_page_alloc_failed 0
thp_promote 14174
thp_fault_alloc 16800
thp_fault_fallback 18460
thp_collapse_alloc 9748
thp_collapse_alloc_failed 0
thp_split 17443
thp_zero_page_alloc 1
thp_zero_page_alloc_failed 0
thp_promote 14174
thp_fault_alloc 16838
thp_fault_fallback 18460
thp_collapse_alloc 9748
thp_collapse_alloc_failed 0
thp_split 17443
thp_zero_page_alloc 1
thp_zero_page_alloc_failed 0
thp_promote 14174
thp_fault_alloc 16872
thp_fault_fallback 18460
thp_collapse_alloc 9748
thp_collapse_alloc_failed 0
thp_split 17443
thp_zero_page_alloc 1
thp_zero_page_alloc_failed 0
thp_promote 14174
thp_fault_alloc 16911
thp_fault_fallback 18460
thp_collapse_alloc 9748
thp_collapse_alloc_failed 0
thp_split 17443
thp_zero_page_alloc 1
thp_zero_page_alloc_failed 0
thp_promote 14174
thp_fault_alloc 16947
thp_fault_fallback 18460
thp_collapse_alloc 9748
thp_collapse_alloc_failed 0
thp_split 17443
thp_zero_page_alloc 1
thp_zero_page_alloc_failed 0
thp_promote 14174
thp_fault_alloc 16985
thp_fault_fallback 18460
thp_collapse_alloc 9748
thp_collapse_alloc_failed 0
thp_split 17443
thp_zero_page_alloc 1
thp_zero_page_alloc_failed 0
thp_promote 14174
thp_fault_alloc 17022
thp_fault_fallback 18460
thp_collapse_alloc 9748
thp_collapse_alloc_failed 0
thp_split 17443
thp_zero_page_alloc 1
thp_zero_page_alloc_failed 0
thp_promote 14174
thp_fault_alloc 17094
thp_fault_fallback 18460
thp_collapse_alloc 9748
thp_collapse_alloc_failed 0
thp_split 17443
thp_zero_page_alloc 1
thp_zero_page_alloc_failed 0
thp_promote 14174
thp_fault_alloc 17131
thp_fault_fallback 18460
thp_collapse_alloc 9748
thp_collapse_alloc_failed 0
thp_split 17443
thp_zero_page_alloc 1
thp_zero_page_alloc_failed 0
thp_promote 14174
thp_fault_alloc 17168
thp_fault_fallback 18460
thp_collapse_alloc 9748
thp_collapse_alloc_failed 0
thp_split 17443
thp_zero_page_alloc 1
thp_zero_page_alloc_failed 0
thp_promote 14174
thp_fault_alloc 17207
thp_fault_fallback 18460
thp_collapse_alloc 9748
thp_collapse_alloc_failed 0
thp_split 17443
thp_zero_page_alloc 1
thp_zero_page_alloc_failed 0
thp_promote 14174
thp_fault_alloc 17241
thp_fault_fallback 18460
thp_collapse_alloc 9748
thp_collapse_alloc_failed 0
thp_split 17443
thp_zero_page_alloc 1
thp_zero_page_alloc_failed 0
thp_promote 14174
thp_fault_alloc 17279
thp_fault_fallback 18460
thp_collapse_alloc 9748
thp_collapse_alloc_failed 0
thp_split 17443
thp_zero_page_alloc 1
thp_zero_page_alloc_failed 0
thp_promote 14174
thp_fault_alloc 17316
thp_fault_fallback 18460
thp_collapse_alloc 9748
thp_collapse_alloc_failed 0
thp_split 17443
thp_zero_page_alloc 1
thp_zero_page_alloc_failed 0
thp_promote 17435
thp_fault_alloc 17353
thp_fault_fallback 18460
thp_collapse_alloc 9748
thp_collapse_alloc_failed 0
thp_split 17443
thp_zero_page_alloc 1
thp_zero_page_alloc_failed 0
thp_promote 17435
thp_fault_alloc 17392
thp_fault_fallback 18460
thp_collapse_alloc 9748
thp_collapse_alloc_failed 0
thp_split 17443
thp_zero_page_alloc 1
thp_zero_page_alloc_failed 0
thp_promote 17435
thp_fault_alloc 17429
thp_fault_fallback 18460
thp_collapse_alloc 9748
thp_collapse_alloc_failed 0
thp_split 17443
thp_zero_page_alloc 1
thp_zero_page_alloc_failed 0
thp_promote 17435
thp_fault_alloc 17465
thp_fault_fallback 18460
thp_collapse_alloc 9748
thp_collapse_alloc_failed 0
thp_split 17443
thp_zero_page_alloc 1
thp_zero_page_alloc_failed 0
thp_promote 17435
thp_fault_alloc 17500
thp_fault_fallback 18460
thp_collapse_alloc 9748
thp_collapse_alloc_failed 0
thp_split 17443
thp_zero_page_alloc 1
thp_zero_page_alloc_failed 0
thp_promote 17435
thp_fault_alloc 17537
thp_fault_fallback 18460
thp_collapse_alloc 9748
thp_collapse_alloc_failed 0
thp_split 17443
thp_zero_page_alloc 1
thp_zero_page_alloc_failed 0
thp_promote 17435
thp_fault_alloc 17573
thp_fault_fallback 18460
thp_collapse_alloc 9748
thp_collapse_alloc_failed 0
thp_split 17443
thp_zero_page_alloc 1
thp_zero_page_alloc_failed 0
thp_promote 17435
thp_fault_alloc 17607
thp_fault_fallback 18460
thp_collapse_alloc 9748
thp_collapse_alloc_failed 0
thp_split 17443
thp_zero_page_alloc 1
thp_zero_page_alloc_failed 0
thp_promote 17435
thp_fault_alloc 17645
thp_fault_fallback 18460
thp_collapse_alloc 9748
thp_collapse_alloc_failed 0
thp_split 17443
thp_zero_page_alloc 1
thp_zero_page_alloc_failed 0
thp_promote 17435
thp_fault_alloc 17679
thp_fault_fallback 18460
thp_collapse_alloc 9748
thp_collapse_alloc_failed 0
thp_split 17443
thp_zero_page_alloc 1
thp_zero_page_alloc_failed 0
thp_promote 17435
thp_fault_alloc 17711
thp_fault_fallback 18460
thp_collapse_alloc 9748
thp_collapse_alloc_failed 0
thp_split 17443
thp_zero_page_alloc 1
thp_zero_page_alloc_failed 0
thp_promote 17435
thp_fault_alloc 17747
thp_fault_fallback 18460
thp_collapse_alloc 9748
thp_collapse_alloc_failed 0
thp_split 17443
thp_zero_page_alloc 1
thp_zero_page_alloc_failed 0
thp_promote 17435
thp_fault_alloc 17786
thp_fault_fallback 18460
thp_collapse_alloc 9748
thp_collapse_alloc_failed 0
thp_split 17443
thp_zero_page_alloc 1
thp_zero_page_alloc_failed 0
thp_promote 17435
thp_fault_alloc 17821
thp_fault_fallback 18460
thp_collapse_alloc 9748
thp_collapse_alloc_failed 0
thp_split 17443
thp_zero_page_alloc 1
thp_zero_page_alloc_failed 0
thp_promote 17435
thp_fault_alloc 17859
thp_fault_fallback 18460
thp_collapse_alloc 9748
thp_collapse_alloc_failed 0
thp_split 17443
thp_zero_page_alloc 1
thp_zero_page_alloc_failed 0
thp_promote 17435
thp_fault_alloc 17894
thp_fault_fallback 18460
thp_collapse_alloc 9748
thp_collapse_alloc_failed 0
thp_split 17443
thp_zero_page_alloc 1
thp_zero_page_alloc_failed 0
thp_promote 17435
thp_fault_alloc 17929
thp_fault_fallback 18460
thp_collapse_alloc 9748
thp_collapse_alloc_failed 0
thp_split 17443
thp_zero_page_alloc 1
thp_zero_page_alloc_failed 0
thp_promote 17435
thp_fault_alloc 17966
thp_fault_fallback 18460
thp_collapse_alloc 9748
thp_collapse_alloc_failed 0
thp_split 17443
thp_zero_page_alloc 1
thp_zero_page_alloc_failed 0
thp_promote 17435
thp_fault_alloc 18003
thp_fault_fallback 18460
thp_collapse_alloc 9748
thp_collapse_alloc_failed 0
thp_split 17443
thp_zero_page_alloc 1
thp_zero_page_alloc_failed 0
thp_promote 17435
thp_fault_alloc 18039
thp_fault_fallback 18460
thp_collapse_alloc 9748
thp_collapse_alloc_failed 0
thp_split 17443
thp_zero_page_alloc 1
thp_zero_page_alloc_failed 0
thp_promote 17435
thp_fault_alloc 18070
thp_fault_fallback 18460
thp_collapse_alloc 9748
thp_collapse_alloc_failed 0
thp_split 17443
thp_zero_page_alloc 1
thp_zero_page_alloc_failed 0
thp_promote 17435
thp_fault_alloc 18105
thp_fault_fallback 18460
thp_collapse_alloc 9748
thp_collapse_alloc_failed 0
thp_split 17443
thp_zero_page_alloc 1
thp_zero_page_alloc_failed 0
thp_promote 17435
thp_fault_alloc 18139
thp_fault_fallback 18460
thp_collapse_alloc 9748
thp_collapse_alloc_failed 0
thp_split 17443
thp_zero_page_alloc 1
thp_zero_page_alloc_failed 0
thp_promote 17435
thp_fault_alloc 18173
thp_fault_fallback 18460
thp_collapse_alloc 9748
thp_collapse_alloc_failed 0
thp_split 17443
thp_zero_page_alloc 1
thp_zero_page_alloc_failed 0
thp_promote 17435
thp_fault_alloc 18207
thp_fault_fallback 18460
thp_collapse_alloc 9748
thp_collapse_alloc_failed 0
thp_split 17443
thp_zero_page_alloc 1
thp_zero_page_alloc_failed 0
thp_promote 17435
thp_fault_alloc 18245
thp_fault_fallback 18460
thp_collapse_alloc 9748
thp_collapse_alloc_failed 0
thp_split 17443
thp_zero_page_alloc 1
thp_zero_page_alloc_failed 0
thp_promote 17435
thp_fault_alloc 18283
thp_fault_fallback 18460
thp_collapse_alloc 9748
thp_collapse_alloc_failed 0
thp_split 17443
thp_zero_page_alloc 1
thp_zero_page_alloc_failed 0
thp_promote 17435
thp_fault_alloc 18318
thp_fault_fallback 18460
thp_collapse_alloc 9748
thp_collapse_alloc_failed 0
thp_split 17443
thp_zero_page_alloc 1
thp_zero_page_alloc_failed 0
thp_promote 17435
thp_fault_alloc 18352
thp_fault_fallback 18460
thp_collapse_alloc 9748
thp_collapse_alloc_failed 0
thp_split 17443
thp_zero_page_alloc 1
thp_zero_page_alloc_failed 0
thp_promote 17435
thp_fault_alloc 18388
thp_fault_fallback 18460
thp_collapse_alloc 9748
thp_collapse_alloc_failed 0
thp_split 17443
thp_zero_page_alloc 1
thp_zero_page_alloc_failed 0
thp_promote 17435
thp_fault_alloc 18422
thp_fault_fallback 18460
thp_collapse_alloc 9748
thp_collapse_alloc_failed 0
thp_split 17443
thp_zero_page_alloc 1
thp_zero_page_alloc_failed 0
thp_promote 17435
thp_fault_alloc 18457
thp_fault_fallback 18460
thp_collapse_alloc 9748
thp_collapse_alloc_failed 0
thp_split 17443
thp_zero_page_alloc 1
thp_zero_page_alloc_failed 0
thp_promote 17435
thp_fault_alloc 18457
thp_fault_fallback 18460
thp_collapse_alloc 9748
thp_collapse_alloc_failed 0
thp_split 17443
thp_zero_page_alloc 1
thp_zero_page_alloc_failed 0
thp_promote 17435
thp_fault_alloc 18522
thp_fault_fallback 18460
thp_collapse_alloc 9748
thp_collapse_alloc_failed 0
thp_split 17443
thp_zero_page_alloc 1
thp_zero_page_alloc_failed 0
thp_promote 17435
thp_fault_alloc 18550
thp_fault_fallback 18460
thp_collapse_alloc 9748
thp_collapse_alloc_failed 0
thp_split 17443
thp_zero_page_alloc 1
thp_zero_page_alloc_failed 0
thp_promote 17435
thp_fault_alloc 18582
thp_fault_fallback 18460
thp_collapse_alloc 9748
thp_collapse_alloc_failed 0
thp_split 17443
thp_zero_page_alloc 1
thp_zero_page_alloc_failed 0
thp_promote 17435
thp_fault_alloc 18639
thp_fault_fallback 18460
thp_collapse_alloc 9748
thp_collapse_alloc_failed 0
thp_split 17443
thp_zero_page_alloc 1
thp_zero_page_alloc_failed 0
thp_promote 17435
thp_fault_alloc 18671
thp_fault_fallback 18460
thp_collapse_alloc 9748
thp_collapse_alloc_failed 0
thp_split 17443
thp_zero_page_alloc 1
thp_zero_page_alloc_failed 0
thp_promote 17435
thp_fault_alloc 18671
thp_fault_fallback 18460
thp_collapse_alloc 9748
thp_collapse_alloc_failed 0
thp_split 17443
thp_zero_page_alloc 1
thp_zero_page_alloc_failed 0
thp_promote 17435
thp_fault_alloc 18821
thp_fault_fallback 18460
thp_collapse_alloc 9748
thp_collapse_alloc_failed 0
thp_split 17443
thp_zero_page_alloc 1
thp_zero_page_alloc_failed 0
thp_promote 17435
thp_fault_alloc 18855
thp_fault_fallback 18460
thp_collapse_alloc 9748
thp_collapse_alloc_failed 0
thp_split 17443
thp_zero_page_alloc 1
thp_zero_page_alloc_failed 0
thp_promote 17435
thp_fault_alloc 18855
thp_fault_fallback 18460
thp_collapse_alloc 9748
thp_collapse_alloc_failed 0
thp_split 17443
thp_zero_page_alloc 1
thp_zero_page_alloc_failed 0
thp_promote 17435
thp_fault_alloc 18890
thp_fault_fallback 18460
thp_collapse_alloc 9748
thp_collapse_alloc_failed 0
thp_split 17443
thp_zero_page_alloc 1
thp_zero_page_alloc_failed 0
thp_promote 17435
thp_fault_alloc 18890
thp_fault_fallback 18460
thp_collapse_alloc 9748
thp_collapse_alloc_failed 0
thp_split 17443
thp_zero_page_alloc 1
thp_zero_page_alloc_failed 0
thp_promote 17435
thp_fault_alloc 18925
thp_fault_fallback 18460
thp_collapse_alloc 9748
thp_collapse_alloc_failed 0
thp_split 17443
thp_zero_page_alloc 1
thp_zero_page_alloc_failed 0
thp_promote 17435
thp_fault_alloc 19154
thp_fault_fallback 18460
thp_collapse_alloc 9748
thp_collapse_alloc_failed 0
thp_split 17443
thp_zero_page_alloc 1
thp_zero_page_alloc_failed 0
thp_promote 17435
thp_fault_alloc 19187
thp_fault_fallback 18460
thp_collapse_alloc 9748
thp_collapse_alloc_failed 0
thp_split 17443
thp_zero_page_alloc 1
thp_zero_page_alloc_failed 0
thp_promote 17435
thp_fault_alloc 19187
thp_fault_fallback 18460
thp_collapse_alloc 9748
thp_collapse_alloc_failed 0
thp_split 17443
thp_zero_page_alloc 1
thp_zero_page_alloc_failed 0
thp_promote 17435
thp_fault_alloc 19223
thp_fault_fallback 18460
thp_collapse_alloc 9748
thp_collapse_alloc_failed 0
thp_split 17443
thp_zero_page_alloc 1
thp_zero_page_alloc_failed 0
thp_promote 17435
thp_fault_alloc 19223
thp_fault_fallback 18466
thp_collapse_alloc 9748
thp_collapse_alloc_failed 0
thp_split 17449
thp_zero_page_alloc 1
thp_zero_page_alloc_failed 0
thp_promote 17435
thp_fault_alloc 19259
thp_fault_fallback 18471
thp_collapse_alloc 9748
thp_collapse_alloc_failed 0
thp_split 17454
thp_zero_page_alloc 1
thp_zero_page_alloc_failed 0
thp_promote 17435
thp_fault_alloc 19259
thp_fault_fallback 18475
thp_collapse_alloc 9748
thp_collapse_alloc_failed 0
thp_split 17458
thp_zero_page_alloc 1
thp_zero_page_alloc_failed 0
thp_promote 17435
thp_fault_alloc 19293
thp_fault_fallback 18475
thp_collapse_alloc 9748
thp_collapse_alloc_failed 0
thp_split 17458
thp_zero_page_alloc 1
thp_zero_page_alloc_failed 0
thp_promote 17435
thp_fault_alloc 19293
thp_fault_fallback 18475
thp_collapse_alloc 9748
thp_collapse_alloc_failed 0
thp_split 17458
thp_zero_page_alloc 1
thp_zero_page_alloc_failed 0
thp_promote 17435
thp_fault_alloc 19328
thp_fault_fallback 18475
thp_collapse_alloc 9748
thp_collapse_alloc_failed 0
thp_split 17458
thp_zero_page_alloc 1
thp_zero_page_alloc_failed 0
thp_promote 17435
thp_fault_alloc 19328
thp_fault_fallback 18481
thp_collapse_alloc 9748
thp_collapse_alloc_failed 0
thp_split 17464
thp_zero_page_alloc 1
thp_zero_page_alloc_failed 0
thp_promote 17435
thp_fault_alloc 19358
thp_fault_fallback 18481
thp_collapse_alloc 9748
thp_collapse_alloc_failed 0
thp_split 17464
thp_zero_page_alloc 1
thp_zero_page_alloc_failed 0
thp_promote 17435
thp_fault_alloc 19358
thp_fault_fallback 18481
thp_collapse_alloc 9748
thp_collapse_alloc_failed 0
thp_split 17464
thp_zero_page_alloc 1
thp_zero_page_alloc_failed 0
thp_promote 17435
thp_fault_alloc 19840
thp_fault_fallback 18481
thp_collapse_alloc 9748
thp_collapse_alloc_failed 0
thp_split 17464
thp_zero_page_alloc 1
thp_zero_page_alloc_failed 0
thp_promote 17435
thp_fault_alloc 19854
thp_fault_fallback 18483
thp_collapse_alloc 9748
thp_collapse_alloc_failed 0
thp_split 17467
thp_zero_page_alloc 1
thp_zero_page_alloc_failed 0
thp_promote 17435
thp_fault_alloc 19854
thp_fault_fallback 18483
thp_collapse_alloc 9748
thp_collapse_alloc_failed 0
thp_split 17467
thp_zero_page_alloc 1
thp_zero_page_alloc_failed 0
thp_promote 17435
thp_fault_alloc 19888
thp_fault_fallback 18483
thp_collapse_alloc 9748
thp_collapse_alloc_failed 0
thp_split 17467
thp_zero_page_alloc 1
thp_zero_page_alloc_failed 0
thp_promote 17435
thp_fault_alloc 19888
thp_fault_fallback 18483
thp_collapse_alloc 9748
thp_collapse_alloc_failed 0
thp_split 17467
thp_zero_page_alloc 1
thp_zero_page_alloc_failed 0
thp_promote 17435
thp_fault_alloc 19919
thp_fault_fallback 18483
thp_collapse_alloc 9748
thp_collapse_alloc_failed 0
thp_split 17467
thp_zero_page_alloc 1
thp_zero_page_alloc_failed 0
thp_promote 17435
thp_fault_alloc 19919
thp_fault_fallback 18483
thp_collapse_alloc 9748
thp_collapse_alloc_failed 0
thp_split 17467
thp_zero_page_alloc 1
thp_zero_page_alloc_failed 0
thp_promote 17435
thp_fault_alloc 19957
thp_fault_fallback 18483
thp_collapse_alloc 9748
thp_collapse_alloc_failed 0
thp_split 17467
thp_zero_page_alloc 1
thp_zero_page_alloc_failed 0
thp_promote 17435
thp_fault_alloc 19991
thp_fault_fallback 18483
thp_collapse_alloc 9748
thp_collapse_alloc_failed 0
thp_split 17467
thp_zero_page_alloc 1
thp_zero_page_alloc_failed 0
thp_promote 17435
thp_fault_alloc 20028
thp_fault_fallback 18483
thp_collapse_alloc 9748
thp_collapse_alloc_failed 0
thp_split 17467
thp_zero_page_alloc 1
thp_zero_page_alloc_failed 0
thp_promote 17435
thp_fault_alloc 20063
thp_fault_fallback 18483
thp_collapse_alloc 9748
thp_collapse_alloc_failed 0
thp_split 17467
thp_zero_page_alloc 1
thp_zero_page_alloc_failed 0
thp_promote 17435
thp_fault_alloc 20101
thp_fault_fallback 18483
thp_collapse_alloc 9748
thp_collapse_alloc_failed 0
thp_split 17467
thp_zero_page_alloc 1
thp_zero_page_alloc_failed 0
thp_promote 17435
thp_fault_alloc 20139
thp_fault_fallback 18483
thp_collapse_alloc 9748
thp_collapse_alloc_failed 0
thp_split 17467
thp_zero_page_alloc 1
thp_zero_page_alloc_failed 0
thp_promote 17435
