10084644 0
10163588 0
10236196 0
10309520 0
10383128 0
10457400 0
10531200 0
10604928 0
10679440 0
10752104 0
10825636 0
10899772 0
10973760 0
11047352 0
11120964 0
11194804 0
11268484 0
11342340 0
11416160 0
11489708 0
11563428 0
11636984 0
11710988 0
11784660 0
11858200 0
11913840 0
11915044 0
11915760 0
11916756 0
11394928 0
11399952 0
11405316 0
11411048 0
11416888 0
11423140 0
11429628 0
11436324 0
11443264 0
11450368 0
11457664 0
11465084 0
11472416 0
11479780 0
11487116 0
11494436 0
11501760 0
11509068 0
11516324 0
11523720 0
11530864 0
11538192 0
11545388 0
11552488 0
11559744 0
11566760 0
11572768 0
11579368 0
11586116 0
11592820 0
11599572 0
11606288 0
11612896 0
11619460 0
11625904 0
11632548 0
11639328 0
11645604 0
11651948 0
11658116 0
11664540 0
11670652 0
11676748 0
11682804 0
11688788 0
11694856 0
11700780 0
11706836 0
11712732 0
11718680 0
11724676 0
11730580 0
11749964 0
11755428 0
11760980 0
11766504 0
11771948 0
11777304 0
11782620 0
11787900 0
11793144 0
11798336 0
11803452 0
11808524 0
11813640 0
11818704 0
11823784 0
11828840 0
11833800 0
11838784 0
11843664 0
11848508 0
11853296 0
11858020 0
11862756 0
11867460 0
11872256 0
11876968 0
11881608 0
11886220 0
11890784 0
11895320 0
11899828 0
11904444 0
11908932 0
11913420 0
11917844 0
11921888 0
11926228 0
11930544 0
11934828 0
11939084 0
11943312 0
11947596 0
11951752 0
11955892 0
11959956 0
11964032 0
11968060 0
11972116 0
11975236 0
11976580 0
11978092 0
11979712 0
11981556 0
11983612 0
11985876 0
11988384 0
11991068 0
11993960 0
11997128 0
12000324 0
12003636 0
12007028 0
12010536 0
12014028 0
12017392 0
12020888 0
12024480 0
12028008 0
12031500 0
12035004 0
12038488 0
12041972 0
12045536 0
12048580 0
12059316 0
12061972 0
12069880 0
12073144 0
12076408 0
12079688 0
12082644 0
12085824 0
12089040 0
12092076 0
12095108 0
12098232 0
12101292 0
12104324 0
12107084 0
12110068 0
12113032 0
12116012 0
12118976 0
12121984 0
12124908 0
12127768 0
12130668 0
12133528 0
12136336 0
12139160 0
12141984 0
12144812 0
12147500 0
12150296 0
12153064 0
12155504 0
12158304 0
12161044 0
12163748 0
12166444 0
12169072 0
12171644 0
12174184 0
12176684 0
12179228 0
12181720 0
12184144 0
12186612 0
12189028 0
12191436 0
12193856 0
12196252 0
12198608 0
12200968 0
12203300 0
12205608 0
12207968 0
12210232 0
12212500 0
12214764 0
12216832 0
12218976 0
12220904 0
12223036 0
12224980 0
12227136 0
12229052 0
12231168 0
12233256 0
12235380 0
12237196 0
12239200 0
12241060 0
12243060 0
12245164 0
12247200 0
12249240 0
12251296 0
12253272 0
12255256 0
12257212 0
12259196 0
12261152 0
12263092 0
12264996 0
12266900 0
12268792 0
12269672 0
12270296 0
12271012 0
12271796 0
12272684 0
12273672 0
12274780 0
12276028 0
12277380 0
12278852 0
12280396 0
12281944 0
12283584 0
12285284 0
12286996 0
12288744 0
12290512 0
12292252 0
12293932 0
12295596 0
12297084 0
12298756 0
12300428 0
12302076 0
12303740 0
12305232 0
12306848 0
12308568 0
12310028 0
12313924 0
12315504 0
12317040 0
12318548 0
12320100 0
12321616 0
12323124 0
12324608 0
12326100 0
12327588 0
12329068 0
12330508 0
12331952 0
12333384 0
12334808 0
12336236 0
12337672 0
12338944 0
12340332 0
12341692 0
12343016 0
12344412 0
12345756 0
12347084 0
12348400 0
12349912 0
12351152 0
12352508 0
12353836 0
12356328 0
12357664 0
12358956 0
12361012 0
12362280 0
12363548 0
12364648 0
12365720 0
12366756 0
12367816 0
12368832 0
12369844 0
12370864 0
12371888 0
12372880 0
12373880 0
12374876 0
12375860 0
12376872 0
12377984 0
12379136 0
12380240 0
12381320 0
12382400 0
12383516 0
12384648 0
12385724 0
12386812 0
12387816 0
12388908 0
12389948 0
12390980 0
12391724 0
12391724 0
12391724 0
12391724 0
12391724 0
12391724 0
12391724 0
12391724 0
12391724 0
12391724 0
12391724 0
12391724 0
12391724 0
12391724 0
12391724 0
12391724 0
12391724 0
12391724 0
12391724 0
12391724 0
12391724 0
12391724 0
12391724 0
12391724 0
12391724 0
12391724 0
12391724 0
12391724 0
12391724 0
12391724 0
12391724 0
12391724 0
12391724 0
12391724 0
12391724 0
12391724 0
12391724 0
12391724 0
12391724 0
12391724 0
12391724 0
12391724 0
12391724 0
12391724 0
12391724 0
12391724 0
12391724 0
12391724 0
12391724 0
12391724 0
12391724 0
12391724 0
