1036
1036
1036
1036
1036
1036
1036
1036
1036
1036
1036
1036
1036
1036
1036
1036
1036
1036
1036
1036
1036
1036
1036
1036
1036
1036
1036
1036
1036
1036
1036
1036
1036
1036
1036
1036
1036
1036
1036
1036
1036
1036
1036
1036
1036
1036
1036
1036
1036
1036
1036
1036
1036
1036
1036
1036
1036
1036
1036
1036
1494
1494
1494
1494
1494
1494
1494
1494
2314
3579
3579
3579
3579
3579
3579
3579
3579
3579
3579
4022
4022
4022
4022
4022
4022
4022
4022
4022
4022
4065
4065
4065
4065
4065
4065
4065
4065
4065
4065
4065
4065
4065
4065
4065
4065
4065
4065
4065
4065
4065
4065
4065
4065
4065
4065
4065
4065
4067
4067
4067
4067
4067
4067
4067
4067
4067
4067
4067
4067
4067
4067
4067
4067
4067
4067
4067
4067
4068
4068
4068
4068
4068
4068
4068
4068
4068
4068
4068
4068
4068
4068
4068
4068
4068
4068
4068
4068
4069
4069
4069
4069
4069
4069
4069
4069
4069
4069
4069
4069
4069
4069
4069
4069
4069
4069
4069
4069
4069
4069
4069
4069
4069
4069
5124
5124
5124
5124
5124
5124
5124
5124
6676
6676
6676
6676
6676
6676
6676
6676
6676
6676
6743
6743
6743
6743
6743
6743
6743
6743
6743
6759
6759
6759
6759
6759
6759
6759
6759
6759
6875
6875
6875
6875
6875
6875
6875
6875
6875
6875
6875
6875
6875
6875
6875
6875
6875
6875
6875
6875
6875
6875
6875
6875
6875
6875
6875
6875
6875
6875
6875
6875
6875
6875
6875
6875
6875
6875
6875
6875
6875
6875
6875
6875
6875
6875
6875
6875
6875
6875
6875
6875
6875
6875
6875
6875
6875
6875
6875
6875
6875
6875
6875
6875
6875
6875
6875
6875
6875
6875
6875
6875
6875
6875
6875
6875
6875
6875
6875
6875
6875
6875
6875
6875
6875
6875
6875
6875
6875
6875
6875
6875
6875
6875
7001
8413
8758
8758
8758
8758
8758
8758
8758
9602
9602
9602
9602
9602
9602
9602
9602
9602
9622
9622
9622
9622
9622
9622
9622
9622
9622
9622
9622
9622
9622
9622
9622
9622
9622
9622
9622
9622
9622
9622
9622
9622
9622
9622
9622
9622
9622
9622
9622
9622
9622
9622
9622
9622
9622
9622
9622
9622
9622
9622
9622
9622
9622
9622
9622
9622
9622
9622
9622
9622
9622
9622
9622
9622
9622
9622
9622
9622
9622
9622
9622
9622
9622
9622
9622
9622
9622
9622
9622
9622
9622
9622
9622
9622
9622
9622
9622
9622
9622
9622
9622
9622
9622
9622
9622
9622
9622
9622
9622
9622
9622
9622
9622
9622
9622
9622
9622
9622
9622
9622
9622
9622
9622
9622
9622
9622
9622
9622
9622
9622
9622
9622
