0
0
0
0
0
0
0
0
0
0
0
0
0
0
0
0
0
0
0
0
0
0
0
0
0
0
0
0
0
0
0
0
0
0
0
0
0
0
0
0
0
0
0
0
0
0
0
0
0
0
0
0
0
0
0
0
0
0
0
0
440
440
440
440
440
440
440
440
2475
2475
2475
2475
2475
2475
2475
2475
2475
2475
2475
2988
2988
2988
2988
2988
2988
2988
2988
2988
2988
3030
3030
3030
3030
3030
3030
3030
3030
4735
4735
4735
4735
4735
4735
4735
4735
4735
4735
5564
5564
5564
5564
5564
5564
5564
5564
5564
5564
5564
5564
5564
5564
5564
5564
5564
5564
5564
5564
5564
5564
5564
5564
5564
5564
5564
5564
5564
5564
5564
5564
5564
5564
5564
5564
5564
5564
5564
5564
5564
5564
5564
5564
5564
5564
5564
5564
5564
5564
5564
5564
5564
5564
5564
5564
5564
5564
5564
5564
5564
5564
5564
5564
5564
5564
5564
5564
5564
5564
5564
5564
5564
5564
5564
5564
6578
6578
6578
6578
6578
6578
6578
6578
8163
8163
8163
8163
8163
8163
8163
8163
8163
8163
8238
8238
8238
8238
8238
8238
8238
8238
8238
8254
8254
8254
8254
8254
8254
8254
8254
8254
8370
8370
8370
8370
8370
8370
8370
8370
8370
8802
8802
8802
8802
8802
8802
8802
8802
8802
8802
11430
11430
11430
11430
11430
11430
11430
11430
11430
11430
11430
11430
11430
11430
11430
11430
11430
11430
11430
11430
11430
11430
11430
11430
11430
11430
11430
11430
11430
11430
11430
11430
11430
11430
11430
11430
11430
11430
11430
11430
11430
11430
11430
11430
11430
11430
11430
11430
11430
11430
11430
11430
11430
11430
11430
11430
11430
11430
11430
11430
11430
11430
11430
11430
11430
11430
11430
11430
11430
11430
11430
11430
11430
11430
11430
13265
13265
13265
13265
13265
13265
13265
13265
13570
14154
14154
14154
14154
14154
14154
14154
14154
14154
14177
14177
14177
14177
14177
14177
14177
14177
14177
14177
14177
14177
14177
14177
14177
14177
14177
14177
14177
14177
14177
14177
14177
14177
14177
14177
14177
14177
14177
14177
14177
14177
14177
14177
14177
14177
14177
14258
17436
17436
17436
17436
17436
17436
17436
17436
17436
17436
17436
17436
17436
17436
17436
17436
17436
17436
17436
17436
17436
17436
17436
17436
17436
17436
17436
17436
17436
17436
17436
17436
17436
17436
17436
17436
17436
17436
17436
17436
17436
17436
17436
17436
17436
17436
17436
17436
17436
17436
17436
17436
17436
17436
17436
17436
17436
17436
17436
17436
17436
17436
17436
17436
17436
17436
17436
17436
17436
17436
17436
17436
17436
17436
17436
17436
