17448008 0
17450052 0
17452504 0
17455532 0
17459208 0
17463776 0
17469360 0
17475936 0
17483648 0
17492124 0
17500916 0
17509368 0
17517764 0
17525936 0
17534236 0
17542480 0
17552060 0
17560276 0
17569964 0
17579232 0
17587508 0
17595804 0
17605236 0
17613572 0
17624376 0
17632704 0
17642252 0
17652120 0
17661344 0
17670916 0
17680536 0
17690012 0
17699580 0
17709040 0
17718448 0
17726612 0
17734904 0
17743304 0
17752812 0
17762432 0
17772000 0
17782444 0
16749188 0
16770524 0
16791696 0
16812148 0
16833800 0
16854972 0
16876092 0
16896520 0
16917700 0
16940212 0
16961840 0
16983932 0
17004400 0
17025200 0
17045692 0
17066472 0
17086676 0
17107644 0
17127744 0
17148396 0
17168184 0
17187600 0
17206892 0
17228284 0
17256748 0
17275904 0
17294376 0
17312700 0
17331440 0
17350416 0
17369520 0
17387744 0
17405692 0
17423548 0
17441684 0
17459652 0
17477376 0
17495064 0
17512636 0
17530164 0
17547508 0
17565204 0
17582676 0
17599796 0
17617216 0
17634952 0
17651816 0
17668644 0
17685220 0
17702360 0
17718976 0
17735472 0
17751764 0
17768444 0
17785408 0
17800232 0
17814772 0
17828904 0
17843276 0
17857584 0
17871816 0
17886064 0
17900452 0
17912916 0
17925208 0
17938116 0
17949544 0
17961636 0
17967432 0
17972992 0
17978976 0
17985492 0
17992584 0
17999328 0
18007368 0
18015788 0
18024752 0
18033540 0
18042044 0
18052272 0
18062264 0
18071596 0
18081908 0
18092756 0
18104896 0
18114844 0
18125784 0
18141852 0
18153264 0
18166880 0
18180224 0
18192384 0
18204716 0
18216928 0
18229188 0
18241456 0
18253900 0
18272784 0
18284388 0
18298084 0
18311104 0
18323336 0
18335632 0
18345320 0
18353428 0
18361616 0
18373428 0
18384584 0
18395608 0
18406680 0
18424388 0
18435400 0
18448992 0
18460068 0
18473580 0
18485032 0
18496688 0
18508968 0
18522108 0
18533464 0
18544728 0
18555420 0
18566116 0
18578192 0
18588996 0
18600456 0
18610784 0
18621772 0
18634020 0
18644676 0
18653048 0
18661260 0
18669504 0
18681824 0
18694056 0
18704968 0
18715292 0
18725556 0
18735940 0
18747732 0
18759280 0
18770268 0
18780704 0
18790688 0
18800676 0
18810472 0
18821088 0
18830700 0
18841384 0
18851080 0
18861636 0
18871496 0
18882000 0
18891916 0
18902280 0
18912256 0
18922580 0
18931156 0
18940768 0
18950932 0
18959692 0
18969268 0
18977440 0
18985616 0
18993836 0
19002116 0
19011944 0
19020996 0
19030624 0
19038676 0
19046924 0
19055020 0
19063160 0
19071344 0
19079528 0
19087728 0
19095836 0
19104012 0
19112176 0
19120392 0
19128512 0
19137032 0
19144900 0
19153356 0
19161252 0
19170232 0
19179476 0
19188364 0
19193432 0
19196620 0
19200060 0
19203800 0
19207868 0
19212244 0
19216980 0
19222124 0
19227284 0
19232124 0
19238096 0
19243580 0
19249156 0
19256064 0
19263536 0
19270680 0
19277772 0
19285816 0
19295696 0
19304200 0
19313820 0
19322780 0
19331436 0
19339900 0
19348104 0
19356216 0
19364384 0
19372648 0
19380836 0
19389044 0
19397156 0
19405312 0
19413500 0
19421700 0
19429872 0
19439560 0
19446652 0
19453752 0
19461776 0
19470608 0
19478928 0
19487136 0
19495232 0
19503408 0
19513512 0
19521036 0
19529148 0
19536080 0
19544176 0
19552316 0
19559864 0
19567612 0
19575884 0
19583928 0
19592952 0
19600832 0
19608988 0
19616828 0
19624740 0
19632572 0
19639416 0
19646076 0
19653892 0
19661740 0
19669816 0
19677528 0
19682384 0
19689280 0
19696532 0
19703616 0
19710816 0
19718012 0
19725672 0
19733352 0
19741308 0
19750016 0
19758760 0
19764876 0
19770424 0
19777052 0
19783060 0
19787884 0
19787884 0
19787884 0
19787884 0
19787884 0
19787884 0
19787884 0
19787884 0
19787884 0
19787884 0
19787884 0
19787884 0
19787884 0
19787884 0
19787884 0
19787884 0
19787884 0
19787884 0
19787884 0
19787884 0
19787884 0
19787884 0
19787884 0
19787884 0
19787884 0
19787884 0
19787884 0
19787884 0
19787884 0
19787884 0
19787884 0
19787884 0
19787884 0
19787884 0
19787884 0
19787884 0
19787884 0
19787884 0
19787884 0
19787884 0
19787964 0
19788148 0
19788148 0
19788148 0
19788148 0
19788148 0
19788148 0
19788148 0
19788148 0


