11922724 534528
11400484 2048
11402532 4096
11404580 6144
11406628 12288
11410724 16384
11412772 18432
11416868 22528
11418916 24576
11423012 28672
11427108 32768
11429156 34816
11433252 38912
11437348 43008
11441444 47104
11445540 51200
11449636 55296
11453732 59392
11457828 65536
11463972 69632
11468068 75776
11474212 79872
11480356 86016
11484452 90112
11490596 96256
11496740 102400
11500836 106496
11506980 112640
11513124 118784
11519268 124928
11523364 129024
11529508 559104
11535652 565248
11539748 569344
11545892 575488
11552036 581632
11556132 587776
11562276 591872
11568420 598016
11572516 604160
11578660 624640
11582756 3616768
11586852 4874240
11590948 4878336
11597092 4884480
11601188 4888576
11607332 4894720
11613476 4900864
11617572 4904960
11623716 4911104
11629860 4917248
11633956 4921344
11640100 4927488
11644196 6334464
11648292 6338560
11654436 6344704
11658532 6348800
11664676 6354944
11668772 6359040
11674916 6365184
11679012 6369280
11683108 6373376
11687204 6377472
11691300 6498304
11695396 6502400
11699492 6506496
11703588 6510592
11705636 6512640
11709732 6516736
11713828 6520832
11717924 6524928
11722020 6531072
11728164 6535168
11732260 8634368
11736356 11732992
11740452 11737088
11744548 11741184
11750692 11747328
11754788 11751424
11758884 11755520
11765028 11761664
11769124 11765760
11773220 11769856
11777316 11773952
11783460 11780096
11787556 11784192
11791652 11788288
11795748 11792384
11801892 11798528
11805988 11802624
11810084 11806720
11814180 11810816
11818276 11814912
11822372 11819008
11826468 11823104
11830564 11827200
11836708 11833344
11840804 11837440
11844900 11841536
11848996 11845632
11853092 11849728
11857188 11853824
11861284 11857920
11865380 11862016
11869476 11866112
11873572 11870208
11877668 11874304
11881764 11878400
11885860 11882496
11889956 11886592
11892004 11888640
11896100 11892736
11900196 11896832
11904292 11900928
11908388 11905024
11912484 11909120
11916580 11913216
11918968 11915264
11924420 11917312
11926500 11919360
11930596 11923456
11934724 11927552
11938820 11931648
11942916 11935744
11945124 11939840
11949220 11943936
11953316 11948032
11957412 11952128
11959460 11954176
11963556 4753408
11963556 0
11963556 2048
11965604 2048
11965604 2048
11967684 4096
11969764 6144
11969764 6144
11971812 8192
11973860 10240
11973860 10240
11975908 12288
11977956 14336
11980004 16384
11982052 18432
11984100 20480
11986148 22528
11988196 24576
11992292 28672
11994340 30720
11996388 32768
12000484 51200
12002532 53248
12006628 57344
12008676 59392
12010724 61440
12014820 65536
12016868 67584
12020964 71680
12023012 73728
12025060 1286144
12027172 3467264
12029220 3469312
12031268 3471360
12035364 3475456
12039460 3479552
12043556 3483648
12045604 3485696
12047652 3489792
12051748 3491840
12053796 4165632
12055844 5455872
12057892 5457920
12061988 5462016
12064036 5464064
12066084 5466112
12070180 5470208
12072228 5472256
12074276 5474304
12076324 5476352
12080420 5480448
12082468 5586944
12084516 5588992
12086564 5591040
12090660 5595136
12092708 5597184
12094756 5599232
12096804 5601280
12100900 5605376
12102948 5607424
12104996 5761024
12109092 5765120
12111140 5767168
12113188 5769216
12115236 5771264
12117284 5773312
12121380 5777408
12123428 5779456
12125476 5781504
12127524 6109184
12129572 6111232
12131620 6113280
12133668 6115328
12135716 6117376
12137764 6121472
12141860 6123520
12143908 6125568
12145956 6127616
12148004 6129664
12150052 8816640
12152100 11902976
12154148 12150784
12156196 12152832
12158244 12154880
12160292 12156928
12162340 12158976
12164388 12161024
12166436 12163072
12168484 12165120
12172580 12169216
12174628 12171264
12176676 12173312
12178724 12175360
12180772 12177408
12182820 12179456
12184868 12181504
12186916 12183552
12188964 12185600
12191012 12187648
12193060 12189696
12195108 12191744
12197156 12193792
12199204 12195840
12201252 12197888
12203300 12199936
12205348 12201984
12207396 12204032
12209444 12206080
12211492 12208128
12213540 12210176
12215588 12212224
12217636 12214272
12219684 12216320
12221732 12218368
12223780 12220416
12225828 12222464
12227876 12224512
12229924 12226560
12231972 12228608
12234020 12230656
12234020 12230656
12236068 12232704
12238116 12234752
12240164 12236800
12242212 12238848
12244260 12240896
12246308 12242944
12248356 12244992
12250404 12247040
12250404 12247040
12252452 12249088
12254500 12251136
12256548 12253184
12258596 12255232
12260644 12257280
12262692 12259328
12262692 12259328
12264740 65536
12264740 0
12264740 0
12264740 0
12264740 0
12266788 2048
12266788 2048
12266788 2048
12268836 4096
12268836 4096
12268836 4096
12270884 6144
12270884 6144
12272932 8192
12272932 8192
12274980 10240
12274980 10240
12277028 12288
12277028 14336
12279076 16384
12281124 18432
12281124 18432
12283172 20480
12285220 22528
12285220 24576
12287268 24576
12289316 26624
12291364 28672
12291364 788480
12291364 3850240
12295460 4179968
12295460 4179968
12297508 4182016
12299556 4184064
12299556 4184064
12301604 4186112
12303652 4188160
12303652 4188160
12305700 5605376
12305700 5605376
12307748 5607424
12309796 5609472
12309796 5609472
12311844 5611520
12313892 5613568
12313892 5613568
12315940 5615616
12317988 5617664
12317988 5658624
12320036 5660672
12320036 5662720
12322084 5662720
12324132 5664768
12324132 5664768
12326180 5666816
12328228 5668864
12328228 5668864
12330276 5670912
12332324 5672960
12332324 5672960
12334372 5675008
12334372 5675008
12336420 5677056
12336420 5679104
12338468 5679104
12340516 5681152
12340516 5681152
12342564 5683200
12342564 5683200
12344612 5685248
12344612 5687296
12346660 5687296
12348708 5689344
12348708 5689344
12350756 5691392
12350756 5691392
12352804 5693440
12352804 5693440
12354852 5695488
12356900 5697536
12356900 5697536
12358948 5699584
12358948 5699584
12360996 5701632
12360996 5701632
12363044 8427520
12363044 11548672
12365092 12361728
12365092 12361728
12367140 12363776
12367140 12363776
12369188 12365824
12369188 12365824
12371236 12367872
12371236 12367872
12373284 12369920
12373284 12369920
12375332 12371968
12375332 12371968
12377380 12374016
12377380 12374016
12379428 12376064
12379428 12376064
12381476 12378112
12381476 12378112
12383524 12380160
12383524 12380160
12385572 12382208
12385572 12382208
12387620 12384256
12387620 12384256
12389668 12386304
12389668 12386304
12389668 12386304
12391716 12388352
12391716 12388352
12393764 12390400
12393764 12390400
12395812 12392448
12395812 12392448
12397860 12394496
12397860 12394496
12399908 12396544
12399908 12396544
12399908 12396544
12399908 12396544
12399908 12396544
12399908 12396544
12399908 12396544
12399908 12396544
12399908 12396544
12399908 12396544
12399908 12396544
12399908 12396544
12399908 12396544
12399908 12396544
12399908 12396544
12399908 12396544
12399908 12396544
12399908 12396544
12399908 12376064
12399908 12376064
12399908 12376064
12399908 12376064
12399908 12376064
12399908 12376064
12399908 12376064
12399908 12376064
12399908 12376064
12399908 12376064
12399908 12376064
12399908 12376064
12399908 12376064
12399908 12376064
12399908 12376064
12399908 12376064
12399908 12376064
12399908 12376064
12399908 12376064
12399908 12376064
12399908 12371968
12399908 12371968
12399908 12371968
12399908 12371968
12399908 12371968
12399908 12371968
12399908 12371968
12399908 12371968
12399908 12371968
12399908 12371968
12399908 12371968
12399908 12371968
12399908 12371968
12399908 12371968
12399908 12371968
12399908 12371968
12399908 12371968
12399908 12371968
12399908 12371968
12399908 12371968
12399908 12371968
12399908 12371968
12399908 12371968
12399908 12371968
12399908 12371968
12399908 12371968
12399908 12363776
