1040
1040
1040
1040
1046
1046
1046
1046
1046
1046
1046
1046
1046
1046
1046
1046
1046
1046
1046
1046
1046
1046
1046
1046
1046
1046
1046
1046
1046
1046
1046
1469
1469
1469
1469
1469
1469
1469
1469
1469
1484
2944
4387
5761
5761
5761
5761
5761
5761
5761
5761
5761
5761
6666
6989
6989
6989
6989
6989
6989
6989
6989
6989
7100
7100
7100
7100
7100
7100
7100
7100
7100
7100
8130
9635
9635
9635
9635
9635
9635
9635
9635
9635
9635
9635
9635
9635
9635
9635
9635
9635
9635
9635
9635
9636
9636
9636
9636
9636
9636
9636
9636
9636
9636
9636
9636
9636
9636
9636
9636
9636
9636
9636
9636
9638
9638
9638
9638
9638
9638
9638
9638
9638
9638
9639
9639
9639
9639
9639
9639
9639
9639
9639
9639
9639
9639
9639
9639
9639
9639
9639
9639
9639
9639
9639
9639
9639
9639
9639
9639
9653
9653
9653
9653
9653
9653
9653
9653
9653
10252
12167
13069
13069
13069
13069
13069
13069
13069
13069
13406
14875
14881
14881
14881
14881
14881
14881
14881
14881
14881
14979
14979
14979
14979
14979
14979
14979
14979
14979
15126
15126
15126
15126
15126
15126
15126
15126
15126
15445
15445
15445
15445
15445
15445
15445
15445
15445
15445
16764
18269
18382
18382
18382
18382
18382
18382
18382
18382
18382
18382
18382
18382
18382
18382
18382
18382
18382
18382
18382
18382
18382
18382
18382
18382
18382
18382
18382
18382
18382
18382
18382
18382
18382
18382
18382
18382
18382
18382
18382
18383
18383
18383
18383
18383
18383
18383
18383
18383
18383
18383
18383
18383
18383
18383
18383
18383
18383
18383
18383
18383
18383
18383
18383
18383
18383
18383
18383
18383
18383
18383
18383
18383
18383
18383
18383
18385
18385
18385
18385
18385
18385
18385
18385
18385
18763
20258
22510
22510
22510
22510
22510
22510
22510
22510
23493
23817
23817
23817
23817
23817
23817
23817
23817
23817
23857
23857
23857
23857
23857
23857
23857
23857
23857
23857
23857
23857
23857
23857
23857
23857
23857
23857
23857
23857
23857
23857
23857
23857
23857
23857
23857
23857
23857
23857
23857
23857
23857
23857
23857
23857
23857
25194
26719
27107
27107
27107
27107
27107
27107
27107
27107
27107
27107
27107
27107
27107
27107
27107
27107
27107
27107
27107
27107
27107
27107
27107
27107
27107
27107
27107
27107
27107
27107
27107
27107
27107
27107
27107
27107
27107
27107
27107
27107
27107
27107
27107
27107
27107
27107
27107
27107
27107
27107
27107
27107
27107
27107
27107
27107
27107
27107
27107
27107
27107
27107
27107
27107
27107
27107
27107
27107
27107
27107
27107
27107
27107
27107
27107
27107
27107
27107
27107
27107
27107
27107
27107
27107
27107
27107
27107
27107
27107
27107
27107
27107
27107
27107
27107
27107
27107
27107
27107
27107
