11922792 11220992
11922792 10670080
11922792 10119168
11922792 9564160
11922792 3833856
11922792 524288
11922792 516096
11922792 514048
11924840 512000
11402600 4096
11404648 30720
11408744 34816
11410792 36864
11414888 40960
11418984 45056
11423080 49152
11427176 53248
11431272 57344
11435368 61440
11439464 67584
11445608 71680
11449704 75776
11455848 81920
11459944 88064
11466088 92160
11472232 98304
11478376 104448
11482472 110592
11488616 116736
11494760 122880
11500904 129024
11507048 135168
11533672 161792
11539816 2154496
11543912 2158592
11550056 2164736
11556200 2170880
11560296 2174976
11566440 2181120
11572584 2187264
11578728 2193408
11582824 2197504
11588968 2203648
11595112 5670912
11599208 5675008
11605352 5681152
11609448 5687296
11615592 5691392
11621736 5697536
11627880 5703680
11631976 5707776
11638120 5713920
11642216 5720064
11648360 5724160
11654504 6420480
11658600 6424576
11664744 6430720
11668840 6434816
11674984 6440960
11679080 6445056
11685224 6451200
11691368 6459392
11697512 6463488
11701608 6512640
11707752 6516736
11720040 6529024
11724136 6533120
11728232 6537216
11734376 6543360
11740520 6549504
11744616 6553600
11748712 11745280
11754856 11751424
11758952 11755520
11763048 11759616
11769192 11765760
11773288 11769856
11777384 11773952
11781480 11778048
11787624 11784192
11791720 11788288
11795816 11792384
11799912 11796480
11806056 11802624
11810152 11806720
11814248 11810816
11818344 11814912
11822440 11819008
11826536 11823104
11832680 11829248
11836776 11833344
11840872 11837440
11844968 11841536
11849064 11845632
11853160 11849728
11857256 11853824
11861352 11857920
11865448 11862016
11869544 11866112
11873640 11870208
11877736 11874304
11881832 11878400
11885928 11882496
11890024 11886592
11894120 11890688
11898216 11894784
11902312 11898880
11906408 11902976
11910504 11907072
11912552 11909120
11915860 11909120
11919648 11913216
11923088 11913216
11928136 11915264
11932232 11919360
11934376 11921408
11938504 11925504
11942664 11929600
11946760 11933696
11950856 11937792
11952904 11939840
11957520 11952128
11961616 11956224
11963664 11958272
11967792 11962368
11971888 11966464
11975984 11970560
11978032 11972608
11982128 11976704
11984176 11911168
11986224 2048
11986224 2048
11986224 4096
11988272 4096
11988272 4096
11990344 6144
11992392 8192
11992392 8192
11994440 10240
11996488 12288
11996488 12288
11998536 14336
12000584 16384
12002632 18432
12004680 20480
12006728 22528
12008776 24576
12010824 26624
12012872 28672
12016968 32768
12019016 34816
12021064 36864
12025160 40960
12027208 43008
12029256 47104
12033352 49152
12035400 1374208
12037448 1376256
12039496 1378304
12041544 1380352
12045640 1384448
12047688 1386496
12049736 1388544
12055880 1394688
12057928 1396736
12059976 5101568
12062024 5103616
12066120 5107712
12068168 5109760
12070216 5111808
12072264 5115904
12076360 5120000
12080456 5122048
12082504 5124096
12084552 5126144
12088648 5550080
12090696 5552128
12092744 5554176
12094792 5556224
12098888 5560320
12100936 5562368
12102984 5564416
12105032 5566464
12107080 5570560
12111176 5619712
12113224 5621760
12115272 5623808
12117320 5625856
12119368 5629952
12123464 5632000
12125512 5634048
12127560 5636096
12129608 5638144
12131656 5871616
12135752 5875712
12137800 5877760
12139848 5879808
12141896 5881856
12143944 5883904
12145992 5885952
12148040 5888000
12150088 5890048
12154184 5894144
12156232 6215680
12158280 6217728
12160328 6219776
12162376 6221824
12164424 6223872
12166472 6225920
12168520 6227968
12170568 6230016
12172616 6232064
12174696 12171264
12176744 12173312
12178792 12175360
12180840 12177408
12182888 12179456
12184936 12181504
12189032 12185600
12191080 12187648
12193128 12189696
12195176 12191744
12197224 12193792
12199272 12195840
12201320 12197888
12203368 12199936
12205416 12201984
12207464 12204032
12209512 12206080
12211560 12208128
12213608 12210176
12215656 12212224
12217704 12214272
12219752 12216320
12221800 12218368
12223848 12220416
12225896 12222464
12227944 12224512
12227944 12224512
12229992 12226560
12232040 12228608
12234088 12230656
12236136 12232704
12238184 12234752
12240232 12236800
12242280 12238848
12244328 12240896
12246376 12242944
12248424 12244992
12248424 12244992
12250472 12247040
12252520 12249088
12254568 12251136
12256616 12253184
12258664 12255232
12260712 12257280
12260712 12257280
12262760 12259328
12264808 12261376
12266856 12263424
12268904 12265472
12270952 12267520
12270952 12267520
12273000 11859968
12273000 11311104
12273000 10764288
12273000 10207232
12273000 9646080
12273000 9080832
12273000 8513536
12273000 7944192
12273000 7360512
12273000 6780928
12273000 6189056
12273000 5599232
12273000 4999168
12273000 4388864
12273000 3764224
12273000 3155968
12273000 143360
12273000 0
12273000 0
12273000 0
12273000 0
12275048 2048
12275048 2048
12275048 2048
12275048 2048
12277096 4096
12277096 4096
12277096 4096
12279144 6144
12279144 6144
12281192 8192
12281192 8192
12283240 10240
12285288 12288
12285288 12288
12287336 14336
12289384 16384
12289384 16384
12291432 20480
12293480 20480
12295528 22528
12295528 194560
12297576 3108864
12297576 3108864
12299624 3110912
12301672 3112960
12301672 3112960
12303720 3115008
12303720 3117056
12305768 3117056
12307816 3119104
12307816 3119104
12309864 5531648
12309864 5531648
12311912 5533696
12313960 5535744
12313960 5535744
12316008 5537792
12318056 5539840
12318056 5539840
12320104 5541888
12320104 5541888
12322152 5654528
12324200 5656576
12324200 5656576
12326248 5658624
12326248 5660672
12328296 5660672
12330344 5662720
12330344 5662720
12332392 5664768
12332392 5668864
12334440 5670912
12336488 5672960
12338536 5675008
12338536 5675008
12340584 5677056
12340584 5677056
12342632 5679104
12344680 5681152
12344680 12341248
12346728 12343296
12346728 12343296
12348776 12345344
12350824 12347392
12350824 12347392
12352872 12349440
12352872 12349440
12354920 12351488
12354920 12351488
12356968 12353536
12359016 12355584
12359016 12355584
12361064 12357632
12361064 12357632
12363112 12359680
12363112 12359680
12365160 12361728
12365160 12361728
12367208 12363776
12367208 12363776
12369256 12365824
12369256 12365824
12371304 12367872
12373352 12369920
12373352 12369920
12375400 12371968
12375400 12371968
12377448 12374016
12377448 12374016
12379496 12376064
12379496 12376064
12381544 12378112
12381544 12378112
12383592 12380160
12383592 12380160
12385640 12382208
12385640 12382208
12387688 12384256
12387688 12384256
12387688 12384256
12389736 12386304
12389736 12386304
12391784 12388352
12391784 12388352
12393832 12390400
12393832 12390400
12395880 12392448
12395880 12392448
12397928 12394496
12397928 12394496
12399976 12396544
12399976 12396544
12399976 12396544
12399976 12396544
12399976 12396544
12399976 12396544
12399976 12374016
12399976 12374016
12399976 12374016
12399976 12374016
12399976 12374016
12399976 12374016
12399976 12374016
12399976 12374016
12399976 12374016
12399976 12374016
12399976 12374016
12399976 12374016
12399976 12374016
12399976 12374016
12399976 12374016
12399976 12374016
12399976 12374016
12399976 12374016
12399976 12374016
12399976 12374016
12399976 12374016
12399976 12374016
12399976 12374016
12399976 12374016
12399976 12374016
12399976 12369920
12399976 12369920
12399976 12369920
12399976 12369920
12399976 12365824
12399976 12365824
12399976 12365824
12399976 12365824
12399976 12365824
12399976 12365824
12399976 12365824
12399976 12365824
12399976 12365824
12399976 12365824
12399976 12365824
12399976 12365824
12399976 12365824
12399976 12365824
12399976 12365824
12399976 12365824
12399976 12365824
12399976 12365824
12399976 12365824
12399976 12365824
12399976 12365824
12399976 12365824
12399976 12365824
12399976 12365824
12399976 12365824
12399976 12365824
12399976 12365824
12399976 12365824
12399976 12365824
12399976 12365824
12399976 12365824
12399976 12365824
