1039
1039
1039
1039
1039
1039
1039
1039
1039
1039
1058
1058
1058
1058
1058
1058
1058
1058
1058
1058
1058
1058
1058
1058
1058
1058
1058
1058
1059
1059
1059
1059
1059
1567
2058
2058
2058
2058
2058
2058
2058
2058
2058
2588
3753
3753
3753
3753
3753
3753
3753
3753
3753
3753
4053
4053
4053
4053
4053
4053
4053
4053
4053
4075
4075
4075
4075
4075
4075
4075
4075
4077
4077
4077
4077
4077
4077
4077
4077
4077
4077
4077
4077
4077
4077
4077
4077
4077
4077
4077
4077
4078
4078
4078
4078
4078
4078
4078
4078
4078
4078
4078
4078
4078
4078
4078
4078
4078
4078
4078
4078
4082
4082
4082
4082
4082
4082
4082
4082
4082
4082
4086
4086
4086
4086
4086
4086
4086
4086
4086
4086
4086
4086
4086
4086
4086
4086
4086
4086
4086
4086
4086
4086
4086
4086
4086
4086
4086
4086
4086
4086
4086
4086
4086
4086
4086
4649
4751
4751
4751
4751
4751
4751
4751
4751
5926
6565
6565
6565
6565
6565
6565
6565
6565
6565
6745
6745
6745
6745
6745
6745
6745
6745
6745
6768
6768
6768
6768
6768
6768
6768
6768
6768
6882
6882
6882
6882
6882
6882
6882
6882
6882
6882
7033
7033
7033
7033
7033
7033
7033
7033
7033
7034
7034
7034
7034
7034
7034
7034
7034
7034
7034
7034
7034
7034
7034
7034
7034
7034
7034
7034
7034
7034
7034
7034
7034
7034
7034
7034
7034
7034
7034
7034
7034
7034
7034
7034
7034
7034
7034
7034
7034
7034
7034
7034
7034
7034
7034
7034
7034
7034
7034
7034
7034
7034
7034
7034
7034
7034
7034
7034
7034
7034
7034
7034
7034
7034
7034
7034
7034
7034
7034
7034
7034
7034
7034
7034
7034
7034
7034
7034
7034
7034
7034
7034
7034
7034
7034
7034
7034
7034
7034
7034
7034
7034
8358
8595
8595
8595
8595
8595
8595
8595
8595
8595
9615
9724
9724
9724
9724
9724
9724
9724
9724
9724
9771
9771
9771
9771
9771
9771
9771
9771
9771
9773
9773
9773
9773
9773
9773
9773
9773
9773
9773
9773
9773
9773
9773
9773
9773
9773
9773
9773
9773
9773
9773
9773
9773
9773
9773
9773
9773
9773
9773
9773
9773
9773
9773
9773
9773
9773
9773
9773
9773
9773
9773
9773
9773
9773
9773
9773
9773
9773
9773
9773
9773
9773
9773
9773
9773
9773
9773
9773
9773
9773
9773
9773
9773
9773
9773
9773
9773
9773
9773
9773
9773
9773
9773
9773
9773
9773
9773
9773
9773
9773
9773
9773
9773
9773
9773
9773
9773
9773
9773
9773
9773
9773
9773
9773
9773
9773
9773
9773
9773
9773
9773
9773
9773
9773
9773
9773
9773
9773
9773
9773
9773
9773
9773
9773
9773
9773
9773
9773
9773
9773
9773
9773
9773
9773
9773
9773
