thp_fault_alloc 5036
thp_fault_fallback 1366
thp_collapse_alloc 1039
thp_collapse_alloc_failed 0
thp_split 346
thp_zero_page_alloc 1
thp_zero_page_alloc_failed 0
thp_promote 0
thp_fault_alloc 5036
thp_fault_fallback 1635
thp_collapse_alloc 1039
thp_collapse_alloc_failed 0
thp_split 615
thp_zero_page_alloc 1
thp_zero_page_alloc_failed 0
thp_promote 0
thp_fault_alloc 5036
thp_fault_fallback 1905
thp_collapse_alloc 1039
thp_collapse_alloc_failed 0
thp_split 885
thp_zero_page_alloc 1
thp_zero_page_alloc_failed 0
thp_promote 0
thp_fault_alloc 5036
thp_fault_fallback 2177
thp_collapse_alloc 1039
thp_collapse_alloc_failed 0
thp_split 1157
thp_zero_page_alloc 1
thp_zero_page_alloc_failed 0
thp_promote 0
thp_fault_alloc 5036
thp_fault_fallback 5261
thp_collapse_alloc 1039
thp_collapse_alloc_failed 0
thp_split 4241
thp_zero_page_alloc 1
thp_zero_page_alloc_failed 0
thp_promote 0
thp_fault_alloc 5036
thp_fault_fallback 6588
thp_collapse_alloc 1039
thp_collapse_alloc_failed 0
thp_split 5568
thp_zero_page_alloc 1
thp_zero_page_alloc_failed 0
thp_promote 0
thp_fault_alloc 5036
thp_fault_fallback 6591
thp_collapse_alloc 1039
thp_collapse_alloc_failed 0
thp_split 5571
thp_zero_page_alloc 1
thp_zero_page_alloc_failed 0
thp_promote 0
thp_fault_alloc 5037
thp_fault_fallback 6592
thp_collapse_alloc 1039
thp_collapse_alloc_failed 0
thp_split 5572
thp_zero_page_alloc 1
thp_zero_page_alloc_failed 0
thp_promote 0
thp_fault_alloc 5037
thp_fault_fallback 6594
thp_collapse_alloc 1039
thp_collapse_alloc_failed 0
thp_split 5574
thp_zero_page_alloc 1
thp_zero_page_alloc_failed 0
thp_promote 0
thp_fault_alloc 5039
thp_fault_fallback 6594
thp_collapse_alloc 1039
thp_collapse_alloc_failed 0
thp_split 5574
thp_zero_page_alloc 1
thp_zero_page_alloc_failed 0
thp_promote 0
thp_fault_alloc 5041
thp_fault_fallback 6594
thp_collapse_alloc 1058
thp_collapse_alloc_failed 0
thp_split 5574
thp_zero_page_alloc 1
thp_zero_page_alloc_failed 0
thp_promote 12
thp_fault_alloc 5045
thp_fault_fallback 6594
thp_collapse_alloc 1058
thp_collapse_alloc_failed 0
thp_split 5574
thp_zero_page_alloc 1
thp_zero_page_alloc_failed 0
thp_promote 12
thp_fault_alloc 5048
thp_fault_fallback 6594
thp_collapse_alloc 1058
thp_collapse_alloc_failed 0
thp_split 5574
thp_zero_page_alloc 1
thp_zero_page_alloc_failed 0
thp_promote 12
thp_fault_alloc 5050
thp_fault_fallback 6594
thp_collapse_alloc 1058
thp_collapse_alloc_failed 0
thp_split 5574
thp_zero_page_alloc 1
thp_zero_page_alloc_failed 0
thp_promote 12
thp_fault_alloc 5054
thp_fault_fallback 6594
thp_collapse_alloc 1058
thp_collapse_alloc_failed 0
thp_split 5574
thp_zero_page_alloc 1
thp_zero_page_alloc_failed 0
thp_promote 12
thp_fault_alloc 5057
thp_fault_fallback 6594
thp_collapse_alloc 1058
thp_collapse_alloc_failed 0
thp_split 5574
thp_zero_page_alloc 1
thp_zero_page_alloc_failed 0
thp_promote 12
thp_fault_alloc 5061
thp_fault_fallback 6594
thp_collapse_alloc 1058
thp_collapse_alloc_failed 0
thp_split 5574
thp_zero_page_alloc 1
thp_zero_page_alloc_failed 0
thp_promote 12
thp_fault_alloc 5065
thp_fault_fallback 6594
thp_collapse_alloc 1058
thp_collapse_alloc_failed 0
thp_split 5574
thp_zero_page_alloc 1
thp_zero_page_alloc_failed 0
thp_promote 12
thp_fault_alloc 5069
thp_fault_fallback 6594
thp_collapse_alloc 1058
thp_collapse_alloc_failed 0
thp_split 5574
thp_zero_page_alloc 1
thp_zero_page_alloc_failed 0
thp_promote 12
thp_fault_alloc 5074
thp_fault_fallback 6594
thp_collapse_alloc 1058
thp_collapse_alloc_failed 0
thp_split 5574
thp_zero_page_alloc 1
thp_zero_page_alloc_failed 0
thp_promote 12
thp_fault_alloc 5078
thp_fault_fallback 6594
thp_collapse_alloc 1058
thp_collapse_alloc_failed 0
thp_split 5574
thp_zero_page_alloc 1
thp_zero_page_alloc_failed 0
thp_promote 12
thp_fault_alloc 5082
thp_fault_fallback 6594
thp_collapse_alloc 1058
thp_collapse_alloc_failed 0
thp_split 5574
thp_zero_page_alloc 1
thp_zero_page_alloc_failed 0
thp_promote 12
thp_fault_alloc 5087
thp_fault_fallback 6594
thp_collapse_alloc 1058
thp_collapse_alloc_failed 0
thp_split 5574
thp_zero_page_alloc 1
thp_zero_page_alloc_failed 0
thp_promote 12
thp_fault_alloc 5092
thp_fault_fallback 6594
thp_collapse_alloc 1058
thp_collapse_alloc_failed 0
thp_split 5574
thp_zero_page_alloc 1
thp_zero_page_alloc_failed 0
thp_promote 12
thp_fault_alloc 5097
thp_fault_fallback 6594
thp_collapse_alloc 1058
thp_collapse_alloc_failed 0
thp_split 5574
thp_zero_page_alloc 1
thp_zero_page_alloc_failed 0
thp_promote 12
thp_fault_alloc 5102
thp_fault_fallback 6594
thp_collapse_alloc 1058
thp_collapse_alloc_failed 0
thp_split 5574
thp_zero_page_alloc 1
thp_zero_page_alloc_failed 0
thp_promote 12
thp_fault_alloc 5107
thp_fault_fallback 6594
thp_collapse_alloc 1058
thp_collapse_alloc_failed 0
thp_split 5574
thp_zero_page_alloc 1
thp_zero_page_alloc_failed 0
thp_promote 12
thp_fault_alloc 5113
thp_fault_fallback 6594
thp_collapse_alloc 1058
thp_collapse_alloc_failed 0
thp_split 5574
thp_zero_page_alloc 1
thp_zero_page_alloc_failed 0
thp_promote 12
thp_fault_alloc 5117
thp_fault_fallback 6594
thp_collapse_alloc 1059
thp_collapse_alloc_failed 0
thp_split 5574
thp_zero_page_alloc 1
thp_zero_page_alloc_failed 0
thp_promote 13
thp_fault_alloc 5123
thp_fault_fallback 6594
thp_collapse_alloc 1059
thp_collapse_alloc_failed 0
thp_split 5574
thp_zero_page_alloc 1
thp_zero_page_alloc_failed 0
thp_promote 13
thp_fault_alloc 5128
thp_fault_fallback 6594
thp_collapse_alloc 1059
thp_collapse_alloc_failed 0
thp_split 5574
thp_zero_page_alloc 1
thp_zero_page_alloc_failed 0
thp_promote 13
thp_fault_alloc 5134
thp_fault_fallback 6594
thp_collapse_alloc 1059
thp_collapse_alloc_failed 0
thp_split 5574
thp_zero_page_alloc 1
thp_zero_page_alloc_failed 0
thp_promote 13
thp_fault_alloc 5159
thp_fault_fallback 6594
thp_collapse_alloc 1059
thp_collapse_alloc_failed 0
thp_split 5574
thp_zero_page_alloc 1
thp_zero_page_alloc_failed 0
thp_promote 13
thp_fault_alloc 5164
thp_fault_fallback 6594
thp_collapse_alloc 1567
thp_collapse_alloc_failed 0
thp_split 5574
thp_zero_page_alloc 1
thp_zero_page_alloc_failed 0
thp_promote 983
thp_fault_alloc 5168
thp_fault_fallback 6594
thp_collapse_alloc 2058
thp_collapse_alloc_failed 0
thp_split 5574
thp_zero_page_alloc 1
thp_zero_page_alloc_failed 0
thp_promote 983
thp_fault_alloc 5174
thp_fault_fallback 6594
thp_collapse_alloc 2058
thp_collapse_alloc_failed 0
thp_split 5574
thp_zero_page_alloc 1
thp_zero_page_alloc_failed 0
thp_promote 983
thp_fault_alloc 5180
thp_fault_fallback 6594
thp_collapse_alloc 2058
thp_collapse_alloc_failed 0
thp_split 5574
thp_zero_page_alloc 1
thp_zero_page_alloc_failed 0
thp_promote 983
thp_fault_alloc 5185
thp_fault_fallback 6594
thp_collapse_alloc 2058
thp_collapse_alloc_failed 0
thp_split 5574
thp_zero_page_alloc 1
thp_zero_page_alloc_failed 0
thp_promote 983
thp_fault_alloc 5190
thp_fault_fallback 6594
thp_collapse_alloc 2058
thp_collapse_alloc_failed 0
thp_split 5574
thp_zero_page_alloc 1
thp_zero_page_alloc_failed 0
thp_promote 983
thp_fault_alloc 5195
thp_fault_fallback 6594
thp_collapse_alloc 2058
thp_collapse_alloc_failed 0
thp_split 5574
thp_zero_page_alloc 1
thp_zero_page_alloc_failed 0
thp_promote 983
thp_fault_alloc 5201
thp_fault_fallback 6594
thp_collapse_alloc 2058
thp_collapse_alloc_failed 0
thp_split 5574
thp_zero_page_alloc 1
thp_zero_page_alloc_failed 0
thp_promote 983
thp_fault_alloc 5206
thp_fault_fallback 6594
thp_collapse_alloc 2058
thp_collapse_alloc_failed 0
thp_split 5574
thp_zero_page_alloc 1
thp_zero_page_alloc_failed 0
thp_promote 983
thp_fault_alloc 5211
thp_fault_fallback 6594
thp_collapse_alloc 2058
thp_collapse_alloc_failed 0
thp_split 5574
thp_zero_page_alloc 1
thp_zero_page_alloc_failed 0
thp_promote 983
thp_fault_alloc 5217
thp_fault_fallback 6594
thp_collapse_alloc 2588
thp_collapse_alloc_failed 0
thp_split 5574
thp_zero_page_alloc 1
thp_zero_page_alloc_failed 0
thp_promote 2673
thp_fault_alloc 5221
thp_fault_fallback 6594
thp_collapse_alloc 3753
thp_collapse_alloc_failed 0
thp_split 5574
thp_zero_page_alloc 1
thp_zero_page_alloc_failed 0
thp_promote 2673
thp_fault_alloc 5227
thp_fault_fallback 6594
thp_collapse_alloc 3753
thp_collapse_alloc_failed 0
thp_split 5574
thp_zero_page_alloc 1
thp_zero_page_alloc_failed 0
thp_promote 2673
thp_fault_alloc 5232
thp_fault_fallback 6594
thp_collapse_alloc 3753
thp_collapse_alloc_failed 0
thp_split 5574
thp_zero_page_alloc 1
thp_zero_page_alloc_failed 0
thp_promote 2673
thp_fault_alloc 5237
thp_fault_fallback 6594
thp_collapse_alloc 3753
thp_collapse_alloc_failed 0
thp_split 5574
thp_zero_page_alloc 1
thp_zero_page_alloc_failed 0
thp_promote 2673
thp_fault_alloc 5243
thp_fault_fallback 6594
thp_collapse_alloc 3753
thp_collapse_alloc_failed 0
thp_split 5574
thp_zero_page_alloc 1
thp_zero_page_alloc_failed 0
thp_promote 2673
thp_fault_alloc 5248
thp_fault_fallback 6594
thp_collapse_alloc 3753
thp_collapse_alloc_failed 0
thp_split 5574
thp_zero_page_alloc 1
thp_zero_page_alloc_failed 0
thp_promote 2673
thp_fault_alloc 5253
thp_fault_fallback 6594
thp_collapse_alloc 3753
thp_collapse_alloc_failed 0
thp_split 5574
thp_zero_page_alloc 1
thp_zero_page_alloc_failed 0
thp_promote 2673
thp_fault_alloc 5259
thp_fault_fallback 6594
thp_collapse_alloc 3753
thp_collapse_alloc_failed 0
thp_split 5574
thp_zero_page_alloc 1
thp_zero_page_alloc_failed 0
thp_promote 2673
thp_fault_alloc 5265
thp_fault_fallback 6594
thp_collapse_alloc 3753
thp_collapse_alloc_failed 0
thp_split 5574
thp_zero_page_alloc 1
thp_zero_page_alloc_failed 0
thp_promote 2673
thp_fault_alloc 5269
thp_fault_fallback 6594
thp_collapse_alloc 3753
thp_collapse_alloc_failed 0
thp_split 5574
thp_zero_page_alloc 1
thp_zero_page_alloc_failed 0
thp_promote 2673
thp_fault_alloc 5275
thp_fault_fallback 6594
thp_collapse_alloc 4053
thp_collapse_alloc_failed 0
thp_split 5574
thp_zero_page_alloc 1
thp_zero_page_alloc_failed 0
thp_promote 3010
thp_fault_alloc 5280
thp_fault_fallback 6594
thp_collapse_alloc 4053
thp_collapse_alloc_failed 0
thp_split 5574
thp_zero_page_alloc 1
thp_zero_page_alloc_failed 0
thp_promote 3010
thp_fault_alloc 5285
thp_fault_fallback 6594
thp_collapse_alloc 4053
thp_collapse_alloc_failed 0
thp_split 5574
thp_zero_page_alloc 1
thp_zero_page_alloc_failed 0
thp_promote 3010
thp_fault_alloc 5290
thp_fault_fallback 6594
thp_collapse_alloc 4053
thp_collapse_alloc_failed 0
thp_split 5574
thp_zero_page_alloc 1
thp_zero_page_alloc_failed 0
thp_promote 3010
thp_fault_alloc 5296
thp_fault_fallback 6594
thp_collapse_alloc 4053
thp_collapse_alloc_failed 0
thp_split 5574
thp_zero_page_alloc 1
thp_zero_page_alloc_failed 0
thp_promote 3010
thp_fault_alloc 5301
thp_fault_fallback 6594
thp_collapse_alloc 4053
thp_collapse_alloc_failed 0
thp_split 5574
thp_zero_page_alloc 1
thp_zero_page_alloc_failed 0
thp_promote 3010
thp_fault_alloc 5306
thp_fault_fallback 6594
thp_collapse_alloc 4053
thp_collapse_alloc_failed 0
thp_split 5574
thp_zero_page_alloc 1
thp_zero_page_alloc_failed 0
thp_promote 3010
thp_fault_alloc 5314
thp_fault_fallback 6594
thp_collapse_alloc 4053
thp_collapse_alloc_failed 0
thp_split 5574
thp_zero_page_alloc 1
thp_zero_page_alloc_failed 0
thp_promote 3010
thp_fault_alloc 5319
thp_fault_fallback 6594
thp_collapse_alloc 4053
thp_collapse_alloc_failed 0
thp_split 5574
thp_zero_page_alloc 1
thp_zero_page_alloc_failed 0
thp_promote 3010
thp_fault_alloc 5324
thp_fault_fallback 6594
thp_collapse_alloc 4075
thp_collapse_alloc_failed 0
thp_split 5574
thp_zero_page_alloc 1
thp_zero_page_alloc_failed 0
thp_promote 3031
thp_fault_alloc 5329
thp_fault_fallback 6594
thp_collapse_alloc 4075
thp_collapse_alloc_failed 0
thp_split 5574
thp_zero_page_alloc 1
thp_zero_page_alloc_failed 0
thp_promote 3031
thp_fault_alloc 5341
thp_fault_fallback 6594
thp_collapse_alloc 4075
thp_collapse_alloc_failed 0
thp_split 5574
thp_zero_page_alloc 1
thp_zero_page_alloc_failed 0
thp_promote 3031
thp_fault_alloc 5346
thp_fault_fallback 6594
thp_collapse_alloc 4075
thp_collapse_alloc_failed 0
thp_split 5574
thp_zero_page_alloc 1
thp_zero_page_alloc_failed 0
thp_promote 3031
thp_fault_alloc 5351
thp_fault_fallback 6594
thp_collapse_alloc 4075
thp_collapse_alloc_failed 0
thp_split 5574
thp_zero_page_alloc 1
thp_zero_page_alloc_failed 0
thp_promote 3031
thp_fault_alloc 5356
thp_fault_fallback 6594
thp_collapse_alloc 4075
thp_collapse_alloc_failed 0
thp_split 5574
thp_zero_page_alloc 1
thp_zero_page_alloc_failed 0
thp_promote 3031
thp_fault_alloc 5363
thp_fault_fallback 6594
thp_collapse_alloc 4075
thp_collapse_alloc_failed 0
thp_split 5574
thp_zero_page_alloc 1
thp_zero_page_alloc_failed 0
thp_promote 3031
thp_fault_alloc 5367
thp_fault_fallback 6594
thp_collapse_alloc 4075
thp_collapse_alloc_failed 0
thp_split 5574
thp_zero_page_alloc 1
thp_zero_page_alloc_failed 0
thp_promote 3031
thp_fault_alloc 5372
thp_fault_fallback 6594
thp_collapse_alloc 4077
thp_collapse_alloc_failed 0
thp_split 5574
thp_zero_page_alloc 1
thp_zero_page_alloc_failed 0
thp_promote 5563
thp_fault_alloc 5382
thp_fault_fallback 6594
thp_collapse_alloc 4077
thp_collapse_alloc_failed 0
thp_split 5574
thp_zero_page_alloc 1
thp_zero_page_alloc_failed 0
thp_promote 5563
thp_fault_alloc 5390
thp_fault_fallback 6594
thp_collapse_alloc 4077
thp_collapse_alloc_failed 0
thp_split 5574
thp_zero_page_alloc 1
thp_zero_page_alloc_failed 0
thp_promote 5563
thp_fault_alloc 5399
thp_fault_fallback 6594
thp_collapse_alloc 4077
thp_collapse_alloc_failed 0
thp_split 5574
thp_zero_page_alloc 1
thp_zero_page_alloc_failed 0
thp_promote 5563
thp_fault_alloc 5409
thp_fault_fallback 6594
thp_collapse_alloc 4077
thp_collapse_alloc_failed 0
thp_split 5574
thp_zero_page_alloc 1
thp_zero_page_alloc_failed 0
thp_promote 5563
thp_fault_alloc 5418
thp_fault_fallback 6594
thp_collapse_alloc 4077
thp_collapse_alloc_failed 0
thp_split 5574
thp_zero_page_alloc 1
thp_zero_page_alloc_failed 0
thp_promote 5563
thp_fault_alloc 5426
thp_fault_fallback 6594
thp_collapse_alloc 4077
thp_collapse_alloc_failed 0
thp_split 5574
thp_zero_page_alloc 1
thp_zero_page_alloc_failed 0
thp_promote 5563
thp_fault_alloc 5435
thp_fault_fallback 6594
thp_collapse_alloc 4077
thp_collapse_alloc_failed 0
thp_split 5574
thp_zero_page_alloc 1
thp_zero_page_alloc_failed 0
thp_promote 5563
thp_fault_alloc 5445
thp_fault_fallback 6594
thp_collapse_alloc 4077
thp_collapse_alloc_failed 0
thp_split 5574
thp_zero_page_alloc 1
thp_zero_page_alloc_failed 0
thp_promote 5563
thp_fault_alloc 5454
thp_fault_fallback 6594
thp_collapse_alloc 4077
thp_collapse_alloc_failed 0
thp_split 5574
thp_zero_page_alloc 1
thp_zero_page_alloc_failed 0
thp_promote 5563
thp_fault_alloc 5462
thp_fault_fallback 6594
thp_collapse_alloc 4077
thp_collapse_alloc_failed 0
thp_split 5574
thp_zero_page_alloc 1
thp_zero_page_alloc_failed 0
thp_promote 5563
thp_fault_alloc 5471
thp_fault_fallback 6594
thp_collapse_alloc 4077
thp_collapse_alloc_failed 0
thp_split 5574
thp_zero_page_alloc 1
thp_zero_page_alloc_failed 0
thp_promote 5563
thp_fault_alloc 5481
thp_fault_fallback 6594
thp_collapse_alloc 4077
thp_collapse_alloc_failed 0
thp_split 5575
thp_zero_page_alloc 1
thp_zero_page_alloc_failed 0
thp_promote 5563
thp_fault_alloc 5490
thp_fault_fallback 6594
thp_collapse_alloc 4077
thp_collapse_alloc_failed 0
thp_split 5575
thp_zero_page_alloc 1
thp_zero_page_alloc_failed 0
thp_promote 5563
thp_fault_alloc 5498
thp_fault_fallback 6594
thp_collapse_alloc 4077
thp_collapse_alloc_failed 0
thp_split 5575
thp_zero_page_alloc 1
thp_zero_page_alloc_failed 0
thp_promote 5563
thp_fault_alloc 5507
thp_fault_fallback 6594
thp_collapse_alloc 4077
thp_collapse_alloc_failed 0
thp_split 5575
thp_zero_page_alloc 1
thp_zero_page_alloc_failed 0
thp_promote 5563
thp_fault_alloc 5516
thp_fault_fallback 6594
thp_collapse_alloc 4077
thp_collapse_alloc_failed 0
thp_split 5575
thp_zero_page_alloc 1
thp_zero_page_alloc_failed 0
thp_promote 5563
thp_fault_alloc 5525
thp_fault_fallback 6594
thp_collapse_alloc 4077
thp_collapse_alloc_failed 0
thp_split 5575
thp_zero_page_alloc 1
thp_zero_page_alloc_failed 0
thp_promote 5563
thp_fault_alloc 5538
thp_fault_fallback 6594
thp_collapse_alloc 4077
thp_collapse_alloc_failed 0
thp_split 5575
thp_zero_page_alloc 1
thp_zero_page_alloc_failed 0
thp_promote 5563
thp_fault_alloc 5547
thp_fault_fallback 6594
thp_collapse_alloc 4077
thp_collapse_alloc_failed 0
thp_split 5575
thp_zero_page_alloc 1
thp_zero_page_alloc_failed 0
thp_promote 5563
thp_fault_alloc 5556
thp_fault_fallback 6594
thp_collapse_alloc 4078
thp_collapse_alloc_failed 0
thp_split 5575
thp_zero_page_alloc 1
thp_zero_page_alloc_failed 0
thp_promote 5563
thp_fault_alloc 5565
thp_fault_fallback 6594
thp_collapse_alloc 4078
thp_collapse_alloc_failed 0
thp_split 5575
thp_zero_page_alloc 1
thp_zero_page_alloc_failed 0
thp_promote 5563
thp_fault_alloc 5573
thp_fault_fallback 6594
thp_collapse_alloc 4078
thp_collapse_alloc_failed 0
thp_split 5575
thp_zero_page_alloc 1
thp_zero_page_alloc_failed 0
thp_promote 5563
thp_fault_alloc 5582
thp_fault_fallback 6594
thp_collapse_alloc 4078
thp_collapse_alloc_failed 0
thp_split 5575
thp_zero_page_alloc 1
thp_zero_page_alloc_failed 0
thp_promote 5563
thp_fault_alloc 5591
thp_fault_fallback 6594
thp_collapse_alloc 4078
thp_collapse_alloc_failed 0
thp_split 5575
thp_zero_page_alloc 1
thp_zero_page_alloc_failed 0
thp_promote 5563
thp_fault_alloc 5599
thp_fault_fallback 6594
thp_collapse_alloc 4078
thp_collapse_alloc_failed 0
thp_split 5575
thp_zero_page_alloc 1
thp_zero_page_alloc_failed 0
thp_promote 5563
thp_fault_alloc 5608
thp_fault_fallback 6594
thp_collapse_alloc 4078
thp_collapse_alloc_failed 0
thp_split 5575
thp_zero_page_alloc 1
thp_zero_page_alloc_failed 0
thp_promote 5563
thp_fault_alloc 5617
thp_fault_fallback 6594
thp_collapse_alloc 4078
thp_collapse_alloc_failed 0
thp_split 5575
thp_zero_page_alloc 1
thp_zero_page_alloc_failed 0
thp_promote 5563
thp_fault_alloc 5626
thp_fault_fallback 6594
thp_collapse_alloc 4078
thp_collapse_alloc_failed 0
thp_split 5575
thp_zero_page_alloc 1
thp_zero_page_alloc_failed 0
thp_promote 5563
thp_fault_alloc 5634
thp_fault_fallback 6594
thp_collapse_alloc 4078
thp_collapse_alloc_failed 0
thp_split 5575
thp_zero_page_alloc 1
thp_zero_page_alloc_failed 0
thp_promote 5563
thp_fault_alloc 5643
thp_fault_fallback 6594
thp_collapse_alloc 4078
thp_collapse_alloc_failed 0
thp_split 5575
thp_zero_page_alloc 1
thp_zero_page_alloc_failed 0
thp_promote 5563
thp_fault_alloc 5652
thp_fault_fallback 6594
thp_collapse_alloc 4078
thp_collapse_alloc_failed 0
thp_split 5575
thp_zero_page_alloc 1
thp_zero_page_alloc_failed 0
thp_promote 5563
thp_fault_alloc 5661
thp_fault_fallback 6594
thp_collapse_alloc 4078
thp_collapse_alloc_failed 0
thp_split 5576
thp_zero_page_alloc 1
thp_zero_page_alloc_failed 0
thp_promote 5563
thp_fault_alloc 5669
thp_fault_fallback 6594
thp_collapse_alloc 4078
thp_collapse_alloc_failed 0
thp_split 5576
thp_zero_page_alloc 1
thp_zero_page_alloc_failed 0
thp_promote 5563
thp_fault_alloc 5678
thp_fault_fallback 6594
thp_collapse_alloc 4078
thp_collapse_alloc_failed 0
thp_split 5576
thp_zero_page_alloc 1
thp_zero_page_alloc_failed 0
thp_promote 5563
thp_fault_alloc 5687
thp_fault_fallback 6594
thp_collapse_alloc 4078
thp_collapse_alloc_failed 0
thp_split 5576
thp_zero_page_alloc 1
thp_zero_page_alloc_failed 0
thp_promote 5563
thp_fault_alloc 5696
thp_fault_fallback 6594
thp_collapse_alloc 4078
thp_collapse_alloc_failed 0
thp_split 5576
thp_zero_page_alloc 1
thp_zero_page_alloc_failed 0
thp_promote 5563
thp_fault_alloc 5704
thp_fault_fallback 6594
thp_collapse_alloc 4078
thp_collapse_alloc_failed 0
thp_split 5576
thp_zero_page_alloc 1
thp_zero_page_alloc_failed 0
thp_promote 5563
thp_fault_alloc 5712
thp_fault_fallback 6594
thp_collapse_alloc 4078
thp_collapse_alloc_failed 0
thp_split 5576
thp_zero_page_alloc 1
thp_zero_page_alloc_failed 0
thp_promote 5563
thp_fault_alloc 5719
thp_fault_fallback 6594
thp_collapse_alloc 4078
thp_collapse_alloc_failed 0
thp_split 5576
thp_zero_page_alloc 1
thp_zero_page_alloc_failed 0
thp_promote 5563
thp_fault_alloc 5727
thp_fault_fallback 6594
thp_collapse_alloc 4082
thp_collapse_alloc_failed 0
thp_split 5576
thp_zero_page_alloc 1
thp_zero_page_alloc_failed 0
thp_promote 5563
thp_fault_alloc 5737
thp_fault_fallback 6594
thp_collapse_alloc 4082
thp_collapse_alloc_failed 0
thp_split 5576
thp_zero_page_alloc 1
thp_zero_page_alloc_failed 0
thp_promote 5563
thp_fault_alloc 5749
thp_fault_fallback 6594
thp_collapse_alloc 4082
thp_collapse_alloc_failed 0
thp_split 5576
thp_zero_page_alloc 1
thp_zero_page_alloc_failed 0
thp_promote 5563
thp_fault_alloc 5761
thp_fault_fallback 6594
thp_collapse_alloc 4082
thp_collapse_alloc_failed 0
thp_split 5576
thp_zero_page_alloc 1
thp_zero_page_alloc_failed 0
thp_promote 5563
thp_fault_alloc 5771
thp_fault_fallback 6594
thp_collapse_alloc 4082
thp_collapse_alloc_failed 0
thp_split 5576
thp_zero_page_alloc 1
thp_zero_page_alloc_failed 0
thp_promote 5563
thp_fault_alloc 5782
thp_fault_fallback 6594
thp_collapse_alloc 4082
thp_collapse_alloc_failed 0
thp_split 5576
thp_zero_page_alloc 1
thp_zero_page_alloc_failed 0
thp_promote 5563
thp_fault_alloc 5795
thp_fault_fallback 6594
thp_collapse_alloc 4082
thp_collapse_alloc_failed 0
thp_split 5576
thp_zero_page_alloc 1
thp_zero_page_alloc_failed 0
thp_promote 5563
thp_fault_alloc 5807
thp_fault_fallback 6594
thp_collapse_alloc 4082
thp_collapse_alloc_failed 0
thp_split 5576
thp_zero_page_alloc 1
thp_zero_page_alloc_failed 0
thp_promote 5563
thp_fault_alloc 5818
thp_fault_fallback 6594
thp_collapse_alloc 4082
thp_collapse_alloc_failed 0
thp_split 5576
thp_zero_page_alloc 1
thp_zero_page_alloc_failed 0
thp_promote 5563
thp_fault_alloc 5829
thp_fault_fallback 6594
thp_collapse_alloc 4082
thp_collapse_alloc_failed 0
thp_split 5576
thp_zero_page_alloc 1
thp_zero_page_alloc_failed 0
thp_promote 5563
thp_fault_alloc 5842
thp_fault_fallback 6594
thp_collapse_alloc 4086
thp_collapse_alloc_failed 0
thp_split 5576
thp_zero_page_alloc 1
thp_zero_page_alloc_failed 0
thp_promote 5563
thp_fault_alloc 5853
thp_fault_fallback 6594
thp_collapse_alloc 4086
thp_collapse_alloc_failed 0
thp_split 5576
thp_zero_page_alloc 1
thp_zero_page_alloc_failed 0
thp_promote 5563
thp_fault_alloc 5864
thp_fault_fallback 6594
thp_collapse_alloc 4086
thp_collapse_alloc_failed 0
thp_split 5576
thp_zero_page_alloc 1
thp_zero_page_alloc_failed 0
thp_promote 5563
thp_fault_alloc 5876
thp_fault_fallback 6594
thp_collapse_alloc 4086
thp_collapse_alloc_failed 0
thp_split 5576
thp_zero_page_alloc 1
thp_zero_page_alloc_failed 0
thp_promote 5563
thp_fault_alloc 5889
thp_fault_fallback 6594
thp_collapse_alloc 4086
thp_collapse_alloc_failed 0
thp_split 5576
thp_zero_page_alloc 1
thp_zero_page_alloc_failed 0
thp_promote 5563
thp_fault_alloc 5901
thp_fault_fallback 6594
thp_collapse_alloc 4086
thp_collapse_alloc_failed 0
thp_split 5576
thp_zero_page_alloc 1
thp_zero_page_alloc_failed 0
thp_promote 5563
thp_fault_alloc 5912
thp_fault_fallback 6594
thp_collapse_alloc 4086
thp_collapse_alloc_failed 0
thp_split 5576
thp_zero_page_alloc 1
thp_zero_page_alloc_failed 0
thp_promote 5563
thp_fault_alloc 5924
thp_fault_fallback 6594
thp_collapse_alloc 4086
thp_collapse_alloc_failed 0
thp_split 5576
thp_zero_page_alloc 1
thp_zero_page_alloc_failed 0
thp_promote 5563
thp_fault_alloc 5932
thp_fault_fallback 6628
thp_collapse_alloc 4086
thp_collapse_alloc_failed 0
thp_split 5610
thp_zero_page_alloc 1
thp_zero_page_alloc_failed 0
thp_promote 5563
thp_fault_alloc 5939
thp_fault_fallback 12443
thp_collapse_alloc 4086
thp_collapse_alloc_failed 0
thp_split 11425
thp_zero_page_alloc 1
thp_zero_page_alloc_failed 0
thp_promote 5563
thp_fault_alloc 5947
thp_fault_fallback 12443
thp_collapse_alloc 4086
thp_collapse_alloc_failed 0
thp_split 11425
thp_zero_page_alloc 1
thp_zero_page_alloc_failed 0
thp_promote 5563
thp_fault_alloc 5964
thp_fault_fallback 12443
thp_collapse_alloc 4086
thp_collapse_alloc_failed 0
thp_split 11425
thp_zero_page_alloc 1
thp_zero_page_alloc_failed 0
thp_promote 5563
thp_fault_alloc 5972
thp_fault_fallback 12443
thp_collapse_alloc 4086
thp_collapse_alloc_failed 0
thp_split 11425
thp_zero_page_alloc 1
thp_zero_page_alloc_failed 0
thp_promote 5563
thp_fault_alloc 5980
thp_fault_fallback 12443
thp_collapse_alloc 4086
thp_collapse_alloc_failed 0
thp_split 11425
thp_zero_page_alloc 1
thp_zero_page_alloc_failed 0
thp_promote 5563
thp_fault_alloc 5989
thp_fault_fallback 12443
thp_collapse_alloc 4086
thp_collapse_alloc_failed 0
thp_split 11425
thp_zero_page_alloc 1
thp_zero_page_alloc_failed 0
thp_promote 5563
thp_fault_alloc 5996
thp_fault_fallback 12443
thp_collapse_alloc 4086
thp_collapse_alloc_failed 0
thp_split 11425
thp_zero_page_alloc 1
thp_zero_page_alloc_failed 0
thp_promote 5563
thp_fault_alloc 6011
thp_fault_fallback 12443
thp_collapse_alloc 4086
thp_collapse_alloc_failed 0
thp_split 11425
thp_zero_page_alloc 1
thp_zero_page_alloc_failed 0
thp_promote 5563
thp_fault_alloc 6019
thp_fault_fallback 12443
thp_collapse_alloc 4086
thp_collapse_alloc_failed 0
thp_split 11425
thp_zero_page_alloc 1
thp_zero_page_alloc_failed 0
thp_promote 5563
thp_fault_alloc 6027
thp_fault_fallback 12443
thp_collapse_alloc 4086
thp_collapse_alloc_failed 0
thp_split 11425
thp_zero_page_alloc 1
thp_zero_page_alloc_failed 0
thp_promote 5563
thp_fault_alloc 6035
thp_fault_fallback 12443
thp_collapse_alloc 4086
thp_collapse_alloc_failed 0
thp_split 11425
thp_zero_page_alloc 1
thp_zero_page_alloc_failed 0
thp_promote 5563
thp_fault_alloc 6043
thp_fault_fallback 12443
thp_collapse_alloc 4086
thp_collapse_alloc_failed 0
thp_split 11425
thp_zero_page_alloc 1
thp_zero_page_alloc_failed 0
thp_promote 5563
thp_fault_alloc 6054
thp_fault_fallback 12443
thp_collapse_alloc 4086
thp_collapse_alloc_failed 0
thp_split 11425
thp_zero_page_alloc 1
thp_zero_page_alloc_failed 0
thp_promote 5563
thp_fault_alloc 6069
thp_fault_fallback 12443
thp_collapse_alloc 4086
thp_collapse_alloc_failed 0
thp_split 11425
thp_zero_page_alloc 1
thp_zero_page_alloc_failed 0
thp_promote 5563
thp_fault_alloc 6080
thp_fault_fallback 12443
thp_collapse_alloc 4086
thp_collapse_alloc_failed 0
thp_split 11425
thp_zero_page_alloc 1
thp_zero_page_alloc_failed 0
thp_promote 5563
thp_fault_alloc 6090
thp_fault_fallback 12443
thp_collapse_alloc 4086
thp_collapse_alloc_failed 0
thp_split 11425
thp_zero_page_alloc 1
thp_zero_page_alloc_failed 0
thp_promote 5563
thp_fault_alloc 6100
thp_fault_fallback 12443
thp_collapse_alloc 4086
thp_collapse_alloc_failed 0
thp_split 11425
thp_zero_page_alloc 1
thp_zero_page_alloc_failed 0
thp_promote 5563
thp_fault_alloc 6110
thp_fault_fallback 12443
thp_collapse_alloc 4086
thp_collapse_alloc_failed 0
thp_split 11425
thp_zero_page_alloc 1
thp_zero_page_alloc_failed 0
thp_promote 5563
thp_fault_alloc 6121
thp_fault_fallback 12443
thp_collapse_alloc 4086
thp_collapse_alloc_failed 0
thp_split 11425
thp_zero_page_alloc 1
thp_zero_page_alloc_failed 0
thp_promote 5563
thp_fault_alloc 6137
thp_fault_fallback 12443
thp_collapse_alloc 4086
thp_collapse_alloc_failed 0
thp_split 11425
thp_zero_page_alloc 1
thp_zero_page_alloc_failed 0
thp_promote 5563
thp_fault_alloc 6148
thp_fault_fallback 12443
thp_collapse_alloc 4086
thp_collapse_alloc_failed 0
thp_split 11425
thp_zero_page_alloc 1
thp_zero_page_alloc_failed 0
thp_promote 5563
thp_fault_alloc 6159
thp_fault_fallback 12443
thp_collapse_alloc 4086
thp_collapse_alloc_failed 0
thp_split 11425
thp_zero_page_alloc 1
thp_zero_page_alloc_failed 0
thp_promote 5563
thp_fault_alloc 6169
thp_fault_fallback 12443
thp_collapse_alloc 4086
thp_collapse_alloc_failed 0
thp_split 11425
thp_zero_page_alloc 1
thp_zero_page_alloc_failed 0
thp_promote 5563
thp_fault_alloc 6180
thp_fault_fallback 12443
thp_collapse_alloc 4086
thp_collapse_alloc_failed 0
thp_split 11425
thp_zero_page_alloc 1
thp_zero_page_alloc_failed 0
thp_promote 5563
thp_fault_alloc 6190
thp_fault_fallback 12443
thp_collapse_alloc 4086
thp_collapse_alloc_failed 0
thp_split 11425
thp_zero_page_alloc 1
thp_zero_page_alloc_failed 0
thp_promote 5563
thp_fault_alloc 6201
thp_fault_fallback 12443
thp_collapse_alloc 4086
thp_collapse_alloc_failed 0
thp_split 11425
thp_zero_page_alloc 1
thp_zero_page_alloc_failed 0
thp_promote 5563
thp_fault_alloc 6209
thp_fault_fallback 12443
thp_collapse_alloc 4649
thp_collapse_alloc_failed 0
thp_split 11425
thp_zero_page_alloc 1
thp_zero_page_alloc_failed 0
thp_promote 6209
thp_fault_alloc 6225
thp_fault_fallback 12443
thp_collapse_alloc 4751
thp_collapse_alloc_failed 0
thp_split 11425
thp_zero_page_alloc 1
thp_zero_page_alloc_failed 0
thp_promote 6209
thp_fault_alloc 6235
thp_fault_fallback 12443
thp_collapse_alloc 4751
thp_collapse_alloc_failed 0
thp_split 11425
thp_zero_page_alloc 1
thp_zero_page_alloc_failed 0
thp_promote 6209
thp_fault_alloc 6245
thp_fault_fallback 12443
thp_collapse_alloc 4751
thp_collapse_alloc_failed 0
thp_split 11425
thp_zero_page_alloc 1
thp_zero_page_alloc_failed 0
thp_promote 6209
thp_fault_alloc 6255
thp_fault_fallback 12443
thp_collapse_alloc 4751
thp_collapse_alloc_failed 0
thp_split 11425
thp_zero_page_alloc 1
thp_zero_page_alloc_failed 0
thp_promote 6209
thp_fault_alloc 6267
thp_fault_fallback 12443
thp_collapse_alloc 4751
thp_collapse_alloc_failed 0
thp_split 11425
thp_zero_page_alloc 1
thp_zero_page_alloc_failed 0
thp_promote 6209
thp_fault_alloc 6278
thp_fault_fallback 12443
thp_collapse_alloc 4751
thp_collapse_alloc_failed 0
thp_split 11425
thp_zero_page_alloc 1
thp_zero_page_alloc_failed 0
thp_promote 6209
thp_fault_alloc 6298
thp_fault_fallback 12443
thp_collapse_alloc 4751
thp_collapse_alloc_failed 0
thp_split 11425
thp_zero_page_alloc 1
thp_zero_page_alloc_failed 0
thp_promote 6209
thp_fault_alloc 6309
thp_fault_fallback 12443
thp_collapse_alloc 4751
thp_collapse_alloc_failed 0
thp_split 11425
thp_zero_page_alloc 1
thp_zero_page_alloc_failed 0
thp_promote 6209
thp_fault_alloc 6323
thp_fault_fallback 12443
thp_collapse_alloc 5926
thp_collapse_alloc_failed 0
thp_split 11425
thp_zero_page_alloc 1
thp_zero_page_alloc_failed 0
thp_promote 8017
thp_fault_alloc 6336
thp_fault_fallback 12443
thp_collapse_alloc 6565
thp_collapse_alloc_failed 0
thp_split 11425
thp_zero_page_alloc 1
thp_zero_page_alloc_failed 0
thp_promote 8017
thp_fault_alloc 6348
thp_fault_fallback 12443
thp_collapse_alloc 6565
thp_collapse_alloc_failed 0
thp_split 11425
thp_zero_page_alloc 1
thp_zero_page_alloc_failed 0
thp_promote 8017
thp_fault_alloc 6359
thp_fault_fallback 12443
thp_collapse_alloc 6565
thp_collapse_alloc_failed 0
thp_split 11425
thp_zero_page_alloc 1
thp_zero_page_alloc_failed 0
thp_promote 8017
thp_fault_alloc 6369
thp_fault_fallback 12443
thp_collapse_alloc 6565
thp_collapse_alloc_failed 0
thp_split 11425
thp_zero_page_alloc 1
thp_zero_page_alloc_failed 0
thp_promote 8017
thp_fault_alloc 6379
thp_fault_fallback 12443
thp_collapse_alloc 6565
thp_collapse_alloc_failed 0
thp_split 11425
thp_zero_page_alloc 1
thp_zero_page_alloc_failed 0
thp_promote 8017
thp_fault_alloc 6397
thp_fault_fallback 12443
thp_collapse_alloc 6565
thp_collapse_alloc_failed 0
thp_split 11425
thp_zero_page_alloc 1
thp_zero_page_alloc_failed 0
thp_promote 8017
thp_fault_alloc 6409
thp_fault_fallback 12443
thp_collapse_alloc 6565
thp_collapse_alloc_failed 0
thp_split 11425
thp_zero_page_alloc 1
thp_zero_page_alloc_failed 0
thp_promote 8017
thp_fault_alloc 6419
thp_fault_fallback 12443
thp_collapse_alloc 6565
thp_collapse_alloc_failed 0
thp_split 11425
thp_zero_page_alloc 1
thp_zero_page_alloc_failed 0
thp_promote 8017
thp_fault_alloc 6431
thp_fault_fallback 12443
thp_collapse_alloc 6565
thp_collapse_alloc_failed 0
thp_split 11425
thp_zero_page_alloc 1
thp_zero_page_alloc_failed 0
thp_promote 8017
thp_fault_alloc 6442
thp_fault_fallback 12443
thp_collapse_alloc 6745
thp_collapse_alloc_failed 0
thp_split 11425
thp_zero_page_alloc 1
thp_zero_page_alloc_failed 0
thp_promote 8222
thp_fault_alloc 6454
thp_fault_fallback 12443
thp_collapse_alloc 6745
thp_collapse_alloc_failed 0
thp_split 11425
thp_zero_page_alloc 1
thp_zero_page_alloc_failed 0
thp_promote 8222
thp_fault_alloc 6463
thp_fault_fallback 12443
thp_collapse_alloc 6745
thp_collapse_alloc_failed 0
thp_split 11425
thp_zero_page_alloc 1
thp_zero_page_alloc_failed 0
thp_promote 8222
thp_fault_alloc 6474
thp_fault_fallback 12443
thp_collapse_alloc 6745
thp_collapse_alloc_failed 0
thp_split 11425
thp_zero_page_alloc 1
thp_zero_page_alloc_failed 0
thp_promote 8222
thp_fault_alloc 6486
thp_fault_fallback 12443
thp_collapse_alloc 6745
thp_collapse_alloc_failed 0
thp_split 11425
thp_zero_page_alloc 1
thp_zero_page_alloc_failed 0
thp_promote 8222
thp_fault_alloc 6497
thp_fault_fallback 12443
thp_collapse_alloc 6745
thp_collapse_alloc_failed 0
thp_split 11425
thp_zero_page_alloc 1
thp_zero_page_alloc_failed 0
thp_promote 8222
thp_fault_alloc 6508
thp_fault_fallback 12443
thp_collapse_alloc 6745
thp_collapse_alloc_failed 0
thp_split 11425
thp_zero_page_alloc 1
thp_zero_page_alloc_failed 0
thp_promote 8222
thp_fault_alloc 6519
thp_fault_fallback 12443
thp_collapse_alloc 6745
thp_collapse_alloc_failed 0
thp_split 11425
thp_zero_page_alloc 1
thp_zero_page_alloc_failed 0
thp_promote 8222
thp_fault_alloc 6538
thp_fault_fallback 12443
thp_collapse_alloc 6745
thp_collapse_alloc_failed 0
thp_split 11425
thp_zero_page_alloc 1
thp_zero_page_alloc_failed 0
thp_promote 8222
thp_fault_alloc 6548
thp_fault_fallback 12443
thp_collapse_alloc 6768
thp_collapse_alloc_failed 0
thp_split 11425
thp_zero_page_alloc 1
thp_zero_page_alloc_failed 0
thp_promote 8245
thp_fault_alloc 6560
thp_fault_fallback 12443
thp_collapse_alloc 6768
thp_collapse_alloc_failed 0
thp_split 11425
thp_zero_page_alloc 1
thp_zero_page_alloc_failed 0
thp_promote 8245
thp_fault_alloc 6569
thp_fault_fallback 12443
thp_collapse_alloc 6768
thp_collapse_alloc_failed 0
thp_split 11425
thp_zero_page_alloc 1
thp_zero_page_alloc_failed 0
thp_promote 8245
thp_fault_alloc 6580
thp_fault_fallback 12443
thp_collapse_alloc 6768
thp_collapse_alloc_failed 0
thp_split 11425
thp_zero_page_alloc 1
thp_zero_page_alloc_failed 0
thp_promote 8245
thp_fault_alloc 6590
thp_fault_fallback 12443
thp_collapse_alloc 6768
thp_collapse_alloc_failed 0
thp_split 11425
thp_zero_page_alloc 1
thp_zero_page_alloc_failed 0
thp_promote 8245
thp_fault_alloc 6601
thp_fault_fallback 12443
thp_collapse_alloc 6768
thp_collapse_alloc_failed 0
thp_split 11425
thp_zero_page_alloc 1
thp_zero_page_alloc_failed 0
thp_promote 8245
thp_fault_alloc 6611
thp_fault_fallback 12443
thp_collapse_alloc 6768
thp_collapse_alloc_failed 0
thp_split 11425
thp_zero_page_alloc 1
thp_zero_page_alloc_failed 0
thp_promote 8245
thp_fault_alloc 6622
thp_fault_fallback 12443
thp_collapse_alloc 6768
thp_collapse_alloc_failed 0
thp_split 11425
thp_zero_page_alloc 1
thp_zero_page_alloc_failed 0
thp_promote 8245
thp_fault_alloc 6632
thp_fault_fallback 12443
thp_collapse_alloc 6768
thp_collapse_alloc_failed 0
thp_split 11425
thp_zero_page_alloc 1
thp_zero_page_alloc_failed 0
thp_promote 8245
thp_fault_alloc 6643
thp_fault_fallback 12443
thp_collapse_alloc 6882
thp_collapse_alloc_failed 0
thp_split 11425
thp_zero_page_alloc 1
thp_zero_page_alloc_failed 0
thp_promote 8358
thp_fault_alloc 6655
thp_fault_fallback 12443
thp_collapse_alloc 6882
thp_collapse_alloc_failed 0
thp_split 11425
thp_zero_page_alloc 1
thp_zero_page_alloc_failed 0
thp_promote 8358
thp_fault_alloc 6664
thp_fault_fallback 12443
thp_collapse_alloc 6882
thp_collapse_alloc_failed 0
thp_split 11425
thp_zero_page_alloc 1
thp_zero_page_alloc_failed 0
thp_promote 8358
thp_fault_alloc 6683
thp_fault_fallback 12443
thp_collapse_alloc 6882
thp_collapse_alloc_failed 0
thp_split 11425
thp_zero_page_alloc 1
thp_zero_page_alloc_failed 0
thp_promote 8358
thp_fault_alloc 6692
thp_fault_fallback 12443
thp_collapse_alloc 6882
thp_collapse_alloc_failed 0
thp_split 11425
thp_zero_page_alloc 1
thp_zero_page_alloc_failed 0
thp_promote 8358
thp_fault_alloc 6703
thp_fault_fallback 12443
thp_collapse_alloc 6882
thp_collapse_alloc_failed 0
thp_split 11425
thp_zero_page_alloc 1
thp_zero_page_alloc_failed 0
thp_promote 8358
thp_fault_alloc 6715
thp_fault_fallback 12443
thp_collapse_alloc 6882
thp_collapse_alloc_failed 0
thp_split 11425
thp_zero_page_alloc 1
thp_zero_page_alloc_failed 0
thp_promote 8358
thp_fault_alloc 6723
thp_fault_fallback 12443
thp_collapse_alloc 6882
thp_collapse_alloc_failed 0
thp_split 11425
thp_zero_page_alloc 1
thp_zero_page_alloc_failed 0
thp_promote 8358
thp_fault_alloc 6735
thp_fault_fallback 12443
thp_collapse_alloc 6882
thp_collapse_alloc_failed 0
thp_split 11425
thp_zero_page_alloc 1
thp_zero_page_alloc_failed 0
thp_promote 8358
thp_fault_alloc 6745
thp_fault_fallback 12443
thp_collapse_alloc 6882
thp_collapse_alloc_failed 0
thp_split 11425
thp_zero_page_alloc 1
thp_zero_page_alloc_failed 0
thp_promote 8358
thp_fault_alloc 6757
thp_fault_fallback 12443
thp_collapse_alloc 7033
thp_collapse_alloc_failed 0
thp_split 11425
thp_zero_page_alloc 1
thp_zero_page_alloc_failed 0
thp_promote 8514
thp_fault_alloc 6773
thp_fault_fallback 12443
thp_collapse_alloc 7033
thp_collapse_alloc_failed 0
thp_split 11425
thp_zero_page_alloc 1
thp_zero_page_alloc_failed 0
thp_promote 8514
thp_fault_alloc 6784
thp_fault_fallback 12443
thp_collapse_alloc 7033
thp_collapse_alloc_failed 0
thp_split 11425
thp_zero_page_alloc 1
thp_zero_page_alloc_failed 0
thp_promote 8514
thp_fault_alloc 6795
thp_fault_fallback 12443
thp_collapse_alloc 7033
thp_collapse_alloc_failed 0
thp_split 11425
thp_zero_page_alloc 1
thp_zero_page_alloc_failed 0
thp_promote 8514
thp_fault_alloc 6805
thp_fault_fallback 12443
thp_collapse_alloc 7033
thp_collapse_alloc_failed 0
thp_split 11425
thp_zero_page_alloc 1
thp_zero_page_alloc_failed 0
thp_promote 8514
thp_fault_alloc 6816
thp_fault_fallback 12443
thp_collapse_alloc 7033
thp_collapse_alloc_failed 0
thp_split 11425
thp_zero_page_alloc 1
thp_zero_page_alloc_failed 0
thp_promote 8514
thp_fault_alloc 6826
thp_fault_fallback 12443
thp_collapse_alloc 7033
thp_collapse_alloc_failed 0
thp_split 11425
thp_zero_page_alloc 1
thp_zero_page_alloc_failed 0
thp_promote 8514
thp_fault_alloc 6837
thp_fault_fallback 12443
thp_collapse_alloc 7033
thp_collapse_alloc_failed 0
thp_split 11425
thp_zero_page_alloc 1
thp_zero_page_alloc_failed 0
thp_promote 8514
thp_fault_alloc 6847
thp_fault_fallback 12443
thp_collapse_alloc 7033
thp_collapse_alloc_failed 0
thp_split 11425
thp_zero_page_alloc 1
thp_zero_page_alloc_failed 0
thp_promote 8514
thp_fault_alloc 6857
thp_fault_fallback 12443
thp_collapse_alloc 7034
thp_collapse_alloc_failed 0
thp_split 11425
thp_zero_page_alloc 1
thp_zero_page_alloc_failed 0
thp_promote 11412
thp_fault_alloc 6868
thp_fault_fallback 12443
thp_collapse_alloc 7034
thp_collapse_alloc_failed 0
thp_split 11425
thp_zero_page_alloc 1
thp_zero_page_alloc_failed 0
thp_promote 11412
thp_fault_alloc 6878
thp_fault_fallback 12443
thp_collapse_alloc 7034
thp_collapse_alloc_failed 0
thp_split 11425
thp_zero_page_alloc 1
thp_zero_page_alloc_failed 0
thp_promote 11412
thp_fault_alloc 6887
thp_fault_fallback 12443
thp_collapse_alloc 7034
thp_collapse_alloc_failed 0
thp_split 11425
thp_zero_page_alloc 1
thp_zero_page_alloc_failed 0
thp_promote 11412
thp_fault_alloc 6899
thp_fault_fallback 12443
thp_collapse_alloc 7034
thp_collapse_alloc_failed 0
thp_split 11425
thp_zero_page_alloc 1
thp_zero_page_alloc_failed 0
thp_promote 11412
thp_fault_alloc 6910
thp_fault_fallback 12443
thp_collapse_alloc 7034
thp_collapse_alloc_failed 0
thp_split 11425
thp_zero_page_alloc 1
thp_zero_page_alloc_failed 0
thp_promote 11412
thp_fault_alloc 6922
thp_fault_fallback 12443
thp_collapse_alloc 7034
thp_collapse_alloc_failed 0
thp_split 11425
thp_zero_page_alloc 1
thp_zero_page_alloc_failed 0
thp_promote 11412
thp_fault_alloc 6933
thp_fault_fallback 12443
thp_collapse_alloc 7034
thp_collapse_alloc_failed 0
thp_split 11425
thp_zero_page_alloc 1
thp_zero_page_alloc_failed 0
thp_promote 11412
thp_fault_alloc 6944
thp_fault_fallback 12443
thp_collapse_alloc 7034
thp_collapse_alloc_failed 0
thp_split 11425
thp_zero_page_alloc 1
thp_zero_page_alloc_failed 0
thp_promote 11412
thp_fault_alloc 6955
thp_fault_fallback 12443
thp_collapse_alloc 7034
thp_collapse_alloc_failed 0
thp_split 11425
thp_zero_page_alloc 1
thp_zero_page_alloc_failed 0
thp_promote 11412
thp_fault_alloc 6967
thp_fault_fallback 12443
thp_collapse_alloc 7034
thp_collapse_alloc_failed 0
thp_split 11425
thp_zero_page_alloc 1
thp_zero_page_alloc_failed 0
thp_promote 11412
thp_fault_alloc 6978
thp_fault_fallback 12443
thp_collapse_alloc 7034
thp_collapse_alloc_failed 0
thp_split 11425
thp_zero_page_alloc 1
thp_zero_page_alloc_failed 0
thp_promote 11412
thp_fault_alloc 6989
thp_fault_fallback 12443
thp_collapse_alloc 7034
thp_collapse_alloc_failed 0
thp_split 11425
thp_zero_page_alloc 1
thp_zero_page_alloc_failed 0
thp_promote 11412
thp_fault_alloc 6998
thp_fault_fallback 12443
thp_collapse_alloc 7034
thp_collapse_alloc_failed 0
thp_split 11425
thp_zero_page_alloc 1
thp_zero_page_alloc_failed 0
thp_promote 11412
thp_fault_alloc 7010
thp_fault_fallback 12443
thp_collapse_alloc 7034
thp_collapse_alloc_failed 0
thp_split 11425
thp_zero_page_alloc 1
thp_zero_page_alloc_failed 0
thp_promote 11412
thp_fault_alloc 7022
thp_fault_fallback 12443
thp_collapse_alloc 7034
thp_collapse_alloc_failed 0
thp_split 11425
thp_zero_page_alloc 1
thp_zero_page_alloc_failed 0
thp_promote 11412
thp_fault_alloc 7032
thp_fault_fallback 12443
thp_collapse_alloc 7034
thp_collapse_alloc_failed 0
thp_split 11425
thp_zero_page_alloc 1
thp_zero_page_alloc_failed 0
thp_promote 11412
thp_fault_alloc 7043
thp_fault_fallback 12443
thp_collapse_alloc 7034
thp_collapse_alloc_failed 0
thp_split 11425
thp_zero_page_alloc 1
thp_zero_page_alloc_failed 0
thp_promote 11412
thp_fault_alloc 7054
thp_fault_fallback 12443
thp_collapse_alloc 7034
thp_collapse_alloc_failed 0
thp_split 11425
thp_zero_page_alloc 1
thp_zero_page_alloc_failed 0
thp_promote 11412
thp_fault_alloc 7063
thp_fault_fallback 12443
thp_collapse_alloc 7034
thp_collapse_alloc_failed 0
thp_split 11425
thp_zero_page_alloc 1
thp_zero_page_alloc_failed 0
thp_promote 11412
thp_fault_alloc 7075
thp_fault_fallback 12443
thp_collapse_alloc 7034
thp_collapse_alloc_failed 0
thp_split 11425
thp_zero_page_alloc 1
thp_zero_page_alloc_failed 0
thp_promote 11412
thp_fault_alloc 7085
thp_fault_fallback 12443
thp_collapse_alloc 7034
thp_collapse_alloc_failed 0
thp_split 11425
thp_zero_page_alloc 1
thp_zero_page_alloc_failed 0
thp_promote 11412
thp_fault_alloc 7095
thp_fault_fallback 12443
thp_collapse_alloc 7034
thp_collapse_alloc_failed 0
thp_split 11425
thp_zero_page_alloc 1
thp_zero_page_alloc_failed 0
thp_promote 11412
thp_fault_alloc 7105
thp_fault_fallback 12443
thp_collapse_alloc 7034
thp_collapse_alloc_failed 0
thp_split 11425
thp_zero_page_alloc 1
thp_zero_page_alloc_failed 0
thp_promote 11412
thp_fault_alloc 7116
thp_fault_fallback 12443
thp_collapse_alloc 7034
thp_collapse_alloc_failed 0
thp_split 11425
thp_zero_page_alloc 1
thp_zero_page_alloc_failed 0
thp_promote 11412
thp_fault_alloc 7125
thp_fault_fallback 12443
thp_collapse_alloc 7034
thp_collapse_alloc_failed 0
thp_split 11425
thp_zero_page_alloc 1
thp_zero_page_alloc_failed 0
thp_promote 11412
thp_fault_alloc 7136
thp_fault_fallback 12443
thp_collapse_alloc 7034
thp_collapse_alloc_failed 0
thp_split 11425
thp_zero_page_alloc 1
thp_zero_page_alloc_failed 0
thp_promote 11412
thp_fault_alloc 7147
thp_fault_fallback 12443
thp_collapse_alloc 7034
thp_collapse_alloc_failed 0
thp_split 11425
thp_zero_page_alloc 1
thp_zero_page_alloc_failed 0
thp_promote 11412
thp_fault_alloc 7158
thp_fault_fallback 12443
thp_collapse_alloc 7034
thp_collapse_alloc_failed 0
thp_split 11425
thp_zero_page_alloc 1
thp_zero_page_alloc_failed 0
thp_promote 11412
thp_fault_alloc 7168
thp_fault_fallback 12443
thp_collapse_alloc 7034
thp_collapse_alloc_failed 0
thp_split 11425
thp_zero_page_alloc 1
thp_zero_page_alloc_failed 0
thp_promote 11412
thp_fault_alloc 7179
thp_fault_fallback 12443
thp_collapse_alloc 7034
thp_collapse_alloc_failed 0
thp_split 11425
thp_zero_page_alloc 1
thp_zero_page_alloc_failed 0
thp_promote 11412
thp_fault_alloc 7190
thp_fault_fallback 12443
thp_collapse_alloc 7034
thp_collapse_alloc_failed 0
thp_split 11425
thp_zero_page_alloc 1
thp_zero_page_alloc_failed 0
thp_promote 11412
thp_fault_alloc 7200
thp_fault_fallback 12443
thp_collapse_alloc 7034
thp_collapse_alloc_failed 0
thp_split 11425
thp_zero_page_alloc 1
thp_zero_page_alloc_failed 0
thp_promote 11412
thp_fault_alloc 7211
thp_fault_fallback 12443
thp_collapse_alloc 7034
thp_collapse_alloc_failed 0
thp_split 11425
thp_zero_page_alloc 1
thp_zero_page_alloc_failed 0
thp_promote 11412
thp_fault_alloc 7222
thp_fault_fallback 12443
thp_collapse_alloc 7034
thp_collapse_alloc_failed 0
thp_split 11425
thp_zero_page_alloc 1
thp_zero_page_alloc_failed 0
thp_promote 11412
thp_fault_alloc 7233
thp_fault_fallback 12443
thp_collapse_alloc 7034
thp_collapse_alloc_failed 0
thp_split 11425
thp_zero_page_alloc 1
thp_zero_page_alloc_failed 0
thp_promote 11412
thp_fault_alloc 7245
thp_fault_fallback 12443
thp_collapse_alloc 7034
thp_collapse_alloc_failed 0
thp_split 11425
thp_zero_page_alloc 1
thp_zero_page_alloc_failed 0
thp_promote 11412
thp_fault_alloc 7254
thp_fault_fallback 12443
thp_collapse_alloc 7034
thp_collapse_alloc_failed 0
thp_split 11425
thp_zero_page_alloc 1
thp_zero_page_alloc_failed 0
thp_promote 11412
thp_fault_alloc 7264
thp_fault_fallback 12443
thp_collapse_alloc 7034
thp_collapse_alloc_failed 0
thp_split 11425
thp_zero_page_alloc 1
thp_zero_page_alloc_failed 0
thp_promote 11412
thp_fault_alloc 7274
thp_fault_fallback 12443
thp_collapse_alloc 7034
thp_collapse_alloc_failed 0
thp_split 11425
thp_zero_page_alloc 1
thp_zero_page_alloc_failed 0
thp_promote 11412
thp_fault_alloc 7286
thp_fault_fallback 12443
thp_collapse_alloc 7034
thp_collapse_alloc_failed 0
thp_split 11425
thp_zero_page_alloc 1
thp_zero_page_alloc_failed 0
thp_promote 11412
thp_fault_alloc 7295
thp_fault_fallback 12443
thp_collapse_alloc 7034
thp_collapse_alloc_failed 0
thp_split 11425
thp_zero_page_alloc 1
thp_zero_page_alloc_failed 0
thp_promote 11412
thp_fault_alloc 7306
thp_fault_fallback 12443
thp_collapse_alloc 7034
thp_collapse_alloc_failed 0
thp_split 11425
thp_zero_page_alloc 1
thp_zero_page_alloc_failed 0
thp_promote 11412
thp_fault_alloc 7317
thp_fault_fallback 12443
thp_collapse_alloc 7034
thp_collapse_alloc_failed 0
thp_split 11425
thp_zero_page_alloc 1
thp_zero_page_alloc_failed 0
thp_promote 11412
thp_fault_alloc 7326
thp_fault_fallback 12443
thp_collapse_alloc 7034
thp_collapse_alloc_failed 0
thp_split 11425
thp_zero_page_alloc 1
thp_zero_page_alloc_failed 0
thp_promote 11412
thp_fault_alloc 7344
thp_fault_fallback 12443
thp_collapse_alloc 7034
thp_collapse_alloc_failed 0
thp_split 11425
thp_zero_page_alloc 1
thp_zero_page_alloc_failed 0
thp_promote 11412
thp_fault_alloc 7356
thp_fault_fallback 12443
thp_collapse_alloc 7034
thp_collapse_alloc_failed 0
thp_split 11425
thp_zero_page_alloc 1
thp_zero_page_alloc_failed 0
thp_promote 11412
thp_fault_alloc 7366
thp_fault_fallback 12443
thp_collapse_alloc 7034
thp_collapse_alloc_failed 0
thp_split 11425
thp_zero_page_alloc 1
thp_zero_page_alloc_failed 0
thp_promote 11412
thp_fault_alloc 7376
thp_fault_fallback 12443
thp_collapse_alloc 7034
thp_collapse_alloc_failed 0
thp_split 11425
thp_zero_page_alloc 1
thp_zero_page_alloc_failed 0
thp_promote 11412
thp_fault_alloc 7388
thp_fault_fallback 12443
thp_collapse_alloc 7034
thp_collapse_alloc_failed 0
thp_split 11425
thp_zero_page_alloc 1
thp_zero_page_alloc_failed 0
thp_promote 11412
thp_fault_alloc 7397
thp_fault_fallback 12443
thp_collapse_alloc 7034
thp_collapse_alloc_failed 0
thp_split 11425
thp_zero_page_alloc 1
thp_zero_page_alloc_failed 0
thp_promote 11412
thp_fault_alloc 7406
thp_fault_fallback 12644
thp_collapse_alloc 7034
thp_collapse_alloc_failed 0
thp_split 11626
thp_zero_page_alloc 1
thp_zero_page_alloc_failed 0
thp_promote 11412
thp_fault_alloc 7414
thp_fault_fallback 12913
thp_collapse_alloc 7034
thp_collapse_alloc_failed 0
thp_split 11895
thp_zero_page_alloc 1
thp_zero_page_alloc_failed 0
thp_promote 11412
thp_fault_alloc 7422
thp_fault_fallback 13181
thp_collapse_alloc 7034
thp_collapse_alloc_failed 0
thp_split 12163
thp_zero_page_alloc 1
thp_zero_page_alloc_failed 0
thp_promote 11412
thp_fault_alloc 7428
thp_fault_fallback 13453
thp_collapse_alloc 7034
thp_collapse_alloc_failed 0
thp_split 12435
thp_zero_page_alloc 1
thp_zero_page_alloc_failed 0
thp_promote 11412
thp_fault_alloc 7436
thp_fault_fallback 13727
thp_collapse_alloc 7034
thp_collapse_alloc_failed 0
thp_split 12709
thp_zero_page_alloc 1
thp_zero_page_alloc_failed 0
thp_promote 11412
thp_fault_alloc 7444
thp_fault_fallback 14002
thp_collapse_alloc 7034
thp_collapse_alloc_failed 0
thp_split 12984
thp_zero_page_alloc 1
thp_zero_page_alloc_failed 0
thp_promote 11412
thp_fault_alloc 7452
thp_fault_fallback 14280
thp_collapse_alloc 7034
thp_collapse_alloc_failed 0
thp_split 13262
thp_zero_page_alloc 1
thp_zero_page_alloc_failed 0
thp_promote 11412
thp_fault_alloc 7458
thp_fault_fallback 14562
thp_collapse_alloc 7034
thp_collapse_alloc_failed 0
thp_split 13544
thp_zero_page_alloc 1
thp_zero_page_alloc_failed 0
thp_promote 11412
thp_fault_alloc 7466
thp_fault_fallback 14844
thp_collapse_alloc 7034
thp_collapse_alloc_failed 0
thp_split 13826
thp_zero_page_alloc 1
thp_zero_page_alloc_failed 0
thp_promote 11412
thp_fault_alloc 7473
thp_fault_fallback 15132
thp_collapse_alloc 7034
thp_collapse_alloc_failed 0
thp_split 14114
thp_zero_page_alloc 1
thp_zero_page_alloc_failed 0
thp_promote 11412
thp_fault_alloc 7480
thp_fault_fallback 15418
thp_collapse_alloc 7034
thp_collapse_alloc_failed 0
thp_split 14400
thp_zero_page_alloc 1
thp_zero_page_alloc_failed 0
thp_promote 11412
thp_fault_alloc 7487
thp_fault_fallback 15709
thp_collapse_alloc 7034
thp_collapse_alloc_failed 0
thp_split 14691
thp_zero_page_alloc 1
thp_zero_page_alloc_failed 0
thp_promote 11412
thp_fault_alloc 7493
thp_fault_fallback 16001
thp_collapse_alloc 7034
thp_collapse_alloc_failed 0
thp_split 14983
thp_zero_page_alloc 1
thp_zero_page_alloc_failed 0
thp_promote 11412
thp_fault_alloc 7508
thp_fault_fallback 16302
thp_collapse_alloc 7034
thp_collapse_alloc_failed 0
thp_split 15284
thp_zero_page_alloc 1
thp_zero_page_alloc_failed 0
thp_promote 11412
thp_fault_alloc 7515
thp_fault_fallback 16605
thp_collapse_alloc 7034
thp_collapse_alloc_failed 0
thp_split 15587
thp_zero_page_alloc 1
thp_zero_page_alloc_failed 0
thp_promote 11412
thp_fault_alloc 7523
thp_fault_fallback 16904
thp_collapse_alloc 7034
thp_collapse_alloc_failed 0
thp_split 15886
thp_zero_page_alloc 1
thp_zero_page_alloc_failed 0
thp_promote 11412
thp_fault_alloc 7530
thp_fault_fallback 18376
thp_collapse_alloc 7034
thp_collapse_alloc_failed 0
thp_split 17358
thp_zero_page_alloc 1
thp_zero_page_alloc_failed 0
thp_promote 11412
thp_fault_alloc 7537
thp_fault_fallback 18434
thp_collapse_alloc 7034
thp_collapse_alloc_failed 0
thp_split 17416
thp_zero_page_alloc 1
thp_zero_page_alloc_failed 0
thp_promote 11412
thp_fault_alloc 7552
thp_fault_fallback 18434
thp_collapse_alloc 7034
thp_collapse_alloc_failed 0
thp_split 17416
thp_zero_page_alloc 1
thp_zero_page_alloc_failed 0
thp_promote 11412
thp_fault_alloc 7560
thp_fault_fallback 18434
thp_collapse_alloc 7034
thp_collapse_alloc_failed 0
thp_split 17416
thp_zero_page_alloc 1
thp_zero_page_alloc_failed 0
thp_promote 11412
thp_fault_alloc 7567
thp_fault_fallback 18434
thp_collapse_alloc 7034
thp_collapse_alloc_failed 0
thp_split 17416
thp_zero_page_alloc 1
thp_zero_page_alloc_failed 0
thp_promote 11412
thp_fault_alloc 7575
thp_fault_fallback 18434
thp_collapse_alloc 7034
thp_collapse_alloc_failed 0
thp_split 17416
thp_zero_page_alloc 1
thp_zero_page_alloc_failed 0
thp_promote 11412
thp_fault_alloc 7583
thp_fault_fallback 18434
thp_collapse_alloc 7034
thp_collapse_alloc_failed 0
thp_split 17416
thp_zero_page_alloc 1
thp_zero_page_alloc_failed 0
thp_promote 11412
thp_fault_alloc 7599
thp_fault_fallback 18434
thp_collapse_alloc 7034
thp_collapse_alloc_failed 0
thp_split 17416
thp_zero_page_alloc 1
thp_zero_page_alloc_failed 0
thp_promote 11412
thp_fault_alloc 7606
thp_fault_fallback 18434
thp_collapse_alloc 7034
thp_collapse_alloc_failed 0
thp_split 17416
thp_zero_page_alloc 1
thp_zero_page_alloc_failed 0
thp_promote 11412
thp_fault_alloc 7615
thp_fault_fallback 18434
thp_collapse_alloc 7034
thp_collapse_alloc_failed 0
thp_split 17416
thp_zero_page_alloc 1
thp_zero_page_alloc_failed 0
thp_promote 11412
thp_fault_alloc 7624
thp_fault_fallback 18434
thp_collapse_alloc 7034
thp_collapse_alloc_failed 0
thp_split 17416
thp_zero_page_alloc 1
thp_zero_page_alloc_failed 0
thp_promote 11412
thp_fault_alloc 7633
thp_fault_fallback 18434
thp_collapse_alloc 7034
thp_collapse_alloc_failed 0
thp_split 17416
thp_zero_page_alloc 1
thp_zero_page_alloc_failed 0
thp_promote 11412
thp_fault_alloc 7642
thp_fault_fallback 18434
thp_collapse_alloc 7034
thp_collapse_alloc_failed 0
thp_split 17416
thp_zero_page_alloc 1
thp_zero_page_alloc_failed 0
thp_promote 11412
thp_fault_alloc 7657
thp_fault_fallback 18434
thp_collapse_alloc 7034
thp_collapse_alloc_failed 0
thp_split 17416
thp_zero_page_alloc 1
thp_zero_page_alloc_failed 0
thp_promote 11412
thp_fault_alloc 7667
thp_fault_fallback 18434
thp_collapse_alloc 7034
thp_collapse_alloc_failed 0
thp_split 17416
thp_zero_page_alloc 1
thp_zero_page_alloc_failed 0
thp_promote 11412
thp_fault_alloc 7675
thp_fault_fallback 18434
thp_collapse_alloc 7034
thp_collapse_alloc_failed 0
thp_split 17416
thp_zero_page_alloc 1
thp_zero_page_alloc_failed 0
thp_promote 11412
thp_fault_alloc 7686
thp_fault_fallback 18434
thp_collapse_alloc 7034
thp_collapse_alloc_failed 0
thp_split 17416
thp_zero_page_alloc 1
thp_zero_page_alloc_failed 0
thp_promote 11412
thp_fault_alloc 7696
thp_fault_fallback 18434
thp_collapse_alloc 7034
thp_collapse_alloc_failed 0
thp_split 17416
thp_zero_page_alloc 1
thp_zero_page_alloc_failed 0
thp_promote 11412
thp_fault_alloc 7712
thp_fault_fallback 18434
thp_collapse_alloc 7034
thp_collapse_alloc_failed 0
thp_split 17416
thp_zero_page_alloc 1
thp_zero_page_alloc_failed 0
thp_promote 11412
thp_fault_alloc 7723
thp_fault_fallback 18434
thp_collapse_alloc 7034
thp_collapse_alloc_failed 0
thp_split 17416
thp_zero_page_alloc 1
thp_zero_page_alloc_failed 0
thp_promote 11412
thp_fault_alloc 7733
thp_fault_fallback 18434
thp_collapse_alloc 7034
thp_collapse_alloc_failed 0
thp_split 17416
thp_zero_page_alloc 1
thp_zero_page_alloc_failed 0
thp_promote 11412
thp_fault_alloc 7743
thp_fault_fallback 18434
thp_collapse_alloc 7034
thp_collapse_alloc_failed 0
thp_split 17416
thp_zero_page_alloc 1
thp_zero_page_alloc_failed 0
thp_promote 11412
thp_fault_alloc 7762
thp_fault_fallback 18434
thp_collapse_alloc 7034
thp_collapse_alloc_failed 0
thp_split 17416
thp_zero_page_alloc 1
thp_zero_page_alloc_failed 0
thp_promote 11412
thp_fault_alloc 7772
thp_fault_fallback 18434
thp_collapse_alloc 7034
thp_collapse_alloc_failed 0
thp_split 17416
thp_zero_page_alloc 1
thp_zero_page_alloc_failed 0
thp_promote 11412
thp_fault_alloc 7781
thp_fault_fallback 18434
thp_collapse_alloc 7034
thp_collapse_alloc_failed 0
thp_split 17416
thp_zero_page_alloc 1
thp_zero_page_alloc_failed 0
thp_promote 11412
thp_fault_alloc 7795
thp_fault_fallback 18434
thp_collapse_alloc 7034
thp_collapse_alloc_failed 0
thp_split 17416
thp_zero_page_alloc 1
thp_zero_page_alloc_failed 0
thp_promote 11544
thp_fault_alloc 7803
thp_fault_fallback 18434
thp_collapse_alloc 8358
thp_collapse_alloc_failed 0
thp_split 17416
thp_zero_page_alloc 1
thp_zero_page_alloc_failed 0
thp_promote 12918
thp_fault_alloc 7811
thp_fault_fallback 18434
thp_collapse_alloc 8595
thp_collapse_alloc_failed 0
thp_split 17416
thp_zero_page_alloc 1
thp_zero_page_alloc_failed 0
thp_promote 12918
thp_fault_alloc 7821
thp_fault_fallback 18434
thp_collapse_alloc 8595
thp_collapse_alloc_failed 0
thp_split 17416
thp_zero_page_alloc 1
thp_zero_page_alloc_failed 0
thp_promote 12918
thp_fault_alloc 7832
thp_fault_fallback 18434
thp_collapse_alloc 8595
thp_collapse_alloc_failed 0
thp_split 17416
thp_zero_page_alloc 1
thp_zero_page_alloc_failed 0
thp_promote 12918
thp_fault_alloc 7841
thp_fault_fallback 18434
thp_collapse_alloc 8595
thp_collapse_alloc_failed 0
thp_split 17416
thp_zero_page_alloc 1
thp_zero_page_alloc_failed 0
thp_promote 12918
thp_fault_alloc 7852
thp_fault_fallback 18434
thp_collapse_alloc 8595
thp_collapse_alloc_failed 0
thp_split 17416
thp_zero_page_alloc 1
thp_zero_page_alloc_failed 0
thp_promote 12918
thp_fault_alloc 7861
thp_fault_fallback 18434
thp_collapse_alloc 8595
thp_collapse_alloc_failed 0
thp_split 17416
thp_zero_page_alloc 1
thp_zero_page_alloc_failed 0
thp_promote 12918
thp_fault_alloc 7870
thp_fault_fallback 18434
thp_collapse_alloc 8595
thp_collapse_alloc_failed 0
thp_split 17416
thp_zero_page_alloc 1
thp_zero_page_alloc_failed 0
thp_promote 12918
thp_fault_alloc 7880
thp_fault_fallback 18434
thp_collapse_alloc 8595
thp_collapse_alloc_failed 0
thp_split 17416
thp_zero_page_alloc 1
thp_zero_page_alloc_failed 0
thp_promote 12918
thp_fault_alloc 7898
thp_fault_fallback 18434
thp_collapse_alloc 8595
thp_collapse_alloc_failed 0
thp_split 17416
thp_zero_page_alloc 1
thp_zero_page_alloc_failed 0
thp_promote 12918
thp_fault_alloc 7906
thp_fault_fallback 18434
thp_collapse_alloc 9615
thp_collapse_alloc_failed 0
thp_split 17416
thp_zero_page_alloc 1
thp_zero_page_alloc_failed 0
thp_promote 14095
thp_fault_alloc 7915
thp_fault_fallback 18434
thp_collapse_alloc 9724
thp_collapse_alloc_failed 0
thp_split 17416
thp_zero_page_alloc 1
thp_zero_page_alloc_failed 0
thp_promote 14095
thp_fault_alloc 7926
thp_fault_fallback 18434
thp_collapse_alloc 9724
thp_collapse_alloc_failed 0
thp_split 17416
thp_zero_page_alloc 1
thp_zero_page_alloc_failed 0
thp_promote 14095
thp_fault_alloc 7936
thp_fault_fallback 18434
thp_collapse_alloc 9724
thp_collapse_alloc_failed 0
thp_split 17416
thp_zero_page_alloc 1
thp_zero_page_alloc_failed 0
thp_promote 14095
thp_fault_alloc 7945
thp_fault_fallback 18434
thp_collapse_alloc 9724
thp_collapse_alloc_failed 0
thp_split 17416
thp_zero_page_alloc 1
thp_zero_page_alloc_failed 0
thp_promote 14095
thp_fault_alloc 7956
thp_fault_fallback 18434
thp_collapse_alloc 9724
thp_collapse_alloc_failed 0
thp_split 17416
thp_zero_page_alloc 1
thp_zero_page_alloc_failed 0
thp_promote 14095
thp_fault_alloc 7966
thp_fault_fallback 18434
thp_collapse_alloc 9724
thp_collapse_alloc_failed 0
thp_split 17416
thp_zero_page_alloc 1
thp_zero_page_alloc_failed 0
thp_promote 14095
thp_fault_alloc 7975
thp_fault_fallback 18434
thp_collapse_alloc 9724
thp_collapse_alloc_failed 0
thp_split 17416
thp_zero_page_alloc 1
thp_zero_page_alloc_failed 0
thp_promote 14095
thp_fault_alloc 7985
thp_fault_fallback 18434
thp_collapse_alloc 9724
thp_collapse_alloc_failed 0
thp_split 17416
thp_zero_page_alloc 1
thp_zero_page_alloc_failed 0
thp_promote 14095
thp_fault_alloc 7997
thp_fault_fallback 18434
thp_collapse_alloc 9724
thp_collapse_alloc_failed 0
thp_split 17416
thp_zero_page_alloc 1
thp_zero_page_alloc_failed 0
thp_promote 14095
thp_fault_alloc 8006
thp_fault_fallback 18434
thp_collapse_alloc 9771
thp_collapse_alloc_failed 0
thp_split 17416
thp_zero_page_alloc 1
thp_zero_page_alloc_failed 0
thp_promote 14149
thp_fault_alloc 8025
thp_fault_fallback 18434
thp_collapse_alloc 9771
thp_collapse_alloc_failed 0
thp_split 17416
thp_zero_page_alloc 1
thp_zero_page_alloc_failed 0
thp_promote 14149
thp_fault_alloc 8034
thp_fault_fallback 18434
thp_collapse_alloc 9771
thp_collapse_alloc_failed 0
thp_split 17416
thp_zero_page_alloc 1
thp_zero_page_alloc_failed 0
thp_promote 14149
thp_fault_alloc 8044
thp_fault_fallback 18434
thp_collapse_alloc 9771
thp_collapse_alloc_failed 0
thp_split 17416
thp_zero_page_alloc 1
thp_zero_page_alloc_failed 0
thp_promote 14149
thp_fault_alloc 8056
thp_fault_fallback 18434
thp_collapse_alloc 9771
thp_collapse_alloc_failed 0
thp_split 17416
thp_zero_page_alloc 1
thp_zero_page_alloc_failed 0
thp_promote 14149
thp_fault_alloc 8065
thp_fault_fallback 18434
thp_collapse_alloc 9771
thp_collapse_alloc_failed 0
thp_split 17416
thp_zero_page_alloc 1
thp_zero_page_alloc_failed 0
thp_promote 14149
thp_fault_alloc 8075
thp_fault_fallback 18434
thp_collapse_alloc 9771
thp_collapse_alloc_failed 0
thp_split 17416
thp_zero_page_alloc 1
thp_zero_page_alloc_failed 0
thp_promote 14149
thp_fault_alloc 8085
thp_fault_fallback 18434
thp_collapse_alloc 9771
thp_collapse_alloc_failed 0
thp_split 17416
thp_zero_page_alloc 1
thp_zero_page_alloc_failed 0
thp_promote 14149
thp_fault_alloc 8097
thp_fault_fallback 18434
thp_collapse_alloc 9771
thp_collapse_alloc_failed 0
thp_split 17416
thp_zero_page_alloc 1
thp_zero_page_alloc_failed 0
thp_promote 14149
thp_fault_alloc 8106
thp_fault_fallback 18434
thp_collapse_alloc 9773
thp_collapse_alloc_failed 0
thp_split 17416
thp_zero_page_alloc 1
thp_zero_page_alloc_failed 0
thp_promote 14151
thp_fault_alloc 8117
thp_fault_fallback 18434
thp_collapse_alloc 9773
thp_collapse_alloc_failed 0
thp_split 17416
thp_zero_page_alloc 1
thp_zero_page_alloc_failed 0
thp_promote 14151
thp_fault_alloc 8126
thp_fault_fallback 18434
thp_collapse_alloc 9773
thp_collapse_alloc_failed 0
thp_split 17416
thp_zero_page_alloc 1
thp_zero_page_alloc_failed 0
thp_promote 14151
thp_fault_alloc 8145
thp_fault_fallback 18434
thp_collapse_alloc 9773
thp_collapse_alloc_failed 0
thp_split 17416
thp_zero_page_alloc 1
thp_zero_page_alloc_failed 0
thp_promote 14151
thp_fault_alloc 8154
thp_fault_fallback 18434
thp_collapse_alloc 9773
thp_collapse_alloc_failed 0
thp_split 17416
thp_zero_page_alloc 1
thp_zero_page_alloc_failed 0
thp_promote 14151
thp_fault_alloc 8172
thp_fault_fallback 18434
thp_collapse_alloc 9773
thp_collapse_alloc_failed 0
thp_split 17416
thp_zero_page_alloc 1
thp_zero_page_alloc_failed 0
thp_promote 14151
thp_fault_alloc 8182
thp_fault_fallback 18434
thp_collapse_alloc 9773
thp_collapse_alloc_failed 0
thp_split 17416
thp_zero_page_alloc 1
thp_zero_page_alloc_failed 0
thp_promote 14151
thp_fault_alloc 8193
thp_fault_fallback 18434
thp_collapse_alloc 9773
thp_collapse_alloc_failed 0
thp_split 17416
thp_zero_page_alloc 1
thp_zero_page_alloc_failed 0
thp_promote 14151
thp_fault_alloc 8201
thp_fault_fallback 18434
thp_collapse_alloc 9773
thp_collapse_alloc_failed 0
thp_split 17416
thp_zero_page_alloc 1
thp_zero_page_alloc_failed 0
thp_promote 14151
thp_fault_alloc 8211
thp_fault_fallback 18434
thp_collapse_alloc 9773
thp_collapse_alloc_failed 0
thp_split 17416
thp_zero_page_alloc 1
thp_zero_page_alloc_failed 0
thp_promote 17403
thp_fault_alloc 8221
thp_fault_fallback 18434
thp_collapse_alloc 9773
thp_collapse_alloc_failed 0
thp_split 17416
thp_zero_page_alloc 1
thp_zero_page_alloc_failed 0
thp_promote 17403
thp_fault_alloc 8232
thp_fault_fallback 18434
thp_collapse_alloc 9773
thp_collapse_alloc_failed 0
thp_split 17416
thp_zero_page_alloc 1
thp_zero_page_alloc_failed 0
thp_promote 17403
thp_fault_alloc 8243
thp_fault_fallback 18434
thp_collapse_alloc 9773
thp_collapse_alloc_failed 0
thp_split 17416
thp_zero_page_alloc 1
thp_zero_page_alloc_failed 0
thp_promote 17403
thp_fault_alloc 8252
thp_fault_fallback 18434
thp_collapse_alloc 9773
thp_collapse_alloc_failed 0
thp_split 17416
thp_zero_page_alloc 1
thp_zero_page_alloc_failed 0
thp_promote 17403
thp_fault_alloc 8263
thp_fault_fallback 18434
thp_collapse_alloc 9773
thp_collapse_alloc_failed 0
thp_split 17416
thp_zero_page_alloc 1
thp_zero_page_alloc_failed 0
thp_promote 17403
thp_fault_alloc 8274
thp_fault_fallback 18434
thp_collapse_alloc 9773
thp_collapse_alloc_failed 0
thp_split 17416
thp_zero_page_alloc 1
thp_zero_page_alloc_failed 0
thp_promote 17403
thp_fault_alloc 8284
thp_fault_fallback 18434
thp_collapse_alloc 9773
thp_collapse_alloc_failed 0
thp_split 17416
thp_zero_page_alloc 1
thp_zero_page_alloc_failed 0
thp_promote 17403
thp_fault_alloc 8294
thp_fault_fallback 18434
thp_collapse_alloc 9773
thp_collapse_alloc_failed 0
thp_split 17416
thp_zero_page_alloc 1
thp_zero_page_alloc_failed 0
thp_promote 17403
thp_fault_alloc 8304
thp_fault_fallback 18434
thp_collapse_alloc 9773
thp_collapse_alloc_failed 0
thp_split 17416
thp_zero_page_alloc 1
thp_zero_page_alloc_failed 0
thp_promote 17403
thp_fault_alloc 8314
thp_fault_fallback 18434
thp_collapse_alloc 9773
thp_collapse_alloc_failed 0
thp_split 17416
thp_zero_page_alloc 1
thp_zero_page_alloc_failed 0
thp_promote 17403
thp_fault_alloc 8326
thp_fault_fallback 18434
thp_collapse_alloc 9773
thp_collapse_alloc_failed 0
thp_split 17416
thp_zero_page_alloc 1
thp_zero_page_alloc_failed 0
thp_promote 17403
thp_fault_alloc 8335
thp_fault_fallback 18434
thp_collapse_alloc 9773
thp_collapse_alloc_failed 0
thp_split 17416
thp_zero_page_alloc 1
thp_zero_page_alloc_failed 0
thp_promote 17403
thp_fault_alloc 8346
thp_fault_fallback 18434
thp_collapse_alloc 9773
thp_collapse_alloc_failed 0
thp_split 17416
thp_zero_page_alloc 1
thp_zero_page_alloc_failed 0
thp_promote 17403
thp_fault_alloc 8355
thp_fault_fallback 18434
thp_collapse_alloc 9773
thp_collapse_alloc_failed 0
thp_split 17416
thp_zero_page_alloc 1
thp_zero_page_alloc_failed 0
thp_promote 17403
thp_fault_alloc 8364
thp_fault_fallback 18434
thp_collapse_alloc 9773
thp_collapse_alloc_failed 0
thp_split 17416
thp_zero_page_alloc 1
thp_zero_page_alloc_failed 0
thp_promote 17403
thp_fault_alloc 8373
thp_fault_fallback 18434
thp_collapse_alloc 9773
thp_collapse_alloc_failed 0
thp_split 17416
thp_zero_page_alloc 1
thp_zero_page_alloc_failed 0
thp_promote 17403
thp_fault_alloc 8385
thp_fault_fallback 18434
thp_collapse_alloc 9773
thp_collapse_alloc_failed 0
thp_split 17416
thp_zero_page_alloc 1
thp_zero_page_alloc_failed 0
thp_promote 17403
thp_fault_alloc 8394
thp_fault_fallback 18434
thp_collapse_alloc 9773
thp_collapse_alloc_failed 0
thp_split 17416
thp_zero_page_alloc 1
thp_zero_page_alloc_failed 0
thp_promote 17403
thp_fault_alloc 8404
thp_fault_fallback 18434
thp_collapse_alloc 9773
thp_collapse_alloc_failed 0
thp_split 17416
thp_zero_page_alloc 1
thp_zero_page_alloc_failed 0
thp_promote 17403
thp_fault_alloc 8414
thp_fault_fallback 18434
thp_collapse_alloc 9773
thp_collapse_alloc_failed 0
thp_split 17416
thp_zero_page_alloc 1
thp_zero_page_alloc_failed 0
thp_promote 17403
thp_fault_alloc 8424
thp_fault_fallback 18434
thp_collapse_alloc 9773
thp_collapse_alloc_failed 0
thp_split 17416
thp_zero_page_alloc 1
thp_zero_page_alloc_failed 0
thp_promote 17403
thp_fault_alloc 8433
thp_fault_fallback 18434
thp_collapse_alloc 9773
thp_collapse_alloc_failed 0
thp_split 17416
thp_zero_page_alloc 1
thp_zero_page_alloc_failed 0
thp_promote 17403
thp_fault_alloc 8444
thp_fault_fallback 18434
thp_collapse_alloc 9773
thp_collapse_alloc_failed 0
thp_split 17416
thp_zero_page_alloc 1
thp_zero_page_alloc_failed 0
thp_promote 17403
thp_fault_alloc 8454
thp_fault_fallback 18434
thp_collapse_alloc 9773
thp_collapse_alloc_failed 0
thp_split 17416
thp_zero_page_alloc 1
thp_zero_page_alloc_failed 0
thp_promote 17403
thp_fault_alloc 8464
thp_fault_fallback 18434
thp_collapse_alloc 9773
thp_collapse_alloc_failed 0
thp_split 17416
thp_zero_page_alloc 1
thp_zero_page_alloc_failed 0
thp_promote 17403
thp_fault_alloc 8475
thp_fault_fallback 18434
thp_collapse_alloc 9773
thp_collapse_alloc_failed 0
thp_split 17416
thp_zero_page_alloc 1
thp_zero_page_alloc_failed 0
thp_promote 17403
thp_fault_alloc 8483
thp_fault_fallback 18434
thp_collapse_alloc 9773
thp_collapse_alloc_failed 0
thp_split 17416
thp_zero_page_alloc 1
thp_zero_page_alloc_failed 0
thp_promote 17403
thp_fault_alloc 8494
thp_fault_fallback 18434
thp_collapse_alloc 9773
thp_collapse_alloc_failed 0
thp_split 17416
thp_zero_page_alloc 1
thp_zero_page_alloc_failed 0
thp_promote 17403
thp_fault_alloc 8503
thp_fault_fallback 18434
thp_collapse_alloc 9773
thp_collapse_alloc_failed 0
thp_split 17416
thp_zero_page_alloc 1
thp_zero_page_alloc_failed 0
thp_promote 17403
thp_fault_alloc 8514
thp_fault_fallback 18434
thp_collapse_alloc 9773
thp_collapse_alloc_failed 0
thp_split 17416
thp_zero_page_alloc 1
thp_zero_page_alloc_failed 0
thp_promote 17403
thp_fault_alloc 8523
thp_fault_fallback 18434
thp_collapse_alloc 9773
thp_collapse_alloc_failed 0
thp_split 17416
thp_zero_page_alloc 1
thp_zero_page_alloc_failed 0
thp_promote 17403
thp_fault_alloc 8533
thp_fault_fallback 18434
thp_collapse_alloc 9773
thp_collapse_alloc_failed 0
thp_split 17416
thp_zero_page_alloc 1
thp_zero_page_alloc_failed 0
thp_promote 17403
thp_fault_alloc 8542
thp_fault_fallback 18434
thp_collapse_alloc 9773
thp_collapse_alloc_failed 0
thp_split 17416
thp_zero_page_alloc 1
thp_zero_page_alloc_failed 0
thp_promote 17403
thp_fault_alloc 8553
thp_fault_fallback 18434
thp_collapse_alloc 9773
thp_collapse_alloc_failed 0
thp_split 17416
thp_zero_page_alloc 1
thp_zero_page_alloc_failed 0
thp_promote 17403
thp_fault_alloc 8562
thp_fault_fallback 18434
thp_collapse_alloc 9773
thp_collapse_alloc_failed 0
thp_split 17416
thp_zero_page_alloc 1
thp_zero_page_alloc_failed 0
thp_promote 17403
thp_fault_alloc 8574
thp_fault_fallback 18434
thp_collapse_alloc 9773
thp_collapse_alloc_failed 0
thp_split 17416
thp_zero_page_alloc 1
thp_zero_page_alloc_failed 0
thp_promote 17403
thp_fault_alloc 8584
thp_fault_fallback 18434
thp_collapse_alloc 9773
thp_collapse_alloc_failed 0
thp_split 17416
thp_zero_page_alloc 1
thp_zero_page_alloc_failed 0
thp_promote 17403
thp_fault_alloc 8595
thp_fault_fallback 18434
thp_collapse_alloc 9773
thp_collapse_alloc_failed 0
thp_split 17416
thp_zero_page_alloc 1
thp_zero_page_alloc_failed 0
thp_promote 17403
thp_fault_alloc 8605
thp_fault_fallback 18434
thp_collapse_alloc 9773
thp_collapse_alloc_failed 0
thp_split 17416
thp_zero_page_alloc 1
thp_zero_page_alloc_failed 0
thp_promote 17403
thp_fault_alloc 8615
thp_fault_fallback 18434
thp_collapse_alloc 9773
thp_collapse_alloc_failed 0
thp_split 17416
thp_zero_page_alloc 1
thp_zero_page_alloc_failed 0
thp_promote 17403
thp_fault_alloc 8625
thp_fault_fallback 18434
thp_collapse_alloc 9773
thp_collapse_alloc_failed 0
thp_split 17416
thp_zero_page_alloc 1
thp_zero_page_alloc_failed 0
thp_promote 17403
thp_fault_alloc 8635
thp_fault_fallback 18434
thp_collapse_alloc 9773
thp_collapse_alloc_failed 0
thp_split 17416
thp_zero_page_alloc 1
thp_zero_page_alloc_failed 0
thp_promote 17403
thp_fault_alloc 8646
thp_fault_fallback 18434
thp_collapse_alloc 9773
thp_collapse_alloc_failed 0
thp_split 17416
thp_zero_page_alloc 1
thp_zero_page_alloc_failed 0
thp_promote 17403
thp_fault_alloc 8655
thp_fault_fallback 18434
thp_collapse_alloc 9773
thp_collapse_alloc_failed 0
thp_split 17416
thp_zero_page_alloc 1
thp_zero_page_alloc_failed 0
thp_promote 17403
thp_fault_alloc 8666
thp_fault_fallback 18434
thp_collapse_alloc 9773
thp_collapse_alloc_failed 0
thp_split 17416
thp_zero_page_alloc 1
thp_zero_page_alloc_failed 0
thp_promote 17403
thp_fault_alloc 8675
thp_fault_fallback 18434
thp_collapse_alloc 9773
thp_collapse_alloc_failed 0
thp_split 17416
thp_zero_page_alloc 1
thp_zero_page_alloc_failed 0
thp_promote 17403
thp_fault_alloc 8685
thp_fault_fallback 18434
thp_collapse_alloc 9773
thp_collapse_alloc_failed 0
thp_split 17416
thp_zero_page_alloc 1
thp_zero_page_alloc_failed 0
thp_promote 17403
thp_fault_alloc 8694
thp_fault_fallback 18434
thp_collapse_alloc 9773
thp_collapse_alloc_failed 0
thp_split 17416
thp_zero_page_alloc 1
thp_zero_page_alloc_failed 0
thp_promote 17403
thp_fault_alloc 8703
thp_fault_fallback 18434
thp_collapse_alloc 9773
thp_collapse_alloc_failed 0
thp_split 17416
thp_zero_page_alloc 1
thp_zero_page_alloc_failed 0
thp_promote 17403
thp_fault_alloc 8712
thp_fault_fallback 18434
thp_collapse_alloc 9773
thp_collapse_alloc_failed 0
thp_split 17416
thp_zero_page_alloc 1
thp_zero_page_alloc_failed 0
thp_promote 17403
thp_fault_alloc 8724
thp_fault_fallback 18434
thp_collapse_alloc 9773
thp_collapse_alloc_failed 0
thp_split 17416
thp_zero_page_alloc 1
thp_zero_page_alloc_failed 0
thp_promote 17403
thp_fault_alloc 8731
thp_fault_fallback 18434
thp_collapse_alloc 9773
thp_collapse_alloc_failed 0
thp_split 17416
thp_zero_page_alloc 1
thp_zero_page_alloc_failed 0
thp_promote 17403
thp_fault_alloc 8738
thp_fault_fallback 18434
thp_collapse_alloc 9773
thp_collapse_alloc_failed 0
thp_split 17416
thp_zero_page_alloc 1
thp_zero_page_alloc_failed 0
thp_promote 17403
thp_fault_alloc 8745
thp_fault_fallback 18434
thp_collapse_alloc 9773
thp_collapse_alloc_failed 0
thp_split 17416
thp_zero_page_alloc 1
thp_zero_page_alloc_failed 0
thp_promote 17403
thp_fault_alloc 8752
thp_fault_fallback 18434
thp_collapse_alloc 9773
thp_collapse_alloc_failed 0
thp_split 17416
thp_zero_page_alloc 1
thp_zero_page_alloc_failed 0
thp_promote 17403
thp_fault_alloc 8759
thp_fault_fallback 18434
thp_collapse_alloc 9773
thp_collapse_alloc_failed 0
thp_split 17416
thp_zero_page_alloc 1
thp_zero_page_alloc_failed 0
thp_promote 17403
thp_fault_alloc 8765
thp_fault_fallback 18445
thp_collapse_alloc 9773
thp_collapse_alloc_failed 0
thp_split 17427
thp_zero_page_alloc 1
thp_zero_page_alloc_failed 0
thp_promote 17403
thp_fault_alloc 8771
thp_fault_fallback 18445
thp_collapse_alloc 9773
thp_collapse_alloc_failed 0
thp_split 17427
thp_zero_page_alloc 1
thp_zero_page_alloc_failed 0
thp_promote 17403
thp_fault_alloc 8779
thp_fault_fallback 18445
thp_collapse_alloc 9773
thp_collapse_alloc_failed 0
thp_split 17427
thp_zero_page_alloc 1
thp_zero_page_alloc_failed 0
thp_promote 17403
thp_fault_alloc 8786
thp_fault_fallback 18445
thp_collapse_alloc 9773
thp_collapse_alloc_failed 0
thp_split 17427
thp_zero_page_alloc 1
thp_zero_page_alloc_failed 0
thp_promote 17403
thp_fault_alloc 8794
thp_fault_fallback 18445
thp_collapse_alloc 9773
thp_collapse_alloc_failed 0
thp_split 17427
thp_zero_page_alloc 1
thp_zero_page_alloc_failed 0
thp_promote 17403
thp_fault_alloc 8800
thp_fault_fallback 18445
thp_collapse_alloc 9773
thp_collapse_alloc_failed 0
thp_split 17427
thp_zero_page_alloc 1
thp_zero_page_alloc_failed 0
thp_promote 17403
thp_fault_alloc 8807
thp_fault_fallback 18445
thp_collapse_alloc 9773
thp_collapse_alloc_failed 0
thp_split 17427
thp_zero_page_alloc 1
thp_zero_page_alloc_failed 0
thp_promote 17403
thp_fault_alloc 8814
thp_fault_fallback 18445
thp_collapse_alloc 9773
thp_collapse_alloc_failed 0
thp_split 17427
thp_zero_page_alloc 1
thp_zero_page_alloc_failed 0
thp_promote 17403
thp_fault_alloc 8821
thp_fault_fallback 18445
thp_collapse_alloc 9773
thp_collapse_alloc_failed 0
thp_split 17427
thp_zero_page_alloc 1
thp_zero_page_alloc_failed 0
thp_promote 17403
thp_fault_alloc 8835
thp_fault_fallback 18445
thp_collapse_alloc 9773
thp_collapse_alloc_failed 0
thp_split 17427
thp_zero_page_alloc 1
thp_zero_page_alloc_failed 0
thp_promote 17403
thp_fault_alloc 8842
thp_fault_fallback 18445
thp_collapse_alloc 9773
thp_collapse_alloc_failed 0
thp_split 17427
thp_zero_page_alloc 1
thp_zero_page_alloc_failed 0
thp_promote 17403
thp_fault_alloc 8849
thp_fault_fallback 18445
thp_collapse_alloc 9773
thp_collapse_alloc_failed 0
thp_split 17427
thp_zero_page_alloc 1
thp_zero_page_alloc_failed 0
thp_promote 17403
thp_fault_alloc 8855
thp_fault_fallback 18445
thp_collapse_alloc 9773
thp_collapse_alloc_failed 0
thp_split 17427
thp_zero_page_alloc 1
thp_zero_page_alloc_failed 0
thp_promote 17403
thp_fault_alloc 8862
thp_fault_fallback 18445
thp_collapse_alloc 9773
thp_collapse_alloc_failed 0
thp_split 17427
thp_zero_page_alloc 1
thp_zero_page_alloc_failed 0
thp_promote 17403
thp_fault_alloc 8868
thp_fault_fallback 18445
thp_collapse_alloc 9773
thp_collapse_alloc_failed 0
thp_split 17427
thp_zero_page_alloc 1
thp_zero_page_alloc_failed 0
thp_promote 17403
thp_fault_alloc 8874
thp_fault_fallback 18445
thp_collapse_alloc 9773
thp_collapse_alloc_failed 0
thp_split 17427
thp_zero_page_alloc 1
thp_zero_page_alloc_failed 0
thp_promote 17403
thp_fault_alloc 8881
thp_fault_fallback 18445
thp_collapse_alloc 9773
thp_collapse_alloc_failed 0
thp_split 17427
thp_zero_page_alloc 1
thp_zero_page_alloc_failed 0
thp_promote 17403
thp_fault_alloc 8887
thp_fault_fallback 18445
thp_collapse_alloc 9773
thp_collapse_alloc_failed 0
thp_split 17427
thp_zero_page_alloc 1
thp_zero_page_alloc_failed 0
thp_promote 17403
thp_fault_alloc 8893
thp_fault_fallback 18445
thp_collapse_alloc 9773
thp_collapse_alloc_failed 0
thp_split 17427
thp_zero_page_alloc 1
thp_zero_page_alloc_failed 0
thp_promote 17403
thp_fault_alloc 8900
thp_fault_fallback 18445
thp_collapse_alloc 9773
thp_collapse_alloc_failed 0
thp_split 17427
thp_zero_page_alloc 1
thp_zero_page_alloc_failed 0
thp_promote 17403
thp_fault_alloc 8907
thp_fault_fallback 18445
thp_collapse_alloc 9773
thp_collapse_alloc_failed 0
thp_split 17427
thp_zero_page_alloc 1
thp_zero_page_alloc_failed 0
thp_promote 17403
thp_fault_alloc 8913
thp_fault_fallback 18445
thp_collapse_alloc 9773
thp_collapse_alloc_failed 0
thp_split 17427
thp_zero_page_alloc 1
thp_zero_page_alloc_failed 0
thp_promote 17403
thp_fault_alloc 8919
thp_fault_fallback 18445
thp_collapse_alloc 9773
thp_collapse_alloc_failed 0
thp_split 17427
thp_zero_page_alloc 1
thp_zero_page_alloc_failed 0
thp_promote 17403
thp_fault_alloc 8926
thp_fault_fallback 18445
thp_collapse_alloc 9773
thp_collapse_alloc_failed 0
thp_split 17427
thp_zero_page_alloc 1
thp_zero_page_alloc_failed 0
thp_promote 17403
thp_fault_alloc 8933
thp_fault_fallback 18445
thp_collapse_alloc 9773
thp_collapse_alloc_failed 0
thp_split 17427
thp_zero_page_alloc 1
thp_zero_page_alloc_failed 0
thp_promote 17403
thp_fault_alloc 8940
thp_fault_fallback 18447
thp_collapse_alloc 9773
thp_collapse_alloc_failed 0
thp_split 17429
thp_zero_page_alloc 1
thp_zero_page_alloc_failed 0
thp_promote 17403
thp_fault_alloc 8947
thp_fault_fallback 18447
thp_collapse_alloc 9773
thp_collapse_alloc_failed 0
thp_split 17429
thp_zero_page_alloc 1
thp_zero_page_alloc_failed 0
thp_promote 17403
thp_fault_alloc 8953
thp_fault_fallback 18447
thp_collapse_alloc 9773
thp_collapse_alloc_failed 0
thp_split 17429
thp_zero_page_alloc 1
thp_zero_page_alloc_failed 0
thp_promote 17403
thp_fault_alloc 8960
thp_fault_fallback 18447
thp_collapse_alloc 9773
thp_collapse_alloc_failed 0
thp_split 17429
thp_zero_page_alloc 1
thp_zero_page_alloc_failed 0
thp_promote 17403
thp_fault_alloc 8966
thp_fault_fallback 18449
thp_collapse_alloc 9773
thp_collapse_alloc_failed 0
thp_split 17431
thp_zero_page_alloc 1
thp_zero_page_alloc_failed 0
thp_promote 17403
thp_fault_alloc 8974
thp_fault_fallback 18449
thp_collapse_alloc 9773
thp_collapse_alloc_failed 0
thp_split 17431
thp_zero_page_alloc 1
thp_zero_page_alloc_failed 0
thp_promote 17403
thp_fault_alloc 8981
thp_fault_fallback 18449
thp_collapse_alloc 9773
thp_collapse_alloc_failed 0
thp_split 17431
thp_zero_page_alloc 1
thp_zero_page_alloc_failed 0
thp_promote 17403
thp_fault_alloc 9002
thp_fault_fallback 18449
thp_collapse_alloc 9773
thp_collapse_alloc_failed 0
thp_split 17431
thp_zero_page_alloc 1
thp_zero_page_alloc_failed 0
thp_promote 17403
thp_fault_alloc 9052
thp_fault_fallback 18449
thp_collapse_alloc 9773
thp_collapse_alloc_failed 0
thp_split 17431
thp_zero_page_alloc 1
thp_zero_page_alloc_failed 0
thp_promote 17403
thp_fault_alloc 9059
thp_fault_fallback 18449
thp_collapse_alloc 9773
thp_collapse_alloc_failed 0
thp_split 17431
thp_zero_page_alloc 1
thp_zero_page_alloc_failed 0
thp_promote 17403
thp_fault_alloc 9123
thp_fault_fallback 18449
thp_collapse_alloc 9773
thp_collapse_alloc_failed 0
thp_split 17431
thp_zero_page_alloc 1
thp_zero_page_alloc_failed 0
thp_promote 17403
thp_fault_alloc 9131
thp_fault_fallback 18449
thp_collapse_alloc 9773
thp_collapse_alloc_failed 0
thp_split 17431
thp_zero_page_alloc 1
thp_zero_page_alloc_failed 0
thp_promote 17403
thp_fault_alloc 9139
thp_fault_fallback 18449
thp_collapse_alloc 9773
thp_collapse_alloc_failed 0
thp_split 17431
thp_zero_page_alloc 1
thp_zero_page_alloc_failed 0
thp_promote 17403
thp_fault_alloc 9261
thp_fault_fallback 18449
thp_collapse_alloc 9773
thp_collapse_alloc_failed 0
thp_split 17431
thp_zero_page_alloc 1
thp_zero_page_alloc_failed 0
thp_promote 17403
thp_fault_alloc 9269
thp_fault_fallback 18449
thp_collapse_alloc 9773
thp_collapse_alloc_failed 0
thp_split 17431
thp_zero_page_alloc 1
thp_zero_page_alloc_failed 0
thp_promote 17403
thp_fault_alloc 9277
thp_fault_fallback 18449
thp_collapse_alloc 9773
thp_collapse_alloc_failed 0
thp_split 17431
thp_zero_page_alloc 1
thp_zero_page_alloc_failed 0
thp_promote 17403
thp_fault_alloc 9283
thp_fault_fallback 18449
thp_collapse_alloc 9773
thp_collapse_alloc_failed 0
thp_split 17431
thp_zero_page_alloc 1
thp_zero_page_alloc_failed 0
thp_promote 17403
thp_fault_alloc 9290
thp_fault_fallback 18449
thp_collapse_alloc 9773
thp_collapse_alloc_failed 0
thp_split 17431
thp_zero_page_alloc 1
thp_zero_page_alloc_failed 0
thp_promote 17403
thp_fault_alloc 9297
thp_fault_fallback 18449
thp_collapse_alloc 9773
thp_collapse_alloc_failed 0
thp_split 17431
thp_zero_page_alloc 1
thp_zero_page_alloc_failed 0
thp_promote 17403
thp_fault_alloc 9304
thp_fault_fallback 18449
thp_collapse_alloc 9773
thp_collapse_alloc_failed 0
thp_split 17431
thp_zero_page_alloc 1
thp_zero_page_alloc_failed 0
thp_promote 17403
thp_fault_alloc 9531
thp_fault_fallback 18449
thp_collapse_alloc 9773
thp_collapse_alloc_failed 0
thp_split 17431
thp_zero_page_alloc 1
thp_zero_page_alloc_failed 0
thp_promote 17403
thp_fault_alloc 9546
thp_fault_fallback 18449
thp_collapse_alloc 9773
thp_collapse_alloc_failed 0
thp_split 17431
thp_zero_page_alloc 1
thp_zero_page_alloc_failed 0
thp_promote 17403
thp_fault_alloc 9552
thp_fault_fallback 18449
thp_collapse_alloc 9773
thp_collapse_alloc_failed 0
thp_split 17431
thp_zero_page_alloc 1
thp_zero_page_alloc_failed 0
thp_promote 17403
thp_fault_alloc 9560
thp_fault_fallback 18449
thp_collapse_alloc 9773
thp_collapse_alloc_failed 0
thp_split 17431
thp_zero_page_alloc 1
thp_zero_page_alloc_failed 0
thp_promote 17403
thp_fault_alloc 9567
thp_fault_fallback 18449
thp_collapse_alloc 9773
thp_collapse_alloc_failed 0
thp_split 17431
thp_zero_page_alloc 1
thp_zero_page_alloc_failed 0
thp_promote 17403
thp_fault_alloc 9573
thp_fault_fallback 18449
thp_collapse_alloc 9773
thp_collapse_alloc_failed 0
thp_split 17431
thp_zero_page_alloc 1
thp_zero_page_alloc_failed 0
thp_promote 17403
thp_fault_alloc 9580
thp_fault_fallback 18449
thp_collapse_alloc 9773
thp_collapse_alloc_failed 0
thp_split 17431
thp_zero_page_alloc 1
thp_zero_page_alloc_failed 0
thp_promote 17403
thp_fault_alloc 9586
thp_fault_fallback 18449
thp_collapse_alloc 9773
thp_collapse_alloc_failed 0
thp_split 17431
thp_zero_page_alloc 1
thp_zero_page_alloc_failed 0
thp_promote 17403
thp_fault_alloc 9592
thp_fault_fallback 18449
thp_collapse_alloc 9773
thp_collapse_alloc_failed 0
thp_split 17431
thp_zero_page_alloc 1
thp_zero_page_alloc_failed 0
thp_promote 17403
thp_fault_alloc 9600
thp_fault_fallback 18449
thp_collapse_alloc 9773
thp_collapse_alloc_failed 0
thp_split 17431
thp_zero_page_alloc 1
thp_zero_page_alloc_failed 0
thp_promote 17403
thp_fault_alloc 9606
thp_fault_fallback 18449
thp_collapse_alloc 9773
thp_collapse_alloc_failed 0
thp_split 17431
thp_zero_page_alloc 1
thp_zero_page_alloc_failed 0
thp_promote 17403
thp_fault_alloc 9612
thp_fault_fallback 18449
thp_collapse_alloc 9773
thp_collapse_alloc_failed 0
thp_split 17431
thp_zero_page_alloc 1
thp_zero_page_alloc_failed 0
thp_promote 17403
thp_fault_alloc 9620
thp_fault_fallback 18449
thp_collapse_alloc 9773
thp_collapse_alloc_failed 0
thp_split 17431
thp_zero_page_alloc 1
thp_zero_page_alloc_failed 0
thp_promote 17403
thp_fault_alloc 9634
thp_fault_fallback 18449
thp_collapse_alloc 9773
thp_collapse_alloc_failed 0
thp_split 17431
thp_zero_page_alloc 1
thp_zero_page_alloc_failed 0
thp_promote 17403
thp_fault_alloc 9937
thp_fault_fallback 18449
thp_collapse_alloc 9773
thp_collapse_alloc_failed 0
thp_split 17431
thp_zero_page_alloc 1
thp_zero_page_alloc_failed 0
thp_promote 17403
thp_fault_alloc 10105
thp_fault_fallback 18449
thp_collapse_alloc 9773
thp_collapse_alloc_failed 0
thp_split 17431
thp_zero_page_alloc 1
thp_zero_page_alloc_failed 0
thp_promote 17403
