11400628 2048
11402676 6144
11406772 8192
11408820 10240
11410868 14336
11414964 16384
11419060 20480
11421108 22528
11425204 26624
11429300 30720
11433396 34816
11437492 38912
11441588 43008
11447732 49152
11451828 53248
11457972 59392
11462068 63488
11468212 69632
11474356 75776
11478452 81920
11484596 86016
11490740 92160
11496884 98304
11503028 104448
11509172 110592
11515316 116736
11521460 122880
11527604 129024
11533748 135168
11539892 141312
11543988 1236992
11564468 1255424
11570612 1261568
11580852 1271808
11586996 1277952
11593140 1284096
11599284 5535744
11603380 5539840
11607476 5545984
11613620 5550080
11619764 5556224
11625908 5562368
11630004 5568512
11636148 5572608
11642292 5578752
11648436 5584896
11652532 5588992
11658676 6418432
11664820 6424576
11668916 6428672
11675060 6434816
11681204 6440960
11685300 6445056
11691444 6451200
11697588 6457344
11701684 6461440
11707828 6467584
11711924 6522880
11718068 6529024
11722164 6535168
11728308 6539264
11734452 6545408
11738548 6549504
11744692 6555648
11748788 6559744
11754932 6565888
11759028 6569984
11765172 6582272
11769268 6586368
11773364 6590464
11779508 6596608
11783604 6600704
11787700 6604800
11793844 6610944
11797940 6615040
11802036 6619136
11806132 11802624
11812276 11808768
11816372 11812864
11820468 11816960
11826612 11823104
11830708 11827200
11834804 11831296
11840948 11837440
11845044 11841536
11849140 11845632
11855284 11851776
11859380 11855872
11863476 11859968
11867572 11864064
11871668 11868160
11877812 11874304
11881908 11878400
11886004 11882496
11890100 11886592
11894196 11890688
11898292 11894784
11902388 11898880
11906484 11902976
11910580 11907072
11914676 11911168
11918772 11915264
11922868 11919360
11926964 11925504
11931060 11927552
11935156 11931648
11939252 11935744
11943348 11939840
11947444 11943936
11951540 11948032
11955636 11952128
11959732 11956224
11963828 11960320
11967924 11964416
11972020 11968512
11976116 11972608
11980212 11976704
11982260 11978752
11986356 11982848
11990452 11986944
11994548 11991040
11998644 11995136
12002740 11999232
12004788 12001280
12008884 12005376
12012980 12009472
12015028 12011520
12019124 12015616
12021172 12017664
12023220 2048
12023220 2048
12023220 2048
12025268 4096
12025268 4096
12027316 6144
12027316 8192
12029364 8192
12031412 10240
12033460 12288
12033460 12288
12035508 14336
12037556 16384
12039604 18432
12041652 20480
12045748 24576
12047796 26624
12049844 28672
12051892 30720
12055988 34816
12058036 36864
12060084 38912
12064180 43008
12066228 753664
12068276 755712
12070324 757760
12074420 761856
12076468 763904
12080564 768000
12082612 770048
12090804 2465792
12092852 5183488
12096948 5187584
12098996 5189632
12101044 5191680
12105140 5195776
12107188 5197824
12109236 5199872
12113332 5203968
12115380 5206016
12117428 5208064
12121524 5574656
12123572 5576704
12125620 5578752
12127668 5580800
12129716 5584896
12133812 5586944
12135860 5588992
12137908 5591040
12139956 5593088
12144052 5607424
12146100 5609472
12148148 5611520
12150196 5613568
12152244 5615616
12156340 5619712
12158388 5621760
12160436 5623808
12162484 5625856
12164532 5797888
12166580 5799936
12168628 5801984
12170676 5804032
12172724 5806080
12174772 5808128
12176820 5810176
12178868 5812224
12180916 5814272
12182964 5816320
12185012 6123520
12187060 6125568
12189108 6127616
12191156 6131712
12195252 6133760
12197300 6135808
12199348 6137856
12201396 6139904
12203444 6141952
12205492 12201984
12207540 12204032
12209588 12206080
12211636 12208128
12213684 12210176
12215732 12212224
12217780 12214272
12219828 12216320
12221876 12218368
12223924 12220416
12225972 12222464
12228020 12224512
12230068 12226560
12232116 12228608
12234164 12230656
12236212 12232704
12238260 12234752
12240308 12236800
12242356 12238848
12244404 12240896
12246452 12242944
12248500 12244992
12250548 12247040
12252596 12249088
12254644 12251136
12256692 12253184
12258740 12255232
12260788 12257280
12262836 12259328
12264884 12261376
12266932 12263424
12268980 12265472
12271028 12267520
12271028 12267520
12273076 12269568
12275124 12271616
12277172 12273664
12279220 12275712
12281268 12277760
12283316 12279808
12285364 12281856
12285364 12281856
12287412 12283904
12289460 12285952
12291508 12288000
12293556 12290048
12295604 12292096
12295604 12292096
12297652 12294144
12299700 12296192
12301748 12298240
12303796 12300288
12303796 12300288
12305844 12302336
12307892 12304384
12309940 12306432
12309940 38912
12309940 0
12309940 0
12309940 0
12311988 2048
12311988 2048
12311988 2048
12311988 2048
12314036 4096
12314036 4096
12314036 4096
12316084 6144
12316084 6144
12316084 6144
12318132 8192
12318132 8192
12320180 10240
12320180 10240
12322228 12288
12324276 14336
12324276 65536
12326324 67584
12326324 67584
12328372 69632
12330420 71680
12330420 71680
12332468 73728
12334516 75776
12334516 75776
12336564 4984832
12336564 4984832
12338612 4986880
12338612 4986880
12340660 4988928
12342708 4990976
12342708 4990976
12344756 4993024
12344756 4993024
12346804 4995072
12346804 5652480
12348852 5652480
12350900 5654528
12350900 5654528
12352948 5656576
12352948 5656576
12354996 5658624
12357044 5660672
12357044 5660672
12359092 5662720
12359092 5675008
12361140 5677056
12361140 5677056
12363188 5679104
12363188 5679104
12365236 5681152
12367284 5683200
12367284 5683200
12369332 5685248
12369332 5685248
12371380 5687296
12371380 5687296
12373428 5689344
12373428 5689344
12375476 5691392
12375476 5691392
12377524 5693440
12377524 5693440
12379572 5695488
12379572 5695488
12381620 5697536
12381620 5697536
12383668 5699584
12383668 5699584
12385716 5701632
12385716 5701632
12387764 5703680
12387764 5703680
12389812 12386304
12389812 12386304
12391860 12388352
12391860 12388352
12393908 12390400
12393908 12390400
12395956 12392448
12398004 12394496
12398004 12394496
12400052 12396544
12400052 12396544
12400052 12396544
12400052 12396544
12400052 12396544
12400052 12396544
12400052 12396544
12400052 12396544
12400052 12396544
12400052 12396544
12400052 12396544
12400052 12396544
12400052 12396544
12400052 12396544
12400052 12396544
12400052 12396544
12400052 12396544
12400052 12396544
12400052 12396544
12400052 12396544
12400052 12396544
12400052 12396544
12400052 12396544
12400052 12396544
12400052 12396544
12400052 12396544
12400052 12396544
12400052 12396544
12400052 12396544
12400052 12396544
12400052 12396544
12400052 12396544
12400052 12396544
12400052 12396544
12400052 12396544
12400052 12396544
12400052 12396544
12400052 12396544
12400052 12396544
12400052 12396544
12400052 12396544
12400052 12396544
12400052 12396544
12400052 12396544
12400052 12396544
12400052 12396544
12400052 12396544
12400052 12396544
12400052 12382208
12400052 12371968
12400052 12371968
12400052 12371968
12400052 12371968
12400052 12371968
12400052 12371968
12400052 12371968
12400052 12371968
12400052 12371968
12400052 12371968
12400052 12371968
12400052 12367872
12400052 12367872
12400052 12367872
12400052 12367872
12400052 12367872
12400052 12367872
12400052 12367872
12400052 12367872
12400052 12367872
12400052 12367872
12400052 12367872
12400052 12367872
