1044
1044
1044
1044
1044
1044
1044
1044
1044
1044
1044
1044
1044
1044
1044
1044
1044
1044
1044
1044
1044
1044
1044
1044
1044
1044
1044
1044
1044
1044
1607
1607
1607
1607
1607
1607
1907
3126
3703
3703
3703
3703
3703
3703
3703
3703
3703
3823
4052
4052
4052
4052
4052
4052
4052
4052
4052
4077
4077
4077
4077
4077
4077
4077
4077
4077
4077
4080
4080
4080
4080
4080
4080
4080
4080
4080
4080
4080
4080
4080
4080
4080
4080
4080
4080
4080
4082
4082
4082
4082
4082
4082
4082
4082
4082
4082
4082
4082
4082
4082
4082
4082
4082
4082
4082
4082
4083
4083
4083
4083
4083
4083
4083
4083
4083
4083
4083
4083
4083
4083
4083
4083
4083
4083
4083
4083
4084
4084
4084
4084
4084
4084
4084
4084
4084
4084
4084
4084
4084
4084
4084
4084
4084
4084
4084
4084
4084
4084
4084
4084
4084
4084
4451
4451
4451
4451
4451
4451
4451
4451
5782
6595
6595
6595
6595
6595
6595
6595
6595
6595
6757
6757
6757
6757
6757
6757
6757
6757
6757
6762
6762
6762
6762
6762
6762
6762
6762
6762
6845
6845
6845
6845
6845
6845
6845
6845
6845
6845
6987
6987
6987
6987
6987
6987
6987
6987
6987
6988
6988
6988
6988
6988
6988
6988
6988
6988
6988
6988
6988
6988
6988
6988
6988
6988
6988
6988
6988
6988
6988
6988
6988
6988
6988
6988
6988
6988
6988
6988
6988
6988
6988
6988
6988
6988
6988
6988
6988
6988
6988
6988
6988
6988
6988
6988
6988
6988
6988
6988
6988
6988
6988
6988
6988
6988
6988
6988
6988
6988
6988
6988
6988
6988
6988
6988
6988
6988
6988
6988
6988
6988
6988
6988
6988
7014
7014
7014
7014
7014
7014
7014
7014
7014
9086
9439
9439
9439
9439
9439
9439
9439
9439
9439
9729
9729
9729
9729
9729
9729
9729
9729
9729
9729
9735
9735
9735
9735
9735
9735
9735
9735
9735
9735
9735
9735
9735
9735
9735
9735
9735
9735
9735
9735
9735
9735
9735
9735
9735
9735
9735
9735
9735
9735
9735
9735
9735
9735
9735
9735
9735
9735
9735
9735
9735
9735
9735
9735
9735
9735
9735
9735
9735
9735
9735
9735
9735
9735
9735
9735
9735
9735
9735
9735
9735
9735
9735
9735
9735
9735
9735
9735
9735
9735
9735
9735
9735
9735
9735
9735
9735
9735
9735
9735
9735
9735
9735
9735
9735
9735
9735
9735
9735
9735
9735
9735
9735
9735
9735
9735
9735
9735
9735
9735
9735
9735
9735
9735
9735
9735
9735
9735
9735
