0
0
0
0
0
0
0
0
0
0
0
8
0
0
0
0
0
0
0
0
0
1
0
0
0
0
0
0
0
0
0
10
0
0
0
0
0
0
0
0
0
0
0
0
0
0
0
0
0
0
0
19
0
0
0
0
0
0
0
0
0
73
0
0
0
0
0
0
0
0
0
11
0
0
0
0
0
0
0
0
0
1
0
0
0
0
0
0
0
0
2
0
0
0
0
0
0
0
0
0
0
0
0
0
0
0
0
0
0
0
16
0
0
0
0
0
0
0
0
0
2
0
0
0
0
0
0
0
0
0
0
0
0
0
0
0
0
0
0
0
0
0
0
0
0
0
0
0
0
18
0
0
0
0
0
0
0
0
0
21
0
0
0
0
0
0
0
0
2
0
0
0
0
0
0
0
0
0
85
0
0
0
0
0
0
0
0
0
57
0
0
0
0
0
0
0
0
0
3
0
0
0
0
0
0
0
0
0
0
0
0
0
0
0
0
0
0
0
0
0
0
0
0
0
0
0
0
0
0
0
0
0
0
0
0
0
0
0
0
0
0
0
0
0
0
0
0
0
0
0
0
0
0
0
0
0
0
1
0
0
0
0
0
0
0
24
0
0
0
0
0
0
0
0
16
0
0
0
0
0
0
0
0
42
0
0
0
0
0
0
0
0
54
100
0
0
0
0
0
0
0
0
27
0
0
0
0
0
0
0
0
0
3
0
0
0
0
0
0
0
0
0
0
0
0
0
0
0
0
0
16
84
0
0
0
0
0
0
0
0
0
2
0
0
0
0
0
0
0
0
0
0
0
0
0
0
0
0
0
0
0
0
0
0
0
0
0
0
0
0
0
0
0
0
0
0
0
0
0
0
0
0
0
0
0
0
0
0
0
0
0
0
0
0
0
0
0
0
0
0
0
0
0
0
0
0
0
0
0
0
0
0
0
0
0
0
0
0
0
0
-698
0
1
0
0
0
0
0
0
0
0
0
8
0
0
0
0
0
0
0
0
0
0
0
0
0
0
0
0
0
0
0
10
0
0
0
0
0
0
0
0
0
0
0
0
0
0
0
0
0
0
0
18
0
0
0
0
0
0
0
0
20
97
29
0
0
0
0
0
0
0
0
0
6
0
0
0
0
0
0
0
0
21
40
0
0
0
0
0
0
0
0
0
0
0
0
0
0
0
0
0
0
0
0
0
0
0
0
0
0
0
0
0
30
0
0
0
0
0
0
0
0
0
3
0
0
0
0
0
0
0
0
0
0
0
0
0
0
0
0
0
0
1
0
0
0
0
0
0
0
0
1
68
0
0
0
0
0
0
0
0
0
2
0
0
0
0
0
0
0
0
27
0
0
0
0
0
0
0
0
0
85
102
3
0
0
0
0
0
0
0
0
65
74
0
0
0
0
0
0
0
0
0
0
0
0
0
0
0
0
0
0
0
0
0
0
0
0
0
0
0
0
0
0
0
0
0
0
0
0
0
0
0
0
0
0
0
0
0
0
0
0
0
0
0
0
0
0
0
0
0
0
1
0
0
0
0
0
0
0
0
21
0
0
0
0
0
0
0
0
49
0
0
0
0
0
0
34
0
0
0
0
0
0
0
0
65
105
105
30
0
0
0
0
0
0
0
0
31
28
0
0
0
0
0
0
0
0
6
0
0
0
0
0
0
0
0
0
0
0
0
0
0
0
0
0
0
54
97
96
32
0
0
0
0
0
0
0
0
0
1
0
0
0
0
0
0
0
0
0
1
0
0
0
0
0
0
0
0
0
1
0
0
0
0
0
0
0
0
0
0
0
0
0
0
0
0
0
0
0
0
0
0
0
0
0
0
0
0
0
0
0
0
0
0
0
0
0
0
0
0
0
0
0
0
0
0
0
0
0
0
0
0
0
0
0
0
0
0
0
0
0
0
0
231
0
1
0
0
0
0
0
1
0
1
0
0
0
1
0
1
0
0
1
0
0
1
0
0
0
1
0
0
1
0
0
1
0
0
1
0
0
0
1
0
0
1
0
0
0
1
0
1
0
0
0
1
0
0
1
0
0
0
1
0
0
1
0
0
0
1
0
1
0
0
0
1
0
85
101
101
100
102
100
100
101
101
101
101
101
101
101
101
100
101
101
101
101
101
101
100
101
101
101
389
100
97
95
102
100
101
101
101
101
101
101
100
101
101
101
101
100
102
100
101
101
101
101
101
101
101
101
100
101
101
101
101
101
101
100
101
101
101
101
100
101
101
101
101
101
101
100
101
101
101
101
100
102
100
101
101
101
101
101
101
100
101
101
101
101
100
102
100
101
101
100
100
101
101
100
101
101
101
101
101
101
100
101
101
101
101
101
100
101
100
101
101
100
101
101
147
100
101
100
100
132
100
100
101
101
100
100
101
101
100
101
101
100
102
96
100
101
101
101
101
100
102
100
101
101
101
101
101
101
100
101
101
101
101
101
101
100
102
100
101
101
101
101
100
102
100
101
101
101
101
100
102
100
101
101
101
101
100
101
101
101
101
101
101
100
101
101
101
101
100
101
101
101
101
101
101
101
101
100
102
101
101
100
101
101
101
101
101
100
101
100
100
101
101
101
101
100
101
101
101
101
101
101
100
101
101
100
101
101
100
101
100
101
234
100
100
100
100
101
100
100
126
101
100
101
100
101
101
100
101
101
100
101
101
101
101
101
101
101
100
101
101
101
101
101
101
101
101
100
102
100
101
101
101
101
101
101
101
101
97
93
90
101
101
101
101
100
101
101
101
101
100
101
101
101
101
100
101
101
101
101
101
101
100
101
101
101
101
100
102
100
101
101
101
101
101
101
101
101
100
101
101
101
101
100
102
100
101
101
101
101
100
102
100
101
101
101
101
100
101
101
101
101
100
101
101
101
101
100
102
100
101
101
101
101
100
101
101
101
101
101
101
100
339
101
101
101
100
101
101
101
101
101
101
100
101
180
101
101
101
101
101
100
72
1954
0
0
0
0
0
0
-43848
0
0
0
0
0
0
1
3
0
0
0
0
0
0
0
0
0
0
2
1
1
2
1
0
0
0
0
0
0
0
0
0
1
2
2
2
2
2
1
0
0
0
0
0
0
0
0
0
0
1
2
1
1
0
2
1
1
1
0
0
0
0
0
0
0
0
0
1
2
2
2
2
2
2
3
2
2
1
2
2
2
2
1
1
2
1
2
3
1
2
2
1
1
1
1
0
0
0
0
0
0
0
0
0
0
0
0
0
0
0
0
0
0
0
1
2
1
1
1
1
1
1
1
1
1
1
1
1
1
1
2
1
1
1
1
2
0
2
0
2
0
0
0
0
0
0
0
0
0
0
1
1
2
0
1
0
0
0
0
0
0
0
0
0
0
0
0
0
0
0
0
0
0
0
0
0
0
0
-115
0
0
2
1
0
0
0
0
0
0
0
0
0
1
2
2
1
0
0
0
0
0
0
0
0
0
1
2
1
2
2
2
2
1
1
0
0
0
0
0
0
0
0
0
0
0
0
0
0
0
0
0
0
0
1
1
1
1
1
1
1
2
1
1
0
0
0
0
0
0
0
0
0
2
1
1
2
2
2
2
2
2
2
2
2
1
1
1
1
0
0
0
0
0
0
0
0
0
0
0
0
0
0
0
0
0
0
0
0
0
0
0
0
0
0
0
0
0
1
1
1
1
1
1
2
0
2
1
1
1
1
1
1
1
1
1
1
1
0
0
0
0
0
0
0
0
1
0
0
0
0
0
0
0
0
2
2
2
3
1
2
2
2
2
1
1
2
2
2
3
2
2
1
2
1
1
2
2
2
2
1
3
1
2
2
1
2
0
0
0
0
0
0
0
0
0
1
1
2
1
1
1
1
1
1
2
0
2
1
1
1
1
1
1
3
1
1
1
1
1
2
0
2
1
1
1
1
1
1
2
0
2
1
0
0
0
0
0
0
0
0
0
1
2
2
2
1
2
1
2
1
2
1
2
2
1
2
2
2
1
1
2
3
2
1
2
1
2
1
1
2
2
1
1
1
1
2
1
1
1
1
0
0
0
-242
0
0
0
0
0
0
0
0
0
4
1
0
0
0
0
0
0
0
0
0
6
0
0
0
0
0
0
0
0
0
3
5
3
0
0
0
0
0
0
0
0
0
0
0
0
0
0
0
0
0
0
0
2
0
0
0
0
0
0
0
0
0
5
6
6
5
5
5
6
4
6
5
5
6
4
6
4
0
0
0
0
0
0
0
0
0
3
3
0
0
0
0
0
0
0
0
0
0
0
0
0
0
0
0
0
0
0
0
0
0
0
0
0
0
0
0
0
0
0
0
0
0
0
0
0
0
0
0
0
0
0
0
0
0
0
0
0
0
0
0
0
0
0
0
0
0
0
0
0
0
0
0
0
0
0
0
0
0
0
0
0
0
0
0
0
0
0
0
0
0
0
0
0
0
0
0
0
0
0
0
0
0
0
0
0
0
0
0
0
0
0
0
0
0
0
0
0
0
0
0
0
0
0
0
0
0
0
0
0
0
0
0
0
0
0
0
0
0
0
0
0
0
0
0
0
0
0
0
0
0
0
0
0
0
0
0
0
0
0
0
0
0
0
0
0
0
0
0
0
0
0
0
0
0
0
0
0
0
0
0
0
0
0
0
0
0
0
0
0
0
0
0
0
0
0
0
0
0
0
0
0
0
0
0
0
0
0
0
0
0
0
0
0
0
0
0
0
0
0
0
0
0
0
0
0
0
0
0
0
0
0
0
0
0
0
0
0
0
0
0
0
0
0
-108
0
0
0
0
0
2
0
0
0
0
0
0
0
0
8
0
0
0
0
0
0
0
0
0
9
0
0
0
0
0
0
0
0
0
0
0
0
0
0
0
0
0
0
0
0
0
0
0
0
0
0
0
0
0
0
0
0
0
0
0
0
0
0
0
90
10
0
0
0
0
0
0
0
2
0
0
0
0
0
0
0
0
0
2
0
0
0
0
0
0
0
0
0
0
0
0
0
0
0
0
0
0
0
0
0
0
0
0
0
0
0
0
0
33
0
0
0
0
0
0
0
0
0
2
0
0
0
0
0
0
0
0
0
0
0
0
0
0
0
0
0
0
2
0
0
0
0
0
0
0
0
36
0
0
0
0
0
0
0
0
0
5
0
0
0
0
0
0
0
0
35
48
0
0
0
0
0
0
0
0
7
41
0
0
0
0
0
0
0
0
0
4
0
0
0
0
0
0
0
0
0
0
0
0
0
0
0
0
0
0
0
0
0
0
0
0
0
0
0
0
0
0
0
0
0
0
0
0
0
0
0
0
0
0
0
0
0
0
0
0
0
0
0
0
0
0
0
0
0
0
0
0
0
0
0
0
0
0
18
0
0
0
0
0
0
0
0
22
0
0
0
0
0
0
0
2
14
0
0
0
0
0
0
0
1
107
48
0
0
0
0
0
0
0
0
22
24
0
0
0
0
0
0
0
0
5
0
0
0
0
0
0
0
0
0
1
0
0
0
0
0
0
0
20
52
0
0
0
0
0
0
0
0
0
1
0
0
0
0
0
0
0
0
0
1
0
0
0
0
0
0
0
0
0
0
0
0
0
0
0
0
0
0
0
0
0
0
0
0
0
0
0
0
0
0
0
0
0
0
0
0
0
0
0
0
0
0
0
0
0
0
0
0
0
0
0
0
0
0
0
0
0
0
0
0
0
0
0
0
0
0
0
0
0
0
0
0
0
0
0
0
0
0
0
0
0
0
0
0
0
