0
0
0
0
0
0
0
0
0
0
0
0
0
0
0
0
0
0
0
0
0
0
0
0
0
0
0
0
0
0
0
0
0
0
0
0
0
0
0
0
0
0
0
0
0
0
0
0
0
0
0
0
0
0
0
0
0
0
0
0
0
0
0
0
0
821
821
821
821
821
821
821
821
821
824
824
824
824
824
824
824
824
824
824
1736
1736
1736
1736
1736
1736
1736
1736
1736
1736
1736
1736
1736
1736
1736
1736
1736
1736
1736
1736
1736
1736
1736
1736
1736
1736
1736
1736
1736
1736
1736
1736
1736
1736
1736
1736
1736
1736
1736
1736
1736
1736
1736
1736
1736
1736
1736
1736
1736
1736
1736
1736
1736
1736
1736
1736
1736
1736
1736
1744
1744
1744
1744
1744
1744
1744
1744
1744
2248
2248
2248
2248
2248
2248
2248
2248
2248
2248
2272
2272
2272
2272
2272
2272
2272
2272
2272
3296
3296
3296
3296
3296
3296
3296
3296
3296
3296
3898
3898
3898
3898
3898
3898
3898
3898
3898
3898
3898
5718
5718
5718
5718
5718
5718
5718
5718
5718
5718
5718
5718
5718
5718
5718
5718
5718
5718
5718
5718
5718
5718
5718
5718
5718
5718
5718
5718
5718
5718
5718
5718
5718
5718
5718
5718
5718
5718
5718
5718
5718
5718
5718
5718
5718
5718
5718
5718
5718
5718
5718
5718
5718
5718
5718
5718
5718
5718
5718
5718
5718
5718
5718
5718
5718
5718
5718
5950
5950
5950
5950
5950
5950
5950
5950
5950
6230
6230
6230
6230
6230
6230
6230
6230
6230
6382
6382
6382
6382
6382
6382
6382
6382
6544
8253
8253
8253
8253
8253
8253
8253
8253
8253
8253
8894
8894
8894
8894
8894
8894
8894
8894
8894
8894
8957
8957
8957
8957
8957
8957
8957
8957
8957
8957
8963
8963
8963
8963
8963
8963
8963
8963
8963
11701
11701
11701
11701
11701
11701
11701
11701
11701
11701
11701
11701
11701
11701
11701
11701
11701
11701
11701
11701
11701
11701
11701
11701
11701
11701
11701
11701
11701
11701
11701
11701
11701
11701
11701
11701
11701
11701
11701
11701
11701
11701
11701
11701
11701
11701
11701
11701
11701
11701
11701
11701
11701
11701
11701
11701
11701
11701
11701
11701
11701
11701
11701
11701
11701
11701
11701
11701
11701
11701
11701
11701
11701
11701
11701
11701
11701
11701
11701
11701
11701
11701
11701
11701
11701
11701
11701
11701
11701
11701
11701
11701
11701
11701
11701
11701
11701
11701
11701
11701
11701
11701
11701
11701
11701
11701
