11922760 11919360
11922760 11919360
11924808 11921408
11406664 11403264
11412808 11409408
11421000 11417600
11427144 11423744
11435336 11431936
11441480 11438080
11447624 11444224
11453768 11450368
11461960 11458560
11468104 11464704
11474248 11470848
11480392 11476992
11488584 11485184
11494728 11491328
11500872 11497472
11507016 11503616
11513160 11509760
11521352 11517952
11527496 11524096
11533640 11530240
11539784 11536384
11545928 11542528
11552072 11548672
11558216 11554816
11562312 11558912
11568456 11565056
11572552 11569152
11576648 11573248
11582792 11579392
11586888 11583488
11593032 11589632
11599176 11595776
11609416 11606016
11615560 11612160
11621704 11618304
11627848 11624448
11644232 11640832
11648328 11644928
11654472 11651072
11660616 11657216
11664712 11661312
11670856 11667456
11677000 11673600
11681096 11677696
11687240 11683840
11691336 11687936
11697480 11694080
11701576 11698176
11707720 11704320
11711816 11708416
11717960 11714560
11722056 11718656
11728200 11724800
11732296 11728896
11738440 11735040
11742536 11739136
11748680 11745280
11752776 11749376
11756872 11753472
11771208 11767808
11777352 11773952
11781448 11778048
11785544 11782144
11789640 11786240
11795784 11792384
11799880 11796480
11803976 11800576
11808072 11804672
11812168 11808768
11818312 11814912
11822408 11819008
11826504 11823104
11830600 11827200
11834696 11831296
11838792 11835392
11842888 11839488
11846984 11843584
11853128 11849728
11857224 11853824
11861320 11857920
11865416 11862016
11869512 11866112
11873608 11870208
11877704 11874304
11881800 11878400
11885896 11882496
11889992 11886592
11894088 11890688
11896136 11892736
11900232 11896832
11904328 11900928
11908424 11905024
11912520 11909120
11916616 11913216
11920712 11917312
11924808 11921408
11926856 11923456
11930952 11927552
11935048 11931648
11939144 11935744
11943240 11939840
11945288 11941888
11949384 11945984
11953480 11950080
11957576 11954176
11959624 11956224
11963720 11960320
11967816 11964416
11971912 11968512
11973960 11970560
11978056 11974656
11982152 11978752
11984200 11980800
11988296 11984896
11992392 11988992
11994440 11991040
11998536 11995136
12000584 11997184
12004680 12001280
12008776 12005376
12008776 12005376
12008776 12005376
12008776 12005376
12012872 12009472
12014920 12011520
12019016 12015616
12023112 12019712
12025160 12021760
12029256 12025856
12031304 12027904
12035400 12032000
12037448 12034048
12041544 12038144
12043592 12040192
12047688 12044288
12049736 12046336
12053832 12050432
12055880 12052480
12059976 12056576
12062024 12058624
12066120 12062720
12068168 12064768
12072264 12068864
12074312 12070912
12078408 12075008
12080456 12077056
12082504 12079104
12086600 12083200
12088648 12085248
12092744 12089344
12094792 12091392
12096840 12093440
12100936 12097536
12102984 12099584
12105032 12101632
12109128 12105728
12111176 12107776
12113224 12109824
12117320 12113920
12121416 12118016
12125512 12122112
12127560 12124160
12129608 12126208
12133704 12130304
12135752 12132352
12137800 12134400
12141896 12138496
12145992 12142592
12150088 12146688
12152136 12148736
12154184 12150784
12156232 12152832
12158280 12154880
12162376 12158976
12164424 12161024
12166472 12163072
12168520 12165120
12170568 12167168
12172616 12169216
12174664 12173312
12178760 12175360
12180808 12177408
12182856 12179456
12184904 12181504
12186952 12183552
12189000 12185600
12195144 12191744
12197192 12193792
12199240 12195840
12201288 12197888
12203336 12199936
12205384 12201984
12207432 12204032
12209480 12206080
12211528 12208128
12213576 12210176
12215624 12212224
12217672 12214272
12219720 12216320
12221768 12218368
12223816 12220416
12225864 12222464
12227912 12224512
12229960 12226560
12232008 12228608
12234056 12230656
12236104 12232704
12236104 12232704
12238152 12234752
12240200 12236800
12242248 12238848
12244296 12240896
12246344 12242944
12248392 12244992
12250440 12247040
12252488 12249088
12254536 12251136
12254536 12251136
12256584 12253184
12258632 12255232
12260680 12257280
12262728 12259328
12264776 12261376
12266824 12263424
12266824 12263424
12268872 12265472
12270920 12267520
12272968 12269568
12275016 12271616
12277064 12273664
12277064 12273664
12279112 12275712
12281160 12277760
12283208 12279808
12285256 12281856
12285256 12281856
12287304 12283904
12289352 12285952
12291400 12288000
12291400 12288000
12293448 12290048
12295496 12292096
12297544 12294144
12297544 12294144
12299592 12296192
12301640 12298240
12303688 12300288
12303688 12300288
12305736 12302336
12305736 12302336
12305736 12302336
12305736 12302336
12307784 12304384
12309832 12306432
12309832 12308480
12311880 12308480
12313928 12310528
12315976 12312576
12315976 12312576
12318024 12314624
12320072 12316672
12320072 12316672
12322120 12318720
12324168 12320768
12326216 12322816
12326216 12322816
12328264 12324864
12330312 12326912
12330312 12326912
12332360 12328960
12334408 12331008
12334408 12331008
12336456 12333056
12338504 12335104
12338504 12335104
12340552 12337152
12340552 12337152
12342600 12339200
12344648 12341248
12344648 12341248
12346696 12343296
12348744 12345344
12348744 12345344
12350792 12347392
12350792 12347392
12352840 12349440
12354888 12351488
12356936 12353536
12358984 12355584
12358984 12355584
12361032 12357632
12363080 12359680
12363080 12359680
12365128 12361728
12367176 12363776
12369224 12365824
12369224 12365824
12371272 12367872
12373320 12369920
12373320 12369920
12375368 12371968
12375368 12371968
12377416 12374016
12377416 12374016
12379464 12376064
12379464 12376064
12381512 12378112
12381512 12378112
12383560 12380160
12383560 12380160
12385608 12382208
12385608 12382208
12387656 12384256
12387656 12384256
12389704 12386304
12389704 12386304
12391752 12388352
12391752 12388352
12393800 12390400
12395848 12392448
12395848 12392448
12397896 12394496
12397896 12394496
12399944 12396544
12399944 12396544
12399944 12396544
12399944 12396544
12399944 12396544
12399944 12396544
12399944 12396544
12399944 12396544
12399944 12396544
12399944 12396544
12399944 12396544
12399944 12396544
12399944 12396544
12399944 12396544
12399944 12396544
12399944 12396544
12399944 12396544
12399944 12396544
12399944 12396544
12399944 12396544
12399944 12396544
12399944 12396544
12399944 12396544
12399944 12396544
12399944 12396544
12399944 12396544
12399944 12396544
12399944 12396544
12399944 12396544
12399944 12396544
12399944 12396544
12399944 12396544
12399944 12396544
12399944 12396544
12399944 12396544
12399944 12396544
12399944 12396544
12399944 12396544
12399944 12396544
12399944 12396544
12399944 12396544
12399944 12396544
12399944 12396544
12399944 12396544
12399944 12396544
12399944 12396544
12399944 12396544
12399944 12396544
12399944 12396544
12399944 12396544
12399944 12396544
12399944 12396544
12399944 12396544
12399944 12396544
12399944 12396544
12399944 12396544
12399944 12396544
12399944 12396544
12399944 12396544
12399944 12396544
12399944 12396544
12399944 12396544
