11922800 11919360
11922800 11919360
11402608 11399168
11410800 11407360
11416944 11413504
11425136 11421696
11431280 11427840
11437424 11433984
11445616 11442176
11451760 11448320
11457904 11454464
11464048 11460608
11472240 11468800
11478384 11474944
11484528 11481088
11490672 11487232
11496816 11493376
11502960 11499520
11511152 11507712
11517296 11513856
11523440 11520000
11529584 11526144
11535728 11532288
11541872 11538432
11548016 11544576
11554160 11550720
11560304 11556864
11566448 11563008
11572592 11569152
11576688 11575296
11582832 11579392
11588976 11585536
11595120 11591680
11601264 11597824
11607408 11603968
11623792 11620352
11629936 11626496
11636080 11632640
11652464 11649024
11658608 11655168
11662704 11659264
11679088 11675648
11683184 11679744
11689328 11685888
11701616 11698176
11705712 11702272
11711856 11708416
11715952 11712512
11722096 11718656
11726192 11722752
11730288 11726848
11736432 11732992
11740528 11737088
11746672 11743232
11750768 11747328
11754864 11751424
11761008 11757568
11765104 11761664
11779440 11776000
11783536 11780096
11787632 11784192
11791728 11788288
11795824 11792384
11801968 11798528
11806064 11802624
11810160 11806720
11814256 11810816
11818352 11814912
11822448 11819008
11828592 11825152
11832688 11829248
11836784 11833344
11840880 11837440
11844976 11841536
11849072 11845632
11853168 11849728
11857264 11853824
11861360 11857920
11865456 11862016
11869552 11866112
11873648 11870208
11877744 11874304
11881840 11878400
11885936 11882496
11890032 11886592
11894128 11890688
11898224 11894784
11900272 11896832
11904368 11900928
11908464 11905024
11912560 11909120
11916656 11913216
11920752 11917312
11924848 11921408
11926896 11923456
11930992 11927552
11935088 11931648
11939184 11935744
11941232 11937792
11945328 11941888
11949424 11945984
11953520 11950080
11955568 11952128
11959664 11956224
11963760 11960320
11967856 11964416
11969904 11966464
11974000 11970560
11978096 11974656
11980144 11976704
11984240 11980800
11986288 11982848
11990384 11986944
11994480 11991040
11996528 11993088
12000624 11997184
12002672 11999232
12006768 12003328
12008816 12005376
12008816 12005376
12008816 12005376
12010864 12007424
12012912 12009472
12017008 12013568
12019056 12015616
12023152 12019712
12027248 12023808
12029296 12025856
12033392 12029952
12035440 12032000
12039536 12036096
12041584 12038144
12045680 12042240
12047728 12044288
12049776 12046336
12053872 12050432
12055920 12052480
12060016 12056576
12062064 12058624
12066160 12062720
12068208 12064768
12070256 12066816
12074352 12070912
12076400 12072960
12078448 12075008
12082544 12079104
12084592 12081152
12086640 12083200
12090736 12087296
12092784 12089344
12094832 12091392
12098928 12095488
12100976 12097536
12107120 12103680
12109168 12105728
12111216 12107776
12115312 12111872
12119408 12115968
12121456 12118016
12125552 12122112
12127600 12124160
12129648 12126208
12131696 12128256
12135792 12132352
12137840 12134400
12139888 12136448
12141936 12138496
12143984 12140544
12148080 12144640
12150128 12146688
12152176 12148736
12154224 12150784
12156272 12152832
12158320 12154880
12162416 12158976
12164464 12161024
12166512 12163072
12168560 12165120
12170608 12167168
12172656 12169216
12174704 12171264
12176752 12173312
12178800 12175360
12182896 12179456
12184944 12181504
12191088 12187648
12193136 12189696
12195184 12191744
12201328 12197888
12203376 12199936
12205424 12201984
12207472 12204032
12209520 12206080
12211568 12208128
12213616 12210176
12215664 12212224
12217712 12214272
12219760 12216320
12221808 12218368
12223856 12220416
12225904 12222464
12227952 12224512
12230000 12226560
12232048 12228608
12234096 12230656
12234096 12230656
12236144 12232704
12238192 12234752
12240240 12236800
12242288 12238848
12244336 12240896
12246384 12242944
12246384 12242944
12248432 12244992
12250480 12247040
12252528 12249088
12254576 12251136
12256624 12253184
12256624 12253184
12258672 12255232
12260720 12257280
12262768 12259328
12264816 12261376
12266864 12263424
12266864 12263424
12268912 12265472
12270960 12267520
12273008 12269568
12275056 12271616
12275056 12271616
12277104 12273664
12279152 12275712
12281200 12277760
12281200 12277760
12283248 12279808
12285296 12281856
12287344 12283904
12289392 12285952
12289392 12285952
12291440 12288000
12293488 12290048
12293488 12290048
12295536 12292096
12297584 12294144
12299632 12296192
12299632 12296192
12301680 12298240
12303728 12300288
12303728 12300288
12303728 12300288
12303728 12300288
12305776 12302336
12305776 12302336
12307824 12304384
12309872 12306432
12311920 12308480
12311920 12308480
12313968 12310528
12316016 12312576
12316016 12312576
12318064 12314624
12320112 12316672
12320112 12316672
12322160 12318720
12324208 12320768
12324208 12320768
12326256 12322816
12328304 12324864
12328304 12324864
12330352 12326912
12332400 12328960
12332400 12328960
12334448 12331008
12336496 12333056
12336496 12333056
12338544 12335104
12340592 12337152
12340592 12337152
12342640 12339200
12342640 12339200
12344688 12341248
12346736 12343296
12346736 12343296
12348784 12345344
12348784 12345344
12352880 12349440
12352880 12349440
12354928 12351488
12354928 12351488
12359024 12355584
12361072 12357632
12361072 12357632
12363120 12359680
12365168 12361728
12365168 12361728
12367216 12363776
12367216 12363776
12371312 12367872
12371312 12367872
12373360 12369920
12373360 12369920
12375408 12371968
12375408 12371968
12377456 12374016
12377456 12374016
12379504 12376064
12379504 12376064
12381552 12378112
12381552 12378112
12383600 12380160
12383600 12380160
12385648 12382208
12385648 12382208
12387696 12384256
12387696 12384256
12389744 12386304
12389744 12386304
12391792 12388352
12391792 12388352
12393840 12390400
12395888 12392448
12395888 12392448
12397936 12394496
12397936 12394496
12399984 12396544
12399984 12396544
12399984 12396544
12399984 12396544
12399984 12396544
12399984 12396544
12399984 12396544
12399984 12396544
12399984 12396544
12399984 12396544
12399984 12396544
12399984 12396544
12399984 12396544
12399984 12396544
12399984 12396544
12399984 12396544
12399984 12396544
12399984 12396544
12399984 12396544
12399984 12396544
12399984 12396544
12399984 12396544
12399984 12396544
12399984 12396544
12399984 12396544
12399984 12396544
12399984 12396544
12399984 12396544
12399984 12396544
12399984 12396544
12399984 12396544
12399984 12396544
12399984 12396544
12399984 12396544
12399984 12396544
12399984 12396544
12399984 12396544
12399984 12396544
12399984 12396544
12399984 12396544
12399984 12396544
12399984 12396544
12399984 12396544
12399984 12396544
12399984 12396544
12399984 12396544
12399984 12396544
12399984 12396544
12399984 12396544
12399984 12396544
12399984 12396544
12399984 12396544
12399984 12396544
12399984 12396544
12399984 12396544
12399984 12396544
12399984 12396544
12399984 12396544
12399984 12396544
12399984 12396544
12399984 12396544
12399984 12396544
