4577:M 17 Apr 15:22:11.195 # WARNING: The TCP backlog setting of 511 cannot be
enforced because /proc/sys/net/core/somaxconn is set to the lower value of 128.
4577:M 17 Apr 15:22:11.195 # Server started, Redis version 3.0.7
4577:M 17 Apr 15:22:11.195 # WARNING overcommit_memory is set to 0! Background
save may fail under low memory condition. To fix this issue add
'vm.overcommit_memory = 1' to /etc/s
ysctl.conf and then reboot or run the command 'sysctl vm.overcommit_memory=1'
for this to take effect.
4577:M 17 Apr 15:22:11.195 # WARNING you have Transparent Huge Pages (THP)
support enabled in your kernel. This will create latency and memory usage
issues with Redis. To fix this
 issue run the command 'echo never >
 /sys/kernel/mm/transparent_hugepage/enabled' as root, and add it to your
 /etc/rc.local in order to retain the setting after a reboot. Redis mu
 st be restarted after THP is disabled.
 4577:M 17 Apr 15:24:12.826 * DB loaded from disk: 121.631 seconds
 4577:M 17 Apr 15:24:12.826 * The server is now ready to accept connections on
 port 6379
 4577:M 17 Apr 15:24:15.138 * 10000 changes in 60 seconds. Saving...
 4577:M 17 Apr 15:24:15.142 * Background saving started by pid 6502
 6502:C 17 Apr 15:25:34.362 * DB saved on disk
 6502:C 17 Apr 15:25:34.498 * RDB: 11575 / 11642 MB of memory used by
 copy-on-write
 4577:M 17 Apr 15:25:35.002 * Background saving terminated with success
 4577:M 17 Apr 15:26:35.086 * 10000 changes in 60 seconds. Saving...
 4577:M 17 Apr 15:26:35.091 * Background saving started by pid 24689
 24689:C 17 Apr 15:28:00.770 * DB saved on disk
 24689:C 17 Apr 15:28:00.913 * RDB: 11627 / 11698 MB of memory used by
 copy-on-write
 4577:M 17 Apr 15:28:01.490 * Background saving terminated with success
 4577:M 17 Apr 15:29:02.101 * 10000 changes in 60 seconds. Saving...
 4577:M 17 Apr 15:29:02.105 * Background saving started by pid 11451
 11451:C 17 Apr 15:30:36.202 * DB saved on disk
 11451:C 17 Apr 15:30:36.358 * RDB: 11886 / 11984 MB of memory used by
 copy-on-write
 4577:M 17 Apr 15:30:37.001 * Background saving terminated with success
 4577:M 17 Apr 15:31:37.099 * 10000 changes in 60 seconds. Saving...
 4577:M 17 Apr 15:31:37.103 * Background saving started by pid 31199
