0
0
28
28
28
28
28
28
28
28
28
28
139
139
139
139
139
139
139
139
139
139
143
143
143
143
143
143
143
143
143
143
271
271
271
271
271
271
271
271
271
271
271
271
271
271
271
271
271
271
271
271
527
527
527
527
527
527
527
527
527
673
2159
2622
2622
2622
2622
2622
2622
2622
2622
2622
2622
2709
2709
2709
2709
2709
2709
2709
2709
2709
3036
3630
3630
3630
3630
3630
3630
3630
3630
3630
3630
3632
3632
3632
3632
3632
3632
3632
3632
3632
3632
3632
3632
3632
3632
3632
3632
3632
3632
3632
3746
4124
4124
4124
4124
4124
4124
4124
4124
4124
4124
4151
4151
4151
4151
4151
4151
4151
4151
4151
4151
4151
4151
4151
4151
4151
4151
4151
4151
4151
4152
4152
4152
4152
4152
4152
4152
4152
4152
5079
5176
5176
5176
5176
5176
5176
5176
5176
5176
5176
5176
5176
5176
5176
5176
5176
5176
5176
5485
5634
5634
5634
5634
5634
5634
5819
7304
8141
8141
8141
8141
8141
8141
8141
8141
8141
8141
9412
10258
10258
10258
10258
10258
10258
10258
10258
10258
10258
10258
10258
10258
10258
10258
10258
10258
10258
10258
10258
10258
10258
10258
10258
10258
10258
10258
10258
10258
10258
10258
10258
10258
10258
10258
10258
10258
10258
10258
10258
10258
10258
10258
10258
10258
10258
10258
10258
10258
10258
10258
10258
10258
10258
10258
10258
10258
10258
10258
10258
10258
10258
10258
10258
10258
10258
10258
10401
10401
10401
10401
10401
10401
10401
10401
10401
11282
11282
11282
11282
11282
11282
11282
11282
11282
11582
11582
11582
11582
11582
11582
11582
11582
11582
12638
14162
15556
15714
15714
15714
15714
15714
15714
15714
15714
15714
16601
16777
16777
16777
16777
16777
16777
16777
16777
16777
16848
16848
16848
16848
16848
16848
16848
16848
16848
16852
16852
16852
16852
16852
16852
16852
16852
16852
18415
20116
21623
21632
21632
21632
21632
21632
21632
21632
21632
21632
21684
21684
21684
21684
21684
21684
21684
21684
21684
21684
21693
21693
21693
21693
21693
21693
21693
21693
21693
21693
21693
21693
21693
21693
21693
21693
21693
21693
21693
21693
21693
21693
21693
21693
21693
21693
21693
21693
21693
21693
21693
21693
21693
21693
21693
21693
21693
21693
21693
21693
21693
21693
21693
21693
21693
21693
21693
21693
21693
21693
21693
21693
21693
21693
21693
21693
21693
21693
21693
21693
21693
21693
21693
21693
21693
21693
21693
21693
21693
21693
