thp_fault_alloc 8
thp_fault_fallback 0
thp_collapse_alloc 0
thp_collapse_alloc_failed 0
thp_split 1
thp_zero_page_alloc 0
thp_zero_page_alloc_failed 0
thp_promote 0
thp_fault_alloc 46
thp_fault_fallback 7
thp_collapse_alloc 0
thp_collapse_alloc_failed 0
thp_split 1
thp_zero_page_alloc 1
thp_zero_page_alloc_failed 0
thp_promote 0
thp_fault_alloc 80
thp_fault_fallback 15
thp_collapse_alloc 28
thp_collapse_alloc_failed 0
thp_split 1
thp_zero_page_alloc 1
thp_zero_page_alloc_failed 0
thp_promote 0
thp_fault_alloc 124
thp_fault_fallback 31
thp_collapse_alloc 28
thp_collapse_alloc_failed 0
thp_split 9
thp_zero_page_alloc 1
thp_zero_page_alloc_failed 0
thp_promote 0
thp_fault_alloc 158
thp_fault_fallback 31
thp_collapse_alloc 28
thp_collapse_alloc_failed 0
thp_split 9
thp_zero_page_alloc 1
thp_zero_page_alloc_failed 0
thp_promote 0
thp_fault_alloc 205
thp_fault_fallback 31
thp_collapse_alloc 28
thp_collapse_alloc_failed 0
thp_split 9
thp_zero_page_alloc 1
thp_zero_page_alloc_failed 0
thp_promote 0
thp_fault_alloc 238
thp_fault_fallback 63
thp_collapse_alloc 28
thp_collapse_alloc_failed 0
thp_split 9
thp_zero_page_alloc 1
thp_zero_page_alloc_failed 0
thp_promote 0
thp_fault_alloc 264
thp_fault_fallback 63
thp_collapse_alloc 28
thp_collapse_alloc_failed 0
thp_split 9
thp_zero_page_alloc 1
thp_zero_page_alloc_failed 0
thp_promote 0
thp_fault_alloc 297
thp_fault_fallback 63
thp_collapse_alloc 28
thp_collapse_alloc_failed 0
thp_split 9
thp_zero_page_alloc 1
thp_zero_page_alloc_failed 0
thp_promote 0
thp_fault_alloc 343
thp_fault_fallback 63
thp_collapse_alloc 28
thp_collapse_alloc_failed 0
thp_split 9
thp_zero_page_alloc 1
thp_zero_page_alloc_failed 0
thp_promote 0
thp_fault_alloc 389
thp_fault_fallback 63
thp_collapse_alloc 28
thp_collapse_alloc_failed 0
thp_split 9
thp_zero_page_alloc 1
thp_zero_page_alloc_failed 0
thp_promote 0
thp_fault_alloc 426
thp_fault_fallback 127
thp_collapse_alloc 28
thp_collapse_alloc_failed 0
thp_split 9
thp_zero_page_alloc 1
thp_zero_page_alloc_failed 0
thp_promote 0
thp_fault_alloc 449
thp_fault_fallback 127
thp_collapse_alloc 139
thp_collapse_alloc_failed 0
thp_split 9
thp_zero_page_alloc 1
thp_zero_page_alloc_failed 0
thp_promote 0
thp_fault_alloc 472
thp_fault_fallback 127
thp_collapse_alloc 139
thp_collapse_alloc_failed 0
thp_split 9
thp_zero_page_alloc 1
thp_zero_page_alloc_failed 0
thp_promote 0
thp_fault_alloc 496
thp_fault_fallback 127
thp_collapse_alloc 139
thp_collapse_alloc_failed 0
thp_split 9
thp_zero_page_alloc 1
thp_zero_page_alloc_failed 0
thp_promote 0
thp_fault_alloc 543
thp_fault_fallback 127
thp_collapse_alloc 139
thp_collapse_alloc_failed 0
thp_split 9
thp_zero_page_alloc 1
thp_zero_page_alloc_failed 0
thp_promote 0
thp_fault_alloc 590
thp_fault_fallback 127
thp_collapse_alloc 139
thp_collapse_alloc_failed 0
thp_split 9
thp_zero_page_alloc 1
thp_zero_page_alloc_failed 0
thp_promote 0
thp_fault_alloc 632
thp_fault_fallback 127
thp_collapse_alloc 139
thp_collapse_alloc_failed 0
thp_split 9
thp_zero_page_alloc 1
thp_zero_page_alloc_failed 0
thp_promote 0
thp_fault_alloc 672
thp_fault_fallback 127
thp_collapse_alloc 139
thp_collapse_alloc_failed 0
thp_split 9
thp_zero_page_alloc 1
thp_zero_page_alloc_failed 0
thp_promote 0
thp_fault_alloc 716
thp_fault_fallback 127
thp_collapse_alloc 139
thp_collapse_alloc_failed 0
thp_split 9
thp_zero_page_alloc 1
thp_zero_page_alloc_failed 0
thp_promote 0
thp_fault_alloc 756
thp_fault_fallback 127
thp_collapse_alloc 139
thp_collapse_alloc_failed 0
thp_split 9
thp_zero_page_alloc 1
thp_zero_page_alloc_failed 0
thp_promote 0
thp_fault_alloc 795
thp_fault_fallback 127
thp_collapse_alloc 139
thp_collapse_alloc_failed 0
thp_split 9
thp_zero_page_alloc 1
thp_zero_page_alloc_failed 0
thp_promote 0
thp_fault_alloc 836
thp_fault_fallback 127
thp_collapse_alloc 143
thp_collapse_alloc_failed 0
thp_split 9
thp_zero_page_alloc 1
thp_zero_page_alloc_failed 0
thp_promote 0
thp_fault_alloc 859
thp_fault_fallback 255
thp_collapse_alloc 143
thp_collapse_alloc_failed 0
thp_split 9
thp_zero_page_alloc 1
thp_zero_page_alloc_failed 0
thp_promote 0
thp_fault_alloc 881
thp_fault_fallback 255
thp_collapse_alloc 143
thp_collapse_alloc_failed 0
thp_split 9
thp_zero_page_alloc 1
thp_zero_page_alloc_failed 0
thp_promote 0
thp_fault_alloc 905
thp_fault_fallback 255
thp_collapse_alloc 143
thp_collapse_alloc_failed 0
thp_split 9
thp_zero_page_alloc 1
thp_zero_page_alloc_failed 0
thp_promote 0
thp_fault_alloc 927
thp_fault_fallback 255
thp_collapse_alloc 143
thp_collapse_alloc_failed 0
thp_split 9
thp_zero_page_alloc 1
thp_zero_page_alloc_failed 0
thp_promote 0
thp_fault_alloc 949
thp_fault_fallback 255
thp_collapse_alloc 143
thp_collapse_alloc_failed 0
thp_split 9
thp_zero_page_alloc 1
thp_zero_page_alloc_failed 0
thp_promote 0
thp_fault_alloc 971
thp_fault_fallback 255
thp_collapse_alloc 143
thp_collapse_alloc_failed 0
thp_split 9
thp_zero_page_alloc 1
thp_zero_page_alloc_failed 0
thp_promote 0
thp_fault_alloc 993
thp_fault_fallback 255
thp_collapse_alloc 143
thp_collapse_alloc_failed 0
thp_split 9
thp_zero_page_alloc 1
thp_zero_page_alloc_failed 0
thp_promote 0
thp_fault_alloc 1031
thp_fault_fallback 255
thp_collapse_alloc 143
thp_collapse_alloc_failed 0
thp_split 9
thp_zero_page_alloc 1
thp_zero_page_alloc_failed 0
thp_promote 0
thp_fault_alloc 1069
thp_fault_fallback 255
thp_collapse_alloc 143
thp_collapse_alloc_failed 0
thp_split 9
thp_zero_page_alloc 1
thp_zero_page_alloc_failed 0
thp_promote 0
thp_fault_alloc 1106
thp_fault_fallback 255
thp_collapse_alloc 271
thp_collapse_alloc_failed 0
thp_split 9
thp_zero_page_alloc 1
thp_zero_page_alloc_failed 0
thp_promote 0
thp_fault_alloc 1144
thp_fault_fallback 255
thp_collapse_alloc 271
thp_collapse_alloc_failed 0
thp_split 9
thp_zero_page_alloc 1
thp_zero_page_alloc_failed 0
thp_promote 0
thp_fault_alloc 1185
thp_fault_fallback 255
thp_collapse_alloc 271
thp_collapse_alloc_failed 0
thp_split 9
thp_zero_page_alloc 1
thp_zero_page_alloc_failed 0
thp_promote 0
thp_fault_alloc 1227
thp_fault_fallback 255
thp_collapse_alloc 271
thp_collapse_alloc_failed 0
thp_split 9
thp_zero_page_alloc 1
thp_zero_page_alloc_failed 0
thp_promote 0
thp_fault_alloc 1270
thp_fault_fallback 255
thp_collapse_alloc 271
thp_collapse_alloc_failed 0
thp_split 9
thp_zero_page_alloc 1
thp_zero_page_alloc_failed 0
thp_promote 0
thp_fault_alloc 1311
thp_fault_fallback 255
thp_collapse_alloc 271
thp_collapse_alloc_failed 0
thp_split 9
thp_zero_page_alloc 1
thp_zero_page_alloc_failed 0
thp_promote 0
thp_fault_alloc 1353
thp_fault_fallback 255
thp_collapse_alloc 271
thp_collapse_alloc_failed 0
thp_split 9
thp_zero_page_alloc 1
thp_zero_page_alloc_failed 0
thp_promote 0
thp_fault_alloc 1395
thp_fault_fallback 255
thp_collapse_alloc 271
thp_collapse_alloc_failed 0
thp_split 9
thp_zero_page_alloc 1
thp_zero_page_alloc_failed 0
thp_promote 0
thp_fault_alloc 1431
thp_fault_fallback 255
thp_collapse_alloc 271
thp_collapse_alloc_failed 0
thp_split 9
thp_zero_page_alloc 1
thp_zero_page_alloc_failed 0
thp_promote 0
thp_fault_alloc 1468
thp_fault_fallback 255
thp_collapse_alloc 271
thp_collapse_alloc_failed 0
thp_split 9
thp_zero_page_alloc 1
thp_zero_page_alloc_failed 0
thp_promote 0
thp_fault_alloc 1507
thp_fault_fallback 255
thp_collapse_alloc 271
thp_collapse_alloc_failed 0
thp_split 9
thp_zero_page_alloc 1
thp_zero_page_alloc_failed 0
thp_promote 0
thp_fault_alloc 1548
thp_fault_fallback 255
thp_collapse_alloc 271
thp_collapse_alloc_failed 0
thp_split 9
thp_zero_page_alloc 1
thp_zero_page_alloc_failed 0
thp_promote 0
thp_fault_alloc 1587
thp_fault_fallback 255
thp_collapse_alloc 271
thp_collapse_alloc_failed 0
thp_split 9
thp_zero_page_alloc 1
thp_zero_page_alloc_failed 0
thp_promote 0
thp_fault_alloc 1627
thp_fault_fallback 255
thp_collapse_alloc 271
thp_collapse_alloc_failed 0
thp_split 9
thp_zero_page_alloc 1
thp_zero_page_alloc_failed 0
thp_promote 0
thp_fault_alloc 1666
thp_fault_fallback 255
thp_collapse_alloc 271
thp_collapse_alloc_failed 0
thp_split 9
thp_zero_page_alloc 1
thp_zero_page_alloc_failed 0
thp_promote 0
thp_fault_alloc 1704
thp_fault_fallback 511
thp_collapse_alloc 271
thp_collapse_alloc_failed 0
thp_split 9
thp_zero_page_alloc 1
thp_zero_page_alloc_failed 0
thp_promote 0
thp_fault_alloc 1720
thp_fault_fallback 511
thp_collapse_alloc 271
thp_collapse_alloc_failed 0
thp_split 9
thp_zero_page_alloc 1
thp_zero_page_alloc_failed 0
thp_promote 0
thp_fault_alloc 1741
thp_fault_fallback 511
thp_collapse_alloc 271
thp_collapse_alloc_failed 0
thp_split 9
thp_zero_page_alloc 1
thp_zero_page_alloc_failed 0
thp_promote 0
thp_fault_alloc 1760
thp_fault_fallback 511
thp_collapse_alloc 271
thp_collapse_alloc_failed 0
thp_split 9
thp_zero_page_alloc 1
thp_zero_page_alloc_failed 0
thp_promote 0
thp_fault_alloc 1778
thp_fault_fallback 511
thp_collapse_alloc 271
thp_collapse_alloc_failed 0
thp_split 9
thp_zero_page_alloc 1
thp_zero_page_alloc_failed 0
thp_promote 0
thp_fault_alloc 1796
thp_fault_fallback 511
thp_collapse_alloc 527
thp_collapse_alloc_failed 0
thp_split 9
thp_zero_page_alloc 1
thp_zero_page_alloc_failed 0
thp_promote 0
thp_fault_alloc 1820
thp_fault_fallback 511
thp_collapse_alloc 527
thp_collapse_alloc_failed 0
thp_split 9
thp_zero_page_alloc 1
thp_zero_page_alloc_failed 0
thp_promote 0
thp_fault_alloc 1844
thp_fault_fallback 2406
thp_collapse_alloc 527
thp_collapse_alloc_failed 0
thp_split 1904
thp_zero_page_alloc 1
thp_zero_page_alloc_failed 0
thp_promote 0
thp_fault_alloc 1851
thp_fault_fallback 2460
thp_collapse_alloc 527
thp_collapse_alloc_failed 0
thp_split 1958
thp_zero_page_alloc 1
thp_zero_page_alloc_failed 0
thp_promote 0
thp_fault_alloc 1858
thp_fault_fallback 2462
thp_collapse_alloc 527
thp_collapse_alloc_failed 0
thp_split 1960
thp_zero_page_alloc 1
thp_zero_page_alloc_failed 0
thp_promote 0
thp_fault_alloc 1867
thp_fault_fallback 2464
thp_collapse_alloc 527
thp_collapse_alloc_failed 0
thp_split 1962
thp_zero_page_alloc 1
thp_zero_page_alloc_failed 0
thp_promote 0
thp_fault_alloc 1881
thp_fault_fallback 2469
thp_collapse_alloc 527
thp_collapse_alloc_failed 0
thp_split 1967
thp_zero_page_alloc 1
thp_zero_page_alloc_failed 0
thp_promote 0
thp_fault_alloc 1899
thp_fault_fallback 2476
thp_collapse_alloc 527
thp_collapse_alloc_failed 0
thp_split 1974
thp_zero_page_alloc 1
thp_zero_page_alloc_failed 0
thp_promote 0
thp_fault_alloc 1919
thp_fault_fallback 2483
thp_collapse_alloc 527
thp_collapse_alloc_failed 0
thp_split 1981
thp_zero_page_alloc 1
thp_zero_page_alloc_failed 0
thp_promote 0
thp_fault_alloc 1937
thp_fault_fallback 2490
thp_collapse_alloc 673
thp_collapse_alloc_failed 0
thp_split 1988
thp_zero_page_alloc 1
thp_zero_page_alloc_failed 0
thp_promote 0
thp_fault_alloc 1944
thp_fault_fallback 2492
thp_collapse_alloc 2159
thp_collapse_alloc_failed 0
thp_split 1990
thp_zero_page_alloc 1
thp_zero_page_alloc_failed 0
thp_promote 0
thp_fault_alloc 1961
thp_fault_fallback 2498
thp_collapse_alloc 2622
thp_collapse_alloc_failed 0
thp_split 1996
thp_zero_page_alloc 1
thp_zero_page_alloc_failed 0
thp_promote 0
thp_fault_alloc 1982
thp_fault_fallback 2506
thp_collapse_alloc 2622
thp_collapse_alloc_failed 0
thp_split 2004
thp_zero_page_alloc 1
thp_zero_page_alloc_failed 0
thp_promote 0
thp_fault_alloc 2004
thp_fault_fallback 2515
thp_collapse_alloc 2622
thp_collapse_alloc_failed 0
thp_split 2013
thp_zero_page_alloc 1
thp_zero_page_alloc_failed 0
thp_promote 0
thp_fault_alloc 2028
thp_fault_fallback 2522
thp_collapse_alloc 2622
thp_collapse_alloc_failed 0
thp_split 2020
thp_zero_page_alloc 1
thp_zero_page_alloc_failed 0
thp_promote 0
thp_fault_alloc 2067
thp_fault_fallback 2522
thp_collapse_alloc 2622
thp_collapse_alloc_failed 0
thp_split 2020
thp_zero_page_alloc 1
thp_zero_page_alloc_failed 0
thp_promote 0
thp_fault_alloc 2105
thp_fault_fallback 2522
thp_collapse_alloc 2622
thp_collapse_alloc_failed 0
thp_split 2020
thp_zero_page_alloc 1
thp_zero_page_alloc_failed 0
thp_promote 0
thp_fault_alloc 2141
thp_fault_fallback 2522
thp_collapse_alloc 2622
thp_collapse_alloc_failed 0
thp_split 2020
thp_zero_page_alloc 1
thp_zero_page_alloc_failed 0
thp_promote 0
thp_fault_alloc 2152
thp_fault_fallback 2522
thp_collapse_alloc 2622
thp_collapse_alloc_failed 0
thp_split 2020
thp_zero_page_alloc 1
thp_zero_page_alloc_failed 0
thp_promote 0
thp_fault_alloc 2191
thp_fault_fallback 2522
thp_collapse_alloc 2622
thp_collapse_alloc_failed 0
thp_split 2020
thp_zero_page_alloc 1
thp_zero_page_alloc_failed 0
thp_promote 0
thp_fault_alloc 2230
thp_fault_fallback 2522
thp_collapse_alloc 2622
thp_collapse_alloc_failed 0
thp_split 2020
thp_zero_page_alloc 1
thp_zero_page_alloc_failed 0
thp_promote 0
thp_fault_alloc 2269
thp_fault_fallback 2522
thp_collapse_alloc 2709
thp_collapse_alloc_failed 0
thp_split 2020
thp_zero_page_alloc 1
thp_zero_page_alloc_failed 0
thp_promote 0
thp_fault_alloc 2308
thp_fault_fallback 2522
thp_collapse_alloc 2709
thp_collapse_alloc_failed 0
thp_split 2020
thp_zero_page_alloc 1
thp_zero_page_alloc_failed 0
thp_promote 0
thp_fault_alloc 2346
thp_fault_fallback 2522
thp_collapse_alloc 2709
thp_collapse_alloc_failed 0
thp_split 2020
thp_zero_page_alloc 1
thp_zero_page_alloc_failed 0
thp_promote 0
thp_fault_alloc 2387
thp_fault_fallback 2522
thp_collapse_alloc 2709
thp_collapse_alloc_failed 0
thp_split 2020
thp_zero_page_alloc 1
thp_zero_page_alloc_failed 0
thp_promote 0
thp_fault_alloc 2426
thp_fault_fallback 2522
thp_collapse_alloc 2709
thp_collapse_alloc_failed 0
thp_split 2020
thp_zero_page_alloc 1
thp_zero_page_alloc_failed 0
thp_promote 0
thp_fault_alloc 2466
thp_fault_fallback 2522
thp_collapse_alloc 2709
thp_collapse_alloc_failed 0
thp_split 2020
thp_zero_page_alloc 1
thp_zero_page_alloc_failed 0
thp_promote 0
thp_fault_alloc 2508
thp_fault_fallback 2522
thp_collapse_alloc 2709
thp_collapse_alloc_failed 0
thp_split 2020
thp_zero_page_alloc 1
thp_zero_page_alloc_failed 0
thp_promote 0
thp_fault_alloc 2544
thp_fault_fallback 2522
thp_collapse_alloc 2709
thp_collapse_alloc_failed 0
thp_split 2020
thp_zero_page_alloc 1
thp_zero_page_alloc_failed 0
thp_promote 0
thp_fault_alloc 2582
thp_fault_fallback 2522
thp_collapse_alloc 2709
thp_collapse_alloc_failed 0
thp_split 2020
thp_zero_page_alloc 1
thp_zero_page_alloc_failed 0
thp_promote 0
thp_fault_alloc 2619
thp_fault_fallback 2522
thp_collapse_alloc 3036
thp_collapse_alloc_failed 0
thp_split 2020
thp_zero_page_alloc 1
thp_zero_page_alloc_failed 0
thp_promote 0
thp_fault_alloc 2652
thp_fault_fallback 2522
thp_collapse_alloc 3630
thp_collapse_alloc_failed 0
thp_split 2020
thp_zero_page_alloc 1
thp_zero_page_alloc_failed 0
thp_promote 0
thp_fault_alloc 2688
thp_fault_fallback 2522
thp_collapse_alloc 3630
thp_collapse_alloc_failed 0
thp_split 2020
thp_zero_page_alloc 1
thp_zero_page_alloc_failed 0
thp_promote 0
thp_fault_alloc 2726
thp_fault_fallback 2522
thp_collapse_alloc 3630
thp_collapse_alloc_failed 0
thp_split 2020
thp_zero_page_alloc 1
thp_zero_page_alloc_failed 0
thp_promote 0
thp_fault_alloc 2765
thp_fault_fallback 2522
thp_collapse_alloc 3630
thp_collapse_alloc_failed 0
thp_split 2020
thp_zero_page_alloc 1
thp_zero_page_alloc_failed 0
thp_promote 0
thp_fault_alloc 2805
thp_fault_fallback 2522
thp_collapse_alloc 3630
thp_collapse_alloc_failed 0
thp_split 2020
thp_zero_page_alloc 1
thp_zero_page_alloc_failed 0
thp_promote 0
thp_fault_alloc 2843
thp_fault_fallback 2522
thp_collapse_alloc 3630
thp_collapse_alloc_failed 0
thp_split 2021
thp_zero_page_alloc 1
thp_zero_page_alloc_failed 0
thp_promote 0
thp_fault_alloc 2882
thp_fault_fallback 2522
thp_collapse_alloc 3630
thp_collapse_alloc_failed 0
thp_split 2021
thp_zero_page_alloc 1
thp_zero_page_alloc_failed 0
thp_promote 0
thp_fault_alloc 2920
thp_fault_fallback 2522
thp_collapse_alloc 3630
thp_collapse_alloc_failed 0
thp_split 2021
thp_zero_page_alloc 1
thp_zero_page_alloc_failed 0
thp_promote 0
thp_fault_alloc 2958
thp_fault_fallback 2522
thp_collapse_alloc 3630
thp_collapse_alloc_failed 0
thp_split 2021
thp_zero_page_alloc 1
thp_zero_page_alloc_failed 0
thp_promote 0
thp_fault_alloc 2993
thp_fault_fallback 2522
thp_collapse_alloc 3630
thp_collapse_alloc_failed 0
thp_split 2021
thp_zero_page_alloc 1
thp_zero_page_alloc_failed 0
thp_promote 0
thp_fault_alloc 3031
thp_fault_fallback 2522
thp_collapse_alloc 3632
thp_collapse_alloc_failed 0
thp_split 2021
thp_zero_page_alloc 1
thp_zero_page_alloc_failed 0
thp_promote 0
thp_fault_alloc 3071
thp_fault_fallback 2522
thp_collapse_alloc 3632
thp_collapse_alloc_failed 0
thp_split 2021
thp_zero_page_alloc 1
thp_zero_page_alloc_failed 0
thp_promote 0
thp_fault_alloc 3112
thp_fault_fallback 2522
thp_collapse_alloc 3632
thp_collapse_alloc_failed 0
thp_split 2021
thp_zero_page_alloc 1
thp_zero_page_alloc_failed 0
thp_promote 0
thp_fault_alloc 3153
thp_fault_fallback 2522
thp_collapse_alloc 3632
thp_collapse_alloc_failed 0
thp_split 2021
thp_zero_page_alloc 1
thp_zero_page_alloc_failed 0
thp_promote 0
thp_fault_alloc 3192
thp_fault_fallback 2522
thp_collapse_alloc 3632
thp_collapse_alloc_failed 0
thp_split 2021
thp_zero_page_alloc 1
thp_zero_page_alloc_failed 0
thp_promote 0
thp_fault_alloc 3233
thp_fault_fallback 2522
thp_collapse_alloc 3632
thp_collapse_alloc_failed 0
thp_split 2021
thp_zero_page_alloc 1
thp_zero_page_alloc_failed 0
thp_promote 0
thp_fault_alloc 3272
thp_fault_fallback 2522
thp_collapse_alloc 3632
thp_collapse_alloc_failed 0
thp_split 2021
thp_zero_page_alloc 1
thp_zero_page_alloc_failed 0
thp_promote 0
thp_fault_alloc 3313
thp_fault_fallback 2522
thp_collapse_alloc 3632
thp_collapse_alloc_failed 0
thp_split 2021
thp_zero_page_alloc 1
thp_zero_page_alloc_failed 0
thp_promote 0
thp_fault_alloc 3352
thp_fault_fallback 2522
thp_collapse_alloc 3632
thp_collapse_alloc_failed 0
thp_split 2021
thp_zero_page_alloc 1
thp_zero_page_alloc_failed 0
thp_promote 0
thp_fault_alloc 3391
thp_fault_fallback 2522
thp_collapse_alloc 3632
thp_collapse_alloc_failed 0
thp_split 2021
thp_zero_page_alloc 1
thp_zero_page_alloc_failed 0
thp_promote 0
thp_fault_alloc 3432
thp_fault_fallback 2522
thp_collapse_alloc 3632
thp_collapse_alloc_failed 0
thp_split 2021
thp_zero_page_alloc 1
thp_zero_page_alloc_failed 0
thp_promote 0
thp_fault_alloc 3469
thp_fault_fallback 2522
thp_collapse_alloc 3632
thp_collapse_alloc_failed 0
thp_split 2021
thp_zero_page_alloc 1
thp_zero_page_alloc_failed 0
thp_promote 0
thp_fault_alloc 3509
thp_fault_fallback 2522
thp_collapse_alloc 3632
thp_collapse_alloc_failed 0
thp_split 2021
thp_zero_page_alloc 1
thp_zero_page_alloc_failed 0
thp_promote 0
thp_fault_alloc 3547
thp_fault_fallback 2522
thp_collapse_alloc 3632
thp_collapse_alloc_failed 0
thp_split 2021
thp_zero_page_alloc 1
thp_zero_page_alloc_failed 0
thp_promote 0
thp_fault_alloc 3586
thp_fault_fallback 2522
thp_collapse_alloc 3632
thp_collapse_alloc_failed 0
thp_split 2021
thp_zero_page_alloc 1
thp_zero_page_alloc_failed 0
thp_promote 0
thp_fault_alloc 3623
thp_fault_fallback 2522
thp_collapse_alloc 3632
thp_collapse_alloc_failed 0
thp_split 2022
thp_zero_page_alloc 1
thp_zero_page_alloc_failed 0
thp_promote 0
thp_fault_alloc 3662
thp_fault_fallback 2522
thp_collapse_alloc 3632
thp_collapse_alloc_failed 0
thp_split 2022
thp_zero_page_alloc 1
thp_zero_page_alloc_failed 0
thp_promote 0
thp_fault_alloc 3699
thp_fault_fallback 2522
thp_collapse_alloc 3632
thp_collapse_alloc_failed 0
thp_split 2022
thp_zero_page_alloc 1
thp_zero_page_alloc_failed 0
thp_promote 0
thp_fault_alloc 3721
thp_fault_fallback 3034
thp_collapse_alloc 3632
thp_collapse_alloc_failed 0
thp_split 2022
thp_zero_page_alloc 1
thp_zero_page_alloc_failed 0
thp_promote 0
thp_fault_alloc 3740
thp_fault_fallback 3034
thp_collapse_alloc 3746
thp_collapse_alloc_failed 0
thp_split 2022
thp_zero_page_alloc 1
thp_zero_page_alloc_failed 0
thp_promote 0
thp_fault_alloc 3758
thp_fault_fallback 3034
thp_collapse_alloc 4124
thp_collapse_alloc_failed 0
thp_split 2022
thp_zero_page_alloc 1
thp_zero_page_alloc_failed 0
thp_promote 0
thp_fault_alloc 3780
thp_fault_fallback 3034
thp_collapse_alloc 4124
thp_collapse_alloc_failed 0
thp_split 2022
thp_zero_page_alloc 1
thp_zero_page_alloc_failed 0
thp_promote 0
thp_fault_alloc 3802
thp_fault_fallback 3034
thp_collapse_alloc 4124
thp_collapse_alloc_failed 0
thp_split 2022
thp_zero_page_alloc 1
thp_zero_page_alloc_failed 0
thp_promote 0
thp_fault_alloc 3824
thp_fault_fallback 3034
thp_collapse_alloc 4124
thp_collapse_alloc_failed 0
thp_split 2022
thp_zero_page_alloc 1
thp_zero_page_alloc_failed 0
thp_promote 0
thp_fault_alloc 3846
thp_fault_fallback 3034
thp_collapse_alloc 4124
thp_collapse_alloc_failed 0
thp_split 2022
thp_zero_page_alloc 1
thp_zero_page_alloc_failed 0
thp_promote 0
thp_fault_alloc 3870
thp_fault_fallback 3034
thp_collapse_alloc 4124
thp_collapse_alloc_failed 0
thp_split 2022
thp_zero_page_alloc 1
thp_zero_page_alloc_failed 0
thp_promote 0
thp_fault_alloc 3892
thp_fault_fallback 3034
thp_collapse_alloc 4124
thp_collapse_alloc_failed 0
thp_split 2022
thp_zero_page_alloc 1
thp_zero_page_alloc_failed 0
thp_promote 0
thp_fault_alloc 3914
thp_fault_fallback 3034
thp_collapse_alloc 4124
thp_collapse_alloc_failed 0
thp_split 2022
thp_zero_page_alloc 1
thp_zero_page_alloc_failed 0
thp_promote 0
thp_fault_alloc 3938
thp_fault_fallback 3034
thp_collapse_alloc 4124
thp_collapse_alloc_failed 0
thp_split 2022
thp_zero_page_alloc 1
thp_zero_page_alloc_failed 0
thp_promote 0
thp_fault_alloc 3961
thp_fault_fallback 3034
thp_collapse_alloc 4124
thp_collapse_alloc_failed 0
thp_split 2022
thp_zero_page_alloc 1
thp_zero_page_alloc_failed 0
thp_promote 0
thp_fault_alloc 3983
thp_fault_fallback 3034
thp_collapse_alloc 4151
thp_collapse_alloc_failed 0
thp_split 2022
thp_zero_page_alloc 1
thp_zero_page_alloc_failed 0
thp_promote 0
thp_fault_alloc 4005
thp_fault_fallback 3034
thp_collapse_alloc 4151
thp_collapse_alloc_failed 0
thp_split 2022
thp_zero_page_alloc 1
thp_zero_page_alloc_failed 0
thp_promote 0
thp_fault_alloc 4027
thp_fault_fallback 3034
thp_collapse_alloc 4151
thp_collapse_alloc_failed 0
thp_split 2022
thp_zero_page_alloc 1
thp_zero_page_alloc_failed 0
thp_promote 0
thp_fault_alloc 4050
thp_fault_fallback 3034
thp_collapse_alloc 4151
thp_collapse_alloc_failed 0
thp_split 2022
thp_zero_page_alloc 1
thp_zero_page_alloc_failed 0
thp_promote 0
thp_fault_alloc 4071
thp_fault_fallback 3034
thp_collapse_alloc 4151
thp_collapse_alloc_failed 0
thp_split 2022
thp_zero_page_alloc 1
thp_zero_page_alloc_failed 0
thp_promote 0
thp_fault_alloc 4094
thp_fault_fallback 3034
thp_collapse_alloc 4151
thp_collapse_alloc_failed 0
thp_split 2022
thp_zero_page_alloc 1
thp_zero_page_alloc_failed 0
thp_promote 0
thp_fault_alloc 4117
thp_fault_fallback 3034
thp_collapse_alloc 4151
thp_collapse_alloc_failed 0
thp_split 2022
thp_zero_page_alloc 1
thp_zero_page_alloc_failed 0
thp_promote 0
thp_fault_alloc 4140
thp_fault_fallback 3034
thp_collapse_alloc 4151
thp_collapse_alloc_failed 0
thp_split 2022
thp_zero_page_alloc 1
thp_zero_page_alloc_failed 0
thp_promote 0
thp_fault_alloc 4162
thp_fault_fallback 3034
thp_collapse_alloc 4151
thp_collapse_alloc_failed 0
thp_split 2022
thp_zero_page_alloc 1
thp_zero_page_alloc_failed 0
thp_promote 0
thp_fault_alloc 4185
thp_fault_fallback 3034
thp_collapse_alloc 4151
thp_collapse_alloc_failed 0
thp_split 2022
thp_zero_page_alloc 1
thp_zero_page_alloc_failed 0
thp_promote 0
thp_fault_alloc 4208
thp_fault_fallback 3034
thp_collapse_alloc 4151
thp_collapse_alloc_failed 0
thp_split 2022
thp_zero_page_alloc 1
thp_zero_page_alloc_failed 0
thp_promote 0
thp_fault_alloc 4231
thp_fault_fallback 3034
thp_collapse_alloc 4151
thp_collapse_alloc_failed 0
thp_split 2022
thp_zero_page_alloc 1
thp_zero_page_alloc_failed 0
thp_promote 0
thp_fault_alloc 4255
thp_fault_fallback 3034
thp_collapse_alloc 4151
thp_collapse_alloc_failed 0
thp_split 2022
thp_zero_page_alloc 1
thp_zero_page_alloc_failed 0
thp_promote 0
thp_fault_alloc 4293
thp_fault_fallback 3034
thp_collapse_alloc 4151
thp_collapse_alloc_failed 0
thp_split 2022
thp_zero_page_alloc 1
thp_zero_page_alloc_failed 0
thp_promote 0
thp_fault_alloc 4330
thp_fault_fallback 3034
thp_collapse_alloc 4151
thp_collapse_alloc_failed 0
thp_split 2022
thp_zero_page_alloc 1
thp_zero_page_alloc_failed 0
thp_promote 0
thp_fault_alloc 4367
thp_fault_fallback 3034
thp_collapse_alloc 4151
thp_collapse_alloc_failed 0
thp_split 2022
thp_zero_page_alloc 1
thp_zero_page_alloc_failed 0
thp_promote 0
thp_fault_alloc 4405
thp_fault_fallback 7081
thp_collapse_alloc 4151
thp_collapse_alloc_failed 0
thp_split 6069
thp_zero_page_alloc 1
thp_zero_page_alloc_failed 0
thp_promote 0
thp_fault_alloc 4421
thp_fault_fallback 7127
thp_collapse_alloc 4151
thp_collapse_alloc_failed 0
thp_split 6115
thp_zero_page_alloc 1
thp_zero_page_alloc_failed 0
thp_promote 0
thp_fault_alloc 4437
thp_fault_fallback 7127
thp_collapse_alloc 4151
thp_collapse_alloc_failed 0
thp_split 6115
thp_zero_page_alloc 1
thp_zero_page_alloc_failed 0
thp_promote 0
thp_fault_alloc 4458
thp_fault_fallback 7127
thp_collapse_alloc 4152
thp_collapse_alloc_failed 0
thp_split 6115
thp_zero_page_alloc 1
thp_zero_page_alloc_failed 0
thp_promote 0
thp_fault_alloc 4479
thp_fault_fallback 7127
thp_collapse_alloc 4152
thp_collapse_alloc_failed 0
thp_split 6115
thp_zero_page_alloc 1
thp_zero_page_alloc_failed 0
thp_promote 0
thp_fault_alloc 4506
thp_fault_fallback 7127
thp_collapse_alloc 4152
thp_collapse_alloc_failed 0
thp_split 6115
thp_zero_page_alloc 1
thp_zero_page_alloc_failed 0
thp_promote 0
thp_fault_alloc 4532
thp_fault_fallback 7127
thp_collapse_alloc 4152
thp_collapse_alloc_failed 0
thp_split 6115
thp_zero_page_alloc 1
thp_zero_page_alloc_failed 0
thp_promote 0
thp_fault_alloc 4559
thp_fault_fallback 7127
thp_collapse_alloc 4152
thp_collapse_alloc_failed 0
thp_split 6115
thp_zero_page_alloc 1
thp_zero_page_alloc_failed 0
thp_promote 0
thp_fault_alloc 4597
thp_fault_fallback 7127
thp_collapse_alloc 4152
thp_collapse_alloc_failed 0
thp_split 6115
thp_zero_page_alloc 1
thp_zero_page_alloc_failed 0
thp_promote 0
thp_fault_alloc 4625
thp_fault_fallback 7127
thp_collapse_alloc 4152
thp_collapse_alloc_failed 0
thp_split 6115
thp_zero_page_alloc 1
thp_zero_page_alloc_failed 0
thp_promote 0
thp_fault_alloc 4655
thp_fault_fallback 7127
thp_collapse_alloc 4152
thp_collapse_alloc_failed 0
thp_split 6115
thp_zero_page_alloc 1
thp_zero_page_alloc_failed 0
thp_promote 0
thp_fault_alloc 4684
thp_fault_fallback 7127
thp_collapse_alloc 4152
thp_collapse_alloc_failed 0
thp_split 6115
thp_zero_page_alloc 1
thp_zero_page_alloc_failed 0
thp_promote 0
thp_fault_alloc 4701
thp_fault_fallback 7127
thp_collapse_alloc 5079
thp_collapse_alloc_failed 0
thp_split 6115
thp_zero_page_alloc 1
thp_zero_page_alloc_failed 0
thp_promote 0
thp_fault_alloc 4731
thp_fault_fallback 7127
thp_collapse_alloc 5176
thp_collapse_alloc_failed 0
thp_split 6115
thp_zero_page_alloc 1
thp_zero_page_alloc_failed 0
thp_promote 0
thp_fault_alloc 4762
thp_fault_fallback 7127
thp_collapse_alloc 5176
thp_collapse_alloc_failed 0
thp_split 6115
thp_zero_page_alloc 1
thp_zero_page_alloc_failed 0
thp_promote 0
thp_fault_alloc 4792
thp_fault_fallback 7127
thp_collapse_alloc 5176
thp_collapse_alloc_failed 0
thp_split 6115
thp_zero_page_alloc 1
thp_zero_page_alloc_failed 0
thp_promote 0
thp_fault_alloc 4825
thp_fault_fallback 7127
thp_collapse_alloc 5176
thp_collapse_alloc_failed 0
thp_split 6115
thp_zero_page_alloc 1
thp_zero_page_alloc_failed 0
thp_promote 0
thp_fault_alloc 4857
thp_fault_fallback 7127
thp_collapse_alloc 5176
thp_collapse_alloc_failed 0
thp_split 6115
thp_zero_page_alloc 1
thp_zero_page_alloc_failed 0
thp_promote 0
thp_fault_alloc 4890
thp_fault_fallback 7127
thp_collapse_alloc 5176
thp_collapse_alloc_failed 0
thp_split 6115
thp_zero_page_alloc 1
thp_zero_page_alloc_failed 0
thp_promote 0
thp_fault_alloc 4930
thp_fault_fallback 7127
thp_collapse_alloc 5176
thp_collapse_alloc_failed 0
thp_split 6115
thp_zero_page_alloc 1
thp_zero_page_alloc_failed 0
thp_promote 0
thp_fault_alloc 4962
thp_fault_fallback 7127
thp_collapse_alloc 5176
thp_collapse_alloc_failed 0
thp_split 6115
thp_zero_page_alloc 1
thp_zero_page_alloc_failed 0
thp_promote 0
thp_fault_alloc 4997
thp_fault_fallback 7127
thp_collapse_alloc 5176
thp_collapse_alloc_failed 0
thp_split 6115
thp_zero_page_alloc 1
thp_zero_page_alloc_failed 0
thp_promote 0
thp_fault_alloc 5030
thp_fault_fallback 7127
thp_collapse_alloc 5176
thp_collapse_alloc_failed 0
thp_split 6115
thp_zero_page_alloc 1
thp_zero_page_alloc_failed 0
thp_promote 0
thp_fault_alloc 5065
thp_fault_fallback 7127
thp_collapse_alloc 5176
thp_collapse_alloc_failed 0
thp_split 6115
thp_zero_page_alloc 1
thp_zero_page_alloc_failed 0
thp_promote 0
thp_fault_alloc 5101
thp_fault_fallback 7127
thp_collapse_alloc 5176
thp_collapse_alloc_failed 0
thp_split 6115
thp_zero_page_alloc 1
thp_zero_page_alloc_failed 0
thp_promote 0
thp_fault_alloc 5136
thp_fault_fallback 7127
thp_collapse_alloc 5176
thp_collapse_alloc_failed 0
thp_split 6115
thp_zero_page_alloc 1
thp_zero_page_alloc_failed 0
thp_promote 0
thp_fault_alloc 5169
thp_fault_fallback 7127
thp_collapse_alloc 5176
thp_collapse_alloc_failed 0
thp_split 6115
thp_zero_page_alloc 1
thp_zero_page_alloc_failed 0
thp_promote 0
thp_fault_alloc 5202
thp_fault_fallback 7127
thp_collapse_alloc 5176
thp_collapse_alloc_failed 0
thp_split 6115
thp_zero_page_alloc 1
thp_zero_page_alloc_failed 0
thp_promote 0
thp_fault_alloc 5235
thp_fault_fallback 7127
thp_collapse_alloc 5176
thp_collapse_alloc_failed 0
thp_split 6115
thp_zero_page_alloc 1
thp_zero_page_alloc_failed 0
thp_promote 0
thp_fault_alloc 5269
thp_fault_fallback 7127
thp_collapse_alloc 5176
thp_collapse_alloc_failed 0
thp_split 6115
thp_zero_page_alloc 1
thp_zero_page_alloc_failed 0
thp_promote 0
thp_fault_alloc 5304
thp_fault_fallback 7127
thp_collapse_alloc 5176
thp_collapse_alloc_failed 0
thp_split 6115
thp_zero_page_alloc 1
thp_zero_page_alloc_failed 0
thp_promote 0
thp_fault_alloc 5335
thp_fault_fallback 7127
thp_collapse_alloc 5485
thp_collapse_alloc_failed 0
thp_split 6115
thp_zero_page_alloc 1
thp_zero_page_alloc_failed 0
thp_promote 0
thp_fault_alloc 5365
thp_fault_fallback 7127
thp_collapse_alloc 5634
thp_collapse_alloc_failed 0
thp_split 6115
thp_zero_page_alloc 1
thp_zero_page_alloc_failed 0
thp_promote 0
thp_fault_alloc 5399
thp_fault_fallback 7127
thp_collapse_alloc 5634
thp_collapse_alloc_failed 0
thp_split 6115
thp_zero_page_alloc 1
thp_zero_page_alloc_failed 0
thp_promote 0
thp_fault_alloc 5444
thp_fault_fallback 7127
thp_collapse_alloc 5634
thp_collapse_alloc_failed 0
thp_split 6115
thp_zero_page_alloc 1
thp_zero_page_alloc_failed 0
thp_promote 0
thp_fault_alloc 5477
thp_fault_fallback 7127
thp_collapse_alloc 5634
thp_collapse_alloc_failed 0
thp_split 6115
thp_zero_page_alloc 1
thp_zero_page_alloc_failed 0
thp_promote 0
thp_fault_alloc 5603
thp_fault_fallback 7127
thp_collapse_alloc 5634
thp_collapse_alloc_failed 0
thp_split 6115
thp_zero_page_alloc 1
thp_zero_page_alloc_failed 0
thp_promote 0
thp_fault_alloc 5635
thp_fault_fallback 7127
thp_collapse_alloc 5634
thp_collapse_alloc_failed 0
thp_split 6115
thp_zero_page_alloc 1
thp_zero_page_alloc_failed 0
thp_promote 0
thp_fault_alloc 5667
thp_fault_fallback 7127
thp_collapse_alloc 5819
thp_collapse_alloc_failed 0
thp_split 6115
thp_zero_page_alloc 1
thp_zero_page_alloc_failed 0
thp_promote 0
thp_fault_alloc 5697
thp_fault_fallback 7127
thp_collapse_alloc 7304
thp_collapse_alloc_failed 0
thp_split 6115
thp_zero_page_alloc 1
thp_zero_page_alloc_failed 0
thp_promote 0
thp_fault_alloc 5727
thp_fault_fallback 7127
thp_collapse_alloc 8141
thp_collapse_alloc_failed 0
thp_split 6115
thp_zero_page_alloc 1
thp_zero_page_alloc_failed 0
thp_promote 0
thp_fault_alloc 5760
thp_fault_fallback 7127
thp_collapse_alloc 8141
thp_collapse_alloc_failed 0
thp_split 6115
thp_zero_page_alloc 1
thp_zero_page_alloc_failed 0
thp_promote 0
thp_fault_alloc 5793
thp_fault_fallback 7127
thp_collapse_alloc 8141
thp_collapse_alloc_failed 0
thp_split 6115
thp_zero_page_alloc 1
thp_zero_page_alloc_failed 0
thp_promote 0
thp_fault_alloc 5829
thp_fault_fallback 7127
thp_collapse_alloc 8141
thp_collapse_alloc_failed 0
thp_split 6115
thp_zero_page_alloc 1
thp_zero_page_alloc_failed 0
thp_promote 0
thp_fault_alloc 5861
thp_fault_fallback 7127
thp_collapse_alloc 8141
thp_collapse_alloc_failed 0
thp_split 6115
thp_zero_page_alloc 1
thp_zero_page_alloc_failed 0
thp_promote 0
thp_fault_alloc 5897
thp_fault_fallback 7127
thp_collapse_alloc 8141
thp_collapse_alloc_failed 0
thp_split 6115
thp_zero_page_alloc 1
thp_zero_page_alloc_failed 0
thp_promote 0
thp_fault_alloc 5931
thp_fault_fallback 7127
thp_collapse_alloc 8141
thp_collapse_alloc_failed 0
thp_split 6115
thp_zero_page_alloc 1
thp_zero_page_alloc_failed 0
thp_promote 0
thp_fault_alloc 5964
thp_fault_fallback 7127
thp_collapse_alloc 8141
thp_collapse_alloc_failed 0
thp_split 6115
thp_zero_page_alloc 1
thp_zero_page_alloc_failed 0
thp_promote 0
thp_fault_alloc 5998
thp_fault_fallback 7127
thp_collapse_alloc 8141
thp_collapse_alloc_failed 0
thp_split 6115
thp_zero_page_alloc 1
thp_zero_page_alloc_failed 0
thp_promote 0
thp_fault_alloc 6032
thp_fault_fallback 7127
thp_collapse_alloc 8141
thp_collapse_alloc_failed 0
thp_split 6115
thp_zero_page_alloc 1
thp_zero_page_alloc_failed 0
thp_promote 0
thp_fault_alloc 6060
thp_fault_fallback 7127
thp_collapse_alloc 9412
thp_collapse_alloc_failed 0
thp_split 6115
thp_zero_page_alloc 1
thp_zero_page_alloc_failed 0
thp_promote 0
thp_fault_alloc 6089
thp_fault_fallback 7127
thp_collapse_alloc 10258
thp_collapse_alloc_failed 0
thp_split 6115
thp_zero_page_alloc 1
thp_zero_page_alloc_failed 0
thp_promote 0
thp_fault_alloc 6121
thp_fault_fallback 7127
thp_collapse_alloc 10258
thp_collapse_alloc_failed 0
thp_split 6115
thp_zero_page_alloc 1
thp_zero_page_alloc_failed 0
thp_promote 0
thp_fault_alloc 6152
thp_fault_fallback 7127
thp_collapse_alloc 10258
thp_collapse_alloc_failed 0
thp_split 6115
thp_zero_page_alloc 1
thp_zero_page_alloc_failed 0
thp_promote 0
thp_fault_alloc 6186
thp_fault_fallback 7127
thp_collapse_alloc 10258
thp_collapse_alloc_failed 0
thp_split 6115
thp_zero_page_alloc 1
thp_zero_page_alloc_failed 0
thp_promote 0
thp_fault_alloc 6219
thp_fault_fallback 7127
thp_collapse_alloc 10258
thp_collapse_alloc_failed 0
thp_split 6115
thp_zero_page_alloc 1
thp_zero_page_alloc_failed 0
thp_promote 0
thp_fault_alloc 6253
thp_fault_fallback 7127
thp_collapse_alloc 10258
thp_collapse_alloc_failed 0
thp_split 6115
thp_zero_page_alloc 1
thp_zero_page_alloc_failed 0
thp_promote 0
thp_fault_alloc 6287
thp_fault_fallback 7127
thp_collapse_alloc 10258
thp_collapse_alloc_failed 0
thp_split 6115
thp_zero_page_alloc 1
thp_zero_page_alloc_failed 0
thp_promote 0
thp_fault_alloc 6321
thp_fault_fallback 7127
thp_collapse_alloc 10258
thp_collapse_alloc_failed 0
thp_split 6115
thp_zero_page_alloc 1
thp_zero_page_alloc_failed 0
thp_promote 0
thp_fault_alloc 6353
thp_fault_fallback 7127
thp_collapse_alloc 10258
thp_collapse_alloc_failed 0
thp_split 6115
thp_zero_page_alloc 1
thp_zero_page_alloc_failed 0
thp_promote 0
thp_fault_alloc 6386
thp_fault_fallback 7127
thp_collapse_alloc 10258
thp_collapse_alloc_failed 0
thp_split 6115
thp_zero_page_alloc 1
thp_zero_page_alloc_failed 0
thp_promote 0
thp_fault_alloc 6419
thp_fault_fallback 7127
thp_collapse_alloc 10258
thp_collapse_alloc_failed 0
thp_split 6115
thp_zero_page_alloc 1
thp_zero_page_alloc_failed 0
thp_promote 0
thp_fault_alloc 6451
thp_fault_fallback 7127
thp_collapse_alloc 10258
thp_collapse_alloc_failed 0
thp_split 6115
thp_zero_page_alloc 1
thp_zero_page_alloc_failed 0
thp_promote 0
thp_fault_alloc 6484
thp_fault_fallback 7127
thp_collapse_alloc 10258
thp_collapse_alloc_failed 0
thp_split 6115
thp_zero_page_alloc 1
thp_zero_page_alloc_failed 0
thp_promote 0
thp_fault_alloc 6519
thp_fault_fallback 7127
thp_collapse_alloc 10258
thp_collapse_alloc_failed 0
thp_split 6115
thp_zero_page_alloc 1
thp_zero_page_alloc_failed 0
thp_promote 0
thp_fault_alloc 6553
thp_fault_fallback 7127
thp_collapse_alloc 10258
thp_collapse_alloc_failed 0
thp_split 6115
thp_zero_page_alloc 1
thp_zero_page_alloc_failed 0
thp_promote 0
thp_fault_alloc 6583
thp_fault_fallback 7127
thp_collapse_alloc 10258
thp_collapse_alloc_failed 0
thp_split 6115
thp_zero_page_alloc 1
thp_zero_page_alloc_failed 0
thp_promote 0
thp_fault_alloc 6613
thp_fault_fallback 7127
thp_collapse_alloc 10258
thp_collapse_alloc_failed 0
thp_split 6115
thp_zero_page_alloc 1
thp_zero_page_alloc_failed 0
thp_promote 0
thp_fault_alloc 6648
thp_fault_fallback 7127
thp_collapse_alloc 10258
thp_collapse_alloc_failed 0
thp_split 6115
thp_zero_page_alloc 1
thp_zero_page_alloc_failed 0
thp_promote 0
thp_fault_alloc 6679
thp_fault_fallback 7127
thp_collapse_alloc 10258
thp_collapse_alloc_failed 0
thp_split 6115
thp_zero_page_alloc 1
thp_zero_page_alloc_failed 0
thp_promote 0
thp_fault_alloc 6715
thp_fault_fallback 7127
thp_collapse_alloc 10258
thp_collapse_alloc_failed 0
thp_split 6115
thp_zero_page_alloc 1
thp_zero_page_alloc_failed 0
thp_promote 0
thp_fault_alloc 6754
thp_fault_fallback 7127
thp_collapse_alloc 10258
thp_collapse_alloc_failed 0
thp_split 6115
thp_zero_page_alloc 1
thp_zero_page_alloc_failed 0
thp_promote 0
thp_fault_alloc 6788
thp_fault_fallback 7127
thp_collapse_alloc 10258
thp_collapse_alloc_failed 0
thp_split 6115
thp_zero_page_alloc 1
thp_zero_page_alloc_failed 0
thp_promote 0
thp_fault_alloc 6820
thp_fault_fallback 7127
thp_collapse_alloc 10258
thp_collapse_alloc_failed 0
thp_split 6115
thp_zero_page_alloc 1
thp_zero_page_alloc_failed 0
thp_promote 0
thp_fault_alloc 6852
thp_fault_fallback 7127
thp_collapse_alloc 10258
thp_collapse_alloc_failed 0
thp_split 6115
thp_zero_page_alloc 1
thp_zero_page_alloc_failed 0
thp_promote 0
thp_fault_alloc 6884
thp_fault_fallback 7127
thp_collapse_alloc 10258
thp_collapse_alloc_failed 0
thp_split 6115
thp_zero_page_alloc 1
thp_zero_page_alloc_failed 0
thp_promote 0
thp_fault_alloc 6915
thp_fault_fallback 7127
thp_collapse_alloc 10258
thp_collapse_alloc_failed 0
thp_split 6115
thp_zero_page_alloc 1
thp_zero_page_alloc_failed 0
thp_promote 0
thp_fault_alloc 6947
thp_fault_fallback 7127
thp_collapse_alloc 10258
thp_collapse_alloc_failed 0
thp_split 6115
thp_zero_page_alloc 1
thp_zero_page_alloc_failed 0
thp_promote 0
thp_fault_alloc 6979
thp_fault_fallback 7127
thp_collapse_alloc 10258
thp_collapse_alloc_failed 0
thp_split 6115
thp_zero_page_alloc 1
thp_zero_page_alloc_failed 0
thp_promote 0
thp_fault_alloc 7009
thp_fault_fallback 7127
thp_collapse_alloc 10258
thp_collapse_alloc_failed 0
thp_split 6115
thp_zero_page_alloc 1
thp_zero_page_alloc_failed 0
thp_promote 0
thp_fault_alloc 7040
thp_fault_fallback 7127
thp_collapse_alloc 10258
thp_collapse_alloc_failed 0
thp_split 6115
thp_zero_page_alloc 1
thp_zero_page_alloc_failed 0
thp_promote 0
thp_fault_alloc 7073
thp_fault_fallback 7127
thp_collapse_alloc 10258
thp_collapse_alloc_failed 0
thp_split 6115
thp_zero_page_alloc 1
thp_zero_page_alloc_failed 0
thp_promote 0
thp_fault_alloc 7104
thp_fault_fallback 7127
thp_collapse_alloc 10258
thp_collapse_alloc_failed 0
thp_split 6115
thp_zero_page_alloc 1
thp_zero_page_alloc_failed 0
thp_promote 0
thp_fault_alloc 7135
thp_fault_fallback 7127
thp_collapse_alloc 10258
thp_collapse_alloc_failed 0
thp_split 6115
thp_zero_page_alloc 1
thp_zero_page_alloc_failed 0
thp_promote 0
thp_fault_alloc 7166
thp_fault_fallback 7127
thp_collapse_alloc 10258
thp_collapse_alloc_failed 0
thp_split 6115
thp_zero_page_alloc 1
thp_zero_page_alloc_failed 0
thp_promote 0
thp_fault_alloc 7196
thp_fault_fallback 7127
thp_collapse_alloc 10258
thp_collapse_alloc_failed 0
thp_split 6115
thp_zero_page_alloc 1
thp_zero_page_alloc_failed 0
thp_promote 0
thp_fault_alloc 7227
thp_fault_fallback 7127
thp_collapse_alloc 10258
thp_collapse_alloc_failed 0
thp_split 6115
thp_zero_page_alloc 1
thp_zero_page_alloc_failed 0
thp_promote 0
thp_fault_alloc 7258
thp_fault_fallback 7127
thp_collapse_alloc 10258
thp_collapse_alloc_failed 0
thp_split 6115
thp_zero_page_alloc 1
thp_zero_page_alloc_failed 0
thp_promote 0
thp_fault_alloc 7288
thp_fault_fallback 7127
thp_collapse_alloc 10258
thp_collapse_alloc_failed 0
thp_split 6115
thp_zero_page_alloc 1
thp_zero_page_alloc_failed 0
thp_promote 0
thp_fault_alloc 7317
thp_fault_fallback 7127
thp_collapse_alloc 10258
thp_collapse_alloc_failed 0
thp_split 6115
thp_zero_page_alloc 1
thp_zero_page_alloc_failed 0
thp_promote 0
thp_fault_alloc 7347
thp_fault_fallback 7127
thp_collapse_alloc 10258
thp_collapse_alloc_failed 0
thp_split 6115
thp_zero_page_alloc 1
thp_zero_page_alloc_failed 0
thp_promote 0
thp_fault_alloc 7378
thp_fault_fallback 7127
thp_collapse_alloc 10258
thp_collapse_alloc_failed 0
thp_split 6115
thp_zero_page_alloc 1
thp_zero_page_alloc_failed 0
thp_promote 0
thp_fault_alloc 7405
thp_fault_fallback 7127
thp_collapse_alloc 10258
thp_collapse_alloc_failed 0
thp_split 6115
thp_zero_page_alloc 1
thp_zero_page_alloc_failed 0
thp_promote 0
thp_fault_alloc 7432
thp_fault_fallback 7127
thp_collapse_alloc 10258
thp_collapse_alloc_failed 0
thp_split 6115
thp_zero_page_alloc 1
thp_zero_page_alloc_failed 0
thp_promote 0
thp_fault_alloc 7462
thp_fault_fallback 7127
thp_collapse_alloc 10258
thp_collapse_alloc_failed 0
thp_split 6115
thp_zero_page_alloc 1
thp_zero_page_alloc_failed 0
thp_promote 0
thp_fault_alloc 7492
thp_fault_fallback 7127
thp_collapse_alloc 10258
thp_collapse_alloc_failed 0
thp_split 6115
thp_zero_page_alloc 1
thp_zero_page_alloc_failed 0
thp_promote 0
thp_fault_alloc 7522
thp_fault_fallback 7127
thp_collapse_alloc 10258
thp_collapse_alloc_failed 0
thp_split 6115
thp_zero_page_alloc 1
thp_zero_page_alloc_failed 0
thp_promote 0
thp_fault_alloc 7553
thp_fault_fallback 7127
thp_collapse_alloc 10258
thp_collapse_alloc_failed 0
thp_split 6115
thp_zero_page_alloc 1
thp_zero_page_alloc_failed 0
thp_promote 0
thp_fault_alloc 7582
thp_fault_fallback 7127
thp_collapse_alloc 10258
thp_collapse_alloc_failed 0
thp_split 6115
thp_zero_page_alloc 1
thp_zero_page_alloc_failed 0
thp_promote 0
thp_fault_alloc 7612
thp_fault_fallback 7127
thp_collapse_alloc 10258
thp_collapse_alloc_failed 0
thp_split 6115
thp_zero_page_alloc 1
thp_zero_page_alloc_failed 0
thp_promote 0
thp_fault_alloc 7639
thp_fault_fallback 7127
thp_collapse_alloc 10258
thp_collapse_alloc_failed 0
thp_split 6115
thp_zero_page_alloc 1
thp_zero_page_alloc_failed 0
thp_promote 0
thp_fault_alloc 7670
thp_fault_fallback 7127
thp_collapse_alloc 10258
thp_collapse_alloc_failed 0
thp_split 6115
thp_zero_page_alloc 1
thp_zero_page_alloc_failed 0
thp_promote 0
thp_fault_alloc 7698
thp_fault_fallback 7127
thp_collapse_alloc 10258
thp_collapse_alloc_failed 0
thp_split 6115
thp_zero_page_alloc 1
thp_zero_page_alloc_failed 0
thp_promote 0
thp_fault_alloc 7729
thp_fault_fallback 7127
thp_collapse_alloc 10258
thp_collapse_alloc_failed 0
thp_split 6115
thp_zero_page_alloc 1
thp_zero_page_alloc_failed 0
thp_promote 0
thp_fault_alloc 7757
thp_fault_fallback 7127
thp_collapse_alloc 10258
thp_collapse_alloc_failed 0
thp_split 6115
thp_zero_page_alloc 1
thp_zero_page_alloc_failed 0
thp_promote 0
thp_fault_alloc 7786
thp_fault_fallback 7127
thp_collapse_alloc 10258
thp_collapse_alloc_failed 0
thp_split 6115
thp_zero_page_alloc 1
thp_zero_page_alloc_failed 0
thp_promote 0
thp_fault_alloc 7813
thp_fault_fallback 7127
thp_collapse_alloc 10258
thp_collapse_alloc_failed 0
thp_split 6115
thp_zero_page_alloc 1
thp_zero_page_alloc_failed 0
thp_promote 0
thp_fault_alloc 7829
thp_fault_fallback 13214
thp_collapse_alloc 10258
thp_collapse_alloc_failed 0
thp_split 12202
thp_zero_page_alloc 1
thp_zero_page_alloc_failed 0
thp_promote 0
thp_fault_alloc 7843
thp_fault_fallback 13214
thp_collapse_alloc 10258
thp_collapse_alloc_failed 0
thp_split 12202
thp_zero_page_alloc 1
thp_zero_page_alloc_failed 0
thp_promote 0
thp_fault_alloc 7867
thp_fault_fallback 13214
thp_collapse_alloc 10258
thp_collapse_alloc_failed 0
thp_split 12202
thp_zero_page_alloc 1
thp_zero_page_alloc_failed 0
thp_promote 0
thp_fault_alloc 7883
thp_fault_fallback 13214
thp_collapse_alloc 10258
thp_collapse_alloc_failed 0
thp_split 12202
thp_zero_page_alloc 1
thp_zero_page_alloc_failed 0
thp_promote 0
thp_fault_alloc 7900
thp_fault_fallback 13214
thp_collapse_alloc 10258
thp_collapse_alloc_failed 0
thp_split 12202
thp_zero_page_alloc 1
thp_zero_page_alloc_failed 0
thp_promote 0
thp_fault_alloc 7916
thp_fault_fallback 13214
thp_collapse_alloc 10258
thp_collapse_alloc_failed 0
thp_split 12202
thp_zero_page_alloc 1
thp_zero_page_alloc_failed 0
thp_promote 0
thp_fault_alloc 7932
thp_fault_fallback 13214
thp_collapse_alloc 10258
thp_collapse_alloc_failed 0
thp_split 12202
thp_zero_page_alloc 1
thp_zero_page_alloc_failed 0
thp_promote 0
thp_fault_alloc 7960
thp_fault_fallback 13214
thp_collapse_alloc 10258
thp_collapse_alloc_failed 0
thp_split 12202
thp_zero_page_alloc 1
thp_zero_page_alloc_failed 0
thp_promote 0
thp_fault_alloc 7978
thp_fault_fallback 13214
thp_collapse_alloc 10258
thp_collapse_alloc_failed 0
thp_split 12202
thp_zero_page_alloc 1
thp_zero_page_alloc_failed 0
thp_promote 0
thp_fault_alloc 7998
thp_fault_fallback 13214
thp_collapse_alloc 10258
thp_collapse_alloc_failed 0
thp_split 12202
thp_zero_page_alloc 1
thp_zero_page_alloc_failed 0
thp_promote 0
thp_fault_alloc 8016
thp_fault_fallback 13214
thp_collapse_alloc 10258
thp_collapse_alloc_failed 0
thp_split 12202
thp_zero_page_alloc 1
thp_zero_page_alloc_failed 0
thp_promote 0
thp_fault_alloc 8037
thp_fault_fallback 13214
thp_collapse_alloc 10401
thp_collapse_alloc_failed 0
thp_split 12202
thp_zero_page_alloc 1
thp_zero_page_alloc_failed 0
thp_promote 0
thp_fault_alloc 8058
thp_fault_fallback 13214
thp_collapse_alloc 10401
thp_collapse_alloc_failed 0
thp_split 12202
thp_zero_page_alloc 1
thp_zero_page_alloc_failed 0
thp_promote 0
thp_fault_alloc 8088
thp_fault_fallback 13214
thp_collapse_alloc 10401
thp_collapse_alloc_failed 0
thp_split 12202
thp_zero_page_alloc 1
thp_zero_page_alloc_failed 0
thp_promote 0
thp_fault_alloc 8110
thp_fault_fallback 13214
thp_collapse_alloc 10401
thp_collapse_alloc_failed 0
thp_split 12202
thp_zero_page_alloc 1
thp_zero_page_alloc_failed 0
thp_promote 0
thp_fault_alloc 8131
thp_fault_fallback 13214
thp_collapse_alloc 10401
thp_collapse_alloc_failed 0
thp_split 12202
thp_zero_page_alloc 1
thp_zero_page_alloc_failed 0
thp_promote 0
thp_fault_alloc 8156
thp_fault_fallback 13214
thp_collapse_alloc 10401
thp_collapse_alloc_failed 0
thp_split 12202
thp_zero_page_alloc 1
thp_zero_page_alloc_failed 0
thp_promote 0
thp_fault_alloc 8177
thp_fault_fallback 13214
thp_collapse_alloc 10401
thp_collapse_alloc_failed 0
thp_split 12202
thp_zero_page_alloc 1
thp_zero_page_alloc_failed 0
thp_promote 0
thp_fault_alloc 8202
thp_fault_fallback 13214
thp_collapse_alloc 10401
thp_collapse_alloc_failed 0
thp_split 12202
thp_zero_page_alloc 1
thp_zero_page_alloc_failed 0
thp_promote 0
thp_fault_alloc 8226
thp_fault_fallback 13214
thp_collapse_alloc 10401
thp_collapse_alloc_failed 0
thp_split 12202
thp_zero_page_alloc 1
thp_zero_page_alloc_failed 0
thp_promote 0
thp_fault_alloc 8244
thp_fault_fallback 13214
thp_collapse_alloc 11282
thp_collapse_alloc_failed 0
thp_split 12202
thp_zero_page_alloc 1
thp_zero_page_alloc_failed 0
thp_promote 0
thp_fault_alloc 8276
thp_fault_fallback 13214
thp_collapse_alloc 11282
thp_collapse_alloc_failed 0
thp_split 12202
thp_zero_page_alloc 1
thp_zero_page_alloc_failed 0
thp_promote 0
thp_fault_alloc 8303
thp_fault_fallback 13214
thp_collapse_alloc 11282
thp_collapse_alloc_failed 0
thp_split 12202
thp_zero_page_alloc 1
thp_zero_page_alloc_failed 0
thp_promote 0
thp_fault_alloc 8330
thp_fault_fallback 13214
thp_collapse_alloc 11282
thp_collapse_alloc_failed 0
thp_split 12202
thp_zero_page_alloc 1
thp_zero_page_alloc_failed 0
thp_promote 0
thp_fault_alloc 8356
thp_fault_fallback 13214
thp_collapse_alloc 11282
thp_collapse_alloc_failed 0
thp_split 12202
thp_zero_page_alloc 1
thp_zero_page_alloc_failed 0
thp_promote 0
thp_fault_alloc 8408
thp_fault_fallback 13214
thp_collapse_alloc 11282
thp_collapse_alloc_failed 0
thp_split 12202
thp_zero_page_alloc 1
thp_zero_page_alloc_failed 0
thp_promote 0
thp_fault_alloc 8433
thp_fault_fallback 13214
thp_collapse_alloc 11282
thp_collapse_alloc_failed 0
thp_split 12202
thp_zero_page_alloc 1
thp_zero_page_alloc_failed 0
thp_promote 0
thp_fault_alloc 8461
thp_fault_fallback 13214
thp_collapse_alloc 11282
thp_collapse_alloc_failed 0
thp_split 12202
thp_zero_page_alloc 1
thp_zero_page_alloc_failed 0
thp_promote 0
thp_fault_alloc 8487
thp_fault_fallback 13214
thp_collapse_alloc 11282
thp_collapse_alloc_failed 0
thp_split 12202
thp_zero_page_alloc 1
thp_zero_page_alloc_failed 0
thp_promote 0
thp_fault_alloc 8521
thp_fault_fallback 13214
thp_collapse_alloc 11582
thp_collapse_alloc_failed 0
thp_split 12202
thp_zero_page_alloc 1
thp_zero_page_alloc_failed 0
thp_promote 0
thp_fault_alloc 8545
thp_fault_fallback 13214
thp_collapse_alloc 11582
thp_collapse_alloc_failed 0
thp_split 12202
thp_zero_page_alloc 1
thp_zero_page_alloc_failed 0
thp_promote 0
thp_fault_alloc 8570
thp_fault_fallback 13214
thp_collapse_alloc 11582
thp_collapse_alloc_failed 0
thp_split 12202
thp_zero_page_alloc 1
thp_zero_page_alloc_failed 0
thp_promote 0
thp_fault_alloc 8597
thp_fault_fallback 13214
thp_collapse_alloc 11582
thp_collapse_alloc_failed 0
thp_split 12202
thp_zero_page_alloc 1
thp_zero_page_alloc_failed 0
thp_promote 0
thp_fault_alloc 8623
thp_fault_fallback 13214
thp_collapse_alloc 11582
thp_collapse_alloc_failed 0
thp_split 12202
thp_zero_page_alloc 1
thp_zero_page_alloc_failed 0
thp_promote 0
thp_fault_alloc 8652
thp_fault_fallback 13214
thp_collapse_alloc 11582
thp_collapse_alloc_failed 0
thp_split 12202
thp_zero_page_alloc 1
thp_zero_page_alloc_failed 0
thp_promote 0
thp_fault_alloc 8678
thp_fault_fallback 13214
thp_collapse_alloc 11582
thp_collapse_alloc_failed 0
thp_split 12202
thp_zero_page_alloc 1
thp_zero_page_alloc_failed 0
thp_promote 0
thp_fault_alloc 8704
thp_fault_fallback 13214
thp_collapse_alloc 11582
thp_collapse_alloc_failed 0
thp_split 12202
thp_zero_page_alloc 1
thp_zero_page_alloc_failed 0
thp_promote 0
thp_fault_alloc 8729
thp_fault_fallback 13214
thp_collapse_alloc 11582
thp_collapse_alloc_failed 0
thp_split 12202
thp_zero_page_alloc 1
thp_zero_page_alloc_failed 0
thp_promote 0
thp_fault_alloc 8753
thp_fault_fallback 13214
thp_collapse_alloc 12638
thp_collapse_alloc_failed 0
thp_split 12202
thp_zero_page_alloc 1
thp_zero_page_alloc_failed 0
thp_promote 0
thp_fault_alloc 8784
thp_fault_fallback 13214
thp_collapse_alloc 14162
thp_collapse_alloc_failed 0
thp_split 12202
thp_zero_page_alloc 1
thp_zero_page_alloc_failed 0
thp_promote 0
thp_fault_alloc 8807
thp_fault_fallback 13214
thp_collapse_alloc 15556
thp_collapse_alloc_failed 0
thp_split 12202
thp_zero_page_alloc 1
thp_zero_page_alloc_failed 0
thp_promote 0
thp_fault_alloc 8834
thp_fault_fallback 13214
thp_collapse_alloc 15714
thp_collapse_alloc_failed 0
thp_split 12202
thp_zero_page_alloc 1
thp_zero_page_alloc_failed 0
thp_promote 0
thp_fault_alloc 8860
thp_fault_fallback 13214
thp_collapse_alloc 15714
thp_collapse_alloc_failed 0
thp_split 12202
thp_zero_page_alloc 1
thp_zero_page_alloc_failed 0
thp_promote 0
thp_fault_alloc 8886
thp_fault_fallback 13214
thp_collapse_alloc 15714
thp_collapse_alloc_failed 0
thp_split 12202
thp_zero_page_alloc 1
thp_zero_page_alloc_failed 0
thp_promote 0
thp_fault_alloc 8911
thp_fault_fallback 13214
thp_collapse_alloc 15714
thp_collapse_alloc_failed 0
thp_split 12202
thp_zero_page_alloc 1
thp_zero_page_alloc_failed 0
thp_promote 0
thp_fault_alloc 8937
thp_fault_fallback 13214
thp_collapse_alloc 15714
thp_collapse_alloc_failed 0
thp_split 12202
thp_zero_page_alloc 1
thp_zero_page_alloc_failed 0
thp_promote 0
thp_fault_alloc 8962
thp_fault_fallback 13214
thp_collapse_alloc 15714
thp_collapse_alloc_failed 0
thp_split 12202
thp_zero_page_alloc 1
thp_zero_page_alloc_failed 0
thp_promote 0
thp_fault_alloc 8988
thp_fault_fallback 13214
thp_collapse_alloc 15714
thp_collapse_alloc_failed 0
thp_split 12202
thp_zero_page_alloc 1
thp_zero_page_alloc_failed 0
thp_promote 0
thp_fault_alloc 9012
thp_fault_fallback 13214
thp_collapse_alloc 15714
thp_collapse_alloc_failed 0
thp_split 12202
thp_zero_page_alloc 1
thp_zero_page_alloc_failed 0
thp_promote 0
thp_fault_alloc 9038
thp_fault_fallback 13214
thp_collapse_alloc 15714
thp_collapse_alloc_failed 0
thp_split 12202
thp_zero_page_alloc 1
thp_zero_page_alloc_failed 0
thp_promote 0
thp_fault_alloc 9063
thp_fault_fallback 13214
thp_collapse_alloc 16601
thp_collapse_alloc_failed 0
thp_split 12202
thp_zero_page_alloc 1
thp_zero_page_alloc_failed 0
thp_promote 0
thp_fault_alloc 9088
thp_fault_fallback 13214
thp_collapse_alloc 16777
thp_collapse_alloc_failed 0
thp_split 12202
thp_zero_page_alloc 1
thp_zero_page_alloc_failed 0
thp_promote 0
thp_fault_alloc 9123
thp_fault_fallback 13214
thp_collapse_alloc 16777
thp_collapse_alloc_failed 0
thp_split 12202
thp_zero_page_alloc 1
thp_zero_page_alloc_failed 0
thp_promote 0
thp_fault_alloc 9149
thp_fault_fallback 13214
thp_collapse_alloc 16777
thp_collapse_alloc_failed 0
thp_split 12202
thp_zero_page_alloc 1
thp_zero_page_alloc_failed 0
thp_promote 0
thp_fault_alloc 9173
thp_fault_fallback 13214
thp_collapse_alloc 16777
thp_collapse_alloc_failed 0
thp_split 12202
thp_zero_page_alloc 1
thp_zero_page_alloc_failed 0
thp_promote 0
thp_fault_alloc 9197
thp_fault_fallback 13214
thp_collapse_alloc 16777
thp_collapse_alloc_failed 0
thp_split 12202
thp_zero_page_alloc 1
thp_zero_page_alloc_failed 0
thp_promote 0
thp_fault_alloc 9224
thp_fault_fallback 13214
thp_collapse_alloc 16777
thp_collapse_alloc_failed 0
thp_split 12202
thp_zero_page_alloc 1
thp_zero_page_alloc_failed 0
thp_promote 0
thp_fault_alloc 9250
thp_fault_fallback 13214
thp_collapse_alloc 16777
thp_collapse_alloc_failed 0
thp_split 12202
thp_zero_page_alloc 1
thp_zero_page_alloc_failed 0
thp_promote 0
thp_fault_alloc 9275
thp_fault_fallback 13214
thp_collapse_alloc 16777
thp_collapse_alloc_failed 0
thp_split 12202
thp_zero_page_alloc 1
thp_zero_page_alloc_failed 0
thp_promote 0
thp_fault_alloc 9300
thp_fault_fallback 13214
thp_collapse_alloc 16777
thp_collapse_alloc_failed 0
thp_split 12202
thp_zero_page_alloc 1
thp_zero_page_alloc_failed 0
thp_promote 0
thp_fault_alloc 9325
thp_fault_fallback 13214
thp_collapse_alloc 16848
thp_collapse_alloc_failed 0
thp_split 12202
thp_zero_page_alloc 1
thp_zero_page_alloc_failed 0
thp_promote 0
thp_fault_alloc 9364
thp_fault_fallback 13214
thp_collapse_alloc 16848
thp_collapse_alloc_failed 0
thp_split 12202
thp_zero_page_alloc 1
thp_zero_page_alloc_failed 0
thp_promote 0
thp_fault_alloc 9389
thp_fault_fallback 13214
thp_collapse_alloc 16848
thp_collapse_alloc_failed 0
thp_split 12202
thp_zero_page_alloc 1
thp_zero_page_alloc_failed 0
thp_promote 0
thp_fault_alloc 9413
thp_fault_fallback 13214
thp_collapse_alloc 16848
thp_collapse_alloc_failed 0
thp_split 12202
thp_zero_page_alloc 1
thp_zero_page_alloc_failed 0
thp_promote 0
thp_fault_alloc 9438
thp_fault_fallback 13214
thp_collapse_alloc 16848
thp_collapse_alloc_failed 0
thp_split 12202
thp_zero_page_alloc 1
thp_zero_page_alloc_failed 0
thp_promote 0
thp_fault_alloc 9462
thp_fault_fallback 13214
thp_collapse_alloc 16848
thp_collapse_alloc_failed 0
thp_split 12202
thp_zero_page_alloc 1
thp_zero_page_alloc_failed 0
thp_promote 0
thp_fault_alloc 9486
thp_fault_fallback 13214
thp_collapse_alloc 16848
thp_collapse_alloc_failed 0
thp_split 12202
thp_zero_page_alloc 1
thp_zero_page_alloc_failed 0
thp_promote 0
thp_fault_alloc 9511
thp_fault_fallback 13214
thp_collapse_alloc 16848
thp_collapse_alloc_failed 0
thp_split 12202
thp_zero_page_alloc 1
thp_zero_page_alloc_failed 0
thp_promote 0
thp_fault_alloc 9535
thp_fault_fallback 13214
thp_collapse_alloc 16848
thp_collapse_alloc_failed 0
thp_split 12202
thp_zero_page_alloc 1
thp_zero_page_alloc_failed 0
thp_promote 0
thp_fault_alloc 9560
thp_fault_fallback 13214
thp_collapse_alloc 16852
thp_collapse_alloc_failed 0
thp_split 12202
thp_zero_page_alloc 1
thp_zero_page_alloc_failed 0
thp_promote 0
thp_fault_alloc 9600
thp_fault_fallback 13214
thp_collapse_alloc 16852
thp_collapse_alloc_failed 0
thp_split 12202
thp_zero_page_alloc 1
thp_zero_page_alloc_failed 0
thp_promote 0
thp_fault_alloc 9626
thp_fault_fallback 13214
thp_collapse_alloc 16852
thp_collapse_alloc_failed 0
thp_split 12202
thp_zero_page_alloc 1
thp_zero_page_alloc_failed 0
thp_promote 0
thp_fault_alloc 9648
thp_fault_fallback 13214
thp_collapse_alloc 16852
thp_collapse_alloc_failed 0
thp_split 12202
thp_zero_page_alloc 1
thp_zero_page_alloc_failed 0
thp_promote 0
thp_fault_alloc 9663
thp_fault_fallback 15262
thp_collapse_alloc 16852
thp_collapse_alloc_failed 0
thp_split 12202
thp_zero_page_alloc 1
thp_zero_page_alloc_failed 0
thp_promote 0
thp_fault_alloc 9677
thp_fault_fallback 15262
thp_collapse_alloc 16852
thp_collapse_alloc_failed 0
thp_split 12202
thp_zero_page_alloc 1
thp_zero_page_alloc_failed 0
thp_promote 0
thp_fault_alloc 9695
thp_fault_fallback 15262
thp_collapse_alloc 16852
thp_collapse_alloc_failed 0
thp_split 12202
thp_zero_page_alloc 1
thp_zero_page_alloc_failed 0
thp_promote 0
thp_fault_alloc 9711
thp_fault_fallback 15262
thp_collapse_alloc 16852
thp_collapse_alloc_failed 0
thp_split 12202
thp_zero_page_alloc 1
thp_zero_page_alloc_failed 0
thp_promote 0
thp_fault_alloc 9726
thp_fault_fallback 15262
thp_collapse_alloc 16852
thp_collapse_alloc_failed 0
thp_split 12202
thp_zero_page_alloc 1
thp_zero_page_alloc_failed 0
thp_promote 0
thp_fault_alloc 9737
thp_fault_fallback 15262
thp_collapse_alloc 18415
thp_collapse_alloc_failed 0
thp_split 12202
thp_zero_page_alloc 1
thp_zero_page_alloc_failed 0
thp_promote 0
thp_fault_alloc 9750
thp_fault_fallback 15262
thp_collapse_alloc 20116
thp_collapse_alloc_failed 0
thp_split 12202
thp_zero_page_alloc 1
thp_zero_page_alloc_failed 0
thp_promote 0
thp_fault_alloc 9772
thp_fault_fallback 15262
thp_collapse_alloc 21623
thp_collapse_alloc_failed 0
thp_split 12202
thp_zero_page_alloc 1
thp_zero_page_alloc_failed 0
thp_promote 0
thp_fault_alloc 9788
thp_fault_fallback 15262
thp_collapse_alloc 21632
thp_collapse_alloc_failed 0
thp_split 12202
thp_zero_page_alloc 1
thp_zero_page_alloc_failed 0
thp_promote 0
thp_fault_alloc 9806
thp_fault_fallback 15262
thp_collapse_alloc 21632
thp_collapse_alloc_failed 0
thp_split 12202
thp_zero_page_alloc 1
thp_zero_page_alloc_failed 0
thp_promote 0
thp_fault_alloc 9825
thp_fault_fallback 15262
thp_collapse_alloc 21632
thp_collapse_alloc_failed 0
thp_split 12202
thp_zero_page_alloc 1
thp_zero_page_alloc_failed 0
thp_promote 0
thp_fault_alloc 9841
thp_fault_fallback 15262
thp_collapse_alloc 21632
thp_collapse_alloc_failed 0
thp_split 12202
thp_zero_page_alloc 1
thp_zero_page_alloc_failed 0
thp_promote 0
thp_fault_alloc 9859
thp_fault_fallback 15262
thp_collapse_alloc 21632
thp_collapse_alloc_failed 0
thp_split 12202
thp_zero_page_alloc 1
thp_zero_page_alloc_failed 0
thp_promote 0
thp_fault_alloc 9877
thp_fault_fallback 15262
thp_collapse_alloc 21632
thp_collapse_alloc_failed 0
thp_split 12202
thp_zero_page_alloc 1
thp_zero_page_alloc_failed 0
thp_promote 0
thp_fault_alloc 9893
thp_fault_fallback 15262
thp_collapse_alloc 21632
thp_collapse_alloc_failed 0
thp_split 12202
thp_zero_page_alloc 1
thp_zero_page_alloc_failed 0
thp_promote 0
thp_fault_alloc 9910
thp_fault_fallback 15262
thp_collapse_alloc 21632
thp_collapse_alloc_failed 0
thp_split 12202
thp_zero_page_alloc 1
thp_zero_page_alloc_failed 0
thp_promote 0
thp_fault_alloc 9927
thp_fault_fallback 15262
thp_collapse_alloc 21632
thp_collapse_alloc_failed 0
thp_split 12202
thp_zero_page_alloc 1
thp_zero_page_alloc_failed 0
thp_promote 0
thp_fault_alloc 9944
thp_fault_fallback 15262
thp_collapse_alloc 21684
thp_collapse_alloc_failed 0
thp_split 12202
thp_zero_page_alloc 1
thp_zero_page_alloc_failed 0
thp_promote 0
thp_fault_alloc 9963
thp_fault_fallback 15262
thp_collapse_alloc 21684
thp_collapse_alloc_failed 0
thp_split 12202
thp_zero_page_alloc 1
thp_zero_page_alloc_failed 0
thp_promote 0
thp_fault_alloc 9980
thp_fault_fallback 15262
thp_collapse_alloc 21684
thp_collapse_alloc_failed 0
thp_split 12202
thp_zero_page_alloc 1
thp_zero_page_alloc_failed 0
thp_promote 0
thp_fault_alloc 9996
thp_fault_fallback 15262
thp_collapse_alloc 21684
thp_collapse_alloc_failed 0
thp_split 12202
thp_zero_page_alloc 1
thp_zero_page_alloc_failed 0
thp_promote 0
thp_fault_alloc 10013
thp_fault_fallback 15262
thp_collapse_alloc 21684
thp_collapse_alloc_failed 0
thp_split 12202
thp_zero_page_alloc 1
thp_zero_page_alloc_failed 0
thp_promote 0
thp_fault_alloc 10032
thp_fault_fallback 15262
thp_collapse_alloc 21684
thp_collapse_alloc_failed 0
thp_split 12202
thp_zero_page_alloc 1
thp_zero_page_alloc_failed 0
thp_promote 0
thp_fault_alloc 10051
thp_fault_fallback 15262
thp_collapse_alloc 21684
thp_collapse_alloc_failed 0
thp_split 12202
thp_zero_page_alloc 1
thp_zero_page_alloc_failed 0
thp_promote 0
thp_fault_alloc 10067
thp_fault_fallback 15262
thp_collapse_alloc 21684
thp_collapse_alloc_failed 0
thp_split 12202
thp_zero_page_alloc 1
thp_zero_page_alloc_failed 0
thp_promote 0
thp_fault_alloc 10082
thp_fault_fallback 15262
thp_collapse_alloc 21684
thp_collapse_alloc_failed 0
thp_split 12202
thp_zero_page_alloc 1
thp_zero_page_alloc_failed 0
thp_promote 0
thp_fault_alloc 10097
thp_fault_fallback 15262
thp_collapse_alloc 21684
thp_collapse_alloc_failed 0
thp_split 12202
thp_zero_page_alloc 1
thp_zero_page_alloc_failed 0
thp_promote 0
thp_fault_alloc 10107
thp_fault_fallback 15262
thp_collapse_alloc 21693
thp_collapse_alloc_failed 0
thp_split 12202
thp_zero_page_alloc 1
thp_zero_page_alloc_failed 0
thp_promote 0
thp_fault_alloc 10116
thp_fault_fallback 15262
thp_collapse_alloc 21693
thp_collapse_alloc_failed 0
thp_split 12202
thp_zero_page_alloc 1
thp_zero_page_alloc_failed 0
thp_promote 0
thp_fault_alloc 10124
thp_fault_fallback 15262
thp_collapse_alloc 21693
thp_collapse_alloc_failed 0
thp_split 12202
thp_zero_page_alloc 1
thp_zero_page_alloc_failed 0
thp_promote 0
thp_fault_alloc 10134
thp_fault_fallback 15262
thp_collapse_alloc 21693
thp_collapse_alloc_failed 0
thp_split 12202
thp_zero_page_alloc 1
thp_zero_page_alloc_failed 0
thp_promote 0
thp_fault_alloc 10143
thp_fault_fallback 15262
thp_collapse_alloc 21693
thp_collapse_alloc_failed 0
thp_split 12202
thp_zero_page_alloc 1
thp_zero_page_alloc_failed 0
thp_promote 0
thp_fault_alloc 10154
thp_fault_fallback 15262
thp_collapse_alloc 21693
thp_collapse_alloc_failed 0
thp_split 12202
thp_zero_page_alloc 1
thp_zero_page_alloc_failed 0
thp_promote 0
thp_fault_alloc 10163
thp_fault_fallback 15262
thp_collapse_alloc 21693
thp_collapse_alloc_failed 0
thp_split 12202
thp_zero_page_alloc 1
thp_zero_page_alloc_failed 0
thp_promote 0
thp_fault_alloc 10172
thp_fault_fallback 15262
thp_collapse_alloc 21693
thp_collapse_alloc_failed 0
thp_split 12202
thp_zero_page_alloc 1
thp_zero_page_alloc_failed 0
thp_promote 0
thp_fault_alloc 10182
thp_fault_fallback 15262
thp_collapse_alloc 21693
thp_collapse_alloc_failed 0
thp_split 12202
thp_zero_page_alloc 1
thp_zero_page_alloc_failed 0
thp_promote 0
thp_fault_alloc 10192
thp_fault_fallback 15262
thp_collapse_alloc 21693
thp_collapse_alloc_failed 0
thp_split 12202
thp_zero_page_alloc 1
thp_zero_page_alloc_failed 0
thp_promote 0
thp_fault_alloc 10202
thp_fault_fallback 15262
thp_collapse_alloc 21693
thp_collapse_alloc_failed 0
thp_split 12202
thp_zero_page_alloc 1
thp_zero_page_alloc_failed 0
thp_promote 0
thp_fault_alloc 10212
thp_fault_fallback 15262
thp_collapse_alloc 21693
thp_collapse_alloc_failed 0
thp_split 12202
thp_zero_page_alloc 1
thp_zero_page_alloc_failed 0
thp_promote 0
thp_fault_alloc 10220
thp_fault_fallback 15262
thp_collapse_alloc 21693
thp_collapse_alloc_failed 0
thp_split 12202
thp_zero_page_alloc 1
thp_zero_page_alloc_failed 0
thp_promote 0
thp_fault_alloc 10229
thp_fault_fallback 15262
thp_collapse_alloc 21693
thp_collapse_alloc_failed 0
thp_split 12202
thp_zero_page_alloc 1
thp_zero_page_alloc_failed 0
thp_promote 0
thp_fault_alloc 10238
thp_fault_fallback 15262
thp_collapse_alloc 21693
thp_collapse_alloc_failed 0
thp_split 12202
thp_zero_page_alloc 1
thp_zero_page_alloc_failed 0
thp_promote 0
thp_fault_alloc 10249
thp_fault_fallback 15262
thp_collapse_alloc 21693
thp_collapse_alloc_failed 0
thp_split 12202
thp_zero_page_alloc 1
thp_zero_page_alloc_failed 0
thp_promote 0
thp_fault_alloc 10259
thp_fault_fallback 15262
thp_collapse_alloc 21693
thp_collapse_alloc_failed 0
thp_split 12202
thp_zero_page_alloc 1
thp_zero_page_alloc_failed 0
thp_promote 0
thp_fault_alloc 10270
thp_fault_fallback 15262
thp_collapse_alloc 21693
thp_collapse_alloc_failed 0
thp_split 12202
thp_zero_page_alloc 1
thp_zero_page_alloc_failed 0
thp_promote 0
thp_fault_alloc 10280
thp_fault_fallback 15262
thp_collapse_alloc 21693
thp_collapse_alloc_failed 0
thp_split 12202
thp_zero_page_alloc 1
thp_zero_page_alloc_failed 0
thp_promote 0
thp_fault_alloc 10288
thp_fault_fallback 15262
thp_collapse_alloc 21693
thp_collapse_alloc_failed 0
thp_split 12202
thp_zero_page_alloc 1
thp_zero_page_alloc_failed 0
thp_promote 0
thp_fault_alloc 10296
thp_fault_fallback 15262
thp_collapse_alloc 21693
thp_collapse_alloc_failed 0
thp_split 12202
thp_zero_page_alloc 1
thp_zero_page_alloc_failed 0
thp_promote 0
thp_fault_alloc 10306
thp_fault_fallback 15262
thp_collapse_alloc 21693
thp_collapse_alloc_failed 0
thp_split 12202
thp_zero_page_alloc 1
thp_zero_page_alloc_failed 0
thp_promote 0
thp_fault_alloc 10315
thp_fault_fallback 15262
thp_collapse_alloc 21693
thp_collapse_alloc_failed 0
thp_split 12202
thp_zero_page_alloc 1
thp_zero_page_alloc_failed 0
thp_promote 0
thp_fault_alloc 10325
thp_fault_fallback 15262
thp_collapse_alloc 21693
thp_collapse_alloc_failed 0
thp_split 12202
thp_zero_page_alloc 1
thp_zero_page_alloc_failed 0
thp_promote 0
thp_fault_alloc 10335
thp_fault_fallback 15262
thp_collapse_alloc 21693
thp_collapse_alloc_failed 0
thp_split 12202
thp_zero_page_alloc 1
thp_zero_page_alloc_failed 0
thp_promote 0
thp_fault_alloc 10343
thp_fault_fallback 15262
thp_collapse_alloc 21693
thp_collapse_alloc_failed 0
thp_split 12202
thp_zero_page_alloc 1
thp_zero_page_alloc_failed 0
thp_promote 0
thp_fault_alloc 10343
thp_fault_fallback 15262
thp_collapse_alloc 21693
thp_collapse_alloc_failed 0
thp_split 12202
thp_zero_page_alloc 1
thp_zero_page_alloc_failed 0
thp_promote 0
thp_fault_alloc 10354
thp_fault_fallback 15262
thp_collapse_alloc 21693
thp_collapse_alloc_failed 0
thp_split 12202
thp_zero_page_alloc 1
thp_zero_page_alloc_failed 0
thp_promote 0
thp_fault_alloc 10362
thp_fault_fallback 15262
thp_collapse_alloc 21693
thp_collapse_alloc_failed 0
thp_split 12202
thp_zero_page_alloc 1
thp_zero_page_alloc_failed 0
thp_promote 0
thp_fault_alloc 10362
thp_fault_fallback 15262
thp_collapse_alloc 21693
thp_collapse_alloc_failed 0
thp_split 12202
thp_zero_page_alloc 1
thp_zero_page_alloc_failed 0
thp_promote 0
thp_fault_alloc 10371
thp_fault_fallback 15262
thp_collapse_alloc 21693
thp_collapse_alloc_failed 0
thp_split 12202
thp_zero_page_alloc 1
thp_zero_page_alloc_failed 0
thp_promote 0
thp_fault_alloc 10411
thp_fault_fallback 15274
thp_collapse_alloc 21693
thp_collapse_alloc_failed 0
thp_split 12214
thp_zero_page_alloc 1
thp_zero_page_alloc_failed 0
thp_promote 0
thp_fault_alloc 10450
thp_fault_fallback 15276
thp_collapse_alloc 21693
thp_collapse_alloc_failed 0
thp_split 12216
thp_zero_page_alloc 1
thp_zero_page_alloc_failed 0
thp_promote 0
thp_fault_alloc 10460
thp_fault_fallback 15276
thp_collapse_alloc 21693
thp_collapse_alloc_failed 0
thp_split 12216
thp_zero_page_alloc 1
thp_zero_page_alloc_failed 0
thp_promote 0
thp_fault_alloc 10533
thp_fault_fallback 15276
thp_collapse_alloc 21693
thp_collapse_alloc_failed 0
thp_split 12216
thp_zero_page_alloc 1
thp_zero_page_alloc_failed 0
thp_promote 0
thp_fault_alloc 10542
thp_fault_fallback 15276
thp_collapse_alloc 21693
thp_collapse_alloc_failed 0
thp_split 12216
thp_zero_page_alloc 1
thp_zero_page_alloc_failed 0
thp_promote 0
thp_fault_alloc 10626
thp_fault_fallback 15277
thp_collapse_alloc 21693
thp_collapse_alloc_failed 0
thp_split 12217
thp_zero_page_alloc 1
thp_zero_page_alloc_failed 0
thp_promote 0
thp_fault_alloc 10674
thp_fault_fallback 15277
thp_collapse_alloc 21693
thp_collapse_alloc_failed 0
thp_split 12217
thp_zero_page_alloc 1
thp_zero_page_alloc_failed 0
thp_promote 0
thp_fault_alloc 10684
thp_fault_fallback 15277
thp_collapse_alloc 21693
thp_collapse_alloc_failed 0
thp_split 12217
thp_zero_page_alloc 1
thp_zero_page_alloc_failed 0
thp_promote 0
thp_fault_alloc 10684
thp_fault_fallback 15277
thp_collapse_alloc 21693
thp_collapse_alloc_failed 0
thp_split 12217
thp_zero_page_alloc 1
thp_zero_page_alloc_failed 0
thp_promote 0
thp_fault_alloc 10693
thp_fault_fallback 15277
thp_collapse_alloc 21693
thp_collapse_alloc_failed 0
thp_split 12217
thp_zero_page_alloc 1
thp_zero_page_alloc_failed 0
thp_promote 0
thp_fault_alloc 10693
thp_fault_fallback 15277
thp_collapse_alloc 21693
thp_collapse_alloc_failed 0
thp_split 12217
thp_zero_page_alloc 1
thp_zero_page_alloc_failed 0
thp_promote 0
thp_fault_alloc 10710
thp_fault_fallback 15277
thp_collapse_alloc 21693
thp_collapse_alloc_failed 0
thp_split 12217
thp_zero_page_alloc 1
thp_zero_page_alloc_failed 0
thp_promote 0
thp_fault_alloc 10942
thp_fault_fallback 15277
thp_collapse_alloc 21693
thp_collapse_alloc_failed 0
thp_split 12217
thp_zero_page_alloc 1
thp_zero_page_alloc_failed 0
thp_promote 0
thp_fault_alloc 10953
thp_fault_fallback 15277
thp_collapse_alloc 21693
thp_collapse_alloc_failed 0
thp_split 12217
thp_zero_page_alloc 1
thp_zero_page_alloc_failed 0
thp_promote 0
thp_fault_alloc 10965
thp_fault_fallback 15277
thp_collapse_alloc 21693
thp_collapse_alloc_failed 0
thp_split 12217
thp_zero_page_alloc 1
thp_zero_page_alloc_failed 0
thp_promote 0
thp_fault_alloc 10975
thp_fault_fallback 15277
thp_collapse_alloc 21693
thp_collapse_alloc_failed 0
thp_split 12217
thp_zero_page_alloc 1
thp_zero_page_alloc_failed 0
thp_promote 0
thp_fault_alloc 10984
thp_fault_fallback 15277
thp_collapse_alloc 21693
thp_collapse_alloc_failed 0
thp_split 12217
thp_zero_page_alloc 1
thp_zero_page_alloc_failed 0
thp_promote 0
thp_fault_alloc 10992
thp_fault_fallback 15277
thp_collapse_alloc 21693
thp_collapse_alloc_failed 0
thp_split 12217
thp_zero_page_alloc 1
thp_zero_page_alloc_failed 0
thp_promote 0
thp_fault_alloc 11002
thp_fault_fallback 15277
thp_collapse_alloc 21693
thp_collapse_alloc_failed 0
thp_split 12217
thp_zero_page_alloc 1
thp_zero_page_alloc_failed 0
thp_promote 0
thp_fault_alloc 11011
thp_fault_fallback 15277
thp_collapse_alloc 21693
thp_collapse_alloc_failed 0
thp_split 12217
thp_zero_page_alloc 1
thp_zero_page_alloc_failed 0
thp_promote 0
thp_fault_alloc 11020
thp_fault_fallback 15277
thp_collapse_alloc 21693
thp_collapse_alloc_failed 0
thp_split 12217
thp_zero_page_alloc 1
thp_zero_page_alloc_failed 0
thp_promote 0
thp_fault_alloc 11030
thp_fault_fallback 15277
thp_collapse_alloc 21693
thp_collapse_alloc_failed 0
thp_split 12217
thp_zero_page_alloc 1
thp_zero_page_alloc_failed 0
thp_promote 0
thp_fault_alloc 11041
thp_fault_fallback 15277
thp_collapse_alloc 21693
thp_collapse_alloc_failed 0
thp_split 12217
thp_zero_page_alloc 1
thp_zero_page_alloc_failed 0
thp_promote 0
thp_fault_alloc 11049
thp_fault_fallback 15277
thp_collapse_alloc 21693
thp_collapse_alloc_failed 0
thp_split 12217
thp_zero_page_alloc 1
thp_zero_page_alloc_failed 0
thp_promote 0
thp_fault_alloc 11181
thp_fault_fallback 15277
thp_collapse_alloc 21693
thp_collapse_alloc_failed 0
thp_split 12217
thp_zero_page_alloc 1
thp_zero_page_alloc_failed 0
thp_promote 0
thp_fault_alloc 11525
thp_fault_fallback 15277
thp_collapse_alloc 21693
thp_collapse_alloc_failed 0
thp_split 12217
thp_zero_page_alloc 1
thp_zero_page_alloc_failed 0
thp_promote 0
thp_fault_alloc 11533
thp_fault_fallback 15280
thp_collapse_alloc 21693
thp_collapse_alloc_failed 0
thp_split 12221
thp_zero_page_alloc 1
thp_zero_page_alloc_failed 0
thp_promote 0
thp_fault_alloc 11533
thp_fault_fallback 15280
thp_collapse_alloc 21693
thp_collapse_alloc_failed 0
thp_split 12221
thp_zero_page_alloc 1
thp_zero_page_alloc_failed 0
thp_promote 0
thp_fault_alloc 11544
thp_fault_fallback 15280
thp_collapse_alloc 21693
thp_collapse_alloc_failed 0
thp_split 12221
thp_zero_page_alloc 1
thp_zero_page_alloc_failed 0
thp_promote 0
thp_fault_alloc 11556
thp_fault_fallback 15280
thp_collapse_alloc 21693
thp_collapse_alloc_failed 0
thp_split 12221
thp_zero_page_alloc 1
thp_zero_page_alloc_failed 0
thp_promote 0
thp_fault_alloc 11556
thp_fault_fallback 15280
thp_collapse_alloc 21693
thp_collapse_alloc_failed 0
thp_split 12221
thp_zero_page_alloc 1
thp_zero_page_alloc_failed 0
thp_promote 0
thp_fault_alloc 11567
thp_fault_fallback 15280
thp_collapse_alloc 21693
thp_collapse_alloc_failed 0
thp_split 12221
thp_zero_page_alloc 1
thp_zero_page_alloc_failed 0
thp_promote 0
thp_fault_alloc 11577
thp_fault_fallback 15280
thp_collapse_alloc 21693
thp_collapse_alloc_failed 0
thp_split 12221
thp_zero_page_alloc 1
thp_zero_page_alloc_failed 0
thp_promote 0
thp_fault_alloc 11587
thp_fault_fallback 15280
thp_collapse_alloc 21693
thp_collapse_alloc_failed 0
thp_split 12221
thp_zero_page_alloc 1
thp_zero_page_alloc_failed 0
thp_promote 0
thp_fault_alloc 11598
thp_fault_fallback 15280
thp_collapse_alloc 21693
thp_collapse_alloc_failed 0
thp_split 12221
thp_zero_page_alloc 1
thp_zero_page_alloc_failed 0
thp_promote 0
thp_fault_alloc 11607
thp_fault_fallback 15280
thp_collapse_alloc 21693
thp_collapse_alloc_failed 0
thp_split 12221
thp_zero_page_alloc 1
thp_zero_page_alloc_failed 0
thp_promote 0
thp_fault_alloc 11616
thp_fault_fallback 15280
thp_collapse_alloc 21693
thp_collapse_alloc_failed 0
thp_split 12221
thp_zero_page_alloc 1
thp_zero_page_alloc_failed 0
thp_promote 0
thp_fault_alloc 11627
thp_fault_fallback 15280
thp_collapse_alloc 21693
thp_collapse_alloc_failed 0
thp_split 12221
thp_zero_page_alloc 1
thp_zero_page_alloc_failed 0
thp_promote 0
thp_fault_alloc 11635
thp_fault_fallback 15280
thp_collapse_alloc 21693
thp_collapse_alloc_failed 0
thp_split 12221
thp_zero_page_alloc 1
thp_zero_page_alloc_failed 0
thp_promote 0
