10955096 0
11025156 0
11095348 0
11164440 0
11234124 0
11303560 0
11373820 0
11443468 0
11513096 0
11582840 0
11648508 0
11718104 0
11787552 0
11857344 0
11914656 0
11915312 0
11916012 0
11916928 0
11395028 0
11399688 0
11404344 0
11409364 0
11414680 0
11420164 0
11425984 0
11431956 0
11438748 0
11445064 0
11451536 0
11458200 0
11464848 0
11471588 0
11478300 0
11485084 0
11491888 0
11498636 0
11505400 0
11512208 0
11519080 0
11525728 0
11532372 0
11546808 0
11553404 0
11559952 0
11581284 0
11587648 0
11593908 0
11600124 0
11606292 0
11612328 0
11618292 0
11624284 0
11630180 0
11636052 0
11642076 0
11647920 0
11653724 0
11659608 0
11665688 0
11671352 0
11676996 0
11682496 0
11687108 0
11691724 0
11696768 0
11701680 0
11707076 0
11712484 0
11717972 0
11735860 0
11741176 0
11753696 0
11758752 0
11763840 0
11768944 0
11773912 0
11778868 0
11783760 0
11788564 0
11793416 0
11798256 0
11802940 0
11807744 0
11812464 0
11817132 0
11821808 0
11826528 0
11831056 0
11835616 0
11840148 0
11844684 0
11849176 0
11853560 0
11857928 0
11862320 0
11866660 0
11870972 0
11875232 0
11879516 0
11883700 0
11887848 0
11891996 0
11896180 0
11900260 0
11904316 0
11908348 0
11912340 0
11916324 0
11920112 0
11923668 0
11927324 0
11931212 0
11935056 0
11939124 0
11943120 0
11946960 0
11950716 0
11954456 0
11957128 0
11958440 0
11959844 0
11961412 0
11963156 0
11965028 0
11966984 0
11969224 0
11971360 0
11973968 0
11976756 0
11979696 0
11982776 0
11985932 0
11989160 0
11992336 0
11995704 0
11999096 0
12002608 0
12006036 0
12009188 0
12012572 0
12015972 0
12019368 0
12022736 0
12026088 0
12029244 0
12032616 0
12041376 0
12044668 0
12047972 0
12056000 0
12059136 0
12062172 0
12065292 0
12068388 0
12071436 0
12074416 0
12077432 0
12080420 0
12083372 0
12086248 0
12089164 0
12092064 0
12094900 0
12097780 0
12100644 0
12103468 0
12106308 0
12109104 0
12111880 0
12114640 0
12117376 0
12120100 0
12122800 0
12125472 0
12133012 0
12135456 0
12138060 0
12141736 0
12144336 0
12146980 0
12150524 0
12153128 0
12155548 0
12157992 0
12160408 0
12162856 0
12165220 0
12167568 0
12169944 0
12172052 0
12174376 0
12176668 0
12178980 0
12181260 0
12183468 0
12185704 0
12187928 0
12190120 0
12192172 0
12194328 0
12196472 0
12198612 0
12200544 0
12202664 0
12204628 0
12206472 0
12208244 0
12210156 0
12212196 0
12214240 0
12216328 0
12218384 0
12220428 0
12222416 0
12224404 0
12226436 0
12228448 0
12230416 0
12232404 0
12234372 0
12236272 0
12238224 0
12240112 0
12241956 0
12243876 0
12245704 0
12247544 0
12249252 0
12251124 0
12252948 0
12254760 0
12255532 0
12256124 0
12256800 0
12257528 0
12258376 0
12259308 0
12260320 0
12261424 0
12262640 0
12263952 0
12265264 0
12266728 0
12268256 0
12269932 0
12271588 0
12273308 0
12275040 0
12276756 0
12278452 0
12280204 0
12281856 0
12283516 0
12285176 0
12286820 0
12288468 0
12290008 0
12291660 0
12293272 0
12294868 0
12296472 0
12298056 0
12299612 0
12301240 0
12302848 0
12304392 0
12305956 0
12307456 0
12308948 0
12310408 0
12311932 0
12313416 0
12314960 0
12316464 0
12317896 0
12319384 0
12320848 0
12322312 0
12323740 0
12326800 0
12328216 0
12329624 0
12330968 0
12332368 0
12333724 0
12335012 0
12336340 0
12337700 0
12338928 0
12340272 0
12341596 0
12342912 0
12344208 0
12345492 0
12346876 0
12348136 0
12349428 0
12350716 0
12351972 0
12353256 0
12354516 0
12356848 0
12358088 0
12359284 0
12360424 0
12361536 0
12362648 0
12363752 0
12364876 0
12365968 0
12367072 0
12368196 0
12369308 0
12370388 0
12371440 0
12372516 0
12373552 0
12374580 0
12375584 0
12376644 0
12377688 0
12378708 0
12379656 0
12380692 0
12381704 0
12382720 0
12383692 0
12384704 0
12385704 0
12386700 0
12387668 0
12388640 0
12389588 0
12390560 0
12391172 0
12391172 0
12391172 0
12391172 0
12391172 0
12391172 0
12391172 0
12391172 0
12391172 0
12391172 0
12391172 0
12391172 0
12391172 0
12391172 0
12391172 0
12391172 0
12391172 0
12391172 0
12391172 0
12391172 0
12391172 0
12391172 0
12391172 0
12391172 0
12391172 0
12391172 0
12391172 0
12391172 0
12391172 0
12391172 0
12391172 0
12391172 0
12391172 0
12391172 0
12391172 0
12391172 0
12391172 0
12391172 0
12391172 0
12391172 0
12391172 0
12391172 0
12391172 0
12391172 0
12391172 0
12391172 0
12391172 0

