USER       PID %CPU %MEM    VSZ   RSS TTY      STAT START   TIME COMMAND
root         1  0.4  0.0  33480   364 ?        Ss   19:32   0:05 /sbin/init
root         2  0.0  0.0      0     0 ?        S    19:32   0:00 [kthreadd]
root         3  0.0  0.0      0     0 ?        S    19:32   0:00 [ksoftirqd/0]
root         5  0.0  0.0      0     0 ?        S<   19:32   0:00 [kworker/0:0H]
root         7  1.1  0.0      0     0 ?        S    19:32   0:14 [rcu_sched]
root         8  0.0  0.0      0     0 ?        S    19:32   0:00 [rcu_bh]
root         9  0.3  0.0      0     0 ?        S    19:32   0:04 [rcuos/0]
root        10  0.0  0.0      0     0 ?        S    19:32   0:00 [rcuob/0]
root        11  0.0  0.0      0     0 ?        S    19:32   0:00 [migration/0]
root        12  0.0  0.0      0     0 ?        S    19:32   0:00 [watchdog/0]
root        13  0.0  0.0      0     0 ?        S    19:32   0:00 [watchdog/1]
root        14  0.0  0.0      0     0 ?        S    19:32   0:00 [migration/1]
root        15  0.0  0.0      0     0 ?        S    19:32   0:00 [ksoftirqd/1]
root        16  0.0  0.0      0     0 ?        S    19:32   0:00 [kworker/1:0]
root        17  0.0  0.0      0     0 ?        S<   19:32   0:00 [kworker/1:0H]
root        18  0.1  0.0      0     0 ?        S    19:32   0:01 [rcuos/1]
root        19  0.0  0.0      0     0 ?        S    19:32   0:00 [rcuob/1]
root        20  0.0  0.0      0     0 ?        S    19:32   0:00 [watchdog/2]
root        21  0.0  0.0      0     0 ?        S    19:32   0:00 [migration/2]
root        22  0.0  0.0      0     0 ?        S    19:32   0:00 [ksoftirqd/2]
root        23  0.0  0.0      0     0 ?        S    19:32   0:00 [kworker/2:0]
root        24  0.0  0.0      0     0 ?        S<   19:32   0:00 [kworker/2:0H]
root        25  0.1  0.0      0     0 ?        S    19:32   0:02 [rcuos/2]
root        26  0.0  0.0      0     0 ?        S    19:32   0:00 [rcuob/2]
root        27  0.0  0.0      0     0 ?        S    19:32   0:00 [watchdog/3]
root        28  0.0  0.0      0     0 ?        S    19:32   0:00 [migration/3]
root        29  0.0  0.0      0     0 ?        S    19:32   0:00 [ksoftirqd/3]
root        31  0.0  0.0      0     0 ?        S<   19:32   0:00 [kworker/3:0H]
root        32  0.1  0.0      0     0 ?        S    19:32   0:02 [rcuos/3]
root        33  0.0  0.0      0     0 ?        S    19:32   0:00 [rcuob/3]
root        34  0.0  0.0      0     0 ?        S    19:32   0:00 [watchdog/4]
root        35  0.0  0.0      0     0 ?        S    19:32   0:00 [migration/4]
root        36  0.0  0.0      0     0 ?        S    19:32   0:00 [ksoftirqd/4]
root        37  0.0  0.0      0     0 ?        S    19:32   0:00 [kworker/4:0]
root        38  0.0  0.0      0     0 ?        S<   19:32   0:00 [kworker/4:0H]
root        39  0.3  0.0      0     0 ?        S    19:32   0:03 [rcuos/4]
root        40  0.0  0.0      0     0 ?        S    19:32   0:00 [rcuob/4]
root        41  0.0  0.0      0     0 ?        S    19:32   0:00 [watchdog/5]
root        42  0.0  0.0      0     0 ?        S    19:32   0:00 [migration/5]
root        43  0.0  0.0      0     0 ?        S    19:32   0:00 [ksoftirqd/5]
root        44  0.0  0.0      0     0 ?        S    19:32   0:00 [kworker/5:0]
root        45  0.0  0.0      0     0 ?        S<   19:32   0:00 [kworker/5:0H]
root        46  0.1  0.0      0     0 ?        S    19:32   0:02 [rcuos/5]
root        47  0.0  0.0      0     0 ?        S    19:32   0:00 [rcuob/5]
root        48  0.0  0.0      0     0 ?        S    19:32   0:00 [watchdog/6]
root        49  0.0  0.0      0     0 ?        S    19:32   0:00 [migration/6]
root        50  0.0  0.0      0     0 ?        S    19:32   0:00 [ksoftirqd/6]
root        51  0.0  0.0      0     0 ?        S    19:32   0:00 [kworker/6:0]
root        52  0.0  0.0      0     0 ?        S<   19:32   0:00 [kworker/6:0H]
root        53  0.1  0.0      0     0 ?        S    19:32   0:01 [rcuos/6]
root        54  0.0  0.0      0     0 ?        S    19:32   0:00 [rcuob/6]
root        55  0.0  0.0      0     0 ?        S    19:32   0:00 [watchdog/7]
root        56  0.0  0.0      0     0 ?        S    19:32   0:00 [migration/7]
root        57  0.0  0.0      0     0 ?        S    19:32   0:00 [ksoftirqd/7]
root        58  0.0  0.0      0     0 ?        S    19:32   0:00 [kworker/7:0]
root        59  0.0  0.0      0     0 ?        S<   19:32   0:00 [kworker/7:0H]
root        60  0.0  0.0      0     0 ?        S    19:32   0:01 [rcuos/7]
root        61  0.0  0.0      0     0 ?        S    19:32   0:00 [rcuob/7]
root        62  0.0  0.0      0     0 ?        S    19:32   0:00 [watchdog/8]
root        63  0.0  0.0      0     0 ?        S    19:32   0:00 [migration/8]
root        64  0.0  0.0      0     0 ?        S    19:32   0:00 [ksoftirqd/8]
root        65  0.0  0.0      0     0 ?        S    19:32   0:00 [kworker/8:0]
root        66  0.0  0.0      0     0 ?        S<   19:32   0:00 [kworker/8:0H]
root        67  0.2  0.0      0     0 ?        S    19:32   0:03 [rcuos/8]
root        68  0.0  0.0      0     0 ?        S    19:32   0:00 [rcuob/8]
root        69  0.0  0.0      0     0 ?        S    19:32   0:00 [watchdog/9]
root        70  0.0  0.0      0     0 ?        S    19:32   0:00 [migration/9]
root        71  0.0  0.0      0     0 ?        S    19:32   0:00 [ksoftirqd/9]
root        72  0.0  0.0      0     0 ?        S    19:32   0:00 [kworker/9:0]
root        73  0.0  0.0      0     0 ?        S<   19:32   0:00 [kworker/9:0H]
root        74  0.1  0.0      0     0 ?        S    19:32   0:01 [rcuos/9]
root        75  0.0  0.0      0     0 ?        S    19:32   0:00 [rcuob/9]
root        76  0.0  0.0      0     0 ?        S    19:32   0:00 [watchdog/10]
root        77  0.0  0.0      0     0 ?        S    19:32   0:00 [migration/10]
root        78  0.0  0.0      0     0 ?        S    19:32   0:00 [ksoftirqd/10]
root        79  0.0  0.0      0     0 ?        S    19:32   0:00 [kworker/10:0]
root        80  0.0  0.0      0     0 ?        S<   19:32   0:00 [kworker/10:0H]
root        81  0.1  0.0      0     0 ?        S    19:32   0:01 [rcuos/10]
root        82  0.0  0.0      0     0 ?        S    19:32   0:00 [rcuob/10]
root        83  0.0  0.0      0     0 ?        S    19:32   0:00 [watchdog/11]
root        84  0.0  0.0      0     0 ?        S    19:32   0:00 [migration/11]
root        85  0.0  0.0      0     0 ?        S    19:32   0:00 [ksoftirqd/11]
root        86  0.0  0.0      0     0 ?        S    19:32   0:00 [kworker/11:0]
root        87  0.0  0.0      0     0 ?        S<   19:32   0:00 [kworker/11:0H]
root        88  0.1  0.0      0     0 ?        S    19:32   0:01 [rcuos/11]
root        89  0.0  0.0      0     0 ?        S    19:32   0:00 [rcuob/11]
root        90  0.0  0.0      0     0 ?        S<   19:32   0:00 [khelper]
root        91  0.0  0.0      0     0 ?        S    19:32   0:00 [kdevtmpfs]
root        92  0.0  0.0      0     0 ?        S<   19:32   0:00 [netns]
root        93  0.0  0.0      0     0 ?        S<   19:32   0:00 [perf]
root        94  0.0  0.0      0     0 ?        S    19:32   0:00 [khungtaskd]
root        95  0.0  0.0      0     0 ?        S<   19:32   0:00 [writeback]
root        96  0.0  0.0      0     0 ?        SN   19:32   0:00 [ksmd]
root        97  0.1  0.0      0     0 ?        SN   19:32   0:01 [khugepaged]
root        98  0.0  0.0      0     0 ?        S<   19:32   0:00 [crypto]
root        99  0.0  0.0      0     0 ?        S<   19:32   0:00 [kintegrityd]
root       100  0.0  0.0      0     0 ?        S<   19:32   0:00 [bioset]
root       101  0.0  0.0      0     0 ?        S<   19:32   0:00 [kblockd]
root       102  0.0  0.0      0     0 ?        S<   19:32   0:00 [ata_sff]
root       103  0.0  0.0      0     0 ?        S<   19:32   0:00 [md]
root       104  0.0  0.0      0     0 ?        S<   19:32   0:00 [devfreq_wq]
root       105  0.0  0.0      0     0 ?        S    19:32   0:00 [kworker/u48:1]
root       106  0.4  0.0      0     0 ?        S    19:32   0:05 [kworker/0:1]
root       108  0.0  0.0      0     0 ?        S    19:32   0:00 [kswapd0]
root       109  0.0  0.0      0     0 ?        S    19:32   0:00 [fsnotify_mark]
root       110  0.0  0.0      0     0 ?        S    19:32   0:00 [ecryptfs-kthrea]
root       122  0.0  0.0      0     0 ?        S<   19:32   0:00 [kthrotld]
root       123  0.0  0.0      0     0 ?        S<   19:32   0:00 [acpi_thermal_pm]
root       124  0.0  0.0      0     0 ?        S    19:32   0:00 [scsi_eh_0]
root       125  0.0  0.0      0     0 ?        S<   19:32   0:00 [scsi_tmf_0]
root       126  0.0  0.0      0     0 ?        S    19:32   0:00 [scsi_eh_1]
root       127  0.0  0.0      0     0 ?        S<   19:32   0:00 [scsi_tmf_1]
root       129  0.0  0.0      0     0 ?        S    19:32   0:00 [scsi_eh_2]
root       130  0.0  0.0      0     0 ?        S<   19:32   0:00 [scsi_tmf_2]
root       131  0.0  0.0      0     0 ?        S    19:32   0:00 [scsi_eh_3]
root       132  0.0  0.0      0     0 ?        S<   19:32   0:00 [scsi_tmf_3]
root       135  0.0  0.0      0     0 ?        S    19:32   0:00 [kworker/3:1]
root       140  0.0  0.0      0     0 ?        S<   19:32   0:00 [ipv6_addrconf]
root       141  0.0  0.0      0     0 ?        S    19:32   0:00 [kworker/4:1]
root       160  0.0  0.0      0     0 ?        S<   19:32   0:00 [deferwq]
root       161  0.0  0.0      0     0 ?        S<   19:32   0:00 [charger_manager]
root       163  0.0  0.0      0     0 ?        S    19:32   0:00 [kworker/3:2]
root       165  0.0  0.0      0     0 ?        S    19:32   0:00 [kworker/9:1]
root       167  0.0  0.0      0     0 ?        S    19:32   0:00 [kworker/10:2]
root       168  0.0  0.0      0     0 ?        S    19:32   0:00 [kworker/2:1]
root       169  0.0  0.0      0     0 ?        S    19:32   0:00 [kworker/5:1]
root       170  0.0  0.0      0     0 ?        S    19:32   0:00 [kworker/1:1]
root       171  0.0  0.0      0     0 ?        S    19:32   0:00 [kworker/0:2]
root       172  0.0  0.0      0     0 ?        S    19:32   0:00 [kworker/7:1]
root       173  0.0  0.0      0     0 ?        S    19:32   0:00 [kworker/11:1]
root       174  0.0  0.0      0     0 ?        S    19:32   0:00 [kworker/8:1]
root       229  0.0  0.0      0     0 ?        S    19:32   0:00 [scsi_eh_4]
root       230  0.0  0.0      0     0 ?        S<   19:32   0:00 [scsi_tmf_4]
root       231  0.0  0.0      0     0 ?        S<   19:32   0:00 [fw_event0]
root       234  0.0  0.0      0     0 ?        S<   19:32   0:00 [kpsmoused]
root       242  0.0  0.0      0     0 ?        S    19:32   0:00 [kworker/6:1]
root       249  0.0  0.0      0     0 ?        S<   19:32   0:00 [kworker/8:1H]
root       255  0.0  0.0      0     0 ?        S<   19:32   0:00 [kdmflush]
root       256  0.0  0.0      0     0 ?        S<   19:32   0:00 [bioset]
root       258  0.0  0.0      0     0 ?        S<   19:32   0:00 [kdmflush]
root       259  0.0  0.0      0     0 ?        S<   19:32   0:00 [bioset]
root       276  0.0  0.0      0     0 ?        S    19:32   0:00 [jbd2/dm-0-8]
root       277  0.0  0.0      0     0 ?        S<   19:32   0:00 [ext4-rsv-conver]
root       283  0.0  0.0      0     0 ?        S<   19:32   0:00 [poll_0_status]
root       455  0.0  0.0  20544   320 ?        S    19:32   0:00 upstart-udev-bridge --daemon
root       461  0.0  0.0      0     0 ?        S<   19:32   0:00 [kworker/1:1H]
root       462  0.0  0.0  52128   372 ?        Ss   19:32   0:00 /lib/systemd/systemd-udevd --daemon
root       480  0.0  0.0      0     0 ?        S<   19:32   0:00 [kworker/0:1H]
root       517  0.0  0.0      0     0 ?        S<   19:32   0:00 [ext4-rsv-conver]
root       554  0.0  0.0      0     0 ?        S<   19:32   0:00 [kworker/11:1H]
root       575  0.0  0.0      0     0 ?        S<   19:32   0:00 [edac-poller]
root       674  0.0  0.0      0     0 ?        S<   19:32   0:00 [kvm-irqfd-clean]
root       701  0.0  0.0  15808   228 ?        S    19:32   0:00 upstart-file-bridge --daemon
message+   710  0.0  0.0  39228   268 ?        Ss   19:32   0:00 dbus-daemon --system --fork
syslog     714  0.0  0.0 255844   668 ?        Ssl  19:32   0:00 rsyslogd
root       753  0.0  0.0  43452   392 ?        Ss   19:32   0:00 /lib/systemd/systemd-logind
root       764  0.0  0.0  15264     4 ?        S    19:32   0:00 upstart-socket-bridge --daemon
root       999  0.0  0.0  10232     4 ?        Ss   19:32   0:00 dhclient -1 -v -pf /run/dhclient.eth0.pid -lf /var/lib/dhcp/dhclient.eth0.leases eth0
root      1175  0.0  0.0  14540   380 tty4     Ss+  19:32   0:00 /sbin/getty -8 38400 tty4
root      1178  0.0  0.0  14540   360 tty5     Ss+  19:32   0:00 /sbin/getty -8 38400 tty5
root      1183  0.0  0.0  14540   380 tty2     Ss+  19:32   0:00 /sbin/getty -8 38400 tty2
root      1184  0.0  0.0  14540   356 tty3     Ss+  19:32   0:00 /sbin/getty -8 38400 tty3
root      1186  0.0  0.0  14540   380 tty6     Ss+  19:32   0:00 /sbin/getty -8 38400 tty6
root      1202  0.0  0.0  61384   556 ?        Ss   19:32   0:00 /usr/sbin/sshd -D
root      1210  0.0  0.0   4372   388 ?        Ss   19:32   0:00 acpid -c /etc/acpi/events -s /var/run/acpid.socket
root      1233  0.0  0.0  23656   444 ?        Ss   19:32   0:00 cron
daemon    1234  0.0  0.0  19140     0 ?        Ss   19:32   0:00 atd
root      1241  0.0  0.0  19196   868 ?        Ss   19:32   0:00 /usr/sbin/irqbalance
root      1309  0.2  0.0  64080 14736 ?        Ss   19:32   0:03 /usr/bin/perl -w /usr/bin/collectl -D
root      1333  0.0  0.0      0     0 ?        S<   19:32   0:00 [iprt]
root      1405  0.0  0.0  14540   364 tty1     Ss+  19:32   0:00 /sbin/getty -8 38400 tty1
root      1414  0.0  0.0 105648   564 ?        Ss   19:32   0:00 sshd: vikas [priv]  
root      1416  0.0  0.0      0     0 ?        S    19:33   0:00 [kauditd]
vikas     1480  0.3  0.0 105780   180 ?        S    19:33   0:03 sshd: vikas@pts/0   
vikas     1481  0.0  0.0  21772   944 pts/0    Ss   19:33   0:00 -bash
root      1506  0.0  0.0      0     0 ?        S<   19:33   0:00 [kworker/5:1H]
vikas     1561  0.0  0.0   4452   304 pts/0    S+   19:34   0:00 sh -c #!/bin/bash  # Clear rbenv variables before starting tmux unset RBENV_VERSION unset RBENV_DIR  byobu start-server;    cd /home/vikas/mcga    # Run pre command.       # Create the session and the first window. Manually switch to root   # directory if required to support tmux < 1.9   TMUX= byobu new-session -d -s redisbench -n redis   byobu send-keys -t redisbench:0 cd\ /home/vikas/mcga/src/bench/redis-3.0/src C-m     # Create other windows.   byobu new-window -c /home/vikas/mcga/src/linux-4.1.19/tools/perf -t redisbench:1 -n perflogs   byobu new-window -c /home/vikas/mcga/scripts/plotters -t redisbench:2 -n kernellogs     # Window "redis"   byobu send-keys -t redisbench:0.0 mkdir\ -p\ \~/results C-m   byobu send-keys -t redisbench:0.0 rm\ -rf\ \~/results/\* C-m   byobu send-keys -t redisbench:0.0 free\ -h\ \>\ \~/results/free-before.out C-m   byobu send-keys -t redisbench:0.0 sudo\ sh\ -c\ \"echo\ 10223616\ \>\ /sys/kernel/mm/transparent_hugepage/khugepaged/pages_to_scan\" C-m   byobu send-keys -t redisbench:0.0 sudo\ sh\ -c\ \"sync\;\ echo\ 3\ \>\ /proc/sys/vm/drop_caches\" C-m   byobu send-keys -t redisbench:0.0 ./redis-server\ ../redis.conf C-m    byobu splitw -c /home/vikas/mcga/src/bench/redis-3.0/src -t redisbench:0   byobu select-layout -t redisbench:0 tiled   byobu send-keys -t redisbench:0.1 rm\ -rf\ benchmark.log C-m   byobu send-keys -t redisbench:0.1 rm\ -rf\ benchmark-stats.log C-m   byobu send-keys -t redisbench:0.1 sleep\ 280 C-m   byobu send-keys -t redisbench:0.1 ./redis-benchmark\ -P\ 50\ -t\ set\ -r\ 200000000\ -n\ 240000000\ \|\ grep\ -v\ \"SET:\"\ \|\ tee\ -a\ benchmark-stats.log C-m   byobu send-keys -t redisbench:0.1 cp\ benchmark.log\ \~/results/ C-m   byobu send-keys -t redisbench:0.1 cp\ benchmark-stats.log\ \~/results/ C-m   byobu send-keys -t redisbench:0.1 kill\ -9\ \`pgrep\ redis-cli\` C-m   byobu send-keys -t redisbench:0.1 sudo\ ps\ ef\ \|\ grep\ perf\ \|\ grep\ dTLB\ \|\ awk\ \'\{print\ \$1\}\'\ \|\ xargs\ sudo\ kill\ -2 C-m   byobu send-keys -t redisbench:0.1 sleep\ 12 C-m   byobu send-keys -t redisbench:0.1 sudo\ killall\ -2\ perf C-m   byobu send-keys -t redisbench:0.1 free\ -h\ \>\ \~/results/free-after.out C-m   byobu send-keys -t redisbench:0.1 ps\ aux\ \>\ \~/results/ps-after.out C-m   byobu send-keys -t redisbench:0.1 kill\ -9\ \`pgrep\ redis-server\` C-m    byobu splitw -c /home/vikas/mcga/src/bench/redis-3.0/src -t redisbench:0   byobu select-layout -t redisbench:0 tiled   byobu send-keys -t redisbench:0.2 rm\ -rf\ latency.log C-m   byobu send-keys -t redisbench:0.2 sleep\ 280 C-m   byobu send-keys -t redisbench:0.2 ./redis-cli\ --latency-history\ -i\ 1\ \|\ tee\ -a\ latency.log C-m   byobu send-keys -t redisbench:0.2 cp\ latency.log\ \~/results/ C-m    byobu select-layout -t redisbench:0 tiled    byobu select-layout -t redisbench:0 main-vertical   byobu select-pane -t redisbench:0.0     # Window "perflogs"   byobu send-keys -t redisbench:1.0 sleep\ 280 C-m   byobu send-keys -t redisbench:1.0 sudo\ sh\ -c\ \"./perf\ stat\ -e\ cycles,instructions\ -p\ \`pgrep\ khugepaged\`\ 2\>\ /tmp/khugepaged-perf\" C-m   byobu send-keys -t redisbench:1.0 sudo\ mv\ /tmp/khugepaged-perf\ \~/results/ C-m    byobu splitw -c /home/vikas/mcga/src/linux-4.1.19/tools/perf -t redisbench:1   byobu select-layout -t redisbench:1 tiled   byobu send-keys -t redisbench:1.1 sleep\ 280 C-m   byobu send-keys -t redisbench:1.1 sudo\ sh\ -c\ \"./perf\ stat\ -e\ dTLB-load-misses,dTLB-store-misses,iTLB-load-misses,cache-misses,L1-dcache-load-misses,L1-dcache-store-misses,L1-dcache-prefetch-misses,L1-icache-load-misses,LLC-load-misses,LLC-store-misses,LLC-prefetch-misses,branch-load-misses,node-load-misses,node-store-misses,node-prefetch-misses,minor-faults\ -p\ \`pgrep\ redis-server\`\ 2\>\ /tmp/redis-perf\" C-m   byobu send-keys -t redisbench:1.1 sudo\ mv\ /tmp/redis-perf\ \~/results/ C-m    byobu select-layout -t redisbench:1 tiled    byobu select-layout -t redisbench:1 main-vertical   byobu select-pane -t redisbench:1.0     # Window "kernellogs"   byobu send-keys -t redisbench:2.0 sleep\ 280 C-m   byobu sen
vikas     1749  1.9  0.0  33460 10656 ?        Ss   19:34   0:22 tmux -2 -f /usr/share/byobu/profiles/tmuxrc new-session -d -s redisbench -n redis
vikas     1752  0.0  0.0  19912   944 pts/2    Ss   19:34   0:00 /bin/bash
vikas     1814  0.0  0.0  19912   924 pts/1    Ss   19:34   0:00 /bin/bash
vikas     1845  0.0  0.0  19912   956 pts/3    Ss   19:34   0:00 /bin/bash
vikas     2052  0.0  0.0  19916  2316 pts/4    Ss   19:34   0:00 /bin/bash
vikas     2076 42.9 48.0 19824616 19792824 pts/2 Sl+ 19:34   8:15 ./redis-server *:6379       
vikas     2481  0.0  0.0  19924  1868 pts/5    Ss+  19:34   0:00 /bin/bash
vikas     2823  0.0  0.0  19916  1856 pts/6    Ss+  19:34   0:00 /bin/bash
vikas     3136  0.0  0.0  19912   944 pts/7    Ss   19:34   0:00 /bin/bash
vikas     3420  0.0  0.0  15804   592 pts/0    S+   19:34   0:00 tmux -2 -f /usr/share/byobu/profiles/tmuxrc -u attach-session -t redisbench
root      3544  0.0  0.0      0     0 ?        S<   19:34   0:00 [kworker/4:1H]
root      4273  0.0  0.0      0     0 ?        S<   19:35   0:00 [kworker/2:1H]
root      4332  0.0  0.0      0     0 ?        S<   19:35   0:00 [kworker/3:1H]
vikas     6447  0.0  0.0  19924  2708 pts/8    Ss+  19:38   0:00 /bin/bash
root      6710  0.0  0.0  63672   360 pts/1    S+   19:39   0:00 sudo sh -c ./perf stat -e cycles,instructions -p 97 2> /tmp/khugepaged-perf
root      6711  0.0  0.0   4448     0 pts/1    S+   19:39   0:00 sh -c ./perf stat -e cycles,instructions -p 97 2> /tmp/khugepaged-perf
root      6712  0.0  0.0  28208    76 pts/1    D+   19:39   0:00 ./perf stat -e cycles,instructions -p 97
vikas     6717  0.1  0.0  20036  1332 pts/3    S+   19:39   0:01 /bin/bash
vikas     6741  3.2  0.0  20912  2120 pts/7    S+   19:39   0:27 /bin/bash
root      6802  0.1  0.0      0     0 ?        S    19:39   0:01 [kworker/u48:0]
root     12655  0.0  0.0      0     0 ?        S    19:48   0:00 [kworker/u48:2]
vikas    13699  2.6 41.1 19632108 16943728 pts/2 D+ 19:43   0:15 redis-rdb-bgsave *:6379     
root     15107  0.0  0.0      0     0 ?        S<   19:44   0:00 [kworker/9:1H]
root     15108  0.0  0.0      0     0 ?        S<   19:44   0:00 [kworker/6:1H]
root     15109  0.0  0.0      0     0 ?        S<   19:44   0:00 [kworker/7:1H]
root     15110  0.0  0.0      0     0 ?        S<   19:44   0:00 [kworker/10:1H]
vikas    16199  0.0  0.0   5920   688 pts/3    S+   19:53   0:00 sleep 1
vikas    16251  0.0  0.0  17168  2464 pts/4    R+   19:53   0:00 ps aux
