17454532 17451008
17454532 17451008
17458628 17455104
17468868 17465344
17477060 17473536
17487300 17483776
17497540 17494016
17505732 17502208
17515972 17512448
17526212 17522688
17534404 17530880
17544644 17541120
17554884 17551360
17563076 17559552
17573316 17569792
17581508 17577984
17591748 17588224
17601988 17598464
17610180 17606656
17630660 17627136
17638852 17635328
17649092 17645568
17659332 17655808
17667524 17664000
17677764 17674240
17688004 17684480
17696196 17692672
17706436 17702912
17714628 17711104
17724868 17721344
17735108 17731584
17743300 17739776
17753540 17750016
17763780 17760256
17771972 17768448
16737732 16734208
16756164 16752640
16774596 16771072
16793028 16789504
16811460 16807936
16829892 16826368
16850372 16846848
16868804 16865280
16909764 16906240
16928196 16924672
16944580 16943104
16963012 16959488
16981444 16977920
16997828 16994304
17016260 17012736
17032644 17029120
17051076 17047552
17067460 17063936
17083844 17080320
17100228 17098752
17118660 17115136
17135044 17131520
17159588 17154048
17178052 17174528
17194308 17184768
17210724 17201152
17227108 17217536
17243460 17231872
17259876 17246208
17276260 17262592
17292644 17278976
17309028 17295360
17325508 17319936
17341892 17336320
17358276 17352704
17374660 17369088
17391044 17385472
17407428 17401856
17421764 17416192
17438148 17432576
17454532 17448960
17470916 17465344
17487300 17483776
17501636 17498112
17518020 17514496
17532356 17528832
17548740 17545216
17563076 17559552
17579460 17575936
17593796 17590272
17610180 17606656
17624516 17620992
17638852 17635328
17655236 17651712
17669572 17666048
17683908 17680384
17700292 17696768
17714628 17711104
17728964 17725440
17743300 17739776
17757636 17754112
17771972 17770496
17788356 17784832
17802692 17799168
17817028 17813504
17829316 17825792
17843652 17840128
17855940 17852416
17870276 17866752
17884612 17881088
17898948 17895424
17911236 17907712
17925572 17922048
17939908 17936384
17952196 17948672
17966532 17963008
17980868 17977344
17993156 17989632
18007492 18003968
18019780 18016256
18034116 18030592
18046404 18042880
18058692 18057216
18073028 18069504
18085316 18081792
18099652 18096128
18111940 18108416
18124228 18120704
18136516 18132992
18148804 18145280
18161092 18157568
18173380 18169856
18185668 18182144
18197956 18194432
18210244 18206720
18224580 18221056
18236868 18233344
18249156 18245632
18261444 18257920
18273732 18270208
18286020 18282496
18298308 18294784
18310596 18307072
18320836 18317312
18320836 18317312
18320836 18317312
18320836 18317312
18322884 18292736
18328880 18098176
18339312 18100224
18350708 18100224
18363368 18106368
18373820 18130944
18384496 18132992
18396132 18137088
18408548 18149376
18418884 18159616
18431172 18171904
18443460 18184192
18453700 18194432
18466020 18206720
18476324 18216960
18486564 18227200
18498852 18239488
18508996 18249728
18519996 18255872
18530372 18255872
18543652 18268160
18553988 18278400
18564292 18288640
18574652 18294784
18586660 18300928
18595536 18305024
18619372 18313216
18629284 18315264
18639592 18317312
18649788 18317312
18662084 18325504
18672516 18335744
18682724 18343936
18690400 18343936
18699004 18348032
18715136 18358272
18724988 18358272
18734804 18358272
18744820 18362368
18756324 18368512
18764820 18368512
18774724 18372608
18784772 18380800
18794576 18382848
18808596 18386944
18818164 18386944
18827376 18388992
18836280 18388992
18847184 18388992
18856668 18391040
18866596 18393088
18875480 18397184
18884920 18397184
18894352 18399232
18903620 18399232
18912840 18399232
18922284 18399232
18931724 18401280
18948540 18403328
18956996 18403328
18965968 18405376
18974524 18405376
18983204 18405376
18992348 18405376
19001416 18405376
19010512 18407424
19018928 18409472
19027196 18409472
19035980 18409472
19044180 18409472
19052344 18409472
19060916 18409472
19071172 18411520
19078204 18411520
19087652 18413568
19095456 18415616
19103916 18415616
19116368 18417664
19123252 18421760
19131532 18423808
19139828 18423808
19148008 18423808
19156332 18423808
19164784 18425856
19172552 18425856
19182084 18432000
19190468 18440192
19198820 18448384
19207108 18456576
19215332 18464768
19223620 18472960
19229764 18481152
19237956 18487296
19246148 18495488
19254340 18503680
19260484 18509824
19268676 18518016
19276932 18526208
19285124 18534400
19293316 18542592
19301540 18550784
19307716 18556928
19315908 18565120
19324132 18573312
19332324 18581504
19338468 18587648
19346660 18595840
19354852 18604032
19361028 18610176
19369220 18618368
19377412 18626560
19383556 18632704
19391748 18640896
19399940 18649088
19406084 18655232
19414276 18663424
19420420 18669568
19428612 18677760
19434756 18683904
19442948 18692096
19449124 18698240
19455300 18704384
19461444 18710528
19469636 18718720
19475780 18724864
19483972 18733056
19490116 18739200
19496260 18745344
19504452 18976768
19510724 19507200
19516868 19513344
19523012 19519488
19529156 19525632
19537348 19533824
19543492 19539968
19549636 19546112
19557828 19554304
19563972 19560448
19570116 19566592
19576260 19572736
19582404 19578880
19590596 19587072
19596740 19593216
19602884 19599360
19604932 19601408
19604932 19601408
19604932 19601408
19604932 19597312
19604932 19226624
19604932 18702336
19604932 18171904
19604932 17653760
19602712 17166336
19545552 17166336
19545692 17166336
19545828 17166336
19546064 17166336
19546356 17166336
19546744 17166336
19547120 17166336
19547484 17166336
19547876 17166336
19548216 17166336
19548592 17166336
19548896 17166336
19549100 17166336
19549244 17166336
19549424 19087360
19549392 19474432
19549748 19474432
19550100 19474432
19550480 19474432
19550820 19474432
19551156 19474432
19551480 19474432
19551900 19474432
19552284 19474432
19552608 19474432
19552960 19478528
19553308 19478528
19553640 19478528
19554000 19478528
19556344 19480576
19556736 19480576
19557084 19480576
19557432 19480576
19557788 19480576
19558120 19480576
19558480 19480576
19558844 19480576
19559220 19480576
19559588 19480576
19559904 19480576
19560280 19480576
19560624 19480576
19560980 19480576
19561340 19480576
19561676 19480576
19562016 19480576
19562392 19480576
19562752 19480576
19563124 19480576
19563412 19480576
19563784 19480576
19566192 19482624
19566544 19482624
19566932 19482624
19567264 19484672
19567616 19484672
19567956 19484672
19568284 19484672
19568624 19484672
19568996 19484672
19569356 19484672
19569696 19484672
19570056 19484672
19570336 19484672
19570680 19484672
19571032 19484672
19571352 19484672
19571728 19484672
19572052 19484672
19574476 19486720
19574856 19486720
19575196 19486720
19575532 19486720
19575812 19486720
19576176 19486720
19576548 19486720
19576904 19486720
19577268 19486720
19577600 19486720
19577932 19486720
19578224 19486720
19578580 19486720
19578928 19486720
19579284 19486720
19581672 19488768
19582040 19488768
19582400 19488768
19582748 19488768
19583096 19488768
19583432 19488768
19583788 19488768
19584164 19488768
19584508 19488768
19584848 19488768
19587264 19490816
19587672 19490816
19588024 19490816
19588380 19490816
19588716 19490816
19589088 19490816
19589460 19490816
19589812 19490816
19590172 19490816
19590496 19494912
19592908 19496960
19593280 19496960
19593648 19496960
19593976 19496960
19594284 19496960
19594640 19496960
19594988 19496960
19597400 19499008
19597756 19499008
19598084 19501056
19598452 19501056
19598808 19501056
19599156 19501056
19599520 19501056
19601904 19503104
19602256 19503104
19602644 19503104
19603020 19503104
19603372 19503104
19605744 19509248
19606092 19509248
19606464 19509248
19606836 19509248
19607188 19509248
19609592 19511296
19609956 19511296
19610340 19511296
19610688 19511296
19611076 19511296
19613480 19519488
19613868 19519488
19614224 19519488
19616632 19521536
19617036 19521536
19617380 19521536
19617780 19521536
19620164 19523584
19620528 19523584
19620900 19523584
19623236 19537920
19623592 19537920
19623932 19537920
19626368 19539968
19626764 19539968
19629188 19542016
19629568 19542016
19629936 19542016
19632332 19544064
19634780 19546112
19634892 19556352
19635236 19556352
19637600 19558400
19639984 19560448
19640292 19560448
19642700 19562496
19645104 19564544
19645464 19564544
19647856 19566592
19650204 19568640
19650520 19568640
19652840 19570688
19657236 19574784
19657508 19574784
19661868 19578880
19664168 19580928
19666468 19582976
19670784 19587072
19673040 19589120
19677316 19611648
19679564 19613696
19683832 19617792
19688060 19621888
19692296 19625984
19696468 19630080
19702664 19636224
19706812 19640320
19713004 19646464
19717140 19650560
19723304 19691520
19729472 19697664
19733576 19701760
19739744 19707904
19743856 19712000
19750000 19718144
19756156 19724288
19760256 19728384
19766404 19734528
19772548 19740672
19778692 19775488
19782788 19779584
19788932 19785728
19795076 19791872
19795132 19791872
19795132 19791872
19795132 19791872
19795132 19791872
19795132 19791872
19795132 19791872
19795132 19791872
19795132 19791872
19795132 19791872
19795132 19791872
19795132 19791872
19795132 19791872
19795132 19791872
19795132 19791872
19795132 19791872
19795132 19791872
19795132 19791872
19795132 19791872
19795132 19791872
19795132 19791872
19795132 19791872
19795132 19791872
19795132 19791872
19795132 19791872
19795132 19791872
19795132 19791872
19795132 19791872
19795132 19791872
19795132 19791872
19795132 19791872
19795132 19791872
19795132 19791872
19795132 19791872
19795132 19791872
19795132 19791872
19795132 19791872
19795132 19791872
19795132 19791872
19795132 19791872
19795132 19791872
19795132 19791872
19795132 19791872
19795132 19791872
19795132 19791872
19795132 19791872
19795132 19791872
19795132 19791872
19795132 19791872
19795132 19791872
19795132 19791872
19795132 19791872
19795132 19791872
19795132 19791872
19795132 19791872
19795132 19791872
19795132 19791872
19795132 19791872
19795132 19791872
19795132 19791872
19795132 19791872
19795132 19791872
19795132 19791872
19795132 19791872
19795132 19791872
19795132 19791872
19795132 19791872
19795132 19791872
19795132 19791872
19795132 19791872
19795132 19791872
19795132 19791872
19795132 19791872
19795132 19791872
19795132 19791872
19795132 19791872
19795132 19791872
19795132 19791872
19795132 19791872
19795132 19791872
19795132 19791872
19795132 19791872
19795132 19791872
19795132 19791872
19795132 19791872
19795132 19791872
19795132 19791872
19795132 19791872
19795132 19791872
19795132 19791872
19795132 19791872
19795132 19791872
19795132 19791872
19795132 19791872
19795132 19791872
19795132 19791872
19795132 19791872
19795132 19791872
19795132 19791872
19795132 19791872
19795132 19791872
19795132 19791872
19795132 19791872
19795132 19791872
19795132 19791872
19795132 19791872
19795132 19791872
19795132 19791872
19795132 19791872
19795132 19791872
19795132 19791872
19795132 19791872
19795132 19791872
19795132 19791872
19795132 19791872
19795132 19791872
19795132 19791872
19795132 19791872
19795132 19791872
19795132 19791872
19795132 19791872
19795132 19791872
19795132 19791872
19795132 19791872
19795132 19791872
19795132 19791872
19795132 19791872
19795132 19791872
19795132 19791872
19795132 19791872
19795132 19791872
19795132 19791872
19795132 19791872
19795132 19791872
19795132 19791872
19795132 19791872
19795132 19791872
19795132 19791872
19795132 19791872
19795132 19791872
19795132 19791872
19795132 19791872
19795132 19791872
19795132 19791872
19795132 19791872
19795132 19791872
19795132 19791872
19795132 19791872
19795132 19791872
19795132 19791872
19795132 19791872
19795132 19791872
19795132 19791872
19795132 19791872
19795132 19791872
19795132 19791872
19795132 19791872
19795132 19791872
19795132 19791872
19795132 19791872
19795132 19791872
19795132 19791872
19795132 19791872
19795132 19791872
19795132 19791872
19795132 19791872
19795132 19791872
19795132 19791872
19795132 19791872
19795132 19791872
19795132 19791872
19795132 19791872
19795132 19791872
19795132 19791872
19795132 19791872
19795132 19791872
19795132 19791872
19795132 19791872
19795132 19791872
19795132 19791872
19795132 19791872
19795132 19791872
19795132 19791872
19795132 19791872
19795132 19791872
19795132 19791872
19795132 19791872
19795132 19791872
19795132 19791872
19795132 19791872
19795132 19791872
19795132 19791872
19795132 19791872
19795132 19791872
19795132 19791872
19795132 19791872
19795132 19791872
19792628 19791872
19792628 19791872
19792628 19791872
19792628 19791872
19792628 19791872
19792628 19791872
19792628 19791872
19792628 19791872
19792988 19791872
19792988 19791872
19792988 19791872
19792988 19791872
19792988 19791872
19792988 19791872
19792988 19791872
19792988 19791872
19792988 19791872
19792988 19791872
19792988 19791872
19792988 19791872
19792988 19791872
19792988 19791872
19792988 19791872
19792988 19791872
19792988 19791872
19792988 19791872
19792988 19791872
19792988 19791872
19792988 19791872
19792988 19791872
19792988 19791872
19792988 19791872
19792988 19791872
19792988 19791872
19792988 19791872
19792988 19791872
19792988 19791872
19792988 19791872
19792988 19791872
19792988 19791872
19792988 19791872
19792988 19791872
19792988 19791872
19792988 19791872
19792988 19791872
19792988 19791872
19792988 19791872
19792988 19791872
19792988 19791872
19792988 19791872
19792988 19791872
19792988 19791872
19792988 19791872
19792988 19791872
19792988 19791872
19792988 19791872
19792988 19791872
19792988 19791872
19792988 19791872
19792988 19791872
19792988 19791872
19792988 19791872
19792988 19791872
19792988 19791872
19792988 19791872
19792988 19791872
19792988 19791872
19792988 19791872
19792988 19791872
19792988 19791872
19792988 19791872
19792988 19791872
19792988 19791872
19792988 19791872
19792988 19791872
19792988 19791872
19792988 19791872
19792988 19791872
19792988 19791872
19792988 19791872
19792988 19791872
19792988 19791872
19792988 19791872
19792988 19791872
19792988 19791872
19792988 19791872
19792988 19791872
19792988 19791872
19792988 19791872
19792988 19791872
19792988 19791872
19792988 19791872
19792988 19791872
19792988 19791872
19792988 19791872
19792988 19791872
19792988 19791872
19792988 19791872
19792988 19791872
19792988 19791872
19792988 19791872
19792988 19791872
19792988 19791872
19792988 19791872
19792988 19791872
19792988 19791872
19792988 19791872
19792988 19791872
19792988 19791872
19792988 19791872
19792988 19791872
19792988 19791872
19792988 19791872
