1039
1039
1039
1039
1039
1041
1055
1055
1055
1055
1055
1055
1055
1055
1055
1055
1055
1055
1055
1055
1055
1055
1055
1056
1056
1056
1056
1056
1056
1056
1056
2060
2060
2060
2060
2060
2060
2060
2978
3756
3756
3756
3756
3756
3756
3756
3756
3756
3756
4054
4054
4054
4054
4054
4054
4054
4054
4054
4073
4073
4073
4073
4073
4073
4073
4073
4073
4081
4081
4081
4081
4081
4081
4081
4081
4081
4081
4081
4081
4081
4081
4081
4081
4081
4081
4081
4082
4082
4082
4082
4082
4082
4082
4082
4082
4082
4082
4082
4082
4082
4082
4082
4082
4082
4082
4082
4084
4084
4084
4084
4084
4084
4084
4084
4084
4084
4089
4089
4089
4089
4089
4089
4089
4089
4089
4089
4090
4090
4090
4090
4090
4090
4090
4090
4090
4090
4090
4090
4090
4090
4090
4090
4090
4090
4090
4090
4090
4090
4090
4090
4090
4090
4157
4157
4157
4157
4157
4157
4157
4599
6019
6211
6211
6211
6211
6211
6211
6211
6211
6741
6741
6741
6741
6741
6741
6741
6741
6741
6755
6755
6755
6755
6755
6755
6755
6755
6755
6755
6813
6813
6813
6813
6813
6813
6813
6813
6813
6945
6945
6945
6945
6945
6945
6945
6945
6945
7070
7070
7070
7070
7070
7070
7070
7070
7070
7070
7070
7070
7070
7070
7070
7070
7070
7070
7070
7070
7070
7070
7070
7070
7070
7070
7070
7070
7070
7070
7070
7070
7070
7070
7070
7070
7070
7070
7070
7070
7070
7070
7070
7070
7070
7070
7070
7070
7070
7070
7070
7070
7070
7070
7070
7070
7070
7070
7070
7070
7070
7070
7070
7070
7070
7070
7070
7070
7070
7070
7070
7070
7070
7070
7070
7070
7070
7070
7070
7070
7070
7070
7070
7070
7270
7270
7270
7270
7270
7270
7270
7270
7270
8637
9588
9588
9588
9588
9588
9588
9588
9588
9588
9710
9798
9798
9798
9798
9798
9798
9798
9798
9798
9811
9811
9811
9811
9811
9811
9811
9811
9811
9811
9811
9811
9811
9811
9811
9811
9811
9811
9811
9811
9811
9811
9811
9811
9811
9811
9811
9811
9811
9811
9811
9811
9811
9811
9811
9811
9811
9811
9811
9811
9811
9811
9811
9811
9811
9811
9811
9811
9811
9811
9811
9811
9811
9811
9811
9811
9811
9811
9811
9811
9811
9811
9811
9811
9811
9811
9811
9811
9811
9811
9811
9811
9811
9811
9811
9811
9811
9811
9811
9811
9811
9811
9811
9811
9811
9811
9811
9811
9811
9811
9811
9811
9811
9811
9811
9811
9811
9811
9811
9811
9811
9811
9811
9811
9811
9811
9811
9811
9811
9811
9811
9811
9811
9811
9811
9811
9811
9811
9811
9811
9811
9811
9811
9811
