0
0
0
0
0
10
10
10
10
10
10
10
10
10
10
10
10
10
10
10
10
10
10
11
11
11
11
11
11
11
11
967
967
967
967
967
967
967
2682
2682
2682
2682
2682
2682
2682
2682
2682
2682
2755
3010
3010
3010
3010
3010
3010
3010
3010
3010
3034
3034
3034
3034
3034
3034
3034
3034
3034
3035
3035
3035
3035
3035
3035
3035
3035
3035
3288
5564
5564
5564
5564
5564
5564
5564
5564
5564
5564
5564
5564
5564
5564
5564
5564
5564
5564
5564
5564
5564
5564
5564
5564
5564
5564
5564
5564
5564
5564
5564
5564
5564
5564
5564
5564
5564
5564
5564
5564
5564
5564
5564
5564
5564
5564
5564
5564
5564
5564
5564
5564
5564
5564
5564
5564
5564
5564
5564
5564
5564
5564
5564
5564
5564
5564
5564
5564
5564
5564
5564
5564
5564
5564
5564
5631
5631
5631
5631
5631
5631
5631
7639
7639
7639
7639
7639
7639
7639
7639
7639
7639
8214
8214
8214
8214
8214
8214
8214
8214
8214
8229
8229
8229
8229
8229
8229
8229
8229
8229
8229
8288
8288
8288
8288
8288
8288
8288
8288
8288
8421
8421
8421
8421
8421
8421
8421
8421
8421
8549
8549
8549
8549
8549
8549
8549
8549
8616
11416
11416
11416
11416
11416
11416
11416
11416
11416
11416
11416
11416
11416
11416
11416
11416
11416
11416
11416
11416
11416
11416
11416
11416
11416
11416
11416
11416
11416
11416
11416
11416
11416
11416
11416
11416
11416
11416
11416
11416
11416
11416
11416
11416
11416
11416
11416
11416
11416
11416
11416
11416
11416
11416
11416
11416
11416
11416
11416
11416
11416
11416
11416
11416
11416
11416
11416
11416
11416
11416
11416
11416
11416
11416
11416
11612
11612
11612
11612
11612
11612
11612
11612
11868
13907
13907
13907
13907
13907
13907
13907
13907
13907
13907
14144
14144
14144
14144
14144
14144
14144
14144
14144
14144
14157
14157
14157
14157
14157
14157
14157
14157
14157
14157
14157
14157
14157
14157
14157
14157
14157
14157
14157
14157
14157
14157
14157
14157
14157
14157
14157
14157
14157
14157
14157
14157
14157
14157
14157
14157
16778
17412
17412
17412
17412
17412
17412
17412
17412
17412
17412
17412
17412
17412
17412
17412
17412
17412
17412
17412
17412
17412
17412
17412
17412
17412
17412
17412
17412
17412
17412
17412
17412
17412
17412
17412
17412
17412
17412
17412
17412
17412
17412
17412
17412
17412
17412
17412
17412
17412
17412
17412
17412
17412
17412
17412
17412
17412
17412
17412
17412
17412
17412
17412
17412
17412
17412
17412
17412
17412
17412
17412
17412
17412
17412
17412
17412
17412
17412
17412
17412
17412
17412
17412
17412
17412
17412
17412
