thp_fault_alloc 5055
thp_fault_fallback 6587
thp_collapse_alloc 1039
thp_collapse_alloc_failed 0
thp_split 5567
thp_zero_page_alloc 1
thp_zero_page_alloc_failed 0
thp_promote 0
thp_fault_alloc 5055
thp_fault_fallback 6590
thp_collapse_alloc 1039
thp_collapse_alloc_failed 0
thp_split 5570
thp_zero_page_alloc 1
thp_zero_page_alloc_failed 0
thp_promote 0
thp_fault_alloc 5056
thp_fault_fallback 6592
thp_collapse_alloc 1039
thp_collapse_alloc_failed 0
thp_split 5572
thp_zero_page_alloc 1
thp_zero_page_alloc_failed 0
thp_promote 0
thp_fault_alloc 5057
thp_fault_fallback 6593
thp_collapse_alloc 1039
thp_collapse_alloc_failed 0
thp_split 5573
thp_zero_page_alloc 1
thp_zero_page_alloc_failed 0
thp_promote 0
thp_fault_alloc 5059
thp_fault_fallback 6593
thp_collapse_alloc 1039
thp_collapse_alloc_failed 0
thp_split 5573
thp_zero_page_alloc 1
thp_zero_page_alloc_failed 0
thp_promote 0
thp_fault_alloc 5062
thp_fault_fallback 6593
thp_collapse_alloc 1041
thp_collapse_alloc_failed 0
thp_split 5573
thp_zero_page_alloc 1
thp_zero_page_alloc_failed 0
thp_promote 10
thp_fault_alloc 5064
thp_fault_fallback 6593
thp_collapse_alloc 1055
thp_collapse_alloc_failed 0
thp_split 5573
thp_zero_page_alloc 1
thp_zero_page_alloc_failed 0
thp_promote 10
thp_fault_alloc 5067
thp_fault_fallback 6593
thp_collapse_alloc 1055
thp_collapse_alloc_failed 0
thp_split 5573
thp_zero_page_alloc 1
thp_zero_page_alloc_failed 0
thp_promote 10
thp_fault_alloc 5071
thp_fault_fallback 6593
thp_collapse_alloc 1055
thp_collapse_alloc_failed 0
thp_split 5573
thp_zero_page_alloc 1
thp_zero_page_alloc_failed 0
thp_promote 10
thp_fault_alloc 5073
thp_fault_fallback 6593
thp_collapse_alloc 1055
thp_collapse_alloc_failed 0
thp_split 5573
thp_zero_page_alloc 1
thp_zero_page_alloc_failed 0
thp_promote 10
thp_fault_alloc 5077
thp_fault_fallback 6593
thp_collapse_alloc 1055
thp_collapse_alloc_failed 0
thp_split 5573
thp_zero_page_alloc 1
thp_zero_page_alloc_failed 0
thp_promote 10
thp_fault_alloc 5080
thp_fault_fallback 6593
thp_collapse_alloc 1055
thp_collapse_alloc_failed 0
thp_split 5573
thp_zero_page_alloc 1
thp_zero_page_alloc_failed 0
thp_promote 10
thp_fault_alloc 5084
thp_fault_fallback 6593
thp_collapse_alloc 1055
thp_collapse_alloc_failed 0
thp_split 5573
thp_zero_page_alloc 1
thp_zero_page_alloc_failed 0
thp_promote 10
thp_fault_alloc 5088
thp_fault_fallback 6593
thp_collapse_alloc 1055
thp_collapse_alloc_failed 0
thp_split 5573
thp_zero_page_alloc 1
thp_zero_page_alloc_failed 0
thp_promote 10
thp_fault_alloc 5093
thp_fault_fallback 6593
thp_collapse_alloc 1055
thp_collapse_alloc_failed 0
thp_split 5573
thp_zero_page_alloc 1
thp_zero_page_alloc_failed 0
thp_promote 10
thp_fault_alloc 5097
thp_fault_fallback 6593
thp_collapse_alloc 1055
thp_collapse_alloc_failed 0
thp_split 5573
thp_zero_page_alloc 1
thp_zero_page_alloc_failed 0
thp_promote 10
thp_fault_alloc 5101
thp_fault_fallback 6593
thp_collapse_alloc 1055
thp_collapse_alloc_failed 0
thp_split 5573
thp_zero_page_alloc 1
thp_zero_page_alloc_failed 0
thp_promote 10
thp_fault_alloc 5106
thp_fault_fallback 6593
thp_collapse_alloc 1055
thp_collapse_alloc_failed 0
thp_split 5573
thp_zero_page_alloc 1
thp_zero_page_alloc_failed 0
thp_promote 10
thp_fault_alloc 5110
thp_fault_fallback 6593
thp_collapse_alloc 1055
thp_collapse_alloc_failed 0
thp_split 5573
thp_zero_page_alloc 1
thp_zero_page_alloc_failed 0
thp_promote 10
thp_fault_alloc 5115
thp_fault_fallback 6593
thp_collapse_alloc 1055
thp_collapse_alloc_failed 0
thp_split 5573
thp_zero_page_alloc 1
thp_zero_page_alloc_failed 0
thp_promote 10
thp_fault_alloc 5120
thp_fault_fallback 6593
thp_collapse_alloc 1055
thp_collapse_alloc_failed 0
thp_split 5573
thp_zero_page_alloc 1
thp_zero_page_alloc_failed 0
thp_promote 10
thp_fault_alloc 5125
thp_fault_fallback 6593
thp_collapse_alloc 1055
thp_collapse_alloc_failed 0
thp_split 5573
thp_zero_page_alloc 1
thp_zero_page_alloc_failed 0
thp_promote 10
thp_fault_alloc 5130
thp_fault_fallback 6593
thp_collapse_alloc 1055
thp_collapse_alloc_failed 0
thp_split 5573
thp_zero_page_alloc 1
thp_zero_page_alloc_failed 0
thp_promote 10
thp_fault_alloc 5136
thp_fault_fallback 6593
thp_collapse_alloc 1056
thp_collapse_alloc_failed 0
thp_split 5573
thp_zero_page_alloc 1
thp_zero_page_alloc_failed 0
thp_promote 11
thp_fault_alloc 5140
thp_fault_fallback 6593
thp_collapse_alloc 1056
thp_collapse_alloc_failed 0
thp_split 5573
thp_zero_page_alloc 1
thp_zero_page_alloc_failed 0
thp_promote 11
thp_fault_alloc 5145
thp_fault_fallback 6593
thp_collapse_alloc 1056
thp_collapse_alloc_failed 0
thp_split 5573
thp_zero_page_alloc 1
thp_zero_page_alloc_failed 0
thp_promote 11
thp_fault_alloc 5151
thp_fault_fallback 6593
thp_collapse_alloc 1056
thp_collapse_alloc_failed 0
thp_split 5573
thp_zero_page_alloc 1
thp_zero_page_alloc_failed 0
thp_promote 11
thp_fault_alloc 5156
thp_fault_fallback 6593
thp_collapse_alloc 1056
thp_collapse_alloc_failed 0
thp_split 5573
thp_zero_page_alloc 1
thp_zero_page_alloc_failed 0
thp_promote 11
thp_fault_alloc 5161
thp_fault_fallback 6593
thp_collapse_alloc 1056
thp_collapse_alloc_failed 0
thp_split 5573
thp_zero_page_alloc 1
thp_zero_page_alloc_failed 0
thp_promote 11
thp_fault_alloc 5166
thp_fault_fallback 6593
thp_collapse_alloc 1056
thp_collapse_alloc_failed 0
thp_split 5573
thp_zero_page_alloc 1
thp_zero_page_alloc_failed 0
thp_promote 11
thp_fault_alloc 5172
thp_fault_fallback 6593
thp_collapse_alloc 1056
thp_collapse_alloc_failed 0
thp_split 5573
thp_zero_page_alloc 1
thp_zero_page_alloc_failed 0
thp_promote 11
thp_fault_alloc 5193
thp_fault_fallback 6593
thp_collapse_alloc 2060
thp_collapse_alloc_failed 0
thp_split 5573
thp_zero_page_alloc 1
thp_zero_page_alloc_failed 0
thp_promote 967
thp_fault_alloc 5199
thp_fault_fallback 6593
thp_collapse_alloc 2060
thp_collapse_alloc_failed 0
thp_split 5573
thp_zero_page_alloc 1
thp_zero_page_alloc_failed 0
thp_promote 967
thp_fault_alloc 5210
thp_fault_fallback 6593
thp_collapse_alloc 2060
thp_collapse_alloc_failed 0
thp_split 5573
thp_zero_page_alloc 1
thp_zero_page_alloc_failed 0
thp_promote 967
thp_fault_alloc 5215
thp_fault_fallback 6593
thp_collapse_alloc 2060
thp_collapse_alloc_failed 0
thp_split 5573
thp_zero_page_alloc 1
thp_zero_page_alloc_failed 0
thp_promote 967
thp_fault_alloc 5220
thp_fault_fallback 6593
thp_collapse_alloc 2060
thp_collapse_alloc_failed 0
thp_split 5573
thp_zero_page_alloc 1
thp_zero_page_alloc_failed 0
thp_promote 967
thp_fault_alloc 5226
thp_fault_fallback 6593
thp_collapse_alloc 2060
thp_collapse_alloc_failed 0
thp_split 5573
thp_zero_page_alloc 1
thp_zero_page_alloc_failed 0
thp_promote 967
thp_fault_alloc 5230
thp_fault_fallback 6593
thp_collapse_alloc 2060
thp_collapse_alloc_failed 0
thp_split 5573
thp_zero_page_alloc 1
thp_zero_page_alloc_failed 0
thp_promote 967
thp_fault_alloc 5236
thp_fault_fallback 6593
thp_collapse_alloc 2978
thp_collapse_alloc_failed 0
thp_split 5573
thp_zero_page_alloc 1
thp_zero_page_alloc_failed 0
thp_promote 2682
thp_fault_alloc 5240
thp_fault_fallback 6593
thp_collapse_alloc 3756
thp_collapse_alloc_failed 0
thp_split 5573
thp_zero_page_alloc 1
thp_zero_page_alloc_failed 0
thp_promote 2682
thp_fault_alloc 5246
thp_fault_fallback 6593
thp_collapse_alloc 3756
thp_collapse_alloc_failed 0
thp_split 5573
thp_zero_page_alloc 1
thp_zero_page_alloc_failed 0
thp_promote 2682
thp_fault_alloc 5251
thp_fault_fallback 6593
thp_collapse_alloc 3756
thp_collapse_alloc_failed 0
thp_split 5573
thp_zero_page_alloc 1
thp_zero_page_alloc_failed 0
thp_promote 2682
thp_fault_alloc 5256
thp_fault_fallback 6593
thp_collapse_alloc 3756
thp_collapse_alloc_failed 0
thp_split 5573
thp_zero_page_alloc 1
thp_zero_page_alloc_failed 0
thp_promote 2682
thp_fault_alloc 5262
thp_fault_fallback 6593
thp_collapse_alloc 3756
thp_collapse_alloc_failed 0
thp_split 5573
thp_zero_page_alloc 1
thp_zero_page_alloc_failed 0
thp_promote 2682
thp_fault_alloc 5266
thp_fault_fallback 6593
thp_collapse_alloc 3756
thp_collapse_alloc_failed 0
thp_split 5573
thp_zero_page_alloc 1
thp_zero_page_alloc_failed 0
thp_promote 2682
thp_fault_alloc 5272
thp_fault_fallback 6593
thp_collapse_alloc 3756
thp_collapse_alloc_failed 0
thp_split 5573
thp_zero_page_alloc 1
thp_zero_page_alloc_failed 0
thp_promote 2682
thp_fault_alloc 5278
thp_fault_fallback 6593
thp_collapse_alloc 3756
thp_collapse_alloc_failed 0
thp_split 5573
thp_zero_page_alloc 1
thp_zero_page_alloc_failed 0
thp_promote 2682
thp_fault_alloc 5282
thp_fault_fallback 6593
thp_collapse_alloc 3756
thp_collapse_alloc_failed 0
thp_split 5573
thp_zero_page_alloc 1
thp_zero_page_alloc_failed 0
thp_promote 2682
thp_fault_alloc 5288
thp_fault_fallback 6593
thp_collapse_alloc 3756
thp_collapse_alloc_failed 0
thp_split 5573
thp_zero_page_alloc 1
thp_zero_page_alloc_failed 0
thp_promote 2755
thp_fault_alloc 5293
thp_fault_fallback 6593
thp_collapse_alloc 4054
thp_collapse_alloc_failed 0
thp_split 5573
thp_zero_page_alloc 1
thp_zero_page_alloc_failed 0
thp_promote 3010
thp_fault_alloc 5298
thp_fault_fallback 6593
thp_collapse_alloc 4054
thp_collapse_alloc_failed 0
thp_split 5573
thp_zero_page_alloc 1
thp_zero_page_alloc_failed 0
thp_promote 3010
thp_fault_alloc 5303
thp_fault_fallback 6593
thp_collapse_alloc 4054
thp_collapse_alloc_failed 0
thp_split 5573
thp_zero_page_alloc 1
thp_zero_page_alloc_failed 0
thp_promote 3010
thp_fault_alloc 5309
thp_fault_fallback 6593
thp_collapse_alloc 4054
thp_collapse_alloc_failed 0
thp_split 5573
thp_zero_page_alloc 1
thp_zero_page_alloc_failed 0
thp_promote 3010
thp_fault_alloc 5313
thp_fault_fallback 6593
thp_collapse_alloc 4054
thp_collapse_alloc_failed 0
thp_split 5573
thp_zero_page_alloc 1
thp_zero_page_alloc_failed 0
thp_promote 3010
thp_fault_alloc 5319
thp_fault_fallback 6593
thp_collapse_alloc 4054
thp_collapse_alloc_failed 0
thp_split 5573
thp_zero_page_alloc 1
thp_zero_page_alloc_failed 0
thp_promote 3010
thp_fault_alloc 5323
thp_fault_fallback 6593
thp_collapse_alloc 4054
thp_collapse_alloc_failed 0
thp_split 5573
thp_zero_page_alloc 1
thp_zero_page_alloc_failed 0
thp_promote 3010
thp_fault_alloc 5329
thp_fault_fallback 6593
thp_collapse_alloc 4054
thp_collapse_alloc_failed 0
thp_split 5573
thp_zero_page_alloc 1
thp_zero_page_alloc_failed 0
thp_promote 3010
thp_fault_alloc 5334
thp_fault_fallback 6593
thp_collapse_alloc 4054
thp_collapse_alloc_failed 0
thp_split 5573
thp_zero_page_alloc 1
thp_zero_page_alloc_failed 0
thp_promote 3010
thp_fault_alloc 5339
thp_fault_fallback 6593
thp_collapse_alloc 4073
thp_collapse_alloc_failed 0
thp_split 5573
thp_zero_page_alloc 1
thp_zero_page_alloc_failed 0
thp_promote 3034
thp_fault_alloc 5344
thp_fault_fallback 6593
thp_collapse_alloc 4073
thp_collapse_alloc_failed 0
thp_split 5573
thp_zero_page_alloc 1
thp_zero_page_alloc_failed 0
thp_promote 3034
thp_fault_alloc 5350
thp_fault_fallback 6593
thp_collapse_alloc 4073
thp_collapse_alloc_failed 0
thp_split 5573
thp_zero_page_alloc 1
thp_zero_page_alloc_failed 0
thp_promote 3034
thp_fault_alloc 5354
thp_fault_fallback 6593
thp_collapse_alloc 4073
thp_collapse_alloc_failed 0
thp_split 5573
thp_zero_page_alloc 1
thp_zero_page_alloc_failed 0
thp_promote 3034
thp_fault_alloc 5359
thp_fault_fallback 6593
thp_collapse_alloc 4073
thp_collapse_alloc_failed 0
thp_split 5573
thp_zero_page_alloc 1
thp_zero_page_alloc_failed 0
thp_promote 3034
thp_fault_alloc 5365
thp_fault_fallback 6593
thp_collapse_alloc 4073
thp_collapse_alloc_failed 0
thp_split 5573
thp_zero_page_alloc 1
thp_zero_page_alloc_failed 0
thp_promote 3034
thp_fault_alloc 5373
thp_fault_fallback 6593
thp_collapse_alloc 4073
thp_collapse_alloc_failed 0
thp_split 5573
thp_zero_page_alloc 1
thp_zero_page_alloc_failed 0
thp_promote 3034
thp_fault_alloc 5378
thp_fault_fallback 6593
thp_collapse_alloc 4073
thp_collapse_alloc_failed 0
thp_split 5573
thp_zero_page_alloc 1
thp_zero_page_alloc_failed 0
thp_promote 3034
thp_fault_alloc 5383
thp_fault_fallback 6593
thp_collapse_alloc 4073
thp_collapse_alloc_failed 0
thp_split 5573
thp_zero_page_alloc 1
thp_zero_page_alloc_failed 0
thp_promote 3034
thp_fault_alloc 5392
thp_fault_fallback 6593
thp_collapse_alloc 4081
thp_collapse_alloc_failed 0
thp_split 5573
thp_zero_page_alloc 1
thp_zero_page_alloc_failed 0
thp_promote 3035
thp_fault_alloc 5401
thp_fault_fallback 6593
thp_collapse_alloc 4081
thp_collapse_alloc_failed 0
thp_split 5573
thp_zero_page_alloc 1
thp_zero_page_alloc_failed 0
thp_promote 3035
thp_fault_alloc 5409
thp_fault_fallback 6593
thp_collapse_alloc 4081
thp_collapse_alloc_failed 0
thp_split 5573
thp_zero_page_alloc 1
thp_zero_page_alloc_failed 0
thp_promote 3035
thp_fault_alloc 5418
thp_fault_fallback 6593
thp_collapse_alloc 4081
thp_collapse_alloc_failed 0
thp_split 5573
thp_zero_page_alloc 1
thp_zero_page_alloc_failed 0
thp_promote 3035
thp_fault_alloc 5428
thp_fault_fallback 6593
thp_collapse_alloc 4081
thp_collapse_alloc_failed 0
thp_split 5573
thp_zero_page_alloc 1
thp_zero_page_alloc_failed 0
thp_promote 3035
thp_fault_alloc 5436
thp_fault_fallback 6593
thp_collapse_alloc 4081
thp_collapse_alloc_failed 0
thp_split 5573
thp_zero_page_alloc 1
thp_zero_page_alloc_failed 0
thp_promote 3035
thp_fault_alloc 5445
thp_fault_fallback 6593
thp_collapse_alloc 4081
thp_collapse_alloc_failed 0
thp_split 5573
thp_zero_page_alloc 1
thp_zero_page_alloc_failed 0
thp_promote 3035
thp_fault_alloc 5453
thp_fault_fallback 6593
thp_collapse_alloc 4081
thp_collapse_alloc_failed 0
thp_split 5573
thp_zero_page_alloc 1
thp_zero_page_alloc_failed 0
thp_promote 3035
thp_fault_alloc 5462
thp_fault_fallback 6593
thp_collapse_alloc 4081
thp_collapse_alloc_failed 0
thp_split 5573
thp_zero_page_alloc 1
thp_zero_page_alloc_failed 0
thp_promote 3035
thp_fault_alloc 5475
thp_fault_fallback 6593
thp_collapse_alloc 4081
thp_collapse_alloc_failed 0
thp_split 5573
thp_zero_page_alloc 1
thp_zero_page_alloc_failed 0
thp_promote 3288
thp_fault_alloc 5484
thp_fault_fallback 6593
thp_collapse_alloc 4081
thp_collapse_alloc_failed 0
thp_split 5573
thp_zero_page_alloc 1
thp_zero_page_alloc_failed 0
thp_promote 5564
thp_fault_alloc 5493
thp_fault_fallback 6593
thp_collapse_alloc 4081
thp_collapse_alloc_failed 0
thp_split 5573
thp_zero_page_alloc 1
thp_zero_page_alloc_failed 0
thp_promote 5564
thp_fault_alloc 5502
thp_fault_fallback 6593
thp_collapse_alloc 4081
thp_collapse_alloc_failed 0
thp_split 5573
thp_zero_page_alloc 1
thp_zero_page_alloc_failed 0
thp_promote 5564
thp_fault_alloc 5510
thp_fault_fallback 6593
thp_collapse_alloc 4081
thp_collapse_alloc_failed 0
thp_split 5574
thp_zero_page_alloc 1
thp_zero_page_alloc_failed 0
thp_promote 5564
thp_fault_alloc 5519
thp_fault_fallback 6593
thp_collapse_alloc 4081
thp_collapse_alloc_failed 0
thp_split 5574
thp_zero_page_alloc 1
thp_zero_page_alloc_failed 0
thp_promote 5564
thp_fault_alloc 5528
thp_fault_fallback 6593
thp_collapse_alloc 4081
thp_collapse_alloc_failed 0
thp_split 5574
thp_zero_page_alloc 1
thp_zero_page_alloc_failed 0
thp_promote 5564
thp_fault_alloc 5536
thp_fault_fallback 6593
thp_collapse_alloc 4081
thp_collapse_alloc_failed 0
thp_split 5574
thp_zero_page_alloc 1
thp_zero_page_alloc_failed 0
thp_promote 5564
thp_fault_alloc 5546
thp_fault_fallback 6593
thp_collapse_alloc 4081
thp_collapse_alloc_failed 0
thp_split 5574
thp_zero_page_alloc 1
thp_zero_page_alloc_failed 0
thp_promote 5564
thp_fault_alloc 5555
thp_fault_fallback 6593
thp_collapse_alloc 4081
thp_collapse_alloc_failed 0
thp_split 5574
thp_zero_page_alloc 1
thp_zero_page_alloc_failed 0
thp_promote 5564
thp_fault_alloc 5563
thp_fault_fallback 6593
thp_collapse_alloc 4082
thp_collapse_alloc_failed 0
thp_split 5574
thp_zero_page_alloc 1
thp_zero_page_alloc_failed 0
thp_promote 5564
thp_fault_alloc 5572
thp_fault_fallback 6593
thp_collapse_alloc 4082
thp_collapse_alloc_failed 0
thp_split 5574
thp_zero_page_alloc 1
thp_zero_page_alloc_failed 0
thp_promote 5564
thp_fault_alloc 5581
thp_fault_fallback 6593
thp_collapse_alloc 4082
thp_collapse_alloc_failed 0
thp_split 5574
thp_zero_page_alloc 1
thp_zero_page_alloc_failed 0
thp_promote 5564
thp_fault_alloc 5590
thp_fault_fallback 6593
thp_collapse_alloc 4082
thp_collapse_alloc_failed 0
thp_split 5574
thp_zero_page_alloc 1
thp_zero_page_alloc_failed 0
thp_promote 5564
thp_fault_alloc 5598
thp_fault_fallback 6593
thp_collapse_alloc 4082
thp_collapse_alloc_failed 0
thp_split 5574
thp_zero_page_alloc 1
thp_zero_page_alloc_failed 0
thp_promote 5564
thp_fault_alloc 5607
thp_fault_fallback 6593
thp_collapse_alloc 4082
thp_collapse_alloc_failed 0
thp_split 5574
thp_zero_page_alloc 1
thp_zero_page_alloc_failed 0
thp_promote 5564
thp_fault_alloc 5616
thp_fault_fallback 6593
thp_collapse_alloc 4082
thp_collapse_alloc_failed 0
thp_split 5574
thp_zero_page_alloc 1
thp_zero_page_alloc_failed 0
thp_promote 5564
thp_fault_alloc 5624
thp_fault_fallback 6593
thp_collapse_alloc 4082
thp_collapse_alloc_failed 0
thp_split 5574
thp_zero_page_alloc 1
thp_zero_page_alloc_failed 0
thp_promote 5564
thp_fault_alloc 5633
thp_fault_fallback 6593
thp_collapse_alloc 4082
thp_collapse_alloc_failed 0
thp_split 5574
thp_zero_page_alloc 1
thp_zero_page_alloc_failed 0
thp_promote 5564
thp_fault_alloc 5642
thp_fault_fallback 6593
thp_collapse_alloc 4082
thp_collapse_alloc_failed 0
thp_split 5574
thp_zero_page_alloc 1
thp_zero_page_alloc_failed 0
thp_promote 5564
thp_fault_alloc 5650
thp_fault_fallback 6593
thp_collapse_alloc 4082
thp_collapse_alloc_failed 0
thp_split 5574
thp_zero_page_alloc 1
thp_zero_page_alloc_failed 0
thp_promote 5564
thp_fault_alloc 5659
thp_fault_fallback 6593
thp_collapse_alloc 4082
thp_collapse_alloc_failed 0
thp_split 5574
thp_zero_page_alloc 1
thp_zero_page_alloc_failed 0
thp_promote 5564
thp_fault_alloc 5668
thp_fault_fallback 6593
thp_collapse_alloc 4082
thp_collapse_alloc_failed 0
thp_split 5574
thp_zero_page_alloc 1
thp_zero_page_alloc_failed 0
thp_promote 5564
thp_fault_alloc 5677
thp_fault_fallback 6593
thp_collapse_alloc 4082
thp_collapse_alloc_failed 0
thp_split 5574
thp_zero_page_alloc 1
thp_zero_page_alloc_failed 0
thp_promote 5564
thp_fault_alloc 5685
thp_fault_fallback 6593
thp_collapse_alloc 4082
thp_collapse_alloc_failed 0
thp_split 5574
thp_zero_page_alloc 1
thp_zero_page_alloc_failed 0
thp_promote 5564
thp_fault_alloc 5694
thp_fault_fallback 6593
thp_collapse_alloc 4082
thp_collapse_alloc_failed 0
thp_split 5575
thp_zero_page_alloc 1
thp_zero_page_alloc_failed 0
thp_promote 5564
thp_fault_alloc 5703
thp_fault_fallback 6593
thp_collapse_alloc 4082
thp_collapse_alloc_failed 0
thp_split 5575
thp_zero_page_alloc 1
thp_zero_page_alloc_failed 0
thp_promote 5564
thp_fault_alloc 5711
thp_fault_fallback 6593
thp_collapse_alloc 4082
thp_collapse_alloc_failed 0
thp_split 5575
thp_zero_page_alloc 1
thp_zero_page_alloc_failed 0
thp_promote 5564
thp_fault_alloc 5720
thp_fault_fallback 6593
thp_collapse_alloc 4082
thp_collapse_alloc_failed 0
thp_split 5575
thp_zero_page_alloc 1
thp_zero_page_alloc_failed 0
thp_promote 5564
thp_fault_alloc 5728
thp_fault_fallback 6593
thp_collapse_alloc 4082
thp_collapse_alloc_failed 0
thp_split 5575
thp_zero_page_alloc 1
thp_zero_page_alloc_failed 0
thp_promote 5564
thp_fault_alloc 5737
thp_fault_fallback 6593
thp_collapse_alloc 4084
thp_collapse_alloc_failed 0
thp_split 5575
thp_zero_page_alloc 1
thp_zero_page_alloc_failed 0
thp_promote 5564
thp_fault_alloc 5749
thp_fault_fallback 6593
thp_collapse_alloc 4084
thp_collapse_alloc_failed 0
thp_split 5575
thp_zero_page_alloc 1
thp_zero_page_alloc_failed 0
thp_promote 5564
thp_fault_alloc 5759
thp_fault_fallback 6593
thp_collapse_alloc 4084
thp_collapse_alloc_failed 0
thp_split 5575
thp_zero_page_alloc 1
thp_zero_page_alloc_failed 0
thp_promote 5564
thp_fault_alloc 5769
thp_fault_fallback 6593
thp_collapse_alloc 4084
thp_collapse_alloc_failed 0
thp_split 5575
thp_zero_page_alloc 1
thp_zero_page_alloc_failed 0
thp_promote 5564
thp_fault_alloc 5779
thp_fault_fallback 6593
thp_collapse_alloc 4084
thp_collapse_alloc_failed 0
thp_split 5575
thp_zero_page_alloc 1
thp_zero_page_alloc_failed 0
thp_promote 5564
thp_fault_alloc 5789
thp_fault_fallback 6593
thp_collapse_alloc 4084
thp_collapse_alloc_failed 0
thp_split 5575
thp_zero_page_alloc 1
thp_zero_page_alloc_failed 0
thp_promote 5564
thp_fault_alloc 5801
thp_fault_fallback 6593
thp_collapse_alloc 4084
thp_collapse_alloc_failed 0
thp_split 5575
thp_zero_page_alloc 1
thp_zero_page_alloc_failed 0
thp_promote 5564
thp_fault_alloc 5813
thp_fault_fallback 6593
thp_collapse_alloc 4084
thp_collapse_alloc_failed 0
thp_split 5575
thp_zero_page_alloc 1
thp_zero_page_alloc_failed 0
thp_promote 5564
thp_fault_alloc 5824
thp_fault_fallback 6593
thp_collapse_alloc 4084
thp_collapse_alloc_failed 0
thp_split 5575
thp_zero_page_alloc 1
thp_zero_page_alloc_failed 0
thp_promote 5564
thp_fault_alloc 5836
thp_fault_fallback 6593
thp_collapse_alloc 4084
thp_collapse_alloc_failed 0
thp_split 5575
thp_zero_page_alloc 1
thp_zero_page_alloc_failed 0
thp_promote 5564
thp_fault_alloc 5848
thp_fault_fallback 6593
thp_collapse_alloc 4089
thp_collapse_alloc_failed 0
thp_split 5575
thp_zero_page_alloc 1
thp_zero_page_alloc_failed 0
thp_promote 5564
thp_fault_alloc 5861
thp_fault_fallback 6593
thp_collapse_alloc 4089
thp_collapse_alloc_failed 0
thp_split 5575
thp_zero_page_alloc 1
thp_zero_page_alloc_failed 0
thp_promote 5564
thp_fault_alloc 5871
thp_fault_fallback 6593
thp_collapse_alloc 4089
thp_collapse_alloc_failed 0
thp_split 5575
thp_zero_page_alloc 1
thp_zero_page_alloc_failed 0
thp_promote 5564
thp_fault_alloc 5881
thp_fault_fallback 6593
thp_collapse_alloc 4089
thp_collapse_alloc_failed 0
thp_split 5575
thp_zero_page_alloc 1
thp_zero_page_alloc_failed 0
thp_promote 5564
thp_fault_alloc 5892
thp_fault_fallback 6593
thp_collapse_alloc 4089
thp_collapse_alloc_failed 0
thp_split 5575
thp_zero_page_alloc 1
thp_zero_page_alloc_failed 0
thp_promote 5564
thp_fault_alloc 5903
thp_fault_fallback 6593
thp_collapse_alloc 4089
thp_collapse_alloc_failed 0
thp_split 5575
thp_zero_page_alloc 1
thp_zero_page_alloc_failed 0
thp_promote 5564
thp_fault_alloc 5914
thp_fault_fallback 6593
thp_collapse_alloc 4089
thp_collapse_alloc_failed 0
thp_split 5575
thp_zero_page_alloc 1
thp_zero_page_alloc_failed 0
thp_promote 5564
thp_fault_alloc 5926
thp_fault_fallback 6593
thp_collapse_alloc 4089
thp_collapse_alloc_failed 0
thp_split 5575
thp_zero_page_alloc 1
thp_zero_page_alloc_failed 0
thp_promote 5564
thp_fault_alloc 5937
thp_fault_fallback 6593
thp_collapse_alloc 4089
thp_collapse_alloc_failed 0
thp_split 5575
thp_zero_page_alloc 1
thp_zero_page_alloc_failed 0
thp_promote 5564
thp_fault_alloc 5948
thp_fault_fallback 6593
thp_collapse_alloc 4089
thp_collapse_alloc_failed 0
thp_split 5575
thp_zero_page_alloc 1
thp_zero_page_alloc_failed 0
thp_promote 5564
thp_fault_alloc 5959
thp_fault_fallback 6593
thp_collapse_alloc 4090
thp_collapse_alloc_failed 0
thp_split 5575
thp_zero_page_alloc 1
thp_zero_page_alloc_failed 0
thp_promote 5564
thp_fault_alloc 5969
thp_fault_fallback 6593
thp_collapse_alloc 4090
thp_collapse_alloc_failed 0
thp_split 5575
thp_zero_page_alloc 1
thp_zero_page_alloc_failed 0
thp_promote 5564
thp_fault_alloc 5981
thp_fault_fallback 6593
thp_collapse_alloc 4090
thp_collapse_alloc_failed 0
thp_split 5575
thp_zero_page_alloc 1
thp_zero_page_alloc_failed 0
thp_promote 5564
thp_fault_alloc 5990
thp_fault_fallback 12445
thp_collapse_alloc 4090
thp_collapse_alloc_failed 0
thp_split 11427
thp_zero_page_alloc 1
thp_zero_page_alloc_failed 0
thp_promote 5564
thp_fault_alloc 5998
thp_fault_fallback 12445
thp_collapse_alloc 4090
thp_collapse_alloc_failed 0
thp_split 11427
thp_zero_page_alloc 1
thp_zero_page_alloc_failed 0
thp_promote 5564
thp_fault_alloc 6011
thp_fault_fallback 12445
thp_collapse_alloc 4090
thp_collapse_alloc_failed 0
thp_split 11427
thp_zero_page_alloc 1
thp_zero_page_alloc_failed 0
thp_promote 5564
thp_fault_alloc 6020
thp_fault_fallback 12445
thp_collapse_alloc 4090
thp_collapse_alloc_failed 0
thp_split 11427
thp_zero_page_alloc 1
thp_zero_page_alloc_failed 0
thp_promote 5564
thp_fault_alloc 6027
thp_fault_fallback 12445
thp_collapse_alloc 4090
thp_collapse_alloc_failed 0
thp_split 11427
thp_zero_page_alloc 1
thp_zero_page_alloc_failed 0
thp_promote 5564
thp_fault_alloc 6036
thp_fault_fallback 12445
thp_collapse_alloc 4090
thp_collapse_alloc_failed 0
thp_split 11427
thp_zero_page_alloc 1
thp_zero_page_alloc_failed 0
thp_promote 5564
thp_fault_alloc 6050
thp_fault_fallback 12445
thp_collapse_alloc 4090
thp_collapse_alloc_failed 0
thp_split 11427
thp_zero_page_alloc 1
thp_zero_page_alloc_failed 0
thp_promote 5564
thp_fault_alloc 6059
thp_fault_fallback 12445
thp_collapse_alloc 4090
thp_collapse_alloc_failed 0
thp_split 11427
thp_zero_page_alloc 1
thp_zero_page_alloc_failed 0
thp_promote 5564
thp_fault_alloc 6068
thp_fault_fallback 12445
thp_collapse_alloc 4090
thp_collapse_alloc_failed 0
thp_split 11427
thp_zero_page_alloc 1
thp_zero_page_alloc_failed 0
thp_promote 5564
thp_fault_alloc 6076
thp_fault_fallback 12445
thp_collapse_alloc 4090
thp_collapse_alloc_failed 0
thp_split 11427
thp_zero_page_alloc 1
thp_zero_page_alloc_failed 0
thp_promote 5564
thp_fault_alloc 6084
thp_fault_fallback 12445
thp_collapse_alloc 4090
thp_collapse_alloc_failed 0
thp_split 11427
thp_zero_page_alloc 1
thp_zero_page_alloc_failed 0
thp_promote 5564
thp_fault_alloc 6093
thp_fault_fallback 12445
thp_collapse_alloc 4090
thp_collapse_alloc_failed 0
thp_split 11427
thp_zero_page_alloc 1
thp_zero_page_alloc_failed 0
thp_promote 5564
thp_fault_alloc 6111
thp_fault_fallback 12445
thp_collapse_alloc 4090
thp_collapse_alloc_failed 0
thp_split 11427
thp_zero_page_alloc 1
thp_zero_page_alloc_failed 0
thp_promote 5564
thp_fault_alloc 6120
thp_fault_fallback 12445
thp_collapse_alloc 4090
thp_collapse_alloc_failed 0
thp_split 11427
thp_zero_page_alloc 1
thp_zero_page_alloc_failed 0
thp_promote 5564
thp_fault_alloc 6129
thp_fault_fallback 12445
thp_collapse_alloc 4090
thp_collapse_alloc_failed 0
thp_split 11427
thp_zero_page_alloc 1
thp_zero_page_alloc_failed 0
thp_promote 5564
thp_fault_alloc 6138
thp_fault_fallback 12445
thp_collapse_alloc 4090
thp_collapse_alloc_failed 0
thp_split 11427
thp_zero_page_alloc 1
thp_zero_page_alloc_failed 0
thp_promote 5564
thp_fault_alloc 6147
thp_fault_fallback 12445
thp_collapse_alloc 4090
thp_collapse_alloc_failed 0
thp_split 11427
thp_zero_page_alloc 1
thp_zero_page_alloc_failed 0
thp_promote 5564
thp_fault_alloc 6157
thp_fault_fallback 12445
thp_collapse_alloc 4090
thp_collapse_alloc_failed 0
thp_split 11427
thp_zero_page_alloc 1
thp_zero_page_alloc_failed 0
thp_promote 5564
thp_fault_alloc 6173
thp_fault_fallback 12445
thp_collapse_alloc 4090
thp_collapse_alloc_failed 0
thp_split 11427
thp_zero_page_alloc 1
thp_zero_page_alloc_failed 0
thp_promote 5564
thp_fault_alloc 6184
thp_fault_fallback 12445
thp_collapse_alloc 4090
thp_collapse_alloc_failed 0
thp_split 11427
thp_zero_page_alloc 1
thp_zero_page_alloc_failed 0
thp_promote 5564
thp_fault_alloc 6195
thp_fault_fallback 12445
thp_collapse_alloc 4090
thp_collapse_alloc_failed 0
thp_split 11427
thp_zero_page_alloc 1
thp_zero_page_alloc_failed 0
thp_promote 5564
thp_fault_alloc 6206
thp_fault_fallback 12445
thp_collapse_alloc 4090
thp_collapse_alloc_failed 0
thp_split 11427
thp_zero_page_alloc 1
thp_zero_page_alloc_failed 0
thp_promote 5564
thp_fault_alloc 6216
thp_fault_fallback 12445
thp_collapse_alloc 4090
thp_collapse_alloc_failed 0
thp_split 11427
thp_zero_page_alloc 1
thp_zero_page_alloc_failed 0
thp_promote 5564
thp_fault_alloc 6227
thp_fault_fallback 12445
thp_collapse_alloc 4157
thp_collapse_alloc_failed 0
thp_split 11427
thp_zero_page_alloc 1
thp_zero_page_alloc_failed 0
thp_promote 5631
thp_fault_alloc 6238
thp_fault_fallback 12445
thp_collapse_alloc 4157
thp_collapse_alloc_failed 0
thp_split 11427
thp_zero_page_alloc 1
thp_zero_page_alloc_failed 0
thp_promote 5631
thp_fault_alloc 6248
thp_fault_fallback 12445
thp_collapse_alloc 4157
thp_collapse_alloc_failed 0
thp_split 11427
thp_zero_page_alloc 1
thp_zero_page_alloc_failed 0
thp_promote 5631
thp_fault_alloc 6264
thp_fault_fallback 12445
thp_collapse_alloc 4157
thp_collapse_alloc_failed 0
thp_split 11427
thp_zero_page_alloc 1
thp_zero_page_alloc_failed 0
thp_promote 5631
thp_fault_alloc 6273
thp_fault_fallback 12445
thp_collapse_alloc 4157
thp_collapse_alloc_failed 0
thp_split 11427
thp_zero_page_alloc 1
thp_zero_page_alloc_failed 0
thp_promote 5631
thp_fault_alloc 6285
thp_fault_fallback 12445
thp_collapse_alloc 4157
thp_collapse_alloc_failed 0
thp_split 11427
thp_zero_page_alloc 1
thp_zero_page_alloc_failed 0
thp_promote 5631
thp_fault_alloc 6296
thp_fault_fallback 12445
thp_collapse_alloc 4157
thp_collapse_alloc_failed 0
thp_split 11427
thp_zero_page_alloc 1
thp_zero_page_alloc_failed 0
thp_promote 5631
thp_fault_alloc 6327
thp_fault_fallback 12445
thp_collapse_alloc 4599
thp_collapse_alloc_failed 0
thp_split 11427
thp_zero_page_alloc 1
thp_zero_page_alloc_failed 0
thp_promote 7639
thp_fault_alloc 6337
thp_fault_fallback 12445
thp_collapse_alloc 6019
thp_collapse_alloc_failed 0
thp_split 11427
thp_zero_page_alloc 1
thp_zero_page_alloc_failed 0
thp_promote 7639
thp_fault_alloc 6348
thp_fault_fallback 12445
thp_collapse_alloc 6211
thp_collapse_alloc_failed 0
thp_split 11427
thp_zero_page_alloc 1
thp_zero_page_alloc_failed 0
thp_promote 7639
thp_fault_alloc 6377
thp_fault_fallback 12445
thp_collapse_alloc 6211
thp_collapse_alloc_failed 0
thp_split 11427
thp_zero_page_alloc 1
thp_zero_page_alloc_failed 0
thp_promote 7639
thp_fault_alloc 6390
thp_fault_fallback 12445
thp_collapse_alloc 6211
thp_collapse_alloc_failed 0
thp_split 11427
thp_zero_page_alloc 1
thp_zero_page_alloc_failed 0
thp_promote 7639
thp_fault_alloc 6401
thp_fault_fallback 12445
thp_collapse_alloc 6211
thp_collapse_alloc_failed 0
thp_split 11427
thp_zero_page_alloc 1
thp_zero_page_alloc_failed 0
thp_promote 7639
thp_fault_alloc 6412
thp_fault_fallback 12445
thp_collapse_alloc 6211
thp_collapse_alloc_failed 0
thp_split 11427
thp_zero_page_alloc 1
thp_zero_page_alloc_failed 0
thp_promote 7639
thp_fault_alloc 6423
thp_fault_fallback 12445
thp_collapse_alloc 6211
thp_collapse_alloc_failed 0
thp_split 11427
thp_zero_page_alloc 1
thp_zero_page_alloc_failed 0
thp_promote 7639
thp_fault_alloc 6435
thp_fault_fallback 12445
thp_collapse_alloc 6211
thp_collapse_alloc_failed 0
thp_split 11427
thp_zero_page_alloc 1
thp_zero_page_alloc_failed 0
thp_promote 7639
thp_fault_alloc 6445
thp_fault_fallback 12445
thp_collapse_alloc 6211
thp_collapse_alloc_failed 0
thp_split 11427
thp_zero_page_alloc 1
thp_zero_page_alloc_failed 0
thp_promote 7639
thp_fault_alloc 6455
thp_fault_fallback 12445
thp_collapse_alloc 6741
thp_collapse_alloc_failed 0
thp_split 11427
thp_zero_page_alloc 1
thp_zero_page_alloc_failed 0
thp_promote 8214
thp_fault_alloc 6466
thp_fault_fallback 12445
thp_collapse_alloc 6741
thp_collapse_alloc_failed 0
thp_split 11427
thp_zero_page_alloc 1
thp_zero_page_alloc_failed 0
thp_promote 8214
thp_fault_alloc 6476
thp_fault_fallback 12445
thp_collapse_alloc 6741
thp_collapse_alloc_failed 0
thp_split 11427
thp_zero_page_alloc 1
thp_zero_page_alloc_failed 0
thp_promote 8214
thp_fault_alloc 6488
thp_fault_fallback 12445
thp_collapse_alloc 6741
thp_collapse_alloc_failed 0
thp_split 11427
thp_zero_page_alloc 1
thp_zero_page_alloc_failed 0
thp_promote 8214
thp_fault_alloc 6499
thp_fault_fallback 12445
thp_collapse_alloc 6741
thp_collapse_alloc_failed 0
thp_split 11427
thp_zero_page_alloc 1
thp_zero_page_alloc_failed 0
thp_promote 8214
thp_fault_alloc 6516
thp_fault_fallback 12445
thp_collapse_alloc 6741
thp_collapse_alloc_failed 0
thp_split 11427
thp_zero_page_alloc 1
thp_zero_page_alloc_failed 0
thp_promote 8214
thp_fault_alloc 6528
thp_fault_fallback 12445
thp_collapse_alloc 6741
thp_collapse_alloc_failed 0
thp_split 11427
thp_zero_page_alloc 1
thp_zero_page_alloc_failed 0
thp_promote 8214
thp_fault_alloc 6538
thp_fault_fallback 12445
thp_collapse_alloc 6741
thp_collapse_alloc_failed 0
thp_split 11427
thp_zero_page_alloc 1
thp_zero_page_alloc_failed 0
thp_promote 8214
thp_fault_alloc 6549
thp_fault_fallback 12445
thp_collapse_alloc 6741
thp_collapse_alloc_failed 0
thp_split 11427
thp_zero_page_alloc 1
thp_zero_page_alloc_failed 0
thp_promote 8214
thp_fault_alloc 6559
thp_fault_fallback 12445
thp_collapse_alloc 6755
thp_collapse_alloc_failed 0
thp_split 11427
thp_zero_page_alloc 1
thp_zero_page_alloc_failed 0
thp_promote 8229
thp_fault_alloc 6570
thp_fault_fallback 12445
thp_collapse_alloc 6755
thp_collapse_alloc_failed 0
thp_split 11427
thp_zero_page_alloc 1
thp_zero_page_alloc_failed 0
thp_promote 8229
thp_fault_alloc 6581
thp_fault_fallback 12445
thp_collapse_alloc 6755
thp_collapse_alloc_failed 0
thp_split 11427
thp_zero_page_alloc 1
thp_zero_page_alloc_failed 0
thp_promote 8229
thp_fault_alloc 6591
thp_fault_fallback 12445
thp_collapse_alloc 6755
thp_collapse_alloc_failed 0
thp_split 11427
thp_zero_page_alloc 1
thp_zero_page_alloc_failed 0
thp_promote 8229
thp_fault_alloc 6600
thp_fault_fallback 12445
thp_collapse_alloc 6755
thp_collapse_alloc_failed 0
thp_split 11427
thp_zero_page_alloc 1
thp_zero_page_alloc_failed 0
thp_promote 8229
thp_fault_alloc 6611
thp_fault_fallback 12445
thp_collapse_alloc 6755
thp_collapse_alloc_failed 0
thp_split 11427
thp_zero_page_alloc 1
thp_zero_page_alloc_failed 0
thp_promote 8229
thp_fault_alloc 6622
thp_fault_fallback 12445
thp_collapse_alloc 6755
thp_collapse_alloc_failed 0
thp_split 11427
thp_zero_page_alloc 1
thp_zero_page_alloc_failed 0
thp_promote 8229
thp_fault_alloc 6633
thp_fault_fallback 12445
thp_collapse_alloc 6755
thp_collapse_alloc_failed 0
thp_split 11427
thp_zero_page_alloc 1
thp_zero_page_alloc_failed 0
thp_promote 8229
thp_fault_alloc 6642
thp_fault_fallback 12445
thp_collapse_alloc 6755
thp_collapse_alloc_failed 0
thp_split 11427
thp_zero_page_alloc 1
thp_zero_page_alloc_failed 0
thp_promote 8229
thp_fault_alloc 6659
thp_fault_fallback 12445
thp_collapse_alloc 6755
thp_collapse_alloc_failed 0
thp_split 11427
thp_zero_page_alloc 1
thp_zero_page_alloc_failed 0
thp_promote 8229
thp_fault_alloc 6668
thp_fault_fallback 12445
thp_collapse_alloc 6813
thp_collapse_alloc_failed 0
thp_split 11427
thp_zero_page_alloc 1
thp_zero_page_alloc_failed 0
thp_promote 8288
thp_fault_alloc 6679
thp_fault_fallback 12445
thp_collapse_alloc 6813
thp_collapse_alloc_failed 0
thp_split 11427
thp_zero_page_alloc 1
thp_zero_page_alloc_failed 0
thp_promote 8288
thp_fault_alloc 6688
thp_fault_fallback 12445
thp_collapse_alloc 6813
thp_collapse_alloc_failed 0
thp_split 11427
thp_zero_page_alloc 1
thp_zero_page_alloc_failed 0
thp_promote 8288
thp_fault_alloc 6700
thp_fault_fallback 12445
thp_collapse_alloc 6813
thp_collapse_alloc_failed 0
thp_split 11427
thp_zero_page_alloc 1
thp_zero_page_alloc_failed 0
thp_promote 8288
thp_fault_alloc 6710
thp_fault_fallback 12445
thp_collapse_alloc 6813
thp_collapse_alloc_failed 0
thp_split 11427
thp_zero_page_alloc 1
thp_zero_page_alloc_failed 0
thp_promote 8288
thp_fault_alloc 6721
thp_fault_fallback 12445
thp_collapse_alloc 6813
thp_collapse_alloc_failed 0
thp_split 11427
thp_zero_page_alloc 1
thp_zero_page_alloc_failed 0
thp_promote 8288
thp_fault_alloc 6732
thp_fault_fallback 12445
thp_collapse_alloc 6813
thp_collapse_alloc_failed 0
thp_split 11427
thp_zero_page_alloc 1
thp_zero_page_alloc_failed 0
thp_promote 8288
thp_fault_alloc 6743
thp_fault_fallback 12445
thp_collapse_alloc 6813
thp_collapse_alloc_failed 0
thp_split 11427
thp_zero_page_alloc 1
thp_zero_page_alloc_failed 0
thp_promote 8288
thp_fault_alloc 6755
thp_fault_fallback 12445
thp_collapse_alloc 6813
thp_collapse_alloc_failed 0
thp_split 11427
thp_zero_page_alloc 1
thp_zero_page_alloc_failed 0
thp_promote 8288
thp_fault_alloc 6764
thp_fault_fallback 12445
thp_collapse_alloc 6945
thp_collapse_alloc_failed 0
thp_split 11427
thp_zero_page_alloc 1
thp_zero_page_alloc_failed 0
thp_promote 8421
thp_fault_alloc 6774
thp_fault_fallback 12445
thp_collapse_alloc 6945
thp_collapse_alloc_failed 0
thp_split 11427
thp_zero_page_alloc 1
thp_zero_page_alloc_failed 0
thp_promote 8421
thp_fault_alloc 6784
thp_fault_fallback 12445
thp_collapse_alloc 6945
thp_collapse_alloc_failed 0
thp_split 11427
thp_zero_page_alloc 1
thp_zero_page_alloc_failed 0
thp_promote 8421
thp_fault_alloc 6802
thp_fault_fallback 12445
thp_collapse_alloc 6945
thp_collapse_alloc_failed 0
thp_split 11427
thp_zero_page_alloc 1
thp_zero_page_alloc_failed 0
thp_promote 8421
thp_fault_alloc 6813
thp_fault_fallback 12445
thp_collapse_alloc 6945
thp_collapse_alloc_failed 0
thp_split 11427
thp_zero_page_alloc 1
thp_zero_page_alloc_failed 0
thp_promote 8421
thp_fault_alloc 6824
thp_fault_fallback 12445
thp_collapse_alloc 6945
thp_collapse_alloc_failed 0
thp_split 11427
thp_zero_page_alloc 1
thp_zero_page_alloc_failed 0
thp_promote 8421
thp_fault_alloc 6835
thp_fault_fallback 12445
thp_collapse_alloc 6945
thp_collapse_alloc_failed 0
thp_split 11427
thp_zero_page_alloc 1
thp_zero_page_alloc_failed 0
thp_promote 8421
thp_fault_alloc 6844
thp_fault_fallback 12445
thp_collapse_alloc 6945
thp_collapse_alloc_failed 0
thp_split 11427
thp_zero_page_alloc 1
thp_zero_page_alloc_failed 0
thp_promote 8421
thp_fault_alloc 6862
thp_fault_fallback 12445
thp_collapse_alloc 6945
thp_collapse_alloc_failed 0
thp_split 11427
thp_zero_page_alloc 1
thp_zero_page_alloc_failed 0
thp_promote 8421
thp_fault_alloc 6876
thp_fault_fallback 12445
thp_collapse_alloc 7070
thp_collapse_alloc_failed 0
thp_split 11427
thp_zero_page_alloc 1
thp_zero_page_alloc_failed 0
thp_promote 8549
thp_fault_alloc 6895
thp_fault_fallback 12445
thp_collapse_alloc 7070
thp_collapse_alloc_failed 0
thp_split 11427
thp_zero_page_alloc 1
thp_zero_page_alloc_failed 0
thp_promote 8549
thp_fault_alloc 6905
thp_fault_fallback 12445
thp_collapse_alloc 7070
thp_collapse_alloc_failed 0
thp_split 11427
thp_zero_page_alloc 1
thp_zero_page_alloc_failed 0
thp_promote 8549
thp_fault_alloc 6916
thp_fault_fallback 12445
thp_collapse_alloc 7070
thp_collapse_alloc_failed 0
thp_split 11427
thp_zero_page_alloc 1
thp_zero_page_alloc_failed 0
thp_promote 8549
thp_fault_alloc 6926
thp_fault_fallback 12445
thp_collapse_alloc 7070
thp_collapse_alloc_failed 0
thp_split 11427
thp_zero_page_alloc 1
thp_zero_page_alloc_failed 0
thp_promote 8549
thp_fault_alloc 6936
thp_fault_fallback 12445
thp_collapse_alloc 7070
thp_collapse_alloc_failed 0
thp_split 11427
thp_zero_page_alloc 1
thp_zero_page_alloc_failed 0
thp_promote 8549
thp_fault_alloc 6947
thp_fault_fallback 12445
thp_collapse_alloc 7070
thp_collapse_alloc_failed 0
thp_split 11427
thp_zero_page_alloc 1
thp_zero_page_alloc_failed 0
thp_promote 8549
thp_fault_alloc 6959
thp_fault_fallback 12445
thp_collapse_alloc 7070
thp_collapse_alloc_failed 0
thp_split 11427
thp_zero_page_alloc 1
thp_zero_page_alloc_failed 0
thp_promote 8549
thp_fault_alloc 6969
thp_fault_fallback 12445
thp_collapse_alloc 7070
thp_collapse_alloc_failed 0
thp_split 11427
thp_zero_page_alloc 1
thp_zero_page_alloc_failed 0
thp_promote 8616
thp_fault_alloc 6981
thp_fault_fallback 12445
thp_collapse_alloc 7070
thp_collapse_alloc_failed 0
thp_split 11427
thp_zero_page_alloc 1
thp_zero_page_alloc_failed 0
thp_promote 11416
thp_fault_alloc 6990
thp_fault_fallback 12445
thp_collapse_alloc 7070
thp_collapse_alloc_failed 0
thp_split 11427
thp_zero_page_alloc 1
thp_zero_page_alloc_failed 0
thp_promote 11416
thp_fault_alloc 7001
thp_fault_fallback 12445
thp_collapse_alloc 7070
thp_collapse_alloc_failed 0
thp_split 11427
thp_zero_page_alloc 1
thp_zero_page_alloc_failed 0
thp_promote 11416
thp_fault_alloc 7013
thp_fault_fallback 12445
thp_collapse_alloc 7070
thp_collapse_alloc_failed 0
thp_split 11427
thp_zero_page_alloc 1
thp_zero_page_alloc_failed 0
thp_promote 11416
thp_fault_alloc 7024
thp_fault_fallback 12445
thp_collapse_alloc 7070
thp_collapse_alloc_failed 0
thp_split 11427
thp_zero_page_alloc 1
thp_zero_page_alloc_failed 0
thp_promote 11416
thp_fault_alloc 7035
thp_fault_fallback 12445
thp_collapse_alloc 7070
thp_collapse_alloc_failed 0
thp_split 11427
thp_zero_page_alloc 1
thp_zero_page_alloc_failed 0
thp_promote 11416
thp_fault_alloc 7046
thp_fault_fallback 12445
thp_collapse_alloc 7070
thp_collapse_alloc_failed 0
thp_split 11427
thp_zero_page_alloc 1
thp_zero_page_alloc_failed 0
thp_promote 11416
thp_fault_alloc 7055
thp_fault_fallback 12445
thp_collapse_alloc 7070
thp_collapse_alloc_failed 0
thp_split 11427
thp_zero_page_alloc 1
thp_zero_page_alloc_failed 0
thp_promote 11416
thp_fault_alloc 7065
thp_fault_fallback 12445
thp_collapse_alloc 7070
thp_collapse_alloc_failed 0
thp_split 11427
thp_zero_page_alloc 1
thp_zero_page_alloc_failed 0
thp_promote 11416
thp_fault_alloc 7077
thp_fault_fallback 12445
thp_collapse_alloc 7070
thp_collapse_alloc_failed 0
thp_split 11427
thp_zero_page_alloc 1
thp_zero_page_alloc_failed 0
thp_promote 11416
thp_fault_alloc 7086
thp_fault_fallback 12445
thp_collapse_alloc 7070
thp_collapse_alloc_failed 0
thp_split 11427
thp_zero_page_alloc 1
thp_zero_page_alloc_failed 0
thp_promote 11416
thp_fault_alloc 7098
thp_fault_fallback 12445
thp_collapse_alloc 7070
thp_collapse_alloc_failed 0
thp_split 11427
thp_zero_page_alloc 1
thp_zero_page_alloc_failed 0
thp_promote 11416
thp_fault_alloc 7108
thp_fault_fallback 12445
thp_collapse_alloc 7070
thp_collapse_alloc_failed 0
thp_split 11427
thp_zero_page_alloc 1
thp_zero_page_alloc_failed 0
thp_promote 11416
thp_fault_alloc 7118
thp_fault_fallback 12445
thp_collapse_alloc 7070
thp_collapse_alloc_failed 0
thp_split 11427
thp_zero_page_alloc 1
thp_zero_page_alloc_failed 0
thp_promote 11416
thp_fault_alloc 7130
thp_fault_fallback 12445
thp_collapse_alloc 7070
thp_collapse_alloc_failed 0
thp_split 11427
thp_zero_page_alloc 1
thp_zero_page_alloc_failed 0
thp_promote 11416
thp_fault_alloc 7139
thp_fault_fallback 12445
thp_collapse_alloc 7070
thp_collapse_alloc_failed 0
thp_split 11427
thp_zero_page_alloc 1
thp_zero_page_alloc_failed 0
thp_promote 11416
thp_fault_alloc 7149
thp_fault_fallback 12445
thp_collapse_alloc 7070
thp_collapse_alloc_failed 0
thp_split 11427
thp_zero_page_alloc 1
thp_zero_page_alloc_failed 0
thp_promote 11416
thp_fault_alloc 7159
thp_fault_fallback 12445
thp_collapse_alloc 7070
thp_collapse_alloc_failed 0
thp_split 11427
thp_zero_page_alloc 1
thp_zero_page_alloc_failed 0
thp_promote 11416
thp_fault_alloc 7169
thp_fault_fallback 12445
thp_collapse_alloc 7070
thp_collapse_alloc_failed 0
thp_split 11427
thp_zero_page_alloc 1
thp_zero_page_alloc_failed 0
thp_promote 11416
thp_fault_alloc 7179
thp_fault_fallback 12445
thp_collapse_alloc 7070
thp_collapse_alloc_failed 0
thp_split 11427
thp_zero_page_alloc 1
thp_zero_page_alloc_failed 0
thp_promote 11416
thp_fault_alloc 7189
thp_fault_fallback 12445
thp_collapse_alloc 7070
thp_collapse_alloc_failed 0
thp_split 11427
thp_zero_page_alloc 1
thp_zero_page_alloc_failed 0
thp_promote 11416
thp_fault_alloc 7199
thp_fault_fallback 12445
thp_collapse_alloc 7070
thp_collapse_alloc_failed 0
thp_split 11427
thp_zero_page_alloc 1
thp_zero_page_alloc_failed 0
thp_promote 11416
thp_fault_alloc 7209
thp_fault_fallback 12445
thp_collapse_alloc 7070
thp_collapse_alloc_failed 0
thp_split 11427
thp_zero_page_alloc 1
thp_zero_page_alloc_failed 0
thp_promote 11416
thp_fault_alloc 7220
thp_fault_fallback 12445
thp_collapse_alloc 7070
thp_collapse_alloc_failed 0
thp_split 11427
thp_zero_page_alloc 1
thp_zero_page_alloc_failed 0
thp_promote 11416
thp_fault_alloc 7229
thp_fault_fallback 12445
thp_collapse_alloc 7070
thp_collapse_alloc_failed 0
thp_split 11427
thp_zero_page_alloc 1
thp_zero_page_alloc_failed 0
thp_promote 11416
thp_fault_alloc 7241
thp_fault_fallback 12445
thp_collapse_alloc 7070
thp_collapse_alloc_failed 0
thp_split 11427
thp_zero_page_alloc 1
thp_zero_page_alloc_failed 0
thp_promote 11416
thp_fault_alloc 7252
thp_fault_fallback 12445
thp_collapse_alloc 7070
thp_collapse_alloc_failed 0
thp_split 11427
thp_zero_page_alloc 1
thp_zero_page_alloc_failed 0
thp_promote 11416
thp_fault_alloc 7262
thp_fault_fallback 12445
thp_collapse_alloc 7070
thp_collapse_alloc_failed 0
thp_split 11427
thp_zero_page_alloc 1
thp_zero_page_alloc_failed 0
thp_promote 11416
thp_fault_alloc 7273
thp_fault_fallback 12445
thp_collapse_alloc 7070
thp_collapse_alloc_failed 0
thp_split 11427
thp_zero_page_alloc 1
thp_zero_page_alloc_failed 0
thp_promote 11416
thp_fault_alloc 7284
thp_fault_fallback 12445
thp_collapse_alloc 7070
thp_collapse_alloc_failed 0
thp_split 11427
thp_zero_page_alloc 1
thp_zero_page_alloc_failed 0
thp_promote 11416
thp_fault_alloc 7294
thp_fault_fallback 12445
thp_collapse_alloc 7070
thp_collapse_alloc_failed 0
thp_split 11427
thp_zero_page_alloc 1
thp_zero_page_alloc_failed 0
thp_promote 11416
thp_fault_alloc 7304
thp_fault_fallback 12445
thp_collapse_alloc 7070
thp_collapse_alloc_failed 0
thp_split 11427
thp_zero_page_alloc 1
thp_zero_page_alloc_failed 0
thp_promote 11416
thp_fault_alloc 7316
thp_fault_fallback 12445
thp_collapse_alloc 7070
thp_collapse_alloc_failed 0
thp_split 11427
thp_zero_page_alloc 1
thp_zero_page_alloc_failed 0
thp_promote 11416
thp_fault_alloc 7326
thp_fault_fallback 12445
thp_collapse_alloc 7070
thp_collapse_alloc_failed 0
thp_split 11427
thp_zero_page_alloc 1
thp_zero_page_alloc_failed 0
thp_promote 11416
thp_fault_alloc 7336
thp_fault_fallback 12445
thp_collapse_alloc 7070
thp_collapse_alloc_failed 0
thp_split 11427
thp_zero_page_alloc 1
thp_zero_page_alloc_failed 0
thp_promote 11416
thp_fault_alloc 7347
thp_fault_fallback 12445
thp_collapse_alloc 7070
thp_collapse_alloc_failed 0
thp_split 11427
thp_zero_page_alloc 1
thp_zero_page_alloc_failed 0
thp_promote 11416
thp_fault_alloc 7357
thp_fault_fallback 12445
thp_collapse_alloc 7070
thp_collapse_alloc_failed 0
thp_split 11427
thp_zero_page_alloc 1
thp_zero_page_alloc_failed 0
thp_promote 11416
thp_fault_alloc 7367
thp_fault_fallback 12445
thp_collapse_alloc 7070
thp_collapse_alloc_failed 0
thp_split 11427
thp_zero_page_alloc 1
thp_zero_page_alloc_failed 0
thp_promote 11416
thp_fault_alloc 7377
thp_fault_fallback 12445
thp_collapse_alloc 7070
thp_collapse_alloc_failed 0
thp_split 11427
thp_zero_page_alloc 1
thp_zero_page_alloc_failed 0
thp_promote 11416
thp_fault_alloc 7387
thp_fault_fallback 12445
thp_collapse_alloc 7070
thp_collapse_alloc_failed 0
thp_split 11427
thp_zero_page_alloc 1
thp_zero_page_alloc_failed 0
thp_promote 11416
thp_fault_alloc 7399
thp_fault_fallback 12445
thp_collapse_alloc 7070
thp_collapse_alloc_failed 0
thp_split 11427
thp_zero_page_alloc 1
thp_zero_page_alloc_failed 0
thp_promote 11416
thp_fault_alloc 7410
thp_fault_fallback 12445
thp_collapse_alloc 7070
thp_collapse_alloc_failed 0
thp_split 11427
thp_zero_page_alloc 1
thp_zero_page_alloc_failed 0
thp_promote 11416
thp_fault_alloc 7420
thp_fault_fallback 12445
thp_collapse_alloc 7070
thp_collapse_alloc_failed 0
thp_split 11427
thp_zero_page_alloc 1
thp_zero_page_alloc_failed 0
thp_promote 11416
thp_fault_alloc 7430
thp_fault_fallback 12445
thp_collapse_alloc 7070
thp_collapse_alloc_failed 0
thp_split 11427
thp_zero_page_alloc 1
thp_zero_page_alloc_failed 0
thp_promote 11416
thp_fault_alloc 7439
thp_fault_fallback 12445
thp_collapse_alloc 7070
thp_collapse_alloc_failed 0
thp_split 11427
thp_zero_page_alloc 1
thp_zero_page_alloc_failed 0
thp_promote 11416
thp_fault_alloc 7448
thp_fault_fallback 12445
thp_collapse_alloc 7070
thp_collapse_alloc_failed 0
thp_split 11427
thp_zero_page_alloc 1
thp_zero_page_alloc_failed 0
thp_promote 11416
thp_fault_alloc 7458
thp_fault_fallback 12445
thp_collapse_alloc 7070
thp_collapse_alloc_failed 0
thp_split 11427
thp_zero_page_alloc 1
thp_zero_page_alloc_failed 0
thp_promote 11416
thp_fault_alloc 7474
thp_fault_fallback 12445
thp_collapse_alloc 7070
thp_collapse_alloc_failed 0
thp_split 11427
thp_zero_page_alloc 1
thp_zero_page_alloc_failed 0
thp_promote 11416
thp_fault_alloc 7484
thp_fault_fallback 12445
thp_collapse_alloc 7070
thp_collapse_alloc_failed 0
thp_split 11427
thp_zero_page_alloc 1
thp_zero_page_alloc_failed 0
thp_promote 11416
thp_fault_alloc 7495
thp_fault_fallback 12445
thp_collapse_alloc 7070
thp_collapse_alloc_failed 0
thp_split 11427
thp_zero_page_alloc 1
thp_zero_page_alloc_failed 0
thp_promote 11416
thp_fault_alloc 7505
thp_fault_fallback 12445
thp_collapse_alloc 7070
thp_collapse_alloc_failed 0
thp_split 11427
thp_zero_page_alloc 1
thp_zero_page_alloc_failed 0
thp_promote 11416
thp_fault_alloc 7516
thp_fault_fallback 12445
thp_collapse_alloc 7070
thp_collapse_alloc_failed 0
thp_split 11427
thp_zero_page_alloc 1
thp_zero_page_alloc_failed 0
thp_promote 11416
thp_fault_alloc 7525
thp_fault_fallback 18349
thp_collapse_alloc 7070
thp_collapse_alloc_failed 0
thp_split 17331
thp_zero_page_alloc 1
thp_zero_page_alloc_failed 0
thp_promote 11416
thp_fault_alloc 7531
thp_fault_fallback 18441
thp_collapse_alloc 7070
thp_collapse_alloc_failed 0
thp_split 17423
thp_zero_page_alloc 1
thp_zero_page_alloc_failed 0
thp_promote 11416
thp_fault_alloc 7541
thp_fault_fallback 18441
thp_collapse_alloc 7070
thp_collapse_alloc_failed 0
thp_split 17423
thp_zero_page_alloc 1
thp_zero_page_alloc_failed 0
thp_promote 11416
thp_fault_alloc 7549
thp_fault_fallback 18441
thp_collapse_alloc 7070
thp_collapse_alloc_failed 0
thp_split 17423
thp_zero_page_alloc 1
thp_zero_page_alloc_failed 0
thp_promote 11416
thp_fault_alloc 7563
thp_fault_fallback 18441
thp_collapse_alloc 7070
thp_collapse_alloc_failed 0
thp_split 17423
thp_zero_page_alloc 1
thp_zero_page_alloc_failed 0
thp_promote 11416
thp_fault_alloc 7570
thp_fault_fallback 18441
thp_collapse_alloc 7070
thp_collapse_alloc_failed 0
thp_split 17423
thp_zero_page_alloc 1
thp_zero_page_alloc_failed 0
thp_promote 11416
thp_fault_alloc 7579
thp_fault_fallback 18441
thp_collapse_alloc 7070
thp_collapse_alloc_failed 0
thp_split 17423
thp_zero_page_alloc 1
thp_zero_page_alloc_failed 0
thp_promote 11416
thp_fault_alloc 7587
thp_fault_fallback 18441
thp_collapse_alloc 7070
thp_collapse_alloc_failed 0
thp_split 17423
thp_zero_page_alloc 1
thp_zero_page_alloc_failed 0
thp_promote 11416
thp_fault_alloc 7595
thp_fault_fallback 18441
thp_collapse_alloc 7070
thp_collapse_alloc_failed 0
thp_split 17423
thp_zero_page_alloc 1
thp_zero_page_alloc_failed 0
thp_promote 11416
thp_fault_alloc 7609
thp_fault_fallback 18441
thp_collapse_alloc 7070
thp_collapse_alloc_failed 0
thp_split 17423
thp_zero_page_alloc 1
thp_zero_page_alloc_failed 0
thp_promote 11416
thp_fault_alloc 7619
thp_fault_fallback 18441
thp_collapse_alloc 7070
thp_collapse_alloc_failed 0
thp_split 17423
thp_zero_page_alloc 1
thp_zero_page_alloc_failed 0
thp_promote 11416
thp_fault_alloc 7628
thp_fault_fallback 18441
thp_collapse_alloc 7070
thp_collapse_alloc_failed 0
thp_split 17423
thp_zero_page_alloc 1
thp_zero_page_alloc_failed 0
thp_promote 11416
thp_fault_alloc 7636
thp_fault_fallback 18441
thp_collapse_alloc 7070
thp_collapse_alloc_failed 0
thp_split 17423
thp_zero_page_alloc 1
thp_zero_page_alloc_failed 0
thp_promote 11416
thp_fault_alloc 7645
thp_fault_fallback 18441
thp_collapse_alloc 7070
thp_collapse_alloc_failed 0
thp_split 17423
thp_zero_page_alloc 1
thp_zero_page_alloc_failed 0
thp_promote 11416
thp_fault_alloc 7655
thp_fault_fallback 18441
thp_collapse_alloc 7070
thp_collapse_alloc_failed 0
thp_split 17423
thp_zero_page_alloc 1
thp_zero_page_alloc_failed 0
thp_promote 11416
thp_fault_alloc 7671
thp_fault_fallback 18441
thp_collapse_alloc 7070
thp_collapse_alloc_failed 0
thp_split 17423
thp_zero_page_alloc 1
thp_zero_page_alloc_failed 0
thp_promote 11416
thp_fault_alloc 7680
thp_fault_fallback 18441
thp_collapse_alloc 7070
thp_collapse_alloc_failed 0
thp_split 17423
thp_zero_page_alloc 1
thp_zero_page_alloc_failed 0
thp_promote 11416
thp_fault_alloc 7690
thp_fault_fallback 18441
thp_collapse_alloc 7070
thp_collapse_alloc_failed 0
thp_split 17423
thp_zero_page_alloc 1
thp_zero_page_alloc_failed 0
thp_promote 11416
thp_fault_alloc 7699
thp_fault_fallback 18441
thp_collapse_alloc 7070
thp_collapse_alloc_failed 0
thp_split 17423
thp_zero_page_alloc 1
thp_zero_page_alloc_failed 0
thp_promote 11416
thp_fault_alloc 7708
thp_fault_fallback 18441
thp_collapse_alloc 7070
thp_collapse_alloc_failed 0
thp_split 17423
thp_zero_page_alloc 1
thp_zero_page_alloc_failed 0
thp_promote 11416
thp_fault_alloc 7717
thp_fault_fallback 18441
thp_collapse_alloc 7070
thp_collapse_alloc_failed 0
thp_split 17423
thp_zero_page_alloc 1
thp_zero_page_alloc_failed 0
thp_promote 11416
thp_fault_alloc 7725
thp_fault_fallback 18441
thp_collapse_alloc 7070
thp_collapse_alloc_failed 0
thp_split 17423
thp_zero_page_alloc 1
thp_zero_page_alloc_failed 0
thp_promote 11416
thp_fault_alloc 7740
thp_fault_fallback 18441
thp_collapse_alloc 7070
thp_collapse_alloc_failed 0
thp_split 17423
thp_zero_page_alloc 1
thp_zero_page_alloc_failed 0
thp_promote 11416
thp_fault_alloc 7753
thp_fault_fallback 18441
thp_collapse_alloc 7270
thp_collapse_alloc_failed 0
thp_split 17423
thp_zero_page_alloc 1
thp_zero_page_alloc_failed 0
thp_promote 11612
thp_fault_alloc 7763
thp_fault_fallback 18441
thp_collapse_alloc 7270
thp_collapse_alloc_failed 0
thp_split 17423
thp_zero_page_alloc 1
thp_zero_page_alloc_failed 0
thp_promote 11612
thp_fault_alloc 7774
thp_fault_fallback 18441
thp_collapse_alloc 7270
thp_collapse_alloc_failed 0
thp_split 17423
thp_zero_page_alloc 1
thp_zero_page_alloc_failed 0
thp_promote 11612
thp_fault_alloc 7784
thp_fault_fallback 18441
thp_collapse_alloc 7270
thp_collapse_alloc_failed 0
thp_split 17423
thp_zero_page_alloc 1
thp_zero_page_alloc_failed 0
thp_promote 11612
thp_fault_alloc 7794
thp_fault_fallback 18441
thp_collapse_alloc 7270
thp_collapse_alloc_failed 0
thp_split 17423
thp_zero_page_alloc 1
thp_zero_page_alloc_failed 0
thp_promote 11612
thp_fault_alloc 7804
thp_fault_fallback 18441
thp_collapse_alloc 7270
thp_collapse_alloc_failed 0
thp_split 17423
thp_zero_page_alloc 1
thp_zero_page_alloc_failed 0
thp_promote 11612
thp_fault_alloc 7815
thp_fault_fallback 18441
thp_collapse_alloc 7270
thp_collapse_alloc_failed 0
thp_split 17423
thp_zero_page_alloc 1
thp_zero_page_alloc_failed 0
thp_promote 11612
thp_fault_alloc 7829
thp_fault_fallback 18441
thp_collapse_alloc 7270
thp_collapse_alloc_failed 0
thp_split 17423
thp_zero_page_alloc 1
thp_zero_page_alloc_failed 0
thp_promote 11612
thp_fault_alloc 7839
thp_fault_fallback 18441
thp_collapse_alloc 7270
thp_collapse_alloc_failed 0
thp_split 17423
thp_zero_page_alloc 1
thp_zero_page_alloc_failed 0
thp_promote 11868
thp_fault_alloc 7846
thp_fault_fallback 18441
thp_collapse_alloc 8637
thp_collapse_alloc_failed 0
thp_split 17423
thp_zero_page_alloc 1
thp_zero_page_alloc_failed 0
thp_promote 13907
thp_fault_alloc 7855
thp_fault_fallback 18441
thp_collapse_alloc 9588
thp_collapse_alloc_failed 0
thp_split 17423
thp_zero_page_alloc 1
thp_zero_page_alloc_failed 0
thp_promote 13907
thp_fault_alloc 7872
thp_fault_fallback 18441
thp_collapse_alloc 9588
thp_collapse_alloc_failed 0
thp_split 17423
thp_zero_page_alloc 1
thp_zero_page_alloc_failed 0
thp_promote 13907
thp_fault_alloc 7882
thp_fault_fallback 18441
thp_collapse_alloc 9588
thp_collapse_alloc_failed 0
thp_split 17423
thp_zero_page_alloc 1
thp_zero_page_alloc_failed 0
thp_promote 13907
thp_fault_alloc 7893
thp_fault_fallback 18441
thp_collapse_alloc 9588
thp_collapse_alloc_failed 0
thp_split 17423
thp_zero_page_alloc 1
thp_zero_page_alloc_failed 0
thp_promote 13907
thp_fault_alloc 7903
thp_fault_fallback 18441
thp_collapse_alloc 9588
thp_collapse_alloc_failed 0
thp_split 17423
thp_zero_page_alloc 1
thp_zero_page_alloc_failed 0
thp_promote 13907
thp_fault_alloc 7913
thp_fault_fallback 18441
thp_collapse_alloc 9588
thp_collapse_alloc_failed 0
thp_split 17423
thp_zero_page_alloc 1
thp_zero_page_alloc_failed 0
thp_promote 13907
thp_fault_alloc 7920
thp_fault_fallback 18441
thp_collapse_alloc 9588
thp_collapse_alloc_failed 0
thp_split 17423
thp_zero_page_alloc 1
thp_zero_page_alloc_failed 0
thp_promote 13907
thp_fault_alloc 7931
thp_fault_fallback 18441
thp_collapse_alloc 9588
thp_collapse_alloc_failed 0
thp_split 17423
thp_zero_page_alloc 1
thp_zero_page_alloc_failed 0
thp_promote 13907
thp_fault_alloc 7940
thp_fault_fallback 18441
thp_collapse_alloc 9588
thp_collapse_alloc_failed 0
thp_split 17423
thp_zero_page_alloc 1
thp_zero_page_alloc_failed 0
thp_promote 13907
thp_fault_alloc 7949
thp_fault_fallback 18441
thp_collapse_alloc 9710
thp_collapse_alloc_failed 0
thp_split 17423
thp_zero_page_alloc 1
thp_zero_page_alloc_failed 0
thp_promote 14144
thp_fault_alloc 7958
thp_fault_fallback 18441
thp_collapse_alloc 9798
thp_collapse_alloc_failed 0
thp_split 17423
thp_zero_page_alloc 1
thp_zero_page_alloc_failed 0
thp_promote 14144
thp_fault_alloc 7968
thp_fault_fallback 18441
thp_collapse_alloc 9798
thp_collapse_alloc_failed 0
thp_split 17423
thp_zero_page_alloc 1
thp_zero_page_alloc_failed 0
thp_promote 14144
thp_fault_alloc 7980
thp_fault_fallback 18441
thp_collapse_alloc 9798
thp_collapse_alloc_failed 0
thp_split 17423
thp_zero_page_alloc 1
thp_zero_page_alloc_failed 0
thp_promote 14144
thp_fault_alloc 7995
thp_fault_fallback 18441
thp_collapse_alloc 9798
thp_collapse_alloc_failed 0
thp_split 17423
thp_zero_page_alloc 1
thp_zero_page_alloc_failed 0
thp_promote 14144
thp_fault_alloc 8004
thp_fault_fallback 18441
thp_collapse_alloc 9798
thp_collapse_alloc_failed 0
thp_split 17423
thp_zero_page_alloc 1
thp_zero_page_alloc_failed 0
thp_promote 14144
thp_fault_alloc 8015
thp_fault_fallback 18441
thp_collapse_alloc 9798
thp_collapse_alloc_failed 0
thp_split 17423
thp_zero_page_alloc 1
thp_zero_page_alloc_failed 0
thp_promote 14144
thp_fault_alloc 8025
thp_fault_fallback 18441
thp_collapse_alloc 9798
thp_collapse_alloc_failed 0
thp_split 17423
thp_zero_page_alloc 1
thp_zero_page_alloc_failed 0
thp_promote 14144
thp_fault_alloc 8035
thp_fault_fallback 18441
thp_collapse_alloc 9798
thp_collapse_alloc_failed 0
thp_split 17423
thp_zero_page_alloc 1
thp_zero_page_alloc_failed 0
thp_promote 14144
thp_fault_alloc 8045
thp_fault_fallback 18441
thp_collapse_alloc 9798
thp_collapse_alloc_failed 0
thp_split 17423
thp_zero_page_alloc 1
thp_zero_page_alloc_failed 0
thp_promote 14144
thp_fault_alloc 8055
thp_fault_fallback 18441
thp_collapse_alloc 9811
thp_collapse_alloc_failed 0
thp_split 17423
thp_zero_page_alloc 1
thp_zero_page_alloc_failed 0
thp_promote 14157
thp_fault_alloc 8065
thp_fault_fallback 18441
thp_collapse_alloc 9811
thp_collapse_alloc_failed 0
thp_split 17423
thp_zero_page_alloc 1
thp_zero_page_alloc_failed 0
thp_promote 14157
thp_fault_alloc 8075
thp_fault_fallback 18441
thp_collapse_alloc 9811
thp_collapse_alloc_failed 0
thp_split 17423
thp_zero_page_alloc 1
thp_zero_page_alloc_failed 0
thp_promote 14157
thp_fault_alloc 8085
thp_fault_fallback 18441
thp_collapse_alloc 9811
thp_collapse_alloc_failed 0
thp_split 17423
thp_zero_page_alloc 1
thp_zero_page_alloc_failed 0
thp_promote 14157
thp_fault_alloc 8095
thp_fault_fallback 18441
thp_collapse_alloc 9811
thp_collapse_alloc_failed 0
thp_split 17423
thp_zero_page_alloc 1
thp_zero_page_alloc_failed 0
thp_promote 14157
thp_fault_alloc 8104
thp_fault_fallback 18441
thp_collapse_alloc 9811
thp_collapse_alloc_failed 0
thp_split 17423
thp_zero_page_alloc 1
thp_zero_page_alloc_failed 0
thp_promote 14157
thp_fault_alloc 8115
thp_fault_fallback 18441
thp_collapse_alloc 9811
thp_collapse_alloc_failed 0
thp_split 17423
thp_zero_page_alloc 1
thp_zero_page_alloc_failed 0
thp_promote 14157
thp_fault_alloc 8131
thp_fault_fallback 18441
thp_collapse_alloc 9811
thp_collapse_alloc_failed 0
thp_split 17423
thp_zero_page_alloc 1
thp_zero_page_alloc_failed 0
thp_promote 14157
thp_fault_alloc 8143
thp_fault_fallback 18441
thp_collapse_alloc 9811
thp_collapse_alloc_failed 0
thp_split 17423
thp_zero_page_alloc 1
thp_zero_page_alloc_failed 0
thp_promote 14157
thp_fault_alloc 8152
thp_fault_fallback 18441
thp_collapse_alloc 9811
thp_collapse_alloc_failed 0
thp_split 17423
thp_zero_page_alloc 1
thp_zero_page_alloc_failed 0
thp_promote 14157
thp_fault_alloc 8163
thp_fault_fallback 18441
thp_collapse_alloc 9811
thp_collapse_alloc_failed 0
thp_split 17423
thp_zero_page_alloc 1
thp_zero_page_alloc_failed 0
thp_promote 14157
thp_fault_alloc 8174
thp_fault_fallback 18441
thp_collapse_alloc 9811
thp_collapse_alloc_failed 0
thp_split 17423
thp_zero_page_alloc 1
thp_zero_page_alloc_failed 0
thp_promote 14157
thp_fault_alloc 8184
thp_fault_fallback 18441
thp_collapse_alloc 9811
thp_collapse_alloc_failed 0
thp_split 17423
thp_zero_page_alloc 1
thp_zero_page_alloc_failed 0
thp_promote 14157
thp_fault_alloc 8193
thp_fault_fallback 18441
thp_collapse_alloc 9811
thp_collapse_alloc_failed 0
thp_split 17423
thp_zero_page_alloc 1
thp_zero_page_alloc_failed 0
thp_promote 14157
thp_fault_alloc 8203
thp_fault_fallback 18441
thp_collapse_alloc 9811
thp_collapse_alloc_failed 0
thp_split 17423
thp_zero_page_alloc 1
thp_zero_page_alloc_failed 0
thp_promote 14157
thp_fault_alloc 8215
thp_fault_fallback 18441
thp_collapse_alloc 9811
thp_collapse_alloc_failed 0
thp_split 17423
thp_zero_page_alloc 1
thp_zero_page_alloc_failed 0
thp_promote 14157
thp_fault_alloc 8225
thp_fault_fallback 18441
thp_collapse_alloc 9811
thp_collapse_alloc_failed 0
thp_split 17423
thp_zero_page_alloc 1
thp_zero_page_alloc_failed 0
thp_promote 14157
thp_fault_alloc 8235
thp_fault_fallback 18441
thp_collapse_alloc 9811
thp_collapse_alloc_failed 0
thp_split 17423
thp_zero_page_alloc 1
thp_zero_page_alloc_failed 0
thp_promote 14157
thp_fault_alloc 8243
thp_fault_fallback 18441
thp_collapse_alloc 9811
thp_collapse_alloc_failed 0
thp_split 17423
thp_zero_page_alloc 1
thp_zero_page_alloc_failed 0
thp_promote 14157
thp_fault_alloc 8262
thp_fault_fallback 18441
thp_collapse_alloc 9811
thp_collapse_alloc_failed 0
thp_split 17423
thp_zero_page_alloc 1
thp_zero_page_alloc_failed 0
thp_promote 14157
thp_fault_alloc 8272
thp_fault_fallback 18441
thp_collapse_alloc 9811
thp_collapse_alloc_failed 0
thp_split 17423
thp_zero_page_alloc 1
thp_zero_page_alloc_failed 0
thp_promote 14157
thp_fault_alloc 8281
thp_fault_fallback 18441
thp_collapse_alloc 9811
thp_collapse_alloc_failed 0
thp_split 17423
thp_zero_page_alloc 1
thp_zero_page_alloc_failed 0
thp_promote 14157
thp_fault_alloc 8290
thp_fault_fallback 18441
thp_collapse_alloc 9811
thp_collapse_alloc_failed 0
thp_split 17423
thp_zero_page_alloc 1
thp_zero_page_alloc_failed 0
thp_promote 14157
thp_fault_alloc 8299
thp_fault_fallback 18441
thp_collapse_alloc 9811
thp_collapse_alloc_failed 0
thp_split 17423
thp_zero_page_alloc 1
thp_zero_page_alloc_failed 0
thp_promote 14157
thp_fault_alloc 8317
thp_fault_fallback 18441
thp_collapse_alloc 9811
thp_collapse_alloc_failed 0
thp_split 17423
thp_zero_page_alloc 1
thp_zero_page_alloc_failed 0
thp_promote 14157
thp_fault_alloc 8327
thp_fault_fallback 18441
thp_collapse_alloc 9811
thp_collapse_alloc_failed 0
thp_split 17423
thp_zero_page_alloc 1
thp_zero_page_alloc_failed 0
thp_promote 14157
thp_fault_alloc 8336
thp_fault_fallback 18441
thp_collapse_alloc 9811
thp_collapse_alloc_failed 0
thp_split 17423
thp_zero_page_alloc 1
thp_zero_page_alloc_failed 0
thp_promote 14157
thp_fault_alloc 8346
thp_fault_fallback 18441
thp_collapse_alloc 9811
thp_collapse_alloc_failed 0
thp_split 17423
thp_zero_page_alloc 1
thp_zero_page_alloc_failed 0
thp_promote 14157
thp_fault_alloc 8357
thp_fault_fallback 18441
thp_collapse_alloc 9811
thp_collapse_alloc_failed 0
thp_split 17423
thp_zero_page_alloc 1
thp_zero_page_alloc_failed 0
thp_promote 14157
thp_fault_alloc 8366
thp_fault_fallback 18441
thp_collapse_alloc 9811
thp_collapse_alloc_failed 0
thp_split 17423
thp_zero_page_alloc 1
thp_zero_page_alloc_failed 0
thp_promote 14157
thp_fault_alloc 8376
thp_fault_fallback 18441
thp_collapse_alloc 9811
thp_collapse_alloc_failed 0
thp_split 17423
thp_zero_page_alloc 1
thp_zero_page_alloc_failed 0
thp_promote 14157
thp_fault_alloc 8385
thp_fault_fallback 18441
thp_collapse_alloc 9811
thp_collapse_alloc_failed 0
thp_split 17423
thp_zero_page_alloc 1
thp_zero_page_alloc_failed 0
thp_promote 14157
thp_fault_alloc 8397
thp_fault_fallback 18441
thp_collapse_alloc 9811
thp_collapse_alloc_failed 0
thp_split 17423
thp_zero_page_alloc 1
thp_zero_page_alloc_failed 0
thp_promote 14157
thp_fault_alloc 8406
thp_fault_fallback 18441
thp_collapse_alloc 9811
thp_collapse_alloc_failed 0
thp_split 17423
thp_zero_page_alloc 1
thp_zero_page_alloc_failed 0
thp_promote 14157
thp_fault_alloc 8416
thp_fault_fallback 18441
thp_collapse_alloc 9811
thp_collapse_alloc_failed 0
thp_split 17423
thp_zero_page_alloc 1
thp_zero_page_alloc_failed 0
thp_promote 14157
thp_fault_alloc 8426
thp_fault_fallback 18441
thp_collapse_alloc 9811
thp_collapse_alloc_failed 0
thp_split 17423
thp_zero_page_alloc 1
thp_zero_page_alloc_failed 0
thp_promote 14157
thp_fault_alloc 8434
thp_fault_fallback 18441
thp_collapse_alloc 9811
thp_collapse_alloc_failed 0
thp_split 17423
thp_zero_page_alloc 1
thp_zero_page_alloc_failed 0
thp_promote 16778
thp_fault_alloc 8446
thp_fault_fallback 18441
thp_collapse_alloc 9811
thp_collapse_alloc_failed 0
thp_split 17423
thp_zero_page_alloc 1
thp_zero_page_alloc_failed 0
thp_promote 17412
thp_fault_alloc 8455
thp_fault_fallback 18441
thp_collapse_alloc 9811
thp_collapse_alloc_failed 0
thp_split 17423
thp_zero_page_alloc 1
thp_zero_page_alloc_failed 0
thp_promote 17412
thp_fault_alloc 8465
thp_fault_fallback 18441
thp_collapse_alloc 9811
thp_collapse_alloc_failed 0
thp_split 17423
thp_zero_page_alloc 1
thp_zero_page_alloc_failed 0
thp_promote 17412
thp_fault_alloc 8474
thp_fault_fallback 18441
thp_collapse_alloc 9811
thp_collapse_alloc_failed 0
thp_split 17423
thp_zero_page_alloc 1
thp_zero_page_alloc_failed 0
thp_promote 17412
thp_fault_alloc 8483
thp_fault_fallback 18441
thp_collapse_alloc 9811
thp_collapse_alloc_failed 0
thp_split 17423
thp_zero_page_alloc 1
thp_zero_page_alloc_failed 0
thp_promote 17412
thp_fault_alloc 8493
thp_fault_fallback 18441
thp_collapse_alloc 9811
thp_collapse_alloc_failed 0
thp_split 17423
thp_zero_page_alloc 1
thp_zero_page_alloc_failed 0
thp_promote 17412
thp_fault_alloc 8503
thp_fault_fallback 18441
thp_collapse_alloc 9811
thp_collapse_alloc_failed 0
thp_split 17423
thp_zero_page_alloc 1
thp_zero_page_alloc_failed 0
thp_promote 17412
thp_fault_alloc 8513
thp_fault_fallback 18441
thp_collapse_alloc 9811
thp_collapse_alloc_failed 0
thp_split 17423
thp_zero_page_alloc 1
thp_zero_page_alloc_failed 0
thp_promote 17412
thp_fault_alloc 8524
thp_fault_fallback 18441
thp_collapse_alloc 9811
thp_collapse_alloc_failed 0
thp_split 17423
thp_zero_page_alloc 1
thp_zero_page_alloc_failed 0
thp_promote 17412
thp_fault_alloc 8532
thp_fault_fallback 18441
thp_collapse_alloc 9811
thp_collapse_alloc_failed 0
thp_split 17423
thp_zero_page_alloc 1
thp_zero_page_alloc_failed 0
thp_promote 17412
thp_fault_alloc 8544
thp_fault_fallback 18441
thp_collapse_alloc 9811
thp_collapse_alloc_failed 0
thp_split 17423
thp_zero_page_alloc 1
thp_zero_page_alloc_failed 0
thp_promote 17412
thp_fault_alloc 8554
thp_fault_fallback 18441
thp_collapse_alloc 9811
thp_collapse_alloc_failed 0
thp_split 17423
thp_zero_page_alloc 1
thp_zero_page_alloc_failed 0
thp_promote 17412
thp_fault_alloc 8564
thp_fault_fallback 18441
thp_collapse_alloc 9811
thp_collapse_alloc_failed 0
thp_split 17423
thp_zero_page_alloc 1
thp_zero_page_alloc_failed 0
thp_promote 17412
thp_fault_alloc 8573
thp_fault_fallback 18441
thp_collapse_alloc 9811
thp_collapse_alloc_failed 0
thp_split 17423
thp_zero_page_alloc 1
thp_zero_page_alloc_failed 0
thp_promote 17412
thp_fault_alloc 8587
thp_fault_fallback 18441
thp_collapse_alloc 9811
thp_collapse_alloc_failed 0
thp_split 17423
thp_zero_page_alloc 1
thp_zero_page_alloc_failed 0
thp_promote 17412
thp_fault_alloc 8601
thp_fault_fallback 18441
thp_collapse_alloc 9811
thp_collapse_alloc_failed 0
thp_split 17423
thp_zero_page_alloc 1
thp_zero_page_alloc_failed 0
thp_promote 17412
thp_fault_alloc 8612
thp_fault_fallback 18441
thp_collapse_alloc 9811
thp_collapse_alloc_failed 0
thp_split 17423
thp_zero_page_alloc 1
thp_zero_page_alloc_failed 0
thp_promote 17412
thp_fault_alloc 8622
thp_fault_fallback 18441
thp_collapse_alloc 9811
thp_collapse_alloc_failed 0
thp_split 17423
thp_zero_page_alloc 1
thp_zero_page_alloc_failed 0
thp_promote 17412
thp_fault_alloc 8633
thp_fault_fallback 18441
thp_collapse_alloc 9811
thp_collapse_alloc_failed 0
thp_split 17423
thp_zero_page_alloc 1
thp_zero_page_alloc_failed 0
thp_promote 17412
thp_fault_alloc 8642
thp_fault_fallback 18441
thp_collapse_alloc 9811
thp_collapse_alloc_failed 0
thp_split 17423
thp_zero_page_alloc 1
thp_zero_page_alloc_failed 0
thp_promote 17412
thp_fault_alloc 8651
thp_fault_fallback 18441
thp_collapse_alloc 9811
thp_collapse_alloc_failed 0
thp_split 17423
thp_zero_page_alloc 1
thp_zero_page_alloc_failed 0
thp_promote 17412
thp_fault_alloc 8662
thp_fault_fallback 18441
thp_collapse_alloc 9811
thp_collapse_alloc_failed 0
thp_split 17423
thp_zero_page_alloc 1
thp_zero_page_alloc_failed 0
thp_promote 17412
thp_fault_alloc 8671
thp_fault_fallback 18441
thp_collapse_alloc 9811
thp_collapse_alloc_failed 0
thp_split 17423
thp_zero_page_alloc 1
thp_zero_page_alloc_failed 0
thp_promote 17412
thp_fault_alloc 8681
thp_fault_fallback 18441
thp_collapse_alloc 9811
thp_collapse_alloc_failed 0
thp_split 17423
thp_zero_page_alloc 1
thp_zero_page_alloc_failed 0
thp_promote 17412
thp_fault_alloc 8687
thp_fault_fallback 18441
thp_collapse_alloc 9811
thp_collapse_alloc_failed 0
thp_split 17423
thp_zero_page_alloc 1
thp_zero_page_alloc_failed 0
thp_promote 17412
thp_fault_alloc 8693
thp_fault_fallback 18441
thp_collapse_alloc 9811
thp_collapse_alloc_failed 0
thp_split 17423
thp_zero_page_alloc 1
thp_zero_page_alloc_failed 0
thp_promote 17412
thp_fault_alloc 8700
thp_fault_fallback 18441
thp_collapse_alloc 9811
thp_collapse_alloc_failed 0
thp_split 17423
thp_zero_page_alloc 1
thp_zero_page_alloc_failed 0
thp_promote 17412
thp_fault_alloc 8708
thp_fault_fallback 18441
thp_collapse_alloc 9811
thp_collapse_alloc_failed 0
thp_split 17423
thp_zero_page_alloc 1
thp_zero_page_alloc_failed 0
thp_promote 17412
thp_fault_alloc 8715
thp_fault_fallback 18441
thp_collapse_alloc 9811
thp_collapse_alloc_failed 0
thp_split 17423
thp_zero_page_alloc 1
thp_zero_page_alloc_failed 0
thp_promote 17412
thp_fault_alloc 8723
thp_fault_fallback 18441
thp_collapse_alloc 9811
thp_collapse_alloc_failed 0
thp_split 17423
thp_zero_page_alloc 1
thp_zero_page_alloc_failed 0
thp_promote 17412
thp_fault_alloc 8729
thp_fault_fallback 18441
thp_collapse_alloc 9811
thp_collapse_alloc_failed 0
thp_split 17423
thp_zero_page_alloc 1
thp_zero_page_alloc_failed 0
thp_promote 17412
thp_fault_alloc 8736
thp_fault_fallback 18441
thp_collapse_alloc 9811
thp_collapse_alloc_failed 0
thp_split 17423
thp_zero_page_alloc 1
thp_zero_page_alloc_failed 0
thp_promote 17412
thp_fault_alloc 8743
thp_fault_fallback 18441
thp_collapse_alloc 9811
thp_collapse_alloc_failed 0
thp_split 17423
thp_zero_page_alloc 1
thp_zero_page_alloc_failed 0
thp_promote 17412
thp_fault_alloc 8750
thp_fault_fallback 18441
thp_collapse_alloc 9811
thp_collapse_alloc_failed 0
thp_split 17423
thp_zero_page_alloc 1
thp_zero_page_alloc_failed 0
thp_promote 17412
thp_fault_alloc 8758
thp_fault_fallback 18441
thp_collapse_alloc 9811
thp_collapse_alloc_failed 0
thp_split 17423
thp_zero_page_alloc 1
thp_zero_page_alloc_failed 0
thp_promote 17412
thp_fault_alloc 8765
thp_fault_fallback 18441
thp_collapse_alloc 9811
thp_collapse_alloc_failed 0
thp_split 17423
thp_zero_page_alloc 1
thp_zero_page_alloc_failed 0
thp_promote 17412
thp_fault_alloc 8772
thp_fault_fallback 18441
thp_collapse_alloc 9811
thp_collapse_alloc_failed 0
thp_split 17423
thp_zero_page_alloc 1
thp_zero_page_alloc_failed 0
thp_promote 17412
thp_fault_alloc 8779
thp_fault_fallback 18441
thp_collapse_alloc 9811
thp_collapse_alloc_failed 0
thp_split 17423
thp_zero_page_alloc 1
thp_zero_page_alloc_failed 0
thp_promote 17412
thp_fault_alloc 8785
thp_fault_fallback 18441
thp_collapse_alloc 9811
thp_collapse_alloc_failed 0
thp_split 17423
thp_zero_page_alloc 1
thp_zero_page_alloc_failed 0
thp_promote 17412
thp_fault_alloc 8791
thp_fault_fallback 18441
thp_collapse_alloc 9811
thp_collapse_alloc_failed 0
thp_split 17423
thp_zero_page_alloc 1
thp_zero_page_alloc_failed 0
thp_promote 17412
thp_fault_alloc 8798
thp_fault_fallback 18441
thp_collapse_alloc 9811
thp_collapse_alloc_failed 0
thp_split 17423
thp_zero_page_alloc 1
thp_zero_page_alloc_failed 0
thp_promote 17412
thp_fault_alloc 8804
thp_fault_fallback 18441
thp_collapse_alloc 9811
thp_collapse_alloc_failed 0
thp_split 17423
thp_zero_page_alloc 1
thp_zero_page_alloc_failed 0
thp_promote 17412
thp_fault_alloc 8812
thp_fault_fallback 18441
thp_collapse_alloc 9811
thp_collapse_alloc_failed 0
thp_split 17423
thp_zero_page_alloc 1
thp_zero_page_alloc_failed 0
thp_promote 17412
thp_fault_alloc 8818
thp_fault_fallback 18441
thp_collapse_alloc 9811
thp_collapse_alloc_failed 0
thp_split 17423
thp_zero_page_alloc 1
thp_zero_page_alloc_failed 0
thp_promote 17412
thp_fault_alloc 8824
thp_fault_fallback 18441
thp_collapse_alloc 9811
thp_collapse_alloc_failed 0
thp_split 17423
thp_zero_page_alloc 1
thp_zero_page_alloc_failed 0
thp_promote 17412
thp_fault_alloc 8832
thp_fault_fallback 18441
thp_collapse_alloc 9811
thp_collapse_alloc_failed 0
thp_split 17423
thp_zero_page_alloc 1
thp_zero_page_alloc_failed 0
thp_promote 17412
thp_fault_alloc 8839
thp_fault_fallback 18441
thp_collapse_alloc 9811
thp_collapse_alloc_failed 0
thp_split 17423
thp_zero_page_alloc 1
thp_zero_page_alloc_failed 0
thp_promote 17412
thp_fault_alloc 8847
thp_fault_fallback 18441
thp_collapse_alloc 9811
thp_collapse_alloc_failed 0
thp_split 17423
thp_zero_page_alloc 1
thp_zero_page_alloc_failed 0
thp_promote 17412
thp_fault_alloc 8854
thp_fault_fallback 18441
thp_collapse_alloc 9811
thp_collapse_alloc_failed 0
thp_split 17423
thp_zero_page_alloc 1
thp_zero_page_alloc_failed 0
thp_promote 17412
thp_fault_alloc 8861
thp_fault_fallback 18441
thp_collapse_alloc 9811
thp_collapse_alloc_failed 0
thp_split 17423
thp_zero_page_alloc 1
thp_zero_page_alloc_failed 0
thp_promote 17412
thp_fault_alloc 8869
thp_fault_fallback 18441
thp_collapse_alloc 9811
thp_collapse_alloc_failed 0
thp_split 17423
thp_zero_page_alloc 1
thp_zero_page_alloc_failed 0
thp_promote 17412
thp_fault_alloc 8875
thp_fault_fallback 18448
thp_collapse_alloc 9811
thp_collapse_alloc_failed 0
thp_split 17430
thp_zero_page_alloc 1
thp_zero_page_alloc_failed 0
thp_promote 17412
thp_fault_alloc 8883
thp_fault_fallback 18451
thp_collapse_alloc 9811
thp_collapse_alloc_failed 0
thp_split 17433
thp_zero_page_alloc 1
thp_zero_page_alloc_failed 0
thp_promote 17412
thp_fault_alloc 8890
thp_fault_fallback 18451
thp_collapse_alloc 9811
thp_collapse_alloc_failed 0
thp_split 17433
thp_zero_page_alloc 1
thp_zero_page_alloc_failed 0
thp_promote 17412
thp_fault_alloc 8898
thp_fault_fallback 18451
thp_collapse_alloc 9811
thp_collapse_alloc_failed 0
thp_split 17433
thp_zero_page_alloc 1
thp_zero_page_alloc_failed 0
thp_promote 17412
thp_fault_alloc 8905
thp_fault_fallback 18451
thp_collapse_alloc 9811
thp_collapse_alloc_failed 0
thp_split 17433
thp_zero_page_alloc 1
thp_zero_page_alloc_failed 0
thp_promote 17412
thp_fault_alloc 8911
thp_fault_fallback 18451
thp_collapse_alloc 9811
thp_collapse_alloc_failed 0
thp_split 17433
thp_zero_page_alloc 1
thp_zero_page_alloc_failed 0
thp_promote 17412
thp_fault_alloc 8917
thp_fault_fallback 18451
thp_collapse_alloc 9811
thp_collapse_alloc_failed 0
thp_split 17433
thp_zero_page_alloc 1
thp_zero_page_alloc_failed 0
thp_promote 17412
thp_fault_alloc 8937
thp_fault_fallback 18451
thp_collapse_alloc 9811
thp_collapse_alloc_failed 0
thp_split 17433
thp_zero_page_alloc 1
thp_zero_page_alloc_failed 0
thp_promote 17412
thp_fault_alloc 8958
thp_fault_fallback 18451
thp_collapse_alloc 9811
thp_collapse_alloc_failed 0
thp_split 17433
thp_zero_page_alloc 1
thp_zero_page_alloc_failed 0
thp_promote 17412
thp_fault_alloc 8993
thp_fault_fallback 18451
thp_collapse_alloc 9811
thp_collapse_alloc_failed 0
thp_split 17433
thp_zero_page_alloc 1
thp_zero_page_alloc_failed 0
thp_promote 17412
thp_fault_alloc 9057
thp_fault_fallback 18451
thp_collapse_alloc 9811
thp_collapse_alloc_failed 0
thp_split 17433
thp_zero_page_alloc 1
thp_zero_page_alloc_failed 0
thp_promote 17412
thp_fault_alloc 9065
thp_fault_fallback 18451
thp_collapse_alloc 9811
thp_collapse_alloc_failed 0
thp_split 17433
thp_zero_page_alloc 1
thp_zero_page_alloc_failed 0
thp_promote 17412
thp_fault_alloc 9073
thp_fault_fallback 18451
thp_collapse_alloc 9811
thp_collapse_alloc_failed 0
thp_split 17433
thp_zero_page_alloc 1
thp_zero_page_alloc_failed 0
thp_promote 17412
thp_fault_alloc 9080
thp_fault_fallback 18451
thp_collapse_alloc 9811
thp_collapse_alloc_failed 0
thp_split 17433
thp_zero_page_alloc 1
thp_zero_page_alloc_failed 0
thp_promote 17412
thp_fault_alloc 9202
thp_fault_fallback 18451
thp_collapse_alloc 9811
thp_collapse_alloc_failed 0
thp_split 17433
thp_zero_page_alloc 1
thp_zero_page_alloc_failed 0
thp_promote 17412
thp_fault_alloc 9210
thp_fault_fallback 18451
thp_collapse_alloc 9811
thp_collapse_alloc_failed 0
thp_split 17433
thp_zero_page_alloc 1
thp_zero_page_alloc_failed 0
thp_promote 17412
thp_fault_alloc 9216
thp_fault_fallback 18451
thp_collapse_alloc 9811
thp_collapse_alloc_failed 0
thp_split 17433
thp_zero_page_alloc 1
thp_zero_page_alloc_failed 0
thp_promote 17412
thp_fault_alloc 9222
thp_fault_fallback 18451
thp_collapse_alloc 9811
thp_collapse_alloc_failed 0
thp_split 17433
thp_zero_page_alloc 1
thp_zero_page_alloc_failed 0
thp_promote 17412
thp_fault_alloc 9230
thp_fault_fallback 18451
thp_collapse_alloc 9811
thp_collapse_alloc_failed 0
thp_split 17433
thp_zero_page_alloc 1
thp_zero_page_alloc_failed 0
thp_promote 17412
thp_fault_alloc 9238
thp_fault_fallback 18454
thp_collapse_alloc 9811
thp_collapse_alloc_failed 0
thp_split 17436
thp_zero_page_alloc 1
thp_zero_page_alloc_failed 0
thp_promote 17412
thp_fault_alloc 9245
thp_fault_fallback 18454
thp_collapse_alloc 9811
thp_collapse_alloc_failed 0
thp_split 17436
thp_zero_page_alloc 1
thp_zero_page_alloc_failed 0
thp_promote 17412
thp_fault_alloc 9482
thp_fault_fallback 18454
thp_collapse_alloc 9811
thp_collapse_alloc_failed 0
thp_split 17436
thp_zero_page_alloc 1
thp_zero_page_alloc_failed 0
thp_promote 17412
thp_fault_alloc 9489
thp_fault_fallback 18454
thp_collapse_alloc 9811
thp_collapse_alloc_failed 0
thp_split 17436
thp_zero_page_alloc 1
thp_zero_page_alloc_failed 0
thp_promote 17412
thp_fault_alloc 9496
thp_fault_fallback 18454
thp_collapse_alloc 9811
thp_collapse_alloc_failed 0
thp_split 17436
thp_zero_page_alloc 1
thp_zero_page_alloc_failed 0
thp_promote 17412
thp_fault_alloc 9503
thp_fault_fallback 18454
thp_collapse_alloc 9811
thp_collapse_alloc_failed 0
thp_split 17436
thp_zero_page_alloc 1
thp_zero_page_alloc_failed 0
thp_promote 17412
thp_fault_alloc 9510
thp_fault_fallback 18454
thp_collapse_alloc 9811
thp_collapse_alloc_failed 0
thp_split 17436
thp_zero_page_alloc 1
thp_zero_page_alloc_failed 0
thp_promote 17412
thp_fault_alloc 9517
thp_fault_fallback 18454
thp_collapse_alloc 9811
thp_collapse_alloc_failed 0
thp_split 17436
thp_zero_page_alloc 1
thp_zero_page_alloc_failed 0
thp_promote 17412
thp_fault_alloc 9529
thp_fault_fallback 18454
thp_collapse_alloc 9811
thp_collapse_alloc_failed 0
thp_split 17436
thp_zero_page_alloc 1
thp_zero_page_alloc_failed 0
thp_promote 17412
thp_fault_alloc 9536
thp_fault_fallback 18454
thp_collapse_alloc 9811
thp_collapse_alloc_failed 0
thp_split 17436
thp_zero_page_alloc 1
thp_zero_page_alloc_failed 0
thp_promote 17412
thp_fault_alloc 9542
thp_fault_fallback 18454
thp_collapse_alloc 9811
thp_collapse_alloc_failed 0
thp_split 17436
thp_zero_page_alloc 1
thp_zero_page_alloc_failed 0
thp_promote 17412
thp_fault_alloc 9549
thp_fault_fallback 18454
thp_collapse_alloc 9811
thp_collapse_alloc_failed 0
thp_split 17436
thp_zero_page_alloc 1
thp_zero_page_alloc_failed 0
thp_promote 17412
thp_fault_alloc 9556
thp_fault_fallback 18454
thp_collapse_alloc 9811
thp_collapse_alloc_failed 0
thp_split 17436
thp_zero_page_alloc 1
thp_zero_page_alloc_failed 0
thp_promote 17412
thp_fault_alloc 9564
thp_fault_fallback 18454
thp_collapse_alloc 9811
thp_collapse_alloc_failed 0
thp_split 17436
thp_zero_page_alloc 1
thp_zero_page_alloc_failed 0
thp_promote 17412
thp_fault_alloc 9571
thp_fault_fallback 18454
thp_collapse_alloc 9811
thp_collapse_alloc_failed 0
thp_split 17436
thp_zero_page_alloc 1
thp_zero_page_alloc_failed 0
thp_promote 17412
thp_fault_alloc 9661
thp_fault_fallback 18454
thp_collapse_alloc 9811
thp_collapse_alloc_failed 0
thp_split 17436
thp_zero_page_alloc 1
thp_zero_page_alloc_failed 0
thp_promote 17412
thp_fault_alloc 10043
thp_fault_fallback 18454
thp_collapse_alloc 9811
thp_collapse_alloc_failed 0
thp_split 17436
thp_zero_page_alloc 1
thp_zero_page_alloc_failed 0
thp_promote 17412
