0
0
0
0
0
0
0
0
0
0
0
0
0
0
0
0
0
0
0
0
0
0
0
0
0
0
0
2
17
0
0
0
0
0
0
0
23
9
0
0
0
0
0
0
0
42
0
0
0
0
0
0
0
0
51
32
0
0
0
0
0
0
0
0
64
107
8
0
0
0
0
0
0
0
53
0
0
0
0
0
0
0
0
19
0
0
0
0
0
0
0
0
0
5
0
0
0
0
0
0
0
0
0
0
0
0
0
0
0
0
0
0
0
0
0
0
0
0
0
0
0
0
0
0
0
0
0
0
0
0
0
0
0
0
0
0
0
0
0
0
0
0
1
0
0
0
0
0
0
0
0
0
21
0
0
0
0
0
0
0
36
0
0
0
0
0
0
0
0
38
0
0
0
0
0
0
0
0
36
111
15
0
0
0
0
0
55
51
0
0
0
0
0
0
0
0
26
0
0
0
0
0
0
0
0
0
28
0
0
0
0
0
0
0
0
23
12
0
0
0
0
0
0
0
0
6
0
0
0
0
0
0
0
0
0
0
0
0
0
0
0
0
0
0
0
0
0
0
0
0
0
0
0
0
0
0
0
0
0
0
0
0
0
0
0
0
0
0
0
0
0
0
0
0
0
0
0
0
0
0
0
0
0
0
12
0
0
0
0
0
0
0
7
27
0
0
0
0
0
0
0
15
26
0
0
0
0
0
0
0
0
107
38
0
0
0
0
0
0
0
95
32
0
0
0
0
0
0
0
0
24
0
0
0
0
0
0
0
0
0
22
0
0
0
0
0
0
0
0
22
0
0
0
0
0
0
0
0
0
22
0
0
0
0
0
0
0
7
0
0
0
0
0
0
0
0
0
0
0
0
0
0
0
0
0
0
0
0
0
0
0
0
0
0
0
0
0
0
0
0
0
0
0
0
0
0
0
0
0
0
0
0
0
0
0
0
0
0
0
0
0
0
0
0
0
0
0
0
0
0
0
0
0
0
0
0
0
0
0
0
0
0
0
0
0
0
0
0
0
0
0
0
0
0
0
0
0
0
0
0
0
0
0
0
0
0
1
0
0
0
0
0
0
0
0
0
0
0
0
