thp_fault_alloc 4287
thp_fault_fallback 1023
thp_collapse_alloc 1039
thp_collapse_alloc_failed 0
thp_split 3
thp_zero_page_alloc 1
thp_zero_page_alloc_failed 0
thp_promote 0
thp_fault_alloc 4327
thp_fault_fallback 1023
thp_collapse_alloc 1039
thp_collapse_alloc_failed 0
thp_split 3
thp_zero_page_alloc 1
thp_zero_page_alloc_failed 0
thp_promote 0
thp_fault_alloc 4367
thp_fault_fallback 1023
thp_collapse_alloc 1039
thp_collapse_alloc_failed 0
thp_split 3
thp_zero_page_alloc 1
thp_zero_page_alloc_failed 0
thp_promote 0
thp_fault_alloc 4407
thp_fault_fallback 1023
thp_collapse_alloc 1039
thp_collapse_alloc_failed 0
thp_split 3
thp_zero_page_alloc 1
thp_zero_page_alloc_failed 0
thp_promote 0
thp_fault_alloc 4447
thp_fault_fallback 1023
thp_collapse_alloc 1039
thp_collapse_alloc_failed 0
thp_split 3
thp_zero_page_alloc 1
thp_zero_page_alloc_failed 0
thp_promote 0
thp_fault_alloc 4487
thp_fault_fallback 1023
thp_collapse_alloc 1039
thp_collapse_alloc_failed 0
thp_split 3
thp_zero_page_alloc 1
thp_zero_page_alloc_failed 0
thp_promote 0
thp_fault_alloc 4527
thp_fault_fallback 1023
thp_collapse_alloc 1039
thp_collapse_alloc_failed 0
thp_split 3
thp_zero_page_alloc 1
thp_zero_page_alloc_failed 0
thp_promote 0
thp_fault_alloc 4567
thp_fault_fallback 1023
thp_collapse_alloc 1039
thp_collapse_alloc_failed 0
thp_split 3
thp_zero_page_alloc 1
thp_zero_page_alloc_failed 0
thp_promote 0
thp_fault_alloc 4607
thp_fault_fallback 1023
thp_collapse_alloc 1039
thp_collapse_alloc_failed 0
thp_split 3
thp_zero_page_alloc 1
thp_zero_page_alloc_failed 0
thp_promote 0
thp_fault_alloc 4647
thp_fault_fallback 1023
thp_collapse_alloc 1039
thp_collapse_alloc_failed 0
thp_split 3
thp_zero_page_alloc 1
thp_zero_page_alloc_failed 0
thp_promote 0
thp_fault_alloc 4687
thp_fault_fallback 1023
thp_collapse_alloc 1039
thp_collapse_alloc_failed 0
thp_split 3
thp_zero_page_alloc 1
thp_zero_page_alloc_failed 0
thp_promote 0
thp_fault_alloc 4727
thp_fault_fallback 1023
thp_collapse_alloc 1039
thp_collapse_alloc_failed 0
thp_split 3
thp_zero_page_alloc 1
thp_zero_page_alloc_failed 0
thp_promote 0
thp_fault_alloc 4767
thp_fault_fallback 1023
thp_collapse_alloc 1039
thp_collapse_alloc_failed 0
thp_split 3
thp_zero_page_alloc 1
thp_zero_page_alloc_failed 0
thp_promote 0
thp_fault_alloc 4807
thp_fault_fallback 1023
thp_collapse_alloc 1039
thp_collapse_alloc_failed 0
thp_split 3
thp_zero_page_alloc 1
thp_zero_page_alloc_failed 0
thp_promote 0
thp_fault_alloc 4847
thp_fault_fallback 1023
thp_collapse_alloc 1039
thp_collapse_alloc_failed 0
thp_split 3
thp_zero_page_alloc 1
thp_zero_page_alloc_failed 0
thp_promote 0
thp_fault_alloc 4887
thp_fault_fallback 1023
thp_collapse_alloc 1039
thp_collapse_alloc_failed 0
thp_split 3
thp_zero_page_alloc 1
thp_zero_page_alloc_failed 0
thp_promote 0
thp_fault_alloc 4927
thp_fault_fallback 1023
thp_collapse_alloc 1039
thp_collapse_alloc_failed 0
thp_split 3
thp_zero_page_alloc 1
thp_zero_page_alloc_failed 0
thp_promote 0
thp_fault_alloc 4967
thp_fault_fallback 1023
thp_collapse_alloc 1039
thp_collapse_alloc_failed 0
thp_split 3
thp_zero_page_alloc 1
thp_zero_page_alloc_failed 0
thp_promote 0
thp_fault_alloc 5007
thp_fault_fallback 1023
thp_collapse_alloc 1039
thp_collapse_alloc_failed 0
thp_split 3
thp_zero_page_alloc 1
thp_zero_page_alloc_failed 0
thp_promote 0
thp_fault_alloc 5047
thp_fault_fallback 1023
thp_collapse_alloc 1039
thp_collapse_alloc_failed 0
thp_split 3
thp_zero_page_alloc 1
thp_zero_page_alloc_failed 0
thp_promote 0
thp_fault_alloc 5077
thp_fault_fallback 1023
thp_collapse_alloc 1039
thp_collapse_alloc_failed 0
thp_split 3
thp_zero_page_alloc 1
thp_zero_page_alloc_failed 0
thp_promote 0
thp_fault_alloc 5077
thp_fault_fallback 1023
thp_collapse_alloc 1039
thp_collapse_alloc_failed 0
thp_split 3
thp_zero_page_alloc 1
thp_zero_page_alloc_failed 0
thp_promote 0
thp_fault_alloc 5077
thp_fault_fallback 1023
thp_collapse_alloc 1039
thp_collapse_alloc_failed 0
thp_split 3
thp_zero_page_alloc 1
thp_zero_page_alloc_failed 0
thp_promote 0
thp_fault_alloc 5077
thp_fault_fallback 1023
thp_collapse_alloc 1039
thp_collapse_alloc_failed 0
thp_split 3
thp_zero_page_alloc 1
thp_zero_page_alloc_failed 0
thp_promote 0
thp_fault_alloc 5077
thp_fault_fallback 1023
thp_collapse_alloc 1039
thp_collapse_alloc_failed 0
thp_split 3
thp_zero_page_alloc 1
thp_zero_page_alloc_failed 0
thp_promote 0
thp_fault_alloc 5077
thp_fault_fallback 1023
thp_collapse_alloc 1039
thp_collapse_alloc_failed 0
thp_split 3
thp_zero_page_alloc 1
thp_zero_page_alloc_failed 0
thp_promote 0
thp_fault_alloc 5082
thp_fault_fallback 6500
thp_collapse_alloc 1039
thp_collapse_alloc_failed 0
thp_split 5480
thp_zero_page_alloc 1
thp_zero_page_alloc_failed 0
thp_promote 0
thp_fault_alloc 5082
thp_fault_fallback 6590
thp_collapse_alloc 1039
thp_collapse_alloc_failed 0
thp_split 5570
thp_zero_page_alloc 1
thp_zero_page_alloc_failed 0
thp_promote 0
thp_fault_alloc 5082
thp_fault_fallback 6591
thp_collapse_alloc 1039
thp_collapse_alloc_failed 0
thp_split 5571
thp_zero_page_alloc 1
thp_zero_page_alloc_failed 0
thp_promote 4
thp_fault_alloc 5085
thp_fault_fallback 6593
thp_collapse_alloc 1045
thp_collapse_alloc_failed 0
thp_split 5573
thp_zero_page_alloc 1
thp_zero_page_alloc_failed 0
thp_promote 6
thp_fault_alloc 5086
thp_fault_fallback 6594
thp_collapse_alloc 1045
thp_collapse_alloc_failed 0
thp_split 5574
thp_zero_page_alloc 1
thp_zero_page_alloc_failed 0
thp_promote 6
thp_fault_alloc 5089
thp_fault_fallback 6594
thp_collapse_alloc 1045
thp_collapse_alloc_failed 0
thp_split 5574
thp_zero_page_alloc 1
thp_zero_page_alloc_failed 0
thp_promote 6
thp_fault_alloc 5091
thp_fault_fallback 6594
thp_collapse_alloc 1045
thp_collapse_alloc_failed 0
thp_split 5574
thp_zero_page_alloc 1
thp_zero_page_alloc_failed 0
thp_promote 6
thp_fault_alloc 5095
thp_fault_fallback 6594
thp_collapse_alloc 1045
thp_collapse_alloc_failed 0
thp_split 5574
thp_zero_page_alloc 1
thp_zero_page_alloc_failed 0
thp_promote 6
thp_fault_alloc 5098
thp_fault_fallback 6594
thp_collapse_alloc 1045
thp_collapse_alloc_failed 0
thp_split 5574
thp_zero_page_alloc 1
thp_zero_page_alloc_failed 0
thp_promote 6
thp_fault_alloc 5101
thp_fault_fallback 6594
thp_collapse_alloc 1045
thp_collapse_alloc_failed 0
thp_split 5574
thp_zero_page_alloc 1
thp_zero_page_alloc_failed 0
thp_promote 6
thp_fault_alloc 5104
thp_fault_fallback 6594
thp_collapse_alloc 1045
thp_collapse_alloc_failed 0
thp_split 5574
thp_zero_page_alloc 1
thp_zero_page_alloc_failed 0
thp_promote 6
thp_fault_alloc 5109
thp_fault_fallback 6594
thp_collapse_alloc 1053
thp_collapse_alloc_failed 0
thp_split 5574
thp_zero_page_alloc 1
thp_zero_page_alloc_failed 0
thp_promote 14
thp_fault_alloc 5133
thp_fault_fallback 6594
thp_collapse_alloc 1065
thp_collapse_alloc_failed 0
thp_split 5574
thp_zero_page_alloc 1
thp_zero_page_alloc_failed 0
thp_promote 14
thp_fault_alloc 5156
thp_fault_fallback 6594
thp_collapse_alloc 1065
thp_collapse_alloc_failed 0
thp_split 5574
thp_zero_page_alloc 1
thp_zero_page_alloc_failed 0
thp_promote 14
thp_fault_alloc 5177
thp_fault_fallback 6594
thp_collapse_alloc 1065
thp_collapse_alloc_failed 0
thp_split 5574
thp_zero_page_alloc 1
thp_zero_page_alloc_failed 0
thp_promote 14
thp_fault_alloc 5203
thp_fault_fallback 6594
thp_collapse_alloc 1065
thp_collapse_alloc_failed 0
thp_split 5574
thp_zero_page_alloc 1
thp_zero_page_alloc_failed 0
thp_promote 14
thp_fault_alloc 5225
thp_fault_fallback 6594
thp_collapse_alloc 1065
thp_collapse_alloc_failed 0
thp_split 5574
thp_zero_page_alloc 1
thp_zero_page_alloc_failed 0
thp_promote 14
thp_fault_alloc 5266
thp_fault_fallback 6594
thp_collapse_alloc 1065
thp_collapse_alloc_failed 0
thp_split 5574
thp_zero_page_alloc 1
thp_zero_page_alloc_failed 0
thp_promote 14
thp_fault_alloc 5321
thp_fault_fallback 6594
thp_collapse_alloc 1065
thp_collapse_alloc_failed 0
thp_split 5574
thp_zero_page_alloc 1
thp_zero_page_alloc_failed 0
thp_promote 14
thp_fault_alloc 5347
thp_fault_fallback 6594
thp_collapse_alloc 1065
thp_collapse_alloc_failed 0
thp_split 5574
thp_zero_page_alloc 1
thp_zero_page_alloc_failed 0
thp_promote 14
thp_fault_alloc 5381
thp_fault_fallback 6594
thp_collapse_alloc 1070
thp_collapse_alloc_failed 0
thp_split 5574
thp_zero_page_alloc 1
thp_zero_page_alloc_failed 0
thp_promote 14
thp_fault_alloc 5416
thp_fault_fallback 6594
thp_collapse_alloc 1070
thp_collapse_alloc_failed 0
thp_split 5574
thp_zero_page_alloc 1
thp_zero_page_alloc_failed 0
thp_promote 14
thp_fault_alloc 5451
thp_fault_fallback 6594
thp_collapse_alloc 1070
thp_collapse_alloc_failed 0
thp_split 5574
thp_zero_page_alloc 1
thp_zero_page_alloc_failed 0
thp_promote 14
thp_fault_alloc 5486
thp_fault_fallback 6594
thp_collapse_alloc 1070
thp_collapse_alloc_failed 0
thp_split 5574
thp_zero_page_alloc 1
thp_zero_page_alloc_failed 0
thp_promote 14
thp_fault_alloc 5523
thp_fault_fallback 6594
thp_collapse_alloc 1070
thp_collapse_alloc_failed 0
thp_split 5574
thp_zero_page_alloc 1
thp_zero_page_alloc_failed 0
thp_promote 14
thp_fault_alloc 5559
thp_fault_fallback 6594
thp_collapse_alloc 1070
thp_collapse_alloc_failed 0
thp_split 5574
thp_zero_page_alloc 1
thp_zero_page_alloc_failed 0
thp_promote 14
thp_fault_alloc 5593
thp_fault_fallback 6594
thp_collapse_alloc 1070
thp_collapse_alloc_failed 0
thp_split 5574
thp_zero_page_alloc 1
thp_zero_page_alloc_failed 0
thp_promote 14
thp_fault_alloc 5655
thp_fault_fallback 6594
thp_collapse_alloc 1070
thp_collapse_alloc_failed 0
thp_split 5574
thp_zero_page_alloc 1
thp_zero_page_alloc_failed 0
thp_promote 14
thp_fault_alloc 5690
thp_fault_fallback 6594
thp_collapse_alloc 1070
thp_collapse_alloc_failed 0
thp_split 5574
thp_zero_page_alloc 1
thp_zero_page_alloc_failed 0
thp_promote 14
thp_fault_alloc 5722
thp_fault_fallback 6594
thp_collapse_alloc 1391
thp_collapse_alloc_failed 0
thp_split 5574
thp_zero_page_alloc 1
thp_zero_page_alloc_failed 0
thp_promote 615
thp_fault_alloc 5757
thp_fault_fallback 6594
thp_collapse_alloc 1713
thp_collapse_alloc_failed 0
thp_split 5574
thp_zero_page_alloc 1
thp_zero_page_alloc_failed 0
thp_promote 615
thp_fault_alloc 5792
thp_fault_fallback 6594
thp_collapse_alloc 1713
thp_collapse_alloc_failed 0
thp_split 5574
thp_zero_page_alloc 1
thp_zero_page_alloc_failed 0
thp_promote 615
thp_fault_alloc 5828
thp_fault_fallback 6594
thp_collapse_alloc 1713
thp_collapse_alloc_failed 0
thp_split 5574
thp_zero_page_alloc 1
thp_zero_page_alloc_failed 0
thp_promote 615
thp_fault_alloc 5866
thp_fault_fallback 6594
thp_collapse_alloc 1713
thp_collapse_alloc_failed 0
thp_split 5574
thp_zero_page_alloc 1
thp_zero_page_alloc_failed 0
thp_promote 615
thp_fault_alloc 5902
thp_fault_fallback 6594
thp_collapse_alloc 1713
thp_collapse_alloc_failed 0
thp_split 5574
thp_zero_page_alloc 1
thp_zero_page_alloc_failed 0
thp_promote 615
thp_fault_alloc 5935
thp_fault_fallback 6594
thp_collapse_alloc 1713
thp_collapse_alloc_failed 0
thp_split 5574
thp_zero_page_alloc 1
thp_zero_page_alloc_failed 0
thp_promote 615
thp_fault_alloc 6001
thp_fault_fallback 6594
thp_collapse_alloc 1713
thp_collapse_alloc_failed 0
thp_split 5574
thp_zero_page_alloc 1
thp_zero_page_alloc_failed 0
thp_promote 615
thp_fault_alloc 6031
thp_fault_fallback 6594
thp_collapse_alloc 1713
thp_collapse_alloc_failed 0
thp_split 5574
thp_zero_page_alloc 1
thp_zero_page_alloc_failed 0
thp_promote 615
thp_fault_alloc 6069
thp_fault_fallback 6594
thp_collapse_alloc 1713
thp_collapse_alloc_failed 0
thp_split 5574
thp_zero_page_alloc 1
thp_zero_page_alloc_failed 0
thp_promote 615
thp_fault_alloc 6108
thp_fault_fallback 6594
thp_collapse_alloc 2337
thp_collapse_alloc_failed 0
thp_split 5574
thp_zero_page_alloc 1
thp_zero_page_alloc_failed 0
thp_promote 2491
thp_fault_alloc 6147
thp_fault_fallback 6594
thp_collapse_alloc 3528
thp_collapse_alloc_failed 0
thp_split 5574
thp_zero_page_alloc 1
thp_zero_page_alloc_failed 0
thp_promote 2491
thp_fault_alloc 6181
thp_fault_fallback 6594
thp_collapse_alloc 3622
thp_collapse_alloc_failed 0
thp_split 5574
thp_zero_page_alloc 1
thp_zero_page_alloc_failed 0
thp_promote 2491
thp_fault_alloc 6215
thp_fault_fallback 6594
thp_collapse_alloc 3622
thp_collapse_alloc_failed 0
thp_split 5574
thp_zero_page_alloc 1
thp_zero_page_alloc_failed 0
thp_promote 2491
thp_fault_alloc 6249
thp_fault_fallback 6594
thp_collapse_alloc 3622
thp_collapse_alloc_failed 0
thp_split 5574
thp_zero_page_alloc 1
thp_zero_page_alloc_failed 0
thp_promote 2491
thp_fault_alloc 6313
thp_fault_fallback 6594
thp_collapse_alloc 3622
thp_collapse_alloc_failed 0
thp_split 5574
thp_zero_page_alloc 1
thp_zero_page_alloc_failed 0
thp_promote 2491
thp_fault_alloc 6346
thp_fault_fallback 6594
thp_collapse_alloc 3622
thp_collapse_alloc_failed 0
thp_split 5574
thp_zero_page_alloc 1
thp_zero_page_alloc_failed 0
thp_promote 2491
thp_fault_alloc 6382
thp_fault_fallback 6594
thp_collapse_alloc 3622
thp_collapse_alloc_failed 0
thp_split 5574
thp_zero_page_alloc 1
thp_zero_page_alloc_failed 0
thp_promote 2491
thp_fault_alloc 6416
thp_fault_fallback 6594
thp_collapse_alloc 3622
thp_collapse_alloc_failed 0
thp_split 5574
thp_zero_page_alloc 1
thp_zero_page_alloc_failed 0
thp_promote 2491
thp_fault_alloc 6485
thp_fault_fallback 6594
thp_collapse_alloc 3622
thp_collapse_alloc_failed 0
thp_split 5574
thp_zero_page_alloc 1
thp_zero_page_alloc_failed 0
thp_promote 2491
thp_fault_alloc 6522
thp_fault_fallback 6594
thp_collapse_alloc 4039
thp_collapse_alloc_failed 0
thp_split 5574
thp_zero_page_alloc 1
thp_zero_page_alloc_failed 0
thp_promote 2984
thp_fault_alloc 6556
thp_fault_fallback 6594
thp_collapse_alloc 4039
thp_collapse_alloc_failed 0
thp_split 5574
thp_zero_page_alloc 1
thp_zero_page_alloc_failed 0
thp_promote 2984
thp_fault_alloc 6587
thp_fault_fallback 6594
thp_collapse_alloc 4039
thp_collapse_alloc_failed 0
thp_split 5574
thp_zero_page_alloc 1
thp_zero_page_alloc_failed 0
thp_promote 2984
thp_fault_alloc 6627
thp_fault_fallback 6594
thp_collapse_alloc 4039
thp_collapse_alloc_failed 0
thp_split 5574
thp_zero_page_alloc 1
thp_zero_page_alloc_failed 0
thp_promote 2984
thp_fault_alloc 6664
thp_fault_fallback 6594
thp_collapse_alloc 4039
thp_collapse_alloc_failed 0
thp_split 5574
thp_zero_page_alloc 1
thp_zero_page_alloc_failed 0
thp_promote 2984
thp_fault_alloc 6700
thp_fault_fallback 6594
thp_collapse_alloc 4039
thp_collapse_alloc_failed 0
thp_split 5574
thp_zero_page_alloc 1
thp_zero_page_alloc_failed 0
thp_promote 2984
thp_fault_alloc 6736
thp_fault_fallback 6594
thp_collapse_alloc 4039
thp_collapse_alloc_failed 0
thp_split 5574
thp_zero_page_alloc 1
thp_zero_page_alloc_failed 0
thp_promote 2984
thp_fault_alloc 6772
thp_fault_fallback 6594
thp_collapse_alloc 4039
thp_collapse_alloc_failed 0
thp_split 5574
thp_zero_page_alloc 1
thp_zero_page_alloc_failed 0
thp_promote 2984
thp_fault_alloc 6840
thp_fault_fallback 6594
thp_collapse_alloc 4039
thp_collapse_alloc_failed 0
thp_split 5574
thp_zero_page_alloc 1
thp_zero_page_alloc_failed 0
thp_promote 2984
thp_fault_alloc 6877
thp_fault_fallback 6594
thp_collapse_alloc 4087
thp_collapse_alloc_failed 0
thp_split 5574
thp_zero_page_alloc 1
thp_zero_page_alloc_failed 0
thp_promote 3032
thp_fault_alloc 6912
thp_fault_fallback 6594
thp_collapse_alloc 4087
thp_collapse_alloc_failed 0
thp_split 5574
thp_zero_page_alloc 1
thp_zero_page_alloc_failed 0
thp_promote 3032
thp_fault_alloc 6950
thp_fault_fallback 6594
thp_collapse_alloc 4087
thp_collapse_alloc_failed 0
thp_split 5574
thp_zero_page_alloc 1
thp_zero_page_alloc_failed 0
thp_promote 3032
thp_fault_alloc 6984
thp_fault_fallback 6594
thp_collapse_alloc 4087
thp_collapse_alloc_failed 0
thp_split 5574
thp_zero_page_alloc 1
thp_zero_page_alloc_failed 0
thp_promote 3032
thp_fault_alloc 7020
thp_fault_fallback 6594
thp_collapse_alloc 4087
thp_collapse_alloc_failed 0
thp_split 5574
thp_zero_page_alloc 1
thp_zero_page_alloc_failed 0
thp_promote 3032
thp_fault_alloc 7055
thp_fault_fallback 6594
thp_collapse_alloc 4087
thp_collapse_alloc_failed 0
thp_split 5574
thp_zero_page_alloc 1
thp_zero_page_alloc_failed 0
thp_promote 3032
thp_fault_alloc 7092
thp_fault_fallback 6594
thp_collapse_alloc 4087
thp_collapse_alloc_failed 0
thp_split 5574
thp_zero_page_alloc 1
thp_zero_page_alloc_failed 0
thp_promote 3032
thp_fault_alloc 7129
thp_fault_fallback 6594
thp_collapse_alloc 4087
thp_collapse_alloc_failed 0
thp_split 5574
thp_zero_page_alloc 1
thp_zero_page_alloc_failed 0
thp_promote 3032
thp_fault_alloc 7162
thp_fault_fallback 6594
thp_collapse_alloc 4087
thp_collapse_alloc_failed 0
thp_split 5574
thp_zero_page_alloc 1
thp_zero_page_alloc_failed 0
thp_promote 3032
thp_fault_alloc 7200
thp_fault_fallback 6594
thp_collapse_alloc 4087
thp_collapse_alloc_failed 0
thp_split 5574
thp_zero_page_alloc 1
thp_zero_page_alloc_failed 0
thp_promote 3032
thp_fault_alloc 7237
thp_fault_fallback 6594
thp_collapse_alloc 4087
thp_collapse_alloc_failed 0
thp_split 5574
thp_zero_page_alloc 1
thp_zero_page_alloc_failed 0
thp_promote 5565
thp_fault_alloc 7276
thp_fault_fallback 6594
thp_collapse_alloc 4087
thp_collapse_alloc_failed 0
thp_split 5574
thp_zero_page_alloc 1
thp_zero_page_alloc_failed 0
thp_promote 5565
thp_fault_alloc 7312
thp_fault_fallback 6594
thp_collapse_alloc 4087
thp_collapse_alloc_failed 0
thp_split 5574
thp_zero_page_alloc 1
thp_zero_page_alloc_failed 0
thp_promote 5565
thp_fault_alloc 7350
thp_fault_fallback 6594
thp_collapse_alloc 4087
thp_collapse_alloc_failed 0
thp_split 5574
thp_zero_page_alloc 1
thp_zero_page_alloc_failed 0
thp_promote 5565
thp_fault_alloc 7390
thp_fault_fallback 6594
thp_collapse_alloc 4087
thp_collapse_alloc_failed 0
thp_split 5574
thp_zero_page_alloc 1
thp_zero_page_alloc_failed 0
thp_promote 5565
thp_fault_alloc 7429
thp_fault_fallback 6594
thp_collapse_alloc 4087
thp_collapse_alloc_failed 0
thp_split 5574
thp_zero_page_alloc 1
thp_zero_page_alloc_failed 0
thp_promote 5565
thp_fault_alloc 7465
thp_fault_fallback 6594
thp_collapse_alloc 4087
thp_collapse_alloc_failed 0
thp_split 5574
thp_zero_page_alloc 1
thp_zero_page_alloc_failed 0
thp_promote 5565
thp_fault_alloc 7506
thp_fault_fallback 6594
thp_collapse_alloc 4087
thp_collapse_alloc_failed 0
thp_split 5574
thp_zero_page_alloc 1
thp_zero_page_alloc_failed 0
thp_promote 5565
thp_fault_alloc 7542
thp_fault_fallback 6594
thp_collapse_alloc 4087
thp_collapse_alloc_failed 0
thp_split 5574
thp_zero_page_alloc 1
thp_zero_page_alloc_failed 0
thp_promote 5565
thp_fault_alloc 7584
thp_fault_fallback 6594
thp_collapse_alloc 4087
thp_collapse_alloc_failed 0
thp_split 5574
thp_zero_page_alloc 1
thp_zero_page_alloc_failed 0
thp_promote 5565
thp_fault_alloc 7619
thp_fault_fallback 6594
thp_collapse_alloc 4087
thp_collapse_alloc_failed 0
thp_split 5574
thp_zero_page_alloc 1
thp_zero_page_alloc_failed 0
thp_promote 5565
thp_fault_alloc 7658
thp_fault_fallback 6594
thp_collapse_alloc 4087
thp_collapse_alloc_failed 0
thp_split 5574
thp_zero_page_alloc 1
thp_zero_page_alloc_failed 0
thp_promote 5565
thp_fault_alloc 7701
thp_fault_fallback 6594
thp_collapse_alloc 4087
thp_collapse_alloc_failed 0
thp_split 5574
thp_zero_page_alloc 1
thp_zero_page_alloc_failed 0
thp_promote 5565
thp_fault_alloc 7738
thp_fault_fallback 6594
thp_collapse_alloc 4087
thp_collapse_alloc_failed 0
thp_split 5574
thp_zero_page_alloc 1
thp_zero_page_alloc_failed 0
thp_promote 5565
thp_fault_alloc 7774
thp_fault_fallback 6594
thp_collapse_alloc 4087
thp_collapse_alloc_failed 0
thp_split 5574
thp_zero_page_alloc 1
thp_zero_page_alloc_failed 0
thp_promote 5565
thp_fault_alloc 7810
thp_fault_fallback 6594
thp_collapse_alloc 4087
thp_collapse_alloc_failed 0
thp_split 5574
thp_zero_page_alloc 1
thp_zero_page_alloc_failed 0
thp_promote 5565
thp_fault_alloc 7850
thp_fault_fallback 6594
thp_collapse_alloc 4087
thp_collapse_alloc_failed 0
thp_split 5574
thp_zero_page_alloc 1
thp_zero_page_alloc_failed 0
thp_promote 5565
thp_fault_alloc 7886
thp_fault_fallback 6594
thp_collapse_alloc 4087
thp_collapse_alloc_failed 0
thp_split 5574
thp_zero_page_alloc 1
thp_zero_page_alloc_failed 0
thp_promote 5565
thp_fault_alloc 7923
thp_fault_fallback 6594
thp_collapse_alloc 4087
thp_collapse_alloc_failed 0
thp_split 5575
thp_zero_page_alloc 1
thp_zero_page_alloc_failed 0
thp_promote 5565
thp_fault_alloc 7981
thp_fault_fallback 6594
thp_collapse_alloc 4087
thp_collapse_alloc_failed 0
thp_split 5575
thp_zero_page_alloc 1
thp_zero_page_alloc_failed 0
thp_promote 5565
thp_fault_alloc 8036
thp_fault_fallback 6594
thp_collapse_alloc 4088
thp_collapse_alloc_failed 0
thp_split 5576
thp_zero_page_alloc 1
thp_zero_page_alloc_failed 0
thp_promote 5565
thp_fault_alloc 8072
thp_fault_fallback 6594
thp_collapse_alloc 4088
thp_collapse_alloc_failed 0
thp_split 5576
thp_zero_page_alloc 1
thp_zero_page_alloc_failed 0
thp_promote 5565
thp_fault_alloc 8109
thp_fault_fallback 6594
thp_collapse_alloc 4088
thp_collapse_alloc_failed 0
thp_split 5576
thp_zero_page_alloc 1
thp_zero_page_alloc_failed 0
thp_promote 5565
thp_fault_alloc 8147
thp_fault_fallback 6594
thp_collapse_alloc 4088
thp_collapse_alloc_failed 0
thp_split 5576
thp_zero_page_alloc 1
thp_zero_page_alloc_failed 0
thp_promote 5565
thp_fault_alloc 8186
thp_fault_fallback 6594
thp_collapse_alloc 4088
thp_collapse_alloc_failed 0
thp_split 5576
thp_zero_page_alloc 1
thp_zero_page_alloc_failed 0
thp_promote 5565
thp_fault_alloc 8224
thp_fault_fallback 6594
thp_collapse_alloc 4088
thp_collapse_alloc_failed 0
thp_split 5576
thp_zero_page_alloc 1
thp_zero_page_alloc_failed 0
thp_promote 5565
thp_fault_alloc 8264
thp_fault_fallback 6594
thp_collapse_alloc 4088
thp_collapse_alloc_failed 0
thp_split 5576
thp_zero_page_alloc 1
thp_zero_page_alloc_failed 0
thp_promote 5565
thp_fault_alloc 8301
thp_fault_fallback 6594
thp_collapse_alloc 4088
thp_collapse_alloc_failed 0
thp_split 5576
thp_zero_page_alloc 1
thp_zero_page_alloc_failed 0
thp_promote 5565
thp_fault_alloc 8340
thp_fault_fallback 6594
thp_collapse_alloc 4088
thp_collapse_alloc_failed 0
thp_split 5576
thp_zero_page_alloc 1
thp_zero_page_alloc_failed 0
thp_promote 5565
thp_fault_alloc 8378
thp_fault_fallback 6594
thp_collapse_alloc 4088
thp_collapse_alloc_failed 0
thp_split 5576
thp_zero_page_alloc 1
thp_zero_page_alloc_failed 0
thp_promote 5565
thp_fault_alloc 8419
thp_fault_fallback 6594
thp_collapse_alloc 4089
thp_collapse_alloc_failed 0
thp_split 5576
thp_zero_page_alloc 1
thp_zero_page_alloc_failed 0
thp_promote 5565
thp_fault_alloc 8457
thp_fault_fallback 6594
thp_collapse_alloc 4089
thp_collapse_alloc_failed 0
thp_split 5576
thp_zero_page_alloc 1
thp_zero_page_alloc_failed 0
thp_promote 5565
thp_fault_alloc 8497
thp_fault_fallback 6594
thp_collapse_alloc 4089
thp_collapse_alloc_failed 0
thp_split 5576
thp_zero_page_alloc 1
thp_zero_page_alloc_failed 0
thp_promote 5565
thp_fault_alloc 8532
thp_fault_fallback 6594
thp_collapse_alloc 4089
thp_collapse_alloc_failed 0
thp_split 5576
thp_zero_page_alloc 1
thp_zero_page_alloc_failed 0
thp_promote 5565
thp_fault_alloc 8570
thp_fault_fallback 6594
thp_collapse_alloc 4089
thp_collapse_alloc_failed 0
thp_split 5576
thp_zero_page_alloc 1
thp_zero_page_alloc_failed 0
thp_promote 5565
thp_fault_alloc 8607
thp_fault_fallback 6594
thp_collapse_alloc 4089
thp_collapse_alloc_failed 0
thp_split 5576
thp_zero_page_alloc 1
thp_zero_page_alloc_failed 0
thp_promote 5565
thp_fault_alloc 8645
thp_fault_fallback 6594
thp_collapse_alloc 4089
thp_collapse_alloc_failed 0
thp_split 5576
thp_zero_page_alloc 1
thp_zero_page_alloc_failed 0
thp_promote 5565
thp_fault_alloc 8684
thp_fault_fallback 6594
thp_collapse_alloc 4089
thp_collapse_alloc_failed 0
thp_split 5576
thp_zero_page_alloc 1
thp_zero_page_alloc_failed 0
thp_promote 5565
thp_fault_alloc 8722
thp_fault_fallback 6594
thp_collapse_alloc 4089
thp_collapse_alloc_failed 0
thp_split 5577
thp_zero_page_alloc 1
thp_zero_page_alloc_failed 0
thp_promote 5565
thp_fault_alloc 8762
thp_fault_fallback 6594
thp_collapse_alloc 4091
thp_collapse_alloc_failed 0
thp_split 5577
thp_zero_page_alloc 1
thp_zero_page_alloc_failed 0
thp_promote 5565
thp_fault_alloc 8803
thp_fault_fallback 6594
thp_collapse_alloc 4091
thp_collapse_alloc_failed 0
thp_split 5577
thp_zero_page_alloc 1
thp_zero_page_alloc_failed 0
thp_promote 5565
thp_fault_alloc 8845
thp_fault_fallback 6594
thp_collapse_alloc 4091
thp_collapse_alloc_failed 0
thp_split 5577
thp_zero_page_alloc 1
thp_zero_page_alloc_failed 0
thp_promote 5565
thp_fault_alloc 8883
thp_fault_fallback 6594
thp_collapse_alloc 4091
thp_collapse_alloc_failed 0
thp_split 5577
thp_zero_page_alloc 1
thp_zero_page_alloc_failed 0
thp_promote 5565
thp_fault_alloc 8924
thp_fault_fallback 6594
thp_collapse_alloc 4091
thp_collapse_alloc_failed 0
thp_split 5577
thp_zero_page_alloc 1
thp_zero_page_alloc_failed 0
thp_promote 5565
thp_fault_alloc 8966
thp_fault_fallback 6594
thp_collapse_alloc 4091
thp_collapse_alloc_failed 0
thp_split 5577
thp_zero_page_alloc 1
thp_zero_page_alloc_failed 0
thp_promote 5565
thp_fault_alloc 9009
thp_fault_fallback 6594
thp_collapse_alloc 4091
thp_collapse_alloc_failed 0
thp_split 5577
thp_zero_page_alloc 1
thp_zero_page_alloc_failed 0
thp_promote 5565
thp_fault_alloc 9046
thp_fault_fallback 6594
thp_collapse_alloc 4091
thp_collapse_alloc_failed 0
thp_split 5577
thp_zero_page_alloc 1
thp_zero_page_alloc_failed 0
thp_promote 5565
thp_fault_alloc 9081
thp_fault_fallback 6594
thp_collapse_alloc 4091
thp_collapse_alloc_failed 0
thp_split 5577
thp_zero_page_alloc 1
thp_zero_page_alloc_failed 0
thp_promote 5565
thp_fault_alloc 9119
thp_fault_fallback 6594
thp_collapse_alloc 4091
thp_collapse_alloc_failed 0
thp_split 5577
thp_zero_page_alloc 1
thp_zero_page_alloc_failed 0
thp_promote 5565
thp_fault_alloc 9161
thp_fault_fallback 6594
thp_collapse_alloc 4095
thp_collapse_alloc_failed 0
thp_split 5577
thp_zero_page_alloc 1
thp_zero_page_alloc_failed 0
thp_promote 5565
thp_fault_alloc 9201
thp_fault_fallback 6594
thp_collapse_alloc 4095
thp_collapse_alloc_failed 0
thp_split 5577
thp_zero_page_alloc 1
thp_zero_page_alloc_failed 0
thp_promote 5565
thp_fault_alloc 9243
thp_fault_fallback 6594
thp_collapse_alloc 4095
thp_collapse_alloc_failed 0
thp_split 5577
thp_zero_page_alloc 1
thp_zero_page_alloc_failed 0
thp_promote 5565
thp_fault_alloc 9282
thp_fault_fallback 6594
thp_collapse_alloc 4095
thp_collapse_alloc_failed 0
thp_split 5577
thp_zero_page_alloc 1
thp_zero_page_alloc_failed 0
thp_promote 5565
thp_fault_alloc 9321
thp_fault_fallback 6594
thp_collapse_alloc 4095
thp_collapse_alloc_failed 0
thp_split 5577
thp_zero_page_alloc 1
thp_zero_page_alloc_failed 0
thp_promote 5565
thp_fault_alloc 9361
thp_fault_fallback 6594
thp_collapse_alloc 4095
thp_collapse_alloc_failed 0
thp_split 5577
thp_zero_page_alloc 1
thp_zero_page_alloc_failed 0
thp_promote 5565
thp_fault_alloc 9401
thp_fault_fallback 6594
thp_collapse_alloc 4095
thp_collapse_alloc_failed 0
thp_split 5577
thp_zero_page_alloc 1
thp_zero_page_alloc_failed 0
thp_promote 5565
thp_fault_alloc 9439
thp_fault_fallback 6594
thp_collapse_alloc 4095
thp_collapse_alloc_failed 0
thp_split 5577
thp_zero_page_alloc 1
thp_zero_page_alloc_failed 0
thp_promote 5565
thp_fault_alloc 9477
thp_fault_fallback 12431
thp_collapse_alloc 4095
thp_collapse_alloc_failed 0
thp_split 11414
thp_zero_page_alloc 1
thp_zero_page_alloc_failed 0
thp_promote 5565
thp_fault_alloc 9511
thp_fault_fallback 12431
thp_collapse_alloc 4095
thp_collapse_alloc_failed 0
thp_split 11414
thp_zero_page_alloc 1
thp_zero_page_alloc_failed 0
thp_promote 5565
thp_fault_alloc 9584
thp_fault_fallback 12431
thp_collapse_alloc 4096
thp_collapse_alloc_failed 0
thp_split 11414
thp_zero_page_alloc 1
thp_zero_page_alloc_failed 0
thp_promote 5565
thp_fault_alloc 9620
thp_fault_fallback 12431
thp_collapse_alloc 4096
thp_collapse_alloc_failed 0
thp_split 11414
thp_zero_page_alloc 1
thp_zero_page_alloc_failed 0
thp_promote 5565
thp_fault_alloc 9657
thp_fault_fallback 12431
thp_collapse_alloc 4096
thp_collapse_alloc_failed 0
thp_split 11414
thp_zero_page_alloc 1
thp_zero_page_alloc_failed 0
thp_promote 5565
thp_fault_alloc 9696
thp_fault_fallback 12431
thp_collapse_alloc 4096
thp_collapse_alloc_failed 0
thp_split 11414
thp_zero_page_alloc 1
thp_zero_page_alloc_failed 0
thp_promote 5565
thp_fault_alloc 9737
thp_fault_fallback 12431
thp_collapse_alloc 4096
thp_collapse_alloc_failed 0
thp_split 11414
thp_zero_page_alloc 1
thp_zero_page_alloc_failed 0
thp_promote 5565
thp_fault_alloc 9813
thp_fault_fallback 12431
thp_collapse_alloc 4096
thp_collapse_alloc_failed 0
thp_split 11414
thp_zero_page_alloc 1
thp_zero_page_alloc_failed 0
thp_promote 5565
thp_fault_alloc 9854
thp_fault_fallback 12431
thp_collapse_alloc 4096
thp_collapse_alloc_failed 0
thp_split 11414
thp_zero_page_alloc 1
thp_zero_page_alloc_failed 0
thp_promote 5565
thp_fault_alloc 9890
thp_fault_fallback 12431
thp_collapse_alloc 4096
thp_collapse_alloc_failed 0
thp_split 11414
thp_zero_page_alloc 1
thp_zero_page_alloc_failed 0
thp_promote 5565
thp_fault_alloc 9926
thp_fault_fallback 12431
thp_collapse_alloc 4096
thp_collapse_alloc_failed 0
thp_split 11414
thp_zero_page_alloc 1
thp_zero_page_alloc_failed 0
thp_promote 5565
thp_fault_alloc 10000
thp_fault_fallback 12431
thp_collapse_alloc 4096
thp_collapse_alloc_failed 0
thp_split 11414
thp_zero_page_alloc 1
thp_zero_page_alloc_failed 0
thp_promote 5565
thp_fault_alloc 10040
thp_fault_fallback 12431
thp_collapse_alloc 4096
thp_collapse_alloc_failed 0
thp_split 11414
thp_zero_page_alloc 1
thp_zero_page_alloc_failed 0
thp_promote 5565
thp_fault_alloc 10084
thp_fault_fallback 12431
thp_collapse_alloc 4096
thp_collapse_alloc_failed 0
thp_split 11414
thp_zero_page_alloc 1
thp_zero_page_alloc_failed 0
thp_promote 5565
thp_fault_alloc 10126
thp_fault_fallback 12431
thp_collapse_alloc 4096
thp_collapse_alloc_failed 0
thp_split 11414
thp_zero_page_alloc 1
thp_zero_page_alloc_failed 0
thp_promote 5565
thp_fault_alloc 10166
thp_fault_fallback 12431
thp_collapse_alloc 4096
thp_collapse_alloc_failed 0
thp_split 11414
thp_zero_page_alloc 1
thp_zero_page_alloc_failed 0
thp_promote 5565
thp_fault_alloc 10206
thp_fault_fallback 12431
thp_collapse_alloc 4096
thp_collapse_alloc_failed 0
thp_split 11414
thp_zero_page_alloc 1
thp_zero_page_alloc_failed 0
thp_promote 5565
thp_fault_alloc 10253
thp_fault_fallback 12431
thp_collapse_alloc 4096
thp_collapse_alloc_failed 0
thp_split 11414
thp_zero_page_alloc 1
thp_zero_page_alloc_failed 0
thp_promote 5565
thp_fault_alloc 10323
thp_fault_fallback 12431
thp_collapse_alloc 4096
thp_collapse_alloc_failed 0
thp_split 11414
thp_zero_page_alloc 1
thp_zero_page_alloc_failed 0
thp_promote 5565
thp_fault_alloc 10365
thp_fault_fallback 12431
thp_collapse_alloc 4097
thp_collapse_alloc_failed 0
thp_split 11414
thp_zero_page_alloc 1
thp_zero_page_alloc_failed 0
thp_promote 5566
thp_fault_alloc 10410
thp_fault_fallback 12431
thp_collapse_alloc 4097
thp_collapse_alloc_failed 0
thp_split 11414
thp_zero_page_alloc 1
thp_zero_page_alloc_failed 0
thp_promote 5566
thp_fault_alloc 10452
thp_fault_fallback 12431
thp_collapse_alloc 4097
thp_collapse_alloc_failed 0
thp_split 11414
thp_zero_page_alloc 1
thp_zero_page_alloc_failed 0
thp_promote 5566
thp_fault_alloc 10494
thp_fault_fallback 12431
thp_collapse_alloc 4097
thp_collapse_alloc_failed 0
thp_split 11414
thp_zero_page_alloc 1
thp_zero_page_alloc_failed 0
thp_promote 5566
thp_fault_alloc 10536
thp_fault_fallback 12431
thp_collapse_alloc 4097
thp_collapse_alloc_failed 0
thp_split 11414
thp_zero_page_alloc 1
thp_zero_page_alloc_failed 0
thp_promote 5566
thp_fault_alloc 10577
thp_fault_fallback 12431
thp_collapse_alloc 4097
thp_collapse_alloc_failed 0
thp_split 11414
thp_zero_page_alloc 1
thp_zero_page_alloc_failed 0
thp_promote 5566
thp_fault_alloc 10656
thp_fault_fallback 12431
thp_collapse_alloc 4097
thp_collapse_alloc_failed 0
thp_split 11414
thp_zero_page_alloc 1
thp_zero_page_alloc_failed 0
thp_promote 5566
thp_fault_alloc 10699
thp_fault_fallback 12431
thp_collapse_alloc 4097
thp_collapse_alloc_failed 0
thp_split 11414
thp_zero_page_alloc 1
thp_zero_page_alloc_failed 0
thp_promote 5566
thp_fault_alloc 10739
thp_fault_fallback 12431
thp_collapse_alloc 4097
thp_collapse_alloc_failed 0
thp_split 11414
thp_zero_page_alloc 1
thp_zero_page_alloc_failed 0
thp_promote 5566
thp_fault_alloc 10780
thp_fault_fallback 12431
thp_collapse_alloc 4353
thp_collapse_alloc_failed 0
thp_split 11414
thp_zero_page_alloc 1
thp_zero_page_alloc_failed 0
thp_promote 7095
thp_fault_alloc 10822
thp_fault_fallback 12431
thp_collapse_alloc 5547
thp_collapse_alloc_failed 0
thp_split 11414
thp_zero_page_alloc 1
thp_zero_page_alloc_failed 0
thp_promote 7095
thp_fault_alloc 10864
thp_fault_fallback 12431
thp_collapse_alloc 5715
thp_collapse_alloc_failed 0
thp_split 11414
thp_zero_page_alloc 1
thp_zero_page_alloc_failed 0
thp_promote 7095
thp_fault_alloc 10904
thp_fault_fallback 12431
thp_collapse_alloc 5715
thp_collapse_alloc_failed 0
thp_split 11414
thp_zero_page_alloc 1
thp_zero_page_alloc_failed 0
thp_promote 7095
thp_fault_alloc 10943
thp_fault_fallback 12431
thp_collapse_alloc 5715
thp_collapse_alloc_failed 0
thp_split 11414
thp_zero_page_alloc 1
thp_zero_page_alloc_failed 0
thp_promote 7095
thp_fault_alloc 11064
thp_fault_fallback 12431
thp_collapse_alloc 5715
thp_collapse_alloc_failed 0
thp_split 11414
thp_zero_page_alloc 1
thp_zero_page_alloc_failed 0
thp_promote 7095
thp_fault_alloc 11104
thp_fault_fallback 12431
thp_collapse_alloc 5715
thp_collapse_alloc_failed 0
thp_split 11414
thp_zero_page_alloc 1
thp_zero_page_alloc_failed 0
thp_promote 7095
thp_fault_alloc 11183
thp_fault_fallback 12431
thp_collapse_alloc 5715
thp_collapse_alloc_failed 0
thp_split 11414
thp_zero_page_alloc 1
thp_zero_page_alloc_failed 0
thp_promote 7095
thp_fault_alloc 11264
thp_fault_fallback 12431
thp_collapse_alloc 6186
thp_collapse_alloc_failed 0
thp_split 11414
thp_zero_page_alloc 1
thp_zero_page_alloc_failed 0
thp_promote 8179
thp_fault_alloc 11307
thp_fault_fallback 12431
thp_collapse_alloc 6715
thp_collapse_alloc_failed 0
thp_split 11414
thp_zero_page_alloc 1
thp_zero_page_alloc_failed 0
thp_promote 8179
thp_fault_alloc 11345
thp_fault_fallback 12431
thp_collapse_alloc 6715
thp_collapse_alloc_failed 0
thp_split 11414
thp_zero_page_alloc 1
thp_zero_page_alloc_failed 0
thp_promote 8179
thp_fault_alloc 11386
thp_fault_fallback 12431
thp_collapse_alloc 6715
thp_collapse_alloc_failed 0
thp_split 11414
thp_zero_page_alloc 1
thp_zero_page_alloc_failed 0
thp_promote 8179
thp_fault_alloc 11427
thp_fault_fallback 12431
thp_collapse_alloc 6715
thp_collapse_alloc_failed 0
thp_split 11414
thp_zero_page_alloc 1
thp_zero_page_alloc_failed 0
thp_promote 8179
thp_fault_alloc 11470
thp_fault_fallback 12431
thp_collapse_alloc 6715
thp_collapse_alloc_failed 0
thp_split 11414
thp_zero_page_alloc 1
thp_zero_page_alloc_failed 0
thp_promote 8179
thp_fault_alloc 11512
thp_fault_fallback 12431
thp_collapse_alloc 6715
thp_collapse_alloc_failed 0
thp_split 11414
thp_zero_page_alloc 1
thp_zero_page_alloc_failed 0
thp_promote 8179
thp_fault_alloc 11556
thp_fault_fallback 12431
thp_collapse_alloc 6715
thp_collapse_alloc_failed 0
thp_split 11414
thp_zero_page_alloc 1
thp_zero_page_alloc_failed 0
thp_promote 8179
thp_fault_alloc 11599
thp_fault_fallback 12431
thp_collapse_alloc 6715
thp_collapse_alloc_failed 0
thp_split 11414
thp_zero_page_alloc 1
thp_zero_page_alloc_failed 0
thp_promote 8179
thp_fault_alloc 11667
thp_fault_fallback 12431
thp_collapse_alloc 6715
thp_collapse_alloc_failed 0
thp_split 11414
thp_zero_page_alloc 1
thp_zero_page_alloc_failed 0
thp_promote 8179
thp_fault_alloc 11718
thp_fault_fallback 12431
thp_collapse_alloc 6758
thp_collapse_alloc_failed 0
thp_split 11414
thp_zero_page_alloc 1
thp_zero_page_alloc_failed 0
thp_promote 8225
thp_fault_alloc 11763
thp_fault_fallback 12431
thp_collapse_alloc 6758
thp_collapse_alloc_failed 0
thp_split 11414
thp_zero_page_alloc 1
thp_zero_page_alloc_failed 0
thp_promote 8225
thp_fault_alloc 11804
thp_fault_fallback 12431
thp_collapse_alloc 6758
thp_collapse_alloc_failed 0
thp_split 11414
thp_zero_page_alloc 1
thp_zero_page_alloc_failed 0
thp_promote 8225
thp_fault_alloc 11845
thp_fault_fallback 12431
thp_collapse_alloc 6758
thp_collapse_alloc_failed 0
thp_split 11414
thp_zero_page_alloc 1
thp_zero_page_alloc_failed 0
thp_promote 8225
thp_fault_alloc 11889
thp_fault_fallback 12431
thp_collapse_alloc 6758
thp_collapse_alloc_failed 0
thp_split 11414
thp_zero_page_alloc 1
thp_zero_page_alloc_failed 0
thp_promote 8225
thp_fault_alloc 11928
thp_fault_fallback 12431
thp_collapse_alloc 6758
thp_collapse_alloc_failed 0
thp_split 11414
thp_zero_page_alloc 1
thp_zero_page_alloc_failed 0
thp_promote 8225
thp_fault_alloc 11971
thp_fault_fallback 12431
thp_collapse_alloc 6758
thp_collapse_alloc_failed 0
thp_split 11414
thp_zero_page_alloc 1
thp_zero_page_alloc_failed 0
thp_promote 8225
thp_fault_alloc 12011
thp_fault_fallback 12431
thp_collapse_alloc 6758
thp_collapse_alloc_failed 0
thp_split 11414
thp_zero_page_alloc 1
thp_zero_page_alloc_failed 0
thp_promote 8225
thp_fault_alloc 12053
thp_fault_fallback 12431
thp_collapse_alloc 6758
thp_collapse_alloc_failed 0
thp_split 11414
thp_zero_page_alloc 1
thp_zero_page_alloc_failed 0
thp_promote 8225
thp_fault_alloc 12096
thp_fault_fallback 12431
thp_collapse_alloc 6758
thp_collapse_alloc_failed 0
thp_split 11414
thp_zero_page_alloc 1
thp_zero_page_alloc_failed 0
thp_promote 8225
thp_fault_alloc 12136
thp_fault_fallback 12431
thp_collapse_alloc 6843
thp_collapse_alloc_failed 0
thp_split 11414
thp_zero_page_alloc 1
thp_zero_page_alloc_failed 0
thp_promote 8310
thp_fault_alloc 12178
thp_fault_fallback 12431
thp_collapse_alloc 6843
thp_collapse_alloc_failed 0
thp_split 11414
thp_zero_page_alloc 1
thp_zero_page_alloc_failed 0
thp_promote 8310
thp_fault_alloc 12253
thp_fault_fallback 12431
thp_collapse_alloc 6843
thp_collapse_alloc_failed 0
thp_split 11414
thp_zero_page_alloc 1
thp_zero_page_alloc_failed 0
thp_promote 8310
thp_fault_alloc 12291
thp_fault_fallback 12431
thp_collapse_alloc 6843
thp_collapse_alloc_failed 0
thp_split 11414
thp_zero_page_alloc 1
thp_zero_page_alloc_failed 0
thp_promote 8310
thp_fault_alloc 12334
thp_fault_fallback 12431
thp_collapse_alloc 6843
thp_collapse_alloc_failed 0
thp_split 11414
thp_zero_page_alloc 1
thp_zero_page_alloc_failed 0
thp_promote 8310
thp_fault_alloc 12376
thp_fault_fallback 12431
thp_collapse_alloc 6843
thp_collapse_alloc_failed 0
thp_split 11414
thp_zero_page_alloc 1
thp_zero_page_alloc_failed 0
thp_promote 8310
thp_fault_alloc 12417
thp_fault_fallback 12431
thp_collapse_alloc 6843
thp_collapse_alloc_failed 0
thp_split 11414
thp_zero_page_alloc 1
thp_zero_page_alloc_failed 0
thp_promote 8310
thp_fault_alloc 12461
thp_fault_fallback 12431
thp_collapse_alloc 6843
thp_collapse_alloc_failed 0
thp_split 11414
thp_zero_page_alloc 1
thp_zero_page_alloc_failed 0
thp_promote 8310
thp_fault_alloc 12502
thp_fault_fallback 12431
thp_collapse_alloc 6843
thp_collapse_alloc_failed 0
thp_split 11414
thp_zero_page_alloc 1
thp_zero_page_alloc_failed 0
thp_promote 8310
thp_fault_alloc 12546
thp_fault_fallback 12431
thp_collapse_alloc 6972
thp_collapse_alloc_failed 0
thp_split 11414
thp_zero_page_alloc 1
thp_zero_page_alloc_failed 0
thp_promote 8465
thp_fault_alloc 12584
thp_fault_fallback 12431
thp_collapse_alloc 6999
thp_collapse_alloc_failed 0
thp_split 11414
thp_zero_page_alloc 1
thp_zero_page_alloc_failed 0
thp_promote 8465
thp_fault_alloc 12624
thp_fault_fallback 12431
thp_collapse_alloc 6999
thp_collapse_alloc_failed 0
thp_split 11414
thp_zero_page_alloc 1
thp_zero_page_alloc_failed 0
thp_promote 8465
thp_fault_alloc 12665
thp_fault_fallback 12431
thp_collapse_alloc 6999
thp_collapse_alloc_failed 0
thp_split 11414
thp_zero_page_alloc 1
thp_zero_page_alloc_failed 0
thp_promote 8465
thp_fault_alloc 12744
thp_fault_fallback 12431
thp_collapse_alloc 6999
thp_collapse_alloc_failed 0
thp_split 11414
thp_zero_page_alloc 1
thp_zero_page_alloc_failed 0
thp_promote 8465
thp_fault_alloc 12786
thp_fault_fallback 12431
thp_collapse_alloc 6999
thp_collapse_alloc_failed 0
thp_split 11414
thp_zero_page_alloc 1
thp_zero_page_alloc_failed 0
thp_promote 8465
thp_fault_alloc 12827
thp_fault_fallback 12431
thp_collapse_alloc 6999
thp_collapse_alloc_failed 0
thp_split 11414
thp_zero_page_alloc 1
thp_zero_page_alloc_failed 0
thp_promote 8465
thp_fault_alloc 12865
thp_fault_fallback 12431
thp_collapse_alloc 6999
thp_collapse_alloc_failed 0
thp_split 11414
thp_zero_page_alloc 1
thp_zero_page_alloc_failed 0
thp_promote 8465
thp_fault_alloc 12906
thp_fault_fallback 12431
thp_collapse_alloc 6999
thp_collapse_alloc_failed 0
thp_split 11414
thp_zero_page_alloc 1
thp_zero_page_alloc_failed 0
thp_promote 8465
thp_fault_alloc 12944
thp_fault_fallback 12431
thp_collapse_alloc 6999
thp_collapse_alloc_failed 0
thp_split 11414
thp_zero_page_alloc 1
thp_zero_page_alloc_failed 0
thp_promote 8465
thp_fault_alloc 12987
thp_fault_fallback 12431
thp_collapse_alloc 6999
thp_collapse_alloc_failed 0
thp_split 11414
thp_zero_page_alloc 1
thp_zero_page_alloc_failed 0
thp_promote 11402
thp_fault_alloc 13027
thp_fault_fallback 12431
thp_collapse_alloc 6999
thp_collapse_alloc_failed 0
thp_split 11414
thp_zero_page_alloc 1
thp_zero_page_alloc_failed 0
thp_promote 11402
thp_fault_alloc 13069
thp_fault_fallback 12431
thp_collapse_alloc 6999
thp_collapse_alloc_failed 0
thp_split 11414
thp_zero_page_alloc 1
thp_zero_page_alloc_failed 0
thp_promote 11402
thp_fault_alloc 13108
thp_fault_fallback 12431
thp_collapse_alloc 6999
thp_collapse_alloc_failed 0
thp_split 11414
thp_zero_page_alloc 1
thp_zero_page_alloc_failed 0
thp_promote 11402
thp_fault_alloc 13149
thp_fault_fallback 12431
thp_collapse_alloc 6999
thp_collapse_alloc_failed 0
thp_split 11414
thp_zero_page_alloc 1
thp_zero_page_alloc_failed 0
thp_promote 11402
thp_fault_alloc 13191
thp_fault_fallback 12431
thp_collapse_alloc 6999
thp_collapse_alloc_failed 0
thp_split 11414
thp_zero_page_alloc 1
thp_zero_page_alloc_failed 0
thp_promote 11402
thp_fault_alloc 13233
thp_fault_fallback 12431
thp_collapse_alloc 6999
thp_collapse_alloc_failed 0
thp_split 11414
thp_zero_page_alloc 1
thp_zero_page_alloc_failed 0
thp_promote 11402
thp_fault_alloc 13274
thp_fault_fallback 12431
thp_collapse_alloc 6999
thp_collapse_alloc_failed 0
thp_split 11414
thp_zero_page_alloc 1
thp_zero_page_alloc_failed 0
thp_promote 11402
thp_fault_alloc 13315
thp_fault_fallback 12431
thp_collapse_alloc 6999
thp_collapse_alloc_failed 0
thp_split 11414
thp_zero_page_alloc 1
thp_zero_page_alloc_failed 0
thp_promote 11402
thp_fault_alloc 13360
thp_fault_fallback 12431
thp_collapse_alloc 6999
thp_collapse_alloc_failed 0
thp_split 11414
thp_zero_page_alloc 1
thp_zero_page_alloc_failed 0
thp_promote 11402
thp_fault_alloc 13398
thp_fault_fallback 12431
thp_collapse_alloc 6999
thp_collapse_alloc_failed 0
thp_split 11414
thp_zero_page_alloc 1
thp_zero_page_alloc_failed 0
thp_promote 11402
thp_fault_alloc 13438
thp_fault_fallback 12431
thp_collapse_alloc 6999
thp_collapse_alloc_failed 0
thp_split 11414
thp_zero_page_alloc 1
thp_zero_page_alloc_failed 0
thp_promote 11402
thp_fault_alloc 13481
thp_fault_fallback 12431
thp_collapse_alloc 6999
thp_collapse_alloc_failed 0
thp_split 11414
thp_zero_page_alloc 1
thp_zero_page_alloc_failed 0
thp_promote 11402
thp_fault_alloc 13522
thp_fault_fallback 12431
thp_collapse_alloc 6999
thp_collapse_alloc_failed 0
thp_split 11414
thp_zero_page_alloc 1
thp_zero_page_alloc_failed 0
thp_promote 11402
thp_fault_alloc 13561
thp_fault_fallback 12431
thp_collapse_alloc 6999
thp_collapse_alloc_failed 0
thp_split 11414
thp_zero_page_alloc 1
thp_zero_page_alloc_failed 0
thp_promote 11402
thp_fault_alloc 13602
thp_fault_fallback 12431
thp_collapse_alloc 6999
thp_collapse_alloc_failed 0
thp_split 11414
thp_zero_page_alloc 1
thp_zero_page_alloc_failed 0
thp_promote 11402
thp_fault_alloc 13642
thp_fault_fallback 12431
thp_collapse_alloc 6999
thp_collapse_alloc_failed 0
thp_split 11414
thp_zero_page_alloc 1
thp_zero_page_alloc_failed 0
thp_promote 11402
thp_fault_alloc 13681
thp_fault_fallback 12431
thp_collapse_alloc 6999
thp_collapse_alloc_failed 0
thp_split 11414
thp_zero_page_alloc 1
thp_zero_page_alloc_failed 0
thp_promote 11402
thp_fault_alloc 13721
thp_fault_fallback 12431
thp_collapse_alloc 6999
thp_collapse_alloc_failed 0
thp_split 11414
thp_zero_page_alloc 1
thp_zero_page_alloc_failed 0
thp_promote 11402
thp_fault_alloc 13762
thp_fault_fallback 12431
thp_collapse_alloc 6999
thp_collapse_alloc_failed 0
thp_split 11414
thp_zero_page_alloc 1
thp_zero_page_alloc_failed 0
thp_promote 11402
thp_fault_alloc 13803
thp_fault_fallback 12431
thp_collapse_alloc 6999
thp_collapse_alloc_failed 0
thp_split 11414
thp_zero_page_alloc 1
thp_zero_page_alloc_failed 0
thp_promote 11402
thp_fault_alloc 13842
thp_fault_fallback 12431
thp_collapse_alloc 6999
thp_collapse_alloc_failed 0
thp_split 11414
thp_zero_page_alloc 1
thp_zero_page_alloc_failed 0
thp_promote 11402
thp_fault_alloc 13885
thp_fault_fallback 12431
thp_collapse_alloc 6999
thp_collapse_alloc_failed 0
thp_split 11414
thp_zero_page_alloc 1
thp_zero_page_alloc_failed 0
thp_promote 11402
thp_fault_alloc 13929
thp_fault_fallback 12431
thp_collapse_alloc 6999
thp_collapse_alloc_failed 0
thp_split 11414
thp_zero_page_alloc 1
thp_zero_page_alloc_failed 0
thp_promote 11402
thp_fault_alloc 13969
thp_fault_fallback 12431
thp_collapse_alloc 6999
thp_collapse_alloc_failed 0
thp_split 11414
thp_zero_page_alloc 1
thp_zero_page_alloc_failed 0
thp_promote 11402
thp_fault_alloc 14009
thp_fault_fallback 12431
thp_collapse_alloc 6999
thp_collapse_alloc_failed 0
thp_split 11414
thp_zero_page_alloc 1
thp_zero_page_alloc_failed 0
thp_promote 11402
thp_fault_alloc 14051
thp_fault_fallback 12431
thp_collapse_alloc 6999
thp_collapse_alloc_failed 0
thp_split 11414
thp_zero_page_alloc 1
thp_zero_page_alloc_failed 0
thp_promote 11402
thp_fault_alloc 14091
thp_fault_fallback 12431
thp_collapse_alloc 6999
thp_collapse_alloc_failed 0
thp_split 11414
thp_zero_page_alloc 1
thp_zero_page_alloc_failed 0
thp_promote 11402
thp_fault_alloc 14131
thp_fault_fallback 12431
thp_collapse_alloc 6999
thp_collapse_alloc_failed 0
thp_split 11414
thp_zero_page_alloc 1
thp_zero_page_alloc_failed 0
thp_promote 11402
thp_fault_alloc 14174
thp_fault_fallback 12431
thp_collapse_alloc 6999
thp_collapse_alloc_failed 0
thp_split 11414
thp_zero_page_alloc 1
thp_zero_page_alloc_failed 0
thp_promote 11402
thp_fault_alloc 14216
thp_fault_fallback 12431
thp_collapse_alloc 6999
thp_collapse_alloc_failed 0
thp_split 11414
thp_zero_page_alloc 1
thp_zero_page_alloc_failed 0
thp_promote 11402
thp_fault_alloc 14256
thp_fault_fallback 12431
thp_collapse_alloc 6999
thp_collapse_alloc_failed 0
thp_split 11414
thp_zero_page_alloc 1
thp_zero_page_alloc_failed 0
thp_promote 11402
thp_fault_alloc 14301
thp_fault_fallback 12431
thp_collapse_alloc 6999
thp_collapse_alloc_failed 0
thp_split 11414
thp_zero_page_alloc 1
thp_zero_page_alloc_failed 0
thp_promote 11402
thp_fault_alloc 14338
thp_fault_fallback 12431
thp_collapse_alloc 6999
thp_collapse_alloc_failed 0
thp_split 11414
thp_zero_page_alloc 1
thp_zero_page_alloc_failed 0
thp_promote 11402
thp_fault_alloc 14380
thp_fault_fallback 12431
thp_collapse_alloc 6999
thp_collapse_alloc_failed 0
thp_split 11414
thp_zero_page_alloc 1
thp_zero_page_alloc_failed 0
thp_promote 11402
thp_fault_alloc 14422
thp_fault_fallback 12431
thp_collapse_alloc 6999
thp_collapse_alloc_failed 0
thp_split 11414
thp_zero_page_alloc 1
thp_zero_page_alloc_failed 0
thp_promote 11402
thp_fault_alloc 14460
thp_fault_fallback 12431
thp_collapse_alloc 6999
thp_collapse_alloc_failed 0
thp_split 11414
thp_zero_page_alloc 1
thp_zero_page_alloc_failed 0
thp_promote 11402
thp_fault_alloc 14501
thp_fault_fallback 12431
thp_collapse_alloc 6999
thp_collapse_alloc_failed 0
thp_split 11414
thp_zero_page_alloc 1
thp_zero_page_alloc_failed 0
thp_promote 11402
thp_fault_alloc 14544
thp_fault_fallback 12431
thp_collapse_alloc 6999
thp_collapse_alloc_failed 0
thp_split 11414
thp_zero_page_alloc 1
thp_zero_page_alloc_failed 0
thp_promote 11402
thp_fault_alloc 14583
thp_fault_fallback 12431
thp_collapse_alloc 6999
thp_collapse_alloc_failed 0
thp_split 11414
thp_zero_page_alloc 1
thp_zero_page_alloc_failed 0
thp_promote 11402
thp_fault_alloc 14625
thp_fault_fallback 12431
thp_collapse_alloc 6999
thp_collapse_alloc_failed 0
thp_split 11414
thp_zero_page_alloc 1
thp_zero_page_alloc_failed 0
thp_promote 11402
thp_fault_alloc 14667
thp_fault_fallback 12431
thp_collapse_alloc 6999
thp_collapse_alloc_failed 0
thp_split 11414
thp_zero_page_alloc 1
thp_zero_page_alloc_failed 0
thp_promote 11402
thp_fault_alloc 14703
thp_fault_fallback 12431
thp_collapse_alloc 6999
thp_collapse_alloc_failed 0
thp_split 11414
thp_zero_page_alloc 1
thp_zero_page_alloc_failed 0
thp_promote 11402
thp_fault_alloc 14743
thp_fault_fallback 12431
thp_collapse_alloc 6999
thp_collapse_alloc_failed 0
thp_split 11414
thp_zero_page_alloc 1
thp_zero_page_alloc_failed 0
thp_promote 11402
thp_fault_alloc 14783
thp_fault_fallback 12431
thp_collapse_alloc 6999
thp_collapse_alloc_failed 0
thp_split 11414
thp_zero_page_alloc 1
thp_zero_page_alloc_failed 0
thp_promote 11402
thp_fault_alloc 14824
thp_fault_fallback 12431
thp_collapse_alloc 6999
thp_collapse_alloc_failed 0
thp_split 11414
thp_zero_page_alloc 1
thp_zero_page_alloc_failed 0
thp_promote 11402
thp_fault_alloc 14865
thp_fault_fallback 12431
thp_collapse_alloc 6999
thp_collapse_alloc_failed 0
thp_split 11414
thp_zero_page_alloc 1
thp_zero_page_alloc_failed 0
thp_promote 11402
thp_fault_alloc 14904
thp_fault_fallback 12431
thp_collapse_alloc 6999
thp_collapse_alloc_failed 0
thp_split 11414
thp_zero_page_alloc 1
thp_zero_page_alloc_failed 0
thp_promote 11402
thp_fault_alloc 14950
thp_fault_fallback 12431
thp_collapse_alloc 6999
thp_collapse_alloc_failed 0
thp_split 11414
thp_zero_page_alloc 1
thp_zero_page_alloc_failed 0
thp_promote 11402
thp_fault_alloc 14991
thp_fault_fallback 12431
thp_collapse_alloc 6999
thp_collapse_alloc_failed 0
thp_split 11414
thp_zero_page_alloc 1
thp_zero_page_alloc_failed 0
thp_promote 11402
thp_fault_alloc 15030
thp_fault_fallback 12431
thp_collapse_alloc 6999
thp_collapse_alloc_failed 0
thp_split 11414
thp_zero_page_alloc 1
thp_zero_page_alloc_failed 0
thp_promote 11402
thp_fault_alloc 15071
thp_fault_fallback 12431
thp_collapse_alloc 6999
thp_collapse_alloc_failed 0
thp_split 11414
thp_zero_page_alloc 1
thp_zero_page_alloc_failed 0
thp_promote 11402
thp_fault_alloc 15114
thp_fault_fallback 12431
thp_collapse_alloc 6999
thp_collapse_alloc_failed 0
thp_split 11414
thp_zero_page_alloc 1
thp_zero_page_alloc_failed 0
thp_promote 11402
thp_fault_alloc 15153
thp_fault_fallback 12431
thp_collapse_alloc 6999
thp_collapse_alloc_failed 0
thp_split 11414
thp_zero_page_alloc 1
thp_zero_page_alloc_failed 0
thp_promote 11402
thp_fault_alloc 15196
thp_fault_fallback 12431
thp_collapse_alloc 6999
thp_collapse_alloc_failed 0
thp_split 11414
thp_zero_page_alloc 1
thp_zero_page_alloc_failed 0
thp_promote 11402
thp_fault_alloc 15250
thp_fault_fallback 12431
thp_collapse_alloc 6999
thp_collapse_alloc_failed 0
thp_split 11414
thp_zero_page_alloc 1
thp_zero_page_alloc_failed 0
thp_promote 11402
thp_fault_alloc 15319
thp_fault_fallback 12431
thp_collapse_alloc 6999
thp_collapse_alloc_failed 0
thp_split 11414
thp_zero_page_alloc 1
thp_zero_page_alloc_failed 0
thp_promote 11402
thp_fault_alloc 15359
thp_fault_fallback 12431
thp_collapse_alloc 6999
thp_collapse_alloc_failed 0
thp_split 11414
thp_zero_page_alloc 1
thp_zero_page_alloc_failed 0
thp_promote 11402
thp_fault_alloc 15398
thp_fault_fallback 12431
thp_collapse_alloc 6999
thp_collapse_alloc_failed 0
thp_split 11414
thp_zero_page_alloc 1
thp_zero_page_alloc_failed 0
thp_promote 11402
thp_fault_alloc 15438
thp_fault_fallback 18398
thp_collapse_alloc 6999
thp_collapse_alloc_failed 0
thp_split 17381
thp_zero_page_alloc 1
thp_zero_page_alloc_failed 0
thp_promote 11402
thp_fault_alloc 15474
thp_fault_fallback 18419
thp_collapse_alloc 6999
thp_collapse_alloc_failed 0
thp_split 17402
thp_zero_page_alloc 1
thp_zero_page_alloc_failed 0
thp_promote 11402
thp_fault_alloc 15510
thp_fault_fallback 18419
thp_collapse_alloc 6999
thp_collapse_alloc_failed 0
thp_split 17402
thp_zero_page_alloc 1
thp_zero_page_alloc_failed 0
thp_promote 11402
thp_fault_alloc 15549
thp_fault_fallback 18419
thp_collapse_alloc 6999
thp_collapse_alloc_failed 0
thp_split 17402
thp_zero_page_alloc 1
thp_zero_page_alloc_failed 0
thp_promote 11402
thp_fault_alloc 15620
thp_fault_fallback 18419
thp_collapse_alloc 6999
thp_collapse_alloc_failed 0
thp_split 17402
thp_zero_page_alloc 1
thp_zero_page_alloc_failed 0
thp_promote 11402
thp_fault_alloc 15660
thp_fault_fallback 18419
thp_collapse_alloc 6999
thp_collapse_alloc_failed 0
thp_split 17402
thp_zero_page_alloc 1
thp_zero_page_alloc_failed 0
thp_promote 11402
thp_fault_alloc 15700
thp_fault_fallback 18419
thp_collapse_alloc 6999
thp_collapse_alloc_failed 0
thp_split 17402
thp_zero_page_alloc 1
thp_zero_page_alloc_failed 0
thp_promote 11402
thp_fault_alloc 15739
thp_fault_fallback 18419
thp_collapse_alloc 6999
thp_collapse_alloc_failed 0
thp_split 17402
thp_zero_page_alloc 1
thp_zero_page_alloc_failed 0
thp_promote 11402
thp_fault_alloc 15775
thp_fault_fallback 18419
thp_collapse_alloc 6999
thp_collapse_alloc_failed 0
thp_split 17402
thp_zero_page_alloc 1
thp_zero_page_alloc_failed 0
thp_promote 11402
thp_fault_alloc 15850
thp_fault_fallback 18419
thp_collapse_alloc 6999
thp_collapse_alloc_failed 0
thp_split 17402
thp_zero_page_alloc 1
thp_zero_page_alloc_failed 0
thp_promote 11402
thp_fault_alloc 15887
thp_fault_fallback 18419
thp_collapse_alloc 6999
thp_collapse_alloc_failed 0
thp_split 17402
thp_zero_page_alloc 1
thp_zero_page_alloc_failed 0
thp_promote 11402
thp_fault_alloc 15925
thp_fault_fallback 18419
thp_collapse_alloc 6999
thp_collapse_alloc_failed 0
thp_split 17402
thp_zero_page_alloc 1
thp_zero_page_alloc_failed 0
thp_promote 11402
thp_fault_alloc 15964
thp_fault_fallback 18419
thp_collapse_alloc 6999
thp_collapse_alloc_failed 0
thp_split 17402
thp_zero_page_alloc 1
thp_zero_page_alloc_failed 0
thp_promote 11402
thp_fault_alloc 16004
thp_fault_fallback 18419
thp_collapse_alloc 6999
thp_collapse_alloc_failed 0
thp_split 17402
thp_zero_page_alloc 1
thp_zero_page_alloc_failed 0
thp_promote 11402
thp_fault_alloc 16044
thp_fault_fallback 18419
thp_collapse_alloc 6999
thp_collapse_alloc_failed 0
thp_split 17402
thp_zero_page_alloc 1
thp_zero_page_alloc_failed 0
thp_promote 11402
thp_fault_alloc 16081
thp_fault_fallback 18419
thp_collapse_alloc 6999
thp_collapse_alloc_failed 0
thp_split 17402
thp_zero_page_alloc 1
thp_zero_page_alloc_failed 0
thp_promote 11402
thp_fault_alloc 16164
thp_fault_fallback 18419
thp_collapse_alloc 6999
thp_collapse_alloc_failed 0
thp_split 17402
thp_zero_page_alloc 1
thp_zero_page_alloc_failed 0
thp_promote 11402
thp_fault_alloc 16202
thp_fault_fallback 18419
thp_collapse_alloc 6999
thp_collapse_alloc_failed 0
thp_split 17402
thp_zero_page_alloc 1
thp_zero_page_alloc_failed 0
thp_promote 11402
thp_fault_alloc 16238
thp_fault_fallback 18419
thp_collapse_alloc 6999
thp_collapse_alloc_failed 0
thp_split 17402
thp_zero_page_alloc 1
thp_zero_page_alloc_failed 0
thp_promote 11402
thp_fault_alloc 16277
thp_fault_fallback 18419
thp_collapse_alloc 6999
thp_collapse_alloc_failed 0
thp_split 17402
thp_zero_page_alloc 1
thp_zero_page_alloc_failed 0
thp_promote 11402
thp_fault_alloc 16314
thp_fault_fallback 18419
thp_collapse_alloc 6999
thp_collapse_alloc_failed 0
thp_split 17402
thp_zero_page_alloc 1
thp_zero_page_alloc_failed 0
thp_promote 11402
thp_fault_alloc 16353
thp_fault_fallback 18419
thp_collapse_alloc 6999
thp_collapse_alloc_failed 0
thp_split 17402
thp_zero_page_alloc 1
thp_zero_page_alloc_failed 0
thp_promote 11402
thp_fault_alloc 16394
thp_fault_fallback 18419
thp_collapse_alloc 6999
thp_collapse_alloc_failed 0
thp_split 17402
thp_zero_page_alloc 1
thp_zero_page_alloc_failed 0
thp_promote 11402
thp_fault_alloc 16474
thp_fault_fallback 18419
thp_collapse_alloc 6999
thp_collapse_alloc_failed 0
thp_split 17402
thp_zero_page_alloc 1
thp_zero_page_alloc_failed 0
thp_promote 11402
thp_fault_alloc 16513
thp_fault_fallback 18419
thp_collapse_alloc 6999
thp_collapse_alloc_failed 0
thp_split 17402
thp_zero_page_alloc 1
thp_zero_page_alloc_failed 0
thp_promote 11402
thp_fault_alloc 16552
thp_fault_fallback 18419
thp_collapse_alloc 6999
thp_collapse_alloc_failed 0
thp_split 17402
thp_zero_page_alloc 1
thp_zero_page_alloc_failed 0
thp_promote 11402
thp_fault_alloc 16593
thp_fault_fallback 18419
thp_collapse_alloc 6999
thp_collapse_alloc_failed 0
thp_split 17402
thp_zero_page_alloc 1
thp_zero_page_alloc_failed 0
thp_promote 11402
thp_fault_alloc 16633
thp_fault_fallback 18419
thp_collapse_alloc 8017
thp_collapse_alloc_failed 0
thp_split 17402
thp_zero_page_alloc 1
thp_zero_page_alloc_failed 0
thp_promote 12743
thp_fault_alloc 16675
thp_fault_fallback 18419
thp_collapse_alloc 8413
thp_collapse_alloc_failed 0
thp_split 17402
thp_zero_page_alloc 1
thp_zero_page_alloc_failed 0
thp_promote 12743
thp_fault_alloc 16718
thp_fault_fallback 18419
thp_collapse_alloc 8413
thp_collapse_alloc_failed 0
thp_split 17402
thp_zero_page_alloc 1
thp_zero_page_alloc_failed 0
thp_promote 12743
thp_fault_alloc 16759
thp_fault_fallback 18419
thp_collapse_alloc 8413
thp_collapse_alloc_failed 0
thp_split 17402
thp_zero_page_alloc 1
thp_zero_page_alloc_failed 0
thp_promote 12743
thp_fault_alloc 16831
thp_fault_fallback 18419
thp_collapse_alloc 8413
thp_collapse_alloc_failed 0
thp_split 17402
thp_zero_page_alloc 1
thp_zero_page_alloc_failed 0
thp_promote 12743
thp_fault_alloc 16871
thp_fault_fallback 18419
thp_collapse_alloc 8413
thp_collapse_alloc_failed 0
thp_split 17402
thp_zero_page_alloc 1
thp_zero_page_alloc_failed 0
thp_promote 12743
thp_fault_alloc 16914
thp_fault_fallback 18419
thp_collapse_alloc 8413
thp_collapse_alloc_failed 0
thp_split 17402
thp_zero_page_alloc 1
thp_zero_page_alloc_failed 0
thp_promote 12743
thp_fault_alloc 17001
thp_fault_fallback 18419
thp_collapse_alloc 8413
thp_collapse_alloc_failed 0
thp_split 17402
thp_zero_page_alloc 1
thp_zero_page_alloc_failed 0
thp_promote 12743
thp_fault_alloc 17041
thp_fault_fallback 18419
thp_collapse_alloc 8413
thp_collapse_alloc_failed 0
thp_split 17402
thp_zero_page_alloc 1
thp_zero_page_alloc_failed 0
thp_promote 12743
thp_fault_alloc 17079
thp_fault_fallback 18419
thp_collapse_alloc 9354
thp_collapse_alloc_failed 0
thp_split 17402
thp_zero_page_alloc 1
thp_zero_page_alloc_failed 0
thp_promote 14101
thp_fault_alloc 17156
thp_fault_fallback 18419
thp_collapse_alloc 9705
thp_collapse_alloc_failed 0
thp_split 17402
thp_zero_page_alloc 1
thp_zero_page_alloc_failed 0
thp_promote 14101
thp_fault_alloc 17200
thp_fault_fallback 18419
thp_collapse_alloc 9705
thp_collapse_alloc_failed 0
thp_split 17402
thp_zero_page_alloc 1
thp_zero_page_alloc_failed 0
thp_promote 14101
thp_fault_alloc 17240
thp_fault_fallback 18419
thp_collapse_alloc 9705
thp_collapse_alloc_failed 0
thp_split 17402
thp_zero_page_alloc 1
thp_zero_page_alloc_failed 0
thp_promote 14101
thp_fault_alloc 17282
thp_fault_fallback 18419
thp_collapse_alloc 9705
thp_collapse_alloc_failed 0
thp_split 17402
thp_zero_page_alloc 1
thp_zero_page_alloc_failed 0
thp_promote 14101
thp_fault_alloc 17322
thp_fault_fallback 18419
thp_collapse_alloc 9705
thp_collapse_alloc_failed 0
thp_split 17402
thp_zero_page_alloc 1
thp_zero_page_alloc_failed 0
thp_promote 14101
thp_fault_alloc 17360
thp_fault_fallback 18419
thp_collapse_alloc 9705
thp_collapse_alloc_failed 0
thp_split 17402
thp_zero_page_alloc 1
thp_zero_page_alloc_failed 0
thp_promote 14101
thp_fault_alloc 17402
thp_fault_fallback 18419
thp_collapse_alloc 9705
thp_collapse_alloc_failed 0
thp_split 17402
thp_zero_page_alloc 1
thp_zero_page_alloc_failed 0
thp_promote 14101
thp_fault_alloc 17443
thp_fault_fallback 18419
thp_collapse_alloc 9705
thp_collapse_alloc_failed 0
thp_split 17402
thp_zero_page_alloc 1
thp_zero_page_alloc_failed 0
thp_promote 14101
thp_fault_alloc 17485
thp_fault_fallback 18419
thp_collapse_alloc 9705
thp_collapse_alloc_failed 0
thp_split 17402
thp_zero_page_alloc 1
thp_zero_page_alloc_failed 0
thp_promote 14101
thp_fault_alloc 17489
thp_fault_fallback 18419
thp_collapse_alloc 9733
thp_collapse_alloc_failed 0
thp_split 17402
thp_zero_page_alloc 1
thp_zero_page_alloc_failed 0
thp_promote 14136
thp_fault_alloc 17530
thp_fault_fallback 18419
thp_collapse_alloc 9733
thp_collapse_alloc_failed 0
thp_split 17402
thp_zero_page_alloc 1
thp_zero_page_alloc_failed 0
thp_promote 14136
thp_fault_alloc 17568
thp_fault_fallback 18419
thp_collapse_alloc 9733
thp_collapse_alloc_failed 0
thp_split 17402
thp_zero_page_alloc 1
thp_zero_page_alloc_failed 0
thp_promote 14136
thp_fault_alloc 17608
thp_fault_fallback 18419
thp_collapse_alloc 9733
thp_collapse_alloc_failed 0
thp_split 17402
thp_zero_page_alloc 1
thp_zero_page_alloc_failed 0
thp_promote 14136
thp_fault_alloc 17685
thp_fault_fallback 18419
thp_collapse_alloc 9733
thp_collapse_alloc_failed 0
thp_split 17402
thp_zero_page_alloc 1
thp_zero_page_alloc_failed 0
thp_promote 14136
thp_fault_alloc 17725
thp_fault_fallback 18419
thp_collapse_alloc 9733
thp_collapse_alloc_failed 0
thp_split 17402
thp_zero_page_alloc 1
thp_zero_page_alloc_failed 0
thp_promote 14136
thp_fault_alloc 17766
thp_fault_fallback 18419
thp_collapse_alloc 9733
thp_collapse_alloc_failed 0
thp_split 17402
thp_zero_page_alloc 1
thp_zero_page_alloc_failed 0
thp_promote 14136
thp_fault_alloc 17805
thp_fault_fallback 18419
thp_collapse_alloc 9733
thp_collapse_alloc_failed 0
thp_split 17402
thp_zero_page_alloc 1
thp_zero_page_alloc_failed 0
thp_promote 14136
thp_fault_alloc 17846
thp_fault_fallback 18419
thp_collapse_alloc 9733
thp_collapse_alloc_failed 0
thp_split 17402
thp_zero_page_alloc 1
thp_zero_page_alloc_failed 0
thp_promote 14136
thp_fault_alloc 17886
thp_fault_fallback 18419
thp_collapse_alloc 9733
thp_collapse_alloc_failed 0
thp_split 17402
thp_zero_page_alloc 1
thp_zero_page_alloc_failed 0
thp_promote 14136
thp_fault_alloc 17927
thp_fault_fallback 18419
thp_collapse_alloc 9735
thp_collapse_alloc_failed 0
thp_split 17402
thp_zero_page_alloc 1
thp_zero_page_alloc_failed 0
thp_promote 14138
thp_fault_alloc 17966
thp_fault_fallback 18419
thp_collapse_alloc 9735
thp_collapse_alloc_failed 0
thp_split 17402
thp_zero_page_alloc 1
thp_zero_page_alloc_failed 0
thp_promote 14138
thp_fault_alloc 18005
thp_fault_fallback 18419
thp_collapse_alloc 9735
thp_collapse_alloc_failed 0
thp_split 17402
thp_zero_page_alloc 1
thp_zero_page_alloc_failed 0
thp_promote 14138
thp_fault_alloc 18044
thp_fault_fallback 18419
thp_collapse_alloc 9735
thp_collapse_alloc_failed 0
thp_split 17402
thp_zero_page_alloc 1
thp_zero_page_alloc_failed 0
thp_promote 14138
thp_fault_alloc 18086
thp_fault_fallback 18419
thp_collapse_alloc 9735
thp_collapse_alloc_failed 0
thp_split 17402
thp_zero_page_alloc 1
thp_zero_page_alloc_failed 0
thp_promote 14138
thp_fault_alloc 18125
thp_fault_fallback 18419
thp_collapse_alloc 9735
thp_collapse_alloc_failed 0
thp_split 17402
thp_zero_page_alloc 1
thp_zero_page_alloc_failed 0
thp_promote 14138
thp_fault_alloc 18204
thp_fault_fallback 18419
thp_collapse_alloc 9735
thp_collapse_alloc_failed 0
thp_split 17402
thp_zero_page_alloc 1
thp_zero_page_alloc_failed 0
thp_promote 14138
thp_fault_alloc 18242
thp_fault_fallback 18419
thp_collapse_alloc 9735
thp_collapse_alloc_failed 0
thp_split 17402
thp_zero_page_alloc 1
thp_zero_page_alloc_failed 0
thp_promote 14138
thp_fault_alloc 18282
thp_fault_fallback 18419
thp_collapse_alloc 9735
thp_collapse_alloc_failed 0
thp_split 17402
thp_zero_page_alloc 1
thp_zero_page_alloc_failed 0
thp_promote 14138
thp_fault_alloc 18322
thp_fault_fallback 18419
thp_collapse_alloc 9735
thp_collapse_alloc_failed 0
thp_split 17402
thp_zero_page_alloc 1
thp_zero_page_alloc_failed 0
thp_promote 14138
thp_fault_alloc 18361
thp_fault_fallback 18419
thp_collapse_alloc 9735
thp_collapse_alloc_failed 0
thp_split 17402
thp_zero_page_alloc 1
thp_zero_page_alloc_failed 0
thp_promote 14138
thp_fault_alloc 18398
thp_fault_fallback 18419
thp_collapse_alloc 9735
thp_collapse_alloc_failed 0
thp_split 17402
thp_zero_page_alloc 1
thp_zero_page_alloc_failed 0
thp_promote 14138
thp_fault_alloc 18438
thp_fault_fallback 18419
thp_collapse_alloc 9735
thp_collapse_alloc_failed 0
thp_split 17402
thp_zero_page_alloc 1
thp_zero_page_alloc_failed 0
thp_promote 14138
thp_fault_alloc 18477
thp_fault_fallback 18419
thp_collapse_alloc 9735
thp_collapse_alloc_failed 0
thp_split 17402
thp_zero_page_alloc 1
thp_zero_page_alloc_failed 0
thp_promote 14138
thp_fault_alloc 18518
thp_fault_fallback 18419
thp_collapse_alloc 9735
thp_collapse_alloc_failed 0
thp_split 17402
thp_zero_page_alloc 1
thp_zero_page_alloc_failed 0
thp_promote 14138
thp_fault_alloc 18557
thp_fault_fallback 18419
thp_collapse_alloc 9735
thp_collapse_alloc_failed 0
thp_split 17402
thp_zero_page_alloc 1
thp_zero_page_alloc_failed 0
thp_promote 14138
thp_fault_alloc 18599
thp_fault_fallback 18419
thp_collapse_alloc 9735
thp_collapse_alloc_failed 0
thp_split 17402
thp_zero_page_alloc 1
thp_zero_page_alloc_failed 0
thp_promote 14138
thp_fault_alloc 18639
thp_fault_fallback 18419
thp_collapse_alloc 9735
thp_collapse_alloc_failed 0
thp_split 17402
thp_zero_page_alloc 1
thp_zero_page_alloc_failed 0
thp_promote 14138
thp_fault_alloc 18680
thp_fault_fallback 18419
thp_collapse_alloc 9735
thp_collapse_alloc_failed 0
thp_split 17402
thp_zero_page_alloc 1
thp_zero_page_alloc_failed 0
thp_promote 14138
thp_fault_alloc 18720
thp_fault_fallback 18419
thp_collapse_alloc 9735
thp_collapse_alloc_failed 0
thp_split 17402
thp_zero_page_alloc 1
thp_zero_page_alloc_failed 0
thp_promote 14138
thp_fault_alloc 18800
thp_fault_fallback 18419
thp_collapse_alloc 9735
thp_collapse_alloc_failed 0
thp_split 17402
thp_zero_page_alloc 1
thp_zero_page_alloc_failed 0
thp_promote 14138
thp_fault_alloc 18839
thp_fault_fallback 18419
thp_collapse_alloc 9735
thp_collapse_alloc_failed 0
thp_split 17402
thp_zero_page_alloc 1
thp_zero_page_alloc_failed 0
thp_promote 14138
thp_fault_alloc 18879
thp_fault_fallback 18419
thp_collapse_alloc 9735
thp_collapse_alloc_failed 0
thp_split 17402
thp_zero_page_alloc 1
thp_zero_page_alloc_failed 0
thp_promote 14138
thp_fault_alloc 18960
thp_fault_fallback 18419
thp_collapse_alloc 9735
thp_collapse_alloc_failed 0
thp_split 17402
thp_zero_page_alloc 1
thp_zero_page_alloc_failed 0
thp_promote 14138
thp_fault_alloc 18997
thp_fault_fallback 18419
thp_collapse_alloc 9735
thp_collapse_alloc_failed 0
thp_split 17402
thp_zero_page_alloc 1
thp_zero_page_alloc_failed 0
thp_promote 14138
thp_fault_alloc 19039
thp_fault_fallback 18419
thp_collapse_alloc 9735
thp_collapse_alloc_failed 0
thp_split 17402
thp_zero_page_alloc 1
thp_zero_page_alloc_failed 0
thp_promote 14138
thp_fault_alloc 19076
thp_fault_fallback 18419
thp_collapse_alloc 9735
thp_collapse_alloc_failed 0
thp_split 17402
thp_zero_page_alloc 1
thp_zero_page_alloc_failed 0
thp_promote 14138
thp_fault_alloc 19115
thp_fault_fallback 18419
thp_collapse_alloc 9735
thp_collapse_alloc_failed 0
thp_split 17402
thp_zero_page_alloc 1
thp_zero_page_alloc_failed 0
thp_promote 17390
thp_fault_alloc 19154
thp_fault_fallback 18419
thp_collapse_alloc 9735
thp_collapse_alloc_failed 0
thp_split 17402
thp_zero_page_alloc 1
thp_zero_page_alloc_failed 0
thp_promote 17390
thp_fault_alloc 19197
thp_fault_fallback 18419
thp_collapse_alloc 9735
thp_collapse_alloc_failed 0
thp_split 17402
thp_zero_page_alloc 1
thp_zero_page_alloc_failed 0
thp_promote 17390
thp_fault_alloc 19236
thp_fault_fallback 18419
thp_collapse_alloc 9735
thp_collapse_alloc_failed 0
thp_split 17402
thp_zero_page_alloc 1
thp_zero_page_alloc_failed 0
thp_promote 17390
thp_fault_alloc 19273
thp_fault_fallback 18419
thp_collapse_alloc 9735
thp_collapse_alloc_failed 0
thp_split 17402
thp_zero_page_alloc 1
thp_zero_page_alloc_failed 0
thp_promote 17390
thp_fault_alloc 19313
thp_fault_fallback 18419
thp_collapse_alloc 9735
thp_collapse_alloc_failed 0
thp_split 17402
thp_zero_page_alloc 1
thp_zero_page_alloc_failed 0
thp_promote 17390
thp_fault_alloc 19350
thp_fault_fallback 18419
thp_collapse_alloc 9735
thp_collapse_alloc_failed 0
thp_split 17402
thp_zero_page_alloc 1
thp_zero_page_alloc_failed 0
thp_promote 17390
thp_fault_alloc 19391
thp_fault_fallback 18419
thp_collapse_alloc 9735
thp_collapse_alloc_failed 0
thp_split 17402
thp_zero_page_alloc 1
thp_zero_page_alloc_failed 0
thp_promote 17390
thp_fault_alloc 19429
thp_fault_fallback 18419
thp_collapse_alloc 9735
thp_collapse_alloc_failed 0
thp_split 17402
thp_zero_page_alloc 1
thp_zero_page_alloc_failed 0
thp_promote 17390
thp_fault_alloc 19469
thp_fault_fallback 18419
thp_collapse_alloc 9735
thp_collapse_alloc_failed 0
thp_split 17402
thp_zero_page_alloc 1
thp_zero_page_alloc_failed 0
thp_promote 17390
thp_fault_alloc 19511
thp_fault_fallback 18419
thp_collapse_alloc 9735
thp_collapse_alloc_failed 0
thp_split 17402
thp_zero_page_alloc 1
thp_zero_page_alloc_failed 0
thp_promote 17390
thp_fault_alloc 19549
thp_fault_fallback 18419
thp_collapse_alloc 9735
thp_collapse_alloc_failed 0
thp_split 17402
thp_zero_page_alloc 1
thp_zero_page_alloc_failed 0
thp_promote 17390
thp_fault_alloc 19553
thp_fault_fallback 18419
thp_collapse_alloc 9735
thp_collapse_alloc_failed 0
thp_split 17402
thp_zero_page_alloc 1
thp_zero_page_alloc_failed 0
thp_promote 17390
thp_fault_alloc 19593
thp_fault_fallback 18419
thp_collapse_alloc 9735
thp_collapse_alloc_failed 0
thp_split 17402
thp_zero_page_alloc 1
thp_zero_page_alloc_failed 0
thp_promote 17390
thp_fault_alloc 19597
thp_fault_fallback 18419
thp_collapse_alloc 9735
thp_collapse_alloc_failed 0
thp_split 17402
thp_zero_page_alloc 1
thp_zero_page_alloc_failed 0
thp_promote 17390
thp_fault_alloc 19635
thp_fault_fallback 18419
thp_collapse_alloc 9735
thp_collapse_alloc_failed 0
thp_split 17402
thp_zero_page_alloc 1
thp_zero_page_alloc_failed 0
thp_promote 17390
thp_fault_alloc 19673
thp_fault_fallback 18419
thp_collapse_alloc 9735
thp_collapse_alloc_failed 0
thp_split 17402
thp_zero_page_alloc 1
thp_zero_page_alloc_failed 0
thp_promote 17390
thp_fault_alloc 19713
thp_fault_fallback 18419
thp_collapse_alloc 9735
thp_collapse_alloc_failed 0
thp_split 17402
thp_zero_page_alloc 1
thp_zero_page_alloc_failed 0
thp_promote 17390
thp_fault_alloc 19752
thp_fault_fallback 18419
thp_collapse_alloc 9735
thp_collapse_alloc_failed 0
thp_split 17402
thp_zero_page_alloc 1
thp_zero_page_alloc_failed 0
thp_promote 17390
thp_fault_alloc 19792
thp_fault_fallback 18419
thp_collapse_alloc 9735
thp_collapse_alloc_failed 0
thp_split 17402
thp_zero_page_alloc 1
thp_zero_page_alloc_failed 0
thp_promote 17390
thp_fault_alloc 19834
thp_fault_fallback 18419
thp_collapse_alloc 9735
thp_collapse_alloc_failed 0
thp_split 17402
thp_zero_page_alloc 1
thp_zero_page_alloc_failed 0
thp_promote 17390
thp_fault_alloc 19873
thp_fault_fallback 18419
thp_collapse_alloc 9735
thp_collapse_alloc_failed 0
thp_split 17402
thp_zero_page_alloc 1
thp_zero_page_alloc_failed 0
thp_promote 17390
thp_fault_alloc 19915
thp_fault_fallback 18419
thp_collapse_alloc 9735
thp_collapse_alloc_failed 0
thp_split 17402
thp_zero_page_alloc 1
thp_zero_page_alloc_failed 0
thp_promote 17390
thp_fault_alloc 19955
thp_fault_fallback 18419
thp_collapse_alloc 9735
thp_collapse_alloc_failed 0
thp_split 17402
thp_zero_page_alloc 1
thp_zero_page_alloc_failed 0
thp_promote 17390
thp_fault_alloc 19998
thp_fault_fallback 18419
thp_collapse_alloc 9735
thp_collapse_alloc_failed 0
thp_split 17402
thp_zero_page_alloc 1
thp_zero_page_alloc_failed 0
thp_promote 17390
thp_fault_alloc 20036
thp_fault_fallback 18419
thp_collapse_alloc 9735
thp_collapse_alloc_failed 0
thp_split 17402
thp_zero_page_alloc 1
thp_zero_page_alloc_failed 0
thp_promote 17390
thp_fault_alloc 20075
thp_fault_fallback 18419
thp_collapse_alloc 9735
thp_collapse_alloc_failed 0
thp_split 17402
thp_zero_page_alloc 1
thp_zero_page_alloc_failed 0
thp_promote 17390
thp_fault_alloc 20113
thp_fault_fallback 18419
thp_collapse_alloc 9735
thp_collapse_alloc_failed 0
thp_split 17402
thp_zero_page_alloc 1
thp_zero_page_alloc_failed 0
thp_promote 17390
thp_fault_alloc 20158
thp_fault_fallback 18419
thp_collapse_alloc 9735
thp_collapse_alloc_failed 0
thp_split 17402
thp_zero_page_alloc 1
thp_zero_page_alloc_failed 0
thp_promote 17390
thp_fault_alloc 20198
thp_fault_fallback 18419
thp_collapse_alloc 9735
thp_collapse_alloc_failed 0
thp_split 17402
thp_zero_page_alloc 1
thp_zero_page_alloc_failed 0
thp_promote 17390
thp_fault_alloc 20237
thp_fault_fallback 18419
thp_collapse_alloc 9735
thp_collapse_alloc_failed 0
thp_split 17402
thp_zero_page_alloc 1
thp_zero_page_alloc_failed 0
thp_promote 17390
thp_fault_alloc 20278
thp_fault_fallback 18419
thp_collapse_alloc 9735
thp_collapse_alloc_failed 0
thp_split 17402
thp_zero_page_alloc 1
thp_zero_page_alloc_failed 0
thp_promote 17390
thp_fault_alloc 20315
thp_fault_fallback 18419
thp_collapse_alloc 9735
thp_collapse_alloc_failed 0
thp_split 17402
thp_zero_page_alloc 1
thp_zero_page_alloc_failed 0
thp_promote 17390
thp_fault_alloc 20360
thp_fault_fallback 18419
thp_collapse_alloc 9735
thp_collapse_alloc_failed 0
thp_split 17402
thp_zero_page_alloc 1
thp_zero_page_alloc_failed 0
thp_promote 17390
thp_fault_alloc 20396
thp_fault_fallback 18419
thp_collapse_alloc 9735
thp_collapse_alloc_failed 0
thp_split 17402
thp_zero_page_alloc 1
thp_zero_page_alloc_failed 0
thp_promote 17390
thp_fault_alloc 20434
thp_fault_fallback 18419
thp_collapse_alloc 9735
thp_collapse_alloc_failed 0
thp_split 17402
thp_zero_page_alloc 1
thp_zero_page_alloc_failed 0
thp_promote 17390
thp_fault_alloc 20473
thp_fault_fallback 18419
thp_collapse_alloc 9735
thp_collapse_alloc_failed 0
thp_split 17402
thp_zero_page_alloc 1
thp_zero_page_alloc_failed 0
thp_promote 17390
thp_fault_alloc 20519
thp_fault_fallback 18419
thp_collapse_alloc 9735
thp_collapse_alloc_failed 0
thp_split 17402
thp_zero_page_alloc 1
thp_zero_page_alloc_failed 0
thp_promote 17390
thp_fault_alloc 20559
thp_fault_fallback 18419
thp_collapse_alloc 9735
thp_collapse_alloc_failed 0
thp_split 17402
thp_zero_page_alloc 1
thp_zero_page_alloc_failed 0
thp_promote 17390
thp_fault_alloc 20595
thp_fault_fallback 18419
thp_collapse_alloc 9735
thp_collapse_alloc_failed 0
thp_split 17402
thp_zero_page_alloc 1
thp_zero_page_alloc_failed 0
thp_promote 17390
thp_fault_alloc 20635
thp_fault_fallback 18419
thp_collapse_alloc 9735
thp_collapse_alloc_failed 0
thp_split 17402
thp_zero_page_alloc 1
thp_zero_page_alloc_failed 0
thp_promote 17390
thp_fault_alloc 20673
thp_fault_fallback 18419
thp_collapse_alloc 9735
thp_collapse_alloc_failed 0
thp_split 17402
thp_zero_page_alloc 1
thp_zero_page_alloc_failed 0
thp_promote 17390
thp_fault_alloc 20711
thp_fault_fallback 18419
thp_collapse_alloc 9735
thp_collapse_alloc_failed 0
thp_split 17402
thp_zero_page_alloc 1
thp_zero_page_alloc_failed 0
thp_promote 17390
thp_fault_alloc 20753
thp_fault_fallback 18419
thp_collapse_alloc 9735
thp_collapse_alloc_failed 0
thp_split 17402
thp_zero_page_alloc 1
thp_zero_page_alloc_failed 0
thp_promote 17390
thp_fault_alloc 20789
thp_fault_fallback 18419
thp_collapse_alloc 9735
thp_collapse_alloc_failed 0
thp_split 17402
thp_zero_page_alloc 1
thp_zero_page_alloc_failed 0
thp_promote 17390
thp_fault_alloc 20824
thp_fault_fallback 18419
thp_collapse_alloc 9735
thp_collapse_alloc_failed 0
thp_split 17402
thp_zero_page_alloc 1
thp_zero_page_alloc_failed 0
thp_promote 17390
thp_fault_alloc 20863
thp_fault_fallback 18419
thp_collapse_alloc 9735
thp_collapse_alloc_failed 0
thp_split 17402
thp_zero_page_alloc 1
thp_zero_page_alloc_failed 0
thp_promote 17390
thp_fault_alloc 20899
thp_fault_fallback 18419
thp_collapse_alloc 9735
thp_collapse_alloc_failed 0
thp_split 17402
thp_zero_page_alloc 1
thp_zero_page_alloc_failed 0
thp_promote 17390
thp_fault_alloc 20937
thp_fault_fallback 18419
thp_collapse_alloc 9735
thp_collapse_alloc_failed 0
thp_split 17402
thp_zero_page_alloc 1
thp_zero_page_alloc_failed 0
thp_promote 17390
thp_fault_alloc 20974
thp_fault_fallback 18419
thp_collapse_alloc 9735
thp_collapse_alloc_failed 0
thp_split 17402
thp_zero_page_alloc 1
thp_zero_page_alloc_failed 0
thp_promote 17390
thp_fault_alloc 21015
thp_fault_fallback 18419
thp_collapse_alloc 9735
thp_collapse_alloc_failed 0
thp_split 17402
thp_zero_page_alloc 1
thp_zero_page_alloc_failed 0
thp_promote 17390
thp_fault_alloc 21015
thp_fault_fallback 18419
thp_collapse_alloc 9735
thp_collapse_alloc_failed 0
thp_split 17402
thp_zero_page_alloc 1
thp_zero_page_alloc_failed 0
thp_promote 17390
thp_fault_alloc 21015
thp_fault_fallback 18419
thp_collapse_alloc 9735
thp_collapse_alloc_failed 0
thp_split 17402
thp_zero_page_alloc 1
thp_zero_page_alloc_failed 0
thp_promote 17390
thp_fault_alloc 21057
thp_fault_fallback 18419
thp_collapse_alloc 9735
thp_collapse_alloc_failed 0
thp_split 17402
thp_zero_page_alloc 1
thp_zero_page_alloc_failed 0
thp_promote 17390
thp_fault_alloc 21094
thp_fault_fallback 18419
thp_collapse_alloc 9735
thp_collapse_alloc_failed 0
thp_split 17402
thp_zero_page_alloc 1
thp_zero_page_alloc_failed 0
thp_promote 17390
thp_fault_alloc 21133
thp_fault_fallback 18419
thp_collapse_alloc 9735
thp_collapse_alloc_failed 0
thp_split 17402
thp_zero_page_alloc 1
thp_zero_page_alloc_failed 0
thp_promote 17390
thp_fault_alloc 21171
thp_fault_fallback 18432
thp_collapse_alloc 9735
thp_collapse_alloc_failed 0
thp_split 17415
thp_zero_page_alloc 1
thp_zero_page_alloc_failed 0
thp_promote 17390
thp_fault_alloc 21208
thp_fault_fallback 18432
thp_collapse_alloc 9735
thp_collapse_alloc_failed 0
thp_split 17415
thp_zero_page_alloc 1
thp_zero_page_alloc_failed 0
thp_promote 17390
thp_fault_alloc 21244
thp_fault_fallback 18432
thp_collapse_alloc 9735
thp_collapse_alloc_failed 0
thp_split 17415
thp_zero_page_alloc 1
thp_zero_page_alloc_failed 0
thp_promote 17390
thp_fault_alloc 21283
thp_fault_fallback 18432
thp_collapse_alloc 9735
thp_collapse_alloc_failed 0
thp_split 17415
thp_zero_page_alloc 1
thp_zero_page_alloc_failed 0
thp_promote 17390
thp_fault_alloc 21323
thp_fault_fallback 18432
thp_collapse_alloc 9735
thp_collapse_alloc_failed 0
thp_split 17415
thp_zero_page_alloc 1
thp_zero_page_alloc_failed 0
thp_promote 17390
thp_fault_alloc 21358
thp_fault_fallback 18432
thp_collapse_alloc 9735
thp_collapse_alloc_failed 0
thp_split 17415
thp_zero_page_alloc 1
thp_zero_page_alloc_failed 0
thp_promote 17390
thp_fault_alloc 21397
thp_fault_fallback 18432
thp_collapse_alloc 9735
thp_collapse_alloc_failed 0
thp_split 17415
thp_zero_page_alloc 1
thp_zero_page_alloc_failed 0
thp_promote 17390
thp_fault_alloc 21440
thp_fault_fallback 18432
thp_collapse_alloc 9735
thp_collapse_alloc_failed 0
thp_split 17415
thp_zero_page_alloc 1
thp_zero_page_alloc_failed 0
thp_promote 17390
thp_fault_alloc 21504
thp_fault_fallback 18432
thp_collapse_alloc 9735
thp_collapse_alloc_failed 0
thp_split 17415
thp_zero_page_alloc 1
thp_zero_page_alloc_failed 0
thp_promote 17390
thp_fault_alloc 21543
thp_fault_fallback 18432
thp_collapse_alloc 9735
thp_collapse_alloc_failed 0
thp_split 17415
thp_zero_page_alloc 1
thp_zero_page_alloc_failed 0
thp_promote 17390
thp_fault_alloc 21582
thp_fault_fallback 18432
thp_collapse_alloc 9735
thp_collapse_alloc_failed 0
thp_split 17415
thp_zero_page_alloc 1
thp_zero_page_alloc_failed 0
thp_promote 17390
thp_fault_alloc 21618
thp_fault_fallback 18432
thp_collapse_alloc 9735
thp_collapse_alloc_failed 0
thp_split 17415
thp_zero_page_alloc 1
thp_zero_page_alloc_failed 0
thp_promote 17390
thp_fault_alloc 21655
thp_fault_fallback 18432
thp_collapse_alloc 9735
thp_collapse_alloc_failed 0
thp_split 17415
thp_zero_page_alloc 1
thp_zero_page_alloc_failed 0
thp_promote 17390
thp_fault_alloc 21691
thp_fault_fallback 18432
thp_collapse_alloc 9735
thp_collapse_alloc_failed 0
thp_split 17415
thp_zero_page_alloc 1
thp_zero_page_alloc_failed 0
thp_promote 17390
thp_fault_alloc 21727
thp_fault_fallback 18432
thp_collapse_alloc 9735
thp_collapse_alloc_failed 0
thp_split 17415
thp_zero_page_alloc 1
thp_zero_page_alloc_failed 0
thp_promote 17390
thp_fault_alloc 21790
thp_fault_fallback 18432
thp_collapse_alloc 9735
thp_collapse_alloc_failed 0
thp_split 17415
thp_zero_page_alloc 1
thp_zero_page_alloc_failed 0
thp_promote 17390
thp_fault_alloc 21854
thp_fault_fallback 18432
thp_collapse_alloc 9735
thp_collapse_alloc_failed 0
thp_split 17415
thp_zero_page_alloc 1
thp_zero_page_alloc_failed 0
thp_promote 17390
thp_fault_alloc 21891
thp_fault_fallback 18432
thp_collapse_alloc 9735
thp_collapse_alloc_failed 0
thp_split 17415
thp_zero_page_alloc 1
thp_zero_page_alloc_failed 0
thp_promote 17390
thp_fault_alloc 21986
thp_fault_fallback 18432
thp_collapse_alloc 9735
thp_collapse_alloc_failed 0
thp_split 17415
thp_zero_page_alloc 1
thp_zero_page_alloc_failed 0
thp_promote 17390
thp_fault_alloc 22021
thp_fault_fallback 18432
thp_collapse_alloc 9735
thp_collapse_alloc_failed 0
thp_split 17415
thp_zero_page_alloc 1
thp_zero_page_alloc_failed 0
thp_promote 17390
thp_fault_alloc 22058
thp_fault_fallback 18432
thp_collapse_alloc 9735
thp_collapse_alloc_failed 0
thp_split 17415
thp_zero_page_alloc 1
thp_zero_page_alloc_failed 0
thp_promote 17390
thp_fault_alloc 22213
thp_fault_fallback 18432
thp_collapse_alloc 9735
thp_collapse_alloc_failed 0
thp_split 17415
thp_zero_page_alloc 1
thp_zero_page_alloc_failed 0
thp_promote 17390
thp_fault_alloc 22249
thp_fault_fallback 18432
thp_collapse_alloc 9735
thp_collapse_alloc_failed 0
thp_split 17415
thp_zero_page_alloc 1
thp_zero_page_alloc_failed 0
thp_promote 17390
thp_fault_alloc 22287
thp_fault_fallback 18432
thp_collapse_alloc 9735
thp_collapse_alloc_failed 0
thp_split 17415
thp_zero_page_alloc 1
thp_zero_page_alloc_failed 0
thp_promote 17390
thp_fault_alloc 22328
thp_fault_fallback 18432
thp_collapse_alloc 9735
thp_collapse_alloc_failed 0
thp_split 17415
thp_zero_page_alloc 1
thp_zero_page_alloc_failed 0
thp_promote 17390
thp_fault_alloc 22365
thp_fault_fallback 18432
thp_collapse_alloc 9735
thp_collapse_alloc_failed 0
thp_split 17415
thp_zero_page_alloc 1
thp_zero_page_alloc_failed 0
thp_promote 17390
thp_fault_alloc 22398
thp_fault_fallback 18432
thp_collapse_alloc 9735
thp_collapse_alloc_failed 0
thp_split 17415
thp_zero_page_alloc 1
thp_zero_page_alloc_failed 0
thp_promote 17390
thp_fault_alloc 22433
thp_fault_fallback 18432
thp_collapse_alloc 9735
thp_collapse_alloc_failed 0
thp_split 17415
thp_zero_page_alloc 1
thp_zero_page_alloc_failed 0
thp_promote 17390
thp_fault_alloc 22703
thp_fault_fallback 18434
thp_collapse_alloc 9735
thp_collapse_alloc_failed 0
thp_split 17417
thp_zero_page_alloc 1
thp_zero_page_alloc_failed 0
thp_promote 17390
thp_fault_alloc 22739
thp_fault_fallback 18434
thp_collapse_alloc 9735
thp_collapse_alloc_failed 0
thp_split 17417
thp_zero_page_alloc 1
thp_zero_page_alloc_failed 0
thp_promote 17390
thp_fault_alloc 22780
thp_fault_fallback 18434
thp_collapse_alloc 9735
thp_collapse_alloc_failed 0
thp_split 17417
thp_zero_page_alloc 1
thp_zero_page_alloc_failed 0
thp_promote 17390
thp_fault_alloc 22817
thp_fault_fallback 18434
thp_collapse_alloc 9735
thp_collapse_alloc_failed 0
thp_split 17417
thp_zero_page_alloc 1
thp_zero_page_alloc_failed 0
thp_promote 17390
thp_fault_alloc 22853
thp_fault_fallback 18435
thp_collapse_alloc 9735
thp_collapse_alloc_failed 0
thp_split 17418
thp_zero_page_alloc 1
thp_zero_page_alloc_failed 0
thp_promote 17390
thp_fault_alloc 22925
thp_fault_fallback 18435
thp_collapse_alloc 9735
thp_collapse_alloc_failed 0
thp_split 17418
thp_zero_page_alloc 1
thp_zero_page_alloc_failed 0
thp_promote 17390
thp_fault_alloc 22959
thp_fault_fallback 18435
thp_collapse_alloc 9735
thp_collapse_alloc_failed 0
thp_split 17418
thp_zero_page_alloc 1
thp_zero_page_alloc_failed 0
thp_promote 17390
thp_fault_alloc 22996
thp_fault_fallback 18435
thp_collapse_alloc 9735
thp_collapse_alloc_failed 0
thp_split 17418
thp_zero_page_alloc 1
thp_zero_page_alloc_failed 0
thp_promote 17390
thp_fault_alloc 23035
thp_fault_fallback 18435
thp_collapse_alloc 9735
thp_collapse_alloc_failed 0
thp_split 17418
thp_zero_page_alloc 1
thp_zero_page_alloc_failed 0
thp_promote 17390
thp_fault_alloc 23072
thp_fault_fallback 18435
thp_collapse_alloc 9735
thp_collapse_alloc_failed 0
thp_split 17418
thp_zero_page_alloc 1
thp_zero_page_alloc_failed 0
thp_promote 17390
thp_fault_alloc 23110
thp_fault_fallback 18435
thp_collapse_alloc 9735
thp_collapse_alloc_failed 0
thp_split 17418
thp_zero_page_alloc 1
thp_zero_page_alloc_failed 0
thp_promote 17390
thp_fault_alloc 23148
thp_fault_fallback 18435
thp_collapse_alloc 9735
thp_collapse_alloc_failed 0
thp_split 17418
thp_zero_page_alloc 1
thp_zero_page_alloc_failed 0
thp_promote 17390
thp_fault_alloc 23183
thp_fault_fallback 18435
thp_collapse_alloc 9735
thp_collapse_alloc_failed 0
thp_split 17418
thp_zero_page_alloc 1
thp_zero_page_alloc_failed 0
thp_promote 17390
thp_fault_alloc 23221
thp_fault_fallback 18435
thp_collapse_alloc 9735
thp_collapse_alloc_failed 0
thp_split 17418
thp_zero_page_alloc 1
thp_zero_page_alloc_failed 0
thp_promote 17390
thp_fault_alloc 23362
thp_fault_fallback 18435
thp_collapse_alloc 9735
thp_collapse_alloc_failed 0
thp_split 17418
thp_zero_page_alloc 1
thp_zero_page_alloc_failed 0
thp_promote 17390
thp_fault_alloc 23751
thp_fault_fallback 18435
thp_collapse_alloc 9735
thp_collapse_alloc_failed 0
thp_split 17418
thp_zero_page_alloc 1
thp_zero_page_alloc_failed 0
thp_promote 17390
thp_fault_alloc 23751
thp_fault_fallback 18437
thp_collapse_alloc 9735
thp_collapse_alloc_failed 0
thp_split 17421
thp_zero_page_alloc 1
thp_zero_page_alloc_failed 0
thp_promote 17390
thp_fault_alloc 23785
thp_fault_fallback 18437
thp_collapse_alloc 9735
thp_collapse_alloc_failed 0
thp_split 17421
thp_zero_page_alloc 1
thp_zero_page_alloc_failed 0
thp_promote 17390
thp_fault_alloc 23785
thp_fault_fallback 18437
thp_collapse_alloc 9735
thp_collapse_alloc_failed 0
thp_split 17421
thp_zero_page_alloc 1
thp_zero_page_alloc_failed 0
thp_promote 17390
thp_fault_alloc 23824
thp_fault_fallback 18437
thp_collapse_alloc 9735
thp_collapse_alloc_failed 0
thp_split 17421
thp_zero_page_alloc 1
thp_zero_page_alloc_failed 0
thp_promote 17390
thp_fault_alloc 23861
thp_fault_fallback 18437
thp_collapse_alloc 9735
thp_collapse_alloc_failed 0
thp_split 17421
thp_zero_page_alloc 1
thp_zero_page_alloc_failed 0
thp_promote 17390
thp_fault_alloc 23898
thp_fault_fallback 18437
thp_collapse_alloc 9735
thp_collapse_alloc_failed 0
thp_split 17421
thp_zero_page_alloc 1
thp_zero_page_alloc_failed 0
thp_promote 17390
thp_fault_alloc 23935
thp_fault_fallback 18437
thp_collapse_alloc 9735
thp_collapse_alloc_failed 0
thp_split 17421
thp_zero_page_alloc 1
thp_zero_page_alloc_failed 0
thp_promote 17390
thp_fault_alloc 23971
thp_fault_fallback 18437
thp_collapse_alloc 9735
thp_collapse_alloc_failed 0
thp_split 17421
thp_zero_page_alloc 1
thp_zero_page_alloc_failed 0
thp_promote 17390
thp_fault_alloc 24008
thp_fault_fallback 18437
thp_collapse_alloc 9735
thp_collapse_alloc_failed 0
thp_split 17421
thp_zero_page_alloc 1
thp_zero_page_alloc_failed 0
thp_promote 17390
thp_fault_alloc 24046
thp_fault_fallback 18437
thp_collapse_alloc 9735
thp_collapse_alloc_failed 0
thp_split 17421
thp_zero_page_alloc 1
thp_zero_page_alloc_failed 0
thp_promote 17390
thp_fault_alloc 24086
thp_fault_fallback 18437
thp_collapse_alloc 9735
thp_collapse_alloc_failed 0
thp_split 17421
thp_zero_page_alloc 1
thp_zero_page_alloc_failed 0
thp_promote 17390
thp_fault_alloc 24124
thp_fault_fallback 18437
thp_collapse_alloc 9735
thp_collapse_alloc_failed 0
thp_split 17421
thp_zero_page_alloc 1
thp_zero_page_alloc_failed 0
thp_promote 17390
