97 (khugepaged) S 2 0 0 0 -1 2097216 0 0 0 0 0 73 0 0 39 19 1 0 26 0 0 18446744073709551615 0 0 0 0 0 0 0 2147483647 0 0 0 0 17 0 0 0 0 0 0 0 0 0 0 0 0 0 0
97 (khugepaged) S 2 0 0 0 -1 2097216 0 0 0 0 0 73 0 0 39 19 1 0 26 0 0 18446744073709551615 0 0 0 0 0 0 0 2147483647 0 0 0 0 17 0 0 0 0 0 0 0 0 0 0 0 0 0 0
97 (khugepaged) S 2 0 0 0 -1 2097216 0 0 0 0 0 73 0 0 39 19 1 0 26 0 0 18446744073709551615 0 0 0 0 0 0 0 2147483647 0 0 0 0 17 0 0 0 0 0 0 0 0 0 0 0 0 0 0
97 (khugepaged) S 2 0 0 0 -1 2097216 0 0 0 0 0 73 0 0 39 19 1 0 26 0 0 18446744073709551615 0 0 0 0 0 0 0 2147483647 0 0 0 0 17 0 0 0 0 0 0 0 0 0 0 0 0 0 0
97 (khugepaged) S 2 0 0 0 -1 2097216 0 0 0 0 0 73 0 0 39 19 1 0 26 0 0 18446744073709551615 0 0 0 0 0 0 0 2147483647 0 0 0 0 17 0 0 0 0 0 0 0 0 0 0 0 0 0 0
97 (khugepaged) S 2 0 0 0 -1 2097216 0 0 0 0 0 73 0 0 39 19 1 0 26 0 0 18446744073709551615 0 0 0 0 0 0 0 2147483647 0 0 0 0 17 0 0 0 0 0 0 0 0 0 0 0 0 0 0
97 (khugepaged) S 2 0 0 0 -1 2097216 0 0 0 0 0 73 0 0 39 19 1 0 26 0 0 18446744073709551615 0 0 0 0 0 0 0 2147483647 0 0 0 0 17 0 0 0 0 0 0 0 0 0 0 0 0 0 0
97 (khugepaged) S 2 0 0 0 -1 2097216 0 0 0 0 0 73 0 0 39 19 1 0 26 0 0 18446744073709551615 0 0 0 0 0 0 0 2147483647 0 0 0 0 17 0 0 0 0 0 0 0 0 0 0 0 0 0 0
97 (khugepaged) S 2 0 0 0 -1 2097216 0 0 0 0 0 74 0 0 39 19 1 0 26 0 0 18446744073709551615 0 0 0 0 0 0 0 2147483647 0 0 0 0 17 1 0 0 0 0 0 0 0 0 0 0 0 0 0
97 (khugepaged) S 2 0 0 0 -1 2097216 0 0 0 0 0 74 0 0 39 19 1 0 26 0 0 18446744073709551615 0 0 0 0 0 0 0 2147483647 0 0 0 0 17 1 0 0 0 0 0 0 0 0 0 0 0 0 0
97 (khugepaged) S 2 0 0 0 -1 2097216 0 0 0 0 0 74 0 0 39 19 1 0 26 0 0 18446744073709551615 0 0 0 0 0 0 0 2147483647 0 0 0 0 17 1 0 0 0 0 0 0 0 0 0 0 0 0 0
97 (khugepaged) S 2 0 0 0 -1 2097216 0 0 0 0 0 74 0 0 39 19 1 0 26 0 0 18446744073709551615 0 0 0 0 0 0 0 2147483647 0 0 0 0 17 1 0 0 0 0 0 0 0 0 0 0 0 0 0
97 (khugepaged) S 2 0 0 0 -1 2097216 0 0 0 0 0 74 0 0 39 19 1 0 26 0 0 18446744073709551615 0 0 0 0 0 0 0 2147483647 0 0 0 0 17 1 0 0 0 0 0 0 0 0 0 0 0 0 0
97 (khugepaged) S 2 0 0 0 -1 2097216 0 0 0 0 0 74 0 0 39 19 1 0 26 0 0 18446744073709551615 0 0 0 0 0 0 0 2147483647 0 0 0 0 17 1 0 0 0 0 0 0 0 0 0 0 0 0 0
97 (khugepaged) S 2 0 0 0 -1 2097216 0 0 0 0 0 74 0 0 39 19 1 0 26 0 0 18446744073709551615 0 0 0 0 0 0 0 2147483647 0 0 0 0 17 1 0 0 0 0 0 0 0 0 0 0 0 0 0
97 (khugepaged) S 2 0 0 0 -1 2097216 0 0 0 0 0 74 0 0 39 19 1 0 26 0 0 18446744073709551615 0 0 0 0 0 0 0 2147483647 0 0 0 0 17 1 0 0 0 0 0 0 0 0 0 0 0 0 0
97 (khugepaged) S 2 0 0 0 -1 2097216 0 0 0 0 0 74 0 0 39 19 1 0 26 0 0 18446744073709551615 0 0 0 0 0 0 0 2147483647 0 0 0 0 17 1 0 0 0 0 0 0 0 0 0 0 0 0 0
97 (khugepaged) S 2 0 0 0 -1 2097216 0 0 0 0 0 74 0 0 39 19 1 0 26 0 0 18446744073709551615 0 0 0 0 0 0 0 2147483647 0 0 0 0 17 1 0 0 0 0 0 0 0 0 0 0 0 0 0
97 (khugepaged) S 2 0 0 0 -1 2097216 0 0 0 0 0 74 0 0 39 19 1 0 26 0 0 18446744073709551615 0 0 0 0 0 0 0 2147483647 0 0 0 0 17 2 0 0 0 0 0 0 0 0 0 0 0 0 0
97 (khugepaged) S 2 0 0 0 -1 2097216 0 0 0 0 0 74 0 0 39 19 1 0 26 0 0 18446744073709551615 0 0 0 0 0 0 0 2147483647 0 0 0 0 17 2 0 0 0 0 0 0 0 0 0 0 0 0 0
97 (khugepaged) S 2 0 0 0 -1 2097216 0 0 0 0 0 74 0 0 39 19 1 0 26 0 0 18446744073709551615 0 0 0 0 0 0 0 2147483647 0 0 0 0 17 2 0 0 0 0 0 0 0 0 0 0 0 0 0
97 (khugepaged) S 2 0 0 0 -1 2097216 0 0 0 0 0 74 0 0 39 19 1 0 26 0 0 18446744073709551615 0 0 0 0 0 0 0 2147483647 0 0 0 0 17 2 0 0 0 0 0 0 0 0 0 0 0 0 0
97 (khugepaged) S 2 0 0 0 -1 2097216 0 0 0 0 0 74 0 0 39 19 1 0 26 0 0 18446744073709551615 0 0 0 0 0 0 0 2147483647 0 0 0 0 17 2 0 0 0 0 0 0 0 0 0 0 0 0 0
97 (khugepaged) S 2 0 0 0 -1 2097216 0 0 0 0 0 74 0 0 39 19 1 0 26 0 0 18446744073709551615 0 0 0 0 0 0 0 2147483647 0 0 0 0 17 2 0 0 0 0 0 0 0 0 0 0 0 0 0
97 (khugepaged) S 2 0 0 0 -1 2097216 0 0 0 0 0 74 0 0 39 19 1 0 26 0 0 18446744073709551615 0 0 0 0 0 0 0 2147483647 0 0 0 0 17 2 0 0 0 0 0 0 0 0 0 0 0 0 0
97 (khugepaged) S 2 0 0 0 -1 2097216 0 0 0 0 0 74 0 0 39 19 1 0 26 0 0 18446744073709551615 0 0 0 0 0 0 0 2147483647 0 0 0 0 17 2 0 0 0 0 0 0 0 0 0 0 0 0 0
97 (khugepaged) S 2 0 0 0 -1 2097216 0 0 0 0 0 74 0 0 39 19 1 0 26 0 0 18446744073709551615 0 0 0 0 0 0 0 2147483647 0 0 0 0 17 2 0 0 0 0 0 0 0 0 0 0 0 0 0
97 (khugepaged) S 2 0 0 0 -1 2097216 0 0 0 0 0 74 0 0 39 19 1 0 26 0 0 18446744073709551615 0 0 0 0 0 0 0 2147483647 0 0 0 0 17 2 0 0 0 0 0 0 0 0 0 0 0 0 0
97 (khugepaged) S 2 0 0 0 -1 2097216 0 0 0 0 0 74 0 0 39 19 1 0 26 0 0 18446744073709551615 0 0 0 0 0 0 0 2147483647 0 0 0 0 17 3 0 0 0 0 0 0 0 0 0 0 0 0 0
97 (khugepaged) S 2 0 0 0 -1 2097216 0 0 0 0 0 74 0 0 39 19 1 0 26 0 0 18446744073709551615 0 0 0 0 0 0 0 2147483647 0 0 0 0 17 3 0 0 0 0 0 0 0 0 0 0 0 0 0
97 (khugepaged) S 2 0 0 0 -1 2097216 0 0 0 0 0 74 0 0 39 19 1 0 26 0 0 18446744073709551615 0 0 0 0 0 0 0 2147483647 0 0 0 0 17 3 0 0 0 0 0 0 0 0 0 0 0 0 0
97 (khugepaged) S 2 0 0 0 -1 2097216 0 0 0 0 0 74 0 0 39 19 1 0 26 0 0 18446744073709551615 0 0 0 0 0 0 0 2147483647 0 0 0 0 17 3 0 0 0 0 0 0 0 0 0 0 0 0 0
97 (khugepaged) S 2 0 0 0 -1 2097216 0 0 0 0 0 74 0 0 39 19 1 0 26 0 0 18446744073709551615 0 0 0 0 0 0 0 2147483647 0 0 0 0 17 3 0 0 0 0 0 0 0 0 0 0 0 0 0
97 (khugepaged) S 2 0 0 0 -1 2097216 0 0 0 0 0 74 0 0 39 19 1 0 26 0 0 18446744073709551615 0 0 0 0 0 0 0 2147483647 0 0 0 0 17 3 0 0 0 0 0 0 0 0 0 0 0 0 0
97 (khugepaged) S 2 0 0 0 -1 2097216 0 0 0 0 0 74 0 0 39 19 1 0 26 0 0 18446744073709551615 0 0 0 0 0 0 0 2147483647 0 0 0 0 17 3 0 0 0 0 0 0 0 0 0 0 0 0 0
97 (khugepaged) S 2 0 0 0 -1 2097216 0 0 0 0 0 74 0 0 39 19 1 0 26 0 0 18446744073709551615 0 0 0 0 0 0 0 2147483647 0 0 0 0 17 3 0 0 0 0 0 0 0 0 0 0 0 0 0
97 (khugepaged) R 2 0 0 0 -1 2097216 0 0 0 0 0 78 0 0 39 19 1 0 26 0 0 18446744073709551615 0 0 0 0 0 0 0 2147483647 0 0 0 0 17 3 0 0 0 0 0 0 0 0 0 0 0 0 0
97 (khugepaged) S 2 0 0 0 -1 2097216 0 0 0 0 0 112 0 0 39 19 1 0 26 0 0 18446744073709551615 0 0 0 0 0 0 0 2147483647 0 0 0 0 17 3 0 0 0 0 0 0 0 0 0 0 0 0 0
97 (khugepaged) S 2 0 0 0 -1 2097216 0 0 0 0 0 112 0 0 39 19 1 0 26 0 0 18446744073709551615 0 0 0 0 0 0 0 2147483647 0 0 0 0 17 3 0 0 0 0 0 0 0 0 0 0 0 0 0
97 (khugepaged) S 2 0 0 0 -1 2097216 0 0 0 0 0 112 0 0 39 19 1 0 26 0 0 18446744073709551615 0 0 0 0 0 0 0 2147483647 0 0 0 0 17 3 0 0 0 0 0 0 0 0 0 0 0 0 0
97 (khugepaged) S 2 0 0 0 -1 2097216 0 0 0 0 0 112 0 0 39 19 1 0 26 0 0 18446744073709551615 0 0 0 0 0 0 0 2147483647 0 0 0 0 17 3 0 0 0 0 0 0 0 0 0 0 0 0 0
97 (khugepaged) S 2 0 0 0 -1 2097216 0 0 0 0 0 112 0 0 39 19 1 0 26 0 0 18446744073709551615 0 0 0 0 0 0 0 2147483647 0 0 0 0 17 3 0 0 0 0 0 0 0 0 0 0 0 0 0
97 (khugepaged) S 2 0 0 0 -1 2097216 0 0 0 0 0 112 0 0 39 19 1 0 26 0 0 18446744073709551615 0 0 0 0 0 0 0 2147483647 0 0 0 0 17 3 0 0 0 0 0 0 0 0 0 0 0 0 0
97 (khugepaged) S 2 0 0 0 -1 2097216 0 0 0 0 0 112 0 0 39 19 1 0 26 0 0 18446744073709551615 0 0 0 0 0 0 0 2147483647 0 0 0 0 17 3 0 0 0 0 0 0 0 0 0 0 0 0 0
97 (khugepaged) S 2 0 0 0 -1 2097216 0 0 0 0 0 112 0 0 39 19 1 0 26 0 0 18446744073709551615 0 0 0 0 0 0 0 2147483647 0 0 0 0 17 3 0 0 0 0 0 0 0 0 0 0 0 0 0
97 (khugepaged) S 2 0 0 0 -1 2097216 0 0 0 0 0 112 0 0 39 19 1 0 26 0 0 18446744073709551615 0 0 0 0 0 0 0 2147483647 0 0 0 0 17 3 0 0 0 0 0 0 0 0 0 0 0 0 0
97 (khugepaged) S 2 0 0 0 -1 2097216 0 0 0 0 0 144 0 0 39 19 1 0 26 0 0 18446744073709551615 0 0 0 0 0 0 0 2147483647 0 0 0 0 17 4 0 0 0 0 0 0 0 0 0 0 0 0 0
97 (khugepaged) S 2 0 0 0 -1 2097216 0 0 0 0 0 144 0 0 39 19 1 0 26 0 0 18446744073709551615 0 0 0 0 0 0 0 2147483647 0 0 0 0 17 4 0 0 0 0 0 0 0 0 0 0 0 0 0
97 (khugepaged) S 2 0 0 0 -1 2097216 0 0 0 0 0 144 0 0 39 19 1 0 26 0 0 18446744073709551615 0 0 0 0 0 0 0 2147483647 0 0 0 0 17 4 0 0 0 0 0 0 0 0 0 0 0 0 0
97 (khugepaged) S 2 0 0 0 -1 2097216 0 0 0 0 0 144 0 0 39 19 1 0 26 0 0 18446744073709551615 0 0 0 0 0 0 0 2147483647 0 0 0 0 17 4 0 0 0 0 0 0 0 0 0 0 0 0 0
97 (khugepaged) S 2 0 0 0 -1 2097216 0 0 0 0 0 144 0 0 39 19 1 0 26 0 0 18446744073709551615 0 0 0 0 0 0 0 2147483647 0 0 0 0 17 4 0 0 0 0 0 0 0 0 0 0 0 0 0
97 (khugepaged) S 2 0 0 0 -1 2097216 0 0 0 0 0 144 0 0 39 19 1 0 26 0 0 18446744073709551615 0 0 0 0 0 0 0 2147483647 0 0 0 0 17 4 0 0 0 0 0 0 0 0 0 0 0 0 0
97 (khugepaged) R 2 0 0 0 -1 2097216 0 0 0 0 0 172 0 0 39 19 1 0 26 0 0 18446744073709551615 0 0 0 0 0 0 0 2147483647 0 0 0 0 17 5 0 0 0 0 0 0 0 0 0 0 0 0 0
97 (khugepaged) S 2 0 0 0 -1 2097216 0 0 0 0 0 184 0 0 39 19 1 0 26 0 0 18446744073709551615 0 0 0 0 0 0 0 2147483647 0 0 0 0 17 5 0 0 0 0 0 0 0 0 0 0 0 0 0
97 (khugepaged) S 2 0 0 0 -1 2097216 0 0 0 0 0 184 0 0 39 19 1 0 26 0 0 18446744073709551615 0 0 0 0 0 0 0 2147483647 0 0 0 0 17 5 0 0 0 0 0 0 0 0 0 0 0 0 0
97 (khugepaged) S 2 0 0 0 -1 2097216 0 0 0 0 0 184 0 0 39 19 1 0 26 0 0 18446744073709551615 0 0 0 0 0 0 0 2147483647 0 0 0 0 17 5 0 0 0 0 0 0 0 0 0 0 0 0 0
97 (khugepaged) S 2 0 0 0 -1 2097216 0 0 0 0 0 184 0 0 39 19 1 0 26 0 0 18446744073709551615 0 0 0 0 0 0 0 2147483647 0 0 0 0 17 5 0 0 0 0 0 0 0 0 0 0 0 0 0
97 (khugepaged) S 2 0 0 0 -1 2097216 0 0 0 0 0 184 0 0 39 19 1 0 26 0 0 18446744073709551615 0 0 0 0 0 0 0 2147483647 0 0 0 0 17 5 0 0 0 0 0 0 0 0 0 0 0 0 0
97 (khugepaged) S 2 0 0 0 -1 2097216 0 0 0 0 0 184 0 0 39 19 1 0 26 0 0 18446744073709551615 0 0 0 0 0 0 0 2147483647 0 0 0 0 17 5 0 0 0 0 0 0 0 0 0 0 0 0 0
97 (khugepaged) S 2 0 0 0 -1 2097216 0 0 0 0 0 184 0 0 39 19 1 0 26 0 0 18446744073709551615 0 0 0 0 0 0 0 2147483647 0 0 0 0 17 5 0 0 0 0 0 0 0 0 0 0 0 0 0
97 (khugepaged) S 2 0 0 0 -1 2097216 0 0 0 0 0 184 0 0 39 19 1 0 26 0 0 18446744073709551615 0 0 0 0 0 0 0 2147483647 0 0 0 0 17 5 0 0 0 0 0 0 0 0 0 0 0 0 0
97 (khugepaged) S 2 0 0 0 -1 2097216 0 0 0 0 0 184 0 0 39 19 1 0 26 0 0 18446744073709551615 0 0 0 0 0 0 0 2147483647 0 0 0 0 17 5 0 0 0 0 0 0 0 0 0 0 0 0 0
97 (khugepaged) R 2 0 0 0 -1 2097216 0 0 0 0 0 263 0 0 39 19 1 0 26 0 0 18446744073709551615 0 0 0 0 0 0 0 2147483647 0 0 0 0 17 4 0 0 0 0 0 0 0 0 0 0 0 0 0
97 (khugepaged) R 2 0 0 0 -1 2097216 0 0 0 0 0 370 0 0 39 19 1 0 26 0 0 18446744073709551615 0 0 0 0 0 0 0 2147483647 0 0 0 0 17 10 0 0 0 0 0 0 0 0 0 0 0 0 0
97 (khugepaged) R 2 0 0 0 -1 2097216 0 0 0 0 0 479 0 0 39 19 1 0 26 0 0 18446744073709551615 0 0 0 0 0 0 0 2147483647 0 0 0 0 17 2 0 0 0 0 0 0 0 0 0 0 0 0 0
97 (khugepaged) S 2 0 0 0 -1 2097216 0 0 0 0 0 482 0 0 39 19 1 0 26 0 0 18446744073709551615 0 0 0 0 0 0 0 2147483647 0 0 0 0 17 2 0 0 0 0 0 0 0 0 0 0 0 0 0
97 (khugepaged) S 2 0 0 0 -1 2097216 0 0 0 0 0 482 0 0 39 19 1 0 26 0 0 18446744073709551615 0 0 0 0 0 0 0 2147483647 0 0 0 0 17 2 0 0 0 0 0 0 0 0 0 0 0 0 0
97 (khugepaged) S 2 0 0 0 -1 2097216 0 0 0 0 0 482 0 0 39 19 1 0 26 0 0 18446744073709551615 0 0 0 0 0 0 0 2147483647 0 0 0 0 17 2 0 0 0 0 0 0 0 0 0 0 0 0 0
97 (khugepaged) S 2 0 0 0 -1 2097216 0 0 0 0 0 482 0 0 39 19 1 0 26 0 0 18446744073709551615 0 0 0 0 0 0 0 2147483647 0 0 0 0 17 2 0 0 0 0 0 0 0 0 0 0 0 0 0
97 (khugepaged) S 2 0 0 0 -1 2097216 0 0 0 0 0 482 0 0 39 19 1 0 26 0 0 18446744073709551615 0 0 0 0 0 0 0 2147483647 0 0 0 0 17 2 0 0 0 0 0 0 0 0 0 0 0 0 0
97 (khugepaged) S 2 0 0 0 -1 2097216 0 0 0 0 0 482 0 0 39 19 1 0 26 0 0 18446744073709551615 0 0 0 0 0 0 0 2147483647 0 0 0 0 17 2 0 0 0 0 0 0 0 0 0 0 0 0 0
97 (khugepaged) S 2 0 0 0 -1 2097216 0 0 0 0 0 482 0 0 39 19 1 0 26 0 0 18446744073709551615 0 0 0 0 0 0 0 2147483647 0 0 0 0 17 2 0 0 0 0 0 0 0 0 0 0 0 0 0
97 (khugepaged) S 2 0 0 0 -1 2097216 0 0 0 0 0 482 0 0 39 19 1 0 26 0 0 18446744073709551615 0 0 0 0 0 0 0 2147483647 0 0 0 0 17 2 0 0 0 0 0 0 0 0 0 0 0 0 0
97 (khugepaged) S 2 0 0 0 -1 2097216 0 0 0 0 0 482 0 0 39 19 1 0 26 0 0 18446744073709551615 0 0 0 0 0 0 0 2147483647 0 0 0 0 17 2 0 0 0 0 0 0 0 0 0 0 0 0 0
97 (khugepaged) R 2 0 0 0 -1 2097216 0 0 0 0 0 546 0 0 39 19 1 0 26 0 0 18446744073709551615 0 0 0 0 0 0 0 2147483647 0 0 0 0 17 5 0 0 0 0 0 0 0 0 0 0 0 0 0
97 (khugepaged) S 2 0 0 0 -1 2097216 0 0 0 0 0 646 0 0 39 19 1 0 26 0 0 18446744073709551615 0 0 0 0 0 0 0 2147483647 0 0 0 0 17 5 0 0 0 0 0 0 0 0 0 0 0 0 0
97 (khugepaged) S 2 0 0 0 -1 2097216 0 0 0 0 0 646 0 0 39 19 1 0 26 0 0 18446744073709551615 0 0 0 0 0 0 0 2147483647 0 0 0 0 17 5 0 0 0 0 0 0 0 0 0 0 0 0 0
97 (khugepaged) S 2 0 0 0 -1 2097216 0 0 0 0 0 646 0 0 39 19 1 0 26 0 0 18446744073709551615 0 0 0 0 0 0 0 2147483647 0 0 0 0 17 5 0 0 0 0 0 0 0 0 0 0 0 0 0
97 (khugepaged) S 2 0 0 0 -1 2097216 0 0 0 0 0 646 0 0 39 19 1 0 26 0 0 18446744073709551615 0 0 0 0 0 0 0 2147483647 0 0 0 0 17 5 0 0 0 0 0 0 0 0 0 0 0 0 0
97 (khugepaged) S 2 0 0 0 -1 2097216 0 0 0 0 0 646 0 0 39 19 1 0 26 0 0 18446744073709551615 0 0 0 0 0 0 0 2147483647 0 0 0 0 17 5 0 0 0 0 0 0 0 0 0 0 0 0 0
97 (khugepaged) S 2 0 0 0 -1 2097216 0 0 0 0 0 646 0 0 39 19 1 0 26 0 0 18446744073709551615 0 0 0 0 0 0 0 2147483647 0 0 0 0 17 5 0 0 0 0 0 0 0 0 0 0 0 0 0
97 (khugepaged) S 2 0 0 0 -1 2097216 0 0 0 0 0 646 0 0 39 19 1 0 26 0 0 18446744073709551615 0 0 0 0 0 0 0 2147483647 0 0 0 0 17 5 0 0 0 0 0 0 0 0 0 0 0 0 0
97 (khugepaged) S 2 0 0 0 -1 2097216 0 0 0 0 0 646 0 0 39 19 1 0 26 0 0 18446744073709551615 0 0 0 0 0 0 0 2147483647 0 0 0 0 17 5 0 0 0 0 0 0 0 0 0 0 0 0 0
97 (khugepaged) S 2 0 0 0 -1 2097216 0 0 0 0 0 646 0 0 39 19 1 0 26 0 0 18446744073709551615 0 0 0 0 0 0 0 2147483647 0 0 0 0 17 5 0 0 0 0 0 0 0 0 0 0 0 0 0
97 (khugepaged) S 2 0 0 0 -1 2097216 0 0 0 0 0 684 0 0 39 19 1 0 26 0 0 18446744073709551615 0 0 0 0 0 0 0 2147483647 0 0 0 0 17 5 0 0 0 0 0 0 0 0 0 0 0 0 0
97 (khugepaged) S 2 0 0 0 -1 2097216 0 0 0 0 0 684 0 0 39 19 1 0 26 0 0 18446744073709551615 0 0 0 0 0 0 0 2147483647 0 0 0 0 17 5 0 0 0 0 0 0 0 0 0 0 0 0 0
97 (khugepaged) S 2 0 0 0 -1 2097216 0 0 0 0 0 684 0 0 39 19 1 0 26 0 0 18446744073709551615 0 0 0 0 0 0 0 2147483647 0 0 0 0 17 5 0 0 0 0 0 0 0 0 0 0 0 0 0
97 (khugepaged) S 2 0 0 0 -1 2097216 0 0 0 0 0 684 0 0 39 19 1 0 26 0 0 18446744073709551615 0 0 0 0 0 0 0 2147483647 0 0 0 0 17 5 0 0 0 0 0 0 0 0 0 0 0 0 0
97 (khugepaged) S 2 0 0 0 -1 2097216 0 0 0 0 0 684 0 0 39 19 1 0 26 0 0 18446744073709551615 0 0 0 0 0 0 0 2147483647 0 0 0 0 17 5 0 0 0 0 0 0 0 0 0 0 0 0 0
97 (khugepaged) S 2 0 0 0 -1 2097216 0 0 0 0 0 684 0 0 39 19 1 0 26 0 0 18446744073709551615 0 0 0 0 0 0 0 2147483647 0 0 0 0 17 5 0 0 0 0 0 0 0 0 0 0 0 0 0
97 (khugepaged) S 2 0 0 0 -1 2097216 0 0 0 0 0 684 0 0 39 19 1 0 26 0 0 18446744073709551615 0 0 0 0 0 0 0 2147483647 0 0 0 0 17 5 0 0 0 0 0 0 0 0 0 0 0 0 0
97 (khugepaged) S 2 0 0 0 -1 2097216 0 0 0 0 0 684 0 0 39 19 1 0 26 0 0 18446744073709551615 0 0 0 0 0 0 0 2147483647 0 0 0 0 17 5 0 0 0 0 0 0 0 0 0 0 0 0 0
97 (khugepaged) S 2 0 0 0 -1 2097216 0 0 0 0 0 684 0 0 39 19 1 0 26 0 0 18446744073709551615 0 0 0 0 0 0 0 2147483647 0 0 0 0 17 5 0 0 0 0 0 0 0 0 0 0 0 0 0
97 (khugepaged) S 2 0 0 0 -1 2097216 0 0 0 0 0 701 0 0 39 19 1 0 26 0 0 18446744073709551615 0 0 0 0 0 0 0 2147483647 0 0 0 0 17 5 0 0 0 0 0 0 0 0 0 0 0 0 0
97 (khugepaged) S 2 0 0 0 -1 2097216 0 0 0 0 0 701 0 0 39 19 1 0 26 0 0 18446744073709551615 0 0 0 0 0 0 0 2147483647 0 0 0 0 17 5 0 0 0 0 0 0 0 0 0 0 0 0 0
97 (khugepaged) S 2 0 0 0 -1 2097216 0 0 0 0 0 701 0 0 39 19 1 0 26 0 0 18446744073709551615 0 0 0 0 0 0 0 2147483647 0 0 0 0 17 5 0 0 0 0 0 0 0 0 0 0 0 0 0
97 (khugepaged) S 2 0 0 0 -1 2097216 0 0 0 0 0 701 0 0 39 19 1 0 26 0 0 18446744073709551615 0 0 0 0 0 0 0 2147483647 0 0 0 0 17 5 0 0 0 0 0 0 0 0 0 0 0 0 0
97 (khugepaged) S 2 0 0 0 -1 2097216 0 0 0 0 0 701 0 0 39 19 1 0 26 0 0 18446744073709551615 0 0 0 0 0 0 0 2147483647 0 0 0 0 17 5 0 0 0 0 0 0 0 0 0 0 0 0 0
97 (khugepaged) S 2 0 0 0 -1 2097216 0 0 0 0 0 701 0 0 39 19 1 0 26 0 0 18446744073709551615 0 0 0 0 0 0 0 2147483647 0 0 0 0 17 5 0 0 0 0 0 0 0 0 0 0 0 0 0
97 (khugepaged) S 2 0 0 0 -1 2097216 0 0 0 0 0 701 0 0 39 19 1 0 26 0 0 18446744073709551615 0 0 0 0 0 0 0 2147483647 0 0 0 0 17 5 0 0 0 0 0 0 0 0 0 0 0 0 0
97 (khugepaged) S 2 0 0 0 -1 2097216 0 0 0 0 0 701 0 0 39 19 1 0 26 0 0 18446744073709551615 0 0 0 0 0 0 0 2147483647 0 0 0 0 17 5 0 0 0 0 0 0 0 0 0 0 0 0 0
97 (khugepaged) S 2 0 0 0 -1 2097216 0 0 0 0 0 701 0 0 39 19 1 0 26 0 0 18446744073709551615 0 0 0 0 0 0 0 2147483647 0 0 0 0 17 5 0 0 0 0 0 0 0 0 0 0 0 0 0
97 (khugepaged) R 2 0 0 0 -1 2097216 0 0 0 0 0 703 0 0 39 19 1 0 26 0 0 18446744073709551615 0 0 0 0 0 0 0 2147483647 0 0 0 0 17 6 0 0 0 0 0 0 0 0 0 0 0 0 0
97 (khugepaged) R 2 0 0 0 -1 2097216 0 0 0 0 0 801 0 0 39 19 1 0 26 0 0 18446744073709551615 0 0 0 0 0 0 0 2147483647 0 0 0 0 17 3 0 0 0 0 0 0 0 0 0 0 0 0 0
97 (khugepaged) S 2 0 0 0 -1 2097216 0 0 0 0 0 877 0 0 39 19 1 0 26 0 0 18446744073709551615 0 0 0 0 0 0 0 2147483647 0 0 0 0 17 3 0 0 0 0 0 0 0 0 0 0 0 0 0
97 (khugepaged) S 2 0 0 0 -1 2097216 0 0 0 0 0 877 0 0 39 19 1 0 26 0 0 18446744073709551615 0 0 0 0 0 0 0 2147483647 0 0 0 0 17 3 0 0 0 0 0 0 0 0 0 0 0 0 0
97 (khugepaged) S 2 0 0 0 -1 2097216 0 0 0 0 0 877 0 0 39 19 1 0 26 0 0 18446744073709551615 0 0 0 0 0 0 0 2147483647 0 0 0 0 17 3 0 0 0 0 0 0 0 0 0 0 0 0 0
97 (khugepaged) S 2 0 0 0 -1 2097216 0 0 0 0 0 877 0 0 39 19 1 0 26 0 0 18446744073709551615 0 0 0 0 0 0 0 2147483647 0 0 0 0 17 3 0 0 0 0 0 0 0 0 0 0 0 0 0
97 (khugepaged) S 2 0 0 0 -1 2097216 0 0 0 0 0 877 0 0 39 19 1 0 26 0 0 18446744073709551615 0 0 0 0 0 0 0 2147483647 0 0 0 0 17 3 0 0 0 0 0 0 0 0 0 0 0 0 0
97 (khugepaged) S 2 0 0 0 -1 2097216 0 0 0 0 0 877 0 0 39 19 1 0 26 0 0 18446744073709551615 0 0 0 0 0 0 0 2147483647 0 0 0 0 17 3 0 0 0 0 0 0 0 0 0 0 0 0 0
97 (khugepaged) S 2 0 0 0 -1 2097216 0 0 0 0 0 877 0 0 39 19 1 0 26 0 0 18446744073709551615 0 0 0 0 0 0 0 2147483647 0 0 0 0 17 3 0 0 0 0 0 0 0 0 0 0 0 0 0
97 (khugepaged) S 2 0 0 0 -1 2097216 0 0 0 0 0 877 0 0 39 19 1 0 26 0 0 18446744073709551615 0 0 0 0 0 0 0 2147483647 0 0 0 0 17 3 0 0 0 0 0 0 0 0 0 0 0 0 0
97 (khugepaged) S 2 0 0 0 -1 2097216 0 0 0 0 0 877 0 0 39 19 1 0 26 0 0 18446744073709551615 0 0 0 0 0 0 0 2147483647 0 0 0 0 17 3 0 0 0 0 0 0 0 0 0 0 0 0 0
97 (khugepaged) S 2 0 0 0 -1 2097216 0 0 0 0 0 877 0 0 39 19 1 0 26 0 0 18446744073709551615 0 0 0 0 0 0 0 2147483647 0 0 0 0 17 3 0 0 0 0 0 0 0 0 0 0 0 0 0
97 (khugepaged) S 2 0 0 0 -1 2097216 0 0 0 0 0 877 0 0 39 19 1 0 26 0 0 18446744073709551615 0 0 0 0 0 0 0 2147483647 0 0 0 0 17 1 0 0 0 0 0 0 0 0 0 0 0 0 0
97 (khugepaged) S 2 0 0 0 -1 2097216 0 0 0 0 0 877 0 0 39 19 1 0 26 0 0 18446744073709551615 0 0 0 0 0 0 0 2147483647 0 0 0 0 17 1 0 0 0 0 0 0 0 0 0 0 0 0 0
97 (khugepaged) S 2 0 0 0 -1 2097216 0 0 0 0 0 877 0 0 39 19 1 0 26 0 0 18446744073709551615 0 0 0 0 0 0 0 2147483647 0 0 0 0 17 1 0 0 0 0 0 0 0 0 0 0 0 0 0
97 (khugepaged) S 2 0 0 0 -1 2097216 0 0 0 0 0 877 0 0 39 19 1 0 26 0 0 18446744073709551615 0 0 0 0 0 0 0 2147483647 0 0 0 0 17 1 0 0 0 0 0 0 0 0 0 0 0 0 0
97 (khugepaged) S 2 0 0 0 -1 2097216 0 0 0 0 0 877 0 0 39 19 1 0 26 0 0 18446744073709551615 0 0 0 0 0 0 0 2147483647 0 0 0 0 17 1 0 0 0 0 0 0 0 0 0 0 0 0 0
97 (khugepaged) S 2 0 0 0 -1 2097216 0 0 0 0 0 877 0 0 39 19 1 0 26 0 0 18446744073709551615 0 0 0 0 0 0 0 2147483647 0 0 0 0 17 1 0 0 0 0 0 0 0 0 0 0 0 0 0
97 (khugepaged) S 2 0 0 0 -1 2097216 0 0 0 0 0 877 0 0 39 19 1 0 26 0 0 18446744073709551615 0 0 0 0 0 0 0 2147483647 0 0 0 0 17 1 0 0 0 0 0 0 0 0 0 0 0 0 0
97 (khugepaged) S 2 0 0 0 -1 2097216 0 0 0 0 0 877 0 0 39 19 1 0 26 0 0 18446744073709551615 0 0 0 0 0 0 0 2147483647 0 0 0 0 17 1 0 0 0 0 0 0 0 0 0 0 0 0 0
97 (khugepaged) S 2 0 0 0 -1 2097216 0 0 0 0 0 877 0 0 39 19 1 0 26 0 0 18446744073709551615 0 0 0 0 0 0 0 2147483647 0 0 0 0 17 1 0 0 0 0 0 0 0 0 0 0 0 0 0
97 (khugepaged) S 2 0 0 0 -1 2097216 0 0 0 0 0 877 0 0 39 19 1 0 26 0 0 18446744073709551615 0 0 0 0 0 0 0 2147483647 0 0 0 0 17 1 0 0 0 0 0 0 0 0 0 0 0 0 0
97 (khugepaged) S 2 0 0 0 -1 2097216 0 0 0 0 0 877 0 0 39 19 1 0 26 0 0 18446744073709551615 0 0 0 0 0 0 0 2147483647 0 0 0 0 17 1 0 0 0 0 0 0 0 0 0 0 0 0 0
97 (khugepaged) S 2 0 0 0 -1 2097216 0 0 0 0 0 877 0 0 39 19 1 0 26 0 0 18446744073709551615 0 0 0 0 0 0 0 2147483647 0 0 0 0 17 1 0 0 0 0 0 0 0 0 0 0 0 0 0
97 (khugepaged) S 2 0 0 0 -1 2097216 0 0 0 0 0 877 0 0 39 19 1 0 26 0 0 18446744073709551615 0 0 0 0 0 0 0 2147483647 0 0 0 0 17 1 0 0 0 0 0 0 0 0 0 0 0 0 0
97 (khugepaged) S 2 0 0 0 -1 2097216 0 0 0 0 0 877 0 0 39 19 1 0 26 0 0 18446744073709551615 0 0 0 0 0 0 0 2147483647 0 0 0 0 17 1 0 0 0 0 0 0 0 0 0 0 0 0 0
97 (khugepaged) S 2 0 0 0 -1 2097216 0 0 0 0 0 877 0 0 39 19 1 0 26 0 0 18446744073709551615 0 0 0 0 0 0 0 2147483647 0 0 0 0 17 1 0 0 0 0 0 0 0 0 0 0 0 0 0
97 (khugepaged) S 2 0 0 0 -1 2097216 0 0 0 0 0 877 0 0 39 19 1 0 26 0 0 18446744073709551615 0 0 0 0 0 0 0 2147483647 0 0 0 0 17 1 0 0 0 0 0 0 0 0 0 0 0 0 0
97 (khugepaged) S 2 0 0 0 -1 2097216 0 0 0 0 0 877 0 0 39 19 1 0 26 0 0 18446744073709551615 0 0 0 0 0 0 0 2147483647 0 0 0 0 17 1 0 0 0 0 0 0 0 0 0 0 0 0 0
97 (khugepaged) S 2 0 0 0 -1 2097216 0 0 0 0 0 877 0 0 39 19 1 0 26 0 0 18446744073709551615 0 0 0 0 0 0 0 2147483647 0 0 0 0 17 1 0 0 0 0 0 0 0 0 0 0 0 0 0
97 (khugepaged) S 2 0 0 0 -1 2097216 0 0 0 0 0 877 0 0 39 19 1 0 26 0 0 18446744073709551615 0 0 0 0 0 0 0 2147483647 0 0 0 0 17 1 0 0 0 0 0 0 0 0 0 0 0 0 0
97 (khugepaged) S 2 0 0 0 -1 2097216 0 0 0 0 0 877 0 0 39 19 1 0 26 0 0 18446744073709551615 0 0 0 0 0 0 0 2147483647 0 0 0 0 17 1 0 0 0 0 0 0 0 0 0 0 0 0 0
97 (khugepaged) S 2 0 0 0 -1 2097216 0 0 0 0 0 877 0 0 39 19 1 0 26 0 0 18446744073709551615 0 0 0 0 0 0 0 2147483647 0 0 0 0 17 3 0 0 0 0 0 0 0 0 0 0 0 0 0
97 (khugepaged) S 2 0 0 0 -1 2097216 0 0 0 0 0 877 0 0 39 19 1 0 26 0 0 18446744073709551615 0 0 0 0 0 0 0 2147483647 0 0 0 0 17 3 0 0 0 0 0 0 0 0 0 0 0 0 0
97 (khugepaged) S 2 0 0 0 -1 2097216 0 0 0 0 0 877 0 0 39 19 1 0 26 0 0 18446744073709551615 0 0 0 0 0 0 0 2147483647 0 0 0 0 17 3 0 0 0 0 0 0 0 0 0 0 0 0 0
97 (khugepaged) S 2 0 0 0 -1 2097216 0 0 0 0 0 877 0 0 39 19 1 0 26 0 0 18446744073709551615 0 0 0 0 0 0 0 2147483647 0 0 0 0 17 3 0 0 0 0 0 0 0 0 0 0 0 0 0
97 (khugepaged) S 2 0 0 0 -1 2097216 0 0 0 0 0 877 0 0 39 19 1 0 26 0 0 18446744073709551615 0 0 0 0 0 0 0 2147483647 0 0 0 0 17 3 0 0 0 0 0 0 0 0 0 0 0 0 0
97 (khugepaged) S 2 0 0 0 -1 2097216 0 0 0 0 0 877 0 0 39 19 1 0 26 0 0 18446744073709551615 0 0 0 0 0 0 0 2147483647 0 0 0 0 17 3 0 0 0 0 0 0 0 0 0 0 0 0 0
97 (khugepaged) S 2 0 0 0 -1 2097216 0 0 0 0 0 877 0 0 39 19 1 0 26 0 0 18446744073709551615 0 0 0 0 0 0 0 2147483647 0 0 0 0 17 3 0 0 0 0 0 0 0 0 0 0 0 0 0
97 (khugepaged) S 2 0 0 0 -1 2097216 0 0 0 0 0 877 0 0 39 19 1 0 26 0 0 18446744073709551615 0 0 0 0 0 0 0 2147483647 0 0 0 0 17 3 0 0 0 0 0 0 0 0 0 0 0 0 0
97 (khugepaged) S 2 0 0 0 -1 2097216 0 0 0 0 0 877 0 0 39 19 1 0 26 0 0 18446744073709551615 0 0 0 0 0 0 0 2147483647 0 0 0 0 17 3 0 0 0 0 0 0 0 0 0 0 0 0 0
97 (khugepaged) S 2 0 0 0 -1 2097216 0 0 0 0 0 877 0 0 39 19 1 0 26 0 0 18446744073709551615 0 0 0 0 0 0 0 2147483647 0 0 0 0 17 3 0 0 0 0 0 0 0 0 0 0 0 0 0
97 (khugepaged) S 2 0 0 0 -1 2097216 0 0 0 0 0 878 0 0 39 19 1 0 26 0 0 18446744073709551615 0 0 0 0 0 0 0 2147483647 0 0 0 0 17 4 0 0 0 0 0 0 0 0 0 0 0 0 0
97 (khugepaged) S 2 0 0 0 -1 2097216 0 0 0 0 0 878 0 0 39 19 1 0 26 0 0 18446744073709551615 0 0 0 0 0 0 0 2147483647 0 0 0 0 17 4 0 0 0 0 0 0 0 0 0 0 0 0 0
97 (khugepaged) S 2 0 0 0 -1 2097216 0 0 0 0 0 878 0 0 39 19 1 0 26 0 0 18446744073709551615 0 0 0 0 0 0 0 2147483647 0 0 0 0 17 4 0 0 0 0 0 0 0 0 0 0 0 0 0
97 (khugepaged) S 2 0 0 0 -1 2097216 0 0 0 0 0 878 0 0 39 19 1 0 26 0 0 18446744073709551615 0 0 0 0 0 0 0 2147483647 0 0 0 0 17 4 0 0 0 0 0 0 0 0 0 0 0 0 0
97 (khugepaged) S 2 0 0 0 -1 2097216 0 0 0 0 0 878 0 0 39 19 1 0 26 0 0 18446744073709551615 0 0 0 0 0 0 0 2147483647 0 0 0 0 17 4 0 0 0 0 0 0 0 0 0 0 0 0 0
97 (khugepaged) S 2 0 0 0 -1 2097216 0 0 0 0 0 878 0 0 39 19 1 0 26 0 0 18446744073709551615 0 0 0 0 0 0 0 2147483647 0 0 0 0 17 4 0 0 0 0 0 0 0 0 0 0 0 0 0
97 (khugepaged) S 2 0 0 0 -1 2097216 0 0 0 0 0 878 0 0 39 19 1 0 26 0 0 18446744073709551615 0 0 0 0 0 0 0 2147483647 0 0 0 0 17 4 0 0 0 0 0 0 0 0 0 0 0 0 0
97 (khugepaged) S 2 0 0 0 -1 2097216 0 0 0 0 0 878 0 0 39 19 1 0 26 0 0 18446744073709551615 0 0 0 0 0 0 0 2147483647 0 0 0 0 17 4 0 0 0 0 0 0 0 0 0 0 0 0 0
97 (khugepaged) S 2 0 0 0 -1 2097216 0 0 0 0 0 878 0 0 39 19 1 0 26 0 0 18446744073709551615 0 0 0 0 0 0 0 2147483647 0 0 0 0 17 4 0 0 0 0 0 0 0 0 0 0 0 0 0
97 (khugepaged) S 2 0 0 0 -1 2097216 0 0 0 0 0 878 0 0 39 19 1 0 26 0 0 18446744073709551615 0 0 0 0 0 0 0 2147483647 0 0 0 0 17 4 0 0 0 0 0 0 0 0 0 0 0 0 0
97 (khugepaged) S 2 0 0 0 -1 2097216 0 0 0 0 0 878 0 0 39 19 1 0 26 0 0 18446744073709551615 0 0 0 0 0 0 0 2147483647 0 0 0 0 17 5 0 0 0 0 0 0 0 0 0 0 0 0 0
97 (khugepaged) S 2 0 0 0 -1 2097216 0 0 0 0 0 878 0 0 39 19 1 0 26 0 0 18446744073709551615 0 0 0 0 0 0 0 2147483647 0 0 0 0 17 5 0 0 0 0 0 0 0 0 0 0 0 0 0
97 (khugepaged) S 2 0 0 0 -1 2097216 0 0 0 0 0 878 0 0 39 19 1 0 26 0 0 18446744073709551615 0 0 0 0 0 0 0 2147483647 0 0 0 0 17 5 0 0 0 0 0 0 0 0 0 0 0 0 0
97 (khugepaged) S 2 0 0 0 -1 2097216 0 0 0 0 0 878 0 0 39 19 1 0 26 0 0 18446744073709551615 0 0 0 0 0 0 0 2147483647 0 0 0 0 17 5 0 0 0 0 0 0 0 0 0 0 0 0 0
97 (khugepaged) S 2 0 0 0 -1 2097216 0 0 0 0 0 878 0 0 39 19 1 0 26 0 0 18446744073709551615 0 0 0 0 0 0 0 2147483647 0 0 0 0 17 5 0 0 0 0 0 0 0 0 0 0 0 0 0
97 (khugepaged) S 2 0 0 0 -1 2097216 0 0 0 0 0 878 0 0 39 19 1 0 26 0 0 18446744073709551615 0 0 0 0 0 0 0 2147483647 0 0 0 0 17 5 0 0 0 0 0 0 0 0 0 0 0 0 0
97 (khugepaged) S 2 0 0 0 -1 2097216 0 0 0 0 0 878 0 0 39 19 1 0 26 0 0 18446744073709551615 0 0 0 0 0 0 0 2147483647 0 0 0 0 17 5 0 0 0 0 0 0 0 0 0 0 0 0 0
97 (khugepaged) S 2 0 0 0 -1 2097216 0 0 0 0 0 878 0 0 39 19 1 0 26 0 0 18446744073709551615 0 0 0 0 0 0 0 2147483647 0 0 0 0 17 5 0 0 0 0 0 0 0 0 0 0 0 0 0
97 (khugepaged) S 2 0 0 0 -1 2097216 0 0 0 0 0 878 0 0 39 19 1 0 26 0 0 18446744073709551615 0 0 0 0 0 0 0 2147483647 0 0 0 0 17 5 0 0 0 0 0 0 0 0 0 0 0 0 0
97 (khugepaged) S 2 0 0 0 -1 2097216 0 0 0 0 0 903 0 0 39 19 1 0 26 0 0 18446744073709551615 0 0 0 0 0 0 0 2147483647 0 0 0 0 17 0 0 0 0 0 0 0 0 0 0 0 0 0 0
97 (khugepaged) S 2 0 0 0 -1 2097216 0 0 0 0 0 903 0 0 39 19 1 0 26 0 0 18446744073709551615 0 0 0 0 0 0 0 2147483647 0 0 0 0 17 0 0 0 0 0 0 0 0 0 0 0 0 0 0
97 (khugepaged) S 2 0 0 0 -1 2097216 0 0 0 0 0 903 0 0 39 19 1 0 26 0 0 18446744073709551615 0 0 0 0 0 0 0 2147483647 0 0 0 0 17 0 0 0 0 0 0 0 0 0 0 0 0 0 0
97 (khugepaged) S 2 0 0 0 -1 2097216 0 0 0 0 0 903 0 0 39 19 1 0 26 0 0 18446744073709551615 0 0 0 0 0 0 0 2147483647 0 0 0 0 17 0 0 0 0 0 0 0 0 0 0 0 0 0 0
97 (khugepaged) S 2 0 0 0 -1 2097216 0 0 0 0 0 903 0 0 39 19 1 0 26 0 0 18446744073709551615 0 0 0 0 0 0 0 2147483647 0 0 0 0 17 0 0 0 0 0 0 0 0 0 0 0 0 0 0
97 (khugepaged) S 2 0 0 0 -1 2097216 0 0 0 0 0 903 0 0 39 19 1 0 26 0 0 18446744073709551615 0 0 0 0 0 0 0 2147483647 0 0 0 0 17 0 0 0 0 0 0 0 0 0 0 0 0 0 0
97 (khugepaged) S 2 0 0 0 -1 2097216 0 0 0 0 0 903 0 0 39 19 1 0 26 0 0 18446744073709551615 0 0 0 0 0 0 0 2147483647 0 0 0 0 17 0 0 0 0 0 0 0 0 0 0 0 0 0 0
97 (khugepaged) S 2 0 0 0 -1 2097216 0 0 0 0 0 903 0 0 39 19 1 0 26 0 0 18446744073709551615 0 0 0 0 0 0 0 2147483647 0 0 0 0 17 0 0 0 0 0 0 0 0 0 0 0 0 0 0
97 (khugepaged) R 2 0 0 0 -1 2097216 0 0 0 0 0 925 0 0 39 19 1 0 26 0 0 18446744073709551615 0 0 0 0 0 0 0 2147483647 0 0 0 0 17 0 0 0 0 0 0 0 0 0 0 0 0 0 0
97 (khugepaged) S 2 0 0 0 -1 2097216 0 0 0 0 0 944 0 0 39 19 1 0 26 0 0 18446744073709551615 0 0 0 0 0 0 0 2147483647 0 0 0 0 17 0 0 0 0 0 0 0 0 0 0 0 0 0 0
97 (khugepaged) S 2 0 0 0 -1 2097216 0 0 0 0 0 944 0 0 39 19 1 0 26 0 0 18446744073709551615 0 0 0 0 0 0 0 2147483647 0 0 0 0 17 0 0 0 0 0 0 0 0 0 0 0 0 0 0
97 (khugepaged) S 2 0 0 0 -1 2097216 0 0 0 0 0 944 0 0 39 19 1 0 26 0 0 18446744073709551615 0 0 0 0 0 0 0 2147483647 0 0 0 0 17 0 0 0 0 0 0 0 0 0 0 0 0 0 0
97 (khugepaged) S 2 0 0 0 -1 2097216 0 0 0 0 0 944 0 0 39 19 1 0 26 0 0 18446744073709551615 0 0 0 0 0 0 0 2147483647 0 0 0 0 17 0 0 0 0 0 0 0 0 0 0 0 0 0 0
97 (khugepaged) S 2 0 0 0 -1 2097216 0 0 0 0 0 944 0 0 39 19 1 0 26 0 0 18446744073709551615 0 0 0 0 0 0 0 2147483647 0 0 0 0 17 0 0 0 0 0 0 0 0 0 0 0 0 0 0
97 (khugepaged) S 2 0 0 0 -1 2097216 0 0 0 0 0 944 0 0 39 19 1 0 26 0 0 18446744073709551615 0 0 0 0 0 0 0 2147483647 0 0 0 0 17 0 0 0 0 0 0 0 0 0 0 0 0 0 0
97 (khugepaged) S 2 0 0 0 -1 2097216 0 0 0 0 0 944 0 0 39 19 1 0 26 0 0 18446744073709551615 0 0 0 0 0 0 0 2147483647 0 0 0 0 17 0 0 0 0 0 0 0 0 0 0 0 0 0 0
97 (khugepaged) S 2 0 0 0 -1 2097216 0 0 0 0 0 944 0 0 39 19 1 0 26 0 0 18446744073709551615 0 0 0 0 0 0 0 2147483647 0 0 0 0 17 0 0 0 0 0 0 0 0 0 0 0 0 0 0
97 (khugepaged) R 2 0 0 0 -1 2097216 0 0 0 0 0 945 0 0 39 19 1 0 26 0 0 18446744073709551615 0 0 0 0 0 0 0 2147483647 0 0 0 0 17 11 0 0 0 0 0 0 0 0 0 0 0 0 0
97 (khugepaged) S 2 0 0 0 -1 2097216 0 0 0 0 0 991 0 0 39 19 1 0 26 0 0 18446744073709551615 0 0 0 0 0 0 0 2147483647 0 0 0 0 17 11 0 0 0 0 0 0 0 0 0 0 0 0 0
97 (khugepaged) S 2 0 0 0 -1 2097216 0 0 0 0 0 991 0 0 39 19 1 0 26 0 0 18446744073709551615 0 0 0 0 0 0 0 2147483647 0 0 0 0 17 11 0 0 0 0 0 0 0 0 0 0 0 0 0
97 (khugepaged) S 2 0 0 0 -1 2097216 0 0 0 0 0 991 0 0 39 19 1 0 26 0 0 18446744073709551615 0 0 0 0 0 0 0 2147483647 0 0 0 0 17 11 0 0 0 0 0 0 0 0 0 0 0 0 0
97 (khugepaged) S 2 0 0 0 -1 2097216 0 0 0 0 0 991 0 0 39 19 1 0 26 0 0 18446744073709551615 0 0 0 0 0 0 0 2147483647 0 0 0 0 17 11 0 0 0 0 0 0 0 0 0 0 0 0 0
97 (khugepaged) S 2 0 0 0 -1 2097216 0 0 0 0 0 991 0 0 39 19 1 0 26 0 0 18446744073709551615 0 0 0 0 0 0 0 2147483647 0 0 0 0 17 11 0 0 0 0 0 0 0 0 0 0 0 0 0
97 (khugepaged) S 2 0 0 0 -1 2097216 0 0 0 0 0 991 0 0 39 19 1 0 26 0 0 18446744073709551615 0 0 0 0 0 0 0 2147483647 0 0 0 0 17 11 0 0 0 0 0 0 0 0 0 0 0 0 0
97 (khugepaged) S 2 0 0 0 -1 2097216 0 0 0 0 0 991 0 0 39 19 1 0 26 0 0 18446744073709551615 0 0 0 0 0 0 0 2147483647 0 0 0 0 17 11 0 0 0 0 0 0 0 0 0 0 0 0 0
97 (khugepaged) S 2 0 0 0 -1 2097216 0 0 0 0 0 991 0 0 39 19 1 0 26 0 0 18446744073709551615 0 0 0 0 0 0 0 2147483647 0 0 0 0 17 11 0 0 0 0 0 0 0 0 0 0 0 0 0
97 (khugepaged) S 2 0 0 0 -1 2097216 0 0 0 0 0 991 0 0 39 19 1 0 26 0 0 18446744073709551615 0 0 0 0 0 0 0 2147483647 0 0 0 0 17 11 0 0 0 0 0 0 0 0 0 0 0 0 0
97 (khugepaged) R 2 0 0 0 -1 2097216 0 0 0 0 0 1063 0 0 39 19 1 0 26 0 0 18446744073709551615 0 0 0 0 0 0 0 2147483647 0 0 0 0 17 6 0 0 0 0 0 0 0 0 0 0 0 0 0
97 (khugepaged) S 2 0 0 0 -1 2097216 0 0 0 0 0 1334 0 0 39 19 1 0 26 0 0 18446744073709551615 0 0 0 0 0 0 0 2147483647 0 0 0 0 17 8 0 0 0 0 0 0 0 0 0 0 0 0 0
97 (khugepaged) S 2 0 0 0 -1 2097216 0 0 0 0 0 1334 0 0 39 19 1 0 26 0 0 18446744073709551615 0 0 0 0 0 0 0 2147483647 0 0 0 0 17 8 0 0 0 0 0 0 0 0 0 0 0 0 0
97 (khugepaged) S 2 0 0 0 -1 2097216 0 0 0 0 0 1334 0 0 39 19 1 0 26 0 0 18446744073709551615 0 0 0 0 0 0 0 2147483647 0 0 0 0 17 8 0 0 0 0 0 0 0 0 0 0 0 0 0
97 (khugepaged) S 2 0 0 0 -1 2097216 0 0 0 0 0 1334 0 0 39 19 1 0 26 0 0 18446744073709551615 0 0 0 0 0 0 0 2147483647 0 0 0 0 17 8 0 0 0 0 0 0 0 0 0 0 0 0 0
97 (khugepaged) S 2 0 0 0 -1 2097216 0 0 0 0 0 1334 0 0 39 19 1 0 26 0 0 18446744073709551615 0 0 0 0 0 0 0 2147483647 0 0 0 0 17 8 0 0 0 0 0 0 0 0 0 0 0 0 0
97 (khugepaged) S 2 0 0 0 -1 2097216 0 0 0 0 0 1334 0 0 39 19 1 0 26 0 0 18446744073709551615 0 0 0 0 0 0 0 2147483647 0 0 0 0 17 8 0 0 0 0 0 0 0 0 0 0 0 0 0
97 (khugepaged) S 2 0 0 0 -1 2097216 0 0 0 0 0 1334 0 0 39 19 1 0 26 0 0 18446744073709551615 0 0 0 0 0 0 0 2147483647 0 0 0 0 17 8 0 0 0 0 0 0 0 0 0 0 0 0 0
97 (khugepaged) S 2 0 0 0 -1 2097216 0 0 0 0 0 1334 0 0 39 19 1 0 26 0 0 18446744073709551615 0 0 0 0 0 0 0 2147483647 0 0 0 0 17 8 0 0 0 0 0 0 0 0 0 0 0 0 0
97 (khugepaged) S 2 0 0 0 -1 2097216 0 0 0 0 0 1334 0 0 39 19 1 0 26 0 0 18446744073709551615 0 0 0 0 0 0 0 2147483647 0 0 0 0 17 8 0 0 0 0 0 0 0 0 0 0 0 0 0
97 (khugepaged) R 2 0 0 0 -1 2097216 0 0 0 0 0 1386 0 0 39 19 1 0 26 0 0 18446744073709551615 0 0 0 0 0 0 0 2147483647 0 0 0 0 17 8 0 0 0 0 0 0 0 0 0 0 0 0 0
97 (khugepaged) S 2 0 0 0 -1 2097216 0 0 0 0 0 1425 0 0 39 19 1 0 26 0 0 18446744073709551615 0 0 0 0 0 0 0 2147483647 0 0 0 0 17 8 0 0 0 0 0 0 0 0 0 0 0 0 0
97 (khugepaged) S 2 0 0 0 -1 2097216 0 0 0 0 0 1425 0 0 39 19 1 0 26 0 0 18446744073709551615 0 0 0 0 0 0 0 2147483647 0 0 0 0 17 8 0 0 0 0 0 0 0 0 0 0 0 0 0
97 (khugepaged) S 2 0 0 0 -1 2097216 0 0 0 0 0 1425 0 0 39 19 1 0 26 0 0 18446744073709551615 0 0 0 0 0 0 0 2147483647 0 0 0 0 17 8 0 0 0 0 0 0 0 0 0 0 0 0 0
97 (khugepaged) S 2 0 0 0 -1 2097216 0 0 0 0 0 1425 0 0 39 19 1 0 26 0 0 18446744073709551615 0 0 0 0 0 0 0 2147483647 0 0 0 0 17 8 0 0 0 0 0 0 0 0 0 0 0 0 0
97 (khugepaged) S 2 0 0 0 -1 2097216 0 0 0 0 0 1425 0 0 39 19 1 0 26 0 0 18446744073709551615 0 0 0 0 0 0 0 2147483647 0 0 0 0 17 8 0 0 0 0 0 0 0 0 0 0 0 0 0
97 (khugepaged) S 2 0 0 0 -1 2097216 0 0 0 0 0 1425 0 0 39 19 1 0 26 0 0 18446744073709551615 0 0 0 0 0 0 0 2147483647 0 0 0 0 17 8 0 0 0 0 0 0 0 0 0 0 0 0 0
97 (khugepaged) S 2 0 0 0 -1 2097216 0 0 0 0 0 1425 0 0 39 19 1 0 26 0 0 18446744073709551615 0 0 0 0 0 0 0 2147483647 0 0 0 0 17 8 0 0 0 0 0 0 0 0 0 0 0 0 0
97 (khugepaged) S 2 0 0 0 -1 2097216 0 0 0 0 0 1425 0 0 39 19 1 0 26 0 0 18446744073709551615 0 0 0 0 0 0 0 2147483647 0 0 0 0 17 8 0 0 0 0 0 0 0 0 0 0 0 0 0
97 (khugepaged) S 2 0 0 0 -1 2097216 0 0 0 0 0 1425 0 0 39 19 1 0 26 0 0 18446744073709551615 0 0 0 0 0 0 0 2147483647 0 0 0 0 17 8 0 0 0 0 0 0 0 0 0 0 0 0 0
97 (khugepaged) S 2 0 0 0 -1 2097216 0 0 0 0 0 1451 0 0 39 19 1 0 26 0 0 18446744073709551615 0 0 0 0 0 0 0 2147483647 0 0 0 0 17 0 0 0 0 0 0 0 0 0 0 0 0 0 0
97 (khugepaged) S 2 0 0 0 -1 2097216 0 0 0 0 0 1451 0 0 39 19 1 0 26 0 0 18446744073709551615 0 0 0 0 0 0 0 2147483647 0 0 0 0 17 0 0 0 0 0 0 0 0 0 0 0 0 0 0
97 (khugepaged) S 2 0 0 0 -1 2097216 0 0 0 0 0 1451 0 0 39 19 1 0 26 0 0 18446744073709551615 0 0 0 0 0 0 0 2147483647 0 0 0 0 17 0 0 0 0 0 0 0 0 0 0 0 0 0 0
97 (khugepaged) S 2 0 0 0 -1 2097216 0 0 0 0 0 1451 0 0 39 19 1 0 26 0 0 18446744073709551615 0 0 0 0 0 0 0 2147483647 0 0 0 0 17 0 0 0 0 0 0 0 0 0 0 0 0 0 0
97 (khugepaged) S 2 0 0 0 -1 2097216 0 0 0 0 0 1451 0 0 39 19 1 0 26 0 0 18446744073709551615 0 0 0 0 0 0 0 2147483647 0 0 0 0 17 0 0 0 0 0 0 0 0 0 0 0 0 0 0
97 (khugepaged) S 2 0 0 0 -1 2097216 0 0 0 0 0 1451 0 0 39 19 1 0 26 0 0 18446744073709551615 0 0 0 0 0 0 0 2147483647 0 0 0 0 17 0 0 0 0 0 0 0 0 0 0 0 0 0 0
97 (khugepaged) S 2 0 0 0 -1 2097216 0 0 0 0 0 1451 0 0 39 19 1 0 26 0 0 18446744073709551615 0 0 0 0 0 0 0 2147483647 0 0 0 0 17 0 0 0 0 0 0 0 0 0 0 0 0 0 0
97 (khugepaged) S 2 0 0 0 -1 2097216 0 0 0 0 0 1451 0 0 39 19 1 0 26 0 0 18446744073709551615 0 0 0 0 0 0 0 2147483647 0 0 0 0 17 0 0 0 0 0 0 0 0 0 0 0 0 0 0
97 (khugepaged) S 2 0 0 0 -1 2097216 0 0 0 0 0 1451 0 0 39 19 1 0 26 0 0 18446744073709551615 0 0 0 0 0 0 0 2147483647 0 0 0 0 17 0 0 0 0 0 0 0 0 0 0 0 0 0 0
97 (khugepaged) S 2 0 0 0 -1 2097216 0 0 0 0 0 1451 0 0 39 19 1 0 26 0 0 18446744073709551615 0 0 0 0 0 0 0 2147483647 0 0 0 0 17 0 0 0 0 0 0 0 0 0 0 0 0 0 0
97 (khugepaged) S 2 0 0 0 -1 2097216 0 0 0 0 0 1484 0 0 39 19 1 0 26 0 0 18446744073709551615 0 0 0 0 0 0 0 2147483647 0 0 0 0 17 0 0 0 0 0 0 0 0 0 0 0 0 0 0
97 (khugepaged) S 2 0 0 0 -1 2097216 0 0 0 0 0 1484 0 0 39 19 1 0 26 0 0 18446744073709551615 0 0 0 0 0 0 0 2147483647 0 0 0 0 17 0 0 0 0 0 0 0 0 0 0 0 0 0 0
97 (khugepaged) S 2 0 0 0 -1 2097216 0 0 0 0 0 1484 0 0 39 19 1 0 26 0 0 18446744073709551615 0 0 0 0 0 0 0 2147483647 0 0 0 0 17 0 0 0 0 0 0 0 0 0 0 0 0 0 0
97 (khugepaged) S 2 0 0 0 -1 2097216 0 0 0 0 0 1484 0 0 39 19 1 0 26 0 0 18446744073709551615 0 0 0 0 0 0 0 2147483647 0 0 0 0 17 0 0 0 0 0 0 0 0 0 0 0 0 0 0
97 (khugepaged) S 2 0 0 0 -1 2097216 0 0 0 0 0 1484 0 0 39 19 1 0 26 0 0 18446744073709551615 0 0 0 0 0 0 0 2147483647 0 0 0 0 17 0 0 0 0 0 0 0 0 0 0 0 0 0 0
97 (khugepaged) S 2 0 0 0 -1 2097216 0 0 0 0 0 1484 0 0 39 19 1 0 26 0 0 18446744073709551615 0 0 0 0 0 0 0 2147483647 0 0 0 0 17 0 0 0 0 0 0 0 0 0 0 0 0 0 0
97 (khugepaged) S 2 0 0 0 -1 2097216 0 0 0 0 0 1484 0 0 39 19 1 0 26 0 0 18446744073709551615 0 0 0 0 0 0 0 2147483647 0 0 0 0 17 0 0 0 0 0 0 0 0 0 0 0 0 0 0
97 (khugepaged) S 2 0 0 0 -1 2097216 0 0 0 0 0 1484 0 0 39 19 1 0 26 0 0 18446744073709551615 0 0 0 0 0 0 0 2147483647 0 0 0 0 17 0 0 0 0 0 0 0 0 0 0 0 0 0 0
97 (khugepaged) S 2 0 0 0 -1 2097216 0 0 0 0 0 1484 0 0 39 19 1 0 26 0 0 18446744073709551615 0 0 0 0 0 0 0 2147483647 0 0 0 0 17 0 0 0 0 0 0 0 0 0 0 0 0 0 0
97 (khugepaged) R 2 0 0 0 -1 2097216 0 0 0 0 0 1510 0 0 39 19 1 0 26 0 0 18446744073709551615 0 0 0 0 0 0 0 2147483647 0 0 0 0 17 1 0 0 0 0 0 0 0 0 0 0 0 0 0
97 (khugepaged) S 2 0 0 0 -1 2097216 0 0 0 0 0 1528 0 0 39 19 1 0 26 0 0 18446744073709551615 0 0 0 0 0 0 0 2147483647 0 0 0 0 17 1 0 0 0 0 0 0 0 0 0 0 0 0 0
97 (khugepaged) S 2 0 0 0 -1 2097216 0 0 0 0 0 1528 0 0 39 19 1 0 26 0 0 18446744073709551615 0 0 0 0 0 0 0 2147483647 0 0 0 0 17 1 0 0 0 0 0 0 0 0 0 0 0 0 0
97 (khugepaged) S 2 0 0 0 -1 2097216 0 0 0 0 0 1528 0 0 39 19 1 0 26 0 0 18446744073709551615 0 0 0 0 0 0 0 2147483647 0 0 0 0 17 1 0 0 0 0 0 0 0 0 0 0 0 0 0
97 (khugepaged) S 2 0 0 0 -1 2097216 0 0 0 0 0 1528 0 0 39 19 1 0 26 0 0 18446744073709551615 0 0 0 0 0 0 0 2147483647 0 0 0 0 17 1 0 0 0 0 0 0 0 0 0 0 0 0 0
97 (khugepaged) S 2 0 0 0 -1 2097216 0 0 0 0 0 1528 0 0 39 19 1 0 26 0 0 18446744073709551615 0 0 0 0 0 0 0 2147483647 0 0 0 0 17 1 0 0 0 0 0 0 0 0 0 0 0 0 0
97 (khugepaged) S 2 0 0 0 -1 2097216 0 0 0 0 0 1528 0 0 39 19 1 0 26 0 0 18446744073709551615 0 0 0 0 0 0 0 2147483647 0 0 0 0 17 1 0 0 0 0 0 0 0 0 0 0 0 0 0
97 (khugepaged) S 2 0 0 0 -1 2097216 0 0 0 0 0 1528 0 0 39 19 1 0 26 0 0 18446744073709551615 0 0 0 0 0 0 0 2147483647 0 0 0 0 17 1 0 0 0 0 0 0 0 0 0 0 0 0 0
97 (khugepaged) S 2 0 0 0 -1 2097216 0 0 0 0 0 1528 0 0 39 19 1 0 26 0 0 18446744073709551615 0 0 0 0 0 0 0 2147483647 0 0 0 0 17 1 0 0 0 0 0 0 0 0 0 0 0 0 0
97 (khugepaged) S 2 0 0 0 -1 2097216 0 0 0 0 0 1528 0 0 39 19 1 0 26 0 0 18446744073709551615 0 0 0 0 0 0 0 2147483647 0 0 0 0 17 1 0 0 0 0 0 0 0 0 0 0 0 0 0
97 (khugepaged) R 2 0 0 0 -1 2097216 0 0 0 0 0 1610 0 0 39 19 1 0 26 0 0 18446744073709551615 0 0 0 0 0 0 0 2147483647 0 0 0 0 17 2 0 0 0 0 0 0 0 0 0 0 0 0 0
97 (khugepaged) R 2 0 0 0 -1 2097216 0 0 0 0 0 1708 0 0 39 19 1 0 26 0 0 18446744073709551615 0 0 0 0 0 0 0 2147483647 0 0 0 0 17 3 0 0 0 0 0 0 0 0 0 0 0 0 0
97 (khugepaged) S 2 0 0 0 -1 2097216 0 0 0 0 0 1732 0 0 39 19 1 0 26 0 0 18446744073709551615 0 0 0 0 0 0 0 2147483647 0 0 0 0 17 3 0 0 0 0 0 0 0 0 0 0 0 0 0
97 (khugepaged) S 2 0 0 0 -1 2097216 0 0 0 0 0 1732 0 0 39 19 1 0 26 0 0 18446744073709551615 0 0 0 0 0 0 0 2147483647 0 0 0 0 17 3 0 0 0 0 0 0 0 0 0 0 0 0 0
97 (khugepaged) S 2 0 0 0 -1 2097216 0 0 0 0 0 1732 0 0 39 19 1 0 26 0 0 18446744073709551615 0 0 0 0 0 0 0 2147483647 0 0 0 0 17 3 0 0 0 0 0 0 0 0 0 0 0 0 0
97 (khugepaged) S 2 0 0 0 -1 2097216 0 0 0 0 0 1732 0 0 39 19 1 0 26 0 0 18446744073709551615 0 0 0 0 0 0 0 2147483647 0 0 0 0 17 3 0 0 0 0 0 0 0 0 0 0 0 0 0
97 (khugepaged) S 2 0 0 0 -1 2097216 0 0 0 0 0 1732 0 0 39 19 1 0 26 0 0 18446744073709551615 0 0 0 0 0 0 0 2147483647 0 0 0 0 17 3 0 0 0 0 0 0 0 0 0 0 0 0 0
97 (khugepaged) S 2 0 0 0 -1 2097216 0 0 0 0 0 1732 0 0 39 19 1 0 26 0 0 18446744073709551615 0 0 0 0 0 0 0 2147483647 0 0 0 0 17 3 0 0 0 0 0 0 0 0 0 0 0 0 0
97 (khugepaged) S 2 0 0 0 -1 2097216 0 0 0 0 0 1732 0 0 39 19 1 0 26 0 0 18446744073709551615 0 0 0 0 0 0 0 2147483647 0 0 0 0 17 3 0 0 0 0 0 0 0 0 0 0 0 0 0
97 (khugepaged) S 2 0 0 0 -1 2097216 0 0 0 0 0 1732 0 0 39 19 1 0 26 0 0 18446744073709551615 0 0 0 0 0 0 0 2147483647 0 0 0 0 17 3 0 0 0 0 0 0 0 0 0 0 0 0 0
97 (khugepaged) S 2 0 0 0 -1 2097216 0 0 0 0 0 1732 0 0 39 19 1 0 26 0 0 18446744073709551615 0 0 0 0 0 0 0 2147483647 0 0 0 0 17 3 0 0 0 0 0 0 0 0 0 0 0 0 0
97 (khugepaged) S 2 0 0 0 -1 2097216 0 0 0 0 0 1732 0 0 39 19 1 0 26 0 0 18446744073709551615 0 0 0 0 0 0 0 2147483647 0 0 0 0 17 3 0 0 0 0 0 0 0 0 0 0 0 0 0
97 (khugepaged) S 2 0 0 0 -1 2097216 0 0 0 0 0 1732 0 0 39 19 1 0 26 0 0 18446744073709551615 0 0 0 0 0 0 0 2147483647 0 0 0 0 17 3 0 0 0 0 0 0 0 0 0 0 0 0 0
97 (khugepaged) S 2 0 0 0 -1 2097216 0 0 0 0 0 1732 0 0 39 19 1 0 26 0 0 18446744073709551615 0 0 0 0 0 0 0 2147483647 0 0 0 0 17 3 0 0 0 0 0 0 0 0 0 0 0 0 0
97 (khugepaged) S 2 0 0 0 -1 2097216 0 0 0 0 0 1732 0 0 39 19 1 0 26 0 0 18446744073709551615 0 0 0 0 0 0 0 2147483647 0 0 0 0 17 3 0 0 0 0 0 0 0 0 0 0 0 0 0
97 (khugepaged) S 2 0 0 0 -1 2097216 0 0 0 0 0 1732 0 0 39 19 1 0 26 0 0 18446744073709551615 0 0 0 0 0 0 0 2147483647 0 0 0 0 17 3 0 0 0 0 0 0 0 0 0 0 0 0 0
97 (khugepaged) S 2 0 0 0 -1 2097216 0 0 0 0 0 1732 0 0 39 19 1 0 26 0 0 18446744073709551615 0 0 0 0 0 0 0 2147483647 0 0 0 0 17 3 0 0 0 0 0 0 0 0 0 0 0 0 0
97 (khugepaged) S 2 0 0 0 -1 2097216 0 0 0 0 0 1732 0 0 39 19 1 0 26 0 0 18446744073709551615 0 0 0 0 0 0 0 2147483647 0 0 0 0 17 3 0 0 0 0 0 0 0 0 0 0 0 0 0
97 (khugepaged) S 2 0 0 0 -1 2097216 0 0 0 0 0 1732 0 0 39 19 1 0 26 0 0 18446744073709551615 0 0 0 0 0 0 0 2147483647 0 0 0 0 17 3 0 0 0 0 0 0 0 0 0 0 0 0 0
97 (khugepaged) S 2 0 0 0 -1 2097216 0 0 0 0 0 1732 0 0 39 19 1 0 26 0 0 18446744073709551615 0 0 0 0 0 0 0 2147483647 0 0 0 0 17 3 0 0 0 0 0 0 0 0 0 0 0 0 0
97 (khugepaged) S 2 0 0 0 -1 2097216 0 0 0 0 0 1732 0 0 39 19 1 0 26 0 0 18446744073709551615 0 0 0 0 0 0 0 2147483647 0 0 0 0 17 3 0 0 0 0 0 0 0 0 0 0 0 0 0
97 (khugepaged) S 2 0 0 0 -1 2097216 0 0 0 0 0 1732 0 0 39 19 1 0 26 0 0 18446744073709551615 0 0 0 0 0 0 0 2147483647 0 0 0 0 17 3 0 0 0 0 0 0 0 0 0 0 0 0 0
97 (khugepaged) S 2 0 0 0 -1 2097216 0 0 0 0 0 1732 0 0 39 19 1 0 26 0 0 18446744073709551615 0 0 0 0 0 0 0 2147483647 0 0 0 0 17 5 0 0 0 0 0 0 0 0 0 0 0 0 0
97 (khugepaged) S 2 0 0 0 -1 2097216 0 0 0 0 0 1732 0 0 39 19 1 0 26 0 0 18446744073709551615 0 0 0 0 0 0 0 2147483647 0 0 0 0 17 5 0 0 0 0 0 0 0 0 0 0 0 0 0
97 (khugepaged) S 2 0 0 0 -1 2097216 0 0 0 0 0 1732 0 0 39 19 1 0 26 0 0 18446744073709551615 0 0 0 0 0 0 0 2147483647 0 0 0 0 17 5 0 0 0 0 0 0 0 0 0 0 0 0 0
97 (khugepaged) S 2 0 0 0 -1 2097216 0 0 0 0 0 1732 0 0 39 19 1 0 26 0 0 18446744073709551615 0 0 0 0 0 0 0 2147483647 0 0 0 0 17 5 0 0 0 0 0 0 0 0 0 0 0 0 0
97 (khugepaged) S 2 0 0 0 -1 2097216 0 0 0 0 0 1732 0 0 39 19 1 0 26 0 0 18446744073709551615 0 0 0 0 0 0 0 2147483647 0 0 0 0 17 5 0 0 0 0 0 0 0 0 0 0 0 0 0
97 (khugepaged) S 2 0 0 0 -1 2097216 0 0 0 0 0 1732 0 0 39 19 1 0 26 0 0 18446744073709551615 0 0 0 0 0 0 0 2147483647 0 0 0 0 17 5 0 0 0 0 0 0 0 0 0 0 0 0 0
97 (khugepaged) S 2 0 0 0 -1 2097216 0 0 0 0 0 1732 0 0 39 19 1 0 26 0 0 18446744073709551615 0 0 0 0 0 0 0 2147483647 0 0 0 0 17 5 0 0 0 0 0 0 0 0 0 0 0 0 0
97 (khugepaged) S 2 0 0 0 -1 2097216 0 0 0 0 0 1732 0 0 39 19 1 0 26 0 0 18446744073709551615 0 0 0 0 0 0 0 2147483647 0 0 0 0 17 5 0 0 0 0 0 0 0 0 0 0 0 0 0
97 (khugepaged) S 2 0 0 0 -1 2097216 0 0 0 0 0 1732 0 0 39 19 1 0 26 0 0 18446744073709551615 0 0 0 0 0 0 0 2147483647 0 0 0 0 17 5 0 0 0 0 0 0 0 0 0 0 0 0 0
97 (khugepaged) S 2 0 0 0 -1 2097216 0 0 0 0 0 1732 0 0 39 19 1 0 26 0 0 18446744073709551615 0 0 0 0 0 0 0 2147483647 0 0 0 0 17 0 0 0 0 0 0 0 0 0 0 0 0 0 0
97 (khugepaged) S 2 0 0 0 -1 2097216 0 0 0 0 0 1732 0 0 39 19 1 0 26 0 0 18446744073709551615 0 0 0 0 0 0 0 2147483647 0 0 0 0 17 0 0 0 0 0 0 0 0 0 0 0 0 0 0
97 (khugepaged) S 2 0 0 0 -1 2097216 0 0 0 0 0 1732 0 0 39 19 1 0 26 0 0 18446744073709551615 0 0 0 0 0 0 0 2147483647 0 0 0 0 17 0 0 0 0 0 0 0 0 0 0 0 0 0 0
97 (khugepaged) S 2 0 0 0 -1 2097216 0 0 0 0 0 1732 0 0 39 19 1 0 26 0 0 18446744073709551615 0 0 0 0 0 0 0 2147483647 0 0 0 0 17 0 0 0 0 0 0 0 0 0 0 0 0 0 0
97 (khugepaged) S 2 0 0 0 -1 2097216 0 0 0 0 0 1732 0 0 39 19 1 0 26 0 0 18446744073709551615 0 0 0 0 0 0 0 2147483647 0 0 0 0 17 0 0 0 0 0 0 0 0 0 0 0 0 0 0
97 (khugepaged) S 2 0 0 0 -1 2097216 0 0 0 0 0 1732 0 0 39 19 1 0 26 0 0 18446744073709551615 0 0 0 0 0 0 0 2147483647 0 0 0 0 17 0 0 0 0 0 0 0 0 0 0 0 0 0 0
97 (khugepaged) S 2 0 0 0 -1 2097216 0 0 0 0 0 1732 0 0 39 19 1 0 26 0 0 18446744073709551615 0 0 0 0 0 0 0 2147483647 0 0 0 0 17 0 0 0 0 0 0 0 0 0 0 0 0 0 0
97 (khugepaged) S 2 0 0 0 -1 2097216 0 0 0 0 0 1732 0 0 39 19 1 0 26 0 0 18446744073709551615 0 0 0 0 0 0 0 2147483647 0 0 0 0 17 0 0 0 0 0 0 0 0 0 0 0 0 0 0
97 (khugepaged) S 2 0 0 0 -1 2097216 0 0 0 0 0 1732 0 0 39 19 1 0 26 0 0 18446744073709551615 0 0 0 0 0 0 0 2147483647 0 0 0 0 17 0 0 0 0 0 0 0 0 0 0 0 0 0 0
97 (khugepaged) S 2 0 0 0 -1 2097216 0 0 0 0 0 1732 0 0 39 19 1 0 26 0 0 18446744073709551615 0 0 0 0 0 0 0 2147483647 0 0 0 0 17 0 0 0 0 0 0 0 0 0 0 0 0 0 0
97 (khugepaged) S 2 0 0 0 -1 2097216 0 0 0 0 0 1732 0 0 39 19 1 0 26 0 0 18446744073709551615 0 0 0 0 0 0 0 2147483647 0 0 0 0 17 1 0 0 0 0 0 0 0 0 0 0 0 0 0
97 (khugepaged) S 2 0 0 0 -1 2097216 0 0 0 0 0 1732 0 0 39 19 1 0 26 0 0 18446744073709551615 0 0 0 0 0 0 0 2147483647 0 0 0 0 17 1 0 0 0 0 0 0 0 0 0 0 0 0 0
97 (khugepaged) S 2 0 0 0 -1 2097216 0 0 0 0 0 1732 0 0 39 19 1 0 26 0 0 18446744073709551615 0 0 0 0 0 0 0 2147483647 0 0 0 0 17 1 0 0 0 0 0 0 0 0 0 0 0 0 0
97 (khugepaged) S 2 0 0 0 -1 2097216 0 0 0 0 0 1732 0 0 39 19 1 0 26 0 0 18446744073709551615 0 0 0 0 0 0 0 2147483647 0 0 0 0 17 1 0 0 0 0 0 0 0 0 0 0 0 0 0
97 (khugepaged) S 2 0 0 0 -1 2097216 0 0 0 0 0 1732 0 0 39 19 1 0 26 0 0 18446744073709551615 0 0 0 0 0 0 0 2147483647 0 0 0 0 17 1 0 0 0 0 0 0 0 0 0 0 0 0 0
97 (khugepaged) S 2 0 0 0 -1 2097216 0 0 0 0 0 1732 0 0 39 19 1 0 26 0 0 18446744073709551615 0 0 0 0 0 0 0 2147483647 0 0 0 0 17 1 0 0 0 0 0 0 0 0 0 0 0 0 0
97 (khugepaged) S 2 0 0 0 -1 2097216 0 0 0 0 0 1732 0 0 39 19 1 0 26 0 0 18446744073709551615 0 0 0 0 0 0 0 2147483647 0 0 0 0 17 1 0 0 0 0 0 0 0 0 0 0 0 0 0
97 (khugepaged) S 2 0 0 0 -1 2097216 0 0 0 0 0 1732 0 0 39 19 1 0 26 0 0 18446744073709551615 0 0 0 0 0 0 0 2147483647 0 0 0 0 17 1 0 0 0 0 0 0 0 0 0 0 0 0 0
97 (khugepaged) S 2 0 0 0 -1 2097216 0 0 0 0 0 1732 0 0 39 19 1 0 26 0 0 18446744073709551615 0 0 0 0 0 0 0 2147483647 0 0 0 0 17 1 0 0 0 0 0 0 0 0 0 0 0 0 0
97 (khugepaged) S 2 0 0 0 -1 2097216 0 0 0 0 0 1732 0 0 39 19 1 0 26 0 0 18446744073709551615 0 0 0 0 0 0 0 2147483647 0 0 0 0 17 1 0 0 0 0 0 0 0 0 0 0 0 0 0
97 (khugepaged) S 2 0 0 0 -1 2097216 0 0 0 0 0 1732 0 0 39 19 1 0 26 0 0 18446744073709551615 0 0 0 0 0 0 0 2147483647 0 0 0 0 17 2 0 0 0 0 0 0 0 0 0 0 0 0 0
97 (khugepaged) S 2 0 0 0 -1 2097216 0 0 0 0 0 1732 0 0 39 19 1 0 26 0 0 18446744073709551615 0 0 0 0 0 0 0 2147483647 0 0 0 0 17 2 0 0 0 0 0 0 0 0 0 0 0 0 0
97 (khugepaged) S 2 0 0 0 -1 2097216 0 0 0 0 0 1732 0 0 39 19 1 0 26 0 0 18446744073709551615 0 0 0 0 0 0 0 2147483647 0 0 0 0 17 2 0 0 0 0 0 0 0 0 0 0 0 0 0
97 (khugepaged) S 2 0 0 0 -1 2097216 0 0 0 0 0 1732 0 0 39 19 1 0 26 0 0 18446744073709551615 0 0 0 0 0 0 0 2147483647 0 0 0 0 17 2 0 0 0 0 0 0 0 0 0 0 0 0 0
97 (khugepaged) S 2 0 0 0 -1 2097216 0 0 0 0 0 1732 0 0 39 19 1 0 26 0 0 18446744073709551615 0 0 0 0 0 0 0 2147483647 0 0 0 0 17 2 0 0 0 0 0 0 0 0 0 0 0 0 0
97 (khugepaged) S 2 0 0 0 -1 2097216 0 0 0 0 0 1732 0 0 39 19 1 0 26 0 0 18446744073709551615 0 0 0 0 0 0 0 2147483647 0 0 0 0 17 2 0 0 0 0 0 0 0 0 0 0 0 0 0
97 (khugepaged) S 2 0 0 0 -1 2097216 0 0 0 0 0 1732 0 0 39 19 1 0 26 0 0 18446744073709551615 0 0 0 0 0 0 0 2147483647 0 0 0 0 17 2 0 0 0 0 0 0 0 0 0 0 0 0 0
97 (khugepaged) S 2 0 0 0 -1 2097216 0 0 0 0 0 1732 0 0 39 19 1 0 26 0 0 18446744073709551615 0 0 0 0 0 0 0 2147483647 0 0 0 0 17 2 0 0 0 0 0 0 0 0 0 0 0 0 0
97 (khugepaged) S 2 0 0 0 -1 2097216 0 0 0 0 0 1732 0 0 39 19 1 0 26 0 0 18446744073709551615 0 0 0 0 0 0 0 2147483647 0 0 0 0 17 2 0 0 0 0 0 0 0 0 0 0 0 0 0
97 (khugepaged) S 2 0 0 0 -1 2097216 0 0 0 0 0 1769 0 0 39 19 1 0 26 0 0 18446744073709551615 0 0 0 0 0 0 0 2147483647 0 0 0 0 17 5 0 0 0 0 0 0 0 0 0 0 0 0 0
97 (khugepaged) S 2 0 0 0 -1 2097216 0 0 0 0 0 1769 0 0 39 19 1 0 26 0 0 18446744073709551615 0 0 0 0 0 0 0 2147483647 0 0 0 0 17 5 0 0 0 0 0 0 0 0 0 0 0 0 0
97 (khugepaged) S 2 0 0 0 -1 2097216 0 0 0 0 0 1769 0 0 39 19 1 0 26 0 0 18446744073709551615 0 0 0 0 0 0 0 2147483647 0 0 0 0 17 5 0 0 0 0 0 0 0 0 0 0 0 0 0
97 (khugepaged) S 2 0 0 0 -1 2097216 0 0 0 0 0 1769 0 0 39 19 1 0 26 0 0 18446744073709551615 0 0 0 0 0 0 0 2147483647 0 0 0 0 17 5 0 0 0 0 0 0 0 0 0 0 0 0 0
97 (khugepaged) S 2 0 0 0 -1 2097216 0 0 0 0 0 1769 0 0 39 19 1 0 26 0 0 18446744073709551615 0 0 0 0 0 0 0 2147483647 0 0 0 0 17 5 0 0 0 0 0 0 0 0 0 0 0 0 0
97 (khugepaged) S 2 0 0 0 -1 2097216 0 0 0 0 0 1769 0 0 39 19 1 0 26 0 0 18446744073709551615 0 0 0 0 0 0 0 2147483647 0 0 0 0 17 5 0 0 0 0 0 0 0 0 0 0 0 0 0
97 (khugepaged) S 2 0 0 0 -1 2097216 0 0 0 0 0 1769 0 0 39 19 1 0 26 0 0 18446744073709551615 0 0 0 0 0 0 0 2147483647 0 0 0 0 17 5 0 0 0 0 0 0 0 0 0 0 0 0 0
97 (khugepaged) S 2 0 0 0 -1 2097216 0 0 0 0 0 1769 0 0 39 19 1 0 26 0 0 18446744073709551615 0 0 0 0 0 0 0 2147483647 0 0 0 0 17 5 0 0 0 0 0 0 0 0 0 0 0 0 0
97 (khugepaged) S 2 0 0 0 -1 2097216 0 0 0 0 0 1769 0 0 39 19 1 0 26 0 0 18446744073709551615 0 0 0 0 0 0 0 2147483647 0 0 0 0 17 5 0 0 0 0 0 0 0 0 0 0 0 0 0
97 (khugepaged) S 2 0 0 0 -1 2097216 0 0 0 0 0 1807 0 0 39 19 1 0 26 0 0 18446744073709551615 0 0 0 0 0 0 0 2147483647 0 0 0 0 17 0 0 0 0 0 0 0 0 0 0 0 0 0 0
97 (khugepaged) S 2 0 0 0 -1 2097216 0 0 0 0 0 1807 0 0 39 19 1 0 26 0 0 18446744073709551615 0 0 0 0 0 0 0 2147483647 0 0 0 0 17 0 0 0 0 0 0 0 0 0 0 0 0 0 0
97 (khugepaged) S 2 0 0 0 -1 2097216 0 0 0 0 0 1807 0 0 39 19 1 0 26 0 0 18446744073709551615 0 0 0 0 0 0 0 2147483647 0 0 0 0 17 0 0 0 0 0 0 0 0 0 0 0 0 0 0
97 (khugepaged) S 2 0 0 0 -1 2097216 0 0 0 0 0 1807 0 0 39 19 1 0 26 0 0 18446744073709551615 0 0 0 0 0 0 0 2147483647 0 0 0 0 17 0 0 0 0 0 0 0 0 0 0 0 0 0 0
97 (khugepaged) S 2 0 0 0 -1 2097216 0 0 0 0 0 1807 0 0 39 19 1 0 26 0 0 18446744073709551615 0 0 0 0 0 0 0 2147483647 0 0 0 0 17 0 0 0 0 0 0 0 0 0 0 0 0 0 0
97 (khugepaged) S 2 0 0 0 -1 2097216 0 0 0 0 0 1807 0 0 39 19 1 0 26 0 0 18446744073709551615 0 0 0 0 0 0 0 2147483647 0 0 0 0 17 0 0 0 0 0 0 0 0 0 0 0 0 0 0
97 (khugepaged) S 2 0 0 0 -1 2097216 0 0 0 0 0 1807 0 0 39 19 1 0 26 0 0 18446744073709551615 0 0 0 0 0 0 0 2147483647 0 0 0 0 17 0 0 0 0 0 0 0 0 0 0 0 0 0 0
97 (khugepaged) S 2 0 0 0 -1 2097216 0 0 0 0 0 1807 0 0 39 19 1 0 26 0 0 18446744073709551615 0 0 0 0 0 0 0 2147483647 0 0 0 0 17 0 0 0 0 0 0 0 0 0 0 0 0 0 0
97 (khugepaged) S 2 0 0 0 -1 2097216 0 0 0 0 0 1807 0 0 39 19 1 0 26 0 0 18446744073709551615 0 0 0 0 0 0 0 2147483647 0 0 0 0 17 0 0 0 0 0 0 0 0 0 0 0 0 0 0
97 (khugepaged) S 2 0 0 0 -1 2097216 0 0 0 0 0 1871 0 0 39 19 1 0 26 0 0 18446744073709551615 0 0 0 0 0 0 0 2147483647 0 0 0 0 17 1 0 0 0 0 0 0 0 0 0 0 0 0 0
97 (khugepaged) S 2 0 0 0 -1 2097216 0 0 0 0 0 1871 0 0 39 19 1 0 26 0 0 18446744073709551615 0 0 0 0 0 0 0 2147483647 0 0 0 0 17 1 0 0 0 0 0 0 0 0 0 0 0 0 0
97 (khugepaged) S 2 0 0 0 -1 2097216 0 0 0 0 0 1871 0 0 39 19 1 0 26 0 0 18446744073709551615 0 0 0 0 0 0 0 2147483647 0 0 0 0 17 1 0 0 0 0 0 0 0 0 0 0 0 0 0
97 (khugepaged) S 2 0 0 0 -1 2097216 0 0 0 0 0 1871 0 0 39 19 1 0 26 0 0 18446744073709551615 0 0 0 0 0 0 0 2147483647 0 0 0 0 17 1 0 0 0 0 0 0 0 0 0 0 0 0 0
97 (khugepaged) S 2 0 0 0 -1 2097216 0 0 0 0 0 1871 0 0 39 19 1 0 26 0 0 18446744073709551615 0 0 0 0 0 0 0 2147483647 0 0 0 0 17 1 0 0 0 0 0 0 0 0 0 0 0 0 0
97 (khugepaged) S 2 0 0 0 -1 2097216 0 0 0 0 0 1871 0 0 39 19 1 0 26 0 0 18446744073709551615 0 0 0 0 0 0 0 2147483647 0 0 0 0 17 1 0 0 0 0 0 0 0 0 0 0 0 0 0
97 (khugepaged) S 2 0 0 0 -1 2097216 0 0 0 0 0 1871 0 0 39 19 1 0 26 0 0 18446744073709551615 0 0 0 0 0 0 0 2147483647 0 0 0 0 17 1 0 0 0 0 0 0 0 0 0 0 0 0 0
97 (khugepaged) S 2 0 0 0 -1 2097216 0 0 0 0 0 1871 0 0 39 19 1 0 26 0 0 18446744073709551615 0 0 0 0 0 0 0 2147483647 0 0 0 0 17 1 0 0 0 0 0 0 0 0 0 0 0 0 0
97 (khugepaged) S 2 0 0 0 -1 2097216 0 0 0 0 0 1871 0 0 39 19 1 0 26 0 0 18446744073709551615 0 0 0 0 0 0 0 2147483647 0 0 0 0 17 1 0 0 0 0 0 0 0 0 0 0 0 0 0
97 (khugepaged) R 2 0 0 0 -1 2097216 0 0 0 0 0 1881 0 0 39 19 1 0 26 0 0 18446744073709551615 0 0 0 0 0 0 0 2147483647 0 0 0 0 17 11 0 0 0 0 0 0 0 0 0 0 0 0 0
97 (khugepaged) R 2 0 0 0 -1 2097216 0 0 0 0 0 1978 0 0 39 19 1 0 26 0 0 18446744073709551615 0 0 0 0 0 0 0 2147483647 0 0 0 0 17 11 0 0 0 0 0 0 0 0 0 0 0 0 0
97 (khugepaged) R 2 0 0 0 -1 2097216 0 0 0 0 0 2082 0 0 39 19 1 0 26 0 0 18446744073709551615 0 0 0 0 0 0 0 2147483647 0 0 0 0 17 4 0 0 0 0 0 0 0 0 0 0 0 0 0
97 (khugepaged) R 2 0 0 0 -1 2097216 0 0 0 0 0 2192 0 0 39 19 1 0 26 0 0 18446744073709551615 0 0 0 0 0 0 0 2147483647 0 0 0 0 17 10 0 0 0 0 0 0 0 0 0 0 0 0 0
97 (khugepaged) S 2 0 0 0 -1 2097216 0 0 0 0 0 2240 0 0 39 19 1 0 26 0 0 18446744073709551615 0 0 0 0 0 0 0 2147483647 0 0 0 0 17 10 0 0 0 0 0 0 0 0 0 0 0 0 0
97 (khugepaged) S 2 0 0 0 -1 2097216 0 0 0 0 0 2240 0 0 39 19 1 0 26 0 0 18446744073709551615 0 0 0 0 0 0 0 2147483647 0 0 0 0 17 10 0 0 0 0 0 0 0 0 0 0 0 0 0
97 (khugepaged) S 2 0 0 0 -1 2097216 0 0 0 0 0 2240 0 0 39 19 1 0 26 0 0 18446744073709551615 0 0 0 0 0 0 0 2147483647 0 0 0 0 17 10 0 0 0 0 0 0 0 0 0 0 0 0 0
97 (khugepaged) S 2 0 0 0 -1 2097216 0 0 0 0 0 2240 0 0 39 19 1 0 26 0 0 18446744073709551615 0 0 0 0 0 0 0 2147483647 0 0 0 0 17 10 0 0 0 0 0 0 0 0 0 0 0 0 0
97 (khugepaged) S 2 0 0 0 -1 2097216 0 0 0 0 0 2240 0 0 39 19 1 0 26 0 0 18446744073709551615 0 0 0 0 0 0 0 2147483647 0 0 0 0 17 10 0 0 0 0 0 0 0 0 0 0 0 0 0
97 (khugepaged) S 2 0 0 0 -1 2097216 0 0 0 0 0 2240 0 0 39 19 1 0 26 0 0 18446744073709551615 0 0 0 0 0 0 0 2147483647 0 0 0 0 17 10 0 0 0 0 0 0 0 0 0 0 0 0 0
97 (khugepaged) S 2 0 0 0 -1 2097216 0 0 0 0 0 2240 0 0 39 19 1 0 26 0 0 18446744073709551615 0 0 0 0 0 0 0 2147483647 0 0 0 0 17 10 0 0 0 0 0 0 0 0 0 0 0 0 0
97 (khugepaged) S 2 0 0 0 -1 2097216 0 0 0 0 0 2240 0 0 39 19 1 0 26 0 0 18446744073709551615 0 0 0 0 0 0 0 2147483647 0 0 0 0 17 10 0 0 0 0 0 0 0 0 0 0 0 0 0
97 (khugepaged) S 2 0 0 0 -1 2097216 0 0 0 0 0 2240 0 0 39 19 1 0 26 0 0 18446744073709551615 0 0 0 0 0 0 0 2147483647 0 0 0 0 17 10 0 0 0 0 0 0 0 0 0 0 0 0 0
97 (khugepaged) S 2 0 0 0 -1 2097216 0 0 0 0 0 2292 0 0 39 19 1 0 26 0 0 18446744073709551615 0 0 0 0 0 0 0 2147483647 0 0 0 0 17 0 0 0 0 0 0 0 0 0 0 0 0 0 0
97 (khugepaged) S 2 0 0 0 -1 2097216 0 0 0 0 0 2292 0 0 39 19 1 0 26 0 0 18446744073709551615 0 0 0 0 0 0 0 2147483647 0 0 0 0 17 0 0 0 0 0 0 0 0 0 0 0 0 0 0
97 (khugepaged) S 2 0 0 0 -1 2097216 0 0 0 0 0 2292 0 0 39 19 1 0 26 0 0 18446744073709551615 0 0 0 0 0 0 0 2147483647 0 0 0 0 17 0 0 0 0 0 0 0 0 0 0 0 0 0 0
97 (khugepaged) S 2 0 0 0 -1 2097216 0 0 0 0 0 2292 0 0 39 19 1 0 26 0 0 18446744073709551615 0 0 0 0 0 0 0 2147483647 0 0 0 0 17 0 0 0 0 0 0 0 0 0 0 0 0 0 0
97 (khugepaged) S 2 0 0 0 -1 2097216 0 0 0 0 0 2292 0 0 39 19 1 0 26 0 0 18446744073709551615 0 0 0 0 0 0 0 2147483647 0 0 0 0 17 0 0 0 0 0 0 0 0 0 0 0 0 0 0
97 (khugepaged) S 2 0 0 0 -1 2097216 0 0 0 0 0 2292 0 0 39 19 1 0 26 0 0 18446744073709551615 0 0 0 0 0 0 0 2147483647 0 0 0 0 17 0 0 0 0 0 0 0 0 0 0 0 0 0 0
97 (khugepaged) S 2 0 0 0 -1 2097216 0 0 0 0 0 2292 0 0 39 19 1 0 26 0 0 18446744073709551615 0 0 0 0 0 0 0 2147483647 0 0 0 0 17 0 0 0 0 0 0 0 0 0 0 0 0 0 0
97 (khugepaged) S 2 0 0 0 -1 2097216 0 0 0 0 0 2292 0 0 39 19 1 0 26 0 0 18446744073709551615 0 0 0 0 0 0 0 2147483647 0 0 0 0 17 0 0 0 0 0 0 0 0 0 0 0 0 0 0
97 (khugepaged) S 2 0 0 0 -1 2097216 0 0 0 0 0 2292 0 0 39 19 1 0 26 0 0 18446744073709551615 0 0 0 0 0 0 0 2147483647 0 0 0 0 17 0 0 0 0 0 0 0 0 0 0 0 0 0 0
97 (khugepaged) R 2 0 0 0 -1 2097216 0 0 0 0 0 2311 0 0 39 19 1 0 26 0 0 18446744073709551615 0 0 0 0 0 0 0 2147483647 0 0 0 0 17 1 0 0 0 0 0 0 0 0 0 0 0 0 0
97 (khugepaged) S 2 0 0 0 -1 2097216 0 0 0 0 0 2314 0 0 39 19 1 0 26 0 0 18446744073709551615 0 0 0 0 0 0 0 2147483647 0 0 0 0 17 1 0 0 0 0 0 0 0 0 0 0 0 0 0
97 (khugepaged) S 2 0 0 0 -1 2097216 0 0 0 0 0 2314 0 0 39 19 1 0 26 0 0 18446744073709551615 0 0 0 0 0 0 0 2147483647 0 0 0 0 17 1 0 0 0 0 0 0 0 0 0 0 0 0 0
97 (khugepaged) S 2 0 0 0 -1 2097216 0 0 0 0 0 2314 0 0 39 19 1 0 26 0 0 18446744073709551615 0 0 0 0 0 0 0 2147483647 0 0 0 0 17 1 0 0 0 0 0 0 0 0 0 0 0 0 0
97 (khugepaged) S 2 0 0 0 -1 2097216 0 0 0 0 0 2314 0 0 39 19 1 0 26 0 0 18446744073709551615 0 0 0 0 0 0 0 2147483647 0 0 0 0 17 1 0 0 0 0 0 0 0 0 0 0 0 0 0
97 (khugepaged) S 2 0 0 0 -1 2097216 0 0 0 0 0 2314 0 0 39 19 1 0 26 0 0 18446744073709551615 0 0 0 0 0 0 0 2147483647 0 0 0 0 17 1 0 0 0 0 0 0 0 0 0 0 0 0 0
97 (khugepaged) S 2 0 0 0 -1 2097216 0 0 0 0 0 2314 0 0 39 19 1 0 26 0 0 18446744073709551615 0 0 0 0 0 0 0 2147483647 0 0 0 0 17 1 0 0 0 0 0 0 0 0 0 0 0 0 0
97 (khugepaged) S 2 0 0 0 -1 2097216 0 0 0 0 0 2314 0 0 39 19 1 0 26 0 0 18446744073709551615 0 0 0 0 0 0 0 2147483647 0 0 0 0 17 1 0 0 0 0 0 0 0 0 0 0 0 0 0
97 (khugepaged) S 2 0 0 0 -1 2097216 0 0 0 0 0 2314 0 0 39 19 1 0 26 0 0 18446744073709551615 0 0 0 0 0 0 0 2147483647 0 0 0 0 17 1 0 0 0 0 0 0 0 0 0 0 0 0 0
97 (khugepaged) S 2 0 0 0 -1 2097216 0 0 0 0 0 2314 0 0 39 19 1 0 26 0 0 18446744073709551615 0 0 0 0 0 0 0 2147483647 0 0 0 0 17 1 0 0 0 0 0 0 0 0 0 0 0 0 0
97 (khugepaged) S 2 0 0 0 -1 2097216 0 0 0 0 0 2337 0 0 39 19 1 0 26 0 0 18446744073709551615 0 0 0 0 0 0 0 2147483647 0 0 0 0 17 1 0 0 0 0 0 0 0 0 0 0 0 0 0
97 (khugepaged) S 2 0 0 0 -1 2097216 0 0 0 0 0 2337 0 0 39 19 1 0 26 0 0 18446744073709551615 0 0 0 0 0 0 0 2147483647 0 0 0 0 17 1 0 0 0 0 0 0 0 0 0 0 0 0 0
97 (khugepaged) S 2 0 0 0 -1 2097216 0 0 0 0 0 2337 0 0 39 19 1 0 26 0 0 18446744073709551615 0 0 0 0 0 0 0 2147483647 0 0 0 0 17 1 0 0 0 0 0 0 0 0 0 0 0 0 0
97 (khugepaged) S 2 0 0 0 -1 2097216 0 0 0 0 0 2337 0 0 39 19 1 0 26 0 0 18446744073709551615 0 0 0 0 0 0 0 2147483647 0 0 0 0 17 1 0 0 0 0 0 0 0 0 0 0 0 0 0
97 (khugepaged) S 2 0 0 0 -1 2097216 0 0 0 0 0 2337 0 0 39 19 1 0 26 0 0 18446744073709551615 0 0 0 0 0 0 0 2147483647 0 0 0 0 17 1 0 0 0 0 0 0 0 0 0 0 0 0 0
97 (khugepaged) S 2 0 0 0 -1 2097216 0 0 0 0 0 2337 0 0 39 19 1 0 26 0 0 18446744073709551615 0 0 0 0 0 0 0 2147483647 0 0 0 0 17 1 0 0 0 0 0 0 0 0 0 0 0 0 0
97 (khugepaged) S 2 0 0 0 -1 2097216 0 0 0 0 0 2337 0 0 39 19 1 0 26 0 0 18446744073709551615 0 0 0 0 0 0 0 2147483647 0 0 0 0 17 1 0 0 0 0 0 0 0 0 0 0 0 0 0
97 (khugepaged) S 2 0 0 0 -1 2097216 0 0 0 0 0 2337 0 0 39 19 1 0 26 0 0 18446744073709551615 0 0 0 0 0 0 0 2147483647 0 0 0 0 17 1 0 0 0 0 0 0 0 0 0 0 0 0 0
97 (khugepaged) S 2 0 0 0 -1 2097216 0 0 0 0 0 2337 0 0 39 19 1 0 26 0 0 18446744073709551615 0 0 0 0 0 0 0 2147483647 0 0 0 0 17 1 0 0 0 0 0 0 0 0 0 0 0 0 0
97 (khugepaged) S 2 0 0 0 -1 2097216 0 0 0 0 0 2360 0 0 39 19 1 0 26 0 0 18446744073709551615 0 0 0 0 0 0 0 2147483647 0 0 0 0 17 2 0 0 0 0 0 0 0 0 0 0 0 0 0
97 (khugepaged) S 2 0 0 0 -1 2097216 0 0 0 0 0 2360 0 0 39 19 1 0 26 0 0 18446744073709551615 0 0 0 0 0 0 0 2147483647 0 0 0 0 17 2 0 0 0 0 0 0 0 0 0 0 0 0 0
97 (khugepaged) S 2 0 0 0 -1 2097216 0 0 0 0 0 2360 0 0 39 19 1 0 26 0 0 18446744073709551615 0 0 0 0 0 0 0 2147483647 0 0 0 0 17 2 0 0 0 0 0 0 0 0 0 0 0 0 0
97 (khugepaged) S 2 0 0 0 -1 2097216 0 0 0 0 0 2360 0 0 39 19 1 0 26 0 0 18446744073709551615 0 0 0 0 0 0 0 2147483647 0 0 0 0 17 2 0 0 0 0 0 0 0 0 0 0 0 0 0
97 (khugepaged) S 2 0 0 0 -1 2097216 0 0 0 0 0 2360 0 0 39 19 1 0 26 0 0 18446744073709551615 0 0 0 0 0 0 0 2147483647 0 0 0 0 17 2 0 0 0 0 0 0 0 0 0 0 0 0 0
97 (khugepaged) S 2 0 0 0 -1 2097216 0 0 0 0 0 2360 0 0 39 19 1 0 26 0 0 18446744073709551615 0 0 0 0 0 0 0 2147483647 0 0 0 0 17 2 0 0 0 0 0 0 0 0 0 0 0 0 0
97 (khugepaged) S 2 0 0 0 -1 2097216 0 0 0 0 0 2360 0 0 39 19 1 0 26 0 0 18446744073709551615 0 0 0 0 0 0 0 2147483647 0 0 0 0 17 2 0 0 0 0 0 0 0 0 0 0 0 0 0
97 (khugepaged) S 2 0 0 0 -1 2097216 0 0 0 0 0 2360 0 0 39 19 1 0 26 0 0 18446744073709551615 0 0 0 0 0 0 0 2147483647 0 0 0 0 17 2 0 0 0 0 0 0 0 0 0 0 0 0 0
97 (khugepaged) S 2 0 0 0 -1 2097216 0 0 0 0 0 2360 0 0 39 19 1 0 26 0 0 18446744073709551615 0 0 0 0 0 0 0 2147483647 0 0 0 0 17 2 0 0 0 0 0 0 0 0 0 0 0 0 0
97 (khugepaged) S 2 0 0 0 -1 2097216 0 0 0 0 0 2360 0 0 39 19 1 0 26 0 0 18446744073709551615 0 0 0 0 0 0 0 2147483647 0 0 0 0 17 2 0 0 0 0 0 0 0 0 0 0 0 0 0
97 (khugepaged) R 2 0 0 0 -1 2097216 0 0 0 0 0 2452 0 0 39 19 1 0 26 0 0 18446744073709551615 0 0 0 0 0 0 0 2147483647 0 0 0 0 17 0 0 0 0 0 0 0 0 0 0 0 0 0 0
97 (khugepaged) R 2 0 0 0 -1 2097216 0 0 0 0 0 2550 0 0 39 19 1 0 26 0 0 18446744073709551615 0 0 0 0 0 0 0 2147483647 0 0 0 0 17 6 0 0 0 0 0 0 0 0 0 0 0 0 0
97 (khugepaged) S 2 0 0 0 -1 2097216 0 0 0 0 0 2592 0 0 39 19 1 0 26 0 0 18446744073709551615 0 0 0 0 0 0 0 2147483647 0 0 0 0 17 6 0 0 0 0 0 0 0 0 0 0 0 0 0
97 (khugepaged) S 2 0 0 0 -1 2097216 0 0 0 0 0 2592 0 0 39 19 1 0 26 0 0 18446744073709551615 0 0 0 0 0 0 0 2147483647 0 0 0 0 17 6 0 0 0 0 0 0 0 0 0 0 0 0 0
97 (khugepaged) S 2 0 0 0 -1 2097216 0 0 0 0 0 2592 0 0 39 19 1 0 26 0 0 18446744073709551615 0 0 0 0 0 0 0 2147483647 0 0 0 0 17 6 0 0 0 0 0 0 0 0 0 0 0 0 0
97 (khugepaged) S 2 0 0 0 -1 2097216 0 0 0 0 0 2592 0 0 39 19 1 0 26 0 0 18446744073709551615 0 0 0 0 0 0 0 2147483647 0 0 0 0 17 6 0 0 0 0 0 0 0 0 0 0 0 0 0
97 (khugepaged) S 2 0 0 0 -1 2097216 0 0 0 0 0 2592 0 0 39 19 1 0 26 0 0 18446744073709551615 0 0 0 0 0 0 0 2147483647 0 0 0 0 17 6 0 0 0 0 0 0 0 0 0 0 0 0 0
97 (khugepaged) S 2 0 0 0 -1 2097216 0 0 0 0 0 2592 0 0 39 19 1 0 26 0 0 18446744073709551615 0 0 0 0 0 0 0 2147483647 0 0 0 0 17 6 0 0 0 0 0 0 0 0 0 0 0 0 0
97 (khugepaged) S 2 0 0 0 -1 2097216 0 0 0 0 0 2592 0 0 39 19 1 0 26 0 0 18446744073709551615 0 0 0 0 0 0 0 2147483647 0 0 0 0 17 6 0 0 0 0 0 0 0 0 0 0 0 0 0
97 (khugepaged) S 2 0 0 0 -1 2097216 0 0 0 0 0 2592 0 0 39 19 1 0 26 0 0 18446744073709551615 0 0 0 0 0 0 0 2147483647 0 0 0 0 17 6 0 0 0 0 0 0 0 0 0 0 0 0 0
97 (khugepaged) S 2 0 0 0 -1 2097216 0 0 0 0 0 2592 0 0 39 19 1 0 26 0 0 18446744073709551615 0 0 0 0 0 0 0 2147483647 0 0 0 0 17 6 0 0 0 0 0 0 0 0 0 0 0 0 0
97 (khugepaged) S 2 0 0 0 -1 2097216 0 0 0 0 0 2592 0 0 39 19 1 0 26 0 0 18446744073709551615 0 0 0 0 0 0 0 2147483647 0 0 0 0 17 6 0 0 0 0 0 0 0 0 0 0 0 0 0
97 (khugepaged) S 2 0 0 0 -1 2097216 0 0 0 0 0 2592 0 0 39 19 1 0 26 0 0 18446744073709551615 0 0 0 0 0 0 0 2147483647 0 0 0 0 17 3 0 0 0 0 0 0 0 0 0 0 0 0 0
97 (khugepaged) S 2 0 0 0 -1 2097216 0 0 0 0 0 2592 0 0 39 19 1 0 26 0 0 18446744073709551615 0 0 0 0 0 0 0 2147483647 0 0 0 0 17 3 0 0 0 0 0 0 0 0 0 0 0 0 0
97 (khugepaged) S 2 0 0 0 -1 2097216 0 0 0 0 0 2592 0 0 39 19 1 0 26 0 0 18446744073709551615 0 0 0 0 0 0 0 2147483647 0 0 0 0 17 3 0 0 0 0 0 0 0 0 0 0 0 0 0
97 (khugepaged) S 2 0 0 0 -1 2097216 0 0 0 0 0 2592 0 0 39 19 1 0 26 0 0 18446744073709551615 0 0 0 0 0 0 0 2147483647 0 0 0 0 17 3 0 0 0 0 0 0 0 0 0 0 0 0 0
97 (khugepaged) S 2 0 0 0 -1 2097216 0 0 0 0 0 2592 0 0 39 19 1 0 26 0 0 18446744073709551615 0 0 0 0 0 0 0 2147483647 0 0 0 0 17 3 0 0 0 0 0 0 0 0 0 0 0 0 0
97 (khugepaged) S 2 0 0 0 -1 2097216 0 0 0 0 0 2592 0 0 39 19 1 0 26 0 0 18446744073709551615 0 0 0 0 0 0 0 2147483647 0 0 0 0 17 3 0 0 0 0 0 0 0 0 0 0 0 0 0
97 (khugepaged) S 2 0 0 0 -1 2097216 0 0 0 0 0 2592 0 0 39 19 1 0 26 0 0 18446744073709551615 0 0 0 0 0 0 0 2147483647 0 0 0 0 17 3 0 0 0 0 0 0 0 0 0 0 0 0 0
97 (khugepaged) S 2 0 0 0 -1 2097216 0 0 0 0 0 2592 0 0 39 19 1 0 26 0 0 18446744073709551615 0 0 0 0 0 0 0 2147483647 0 0 0 0 17 3 0 0 0 0 0 0 0 0 0 0 0 0 0
97 (khugepaged) S 2 0 0 0 -1 2097216 0 0 0 0 0 2592 0 0 39 19 1 0 26 0 0 18446744073709551615 0 0 0 0 0 0 0 2147483647 0 0 0 0 17 3 0 0 0 0 0 0 0 0 0 0 0 0 0
97 (khugepaged) S 2 0 0 0 -1 2097216 0 0 0 0 0 2592 0 0 39 19 1 0 26 0 0 18446744073709551615 0 0 0 0 0 0 0 2147483647 0 0 0 0 17 3 0 0 0 0 0 0 0 0 0 0 0 0 0
97 (khugepaged) S 2 0 0 0 -1 2097216 0 0 0 0 0 2592 0 0 39 19 1 0 26 0 0 18446744073709551615 0 0 0 0 0 0 0 2147483647 0 0 0 0 17 4 0 0 0 0 0 0 0 0 0 0 0 0 0
97 (khugepaged) S 2 0 0 0 -1 2097216 0 0 0 0 0 2592 0 0 39 19 1 0 26 0 0 18446744073709551615 0 0 0 0 0 0 0 2147483647 0 0 0 0 17 4 0 0 0 0 0 0 0 0 0 0 0 0 0
97 (khugepaged) S 2 0 0 0 -1 2097216 0 0 0 0 0 2592 0 0 39 19 1 0 26 0 0 18446744073709551615 0 0 0 0 0 0 0 2147483647 0 0 0 0 17 4 0 0 0 0 0 0 0 0 0 0 0 0 0
97 (khugepaged) S 2 0 0 0 -1 2097216 0 0 0 0 0 2592 0 0 39 19 1 0 26 0 0 18446744073709551615 0 0 0 0 0 0 0 2147483647 0 0 0 0 17 4 0 0 0 0 0 0 0 0 0 0 0 0 0
97 (khugepaged) S 2 0 0 0 -1 2097216 0 0 0 0 0 2592 0 0 39 19 1 0 26 0 0 18446744073709551615 0 0 0 0 0 0 0 2147483647 0 0 0 0 17 4 0 0 0 0 0 0 0 0 0 0 0 0 0
97 (khugepaged) S 2 0 0 0 -1 2097216 0 0 0 0 0 2592 0 0 39 19 1 0 26 0 0 18446744073709551615 0 0 0 0 0 0 0 2147483647 0 0 0 0 17 4 0 0 0 0 0 0 0 0 0 0 0 0 0
97 (khugepaged) S 2 0 0 0 -1 2097216 0 0 0 0 0 2592 0 0 39 19 1 0 26 0 0 18446744073709551615 0 0 0 0 0 0 0 2147483647 0 0 0 0 17 4 0 0 0 0 0 0 0 0 0 0 0 0 0
97 (khugepaged) S 2 0 0 0 -1 2097216 0 0 0 0 0 2592 0 0 39 19 1 0 26 0 0 18446744073709551615 0 0 0 0 0 0 0 2147483647 0 0 0 0 17 4 0 0 0 0 0 0 0 0 0 0 0 0 0
97 (khugepaged) S 2 0 0 0 -1 2097216 0 0 0 0 0 2592 0 0 39 19 1 0 26 0 0 18446744073709551615 0 0 0 0 0 0 0 2147483647 0 0 0 0 17 4 0 0 0 0 0 0 0 0 0 0 0 0 0
97 (khugepaged) S 2 0 0 0 -1 2097216 0 0 0 0 0 2592 0 0 39 19 1 0 26 0 0 18446744073709551615 0 0 0 0 0 0 0 2147483647 0 0 0 0 17 4 0 0 0 0 0 0 0 0 0 0 0 0 0
97 (khugepaged) S 2 0 0 0 -1 2097216 0 0 0 0 0 2592 0 0 39 19 1 0 26 0 0 18446744073709551615 0 0 0 0 0 0 0 2147483647 0 0 0 0 17 5 0 0 0 0 0 0 0 0 0 0 0 0 0
97 (khugepaged) S 2 0 0 0 -1 2097216 0 0 0 0 0 2592 0 0 39 19 1 0 26 0 0 18446744073709551615 0 0 0 0 0 0 0 2147483647 0 0 0 0 17 5 0 0 0 0 0 0 0 0 0 0 0 0 0
97 (khugepaged) S 2 0 0 0 -1 2097216 0 0 0 0 0 2592 0 0 39 19 1 0 26 0 0 18446744073709551615 0 0 0 0 0 0 0 2147483647 0 0 0 0 17 5 0 0 0 0 0 0 0 0 0 0 0 0 0
97 (khugepaged) S 2 0 0 0 -1 2097216 0 0 0 0 0 2592 0 0 39 19 1 0 26 0 0 18446744073709551615 0 0 0 0 0 0 0 2147483647 0 0 0 0 17 5 0 0 0 0 0 0 0 0 0 0 0 0 0
97 (khugepaged) S 2 0 0 0 -1 2097216 0 0 0 0 0 2592 0 0 39 19 1 0 26 0 0 18446744073709551615 0 0 0 0 0 0 0 2147483647 0 0 0 0 17 5 0 0 0 0 0 0 0 0 0 0 0 0 0
97 (khugepaged) S 2 0 0 0 -1 2097216 0 0 0 0 0 2592 0 0 39 19 1 0 26 0 0 18446744073709551615 0 0 0 0 0 0 0 2147483647 0 0 0 0 17 5 0 0 0 0 0 0 0 0 0 0 0 0 0
97 (khugepaged) S 2 0 0 0 -1 2097216 0 0 0 0 0 2592 0 0 39 19 1 0 26 0 0 18446744073709551615 0 0 0 0 0 0 0 2147483647 0 0 0 0 17 5 0 0 0 0 0 0 0 0 0 0 0 0 0
97 (khugepaged) S 2 0 0 0 -1 2097216 0 0 0 0 0 2592 0 0 39 19 1 0 26 0 0 18446744073709551615 0 0 0 0 0 0 0 2147483647 0 0 0 0 17 5 0 0 0 0 0 0 0 0 0 0 0 0 0
97 (khugepaged) S 2 0 0 0 -1 2097216 0 0 0 0 0 2592 0 0 39 19 1 0 26 0 0 18446744073709551615 0 0 0 0 0 0 0 2147483647 0 0 0 0 17 5 0 0 0 0 0 0 0 0 0 0 0 0 0
97 (khugepaged) S 2 0 0 0 -1 2097216 0 0 0 0 0 2592 0 0 39 19 1 0 26 0 0 18446744073709551615 0 0 0 0 0 0 0 2147483647 0 0 0 0 17 4 0 0 0 0 0 0 0 0 0 0 0 0 0
97 (khugepaged) S 2 0 0 0 -1 2097216 0 0 0 0 0 2592 0 0 39 19 1 0 26 0 0 18446744073709551615 0 0 0 0 0 0 0 2147483647 0 0 0 0 17 4 0 0 0 0 0 0 0 0 0 0 0 0 0
97 (khugepaged) S 2 0 0 0 -1 2097216 0 0 0 0 0 2592 0 0 39 19 1 0 26 0 0 18446744073709551615 0 0 0 0 0 0 0 2147483647 0 0 0 0 17 4 0 0 0 0 0 0 0 0 0 0 0 0 0
97 (khugepaged) S 2 0 0 0 -1 2097216 0 0 0 0 0 2592 0 0 39 19 1 0 26 0 0 18446744073709551615 0 0 0 0 0 0 0 2147483647 0 0 0 0 17 4 0 0 0 0 0 0 0 0 0 0 0 0 0
97 (khugepaged) S 2 0 0 0 -1 2097216 0 0 0 0 0 2592 0 0 39 19 1 0 26 0 0 18446744073709551615 0 0 0 0 0 0 0 2147483647 0 0 0 0 17 4 0 0 0 0 0 0 0 0 0 0 0 0 0
97 (khugepaged) S 2 0 0 0 -1 2097216 0 0 0 0 0 2592 0 0 39 19 1 0 26 0 0 18446744073709551615 0 0 0 0 0 0 0 2147483647 0 0 0 0 17 4 0 0 0 0 0 0 0 0 0 0 0 0 0
97 (khugepaged) S 2 0 0 0 -1 2097216 0 0 0 0 0 2592 0 0 39 19 1 0 26 0 0 18446744073709551615 0 0 0 0 0 0 0 2147483647 0 0 0 0 17 4 0 0 0 0 0 0 0 0 0 0 0 0 0
97 (khugepaged) S 2 0 0 0 -1 2097216 0 0 0 0 0 2592 0 0 39 19 1 0 26 0 0 18446744073709551615 0 0 0 0 0 0 0 2147483647 0 0 0 0 17 4 0 0 0 0 0 0 0 0 0 0 0 0 0
97 (khugepaged) S 2 0 0 0 -1 2097216 0 0 0 0 0 2592 0 0 39 19 1 0 26 0 0 18446744073709551615 0 0 0 0 0 0 0 2147483647 0 0 0 0 17 4 0 0 0 0 0 0 0 0 0 0 0 0 0
97 (khugepaged) S 2 0 0 0 -1 2097216 0 0 0 0 0 2592 0 0 39 19 1 0 26 0 0 18446744073709551615 0 0 0 0 0 0 0 2147483647 0 0 0 0 17 4 0 0 0 0 0 0 0 0 0 0 0 0 0
97 (khugepaged) S 2 0 0 0 -1 2097216 0 0 0 0 0 2592 0 0 39 19 1 0 26 0 0 18446744073709551615 0 0 0 0 0 0 0 2147483647 0 0 0 0 17 5 0 0 0 0 0 0 0 0 0 0 0 0 0
97 (khugepaged) S 2 0 0 0 -1 2097216 0 0 0 0 0 2592 0 0 39 19 1 0 26 0 0 18446744073709551615 0 0 0 0 0 0 0 2147483647 0 0 0 0 17 5 0 0 0 0 0 0 0 0 0 0 0 0 0
97 (khugepaged) S 2 0 0 0 -1 2097216 0 0 0 0 0 2592 0 0 39 19 1 0 26 0 0 18446744073709551615 0 0 0 0 0 0 0 2147483647 0 0 0 0 17 5 0 0 0 0 0 0 0 0 0 0 0 0 0
97 (khugepaged) S 2 0 0 0 -1 2097216 0 0 0 0 0 2592 0 0 39 19 1 0 26 0 0 18446744073709551615 0 0 0 0 0 0 0 2147483647 0 0 0 0 17 5 0 0 0 0 0 0 0 0 0 0 0 0 0
97 (khugepaged) S 2 0 0 0 -1 2097216 0 0 0 0 0 2592 0 0 39 19 1 0 26 0 0 18446744073709551615 0 0 0 0 0 0 0 2147483647 0 0 0 0 17 5 0 0 0 0 0 0 0 0 0 0 0 0 0
97 (khugepaged) S 2 0 0 0 -1 2097216 0 0 0 0 0 2592 0 0 39 19 1 0 26 0 0 18446744073709551615 0 0 0 0 0 0 0 2147483647 0 0 0 0 17 5 0 0 0 0 0 0 0 0 0 0 0 0 0
97 (khugepaged) S 2 0 0 0 -1 2097216 0 0 0 0 0 2592 0 0 39 19 1 0 26 0 0 18446744073709551615 0 0 0 0 0 0 0 2147483647 0 0 0 0 17 5 0 0 0 0 0 0 0 0 0 0 0 0 0
97 (khugepaged) S 2 0 0 0 -1 2097216 0 0 0 0 0 2592 0 0 39 19 1 0 26 0 0 18446744073709551615 0 0 0 0 0 0 0 2147483647 0 0 0 0 17 5 0 0 0 0 0 0 0 0 0 0 0 0 0
97 (khugepaged) S 2 0 0 0 -1 2097216 0 0 0 0 0 2592 0 0 39 19 1 0 26 0 0 18446744073709551615 0 0 0 0 0 0 0 2147483647 0 0 0 0 17 5 0 0 0 0 0 0 0 0 0 0 0 0 0
97 (khugepaged) S 2 0 0 0 -1 2097216 0 0 0 0 0 2592 0 0 39 19 1 0 26 0 0 18446744073709551615 0 0 0 0 0 0 0 2147483647 0 0 0 0 17 5 0 0 0 0 0 0 0 0 0 0 0 0 0
97 (khugepaged) S 2 0 0 0 -1 2097216 0 0 0 0 0 2592 0 0 39 19 1 0 26 0 0 18446744073709551615 0 0 0 0 0 0 0 2147483647 0 0 0 0 17 5 0 0 0 0 0 0 0 0 0 0 0 0 0
97 (khugepaged) S 2 0 0 0 -1 2097216 0 0 0 0 0 2592 0 0 39 19 1 0 26 0 0 18446744073709551615 0 0 0 0 0 0 0 2147483647 0 0 0 0 17 5 0 0 0 0 0 0 0 0 0 0 0 0 0
97 (khugepaged) S 2 0 0 0 -1 2097216 0 0 0 0 0 2592 0 0 39 19 1 0 26 0 0 18446744073709551615 0 0 0 0 0 0 0 2147483647 0 0 0 0 17 5 0 0 0 0 0 0 0 0 0 0 0 0 0
97 (khugepaged) S 2 0 0 0 -1 2097216 0 0 0 0 0 2592 0 0 39 19 1 0 26 0 0 18446744073709551615 0 0 0 0 0 0 0 2147483647 0 0 0 0 17 5 0 0 0 0 0 0 0 0 0 0 0 0 0
97 (khugepaged) S 2 0 0 0 -1 2097216 0 0 0 0 0 2592 0 0 39 19 1 0 26 0 0 18446744073709551615 0 0 0 0 0 0 0 2147483647 0 0 0 0 17 5 0 0 0 0 0 0 0 0 0 0 0 0 0
97 (khugepaged) S 2 0 0 0 -1 2097216 0 0 0 0 0 2592 0 0 39 19 1 0 26 0 0 18446744073709551615 0 0 0 0 0 0 0 2147483647 0 0 0 0 17 5 0 0 0 0 0 0 0 0 0 0 0 0 0
97 (khugepaged) S 2 0 0 0 -1 2097216 0 0 0 0 0 2592 0 0 39 19 1 0 26 0 0 18446744073709551615 0 0 0 0 0 0 0 2147483647 0 0 0 0 17 5 0 0 0 0 0 0 0 0 0 0 0 0 0
97 (khugepaged) S 2 0 0 0 -1 2097216 0 0 0 0 0 2592 0 0 39 19 1 0 26 0 0 18446744073709551615 0 0 0 0 0 0 0 2147483647 0 0 0 0 17 5 0 0 0 0 0 0 0 0 0 0 0 0 0
97 (khugepaged) S 2 0 0 0 -1 2097216 0 0 0 0 0 2592 0 0 39 19 1 0 26 0 0 18446744073709551615 0 0 0 0 0 0 0 2147483647 0 0 0 0 17 5 0 0 0 0 0 0 0 0 0 0 0 0 0
97 (khugepaged) S 2 0 0 0 -1 2097216 0 0 0 0 0 2592 0 0 39 19 1 0 26 0 0 18446744073709551615 0 0 0 0 0 0 0 2147483647 0 0 0 0 17 5 0 0 0 0 0 0 0 0 0 0 0 0 0
97 (khugepaged) S 2 0 0 0 -1 2097216 0 0 0 0 0 2592 0 0 39 19 1 0 26 0 0 18446744073709551615 0 0 0 0 0 0 0 2147483647 0 0 0 0 17 5 0 0 0 0 0 0 0 0 0 0 0 0 0
97 (khugepaged) S 2 0 0 0 -1 2097216 0 0 0 0 0 2592 0 0 39 19 1 0 26 0 0 18446744073709551615 0 0 0 0 0 0 0 2147483647 0 0 0 0 17 5 0 0 0 0 0 0 0 0 0 0 0 0 0
97 (khugepaged) S 2 0 0 0 -1 2097216 0 0 0 0 0 2592 0 0 39 19 1 0 26 0 0 18446744073709551615 0 0 0 0 0 0 0 2147483647 0 0 0 0 17 5 0 0 0 0 0 0 0 0 0 0 0 0 0
97 (khugepaged) S 2 0 0 0 -1 2097216 0 0 0 0 0 2592 0 0 39 19 1 0 26 0 0 18446744073709551615 0 0 0 0 0 0 0 2147483647 0 0 0 0 17 5 0 0 0 0 0 0 0 0 0 0 0 0 0
97 (khugepaged) S 2 0 0 0 -1 2097216 0 0 0 0 0 2592 0 0 39 19 1 0 26 0 0 18446744073709551615 0 0 0 0 0 0 0 2147483647 0 0 0 0 17 5 0 0 0 0 0 0 0 0 0 0 0 0 0
97 (khugepaged) S 2 0 0 0 -1 2097216 0 0 0 0 0 2592 0 0 39 19 1 0 26 0 0 18446744073709551615 0 0 0 0 0 0 0 2147483647 0 0 0 0 17 5 0 0 0 0 0 0 0 0 0 0 0 0 0
97 (khugepaged) S 2 0 0 0 -1 2097216 0 0 0 0 0 2592 0 0 39 19 1 0 26 0 0 18446744073709551615 0 0 0 0 0 0 0 2147483647 0 0 0 0 17 5 0 0 0 0 0 0 0 0 0 0 0 0 0
97 (khugepaged) S 2 0 0 0 -1 2097216 0 0 0 0 0 2592 0 0 39 19 1 0 26 0 0 18446744073709551615 0 0 0 0 0 0 0 2147483647 0 0 0 0 17 5 0 0 0 0 0 0 0 0 0 0 0 0 0
97 (khugepaged) S 2 0 0 0 -1 2097216 0 0 0 0 0 2592 0 0 39 19 1 0 26 0 0 18446744073709551615 0 0 0 0 0 0 0 2147483647 0 0 0 0 17 5 0 0 0 0 0 0 0 0 0 0 0 0 0
97 (khugepaged) S 2 0 0 0 -1 2097216 0 0 0 0 0 2592 0 0 39 19 1 0 26 0 0 18446744073709551615 0 0 0 0 0 0 0 2147483647 0 0 0 0 17 5 0 0 0 0 0 0 0 0 0 0 0 0 0
97 (khugepaged) S 2 0 0 0 -1 2097216 0 0 0 0 0 2592 0 0 39 19 1 0 26 0 0 18446744073709551615 0 0 0 0 0 0 0 2147483647 0 0 0 0 17 5 0 0 0 0 0 0 0 0 0 0 0 0 0
97 (khugepaged) S 2 0 0 0 -1 2097216 0 0 0 0 0 2592 0 0 39 19 1 0 26 0 0 18446744073709551615 0 0 0 0 0 0 0 2147483647 0 0 0 0 17 5 0 0 0 0 0 0 0 0 0 0 0 0 0
97 (khugepaged) S 2 0 0 0 -1 2097216 0 0 0 0 0 2592 0 0 39 19 1 0 26 0 0 18446744073709551615 0 0 0 0 0 0 0 2147483647 0 0 0 0 17 5 0 0 0 0 0 0 0 0 0 0 0 0 0
97 (khugepaged) S 2 0 0 0 -1 2097216 0 0 0 0 0 2592 0 0 39 19 1 0 26 0 0 18446744073709551615 0 0 0 0 0 0 0 2147483647 0 0 0 0 17 5 0 0 0 0 0 0 0 0 0 0 0 0 0
97 (khugepaged) S 2 0 0 0 -1 2097216 0 0 0 0 0 2592 0 0 39 19 1 0 26 0 0 18446744073709551615 0 0 0 0 0 0 0 2147483647 0 0 0 0 17 5 0 0 0 0 0 0 0 0 0 0 0 0 0
97 (khugepaged) S 2 0 0 0 -1 2097216 0 0 0 0 0 2592 0 0 39 19 1 0 26 0 0 18446744073709551615 0 0 0 0 0 0 0 2147483647 0 0 0 0 17 5 0 0 0 0 0 0 0 0 0 0 0 0 0
97 (khugepaged) S 2 0 0 0 -1 2097216 0 0 0 0 0 2592 0 0 39 19 1 0 26 0 0 18446744073709551615 0 0 0 0 0 0 0 2147483647 0 0 0 0 17 5 0 0 0 0 0 0 0 0 0 0 0 0 0
97 (khugepaged) S 2 0 0 0 -1 2097216 0 0 0 0 0 2592 0 0 39 19 1 0 26 0 0 18446744073709551615 0 0 0 0 0 0 0 2147483647 0 0 0 0 17 5 0 0 0 0 0 0 0 0 0 0 0 0 0
97 (khugepaged) S 2 0 0 0 -1 2097216 0 0 0 0 0 2592 0 0 39 19 1 0 26 0 0 18446744073709551615 0 0 0 0 0 0 0 2147483647 0 0 0 0 17 5 0 0 0 0 0 0 0 0 0 0 0 0 0
97 (khugepaged) S 2 0 0 0 -1 2097216 0 0 0 0 0 2592 0 0 39 19 1 0 26 0 0 18446744073709551615 0 0 0 0 0 0 0 2147483647 0 0 0 0 17 5 0 0 0 0 0 0 0 0 0 0 0 0 0
97 (khugepaged) S 2 0 0 0 -1 2097216 0 0 0 0 0 2592 0 0 39 19 1 0 26 0 0 18446744073709551615 0 0 0 0 0 0 0 2147483647 0 0 0 0 17 5 0 0 0 0 0 0 0 0 0 0 0 0 0
97 (khugepaged) S 2 0 0 0 -1 2097216 0 0 0 0 0 2592 0 0 39 19 1 0 26 0 0 18446744073709551615 0 0 0 0 0 0 0 2147483647 0 0 0 0 17 5 0 0 0 0 0 0 0 0 0 0 0 0 0
97 (khugepaged) S 2 0 0 0 -1 2097216 0 0 0 0 0 2592 0 0 39 19 1 0 26 0 0 18446744073709551615 0 0 0 0 0 0 0 2147483647 0 0 0 0 17 5 0 0 0 0 0 0 0 0 0 0 0 0 0
97 (khugepaged) S 2 0 0 0 -1 2097216 0 0 0 0 0 2592 0 0 39 19 1 0 26 0 0 18446744073709551615 0 0 0 0 0 0 0 2147483647 0 0 0 0 17 5 0 0 0 0 0 0 0 0 0 0 0 0 0
97 (khugepaged) S 2 0 0 0 -1 2097216 0 0 0 0 0 2592 0 0 39 19 1 0 26 0 0 18446744073709551615 0 0 0 0 0 0 0 2147483647 0 0 0 0 17 5 0 0 0 0 0 0 0 0 0 0 0 0 0
97 (khugepaged) S 2 0 0 0 -1 2097216 0 0 0 0 0 2592 0 0 39 19 1 0 26 0 0 18446744073709551615 0 0 0 0 0 0 0 2147483647 0 0 0 0 17 5 0 0 0 0 0 0 0 0 0 0 0 0 0
97 (khugepaged) S 2 0 0 0 -1 2097216 0 0 0 0 0 2592 0 0 39 19 1 0 26 0 0 18446744073709551615 0 0 0 0 0 0 0 2147483647 0 0 0 0 17 5 0 0 0 0 0 0 0 0 0 0 0 0 0
97 (khugepaged) S 2 0 0 0 -1 2097216 0 0 0 0 0 2592 0 0 39 19 1 0 26 0 0 18446744073709551615 0 0 0 0 0 0 0 2147483647 0 0 0 0 17 5 0 0 0 0 0 0 0 0 0 0 0 0 0
97 (khugepaged) S 2 0 0 0 -1 2097216 0 0 0 0 0 2592 0 0 39 19 1 0 26 0 0 18446744073709551615 0 0 0 0 0 0 0 2147483647 0 0 0 0 17 5 0 0 0 0 0 0 0 0 0 0 0 0 0
97 (khugepaged) S 2 0 0 0 -1 2097216 0 0 0 0 0 2592 0 0 39 19 1 0 26 0 0 18446744073709551615 0 0 0 0 0 0 0 2147483647 0 0 0 0 17 5 0 0 0 0 0 0 0 0 0 0 0 0 0
97 (khugepaged) S 2 0 0 0 -1 2097216 0 0 0 0 0 2592 0 0 39 19 1 0 26 0 0 18446744073709551615 0 0 0 0 0 0 0 2147483647 0 0 0 0 17 5 0 0 0 0 0 0 0 0 0 0 0 0 0
97 (khugepaged) S 2 0 0 0 -1 2097216 0 0 0 0 0 2592 0 0 39 19 1 0 26 0 0 18446744073709551615 0 0 0 0 0 0 0 2147483647 0 0 0 0 17 5 0 0 0 0 0 0 0 0 0 0 0 0 0
97 (khugepaged) S 2 0 0 0 -1 2097216 0 0 0 0 0 2592 0 0 39 19 1 0 26 0 0 18446744073709551615 0 0 0 0 0 0 0 2147483647 0 0 0 0 17 5 0 0 0 0 0 0 0 0 0 0 0 0 0
97 (khugepaged) S 2 0 0 0 -1 2097216 0 0 0 0 0 2592 0 0 39 19 1 0 26 0 0 18446744073709551615 0 0 0 0 0 0 0 2147483647 0 0 0 0 17 5 0 0 0 0 0 0 0 0 0 0 0 0 0
97 (khugepaged) S 2 0 0 0 -1 2097216 0 0 0 0 0 2592 0 0 39 19 1 0 26 0 0 18446744073709551615 0 0 0 0 0 0 0 2147483647 0 0 0 0 17 5 0 0 0 0 0 0 0 0 0 0 0 0 0
97 (khugepaged) S 2 0 0 0 -1 2097216 0 0 0 0 0 2592 0 0 39 19 1 0 26 0 0 18446744073709551615 0 0 0 0 0 0 0 2147483647 0 0 0 0 17 5 0 0 0 0 0 0 0 0 0 0 0 0 0
97 (khugepaged) S 2 0 0 0 -1 2097216 0 0 0 0 0 2592 0 0 39 19 1 0 26 0 0 18446744073709551615 0 0 0 0 0 0 0 2147483647 0 0 0 0 17 5 0 0 0 0 0 0 0 0 0 0 0 0 0
97 (khugepaged) S 2 0 0 0 -1 2097216 0 0 0 0 0 2592 0 0 39 19 1 0 26 0 0 18446744073709551615 0 0 0 0 0 0 0 2147483647 0 0 0 0 17 5 0 0 0 0 0 0 0 0 0 0 0 0 0
