thp_fault_alloc 4237
thp_fault_fallback 1023
thp_collapse_alloc 1049
thp_collapse_alloc_failed 0
thp_split 9
thp_zero_page_alloc 1
thp_zero_page_alloc_failed 0
thp_promote 0
thp_fault_alloc 4277
thp_fault_fallback 1023
thp_collapse_alloc 1049
thp_collapse_alloc_failed 0
thp_split 9
thp_zero_page_alloc 1
thp_zero_page_alloc_failed 0
thp_promote 0
thp_fault_alloc 4317
thp_fault_fallback 1023
thp_collapse_alloc 1049
thp_collapse_alloc_failed 0
thp_split 9
thp_zero_page_alloc 1
thp_zero_page_alloc_failed 0
thp_promote 0
thp_fault_alloc 4357
thp_fault_fallback 1023
thp_collapse_alloc 1049
thp_collapse_alloc_failed 0
thp_split 9
thp_zero_page_alloc 1
thp_zero_page_alloc_failed 0
thp_promote 0
thp_fault_alloc 4397
thp_fault_fallback 1023
thp_collapse_alloc 1049
thp_collapse_alloc_failed 0
thp_split 9
thp_zero_page_alloc 1
thp_zero_page_alloc_failed 0
thp_promote 0
thp_fault_alloc 4437
thp_fault_fallback 1023
thp_collapse_alloc 1049
thp_collapse_alloc_failed 0
thp_split 9
thp_zero_page_alloc 1
thp_zero_page_alloc_failed 0
thp_promote 0
thp_fault_alloc 4477
thp_fault_fallback 1023
thp_collapse_alloc 1049
thp_collapse_alloc_failed 0
thp_split 9
thp_zero_page_alloc 1
thp_zero_page_alloc_failed 0
thp_promote 0
thp_fault_alloc 4517
thp_fault_fallback 1023
thp_collapse_alloc 1049
thp_collapse_alloc_failed 0
thp_split 9
thp_zero_page_alloc 1
thp_zero_page_alloc_failed 0
thp_promote 0
thp_fault_alloc 4557
thp_fault_fallback 1023
thp_collapse_alloc 1049
thp_collapse_alloc_failed 0
thp_split 9
thp_zero_page_alloc 1
thp_zero_page_alloc_failed 0
thp_promote 0
thp_fault_alloc 4596
thp_fault_fallback 1023
thp_collapse_alloc 1049
thp_collapse_alloc_failed 0
thp_split 9
thp_zero_page_alloc 1
thp_zero_page_alloc_failed 0
thp_promote 0
thp_fault_alloc 4636
thp_fault_fallback 1023
thp_collapse_alloc 1049
thp_collapse_alloc_failed 0
thp_split 9
thp_zero_page_alloc 1
thp_zero_page_alloc_failed 0
thp_promote 0
thp_fault_alloc 4676
thp_fault_fallback 1023
thp_collapse_alloc 1049
thp_collapse_alloc_failed 0
thp_split 9
thp_zero_page_alloc 1
thp_zero_page_alloc_failed 0
thp_promote 0
thp_fault_alloc 4716
thp_fault_fallback 1023
thp_collapse_alloc 1049
thp_collapse_alloc_failed 0
thp_split 9
thp_zero_page_alloc 1
thp_zero_page_alloc_failed 0
thp_promote 0
thp_fault_alloc 4756
thp_fault_fallback 1023
thp_collapse_alloc 1049
thp_collapse_alloc_failed 0
thp_split 9
thp_zero_page_alloc 1
thp_zero_page_alloc_failed 0
thp_promote 0
thp_fault_alloc 4797
thp_fault_fallback 1023
thp_collapse_alloc 1049
thp_collapse_alloc_failed 0
thp_split 9
thp_zero_page_alloc 1
thp_zero_page_alloc_failed 0
thp_promote 0
thp_fault_alloc 4837
thp_fault_fallback 1023
thp_collapse_alloc 1049
thp_collapse_alloc_failed 0
thp_split 9
thp_zero_page_alloc 1
thp_zero_page_alloc_failed 0
thp_promote 0
thp_fault_alloc 4877
thp_fault_fallback 1023
thp_collapse_alloc 1049
thp_collapse_alloc_failed 0
thp_split 9
thp_zero_page_alloc 1
thp_zero_page_alloc_failed 0
thp_promote 0
thp_fault_alloc 4917
thp_fault_fallback 1023
thp_collapse_alloc 1049
thp_collapse_alloc_failed 0
thp_split 9
thp_zero_page_alloc 1
thp_zero_page_alloc_failed 0
thp_promote 0
thp_fault_alloc 4957
thp_fault_fallback 1023
thp_collapse_alloc 1049
thp_collapse_alloc_failed 0
thp_split 9
thp_zero_page_alloc 1
thp_zero_page_alloc_failed 0
thp_promote 0
thp_fault_alloc 4997
thp_fault_fallback 1023
thp_collapse_alloc 1049
thp_collapse_alloc_failed 0
thp_split 9
thp_zero_page_alloc 1
thp_zero_page_alloc_failed 0
thp_promote 0
thp_fault_alloc 5026
thp_fault_fallback 1023
thp_collapse_alloc 1049
thp_collapse_alloc_failed 0
thp_split 9
thp_zero_page_alloc 1
thp_zero_page_alloc_failed 0
thp_promote 0
thp_fault_alloc 5026
thp_fault_fallback 1023
thp_collapse_alloc 1049
thp_collapse_alloc_failed 0
thp_split 9
thp_zero_page_alloc 1
thp_zero_page_alloc_failed 0
thp_promote 0
thp_fault_alloc 5026
thp_fault_fallback 1023
thp_collapse_alloc 1049
thp_collapse_alloc_failed 0
thp_split 9
thp_zero_page_alloc 1
thp_zero_page_alloc_failed 0
thp_promote 0
thp_fault_alloc 5026
thp_fault_fallback 1023
thp_collapse_alloc 1049
thp_collapse_alloc_failed 0
thp_split 9
thp_zero_page_alloc 1
thp_zero_page_alloc_failed 0
thp_promote 0
thp_fault_alloc 5026
thp_fault_fallback 1023
thp_collapse_alloc 1049
thp_collapse_alloc_failed 0
thp_split 9
thp_zero_page_alloc 1
thp_zero_page_alloc_failed 0
thp_promote 0
thp_fault_alloc 5026
thp_fault_fallback 1023
thp_collapse_alloc 1049
thp_collapse_alloc_failed 0
thp_split 9
thp_zero_page_alloc 1
thp_zero_page_alloc_failed 0
thp_promote 0
thp_fault_alloc 5026
thp_fault_fallback 1023
thp_collapse_alloc 1049
thp_collapse_alloc_failed 0
thp_split 9
thp_zero_page_alloc 1
thp_zero_page_alloc_failed 0
thp_promote 0
thp_fault_alloc 5026
thp_fault_fallback 1023
thp_collapse_alloc 1049
thp_collapse_alloc_failed 0
thp_split 9
thp_zero_page_alloc 1
thp_zero_page_alloc_failed 0
thp_promote 0
thp_fault_alloc 5031
thp_fault_fallback 5733
thp_collapse_alloc 1049
thp_collapse_alloc_failed 0
thp_split 4719
thp_zero_page_alloc 1
thp_zero_page_alloc_failed 0
thp_promote 0
thp_fault_alloc 5033
thp_fault_fallback 6589
thp_collapse_alloc 1049
thp_collapse_alloc_failed 0
thp_split 5575
thp_zero_page_alloc 1
thp_zero_page_alloc_failed 0
thp_promote 0
thp_fault_alloc 5033
thp_fault_fallback 6591
thp_collapse_alloc 1049
thp_collapse_alloc_failed 0
thp_split 5577
thp_zero_page_alloc 1
thp_zero_page_alloc_failed 0
thp_promote 0
thp_fault_alloc 5034
thp_fault_fallback 6592
thp_collapse_alloc 1049
thp_collapse_alloc_failed 0
thp_split 5578
thp_zero_page_alloc 1
thp_zero_page_alloc_failed 0
thp_promote 0
thp_fault_alloc 5035
thp_fault_fallback 6593
thp_collapse_alloc 1049
thp_collapse_alloc_failed 0
thp_split 5579
thp_zero_page_alloc 1
thp_zero_page_alloc_failed 0
thp_promote 0
thp_fault_alloc 5038
thp_fault_fallback 6593
thp_collapse_alloc 1049
thp_collapse_alloc_failed 0
thp_split 5579
thp_zero_page_alloc 1
thp_zero_page_alloc_failed 0
thp_promote 0
thp_fault_alloc 5040
thp_fault_fallback 6593
thp_collapse_alloc 1049
thp_collapse_alloc_failed 0
thp_split 5579
thp_zero_page_alloc 1
thp_zero_page_alloc_failed 0
thp_promote 0
thp_fault_alloc 5043
thp_fault_fallback 6593
thp_collapse_alloc 1049
thp_collapse_alloc_failed 0
thp_split 5579
thp_zero_page_alloc 1
thp_zero_page_alloc_failed 0
thp_promote 0
thp_fault_alloc 5046
thp_fault_fallback 6593
thp_collapse_alloc 1059
thp_collapse_alloc_failed 0
thp_split 5579
thp_zero_page_alloc 1
thp_zero_page_alloc_failed 0
thp_promote 0
thp_fault_alloc 5049
thp_fault_fallback 6593
thp_collapse_alloc 1081
thp_collapse_alloc_failed 0
thp_split 5579
thp_zero_page_alloc 1
thp_zero_page_alloc_failed 0
thp_promote 0
thp_fault_alloc 5090
thp_fault_fallback 6593
thp_collapse_alloc 1081
thp_collapse_alloc_failed 0
thp_split 5579
thp_zero_page_alloc 1
thp_zero_page_alloc_failed 0
thp_promote 0
thp_fault_alloc 5109
thp_fault_fallback 6593
thp_collapse_alloc 1081
thp_collapse_alloc_failed 0
thp_split 5579
thp_zero_page_alloc 1
thp_zero_page_alloc_failed 0
thp_promote 0
thp_fault_alloc 5127
thp_fault_fallback 6593
thp_collapse_alloc 1081
thp_collapse_alloc_failed 0
thp_split 5579
thp_zero_page_alloc 1
thp_zero_page_alloc_failed 0
thp_promote 0
thp_fault_alloc 5148
thp_fault_fallback 6593
thp_collapse_alloc 1081
thp_collapse_alloc_failed 0
thp_split 5579
thp_zero_page_alloc 1
thp_zero_page_alloc_failed 0
thp_promote 0
thp_fault_alloc 5169
thp_fault_fallback 6593
thp_collapse_alloc 1081
thp_collapse_alloc_failed 0
thp_split 5579
thp_zero_page_alloc 1
thp_zero_page_alloc_failed 0
thp_promote 0
thp_fault_alloc 5192
thp_fault_fallback 6593
thp_collapse_alloc 1081
thp_collapse_alloc_failed 0
thp_split 5579
thp_zero_page_alloc 1
thp_zero_page_alloc_failed 0
thp_promote 0
thp_fault_alloc 5214
thp_fault_fallback 6593
thp_collapse_alloc 1081
thp_collapse_alloc_failed 0
thp_split 5579
thp_zero_page_alloc 1
thp_zero_page_alloc_failed 0
thp_promote 0
thp_fault_alloc 5252
thp_fault_fallback 6593
thp_collapse_alloc 1081
thp_collapse_alloc_failed 0
thp_split 5579
thp_zero_page_alloc 1
thp_zero_page_alloc_failed 0
thp_promote 0
thp_fault_alloc 5281
thp_fault_fallback 6593
thp_collapse_alloc 1086
thp_collapse_alloc_failed 0
thp_split 5579
thp_zero_page_alloc 1
thp_zero_page_alloc_failed 0
thp_promote 0
thp_fault_alloc 5314
thp_fault_fallback 6593
thp_collapse_alloc 1086
thp_collapse_alloc_failed 0
thp_split 5579
thp_zero_page_alloc 1
thp_zero_page_alloc_failed 0
thp_promote 0
thp_fault_alloc 5346
thp_fault_fallback 6593
thp_collapse_alloc 1086
thp_collapse_alloc_failed 0
thp_split 5579
thp_zero_page_alloc 1
thp_zero_page_alloc_failed 0
thp_promote 0
thp_fault_alloc 5382
thp_fault_fallback 6593
thp_collapse_alloc 1086
thp_collapse_alloc_failed 0
thp_split 5579
thp_zero_page_alloc 1
thp_zero_page_alloc_failed 0
thp_promote 0
thp_fault_alloc 5421
thp_fault_fallback 6593
thp_collapse_alloc 1086
thp_collapse_alloc_failed 0
thp_split 5579
thp_zero_page_alloc 1
thp_zero_page_alloc_failed 0
thp_promote 0
thp_fault_alloc 5455
thp_fault_fallback 6593
thp_collapse_alloc 1086
thp_collapse_alloc_failed 0
thp_split 5579
thp_zero_page_alloc 1
thp_zero_page_alloc_failed 0
thp_promote 0
thp_fault_alloc 5489
thp_fault_fallback 6593
thp_collapse_alloc 1086
thp_collapse_alloc_failed 0
thp_split 5579
thp_zero_page_alloc 1
thp_zero_page_alloc_failed 0
thp_promote 0
thp_fault_alloc 5632
thp_fault_fallback 6593
thp_collapse_alloc 1219
thp_collapse_alloc_failed 0
thp_split 5579
thp_zero_page_alloc 1
thp_zero_page_alloc_failed 0
thp_promote 0
thp_fault_alloc 5668
thp_fault_fallback 6593
thp_collapse_alloc 1219
thp_collapse_alloc_failed 0
thp_split 5579
thp_zero_page_alloc 1
thp_zero_page_alloc_failed 0
thp_promote 0
thp_fault_alloc 5740
thp_fault_fallback 6593
thp_collapse_alloc 1219
thp_collapse_alloc_failed 0
thp_split 5579
thp_zero_page_alloc 1
thp_zero_page_alloc_failed 0
thp_promote 0
thp_fault_alloc 5776
thp_fault_fallback 6593
thp_collapse_alloc 1219
thp_collapse_alloc_failed 0
thp_split 5579
thp_zero_page_alloc 1
thp_zero_page_alloc_failed 0
thp_promote 0
thp_fault_alloc 5812
thp_fault_fallback 6593
thp_collapse_alloc 1219
thp_collapse_alloc_failed 0
thp_split 5579
thp_zero_page_alloc 1
thp_zero_page_alloc_failed 0
thp_promote 0
thp_fault_alloc 5850
thp_fault_fallback 6593
thp_collapse_alloc 1219
thp_collapse_alloc_failed 0
thp_split 5579
thp_zero_page_alloc 1
thp_zero_page_alloc_failed 0
thp_promote 0
thp_fault_alloc 5884
thp_fault_fallback 6593
thp_collapse_alloc 1219
thp_collapse_alloc_failed 0
thp_split 5579
thp_zero_page_alloc 1
thp_zero_page_alloc_failed 0
thp_promote 0
thp_fault_alloc 5921
thp_fault_fallback 6593
thp_collapse_alloc 1219
thp_collapse_alloc_failed 0
thp_split 5579
thp_zero_page_alloc 1
thp_zero_page_alloc_failed 0
thp_promote 0
thp_fault_alloc 5956
thp_fault_fallback 6593
thp_collapse_alloc 1219
thp_collapse_alloc_failed 0
thp_split 5579
thp_zero_page_alloc 1
thp_zero_page_alloc_failed 0
thp_promote 0
thp_fault_alloc 5994
thp_fault_fallback 6593
thp_collapse_alloc 2275
thp_collapse_alloc_failed 0
thp_split 5579
thp_zero_page_alloc 1
thp_zero_page_alloc_failed 0
thp_promote 0
thp_fault_alloc 6030
thp_fault_fallback 6593
thp_collapse_alloc 3574
thp_collapse_alloc_failed 0
thp_split 5579
thp_zero_page_alloc 1
thp_zero_page_alloc_failed 0
thp_promote 0
thp_fault_alloc 6066
thp_fault_fallback 6593
thp_collapse_alloc 4794
thp_collapse_alloc_failed 0
thp_split 5579
thp_zero_page_alloc 1
thp_zero_page_alloc_failed 0
thp_promote 0
thp_fault_alloc 6132
thp_fault_fallback 6593
thp_collapse_alloc 4827
thp_collapse_alloc_failed 0
thp_split 5579
thp_zero_page_alloc 1
thp_zero_page_alloc_failed 0
thp_promote 0
thp_fault_alloc 6170
thp_fault_fallback 6593
thp_collapse_alloc 4827
thp_collapse_alloc_failed 0
thp_split 5579
thp_zero_page_alloc 1
thp_zero_page_alloc_failed 0
thp_promote 0
thp_fault_alloc 6208
thp_fault_fallback 6593
thp_collapse_alloc 4827
thp_collapse_alloc_failed 0
thp_split 5579
thp_zero_page_alloc 1
thp_zero_page_alloc_failed 0
thp_promote 0
thp_fault_alloc 6241
thp_fault_fallback 6593
thp_collapse_alloc 4827
thp_collapse_alloc_failed 0
thp_split 5579
thp_zero_page_alloc 1
thp_zero_page_alloc_failed 0
thp_promote 0
thp_fault_alloc 6275
thp_fault_fallback 6593
thp_collapse_alloc 4827
thp_collapse_alloc_failed 0
thp_split 5579
thp_zero_page_alloc 1
thp_zero_page_alloc_failed 0
thp_promote 0
thp_fault_alloc 6309
thp_fault_fallback 6593
thp_collapse_alloc 4827
thp_collapse_alloc_failed 0
thp_split 5579
thp_zero_page_alloc 1
thp_zero_page_alloc_failed 0
thp_promote 0
thp_fault_alloc 6344
thp_fault_fallback 6593
thp_collapse_alloc 4827
thp_collapse_alloc_failed 0
thp_split 5579
thp_zero_page_alloc 1
thp_zero_page_alloc_failed 0
thp_promote 0
thp_fault_alloc 6378
thp_fault_fallback 6593
thp_collapse_alloc 4827
thp_collapse_alloc_failed 0
thp_split 5579
thp_zero_page_alloc 1
thp_zero_page_alloc_failed 0
thp_promote 0
thp_fault_alloc 6412
thp_fault_fallback 6593
thp_collapse_alloc 4827
thp_collapse_alloc_failed 0
thp_split 5579
thp_zero_page_alloc 1
thp_zero_page_alloc_failed 0
thp_promote 0
thp_fault_alloc 6448
thp_fault_fallback 6593
thp_collapse_alloc 5699
thp_collapse_alloc_failed 0
thp_split 5579
thp_zero_page_alloc 1
thp_zero_page_alloc_failed 0
thp_promote 0
thp_fault_alloc 6484
thp_fault_fallback 6593
thp_collapse_alloc 6829
thp_collapse_alloc_failed 0
thp_split 5579
thp_zero_page_alloc 1
thp_zero_page_alloc_failed 0
thp_promote 0
thp_fault_alloc 6518
thp_fault_fallback 6593
thp_collapse_alloc 6829
thp_collapse_alloc_failed 0
thp_split 5579
thp_zero_page_alloc 1
thp_zero_page_alloc_failed 0
thp_promote 0
thp_fault_alloc 6554
thp_fault_fallback 6593
thp_collapse_alloc 6829
thp_collapse_alloc_failed 0
thp_split 5579
thp_zero_page_alloc 1
thp_zero_page_alloc_failed 0
thp_promote 0
thp_fault_alloc 6627
thp_fault_fallback 6593
thp_collapse_alloc 6829
thp_collapse_alloc_failed 0
thp_split 5579
thp_zero_page_alloc 1
thp_zero_page_alloc_failed 0
thp_promote 0
thp_fault_alloc 6663
thp_fault_fallback 6593
thp_collapse_alloc 6829
thp_collapse_alloc_failed 0
thp_split 5579
thp_zero_page_alloc 1
thp_zero_page_alloc_failed 0
thp_promote 0
thp_fault_alloc 6701
thp_fault_fallback 6593
thp_collapse_alloc 6829
thp_collapse_alloc_failed 0
thp_split 5579
thp_zero_page_alloc 1
thp_zero_page_alloc_failed 0
thp_promote 0
thp_fault_alloc 6736
thp_fault_fallback 6593
thp_collapse_alloc 6829
thp_collapse_alloc_failed 0
thp_split 5579
thp_zero_page_alloc 1
thp_zero_page_alloc_failed 0
thp_promote 0
thp_fault_alloc 6804
thp_fault_fallback 6593
thp_collapse_alloc 6829
thp_collapse_alloc_failed 0
thp_split 5579
thp_zero_page_alloc 1
thp_zero_page_alloc_failed 0
thp_promote 0
thp_fault_alloc 6839
thp_fault_fallback 6593
thp_collapse_alloc 6829
thp_collapse_alloc_failed 0
thp_split 5579
thp_zero_page_alloc 1
thp_zero_page_alloc_failed 0
thp_promote 0
thp_fault_alloc 6873
thp_fault_fallback 6593
thp_collapse_alloc 7112
thp_collapse_alloc_failed 0
thp_split 5579
thp_zero_page_alloc 1
thp_zero_page_alloc_failed 0
thp_promote 0
thp_fault_alloc 6908
thp_fault_fallback 6593
thp_collapse_alloc 7112
thp_collapse_alloc_failed 0
thp_split 5579
thp_zero_page_alloc 1
thp_zero_page_alloc_failed 0
thp_promote 0
thp_fault_alloc 6947
thp_fault_fallback 6593
thp_collapse_alloc 7112
thp_collapse_alloc_failed 0
thp_split 5579
thp_zero_page_alloc 1
thp_zero_page_alloc_failed 0
thp_promote 0
thp_fault_alloc 6982
thp_fault_fallback 6593
thp_collapse_alloc 7112
thp_collapse_alloc_failed 0
thp_split 5579
thp_zero_page_alloc 1
thp_zero_page_alloc_failed 0
thp_promote 0
thp_fault_alloc 7021
thp_fault_fallback 6593
thp_collapse_alloc 7112
thp_collapse_alloc_failed 0
thp_split 5579
thp_zero_page_alloc 1
thp_zero_page_alloc_failed 0
thp_promote 0
thp_fault_alloc 7056
thp_fault_fallback 6593
thp_collapse_alloc 7112
thp_collapse_alloc_failed 0
thp_split 5579
thp_zero_page_alloc 1
thp_zero_page_alloc_failed 0
thp_promote 0
thp_fault_alloc 7090
thp_fault_fallback 6593
thp_collapse_alloc 7112
thp_collapse_alloc_failed 0
thp_split 5579
thp_zero_page_alloc 1
thp_zero_page_alloc_failed 0
thp_promote 0
thp_fault_alloc 7163
thp_fault_fallback 6593
thp_collapse_alloc 7112
thp_collapse_alloc_failed 0
thp_split 5579
thp_zero_page_alloc 1
thp_zero_page_alloc_failed 0
thp_promote 0
thp_fault_alloc 7201
thp_fault_fallback 6593
thp_collapse_alloc 7112
thp_collapse_alloc_failed 0
thp_split 5579
thp_zero_page_alloc 1
thp_zero_page_alloc_failed 0
thp_promote 0
thp_fault_alloc 7240
thp_fault_fallback 6593
thp_collapse_alloc 7136
thp_collapse_alloc_failed 0
thp_split 5579
thp_zero_page_alloc 1
thp_zero_page_alloc_failed 0
thp_promote 0
thp_fault_alloc 7277
thp_fault_fallback 6593
thp_collapse_alloc 7136
thp_collapse_alloc_failed 0
thp_split 5579
thp_zero_page_alloc 1
thp_zero_page_alloc_failed 0
thp_promote 0
thp_fault_alloc 7314
thp_fault_fallback 6593
thp_collapse_alloc 7136
thp_collapse_alloc_failed 0
thp_split 5579
thp_zero_page_alloc 1
thp_zero_page_alloc_failed 0
thp_promote 0
thp_fault_alloc 7347
thp_fault_fallback 6593
thp_collapse_alloc 7136
thp_collapse_alloc_failed 0
thp_split 5579
thp_zero_page_alloc 1
thp_zero_page_alloc_failed 0
thp_promote 0
thp_fault_alloc 7415
thp_fault_fallback 6593
thp_collapse_alloc 7136
thp_collapse_alloc_failed 0
thp_split 5579
thp_zero_page_alloc 1
thp_zero_page_alloc_failed 0
thp_promote 0
thp_fault_alloc 7450
thp_fault_fallback 6593
thp_collapse_alloc 7136
thp_collapse_alloc_failed 0
thp_split 5579
thp_zero_page_alloc 1
thp_zero_page_alloc_failed 0
thp_promote 0
thp_fault_alloc 7484
thp_fault_fallback 6593
thp_collapse_alloc 7136
thp_collapse_alloc_failed 0
thp_split 5579
thp_zero_page_alloc 1
thp_zero_page_alloc_failed 0
thp_promote 0
thp_fault_alloc 7524
thp_fault_fallback 6593
thp_collapse_alloc 7136
thp_collapse_alloc_failed 0
thp_split 5579
thp_zero_page_alloc 1
thp_zero_page_alloc_failed 0
thp_promote 0
thp_fault_alloc 7558
thp_fault_fallback 6593
thp_collapse_alloc 7136
thp_collapse_alloc_failed 0
thp_split 5579
thp_zero_page_alloc 1
thp_zero_page_alloc_failed 0
thp_promote 0
thp_fault_alloc 7593
thp_fault_fallback 6593
thp_collapse_alloc 7156
thp_collapse_alloc_failed 0
thp_split 5579
thp_zero_page_alloc 1
thp_zero_page_alloc_failed 0
thp_promote 0
thp_fault_alloc 7627
thp_fault_fallback 6593
thp_collapse_alloc 8569
thp_collapse_alloc_failed 0
thp_split 5579
thp_zero_page_alloc 1
thp_zero_page_alloc_failed 0
thp_promote 0
thp_fault_alloc 7659
thp_fault_fallback 6593
thp_collapse_alloc 9666
thp_collapse_alloc_failed 0
thp_split 5579
thp_zero_page_alloc 1
thp_zero_page_alloc_failed 0
thp_promote 0
thp_fault_alloc 7692
thp_fault_fallback 6593
thp_collapse_alloc 9666
thp_collapse_alloc_failed 0
thp_split 5579
thp_zero_page_alloc 1
thp_zero_page_alloc_failed 0
thp_promote 0
thp_fault_alloc 7732
thp_fault_fallback 6593
thp_collapse_alloc 9666
thp_collapse_alloc_failed 0
thp_split 5579
thp_zero_page_alloc 1
thp_zero_page_alloc_failed 0
thp_promote 0
thp_fault_alloc 7772
thp_fault_fallback 6593
thp_collapse_alloc 9666
thp_collapse_alloc_failed 0
thp_split 5579
thp_zero_page_alloc 1
thp_zero_page_alloc_failed 0
thp_promote 0
thp_fault_alloc 7811
thp_fault_fallback 6593
thp_collapse_alloc 9666
thp_collapse_alloc_failed 0
thp_split 5579
thp_zero_page_alloc 1
thp_zero_page_alloc_failed 0
thp_promote 0
thp_fault_alloc 7850
thp_fault_fallback 6593
thp_collapse_alloc 9666
thp_collapse_alloc_failed 0
thp_split 5579
thp_zero_page_alloc 1
thp_zero_page_alloc_failed 0
thp_promote 0
thp_fault_alloc 7889
thp_fault_fallback 6593
thp_collapse_alloc 9666
thp_collapse_alloc_failed 0
thp_split 5579
thp_zero_page_alloc 1
thp_zero_page_alloc_failed 0
thp_promote 0
thp_fault_alloc 7928
thp_fault_fallback 6593
thp_collapse_alloc 9666
thp_collapse_alloc_failed 0
thp_split 5580
thp_zero_page_alloc 1
thp_zero_page_alloc_failed 0
thp_promote 0
thp_fault_alloc 7965
thp_fault_fallback 6593
thp_collapse_alloc 9666
thp_collapse_alloc_failed 0
thp_split 5580
thp_zero_page_alloc 1
thp_zero_page_alloc_failed 0
thp_promote 0
thp_fault_alloc 8002
thp_fault_fallback 6593
thp_collapse_alloc 9666
thp_collapse_alloc_failed 0
thp_split 5580
thp_zero_page_alloc 1
thp_zero_page_alloc_failed 0
thp_promote 0
thp_fault_alloc 8037
thp_fault_fallback 6593
thp_collapse_alloc 9667
thp_collapse_alloc_failed 0
thp_split 5580
thp_zero_page_alloc 1
thp_zero_page_alloc_failed 0
thp_promote 0
thp_fault_alloc 8072
thp_fault_fallback 6593
thp_collapse_alloc 9667
thp_collapse_alloc_failed 0
thp_split 5580
thp_zero_page_alloc 1
thp_zero_page_alloc_failed 0
thp_promote 0
thp_fault_alloc 8109
thp_fault_fallback 6593
thp_collapse_alloc 9667
thp_collapse_alloc_failed 0
thp_split 5580
thp_zero_page_alloc 1
thp_zero_page_alloc_failed 0
thp_promote 0
thp_fault_alloc 8149
thp_fault_fallback 6593
thp_collapse_alloc 9667
thp_collapse_alloc_failed 0
thp_split 5580
thp_zero_page_alloc 1
thp_zero_page_alloc_failed 0
thp_promote 0
thp_fault_alloc 8183
thp_fault_fallback 6593
thp_collapse_alloc 9667
thp_collapse_alloc_failed 0
thp_split 5580
thp_zero_page_alloc 1
thp_zero_page_alloc_failed 0
thp_promote 0
thp_fault_alloc 8222
thp_fault_fallback 6593
thp_collapse_alloc 9667
thp_collapse_alloc_failed 0
thp_split 5580
thp_zero_page_alloc 1
thp_zero_page_alloc_failed 0
thp_promote 0
thp_fault_alloc 8259
thp_fault_fallback 6593
thp_collapse_alloc 9667
thp_collapse_alloc_failed 0
thp_split 5580
thp_zero_page_alloc 1
thp_zero_page_alloc_failed 0
thp_promote 0
thp_fault_alloc 8296
thp_fault_fallback 6593
thp_collapse_alloc 9667
thp_collapse_alloc_failed 0
thp_split 5580
thp_zero_page_alloc 1
thp_zero_page_alloc_failed 0
thp_promote 0
thp_fault_alloc 8332
thp_fault_fallback 6593
thp_collapse_alloc 9667
thp_collapse_alloc_failed 0
thp_split 5580
thp_zero_page_alloc 1
thp_zero_page_alloc_failed 0
thp_promote 0
thp_fault_alloc 8368
thp_fault_fallback 6593
thp_collapse_alloc 9667
thp_collapse_alloc_failed 0
thp_split 5580
thp_zero_page_alloc 1
thp_zero_page_alloc_failed 0
thp_promote 0
thp_fault_alloc 8406
thp_fault_fallback 6593
thp_collapse_alloc 9667
thp_collapse_alloc_failed 0
thp_split 5580
thp_zero_page_alloc 1
thp_zero_page_alloc_failed 0
thp_promote 0
thp_fault_alloc 8442
thp_fault_fallback 6593
thp_collapse_alloc 9667
thp_collapse_alloc_failed 0
thp_split 5580
thp_zero_page_alloc 1
thp_zero_page_alloc_failed 0
thp_promote 0
thp_fault_alloc 8482
thp_fault_fallback 6593
thp_collapse_alloc 9667
thp_collapse_alloc_failed 0
thp_split 5580
thp_zero_page_alloc 1
thp_zero_page_alloc_failed 0
thp_promote 0
thp_fault_alloc 8519
thp_fault_fallback 6593
thp_collapse_alloc 9667
thp_collapse_alloc_failed 0
thp_split 5580
thp_zero_page_alloc 1
thp_zero_page_alloc_failed 0
thp_promote 0
thp_fault_alloc 8557
thp_fault_fallback 6593
thp_collapse_alloc 9667
thp_collapse_alloc_failed 0
thp_split 5580
thp_zero_page_alloc 1
thp_zero_page_alloc_failed 0
thp_promote 0
thp_fault_alloc 8592
thp_fault_fallback 6593
thp_collapse_alloc 9667
thp_collapse_alloc_failed 0
thp_split 5580
thp_zero_page_alloc 1
thp_zero_page_alloc_failed 0
thp_promote 0
thp_fault_alloc 8630
thp_fault_fallback 6593
thp_collapse_alloc 9667
thp_collapse_alloc_failed 0
thp_split 5581
thp_zero_page_alloc 1
thp_zero_page_alloc_failed 0
thp_promote 0
thp_fault_alloc 8667
thp_fault_fallback 6593
thp_collapse_alloc 9667
thp_collapse_alloc_failed 0
thp_split 5581
thp_zero_page_alloc 1
thp_zero_page_alloc_failed 0
thp_promote 0
thp_fault_alloc 8702
thp_fault_fallback 6593
thp_collapse_alloc 9667
thp_collapse_alloc_failed 0
thp_split 5581
thp_zero_page_alloc 1
thp_zero_page_alloc_failed 0
thp_promote 0
thp_fault_alloc 8737
thp_fault_fallback 6593
thp_collapse_alloc 9667
thp_collapse_alloc_failed 0
thp_split 5581
thp_zero_page_alloc 1
thp_zero_page_alloc_failed 0
thp_promote 0
thp_fault_alloc 8777
thp_fault_fallback 6593
thp_collapse_alloc 9668
thp_collapse_alloc_failed 0
thp_split 5581
thp_zero_page_alloc 1
thp_zero_page_alloc_failed 0
thp_promote 0
thp_fault_alloc 8818
thp_fault_fallback 6593
thp_collapse_alloc 9668
thp_collapse_alloc_failed 0
thp_split 5581
thp_zero_page_alloc 1
thp_zero_page_alloc_failed 0
thp_promote 0
thp_fault_alloc 8856
thp_fault_fallback 6593
thp_collapse_alloc 9668
thp_collapse_alloc_failed 0
thp_split 5581
thp_zero_page_alloc 1
thp_zero_page_alloc_failed 0
thp_promote 0
thp_fault_alloc 8893
thp_fault_fallback 6593
thp_collapse_alloc 9668
thp_collapse_alloc_failed 0
thp_split 5581
thp_zero_page_alloc 1
thp_zero_page_alloc_failed 0
thp_promote 0
thp_fault_alloc 8932
thp_fault_fallback 6593
thp_collapse_alloc 9668
thp_collapse_alloc_failed 0
thp_split 5581
thp_zero_page_alloc 1
thp_zero_page_alloc_failed 0
thp_promote 0
thp_fault_alloc 8971
thp_fault_fallback 6593
thp_collapse_alloc 9668
thp_collapse_alloc_failed 0
thp_split 5581
thp_zero_page_alloc 1
thp_zero_page_alloc_failed 0
thp_promote 0
thp_fault_alloc 9005
thp_fault_fallback 6593
thp_collapse_alloc 9668
thp_collapse_alloc_failed 0
thp_split 5581
thp_zero_page_alloc 1
thp_zero_page_alloc_failed 0
thp_promote 0
thp_fault_alloc 9041
thp_fault_fallback 6593
thp_collapse_alloc 9668
thp_collapse_alloc_failed 0
thp_split 5581
thp_zero_page_alloc 1
thp_zero_page_alloc_failed 0
thp_promote 0
thp_fault_alloc 9084
thp_fault_fallback 6593
thp_collapse_alloc 9668
thp_collapse_alloc_failed 0
thp_split 5581
thp_zero_page_alloc 1
thp_zero_page_alloc_failed 0
thp_promote 0
thp_fault_alloc 9121
thp_fault_fallback 6593
thp_collapse_alloc 9668
thp_collapse_alloc_failed 0
thp_split 5581
thp_zero_page_alloc 1
thp_zero_page_alloc_failed 0
thp_promote 0
thp_fault_alloc 9157
thp_fault_fallback 6593
thp_collapse_alloc 9673
thp_collapse_alloc_failed 0
thp_split 5581
thp_zero_page_alloc 1
thp_zero_page_alloc_failed 0
thp_promote 0
thp_fault_alloc 9194
thp_fault_fallback 6593
thp_collapse_alloc 9673
thp_collapse_alloc_failed 0
thp_split 5581
thp_zero_page_alloc 1
thp_zero_page_alloc_failed 0
thp_promote 0
thp_fault_alloc 9233
thp_fault_fallback 6593
thp_collapse_alloc 9673
thp_collapse_alloc_failed 0
thp_split 5581
thp_zero_page_alloc 1
thp_zero_page_alloc_failed 0
thp_promote 0
thp_fault_alloc 9272
thp_fault_fallback 6593
thp_collapse_alloc 9673
thp_collapse_alloc_failed 0
thp_split 5581
thp_zero_page_alloc 1
thp_zero_page_alloc_failed 0
thp_promote 0
thp_fault_alloc 9311
thp_fault_fallback 6593
thp_collapse_alloc 9673
thp_collapse_alloc_failed 0
thp_split 5581
thp_zero_page_alloc 1
thp_zero_page_alloc_failed 0
thp_promote 0
thp_fault_alloc 9350
thp_fault_fallback 6593
thp_collapse_alloc 9673
thp_collapse_alloc_failed 0
thp_split 5581
thp_zero_page_alloc 1
thp_zero_page_alloc_failed 0
thp_promote 0
thp_fault_alloc 9387
thp_fault_fallback 6593
thp_collapse_alloc 9673
thp_collapse_alloc_failed 0
thp_split 5581
thp_zero_page_alloc 1
thp_zero_page_alloc_failed 0
thp_promote 0
thp_fault_alloc 9424
thp_fault_fallback 6593
thp_collapse_alloc 9673
thp_collapse_alloc_failed 0
thp_split 5581
thp_zero_page_alloc 1
thp_zero_page_alloc_failed 0
thp_promote 0
thp_fault_alloc 9462
thp_fault_fallback 6593
thp_collapse_alloc 9673
thp_collapse_alloc_failed 0
thp_split 5581
thp_zero_page_alloc 1
thp_zero_page_alloc_failed 0
thp_promote 0
thp_fault_alloc 9498
thp_fault_fallback 6593
thp_collapse_alloc 9673
thp_collapse_alloc_failed 0
thp_split 5581
thp_zero_page_alloc 1
thp_zero_page_alloc_failed 0
thp_promote 0
thp_fault_alloc 9534
thp_fault_fallback 6593
thp_collapse_alloc 9675
thp_collapse_alloc_failed 0
thp_split 5581
thp_zero_page_alloc 1
thp_zero_page_alloc_failed 0
thp_promote 0
thp_fault_alloc 9575
thp_fault_fallback 6593
thp_collapse_alloc 9675
thp_collapse_alloc_failed 0
thp_split 5581
thp_zero_page_alloc 1
thp_zero_page_alloc_failed 0
thp_promote 0
thp_fault_alloc 9612
thp_fault_fallback 6593
thp_collapse_alloc 9675
thp_collapse_alloc_failed 0
thp_split 5581
thp_zero_page_alloc 1
thp_zero_page_alloc_failed 0
thp_promote 0
thp_fault_alloc 9651
thp_fault_fallback 6593
thp_collapse_alloc 9675
thp_collapse_alloc_failed 0
thp_split 5581
thp_zero_page_alloc 1
thp_zero_page_alloc_failed 0
thp_promote 0
thp_fault_alloc 9731
thp_fault_fallback 12441
thp_collapse_alloc 9675
thp_collapse_alloc_failed 0
thp_split 11429
thp_zero_page_alloc 1
thp_zero_page_alloc_failed 0
thp_promote 0
thp_fault_alloc 9771
thp_fault_fallback 12442
thp_collapse_alloc 9675
thp_collapse_alloc_failed 0
thp_split 11430
thp_zero_page_alloc 1
thp_zero_page_alloc_failed 0
thp_promote 0
thp_fault_alloc 9808
thp_fault_fallback 12442
thp_collapse_alloc 9675
thp_collapse_alloc_failed 0
thp_split 11430
thp_zero_page_alloc 1
thp_zero_page_alloc_failed 0
thp_promote 0
thp_fault_alloc 9846
thp_fault_fallback 12442
thp_collapse_alloc 9675
thp_collapse_alloc_failed 0
thp_split 11430
thp_zero_page_alloc 1
thp_zero_page_alloc_failed 0
thp_promote 0
thp_fault_alloc 9883
thp_fault_fallback 12442
thp_collapse_alloc 9675
thp_collapse_alloc_failed 0
thp_split 11430
thp_zero_page_alloc 1
thp_zero_page_alloc_failed 0
thp_promote 0
thp_fault_alloc 9957
thp_fault_fallback 12442
thp_collapse_alloc 9675
thp_collapse_alloc_failed 0
thp_split 11430
thp_zero_page_alloc 1
thp_zero_page_alloc_failed 0
thp_promote 0
thp_fault_alloc 9991
thp_fault_fallback 12442
thp_collapse_alloc 9675
thp_collapse_alloc_failed 0
thp_split 11430
thp_zero_page_alloc 1
thp_zero_page_alloc_failed 0
thp_promote 0
thp_fault_alloc 10033
thp_fault_fallback 12442
thp_collapse_alloc 9675
thp_collapse_alloc_failed 0
thp_split 11430
thp_zero_page_alloc 1
thp_zero_page_alloc_failed 0
thp_promote 0
thp_fault_alloc 10075
thp_fault_fallback 12442
thp_collapse_alloc 9675
thp_collapse_alloc_failed 0
thp_split 11430
thp_zero_page_alloc 1
thp_zero_page_alloc_failed 0
thp_promote 0
thp_fault_alloc 10112
thp_fault_fallback 12442
thp_collapse_alloc 9675
thp_collapse_alloc_failed 0
thp_split 11430
thp_zero_page_alloc 1
thp_zero_page_alloc_failed 0
thp_promote 0
thp_fault_alloc 10191
thp_fault_fallback 12442
thp_collapse_alloc 9675
thp_collapse_alloc_failed 0
thp_split 11430
thp_zero_page_alloc 1
thp_zero_page_alloc_failed 0
thp_promote 0
thp_fault_alloc 10231
thp_fault_fallback 12442
thp_collapse_alloc 9675
thp_collapse_alloc_failed 0
thp_split 11430
thp_zero_page_alloc 1
thp_zero_page_alloc_failed 0
thp_promote 0
thp_fault_alloc 10267
thp_fault_fallback 12442
thp_collapse_alloc 9675
thp_collapse_alloc_failed 0
thp_split 11430
thp_zero_page_alloc 1
thp_zero_page_alloc_failed 0
thp_promote 0
thp_fault_alloc 10305
thp_fault_fallback 12442
thp_collapse_alloc 9676
thp_collapse_alloc_failed 0
thp_split 11430
thp_zero_page_alloc 1
thp_zero_page_alloc_failed 0
thp_promote 0
thp_fault_alloc 10345
thp_fault_fallback 12442
thp_collapse_alloc 9676
thp_collapse_alloc_failed 0
thp_split 11430
thp_zero_page_alloc 1
thp_zero_page_alloc_failed 0
thp_promote 0
thp_fault_alloc 10386
thp_fault_fallback 12442
thp_collapse_alloc 9676
thp_collapse_alloc_failed 0
thp_split 11430
thp_zero_page_alloc 1
thp_zero_page_alloc_failed 0
thp_promote 0
thp_fault_alloc 10464
thp_fault_fallback 12442
thp_collapse_alloc 9676
thp_collapse_alloc_failed 0
thp_split 11430
thp_zero_page_alloc 1
thp_zero_page_alloc_failed 0
thp_promote 0
thp_fault_alloc 10502
thp_fault_fallback 12442
thp_collapse_alloc 9676
thp_collapse_alloc_failed 0
thp_split 11430
thp_zero_page_alloc 1
thp_zero_page_alloc_failed 0
thp_promote 0
thp_fault_alloc 10543
thp_fault_fallback 12442
thp_collapse_alloc 9676
thp_collapse_alloc_failed 0
thp_split 11430
thp_zero_page_alloc 1
thp_zero_page_alloc_failed 0
thp_promote 0
thp_fault_alloc 10586
thp_fault_fallback 12442
thp_collapse_alloc 9676
thp_collapse_alloc_failed 0
thp_split 11430
thp_zero_page_alloc 1
thp_zero_page_alloc_failed 0
thp_promote 0
thp_fault_alloc 10624
thp_fault_fallback 12442
thp_collapse_alloc 9676
thp_collapse_alloc_failed 0
thp_split 11430
thp_zero_page_alloc 1
thp_zero_page_alloc_failed 0
thp_promote 0
thp_fault_alloc 10666
thp_fault_fallback 12442
thp_collapse_alloc 9676
thp_collapse_alloc_failed 0
thp_split 11430
thp_zero_page_alloc 1
thp_zero_page_alloc_failed 0
thp_promote 0
thp_fault_alloc 10709
thp_fault_fallback 12442
thp_collapse_alloc 9684
thp_collapse_alloc_failed 0
thp_split 11430
thp_zero_page_alloc 1
thp_zero_page_alloc_failed 0
thp_promote 0
thp_fault_alloc 10785
thp_fault_fallback 12442
thp_collapse_alloc 9785
thp_collapse_alloc_failed 0
thp_split 11430
thp_zero_page_alloc 1
thp_zero_page_alloc_failed 0
thp_promote 0
thp_fault_alloc 10828
thp_fault_fallback 12442
thp_collapse_alloc 9785
thp_collapse_alloc_failed 0
thp_split 11430
thp_zero_page_alloc 1
thp_zero_page_alloc_failed 0
thp_promote 0
thp_fault_alloc 10871
thp_fault_fallback 12442
thp_collapse_alloc 9785
thp_collapse_alloc_failed 0
thp_split 11430
thp_zero_page_alloc 1
thp_zero_page_alloc_failed 0
thp_promote 0
thp_fault_alloc 10913
thp_fault_fallback 12442
thp_collapse_alloc 9785
thp_collapse_alloc_failed 0
thp_split 11430
thp_zero_page_alloc 1
thp_zero_page_alloc_failed 0
thp_promote 0
thp_fault_alloc 10959
thp_fault_fallback 12442
thp_collapse_alloc 9785
thp_collapse_alloc_failed 0
thp_split 11430
thp_zero_page_alloc 1
thp_zero_page_alloc_failed 0
thp_promote 0
thp_fault_alloc 11000
thp_fault_fallback 12442
thp_collapse_alloc 9785
thp_collapse_alloc_failed 0
thp_split 11430
thp_zero_page_alloc 1
thp_zero_page_alloc_failed 0
thp_promote 0
thp_fault_alloc 11042
thp_fault_fallback 12442
thp_collapse_alloc 9785
thp_collapse_alloc_failed 0
thp_split 11430
thp_zero_page_alloc 1
thp_zero_page_alloc_failed 0
thp_promote 0
thp_fault_alloc 11084
thp_fault_fallback 12442
thp_collapse_alloc 9785
thp_collapse_alloc_failed 0
thp_split 11430
thp_zero_page_alloc 1
thp_zero_page_alloc_failed 0
thp_promote 0
thp_fault_alloc 11164
thp_fault_fallback 12442
thp_collapse_alloc 9785
thp_collapse_alloc_failed 0
thp_split 11430
thp_zero_page_alloc 1
thp_zero_page_alloc_failed 0
thp_promote 0
thp_fault_alloc 11202
thp_fault_fallback 12442
thp_collapse_alloc 10752
thp_collapse_alloc_failed 0
thp_split 11430
thp_zero_page_alloc 1
thp_zero_page_alloc_failed 0
thp_promote 0
thp_fault_alloc 11240
thp_fault_fallback 12442
thp_collapse_alloc 12142
thp_collapse_alloc_failed 0
thp_split 11430
thp_zero_page_alloc 1
thp_zero_page_alloc_failed 0
thp_promote 0
thp_fault_alloc 11365
thp_fault_fallback 12442
thp_collapse_alloc 14083
thp_collapse_alloc_failed 0
thp_split 11430
thp_zero_page_alloc 1
thp_zero_page_alloc_failed 0
thp_promote 0
thp_fault_alloc 11408
thp_fault_fallback 12442
thp_collapse_alloc 14083
thp_collapse_alloc_failed 0
thp_split 11430
thp_zero_page_alloc 1
thp_zero_page_alloc_failed 0
thp_promote 0
thp_fault_alloc 11485
thp_fault_fallback 12442
thp_collapse_alloc 14083
thp_collapse_alloc_failed 0
thp_split 11430
thp_zero_page_alloc 1
thp_zero_page_alloc_failed 0
thp_promote 0
thp_fault_alloc 11523
thp_fault_fallback 12442
thp_collapse_alloc 14083
thp_collapse_alloc_failed 0
thp_split 11430
thp_zero_page_alloc 1
thp_zero_page_alloc_failed 0
thp_promote 0
thp_fault_alloc 11559
thp_fault_fallback 12442
thp_collapse_alloc 14083
thp_collapse_alloc_failed 0
thp_split 11430
thp_zero_page_alloc 1
thp_zero_page_alloc_failed 0
thp_promote 0
thp_fault_alloc 11601
thp_fault_fallback 12442
thp_collapse_alloc 14083
thp_collapse_alloc_failed 0
thp_split 11430
thp_zero_page_alloc 1
thp_zero_page_alloc_failed 0
thp_promote 0
thp_fault_alloc 11643
thp_fault_fallback 12442
thp_collapse_alloc 14083
thp_collapse_alloc_failed 0
thp_split 11430
thp_zero_page_alloc 1
thp_zero_page_alloc_failed 0
thp_promote 0
thp_fault_alloc 11685
thp_fault_fallback 12442
thp_collapse_alloc 14083
thp_collapse_alloc_failed 0
thp_split 11430
thp_zero_page_alloc 1
thp_zero_page_alloc_failed 0
thp_promote 0
thp_fault_alloc 11726
thp_fault_fallback 12442
thp_collapse_alloc 14663
thp_collapse_alloc_failed 0
thp_split 11431
thp_zero_page_alloc 1
thp_zero_page_alloc_failed 0
thp_promote 0
thp_fault_alloc 11764
thp_fault_fallback 12442
thp_collapse_alloc 14970
thp_collapse_alloc_failed 0
thp_split 11431
thp_zero_page_alloc 1
thp_zero_page_alloc_failed 0
thp_promote 0
thp_fault_alloc 11801
thp_fault_fallback 12442
thp_collapse_alloc 14970
thp_collapse_alloc_failed 0
thp_split 11431
thp_zero_page_alloc 1
thp_zero_page_alloc_failed 0
thp_promote 0
thp_fault_alloc 11843
thp_fault_fallback 12442
thp_collapse_alloc 14970
thp_collapse_alloc_failed 0
thp_split 11431
thp_zero_page_alloc 1
thp_zero_page_alloc_failed 0
thp_promote 0
thp_fault_alloc 11878
thp_fault_fallback 12442
thp_collapse_alloc 14970
thp_collapse_alloc_failed 0
thp_split 11431
thp_zero_page_alloc 1
thp_zero_page_alloc_failed 0
thp_promote 0
thp_fault_alloc 11914
thp_fault_fallback 12442
thp_collapse_alloc 14970
thp_collapse_alloc_failed 0
thp_split 11431
thp_zero_page_alloc 1
thp_zero_page_alloc_failed 0
thp_promote 0
thp_fault_alloc 11993
thp_fault_fallback 12442
thp_collapse_alloc 14970
thp_collapse_alloc_failed 0
thp_split 11431
thp_zero_page_alloc 1
thp_zero_page_alloc_failed 0
thp_promote 0
thp_fault_alloc 12033
thp_fault_fallback 12442
thp_collapse_alloc 14970
thp_collapse_alloc_failed 0
thp_split 11431
thp_zero_page_alloc 1
thp_zero_page_alloc_failed 0
thp_promote 0
thp_fault_alloc 12036
thp_fault_fallback 12442
thp_collapse_alloc 14970
thp_collapse_alloc_failed 0
thp_split 11431
thp_zero_page_alloc 1
thp_zero_page_alloc_failed 0
thp_promote 0
thp_fault_alloc 12039
thp_fault_fallback 12442
thp_collapse_alloc 14970
thp_collapse_alloc_failed 0
thp_split 11431
thp_zero_page_alloc 1
thp_zero_page_alloc_failed 0
thp_promote 0
thp_fault_alloc 12043
thp_fault_fallback 12442
thp_collapse_alloc 15023
thp_collapse_alloc_failed 0
thp_split 11431
thp_zero_page_alloc 1
thp_zero_page_alloc_failed 0
thp_promote 0
thp_fault_alloc 12081
thp_fault_fallback 12442
thp_collapse_alloc 15023
thp_collapse_alloc_failed 0
thp_split 11431
thp_zero_page_alloc 1
thp_zero_page_alloc_failed 0
thp_promote 0
thp_fault_alloc 12122
thp_fault_fallback 12442
thp_collapse_alloc 15023
thp_collapse_alloc_failed 0
thp_split 11431
thp_zero_page_alloc 1
thp_zero_page_alloc_failed 0
thp_promote 0
thp_fault_alloc 12159
thp_fault_fallback 12442
thp_collapse_alloc 15023
thp_collapse_alloc_failed 0
thp_split 11431
thp_zero_page_alloc 1
thp_zero_page_alloc_failed 0
thp_promote 0
thp_fault_alloc 12200
thp_fault_fallback 12442
thp_collapse_alloc 15023
thp_collapse_alloc_failed 0
thp_split 11431
thp_zero_page_alloc 1
thp_zero_page_alloc_failed 0
thp_promote 0
thp_fault_alloc 12240
thp_fault_fallback 12442
thp_collapse_alloc 15023
thp_collapse_alloc_failed 0
thp_split 11431
thp_zero_page_alloc 1
thp_zero_page_alloc_failed 0
thp_promote 0
thp_fault_alloc 12281
thp_fault_fallback 12442
thp_collapse_alloc 15023
thp_collapse_alloc_failed 0
thp_split 11431
thp_zero_page_alloc 1
thp_zero_page_alloc_failed 0
thp_promote 0
thp_fault_alloc 12318
thp_fault_fallback 12442
thp_collapse_alloc 15023
thp_collapse_alloc_failed 0
thp_split 11431
thp_zero_page_alloc 1
thp_zero_page_alloc_failed 0
thp_promote 0
thp_fault_alloc 12362
thp_fault_fallback 12442
thp_collapse_alloc 15023
thp_collapse_alloc_failed 0
thp_split 11431
thp_zero_page_alloc 1
thp_zero_page_alloc_failed 0
thp_promote 0
thp_fault_alloc 12441
thp_fault_fallback 12442
thp_collapse_alloc 15023
thp_collapse_alloc_failed 0
thp_split 11431
thp_zero_page_alloc 1
thp_zero_page_alloc_failed 0
thp_promote 0
thp_fault_alloc 12480
thp_fault_fallback 12442
thp_collapse_alloc 15178
thp_collapse_alloc_failed 0
thp_split 11431
thp_zero_page_alloc 1
thp_zero_page_alloc_failed 0
thp_promote 0
thp_fault_alloc 12517
thp_fault_fallback 12442
thp_collapse_alloc 15178
thp_collapse_alloc_failed 0
thp_split 11431
thp_zero_page_alloc 1
thp_zero_page_alloc_failed 0
thp_promote 0
thp_fault_alloc 12560
thp_fault_fallback 12442
thp_collapse_alloc 15178
thp_collapse_alloc_failed 0
thp_split 11431
thp_zero_page_alloc 1
thp_zero_page_alloc_failed 0
thp_promote 0
thp_fault_alloc 12598
thp_fault_fallback 12442
thp_collapse_alloc 15178
thp_collapse_alloc_failed 0
thp_split 11431
thp_zero_page_alloc 1
thp_zero_page_alloc_failed 0
thp_promote 0
thp_fault_alloc 12637
thp_fault_fallback 12442
thp_collapse_alloc 15178
thp_collapse_alloc_failed 0
thp_split 11431
thp_zero_page_alloc 1
thp_zero_page_alloc_failed 0
thp_promote 0
thp_fault_alloc 12677
thp_fault_fallback 12442
thp_collapse_alloc 15178
thp_collapse_alloc_failed 0
thp_split 11431
thp_zero_page_alloc 1
thp_zero_page_alloc_failed 0
thp_promote 0
thp_fault_alloc 12714
thp_fault_fallback 12442
thp_collapse_alloc 15178
thp_collapse_alloc_failed 0
thp_split 11431
thp_zero_page_alloc 1
thp_zero_page_alloc_failed 0
thp_promote 0
thp_fault_alloc 12749
thp_fault_fallback 12442
thp_collapse_alloc 15178
thp_collapse_alloc_failed 0
thp_split 11431
thp_zero_page_alloc 1
thp_zero_page_alloc_failed 0
thp_promote 0
thp_fault_alloc 12788
thp_fault_fallback 12442
thp_collapse_alloc 15178
thp_collapse_alloc_failed 0
thp_split 11431
thp_zero_page_alloc 1
thp_zero_page_alloc_failed 0
thp_promote 0
thp_fault_alloc 12826
thp_fault_fallback 12442
thp_collapse_alloc 15391
thp_collapse_alloc_failed 0
thp_split 11431
thp_zero_page_alloc 1
thp_zero_page_alloc_failed 0
thp_promote 0
thp_fault_alloc 12865
thp_fault_fallback 12442
thp_collapse_alloc 15489
thp_collapse_alloc_failed 0
thp_split 11431
thp_zero_page_alloc 1
thp_zero_page_alloc_failed 0
thp_promote 0
thp_fault_alloc 12937
thp_fault_fallback 12442
thp_collapse_alloc 15489
thp_collapse_alloc_failed 0
thp_split 11431
thp_zero_page_alloc 1
thp_zero_page_alloc_failed 0
thp_promote 0
thp_fault_alloc 12979
thp_fault_fallback 12442
thp_collapse_alloc 15489
thp_collapse_alloc_failed 0
thp_split 11431
thp_zero_page_alloc 1
thp_zero_page_alloc_failed 0
thp_promote 0
thp_fault_alloc 13019
thp_fault_fallback 12442
thp_collapse_alloc 15489
thp_collapse_alloc_failed 0
thp_split 11431
thp_zero_page_alloc 1
thp_zero_page_alloc_failed 0
thp_promote 0
thp_fault_alloc 13054
thp_fault_fallback 12442
thp_collapse_alloc 15489
thp_collapse_alloc_failed 0
thp_split 11431
thp_zero_page_alloc 1
thp_zero_page_alloc_failed 0
thp_promote 0
thp_fault_alloc 13095
thp_fault_fallback 12442
thp_collapse_alloc 15489
thp_collapse_alloc_failed 0
thp_split 11431
thp_zero_page_alloc 1
thp_zero_page_alloc_failed 0
thp_promote 0
thp_fault_alloc 13134
thp_fault_fallback 12442
thp_collapse_alloc 15489
thp_collapse_alloc_failed 0
thp_split 11431
thp_zero_page_alloc 1
thp_zero_page_alloc_failed 0
thp_promote 0
thp_fault_alloc 13172
thp_fault_fallback 12442
thp_collapse_alloc 15489
thp_collapse_alloc_failed 0
thp_split 11431
thp_zero_page_alloc 1
thp_zero_page_alloc_failed 0
thp_promote 0
thp_fault_alloc 13214
thp_fault_fallback 12442
thp_collapse_alloc 15489
thp_collapse_alloc_failed 0
thp_split 11431
thp_zero_page_alloc 1
thp_zero_page_alloc_failed 0
thp_promote 0
thp_fault_alloc 13251
thp_fault_fallback 12442
thp_collapse_alloc 16682
thp_collapse_alloc_failed 0
thp_split 11431
thp_zero_page_alloc 1
thp_zero_page_alloc_failed 0
thp_promote 0
thp_fault_alloc 13289
thp_fault_fallback 12442
thp_collapse_alloc 18090
thp_collapse_alloc_failed 0
thp_split 11431
thp_zero_page_alloc 1
thp_zero_page_alloc_failed 0
thp_promote 0
thp_fault_alloc 13327
thp_fault_fallback 12442
thp_collapse_alloc 18429
thp_collapse_alloc_failed 0
thp_split 11431
thp_zero_page_alloc 1
thp_zero_page_alloc_failed 0
thp_promote 0
thp_fault_alloc 13369
thp_fault_fallback 12442
thp_collapse_alloc 18429
thp_collapse_alloc_failed 0
thp_split 11431
thp_zero_page_alloc 1
thp_zero_page_alloc_failed 0
thp_promote 0
thp_fault_alloc 13407
thp_fault_fallback 12442
thp_collapse_alloc 18429
thp_collapse_alloc_failed 0
thp_split 11431
thp_zero_page_alloc 1
thp_zero_page_alloc_failed 0
thp_promote 0
thp_fault_alloc 13447
thp_fault_fallback 12442
thp_collapse_alloc 18429
thp_collapse_alloc_failed 0
thp_split 11431
thp_zero_page_alloc 1
thp_zero_page_alloc_failed 0
thp_promote 0
thp_fault_alloc 13487
thp_fault_fallback 12442
thp_collapse_alloc 18429
thp_collapse_alloc_failed 0
thp_split 11431
thp_zero_page_alloc 1
thp_zero_page_alloc_failed 0
thp_promote 0
thp_fault_alloc 13526
thp_fault_fallback 12442
thp_collapse_alloc 18429
thp_collapse_alloc_failed 0
thp_split 11431
thp_zero_page_alloc 1
thp_zero_page_alloc_failed 0
thp_promote 0
thp_fault_alloc 13564
thp_fault_fallback 12442
thp_collapse_alloc 18429
thp_collapse_alloc_failed 0
thp_split 11431
thp_zero_page_alloc 1
thp_zero_page_alloc_failed 0
thp_promote 0
thp_fault_alloc 13603
thp_fault_fallback 12442
thp_collapse_alloc 18429
thp_collapse_alloc_failed 0
thp_split 11431
thp_zero_page_alloc 1
thp_zero_page_alloc_failed 0
thp_promote 0
thp_fault_alloc 13659
thp_fault_fallback 12442
thp_collapse_alloc 18429
thp_collapse_alloc_failed 0
thp_split 11431
thp_zero_page_alloc 1
thp_zero_page_alloc_failed 0
thp_promote 0
thp_fault_alloc 13716
thp_fault_fallback 12442
thp_collapse_alloc 18429
thp_collapse_alloc_failed 0
thp_split 11431
thp_zero_page_alloc 1
thp_zero_page_alloc_failed 0
thp_promote 0
thp_fault_alloc 13757
thp_fault_fallback 12442
thp_collapse_alloc 18429
thp_collapse_alloc_failed 0
thp_split 11431
thp_zero_page_alloc 1
thp_zero_page_alloc_failed 0
thp_promote 0
thp_fault_alloc 13795
thp_fault_fallback 12442
thp_collapse_alloc 18429
thp_collapse_alloc_failed 0
thp_split 11431
thp_zero_page_alloc 1
thp_zero_page_alloc_failed 0
thp_promote 0
thp_fault_alloc 13829
thp_fault_fallback 12442
thp_collapse_alloc 18429
thp_collapse_alloc_failed 0
thp_split 11431
thp_zero_page_alloc 1
thp_zero_page_alloc_failed 0
thp_promote 0
thp_fault_alloc 13871
thp_fault_fallback 12442
thp_collapse_alloc 18429
thp_collapse_alloc_failed 0
thp_split 11431
thp_zero_page_alloc 1
thp_zero_page_alloc_failed 0
thp_promote 0
thp_fault_alloc 13910
thp_fault_fallback 12442
thp_collapse_alloc 18429
thp_collapse_alloc_failed 0
thp_split 11431
thp_zero_page_alloc 1
thp_zero_page_alloc_failed 0
thp_promote 0
thp_fault_alloc 13950
thp_fault_fallback 12442
thp_collapse_alloc 18429
thp_collapse_alloc_failed 0
thp_split 11431
thp_zero_page_alloc 1
thp_zero_page_alloc_failed 0
thp_promote 0
thp_fault_alloc 13986
thp_fault_fallback 12442
thp_collapse_alloc 18429
thp_collapse_alloc_failed 0
thp_split 11431
thp_zero_page_alloc 1
thp_zero_page_alloc_failed 0
thp_promote 0
thp_fault_alloc 14020
thp_fault_fallback 12442
thp_collapse_alloc 18429
thp_collapse_alloc_failed 0
thp_split 11431
thp_zero_page_alloc 1
thp_zero_page_alloc_failed 0
thp_promote 0
thp_fault_alloc 14059
thp_fault_fallback 12442
thp_collapse_alloc 18429
thp_collapse_alloc_failed 0
thp_split 11431
thp_zero_page_alloc 1
thp_zero_page_alloc_failed 0
thp_promote 0
thp_fault_alloc 14101
thp_fault_fallback 12442
thp_collapse_alloc 18429
thp_collapse_alloc_failed 0
thp_split 11431
thp_zero_page_alloc 1
thp_zero_page_alloc_failed 0
thp_promote 0
thp_fault_alloc 14137
thp_fault_fallback 12442
thp_collapse_alloc 18429
thp_collapse_alloc_failed 0
thp_split 11431
thp_zero_page_alloc 1
thp_zero_page_alloc_failed 0
thp_promote 0
thp_fault_alloc 14177
thp_fault_fallback 12442
thp_collapse_alloc 18429
thp_collapse_alloc_failed 0
thp_split 11431
thp_zero_page_alloc 1
thp_zero_page_alloc_failed 0
thp_promote 0
thp_fault_alloc 14214
thp_fault_fallback 12442
thp_collapse_alloc 18429
thp_collapse_alloc_failed 0
thp_split 11431
thp_zero_page_alloc 1
thp_zero_page_alloc_failed 0
thp_promote 0
thp_fault_alloc 14250
thp_fault_fallback 12442
thp_collapse_alloc 18429
thp_collapse_alloc_failed 0
thp_split 11431
thp_zero_page_alloc 1
thp_zero_page_alloc_failed 0
thp_promote 0
thp_fault_alloc 14286
thp_fault_fallback 12442
thp_collapse_alloc 18429
thp_collapse_alloc_failed 0
thp_split 11431
thp_zero_page_alloc 1
thp_zero_page_alloc_failed 0
thp_promote 0
thp_fault_alloc 14326
thp_fault_fallback 12442
thp_collapse_alloc 18429
thp_collapse_alloc_failed 0
thp_split 11431
thp_zero_page_alloc 1
thp_zero_page_alloc_failed 0
thp_promote 0
thp_fault_alloc 14362
thp_fault_fallback 12442
thp_collapse_alloc 18429
thp_collapse_alloc_failed 0
thp_split 11431
thp_zero_page_alloc 1
thp_zero_page_alloc_failed 0
thp_promote 0
thp_fault_alloc 14399
thp_fault_fallback 12442
thp_collapse_alloc 18429
thp_collapse_alloc_failed 0
thp_split 11431
thp_zero_page_alloc 1
thp_zero_page_alloc_failed 0
thp_promote 0
thp_fault_alloc 14436
thp_fault_fallback 12442
thp_collapse_alloc 18429
thp_collapse_alloc_failed 0
thp_split 11431
thp_zero_page_alloc 1
thp_zero_page_alloc_failed 0
thp_promote 0
thp_fault_alloc 14475
thp_fault_fallback 12442
thp_collapse_alloc 18429
thp_collapse_alloc_failed 0
thp_split 11431
thp_zero_page_alloc 1
thp_zero_page_alloc_failed 0
thp_promote 0
thp_fault_alloc 14516
thp_fault_fallback 12442
thp_collapse_alloc 18429
thp_collapse_alloc_failed 0
thp_split 11431
thp_zero_page_alloc 1
thp_zero_page_alloc_failed 0
thp_promote 0
thp_fault_alloc 14552
thp_fault_fallback 12442
thp_collapse_alloc 18429
thp_collapse_alloc_failed 0
thp_split 11431
thp_zero_page_alloc 1
thp_zero_page_alloc_failed 0
thp_promote 0
thp_fault_alloc 14590
thp_fault_fallback 12442
thp_collapse_alloc 18429
thp_collapse_alloc_failed 0
thp_split 11431
thp_zero_page_alloc 1
thp_zero_page_alloc_failed 0
thp_promote 0
thp_fault_alloc 14628
thp_fault_fallback 12442
thp_collapse_alloc 18429
thp_collapse_alloc_failed 0
thp_split 11431
thp_zero_page_alloc 1
thp_zero_page_alloc_failed 0
thp_promote 0
thp_fault_alloc 14665
thp_fault_fallback 12442
thp_collapse_alloc 18429
thp_collapse_alloc_failed 0
thp_split 11431
thp_zero_page_alloc 1
thp_zero_page_alloc_failed 0
thp_promote 0
thp_fault_alloc 14702
thp_fault_fallback 12442
thp_collapse_alloc 18429
thp_collapse_alloc_failed 0
thp_split 11431
thp_zero_page_alloc 1
thp_zero_page_alloc_failed 0
thp_promote 0
thp_fault_alloc 14742
thp_fault_fallback 12442
thp_collapse_alloc 18429
thp_collapse_alloc_failed 0
thp_split 11431
thp_zero_page_alloc 1
thp_zero_page_alloc_failed 0
thp_promote 0
thp_fault_alloc 14785
thp_fault_fallback 12442
thp_collapse_alloc 18429
thp_collapse_alloc_failed 0
thp_split 11431
thp_zero_page_alloc 1
thp_zero_page_alloc_failed 0
thp_promote 0
thp_fault_alloc 14821
thp_fault_fallback 12442
thp_collapse_alloc 18429
thp_collapse_alloc_failed 0
thp_split 11431
thp_zero_page_alloc 1
thp_zero_page_alloc_failed 0
thp_promote 0
thp_fault_alloc 14860
thp_fault_fallback 12442
thp_collapse_alloc 18429
thp_collapse_alloc_failed 0
thp_split 11431
thp_zero_page_alloc 1
thp_zero_page_alloc_failed 0
thp_promote 0
thp_fault_alloc 14899
thp_fault_fallback 12442
thp_collapse_alloc 18429
thp_collapse_alloc_failed 0
thp_split 11431
thp_zero_page_alloc 1
thp_zero_page_alloc_failed 0
thp_promote 0
thp_fault_alloc 14937
thp_fault_fallback 12442
thp_collapse_alloc 18429
thp_collapse_alloc_failed 0
thp_split 11431
thp_zero_page_alloc 1
thp_zero_page_alloc_failed 0
thp_promote 0
thp_fault_alloc 14976
thp_fault_fallback 12442
thp_collapse_alloc 18429
thp_collapse_alloc_failed 0
thp_split 11431
thp_zero_page_alloc 1
thp_zero_page_alloc_failed 0
thp_promote 0
thp_fault_alloc 15015
thp_fault_fallback 12442
thp_collapse_alloc 18429
thp_collapse_alloc_failed 0
thp_split 11431
thp_zero_page_alloc 1
thp_zero_page_alloc_failed 0
thp_promote 0
thp_fault_alloc 15052
thp_fault_fallback 12442
thp_collapse_alloc 18429
thp_collapse_alloc_failed 0
thp_split 11431
thp_zero_page_alloc 1
thp_zero_page_alloc_failed 0
thp_promote 0
thp_fault_alloc 15087
thp_fault_fallback 12442
thp_collapse_alloc 18429
thp_collapse_alloc_failed 0
thp_split 11431
thp_zero_page_alloc 1
thp_zero_page_alloc_failed 0
thp_promote 0
thp_fault_alloc 15125
thp_fault_fallback 12442
thp_collapse_alloc 18429
thp_collapse_alloc_failed 0
thp_split 11431
thp_zero_page_alloc 1
thp_zero_page_alloc_failed 0
thp_promote 0
thp_fault_alloc 15159
thp_fault_fallback 12442
thp_collapse_alloc 18429
thp_collapse_alloc_failed 0
thp_split 11431
thp_zero_page_alloc 1
thp_zero_page_alloc_failed 0
thp_promote 0
thp_fault_alloc 15199
thp_fault_fallback 12442
thp_collapse_alloc 18429
thp_collapse_alloc_failed 0
thp_split 11431
thp_zero_page_alloc 1
thp_zero_page_alloc_failed 0
thp_promote 0
thp_fault_alloc 15237
thp_fault_fallback 12442
thp_collapse_alloc 18429
thp_collapse_alloc_failed 0
thp_split 11431
thp_zero_page_alloc 1
thp_zero_page_alloc_failed 0
thp_promote 0
thp_fault_alloc 15276
thp_fault_fallback 12442
thp_collapse_alloc 18429
thp_collapse_alloc_failed 0
thp_split 11431
thp_zero_page_alloc 1
thp_zero_page_alloc_failed 0
thp_promote 0
thp_fault_alloc 15314
thp_fault_fallback 12442
thp_collapse_alloc 18429
thp_collapse_alloc_failed 0
thp_split 11431
thp_zero_page_alloc 1
thp_zero_page_alloc_failed 0
thp_promote 0
thp_fault_alloc 15353
thp_fault_fallback 12442
thp_collapse_alloc 18429
thp_collapse_alloc_failed 0
thp_split 11431
thp_zero_page_alloc 1
thp_zero_page_alloc_failed 0
thp_promote 0
thp_fault_alloc 15394
thp_fault_fallback 12442
thp_collapse_alloc 18429
thp_collapse_alloc_failed 0
thp_split 11431
thp_zero_page_alloc 1
thp_zero_page_alloc_failed 0
thp_promote 0
thp_fault_alloc 15436
thp_fault_fallback 18167
thp_collapse_alloc 18429
thp_collapse_alloc_failed 0
thp_split 17156
thp_zero_page_alloc 1
thp_zero_page_alloc_failed 0
thp_promote 0
thp_fault_alloc 15468
thp_fault_fallback 18435
thp_collapse_alloc 18429
thp_collapse_alloc_failed 0
thp_split 17424
thp_zero_page_alloc 1
thp_zero_page_alloc_failed 0
thp_promote 0
thp_fault_alloc 15541
thp_fault_fallback 18435
thp_collapse_alloc 18429
thp_collapse_alloc_failed 0
thp_split 17424
thp_zero_page_alloc 1
thp_zero_page_alloc_failed 0
thp_promote 0
thp_fault_alloc 15576
thp_fault_fallback 18435
thp_collapse_alloc 18429
thp_collapse_alloc_failed 0
thp_split 17424
thp_zero_page_alloc 1
thp_zero_page_alloc_failed 0
thp_promote 0
thp_fault_alloc 15609
thp_fault_fallback 18435
thp_collapse_alloc 18429
thp_collapse_alloc_failed 0
thp_split 17424
thp_zero_page_alloc 1
thp_zero_page_alloc_failed 0
thp_promote 0
thp_fault_alloc 15645
thp_fault_fallback 18435
thp_collapse_alloc 18429
thp_collapse_alloc_failed 0
thp_split 17424
thp_zero_page_alloc 1
thp_zero_page_alloc_failed 0
thp_promote 0
thp_fault_alloc 15678
thp_fault_fallback 18435
thp_collapse_alloc 18429
thp_collapse_alloc_failed 0
thp_split 17424
thp_zero_page_alloc 1
thp_zero_page_alloc_failed 0
thp_promote 0
thp_fault_alloc 15751
thp_fault_fallback 18435
thp_collapse_alloc 18429
thp_collapse_alloc_failed 0
thp_split 17424
thp_zero_page_alloc 1
thp_zero_page_alloc_failed 0
thp_promote 0
thp_fault_alloc 15791
thp_fault_fallback 18435
thp_collapse_alloc 18429
thp_collapse_alloc_failed 0
thp_split 17424
thp_zero_page_alloc 1
thp_zero_page_alloc_failed 0
thp_promote 0
thp_fault_alloc 15830
thp_fault_fallback 18435
thp_collapse_alloc 18429
thp_collapse_alloc_failed 0
thp_split 17424
thp_zero_page_alloc 1
thp_zero_page_alloc_failed 0
thp_promote 0
thp_fault_alloc 15870
thp_fault_fallback 18435
thp_collapse_alloc 18429
thp_collapse_alloc_failed 0
thp_split 17424
thp_zero_page_alloc 1
thp_zero_page_alloc_failed 0
thp_promote 0
thp_fault_alloc 15904
thp_fault_fallback 18435
thp_collapse_alloc 18429
thp_collapse_alloc_failed 0
thp_split 17424
thp_zero_page_alloc 1
thp_zero_page_alloc_failed 0
thp_promote 0
thp_fault_alloc 15976
thp_fault_fallback 18435
thp_collapse_alloc 18429
thp_collapse_alloc_failed 0
thp_split 17424
thp_zero_page_alloc 1
thp_zero_page_alloc_failed 0
thp_promote 0
thp_fault_alloc 16012
thp_fault_fallback 18435
thp_collapse_alloc 18430
thp_collapse_alloc_failed 0
thp_split 17424
thp_zero_page_alloc 1
thp_zero_page_alloc_failed 0
thp_promote 0
thp_fault_alloc 16051
thp_fault_fallback 18435
thp_collapse_alloc 18430
thp_collapse_alloc_failed 0
thp_split 17424
thp_zero_page_alloc 1
thp_zero_page_alloc_failed 0
thp_promote 0
thp_fault_alloc 16090
thp_fault_fallback 18435
thp_collapse_alloc 18430
thp_collapse_alloc_failed 0
thp_split 17424
thp_zero_page_alloc 1
thp_zero_page_alloc_failed 0
thp_promote 0
thp_fault_alloc 16130
thp_fault_fallback 18435
thp_collapse_alloc 18430
thp_collapse_alloc_failed 0
thp_split 17424
thp_zero_page_alloc 1
thp_zero_page_alloc_failed 0
thp_promote 0
thp_fault_alloc 16170
thp_fault_fallback 18435
thp_collapse_alloc 18430
thp_collapse_alloc_failed 0
thp_split 17424
thp_zero_page_alloc 1
thp_zero_page_alloc_failed 0
thp_promote 0
thp_fault_alloc 16209
thp_fault_fallback 18435
thp_collapse_alloc 18430
thp_collapse_alloc_failed 0
thp_split 17424
thp_zero_page_alloc 1
thp_zero_page_alloc_failed 0
thp_promote 0
thp_fault_alloc 16283
thp_fault_fallback 18435
thp_collapse_alloc 18430
thp_collapse_alloc_failed 0
thp_split 17424
thp_zero_page_alloc 1
thp_zero_page_alloc_failed 0
thp_promote 0
thp_fault_alloc 16324
thp_fault_fallback 18435
thp_collapse_alloc 18430
thp_collapse_alloc_failed 0
thp_split 17424
thp_zero_page_alloc 1
thp_zero_page_alloc_failed 0
thp_promote 0
thp_fault_alloc 16362
thp_fault_fallback 18435
thp_collapse_alloc 18430
thp_collapse_alloc_failed 0
thp_split 17424
thp_zero_page_alloc 1
thp_zero_page_alloc_failed 0
thp_promote 0
thp_fault_alloc 16402
thp_fault_fallback 18435
thp_collapse_alloc 18729
thp_collapse_alloc_failed 0
thp_split 17424
thp_zero_page_alloc 1
thp_zero_page_alloc_failed 0
thp_promote 0
thp_fault_alloc 16441
thp_fault_fallback 18435
thp_collapse_alloc 18729
thp_collapse_alloc_failed 0
thp_split 17424
thp_zero_page_alloc 1
thp_zero_page_alloc_failed 0
thp_promote 0
thp_fault_alloc 16480
thp_fault_fallback 18435
thp_collapse_alloc 18729
thp_collapse_alloc_failed 0
thp_split 17424
thp_zero_page_alloc 1
thp_zero_page_alloc_failed 0
thp_promote 0
thp_fault_alloc 16523
thp_fault_fallback 18435
thp_collapse_alloc 18729
thp_collapse_alloc_failed 0
thp_split 17424
thp_zero_page_alloc 1
thp_zero_page_alloc_failed 0
thp_promote 0
thp_fault_alloc 16599
thp_fault_fallback 18435
thp_collapse_alloc 18729
thp_collapse_alloc_failed 0
thp_split 17424
thp_zero_page_alloc 1
thp_zero_page_alloc_failed 0
thp_promote 0
thp_fault_alloc 16638
thp_fault_fallback 18435
thp_collapse_alloc 18729
thp_collapse_alloc_failed 0
thp_split 17424
thp_zero_page_alloc 1
thp_zero_page_alloc_failed 0
thp_promote 0
thp_fault_alloc 16679
thp_fault_fallback 18435
thp_collapse_alloc 18729
thp_collapse_alloc_failed 0
thp_split 17424
thp_zero_page_alloc 1
thp_zero_page_alloc_failed 0
thp_promote 0
thp_fault_alloc 16719
thp_fault_fallback 18435
thp_collapse_alloc 18729
thp_collapse_alloc_failed 0
thp_split 17424
thp_zero_page_alloc 1
thp_zero_page_alloc_failed 0
thp_promote 0
thp_fault_alloc 16759
thp_fault_fallback 18435
thp_collapse_alloc 18729
thp_collapse_alloc_failed 0
thp_split 17424
thp_zero_page_alloc 1
thp_zero_page_alloc_failed 0
thp_promote 0
thp_fault_alloc 16797
thp_fault_fallback 18435
thp_collapse_alloc 18876
thp_collapse_alloc_failed 0
thp_split 17424
thp_zero_page_alloc 1
thp_zero_page_alloc_failed 0
thp_promote 0
thp_fault_alloc 16834
thp_fault_fallback 18435
thp_collapse_alloc 20247
thp_collapse_alloc_failed 0
thp_split 17425
thp_zero_page_alloc 1
thp_zero_page_alloc_failed 0
thp_promote 0
thp_fault_alloc 16867
thp_fault_fallback 18435
thp_collapse_alloc 21662
thp_collapse_alloc_failed 0
thp_split 17425
thp_zero_page_alloc 1
thp_zero_page_alloc_failed 0
thp_promote 0
thp_fault_alloc 16939
thp_fault_fallback 18435
thp_collapse_alloc 22929
thp_collapse_alloc_failed 0
thp_split 17425
thp_zero_page_alloc 1
thp_zero_page_alloc_failed 0
thp_promote 0
thp_fault_alloc 16978
thp_fault_fallback 18435
thp_collapse_alloc 23516
thp_collapse_alloc_failed 0
thp_split 17425
thp_zero_page_alloc 1
thp_zero_page_alloc_failed 0
thp_promote 0
thp_fault_alloc 17012
thp_fault_fallback 18435
thp_collapse_alloc 23516
thp_collapse_alloc_failed 0
thp_split 17425
thp_zero_page_alloc 1
thp_zero_page_alloc_failed 0
thp_promote 0
thp_fault_alloc 17049
thp_fault_fallback 18435
thp_collapse_alloc 23516
thp_collapse_alloc_failed 0
thp_split 17425
thp_zero_page_alloc 1
thp_zero_page_alloc_failed 0
thp_promote 0
thp_fault_alloc 17086
thp_fault_fallback 18435
thp_collapse_alloc 23516
thp_collapse_alloc_failed 0
thp_split 17425
thp_zero_page_alloc 1
thp_zero_page_alloc_failed 0
thp_promote 0
thp_fault_alloc 17159
thp_fault_fallback 18435
thp_collapse_alloc 23516
thp_collapse_alloc_failed 0
thp_split 17425
thp_zero_page_alloc 1
thp_zero_page_alloc_failed 0
thp_promote 0
thp_fault_alloc 17197
thp_fault_fallback 18435
thp_collapse_alloc 23516
thp_collapse_alloc_failed 0
thp_split 17425
thp_zero_page_alloc 1
thp_zero_page_alloc_failed 0
thp_promote 0
thp_fault_alloc 17238
thp_fault_fallback 18435
thp_collapse_alloc 23516
thp_collapse_alloc_failed 0
thp_split 17425
thp_zero_page_alloc 1
thp_zero_page_alloc_failed 0
thp_promote 0
thp_fault_alloc 17273
thp_fault_fallback 18435
thp_collapse_alloc 23516
thp_collapse_alloc_failed 0
thp_split 17425
thp_zero_page_alloc 1
thp_zero_page_alloc_failed 0
thp_promote 0
thp_fault_alloc 17308
thp_fault_fallback 18435
thp_collapse_alloc 23516
thp_collapse_alloc_failed 0
thp_split 17425
thp_zero_page_alloc 1
thp_zero_page_alloc_failed 0
thp_promote 0
thp_fault_alloc 17345
thp_fault_fallback 18435
thp_collapse_alloc 23900
thp_collapse_alloc_failed 0
thp_split 17425
thp_zero_page_alloc 1
thp_zero_page_alloc_failed 0
thp_promote 0
thp_fault_alloc 17387
thp_fault_fallback 18435
thp_collapse_alloc 23900
thp_collapse_alloc_failed 0
thp_split 17425
thp_zero_page_alloc 1
thp_zero_page_alloc_failed 0
thp_promote 0
thp_fault_alloc 17426
thp_fault_fallback 18435
thp_collapse_alloc 23900
thp_collapse_alloc_failed 0
thp_split 17425
thp_zero_page_alloc 1
thp_zero_page_alloc_failed 0
thp_promote 0
thp_fault_alloc 17466
thp_fault_fallback 18435
thp_collapse_alloc 23900
thp_collapse_alloc_failed 0
thp_split 17425
thp_zero_page_alloc 1
thp_zero_page_alloc_failed 0
thp_promote 0
thp_fault_alloc 17503
thp_fault_fallback 18435
thp_collapse_alloc 23900
thp_collapse_alloc_failed 0
thp_split 17425
thp_zero_page_alloc 1
thp_zero_page_alloc_failed 0
thp_promote 0
thp_fault_alloc 17539
thp_fault_fallback 18435
thp_collapse_alloc 23900
thp_collapse_alloc_failed 0
thp_split 17425
thp_zero_page_alloc 1
thp_zero_page_alloc_failed 0
thp_promote 0
thp_fault_alloc 17600
thp_fault_fallback 18435
thp_collapse_alloc 23900
thp_collapse_alloc_failed 0
thp_split 17425
thp_zero_page_alloc 1
thp_zero_page_alloc_failed 0
thp_promote 0
thp_fault_alloc 17652
thp_fault_fallback 18435
thp_collapse_alloc 23900
thp_collapse_alloc_failed 0
thp_split 17425
thp_zero_page_alloc 1
thp_zero_page_alloc_failed 0
thp_promote 0
thp_fault_alloc 17689
thp_fault_fallback 18435
thp_collapse_alloc 23900
thp_collapse_alloc_failed 0
thp_split 17425
thp_zero_page_alloc 1
thp_zero_page_alloc_failed 0
thp_promote 0
thp_fault_alloc 17728
thp_fault_fallback 18435
thp_collapse_alloc 23908
thp_collapse_alloc_failed 0
thp_split 17425
thp_zero_page_alloc 1
thp_zero_page_alloc_failed 0
thp_promote 0
thp_fault_alloc 17764
thp_fault_fallback 18435
thp_collapse_alloc 23908
thp_collapse_alloc_failed 0
thp_split 17425
thp_zero_page_alloc 1
thp_zero_page_alloc_failed 0
thp_promote 0
thp_fault_alloc 17802
thp_fault_fallback 18435
thp_collapse_alloc 23908
thp_collapse_alloc_failed 0
thp_split 17425
thp_zero_page_alloc 1
thp_zero_page_alloc_failed 0
thp_promote 0
thp_fault_alloc 17838
thp_fault_fallback 18435
thp_collapse_alloc 23908
thp_collapse_alloc_failed 0
thp_split 17425
thp_zero_page_alloc 1
thp_zero_page_alloc_failed 0
thp_promote 0
thp_fault_alloc 17875
thp_fault_fallback 18435
thp_collapse_alloc 23908
thp_collapse_alloc_failed 0
thp_split 17425
thp_zero_page_alloc 1
thp_zero_page_alloc_failed 0
thp_promote 0
thp_fault_alloc 17910
thp_fault_fallback 18435
thp_collapse_alloc 23908
thp_collapse_alloc_failed 0
thp_split 17425
thp_zero_page_alloc 1
thp_zero_page_alloc_failed 0
thp_promote 0
thp_fault_alloc 17950
thp_fault_fallback 18435
thp_collapse_alloc 23908
thp_collapse_alloc_failed 0
thp_split 17425
thp_zero_page_alloc 1
thp_zero_page_alloc_failed 0
thp_promote 0
thp_fault_alloc 17986
thp_fault_fallback 18435
thp_collapse_alloc 23908
thp_collapse_alloc_failed 0
thp_split 17425
thp_zero_page_alloc 1
thp_zero_page_alloc_failed 0
thp_promote 0
thp_fault_alloc 18021
thp_fault_fallback 18435
thp_collapse_alloc 23908
thp_collapse_alloc_failed 0
thp_split 17425
thp_zero_page_alloc 1
thp_zero_page_alloc_failed 0
thp_promote 0
thp_fault_alloc 18059
thp_fault_fallback 18435
thp_collapse_alloc 23908
thp_collapse_alloc_failed 0
thp_split 17425
thp_zero_page_alloc 1
thp_zero_page_alloc_failed 0
thp_promote 0
thp_fault_alloc 18095
thp_fault_fallback 18435
thp_collapse_alloc 23908
thp_collapse_alloc_failed 0
thp_split 17425
thp_zero_page_alloc 1
thp_zero_page_alloc_failed 0
thp_promote 0
thp_fault_alloc 18165
thp_fault_fallback 18435
thp_collapse_alloc 23908
thp_collapse_alloc_failed 0
thp_split 17425
thp_zero_page_alloc 1
thp_zero_page_alloc_failed 0
thp_promote 0
thp_fault_alloc 18203
thp_fault_fallback 18435
thp_collapse_alloc 23908
thp_collapse_alloc_failed 0
thp_split 17425
thp_zero_page_alloc 1
thp_zero_page_alloc_failed 0
thp_promote 0
thp_fault_alloc 18241
thp_fault_fallback 18435
thp_collapse_alloc 23908
thp_collapse_alloc_failed 0
thp_split 17425
thp_zero_page_alloc 1
thp_zero_page_alloc_failed 0
thp_promote 0
thp_fault_alloc 18280
thp_fault_fallback 18435
thp_collapse_alloc 23908
thp_collapse_alloc_failed 0
thp_split 17425
thp_zero_page_alloc 1
thp_zero_page_alloc_failed 0
thp_promote 0
thp_fault_alloc 18314
thp_fault_fallback 18435
thp_collapse_alloc 23908
thp_collapse_alloc_failed 0
thp_split 17425
thp_zero_page_alloc 1
thp_zero_page_alloc_failed 0
thp_promote 0
thp_fault_alloc 18354
thp_fault_fallback 18435
thp_collapse_alloc 23908
thp_collapse_alloc_failed 0
thp_split 17425
thp_zero_page_alloc 1
thp_zero_page_alloc_failed 0
thp_promote 0
thp_fault_alloc 18390
thp_fault_fallback 18435
thp_collapse_alloc 23908
thp_collapse_alloc_failed 0
thp_split 17425
thp_zero_page_alloc 1
thp_zero_page_alloc_failed 0
thp_promote 0
thp_fault_alloc 18425
thp_fault_fallback 18435
thp_collapse_alloc 23908
thp_collapse_alloc_failed 0
thp_split 17425
thp_zero_page_alloc 1
thp_zero_page_alloc_failed 0
thp_promote 0
thp_fault_alloc 18461
thp_fault_fallback 18435
thp_collapse_alloc 23908
thp_collapse_alloc_failed 0
thp_split 17425
thp_zero_page_alloc 1
thp_zero_page_alloc_failed 0
thp_promote 0
thp_fault_alloc 18500
thp_fault_fallback 18435
thp_collapse_alloc 23908
thp_collapse_alloc_failed 0
thp_split 17425
thp_zero_page_alloc 1
thp_zero_page_alloc_failed 0
thp_promote 0
thp_fault_alloc 18535
thp_fault_fallback 18435
thp_collapse_alloc 23908
thp_collapse_alloc_failed 0
thp_split 17425
thp_zero_page_alloc 1
thp_zero_page_alloc_failed 0
thp_promote 0
thp_fault_alloc 18573
thp_fault_fallback 18435
thp_collapse_alloc 23908
thp_collapse_alloc_failed 0
thp_split 17425
thp_zero_page_alloc 1
thp_zero_page_alloc_failed 0
thp_promote 0
thp_fault_alloc 18647
thp_fault_fallback 18435
thp_collapse_alloc 23908
thp_collapse_alloc_failed 0
thp_split 17425
thp_zero_page_alloc 1
thp_zero_page_alloc_failed 0
thp_promote 0
thp_fault_alloc 18683
thp_fault_fallback 18435
thp_collapse_alloc 23908
thp_collapse_alloc_failed 0
thp_split 17425
thp_zero_page_alloc 1
thp_zero_page_alloc_failed 0
thp_promote 0
thp_fault_alloc 18721
thp_fault_fallback 18435
thp_collapse_alloc 23908
thp_collapse_alloc_failed 0
thp_split 17425
thp_zero_page_alloc 1
thp_zero_page_alloc_failed 0
thp_promote 0
thp_fault_alloc 18757
thp_fault_fallback 18435
thp_collapse_alloc 23908
thp_collapse_alloc_failed 0
thp_split 17425
thp_zero_page_alloc 1
thp_zero_page_alloc_failed 0
thp_promote 0
thp_fault_alloc 18797
thp_fault_fallback 18435
thp_collapse_alloc 23908
thp_collapse_alloc_failed 0
thp_split 17425
thp_zero_page_alloc 1
thp_zero_page_alloc_failed 0
thp_promote 0
thp_fault_alloc 18832
thp_fault_fallback 18435
thp_collapse_alloc 23908
thp_collapse_alloc_failed 0
thp_split 17425
thp_zero_page_alloc 1
thp_zero_page_alloc_failed 0
thp_promote 0
thp_fault_alloc 18869
thp_fault_fallback 18435
thp_collapse_alloc 25126
thp_collapse_alloc_failed 0
thp_split 17425
thp_zero_page_alloc 1
thp_zero_page_alloc_failed 0
thp_promote 0
thp_fault_alloc 18910
thp_fault_fallback 18435
thp_collapse_alloc 26564
thp_collapse_alloc_failed 0
thp_split 17425
thp_zero_page_alloc 1
thp_zero_page_alloc_failed 0
thp_promote 0
thp_fault_alloc 18950
thp_fault_fallback 18435
thp_collapse_alloc 27163
thp_collapse_alloc_failed 0
thp_split 17425
thp_zero_page_alloc 1
thp_zero_page_alloc_failed 0
thp_promote 0
thp_fault_alloc 18991
thp_fault_fallback 18435
thp_collapse_alloc 27163
thp_collapse_alloc_failed 0
thp_split 17425
thp_zero_page_alloc 1
thp_zero_page_alloc_failed 0
thp_promote 0
thp_fault_alloc 19033
thp_fault_fallback 18435
thp_collapse_alloc 27163
thp_collapse_alloc_failed 0
thp_split 17425
thp_zero_page_alloc 1
thp_zero_page_alloc_failed 0
thp_promote 0
thp_fault_alloc 19072
thp_fault_fallback 18435
thp_collapse_alloc 27163
thp_collapse_alloc_failed 0
thp_split 17425
thp_zero_page_alloc 1
thp_zero_page_alloc_failed 0
thp_promote 0
thp_fault_alloc 19114
thp_fault_fallback 18435
thp_collapse_alloc 27163
thp_collapse_alloc_failed 0
thp_split 17425
thp_zero_page_alloc 1
thp_zero_page_alloc_failed 0
thp_promote 0
thp_fault_alloc 19152
thp_fault_fallback 18435
thp_collapse_alloc 27163
thp_collapse_alloc_failed 0
thp_split 17425
thp_zero_page_alloc 1
thp_zero_page_alloc_failed 0
thp_promote 0
thp_fault_alloc 19195
thp_fault_fallback 18435
thp_collapse_alloc 27163
thp_collapse_alloc_failed 0
thp_split 17425
thp_zero_page_alloc 1
thp_zero_page_alloc_failed 0
thp_promote 0
thp_fault_alloc 19236
thp_fault_fallback 18435
thp_collapse_alloc 27163
thp_collapse_alloc_failed 0
thp_split 17425
thp_zero_page_alloc 1
thp_zero_page_alloc_failed 0
thp_promote 0
thp_fault_alloc 19278
thp_fault_fallback 18435
thp_collapse_alloc 27163
thp_collapse_alloc_failed 0
thp_split 17425
thp_zero_page_alloc 1
thp_zero_page_alloc_failed 0
thp_promote 0
thp_fault_alloc 19322
thp_fault_fallback 18435
thp_collapse_alloc 27163
thp_collapse_alloc_failed 0
thp_split 17425
thp_zero_page_alloc 1
thp_zero_page_alloc_failed 0
thp_promote 0
thp_fault_alloc 19362
thp_fault_fallback 18435
thp_collapse_alloc 27163
thp_collapse_alloc_failed 0
thp_split 17425
thp_zero_page_alloc 1
thp_zero_page_alloc_failed 0
thp_promote 0
thp_fault_alloc 19406
thp_fault_fallback 18435
thp_collapse_alloc 27163
thp_collapse_alloc_failed 0
thp_split 17425
thp_zero_page_alloc 1
thp_zero_page_alloc_failed 0
thp_promote 0
thp_fault_alloc 19445
thp_fault_fallback 18435
thp_collapse_alloc 27163
thp_collapse_alloc_failed 0
thp_split 17425
thp_zero_page_alloc 1
thp_zero_page_alloc_failed 0
thp_promote 0
thp_fault_alloc 19483
thp_fault_fallback 18435
thp_collapse_alloc 27163
thp_collapse_alloc_failed 0
thp_split 17425
thp_zero_page_alloc 1
thp_zero_page_alloc_failed 0
thp_promote 0
thp_fault_alloc 19525
thp_fault_fallback 18435
thp_collapse_alloc 27163
thp_collapse_alloc_failed 0
thp_split 17425
thp_zero_page_alloc 1
thp_zero_page_alloc_failed 0
thp_promote 0
thp_fault_alloc 19568
thp_fault_fallback 18435
thp_collapse_alloc 27163
thp_collapse_alloc_failed 0
thp_split 17425
thp_zero_page_alloc 1
thp_zero_page_alloc_failed 0
thp_promote 0
thp_fault_alloc 19608
thp_fault_fallback 18435
thp_collapse_alloc 27163
thp_collapse_alloc_failed 0
thp_split 17425
thp_zero_page_alloc 1
thp_zero_page_alloc_failed 0
thp_promote 0
thp_fault_alloc 19646
thp_fault_fallback 18435
thp_collapse_alloc 27163
thp_collapse_alloc_failed 0
thp_split 17425
thp_zero_page_alloc 1
thp_zero_page_alloc_failed 0
thp_promote 0
thp_fault_alloc 19687
thp_fault_fallback 18435
thp_collapse_alloc 27163
thp_collapse_alloc_failed 0
thp_split 17425
thp_zero_page_alloc 1
thp_zero_page_alloc_failed 0
thp_promote 0
thp_fault_alloc 19727
thp_fault_fallback 18435
thp_collapse_alloc 27163
thp_collapse_alloc_failed 0
thp_split 17425
thp_zero_page_alloc 1
thp_zero_page_alloc_failed 0
thp_promote 0
thp_fault_alloc 19768
thp_fault_fallback 18435
thp_collapse_alloc 27163
thp_collapse_alloc_failed 0
thp_split 17425
thp_zero_page_alloc 1
thp_zero_page_alloc_failed 0
thp_promote 0
thp_fault_alloc 19806
thp_fault_fallback 18435
thp_collapse_alloc 27163
thp_collapse_alloc_failed 0
thp_split 17425
thp_zero_page_alloc 1
thp_zero_page_alloc_failed 0
thp_promote 0
thp_fault_alloc 19847
thp_fault_fallback 18435
thp_collapse_alloc 27163
thp_collapse_alloc_failed 0
thp_split 17425
thp_zero_page_alloc 1
thp_zero_page_alloc_failed 0
thp_promote 0
thp_fault_alloc 19921
thp_fault_fallback 18435
thp_collapse_alloc 27163
thp_collapse_alloc_failed 0
thp_split 17425
thp_zero_page_alloc 1
thp_zero_page_alloc_failed 0
thp_promote 0
thp_fault_alloc 19966
thp_fault_fallback 18435
thp_collapse_alloc 27163
thp_collapse_alloc_failed 0
thp_split 17425
thp_zero_page_alloc 1
thp_zero_page_alloc_failed 0
thp_promote 0
thp_fault_alloc 20005
thp_fault_fallback 18435
thp_collapse_alloc 27163
thp_collapse_alloc_failed 0
thp_split 17425
thp_zero_page_alloc 1
thp_zero_page_alloc_failed 0
thp_promote 0
thp_fault_alloc 20048
thp_fault_fallback 18435
thp_collapse_alloc 27163
thp_collapse_alloc_failed 0
thp_split 17425
thp_zero_page_alloc 1
thp_zero_page_alloc_failed 0
thp_promote 0
thp_fault_alloc 20090
thp_fault_fallback 18435
thp_collapse_alloc 27163
thp_collapse_alloc_failed 0
thp_split 17425
thp_zero_page_alloc 1
thp_zero_page_alloc_failed 0
thp_promote 0
thp_fault_alloc 20130
thp_fault_fallback 18435
thp_collapse_alloc 27163
thp_collapse_alloc_failed 0
thp_split 17425
thp_zero_page_alloc 1
thp_zero_page_alloc_failed 0
thp_promote 0
thp_fault_alloc 20171
thp_fault_fallback 18435
thp_collapse_alloc 27163
thp_collapse_alloc_failed 0
thp_split 17425
thp_zero_page_alloc 1
thp_zero_page_alloc_failed 0
thp_promote 0
thp_fault_alloc 20211
thp_fault_fallback 18435
thp_collapse_alloc 27163
thp_collapse_alloc_failed 0
thp_split 17425
thp_zero_page_alloc 1
thp_zero_page_alloc_failed 0
thp_promote 0
thp_fault_alloc 20249
thp_fault_fallback 18435
thp_collapse_alloc 27163
thp_collapse_alloc_failed 0
thp_split 17425
thp_zero_page_alloc 1
thp_zero_page_alloc_failed 0
thp_promote 0
thp_fault_alloc 20286
thp_fault_fallback 18435
thp_collapse_alloc 27163
thp_collapse_alloc_failed 0
thp_split 17425
thp_zero_page_alloc 1
thp_zero_page_alloc_failed 0
thp_promote 0
thp_fault_alloc 20324
thp_fault_fallback 18435
thp_collapse_alloc 27163
thp_collapse_alloc_failed 0
thp_split 17425
thp_zero_page_alloc 1
thp_zero_page_alloc_failed 0
thp_promote 0
thp_fault_alloc 20363
thp_fault_fallback 18435
thp_collapse_alloc 27163
thp_collapse_alloc_failed 0
thp_split 17425
thp_zero_page_alloc 1
thp_zero_page_alloc_failed 0
thp_promote 0
thp_fault_alloc 20402
thp_fault_fallback 18435
thp_collapse_alloc 27163
thp_collapse_alloc_failed 0
thp_split 17425
thp_zero_page_alloc 1
thp_zero_page_alloc_failed 0
thp_promote 0
thp_fault_alloc 20442
thp_fault_fallback 18435
thp_collapse_alloc 27163
thp_collapse_alloc_failed 0
thp_split 17425
thp_zero_page_alloc 1
thp_zero_page_alloc_failed 0
thp_promote 0
thp_fault_alloc 20481
thp_fault_fallback 18435
thp_collapse_alloc 27163
thp_collapse_alloc_failed 0
thp_split 17425
thp_zero_page_alloc 1
thp_zero_page_alloc_failed 0
thp_promote 0
thp_fault_alloc 20518
thp_fault_fallback 18435
thp_collapse_alloc 27163
thp_collapse_alloc_failed 0
thp_split 17425
thp_zero_page_alloc 1
thp_zero_page_alloc_failed 0
thp_promote 0
thp_fault_alloc 20550
thp_fault_fallback 18435
thp_collapse_alloc 27163
thp_collapse_alloc_failed 0
thp_split 17425
thp_zero_page_alloc 1
thp_zero_page_alloc_failed 0
thp_promote 0
thp_fault_alloc 20588
thp_fault_fallback 18435
thp_collapse_alloc 27163
thp_collapse_alloc_failed 0
thp_split 17425
thp_zero_page_alloc 1
thp_zero_page_alloc_failed 0
thp_promote 0
thp_fault_alloc 20626
thp_fault_fallback 18435
thp_collapse_alloc 27163
thp_collapse_alloc_failed 0
thp_split 17425
thp_zero_page_alloc 1
thp_zero_page_alloc_failed 0
thp_promote 0
thp_fault_alloc 20663
thp_fault_fallback 18435
thp_collapse_alloc 27163
thp_collapse_alloc_failed 0
thp_split 17425
thp_zero_page_alloc 1
thp_zero_page_alloc_failed 0
thp_promote 0
thp_fault_alloc 20705
thp_fault_fallback 18435
thp_collapse_alloc 27163
thp_collapse_alloc_failed 0
thp_split 17425
thp_zero_page_alloc 1
thp_zero_page_alloc_failed 0
thp_promote 0
thp_fault_alloc 20743
thp_fault_fallback 18435
thp_collapse_alloc 27163
thp_collapse_alloc_failed 0
thp_split 17425
thp_zero_page_alloc 1
thp_zero_page_alloc_failed 0
thp_promote 0
thp_fault_alloc 20780
thp_fault_fallback 18435
thp_collapse_alloc 27163
thp_collapse_alloc_failed 0
thp_split 17425
thp_zero_page_alloc 1
thp_zero_page_alloc_failed 0
thp_promote 0
thp_fault_alloc 20819
thp_fault_fallback 18435
thp_collapse_alloc 27163
thp_collapse_alloc_failed 0
thp_split 17425
thp_zero_page_alloc 1
thp_zero_page_alloc_failed 0
thp_promote 0
thp_fault_alloc 20856
thp_fault_fallback 18435
thp_collapse_alloc 27163
thp_collapse_alloc_failed 0
thp_split 17425
thp_zero_page_alloc 1
thp_zero_page_alloc_failed 0
thp_promote 0
thp_fault_alloc 20893
thp_fault_fallback 18435
thp_collapse_alloc 27163
thp_collapse_alloc_failed 0
thp_split 17425
thp_zero_page_alloc 1
thp_zero_page_alloc_failed 0
thp_promote 0
thp_fault_alloc 20930
thp_fault_fallback 18435
thp_collapse_alloc 27163
thp_collapse_alloc_failed 0
thp_split 17425
thp_zero_page_alloc 1
thp_zero_page_alloc_failed 0
thp_promote 0
thp_fault_alloc 20964
thp_fault_fallback 18435
thp_collapse_alloc 27163
thp_collapse_alloc_failed 0
thp_split 17425
thp_zero_page_alloc 1
thp_zero_page_alloc_failed 0
thp_promote 0
thp_fault_alloc 21001
thp_fault_fallback 18435
thp_collapse_alloc 27163
thp_collapse_alloc_failed 0
thp_split 17425
thp_zero_page_alloc 1
thp_zero_page_alloc_failed 0
thp_promote 0
thp_fault_alloc 21038
thp_fault_fallback 18435
thp_collapse_alloc 27163
thp_collapse_alloc_failed 0
thp_split 17425
thp_zero_page_alloc 1
thp_zero_page_alloc_failed 0
thp_promote 0
thp_fault_alloc 21075
thp_fault_fallback 18435
thp_collapse_alloc 27163
thp_collapse_alloc_failed 0
thp_split 17425
thp_zero_page_alloc 1
thp_zero_page_alloc_failed 0
thp_promote 0
thp_fault_alloc 21113
thp_fault_fallback 18435
thp_collapse_alloc 27163
thp_collapse_alloc_failed 0
thp_split 17425
thp_zero_page_alloc 1
thp_zero_page_alloc_failed 0
thp_promote 0
thp_fault_alloc 21149
thp_fault_fallback 18435
thp_collapse_alloc 27163
thp_collapse_alloc_failed 0
thp_split 17425
thp_zero_page_alloc 1
thp_zero_page_alloc_failed 0
thp_promote 0
thp_fault_alloc 21188
thp_fault_fallback 18435
thp_collapse_alloc 27163
thp_collapse_alloc_failed 0
thp_split 17425
thp_zero_page_alloc 1
thp_zero_page_alloc_failed 0
thp_promote 0
thp_fault_alloc 21224
thp_fault_fallback 18435
thp_collapse_alloc 27163
thp_collapse_alloc_failed 0
thp_split 17425
thp_zero_page_alloc 1
thp_zero_page_alloc_failed 0
thp_promote 0
thp_fault_alloc 21260
thp_fault_fallback 18443
thp_collapse_alloc 27163
thp_collapse_alloc_failed 0
thp_split 17433
thp_zero_page_alloc 1
thp_zero_page_alloc_failed 0
thp_promote 0
thp_fault_alloc 21296
thp_fault_fallback 18446
thp_collapse_alloc 27163
thp_collapse_alloc_failed 0
thp_split 17436
thp_zero_page_alloc 1
thp_zero_page_alloc_failed 0
thp_promote 0
thp_fault_alloc 21334
thp_fault_fallback 18446
thp_collapse_alloc 27163
thp_collapse_alloc_failed 0
thp_split 17436
thp_zero_page_alloc 1
thp_zero_page_alloc_failed 0
thp_promote 0
thp_fault_alloc 21370
thp_fault_fallback 18446
thp_collapse_alloc 27163
thp_collapse_alloc_failed 0
thp_split 17436
thp_zero_page_alloc 1
thp_zero_page_alloc_failed 0
thp_promote 0
thp_fault_alloc 21411
thp_fault_fallback 18447
thp_collapse_alloc 27163
thp_collapse_alloc_failed 0
thp_split 17437
thp_zero_page_alloc 1
thp_zero_page_alloc_failed 0
thp_promote 0
thp_fault_alloc 21447
thp_fault_fallback 18447
thp_collapse_alloc 27163
thp_collapse_alloc_failed 0
thp_split 17437
thp_zero_page_alloc 1
thp_zero_page_alloc_failed 0
thp_promote 0
thp_fault_alloc 21502
thp_fault_fallback 18447
thp_collapse_alloc 27163
thp_collapse_alloc_failed 0
thp_split 17437
thp_zero_page_alloc 1
thp_zero_page_alloc_failed 0
thp_promote 0
thp_fault_alloc 21557
thp_fault_fallback 18447
thp_collapse_alloc 27163
thp_collapse_alloc_failed 0
thp_split 17437
thp_zero_page_alloc 1
thp_zero_page_alloc_failed 0
thp_promote 0
thp_fault_alloc 21623
thp_fault_fallback 18447
thp_collapse_alloc 27163
thp_collapse_alloc_failed 0
thp_split 17437
thp_zero_page_alloc 1
thp_zero_page_alloc_failed 0
thp_promote 0
thp_fault_alloc 21715
thp_fault_fallback 18447
thp_collapse_alloc 27163
thp_collapse_alloc_failed 0
thp_split 17437
thp_zero_page_alloc 1
thp_zero_page_alloc_failed 0
thp_promote 0
thp_fault_alloc 21753
thp_fault_fallback 18447
thp_collapse_alloc 27163
thp_collapse_alloc_failed 0
thp_split 17437
thp_zero_page_alloc 1
thp_zero_page_alloc_failed 0
thp_promote 0
thp_fault_alloc 21788
thp_fault_fallback 18447
thp_collapse_alloc 27163
thp_collapse_alloc_failed 0
thp_split 17437
thp_zero_page_alloc 1
thp_zero_page_alloc_failed 0
thp_promote 0
thp_fault_alloc 21825
thp_fault_fallback 18447
thp_collapse_alloc 27163
thp_collapse_alloc_failed 0
thp_split 17437
thp_zero_page_alloc 1
thp_zero_page_alloc_failed 0
thp_promote 0
thp_fault_alloc 21976
thp_fault_fallback 18447
thp_collapse_alloc 27163
thp_collapse_alloc_failed 0
thp_split 17437
thp_zero_page_alloc 1
thp_zero_page_alloc_failed 0
thp_promote 0
thp_fault_alloc 22014
thp_fault_fallback 18447
thp_collapse_alloc 27163
thp_collapse_alloc_failed 0
thp_split 17437
thp_zero_page_alloc 1
thp_zero_page_alloc_failed 0
thp_promote 0
thp_fault_alloc 22048
thp_fault_fallback 18447
thp_collapse_alloc 27163
thp_collapse_alloc_failed 0
thp_split 17437
thp_zero_page_alloc 1
thp_zero_page_alloc_failed 0
thp_promote 0
thp_fault_alloc 22085
thp_fault_fallback 18447
thp_collapse_alloc 27163
thp_collapse_alloc_failed 0
thp_split 17437
thp_zero_page_alloc 1
thp_zero_page_alloc_failed 0
thp_promote 0
thp_fault_alloc 22121
thp_fault_fallback 18447
thp_collapse_alloc 27163
thp_collapse_alloc_failed 0
thp_split 17437
thp_zero_page_alloc 1
thp_zero_page_alloc_failed 0
thp_promote 0
thp_fault_alloc 22161
thp_fault_fallback 18447
thp_collapse_alloc 27163
thp_collapse_alloc_failed 0
thp_split 17437
thp_zero_page_alloc 1
thp_zero_page_alloc_failed 0
thp_promote 0
thp_fault_alloc 22201
thp_fault_fallback 18447
thp_collapse_alloc 27163
thp_collapse_alloc_failed 0
thp_split 17437
thp_zero_page_alloc 1
thp_zero_page_alloc_failed 0
thp_promote 0
thp_fault_alloc 22467
thp_fault_fallback 18447
thp_collapse_alloc 27163
thp_collapse_alloc_failed 0
thp_split 17437
thp_zero_page_alloc 1
thp_zero_page_alloc_failed 0
thp_promote 0
thp_fault_alloc 22505
thp_fault_fallback 18447
thp_collapse_alloc 27163
thp_collapse_alloc_failed 0
thp_split 17437
thp_zero_page_alloc 1
thp_zero_page_alloc_failed 0
thp_promote 0
thp_fault_alloc 22539
thp_fault_fallback 18447
thp_collapse_alloc 27163
thp_collapse_alloc_failed 0
thp_split 17437
thp_zero_page_alloc 1
thp_zero_page_alloc_failed 0
thp_promote 0
thp_fault_alloc 22577
thp_fault_fallback 18447
thp_collapse_alloc 27163
thp_collapse_alloc_failed 0
thp_split 17437
thp_zero_page_alloc 1
thp_zero_page_alloc_failed 0
thp_promote 0
thp_fault_alloc 22612
thp_fault_fallback 18447
thp_collapse_alloc 27163
thp_collapse_alloc_failed 0
thp_split 17437
thp_zero_page_alloc 1
thp_zero_page_alloc_failed 0
thp_promote 0
thp_fault_alloc 22650
thp_fault_fallback 18447
thp_collapse_alloc 27163
thp_collapse_alloc_failed 0
thp_split 17437
thp_zero_page_alloc 1
thp_zero_page_alloc_failed 0
thp_promote 0
thp_fault_alloc 22687
thp_fault_fallback 18447
thp_collapse_alloc 27163
thp_collapse_alloc_failed 0
thp_split 17437
thp_zero_page_alloc 1
thp_zero_page_alloc_failed 0
thp_promote 0
thp_fault_alloc 22724
thp_fault_fallback 18447
thp_collapse_alloc 27163
thp_collapse_alloc_failed 0
thp_split 17437
thp_zero_page_alloc 1
thp_zero_page_alloc_failed 0
thp_promote 0
thp_fault_alloc 22762
thp_fault_fallback 18447
thp_collapse_alloc 27163
thp_collapse_alloc_failed 0
thp_split 17437
thp_zero_page_alloc 1
thp_zero_page_alloc_failed 0
thp_promote 0
thp_fault_alloc 22798
thp_fault_fallback 18447
thp_collapse_alloc 27163
thp_collapse_alloc_failed 0
thp_split 17437
thp_zero_page_alloc 1
thp_zero_page_alloc_failed 0
thp_promote 0
thp_fault_alloc 22837
thp_fault_fallback 18447
thp_collapse_alloc 27163
thp_collapse_alloc_failed 0
thp_split 17437
thp_zero_page_alloc 1
thp_zero_page_alloc_failed 0
thp_promote 0
thp_fault_alloc 22874
thp_fault_fallback 18447
thp_collapse_alloc 27163
thp_collapse_alloc_failed 0
thp_split 17437
thp_zero_page_alloc 1
thp_zero_page_alloc_failed 0
thp_promote 0
thp_fault_alloc 22914
thp_fault_fallback 18447
thp_collapse_alloc 27163
thp_collapse_alloc_failed 0
thp_split 17437
thp_zero_page_alloc 1
thp_zero_page_alloc_failed 0
thp_promote 0
thp_fault_alloc 22952
thp_fault_fallback 18447
thp_collapse_alloc 27163
thp_collapse_alloc_failed 0
thp_split 17437
thp_zero_page_alloc 1
thp_zero_page_alloc_failed 0
thp_promote 0
thp_fault_alloc 23277
thp_fault_fallback 18447
thp_collapse_alloc 27163
thp_collapse_alloc_failed 0
thp_split 17437
thp_zero_page_alloc 1
thp_zero_page_alloc_failed 0
thp_promote 0
thp_fault_alloc 23482
thp_fault_fallback 18447
thp_collapse_alloc 27163
thp_collapse_alloc_failed 0
thp_split 17437
thp_zero_page_alloc 1
thp_zero_page_alloc_failed 0
thp_promote 0
thp_fault_alloc 23517
thp_fault_fallback 18451
thp_collapse_alloc 27163
thp_collapse_alloc_failed 0
thp_split 17442
thp_zero_page_alloc 1
thp_zero_page_alloc_failed 0
thp_promote 0
thp_fault_alloc 23517
thp_fault_fallback 18451
thp_collapse_alloc 27163
thp_collapse_alloc_failed 0
thp_split 17442
thp_zero_page_alloc 1
thp_zero_page_alloc_failed 0
thp_promote 0
thp_fault_alloc 23551
thp_fault_fallback 18451
thp_collapse_alloc 27163
thp_collapse_alloc_failed 0
thp_split 17442
thp_zero_page_alloc 1
thp_zero_page_alloc_failed 0
thp_promote 0
thp_fault_alloc 23551
thp_fault_fallback 18451
thp_collapse_alloc 27163
thp_collapse_alloc_failed 0
thp_split 17442
thp_zero_page_alloc 1
thp_zero_page_alloc_failed 0
thp_promote 0
thp_fault_alloc 23588
thp_fault_fallback 18451
thp_collapse_alloc 27163
thp_collapse_alloc_failed 0
thp_split 17442
thp_zero_page_alloc 1
thp_zero_page_alloc_failed 0
thp_promote 0
thp_fault_alloc 23623
thp_fault_fallback 18451
thp_collapse_alloc 27163
thp_collapse_alloc_failed 0
thp_split 17442
thp_zero_page_alloc 1
thp_zero_page_alloc_failed 0
thp_promote 0
thp_fault_alloc 23691
thp_fault_fallback 18451
thp_collapse_alloc 27163
thp_collapse_alloc_failed 0
thp_split 17442
thp_zero_page_alloc 1
thp_zero_page_alloc_failed 0
thp_promote 0
thp_fault_alloc 23735
thp_fault_fallback 18451
thp_collapse_alloc 27163
thp_collapse_alloc_failed 0
thp_split 17442
thp_zero_page_alloc 1
thp_zero_page_alloc_failed 0
thp_promote 0
thp_fault_alloc 23769
thp_fault_fallback 18451
thp_collapse_alloc 27163
thp_collapse_alloc_failed 0
thp_split 17442
thp_zero_page_alloc 1
thp_zero_page_alloc_failed 0
thp_promote 0
thp_fault_alloc 23807
thp_fault_fallback 18451
thp_collapse_alloc 27163
thp_collapse_alloc_failed 0
thp_split 17442
thp_zero_page_alloc 1
thp_zero_page_alloc_failed 0
thp_promote 0
thp_fault_alloc 23845
thp_fault_fallback 18451
thp_collapse_alloc 27163
thp_collapse_alloc_failed 0
thp_split 17442
thp_zero_page_alloc 1
thp_zero_page_alloc_failed 0
thp_promote 0
thp_fault_alloc 23882
thp_fault_fallback 18451
thp_collapse_alloc 27163
thp_collapse_alloc_failed 0
thp_split 17442
thp_zero_page_alloc 1
thp_zero_page_alloc_failed 0
thp_promote 0
thp_fault_alloc 23920
thp_fault_fallback 18451
thp_collapse_alloc 27163
thp_collapse_alloc_failed 0
thp_split 17442
thp_zero_page_alloc 1
thp_zero_page_alloc_failed 0
thp_promote 0
