10867296 0
10935888 0
11004088 0
11074500 0
11143632 0
11213220 0
11282816 0
11352512 0
11421972 0
11491756 0
11561796 0
11630964 0
11700724 0
11770232 0
11840088 0
11909764 0
11915016 0
11915680 0
11916556 0
11393988 0
11398140 0
11402284 0
11407144 0
11412452 0
11418016 0
11423860 0
11429788 0
11435916 0
11442176 0
11448532 0
11455248 0
11462476 0
11469136 0
11475844 0
11482600 0
11489244 0
11494912 0
11500480 0
11506972 0
11513664 0
11520324 0
11526960 0
11533672 0
11540760 0
11547684 0
11554184 0
11560740 0
11567184 0
11573640 0
11594244 0
11600656 0
11617804 0
11624012 0
11630256 0
11636368 0
11642452 0
11648720 0
11654816 0
11660728 0
11666704 0
11672436 0
11678176 0
11683936 0
11689940 0
11695428 0
11700932 0
11706388 0
11711828 0
11717184 0
11722548 0
11727988 0
11733368 0
11738748 0
11749712 0
11754868 0
11760040 0
11765000 0
11770028 0
11775076 0
11779956 0
11784796 0
11789664 0
11794564 0
11799280 0
11803960 0
11808620 0
11813256 0
11817860 0
11822456 0
11827092 0
11831660 0
11836144 0
11840648 0
11845072 0
11849488 0
11853900 0
11858288 0
11862628 0
11866960 0
11871248 0
11875524 0
11879844 0
11884076 0
11888260 0
11892528 0
11896688 0
11900772 0
11904844 0
11908936 0
11912972 0
11916992 0
11920696 0
11924652 0
11928520 0
11932440 0
11936376 0
11939920 0
11943588 0
11947352 0
11951116 0
11954892 0
11958648 0
11961316 0
11962612 0
11963992 0
11965544 0
11967312 0
11969228 0
11971360 0
11973644 0
11976100 0
11978696 0
11981476 0
11984076 0
11987160 0
11990464 0
11993788 0
11997160 0
12000472 0
12003848 0
12007316 0
12010792 0
12014172 0
12016824 0
12019684 0
12022500 0
12025300 0
12028684 0
12034336 0
12037216 0
12040532 0
12048768 0
12051940 0
12055096 0
12058040 0
12061184 0
12064324 0
12067404 0
12070268 0
12073460 0
12076488 0
12079492 0
12082472 0
12085484 0
12088480 0
12091424 0
12094360 0
12097296 0
12100236 0
12102868 0
12105752 0
12108588 0
12111400 0
12114216 0
12116992 0
12119824 0
12127360 0
12130076 0
12136400 0
12139072 0
12141808 0
12144724 0
12147336 0
12149940 0
12152684 0
12155272 0
12157816 0
12160388 0
12163276 0
12165708 0
12167892 0
12169876 0
12171988 0
12174296 0
12176620 0
12178788 0
12180740 0
12182668 0
12184576 0
12186472 0
12188592 0
12190824 0
12193016 0
12195272 0
12197452 0
12199672 0
12201824 0
12204020 0
12206132 0
12208244 0
12210328 0
12212416 0
12214480 0
12216564 0
12218588 0
12220652 0
12222704 0
12224700 0
12226744 0
12228736 0
12230688 0
12232624 0
12234568 0
12236492 0
12238400 0
12240304 0
12242184 0
12244056 0
12245988 0
12247852 0
12249732 0
12251540 0
12253268 0
12255112 0
12256900 0
12257968 0
12258568 0
12259224 0
12259956 0
12260708 0
12261608 0
12262600 0
12263692 0
12264884 0
12266200 0
12267608 0
12269104 0
12270648 0
12272288 0
12273852 0
12275508 0
12277160 0
12278832 0
12280544 0
12282228 0
12283936 0
12285644 0
12287268 0
12288992 0
12290628 0
12292648 0
12294224 0
12295868 0
12297480 0
12299912 0
12301512 0
12303116 0
12304688 0
12306312 0
12307896 0
12309456 0
12310996 0
12312512 0
12314032 0
12315568 0
12317044 0
12318520 0
12320032 0
12321504 0
12322976 0
12324416 0
12325860 0
12327124 0
12328572 0
12330028 0
12331452 0
12332668 0
12333872 0
12335172 0
12336564 0
12340448 0
12341756 0
12343384 0
12344696 0
12346004 0
12347168 0
12348436 0
12349728 0
12351008 0
12352256 0
12353500 0
12354752 0
12356056 0
12357280 0
12358500 0
12359724 0
12360916 0
12362116 0
12363260 0
12364380 0
12365620 0
12366760 0
12367876 0
12368968 0
12370092 0
12371184 0
12372276 0
12373392 0
12374464 0
12375512 0
12376544 0
12377620 0
12378664 0
12379608 0
12380628 0
12381652 0
12382692 0
12383712 0
12384716 0
12385724 0
12386696 0
12387684 0
12388664 0
12389632 0
12390592 0
12391204 0
12391204 0
12391204 0
12391204 0
12391204 0
12391204 0
12391204 0
12391204 0
12391204 0
12391204 0
12391204 0
12391204 0
12391204 0
12391204 0
12391204 0
12391204 0
12391204 0
12391204 0
12391204 0
12391204 0
12391204 0
12391204 0
12391204 0
12391204 0
12391204 0
12391204 0
12391204 0
12391204 0
12391204 0
12391204 0
12391204 0
12391204 0
12391204 0
12391204 0
12391204 0
12391204 0
12391204 0
12391204 0
12391204 0
12391204 0
12391204 0
12391204 0
12391204 0
12391204 0
12391204 0
12391204 0
12391204 0
12385028
