27
27
27
27
27
27
27
27
27
27
27
27
27
27
27
27
27
27
27
27
27
27
27
27
27
27
27
27
27
27
27
27
27
30
30
30
30
30
30
30
30
34
34
34
34
34
34
34
34
34
38
38
38
38
38
38
38
38
38
42
42
42
42
42
50
50
50
50
50
50
50
50
50
58
58
58
58
58
58
58
58
58
66
66
66
66
66
66
66
66
66
74
74
74
74
74
74
74
74
74
82
82
82
82
82
82
82
82
82
90
90
90
90
90
90
90
90
90
90
90
90
90
90
90
90
90
90
90
90
90
90
90
90
90
90
90
90
90
90
90
90
90
90
93
93
93
93
93
93
93
97
97
97
97
97
97
97
97
101
101
101
101
101
101
101
101
101
105
105
105
105
105
105
105
105
105
109
109
109
109
109
109
109
113
113
113
113
113
113
113
113
113
121
121
121
121
121
121
121
121
129
129
129
129
129
129
129
129
129
137
137
137
137
137
137
137
137
137
145
145
145
145
145
145
145
145
153
153
153
153
153
153
153
153
153
161
161
161
161
161
161
161
161
161
161
161
161
161
161
161
161
161
161
161
161
161
161
161
161
161
161
161
161
161
161
161
161
161
161
165
165
165
165
165
169
169
169
169
169
169
169
169
169
173
173
173
173
173
173
173
173
173
177
177
177
177
177
177
177
177
181
181
181
181
181
181
185
185
185
185
185
185
185
185
185
189
189
189
189
189
189
189
189
189
197
197
197
197
197
197
197
197
197
205
205
205
205
205
205
205
205
212
213
213
213
213
213
213
213
213
221
221
221
221
221
221
221
221
221
229
229
229
229
229
229
229
229
229
237
237
237
237
237
237
237
237
237
237
237
237
237
237
237
237
237
237
237
237
237
237
237
237
237
237
237
237
237
237
237
237
237
237
237
237
237
237
237
237
237
