11398052 0
11400580 0
11403168 0
11405908 0
11408828 0
11411968 0
11415280 0
11418784 0
11422480 0
11426464 0
11430628 0
11435024 0
11439664 0
11444584 0
11449676 0
11454996 0
11460512 0
11466204 0
11472008 0
11477948 0
11483924 0
11489992 0
11496172 0
11502400 0
11508636 0
11514860 2048
11521232 2048
11527508 2048
11533580 2048
11539668 2048
11567332 2048
11586104 6144
11591892 6144
11597996 6144
11605124 6144
11610772 6144
11616376 6144
11621912 14336
11627420 14336
11632900 14336
11638408 14336
11643900 14336
11649376 14336
11654812 14336
11660212 14336
11665536 14336
11670852 22528
11676140 22528
11681340 22528
11686536 22528
11691704 22528
11696820 22528
11701876 22528
11706940 22528
11711980 22528
11717008 30720
11722116 30720
11727168 30720
11732192 30720
11737220 30720
11751352 30720
11755972 30720
11760672 47104
11765076 47104
11769580 47104
11774268 47104
11778864 47104
11783428 47104
11788056 47104
11792560 47104
11797056 47104
11801424 63488
11805616 63488
11809928 63488
11814352 63488
11818720 63488
11823068 63488
11827380 63488
11831652 63488
11835876 63488
11839980 79872
11843924 79872
11847996 79872
11852156 79872
11856260 79872
11860396 79872
11864468 79872
11868568 79872
11872608 79872
11876544 96256
11880324 96256
11884196 96256
11888124 96256
11892052 96256
11895980 96256
11899848 96256
11903712 96256
11907408 96256
11910984 112640
11914528 112640
11918832 114688
11923212 118784
11927500 122880
11931660 126976
11933836 129024
11937932 133120
11942092 137216
11944172 157696
11948268 159744
11952428 163840
11956620 167936
11958732 172032
11962860 174080
11966956 178176
11969036 182272
11973132 4096
11975212 2048
11975212 2048
11975212 2048
11977260 4096
11979308 6144
11979340 6144
11981420 8192
11983468 10240
11983500 10240
11985612 12288
11987660 14336
11989740 16384
11991820 20480
11995916 22528
11997996 24576
12000044 26624
12004140 30720
12006188 32768
12010284 36864
12012332 38912
12014380 43008
12018476 45056
12022572 49152
12028716 55296
12030796 57344
12034892 61440
12038988 65536
12043084 69632
12045132 71680
12049228 75776
12051276 77824
12055372 81920
12057420 94208
12061516 96256
12063564 98304
12067660 102400
12069708 104448
12073804 108544
12075852 110592
12079948 114688
12081996 124928
12084044 126976
12088140 131072
12090188 133120
12094284 137216
12096332 139264
12100460 143360
12102508 145408
12104556 147456
12108652 159744
12110700 161792
12112748 163840
12116844 167936
12120940 172032
12125036 176128
12127084 178176
12131180 190464
12133260 192512
12137356 196608
12139436 198656
12143532 202752
12145580 204800
12147628 206848
12149676 208896
12151724 219136
12153772 221184
12155820 223232
12159916 227328
12159916 229376
12164012 231424
12166060 233472
12168108 235520
12170156 237568
12172204 256000
12174252 258048
12176300 260096
12178348 264192
12182444 266240
12184492 268288
12186540 270336
12188588 272384
12190636 274432
12192684 292864
12194732 294912
12196780 296960
12198828 299008
12200876 301056
12202924 303104
12204972 307200
12207020 307200
12209068 325632
12211116 327680
12213164 329728
12215212 331776
12217260 333824
12219308 335872
12221356 337920
12223436 339968
12225484 342016
12227532 360448
12229580 362496
12231628 364544
12233676 366592
12235724 368640
12237772 370688
12239820 372736
12241868 374784
12243916 376832
12245964 395264
12248012 397312
12250060 399360
12252108 401408
12254156 403456
12254156 403456
12256204 405504
12258252 407552
12260300 425984
12262348 428032
12264396 430080
12266444 432128
12266444 434176
12268492 434176
12270540 436224
12272588 438272
12274636 440320
12276684 419840
12276684 0
12276684 0
12276684 0
12278732 2048
12278732 2048
12278732 2048
12278732 2048
12280780 4096
12280780 4096
12282828 6144
12282828 6144
12284876 8192
12284876 8192
12286924 10240
12286924 10240
12288972 12288
12291020 14336
12291020 16384
12293068 16384
12295116 18432
12297164 20480
12297164 20480
12299212 22528
12301260 24576
12301260 32768
12303308 34816
12303308 34816
12305356 36864
12307404 38912
12307404 38912
12309452 40960
12311500 43008
12313548 53248
12315596 55296
12317644 57344
12317644 57344
12319692 59392
12321740 61440
12323788 63488
12323788 63488
12325836 73728
12327884 75776
12327884 75776
12329932 77824
12329932 77824
12331980 79872
12331980 79872
12334028 81920
12334028 81920
12336076 92160
12336076 92160
12338124 94208
12338124 94208
12340172 96256
12340172 96256
12340172 96256
12342220 98304
12344268 108544
12344268 108544
12346316 110592
12346316 110592
12348364 112640
12350412 114688
12352460 116736
12352460 116736
12354508 118784
12354508 126976
12356556 129024
12356556 131072
12358604 131072
12360652 133120
12360652 133120
12362700 135168
12362700 135168
12364748 145408
12364748 145408
12364748 147456
12366796 147456
12366796 147456
12368844 149504
12368844 149504
12370892 151552
12370892 151552
12372940 161792
12374988 163840
12374988 163840
12377036 165888
12377036 165888
12379084 167936
12379084 167936
12381132 169984
12381132 186368
12383180 188416
12383180 188416
12385228 190464
12385228 190464
12387276 192512
12387276 192512
12389324 194560
12389324 194560
12391372 212992
12391372 212992
12391372 212992
12393420 215040
12393420 215040
12395468 217088
12395468 217088
12397516 219136
12397516 219136
12399564 237568
12399564 237568
12399564 237568
12399564 237568
12399564 237568
12399564 237568
12399564 237568
12399564 237568
12399564 253952
12399564 253952
12399564 253952
12399564 253952
12399564 253952
12399564 253952
12399564 253952
12399564 253952
12399564 253952
12399564 270336
12399564 270336
12399564 270336
12399564 270336
12399564 270336
12399564 270336
12399564 270336
12399564 270336
12399564 270336
12399564 286720
12399564 286720
12399564 284672
12399564 280576
12399564 280576
12399564 280576
12399564 280576
12399564 280576
12399564 280576
12399564 280576
12399564 280576
12399564 274432
12399564 274432
12399564 274432
12399564 274432
12399564 274432
12399564 274432
12399564 274432
12399564 274432
12399564 274432
12399564 274432
12399564 274432
12399564 274432
12399564 274432
12399564 274432
12399564 274432
12399564 272384
12399564 272384
12399564 272384
12399564 272384
12399564 272384
12399564 272384
12399564 272384
12399564 272384
12399564 272384
12399564 108544
