42
42
42
42
42
42
42
42
42
42
42
42
42
42
42
42
42
42
42
42
42
42
42
42
42
43
43
43
43
43
43
45
45
45
45
45
45
49
49
49
49
49
49
49
49
49
53
53
53
53
53
53
53
53
53
57
57
57
57
57
57
57
65
65
65
65
65
65
65
65
65
73
73
73
73
73
73
73
73
73
81
81
81
81
81
81
81
81
81
89
89
89
89
89
89
89
89
89
97
97
97
97
97
97
97
97
97
105
105
105
105
105
105
105
105
105
105
105
105
105
105
105
105
105
105
105
105
105
105
105
105
105
105
105
105
105
105
105
105
105
105
105
105
105
105
105
105
105
109
109
109
109
109
109
109
109
113
113
113
113
113
113
113
113
113
117
117
117
117
117
117
117
121
121
121
121
121
121
121
121
125
125
125
125
125
125
125
125
125
133
133
133
133
133
133
133
133
133
141
141
141
141
141
141
141
141
149
149
149
149
149
149
149
149
149
157
157
157
157
157
157
157
157
157
165
165
165
165
165
165
165
165
173
173
173
173
173
173
173
173
173
181
181
181
181
181
181
181
181
181
181
181
181
181
181
181
181
181
181
181
181
181
181
181
181
181
185
185
185
185
185
185
185
185
189
189
189
189
189
189
189
189
193
193
193
193
193
193
193
193
193
197
197
197
197
197
197
197
197
201
201
201
201
201
201
201
201
201
205
205
205
205
205
205
205
205
209
209
209
209
209
209
209
209
209
213
213
213
213
213
213
213
213
221
221
221
221
221
221
221
221
221
229
229
229
229
229
229
229
229
229
237
237
237
237
237
237
237
237
245
245
245
245
245
245
245
245
245
253
253
253
253
253
253
253
253
253
261
261
261
261
261
261
261
261
261
261
261
261
261
261
261
261
261
261
261
261
261
261
261
261
261
261
261
261
261
261
261
261
261
261
261
261
