thp_fault_alloc 4810
thp_fault_fallback 5849
thp_collapse_alloc 42
thp_collapse_alloc_failed 0
thp_split 4827
thp_zero_page_alloc 1
thp_zero_page_alloc_failed 0
thp_promote 0
thp_fault_alloc 4811
thp_fault_fallback 5849
thp_collapse_alloc 42
thp_collapse_alloc_failed 0
thp_split 4827
thp_zero_page_alloc 1
thp_zero_page_alloc_failed 0
thp_promote 0
thp_fault_alloc 4812
thp_fault_fallback 5849
thp_collapse_alloc 42
thp_collapse_alloc_failed 0
thp_split 4827
thp_zero_page_alloc 1
thp_zero_page_alloc_failed 0
thp_promote 0
thp_fault_alloc 4813
thp_fault_fallback 5849
thp_collapse_alloc 42
thp_collapse_alloc_failed 0
thp_split 4827
thp_zero_page_alloc 1
thp_zero_page_alloc_failed 0
thp_promote 0
thp_fault_alloc 4814
thp_fault_fallback 5849
thp_collapse_alloc 42
thp_collapse_alloc_failed 0
thp_split 4827
thp_zero_page_alloc 1
thp_zero_page_alloc_failed 0
thp_promote 0
thp_fault_alloc 4815
thp_fault_fallback 5849
thp_collapse_alloc 42
thp_collapse_alloc_failed 0
thp_split 4827
thp_zero_page_alloc 1
thp_zero_page_alloc_failed 0
thp_promote 0
thp_fault_alloc 4817
thp_fault_fallback 5849
thp_collapse_alloc 42
thp_collapse_alloc_failed 0
thp_split 4827
thp_zero_page_alloc 1
thp_zero_page_alloc_failed 0
thp_promote 0
thp_fault_alloc 4818
thp_fault_fallback 5849
thp_collapse_alloc 42
thp_collapse_alloc_failed 0
thp_split 4827
thp_zero_page_alloc 1
thp_zero_page_alloc_failed 0
thp_promote 0
thp_fault_alloc 4820
thp_fault_fallback 5849
thp_collapse_alloc 42
thp_collapse_alloc_failed 0
thp_split 4827
thp_zero_page_alloc 1
thp_zero_page_alloc_failed 0
thp_promote 0
thp_fault_alloc 4821
thp_fault_fallback 5849
thp_collapse_alloc 42
thp_collapse_alloc_failed 0
thp_split 4827
thp_zero_page_alloc 1
thp_zero_page_alloc_failed 0
thp_promote 0
thp_fault_alloc 4823
thp_fault_fallback 5849
thp_collapse_alloc 42
thp_collapse_alloc_failed 0
thp_split 4827
thp_zero_page_alloc 1
thp_zero_page_alloc_failed 0
thp_promote 0
thp_fault_alloc 4825
thp_fault_fallback 5849
thp_collapse_alloc 42
thp_collapse_alloc_failed 0
thp_split 4827
thp_zero_page_alloc 1
thp_zero_page_alloc_failed 0
thp_promote 0
thp_fault_alloc 4827
thp_fault_fallback 5849
thp_collapse_alloc 42
thp_collapse_alloc_failed 0
thp_split 4827
thp_zero_page_alloc 1
thp_zero_page_alloc_failed 0
thp_promote 0
thp_fault_alloc 4829
thp_fault_fallback 5849
thp_collapse_alloc 42
thp_collapse_alloc_failed 0
thp_split 4827
thp_zero_page_alloc 1
thp_zero_page_alloc_failed 0
thp_promote 0
thp_fault_alloc 4831
thp_fault_fallback 5849
thp_collapse_alloc 42
thp_collapse_alloc_failed 0
thp_split 4827
thp_zero_page_alloc 1
thp_zero_page_alloc_failed 0
thp_promote 0
thp_fault_alloc 4833
thp_fault_fallback 5849
thp_collapse_alloc 42
thp_collapse_alloc_failed 0
thp_split 4827
thp_zero_page_alloc 1
thp_zero_page_alloc_failed 0
thp_promote 0
thp_fault_alloc 4835
thp_fault_fallback 5849
thp_collapse_alloc 42
thp_collapse_alloc_failed 0
thp_split 4827
thp_zero_page_alloc 1
thp_zero_page_alloc_failed 0
thp_promote 0
thp_fault_alloc 4838
thp_fault_fallback 5849
thp_collapse_alloc 42
thp_collapse_alloc_failed 0
thp_split 4827
thp_zero_page_alloc 1
thp_zero_page_alloc_failed 0
thp_promote 0
thp_fault_alloc 4840
thp_fault_fallback 5849
thp_collapse_alloc 42
thp_collapse_alloc_failed 0
thp_split 4827
thp_zero_page_alloc 1
thp_zero_page_alloc_failed 0
thp_promote 0
thp_fault_alloc 4843
thp_fault_fallback 5849
thp_collapse_alloc 42
thp_collapse_alloc_failed 0
thp_split 4827
thp_zero_page_alloc 1
thp_zero_page_alloc_failed 0
thp_promote 0
thp_fault_alloc 4845
thp_fault_fallback 5849
thp_collapse_alloc 42
thp_collapse_alloc_failed 0
thp_split 4827
thp_zero_page_alloc 1
thp_zero_page_alloc_failed 0
thp_promote 0
thp_fault_alloc 4848
thp_fault_fallback 5849
thp_collapse_alloc 42
thp_collapse_alloc_failed 0
thp_split 4827
thp_zero_page_alloc 1
thp_zero_page_alloc_failed 0
thp_promote 0
thp_fault_alloc 4851
thp_fault_fallback 5849
thp_collapse_alloc 42
thp_collapse_alloc_failed 0
thp_split 4827
thp_zero_page_alloc 1
thp_zero_page_alloc_failed 0
thp_promote 0
thp_fault_alloc 4853
thp_fault_fallback 5849
thp_collapse_alloc 42
thp_collapse_alloc_failed 0
thp_split 4827
thp_zero_page_alloc 1
thp_zero_page_alloc_failed 0
thp_promote 0
thp_fault_alloc 4856
thp_fault_fallback 5849
thp_collapse_alloc 42
thp_collapse_alloc_failed 0
thp_split 4827
thp_zero_page_alloc 1
thp_zero_page_alloc_failed 0
thp_promote 0
thp_fault_alloc 4859
thp_fault_fallback 5849
thp_collapse_alloc 43
thp_collapse_alloc_failed 0
thp_split 4827
thp_zero_page_alloc 1
thp_zero_page_alloc_failed 0
thp_promote 0
thp_fault_alloc 4862
thp_fault_fallback 5849
thp_collapse_alloc 43
thp_collapse_alloc_failed 0
thp_split 4827
thp_zero_page_alloc 1
thp_zero_page_alloc_failed 0
thp_promote 0
thp_fault_alloc 4864
thp_fault_fallback 5849
thp_collapse_alloc 43
thp_collapse_alloc_failed 0
thp_split 4827
thp_zero_page_alloc 1
thp_zero_page_alloc_failed 0
thp_promote 0
thp_fault_alloc 4867
thp_fault_fallback 5849
thp_collapse_alloc 43
thp_collapse_alloc_failed 0
thp_split 4827
thp_zero_page_alloc 1
thp_zero_page_alloc_failed 0
thp_promote 0
thp_fault_alloc 4870
thp_fault_fallback 5849
thp_collapse_alloc 43
thp_collapse_alloc_failed 0
thp_split 4827
thp_zero_page_alloc 1
thp_zero_page_alloc_failed 0
thp_promote 0
thp_fault_alloc 4882
thp_fault_fallback 5849
thp_collapse_alloc 43
thp_collapse_alloc_failed 0
thp_split 4827
thp_zero_page_alloc 1
thp_zero_page_alloc_failed 0
thp_promote 0
thp_fault_alloc 4891
thp_fault_fallback 5849
thp_collapse_alloc 45
thp_collapse_alloc_failed 0
thp_split 4827
thp_zero_page_alloc 1
thp_zero_page_alloc_failed 0
thp_promote 0
thp_fault_alloc 4894
thp_fault_fallback 5849
thp_collapse_alloc 45
thp_collapse_alloc_failed 0
thp_split 4827
thp_zero_page_alloc 1
thp_zero_page_alloc_failed 0
thp_promote 0
thp_fault_alloc 4897
thp_fault_fallback 5849
thp_collapse_alloc 45
thp_collapse_alloc_failed 0
thp_split 4827
thp_zero_page_alloc 1
thp_zero_page_alloc_failed 0
thp_promote 0
thp_fault_alloc 4900
thp_fault_fallback 5849
thp_collapse_alloc 45
thp_collapse_alloc_failed 0
thp_split 4827
thp_zero_page_alloc 1
thp_zero_page_alloc_failed 0
thp_promote 0
thp_fault_alloc 4903
thp_fault_fallback 5849
thp_collapse_alloc 45
thp_collapse_alloc_failed 0
thp_split 4827
thp_zero_page_alloc 1
thp_zero_page_alloc_failed 0
thp_promote 0
thp_fault_alloc 4906
thp_fault_fallback 5849
thp_collapse_alloc 45
thp_collapse_alloc_failed 0
thp_split 4827
thp_zero_page_alloc 1
thp_zero_page_alloc_failed 0
thp_promote 0
thp_fault_alloc 4909
thp_fault_fallback 5849
thp_collapse_alloc 49
thp_collapse_alloc_failed 0
thp_split 4827
thp_zero_page_alloc 1
thp_zero_page_alloc_failed 0
thp_promote 0
thp_fault_alloc 4911
thp_fault_fallback 5849
thp_collapse_alloc 49
thp_collapse_alloc_failed 0
thp_split 4827
thp_zero_page_alloc 1
thp_zero_page_alloc_failed 0
thp_promote 0
thp_fault_alloc 4914
thp_fault_fallback 5849
thp_collapse_alloc 49
thp_collapse_alloc_failed 0
thp_split 4827
thp_zero_page_alloc 1
thp_zero_page_alloc_failed 0
thp_promote 0
thp_fault_alloc 4917
thp_fault_fallback 5849
thp_collapse_alloc 49
thp_collapse_alloc_failed 0
thp_split 4827
thp_zero_page_alloc 1
thp_zero_page_alloc_failed 0
thp_promote 0
thp_fault_alloc 4919
thp_fault_fallback 5849
thp_collapse_alloc 49
thp_collapse_alloc_failed 0
thp_split 4827
thp_zero_page_alloc 1
thp_zero_page_alloc_failed 0
thp_promote 0
thp_fault_alloc 4922
thp_fault_fallback 5849
thp_collapse_alloc 49
thp_collapse_alloc_failed 0
thp_split 4827
thp_zero_page_alloc 1
thp_zero_page_alloc_failed 0
thp_promote 0
thp_fault_alloc 4925
thp_fault_fallback 5849
thp_collapse_alloc 49
thp_collapse_alloc_failed 0
thp_split 4827
thp_zero_page_alloc 1
thp_zero_page_alloc_failed 0
thp_promote 0
thp_fault_alloc 4928
thp_fault_fallback 5849
thp_collapse_alloc 49
thp_collapse_alloc_failed 0
thp_split 4827
thp_zero_page_alloc 1
thp_zero_page_alloc_failed 0
thp_promote 0
thp_fault_alloc 4930
thp_fault_fallback 5849
thp_collapse_alloc 49
thp_collapse_alloc_failed 0
thp_split 4827
thp_zero_page_alloc 1
thp_zero_page_alloc_failed 0
thp_promote 0
thp_fault_alloc 4933
thp_fault_fallback 5849
thp_collapse_alloc 53
thp_collapse_alloc_failed 0
thp_split 4827
thp_zero_page_alloc 1
thp_zero_page_alloc_failed 0
thp_promote 0
thp_fault_alloc 4936
thp_fault_fallback 5849
thp_collapse_alloc 53
thp_collapse_alloc_failed 0
thp_split 4827
thp_zero_page_alloc 1
thp_zero_page_alloc_failed 0
thp_promote 0
thp_fault_alloc 4939
thp_fault_fallback 5849
thp_collapse_alloc 53
thp_collapse_alloc_failed 0
thp_split 4827
thp_zero_page_alloc 1
thp_zero_page_alloc_failed 0
thp_promote 0
thp_fault_alloc 4941
thp_fault_fallback 5849
thp_collapse_alloc 53
thp_collapse_alloc_failed 0
thp_split 4827
thp_zero_page_alloc 1
thp_zero_page_alloc_failed 0
thp_promote 0
thp_fault_alloc 4944
thp_fault_fallback 5849
thp_collapse_alloc 53
thp_collapse_alloc_failed 0
thp_split 4827
thp_zero_page_alloc 1
thp_zero_page_alloc_failed 0
thp_promote 0
thp_fault_alloc 4947
thp_fault_fallback 5849
thp_collapse_alloc 53
thp_collapse_alloc_failed 0
thp_split 4827
thp_zero_page_alloc 1
thp_zero_page_alloc_failed 0
thp_promote 0
thp_fault_alloc 4950
thp_fault_fallback 5849
thp_collapse_alloc 53
thp_collapse_alloc_failed 0
thp_split 4827
thp_zero_page_alloc 1
thp_zero_page_alloc_failed 0
thp_promote 0
thp_fault_alloc 4952
thp_fault_fallback 5849
thp_collapse_alloc 53
thp_collapse_alloc_failed 0
thp_split 4827
thp_zero_page_alloc 1
thp_zero_page_alloc_failed 0
thp_promote 0
thp_fault_alloc 4955
thp_fault_fallback 5849
thp_collapse_alloc 53
thp_collapse_alloc_failed 0
thp_split 4827
thp_zero_page_alloc 1
thp_zero_page_alloc_failed 0
thp_promote 0
thp_fault_alloc 4958
thp_fault_fallback 5849
thp_collapse_alloc 57
thp_collapse_alloc_failed 0
thp_split 4827
thp_zero_page_alloc 1
thp_zero_page_alloc_failed 0
thp_promote 0
thp_fault_alloc 4961
thp_fault_fallback 5849
thp_collapse_alloc 57
thp_collapse_alloc_failed 0
thp_split 4827
thp_zero_page_alloc 1
thp_zero_page_alloc_failed 0
thp_promote 0
thp_fault_alloc 4963
thp_fault_fallback 5849
thp_collapse_alloc 57
thp_collapse_alloc_failed 0
thp_split 4827
thp_zero_page_alloc 1
thp_zero_page_alloc_failed 0
thp_promote 0
thp_fault_alloc 4966
thp_fault_fallback 5849
thp_collapse_alloc 57
thp_collapse_alloc_failed 0
thp_split 4827
thp_zero_page_alloc 1
thp_zero_page_alloc_failed 0
thp_promote 0
thp_fault_alloc 4969
thp_fault_fallback 5849
thp_collapse_alloc 57
thp_collapse_alloc_failed 0
thp_split 4827
thp_zero_page_alloc 1
thp_zero_page_alloc_failed 0
thp_promote 0
thp_fault_alloc 4977
thp_fault_fallback 5849
thp_collapse_alloc 57
thp_collapse_alloc_failed 0
thp_split 4827
thp_zero_page_alloc 1
thp_zero_page_alloc_failed 0
thp_promote 0
thp_fault_alloc 4980
thp_fault_fallback 5849
thp_collapse_alloc 57
thp_collapse_alloc_failed 0
thp_split 4827
thp_zero_page_alloc 1
thp_zero_page_alloc_failed 0
thp_promote 0
thp_fault_alloc 4982
thp_fault_fallback 5849
thp_collapse_alloc 65
thp_collapse_alloc_failed 0
thp_split 4827
thp_zero_page_alloc 1
thp_zero_page_alloc_failed 0
thp_promote 0
thp_fault_alloc 4985
thp_fault_fallback 5849
thp_collapse_alloc 65
thp_collapse_alloc_failed 0
thp_split 4827
thp_zero_page_alloc 1
thp_zero_page_alloc_failed 0
thp_promote 0
thp_fault_alloc 4988
thp_fault_fallback 5849
thp_collapse_alloc 65
thp_collapse_alloc_failed 0
thp_split 4827
thp_zero_page_alloc 1
thp_zero_page_alloc_failed 0
thp_promote 0
thp_fault_alloc 4990
thp_fault_fallback 5849
thp_collapse_alloc 65
thp_collapse_alloc_failed 0
thp_split 4827
thp_zero_page_alloc 1
thp_zero_page_alloc_failed 0
thp_promote 0
thp_fault_alloc 4993
thp_fault_fallback 5849
thp_collapse_alloc 65
thp_collapse_alloc_failed 0
thp_split 4827
thp_zero_page_alloc 1
thp_zero_page_alloc_failed 0
thp_promote 0
thp_fault_alloc 4996
thp_fault_fallback 5849
thp_collapse_alloc 65
thp_collapse_alloc_failed 0
thp_split 4827
thp_zero_page_alloc 1
thp_zero_page_alloc_failed 0
thp_promote 0
thp_fault_alloc 4998
thp_fault_fallback 5849
thp_collapse_alloc 65
thp_collapse_alloc_failed 0
thp_split 4827
thp_zero_page_alloc 1
thp_zero_page_alloc_failed 0
thp_promote 0
thp_fault_alloc 5001
thp_fault_fallback 5849
thp_collapse_alloc 65
thp_collapse_alloc_failed 0
thp_split 4827
thp_zero_page_alloc 1
thp_zero_page_alloc_failed 0
thp_promote 0
thp_fault_alloc 5004
thp_fault_fallback 5849
thp_collapse_alloc 65
thp_collapse_alloc_failed 0
thp_split 4827
thp_zero_page_alloc 1
thp_zero_page_alloc_failed 0
thp_promote 0
thp_fault_alloc 5007
thp_fault_fallback 5849
thp_collapse_alloc 73
thp_collapse_alloc_failed 0
thp_split 4827
thp_zero_page_alloc 1
thp_zero_page_alloc_failed 0
thp_promote 0
thp_fault_alloc 5009
thp_fault_fallback 5849
thp_collapse_alloc 73
thp_collapse_alloc_failed 0
thp_split 4828
thp_zero_page_alloc 1
thp_zero_page_alloc_failed 0
thp_promote 0
thp_fault_alloc 5012
thp_fault_fallback 5849
thp_collapse_alloc 73
thp_collapse_alloc_failed 0
thp_split 4828
thp_zero_page_alloc 1
thp_zero_page_alloc_failed 0
thp_promote 0
thp_fault_alloc 5014
thp_fault_fallback 5849
thp_collapse_alloc 73
thp_collapse_alloc_failed 0
thp_split 4828
thp_zero_page_alloc 1
thp_zero_page_alloc_failed 0
thp_promote 0
thp_fault_alloc 5017
thp_fault_fallback 5849
thp_collapse_alloc 73
thp_collapse_alloc_failed 0
thp_split 4828
thp_zero_page_alloc 1
thp_zero_page_alloc_failed 0
thp_promote 0
thp_fault_alloc 5020
thp_fault_fallback 5849
thp_collapse_alloc 73
thp_collapse_alloc_failed 0
thp_split 4828
thp_zero_page_alloc 1
thp_zero_page_alloc_failed 0
thp_promote 0
thp_fault_alloc 5023
thp_fault_fallback 5849
thp_collapse_alloc 73
thp_collapse_alloc_failed 0
thp_split 4828
thp_zero_page_alloc 1
thp_zero_page_alloc_failed 0
thp_promote 0
thp_fault_alloc 5025
thp_fault_fallback 5849
thp_collapse_alloc 73
thp_collapse_alloc_failed 0
thp_split 4828
thp_zero_page_alloc 1
thp_zero_page_alloc_failed 0
thp_promote 0
thp_fault_alloc 5028
thp_fault_fallback 5849
thp_collapse_alloc 73
thp_collapse_alloc_failed 0
thp_split 4828
thp_zero_page_alloc 1
thp_zero_page_alloc_failed 0
thp_promote 0
thp_fault_alloc 5031
thp_fault_fallback 5849
thp_collapse_alloc 81
thp_collapse_alloc_failed 0
thp_split 4828
thp_zero_page_alloc 1
thp_zero_page_alloc_failed 0
thp_promote 0
thp_fault_alloc 5033
thp_fault_fallback 5849
thp_collapse_alloc 81
thp_collapse_alloc_failed 0
thp_split 4828
thp_zero_page_alloc 1
thp_zero_page_alloc_failed 0
thp_promote 0
thp_fault_alloc 5036
thp_fault_fallback 5849
thp_collapse_alloc 81
thp_collapse_alloc_failed 0
thp_split 4828
thp_zero_page_alloc 1
thp_zero_page_alloc_failed 0
thp_promote 0
thp_fault_alloc 5039
thp_fault_fallback 5849
thp_collapse_alloc 81
thp_collapse_alloc_failed 0
thp_split 4828
thp_zero_page_alloc 1
thp_zero_page_alloc_failed 0
thp_promote 0
thp_fault_alloc 5041
thp_fault_fallback 5849
thp_collapse_alloc 81
thp_collapse_alloc_failed 0
thp_split 4828
thp_zero_page_alloc 1
thp_zero_page_alloc_failed 0
thp_promote 0
thp_fault_alloc 5044
thp_fault_fallback 5849
thp_collapse_alloc 81
thp_collapse_alloc_failed 0
thp_split 4828
thp_zero_page_alloc 1
thp_zero_page_alloc_failed 0
thp_promote 0
thp_fault_alloc 5047
thp_fault_fallback 5849
thp_collapse_alloc 81
thp_collapse_alloc_failed 0
thp_split 4828
thp_zero_page_alloc 1
thp_zero_page_alloc_failed 0
thp_promote 0
thp_fault_alloc 5049
thp_fault_fallback 5849
thp_collapse_alloc 81
thp_collapse_alloc_failed 0
thp_split 4828
thp_zero_page_alloc 1
thp_zero_page_alloc_failed 0
thp_promote 0
thp_fault_alloc 5052
thp_fault_fallback 5849
thp_collapse_alloc 81
thp_collapse_alloc_failed 0
thp_split 4828
thp_zero_page_alloc 1
thp_zero_page_alloc_failed 0
thp_promote 0
thp_fault_alloc 5055
thp_fault_fallback 5849
thp_collapse_alloc 89
thp_collapse_alloc_failed 0
thp_split 4828
thp_zero_page_alloc 1
thp_zero_page_alloc_failed 0
thp_promote 0
thp_fault_alloc 5057
thp_fault_fallback 5849
thp_collapse_alloc 89
thp_collapse_alloc_failed 0
thp_split 4828
thp_zero_page_alloc 1
thp_zero_page_alloc_failed 0
thp_promote 0
thp_fault_alloc 5060
thp_fault_fallback 5849
thp_collapse_alloc 89
thp_collapse_alloc_failed 0
thp_split 4828
thp_zero_page_alloc 1
thp_zero_page_alloc_failed 0
thp_promote 0
thp_fault_alloc 5063
thp_fault_fallback 5849
thp_collapse_alloc 89
thp_collapse_alloc_failed 0
thp_split 4828
thp_zero_page_alloc 1
thp_zero_page_alloc_failed 0
thp_promote 0
thp_fault_alloc 5065
thp_fault_fallback 5849
thp_collapse_alloc 89
thp_collapse_alloc_failed 0
thp_split 4828
thp_zero_page_alloc 1
thp_zero_page_alloc_failed 0
thp_promote 0
thp_fault_alloc 5068
thp_fault_fallback 5849
thp_collapse_alloc 89
thp_collapse_alloc_failed 0
thp_split 4828
thp_zero_page_alloc 1
thp_zero_page_alloc_failed 0
thp_promote 0
thp_fault_alloc 5071
thp_fault_fallback 5849
thp_collapse_alloc 89
thp_collapse_alloc_failed 0
thp_split 4828
thp_zero_page_alloc 1
thp_zero_page_alloc_failed 0
thp_promote 0
thp_fault_alloc 5074
thp_fault_fallback 5849
thp_collapse_alloc 89
thp_collapse_alloc_failed 0
thp_split 4828
thp_zero_page_alloc 1
thp_zero_page_alloc_failed 0
thp_promote 0
thp_fault_alloc 5076
thp_fault_fallback 5849
thp_collapse_alloc 89
thp_collapse_alloc_failed 0
thp_split 4828
thp_zero_page_alloc 1
thp_zero_page_alloc_failed 0
thp_promote 0
thp_fault_alloc 5079
thp_fault_fallback 5849
thp_collapse_alloc 97
thp_collapse_alloc_failed 0
thp_split 4828
thp_zero_page_alloc 1
thp_zero_page_alloc_failed 0
thp_promote 0
thp_fault_alloc 5081
thp_fault_fallback 5849
thp_collapse_alloc 97
thp_collapse_alloc_failed 0
thp_split 4828
thp_zero_page_alloc 1
thp_zero_page_alloc_failed 0
thp_promote 0
thp_fault_alloc 5085
thp_fault_fallback 5849
thp_collapse_alloc 97
thp_collapse_alloc_failed 0
thp_split 4828
thp_zero_page_alloc 1
thp_zero_page_alloc_failed 0
thp_promote 0
thp_fault_alloc 5090
thp_fault_fallback 5849
thp_collapse_alloc 97
thp_collapse_alloc_failed 0
thp_split 4828
thp_zero_page_alloc 1
thp_zero_page_alloc_failed 0
thp_promote 0
thp_fault_alloc 5094
thp_fault_fallback 5849
thp_collapse_alloc 97
thp_collapse_alloc_failed 0
thp_split 4828
thp_zero_page_alloc 1
thp_zero_page_alloc_failed 0
thp_promote 0
thp_fault_alloc 5099
thp_fault_fallback 5849
thp_collapse_alloc 97
thp_collapse_alloc_failed 0
thp_split 4828
thp_zero_page_alloc 1
thp_zero_page_alloc_failed 0
thp_promote 0
thp_fault_alloc 5104
thp_fault_fallback 5849
thp_collapse_alloc 97
thp_collapse_alloc_failed 0
thp_split 4828
thp_zero_page_alloc 1
thp_zero_page_alloc_failed 0
thp_promote 0
thp_fault_alloc 5107
thp_fault_fallback 5849
thp_collapse_alloc 97
thp_collapse_alloc_failed 0
thp_split 4828
thp_zero_page_alloc 1
thp_zero_page_alloc_failed 0
thp_promote 0
thp_fault_alloc 5112
thp_fault_fallback 5849
thp_collapse_alloc 97
thp_collapse_alloc_failed 0
thp_split 4828
thp_zero_page_alloc 1
thp_zero_page_alloc_failed 0
thp_promote 0
thp_fault_alloc 5116
thp_fault_fallback 5849
thp_collapse_alloc 105
thp_collapse_alloc_failed 0
thp_split 4828
thp_zero_page_alloc 1
thp_zero_page_alloc_failed 0
thp_promote 0
thp_fault_alloc 5120
thp_fault_fallback 5849
thp_collapse_alloc 105
thp_collapse_alloc_failed 0
thp_split 4828
thp_zero_page_alloc 1
thp_zero_page_alloc_failed 0
thp_promote 0
thp_fault_alloc 5125
thp_fault_fallback 5849
thp_collapse_alloc 105
thp_collapse_alloc_failed 0
thp_split 4828
thp_zero_page_alloc 1
thp_zero_page_alloc_failed 0
thp_promote 0
thp_fault_alloc 5130
thp_fault_fallback 5849
thp_collapse_alloc 105
thp_collapse_alloc_failed 0
thp_split 4828
thp_zero_page_alloc 1
thp_zero_page_alloc_failed 0
thp_promote 0
thp_fault_alloc 5134
thp_fault_fallback 5849
thp_collapse_alloc 105
thp_collapse_alloc_failed 0
thp_split 4828
thp_zero_page_alloc 1
thp_zero_page_alloc_failed 0
thp_promote 0
thp_fault_alloc 5138
thp_fault_fallback 5849
thp_collapse_alloc 105
thp_collapse_alloc_failed 0
thp_split 4828
thp_zero_page_alloc 1
thp_zero_page_alloc_failed 0
thp_promote 0
thp_fault_alloc 5142
thp_fault_fallback 5849
thp_collapse_alloc 105
thp_collapse_alloc_failed 0
thp_split 4828
thp_zero_page_alloc 1
thp_zero_page_alloc_failed 0
thp_promote 0
thp_fault_alloc 5147
thp_fault_fallback 5849
thp_collapse_alloc 105
thp_collapse_alloc_failed 0
thp_split 4828
thp_zero_page_alloc 1
thp_zero_page_alloc_failed 0
thp_promote 0
thp_fault_alloc 5151
thp_fault_fallback 5938
thp_collapse_alloc 105
thp_collapse_alloc_failed 0
thp_split 4917
thp_zero_page_alloc 1
thp_zero_page_alloc_failed 0
thp_promote 0
thp_fault_alloc 5152
thp_fault_fallback 5939
thp_collapse_alloc 105
thp_collapse_alloc_failed 0
thp_split 4918
thp_zero_page_alloc 1
thp_zero_page_alloc_failed 0
thp_promote 0
thp_fault_alloc 5153
thp_fault_fallback 5939
thp_collapse_alloc 105
thp_collapse_alloc_failed 0
thp_split 4918
thp_zero_page_alloc 1
thp_zero_page_alloc_failed 0
thp_promote 0
thp_fault_alloc 5154
thp_fault_fallback 5939
thp_collapse_alloc 105
thp_collapse_alloc_failed 0
thp_split 4918
thp_zero_page_alloc 1
thp_zero_page_alloc_failed 0
thp_promote 0
thp_fault_alloc 5156
thp_fault_fallback 5939
thp_collapse_alloc 105
thp_collapse_alloc_failed 0
thp_split 4918
thp_zero_page_alloc 1
thp_zero_page_alloc_failed 0
thp_promote 0
thp_fault_alloc 5158
thp_fault_fallback 5939
thp_collapse_alloc 105
thp_collapse_alloc_failed 0
thp_split 4918
thp_zero_page_alloc 1
thp_zero_page_alloc_failed 0
thp_promote 0
thp_fault_alloc 5159
thp_fault_fallback 5939
thp_collapse_alloc 105
thp_collapse_alloc_failed 0
thp_split 4918
thp_zero_page_alloc 1
thp_zero_page_alloc_failed 0
thp_promote 0
thp_fault_alloc 5161
thp_fault_fallback 5939
thp_collapse_alloc 105
thp_collapse_alloc_failed 0
thp_split 4918
thp_zero_page_alloc 1
thp_zero_page_alloc_failed 0
thp_promote 0
thp_fault_alloc 5163
thp_fault_fallback 5939
thp_collapse_alloc 105
thp_collapse_alloc_failed 0
thp_split 4918
thp_zero_page_alloc 1
thp_zero_page_alloc_failed 0
thp_promote 0
thp_fault_alloc 5165
thp_fault_fallback 5939
thp_collapse_alloc 105
thp_collapse_alloc_failed 0
thp_split 4918
thp_zero_page_alloc 1
thp_zero_page_alloc_failed 0
thp_promote 0
thp_fault_alloc 5167
thp_fault_fallback 5939
thp_collapse_alloc 105
thp_collapse_alloc_failed 0
thp_split 4918
thp_zero_page_alloc 1
thp_zero_page_alloc_failed 0
thp_promote 0
thp_fault_alloc 5170
thp_fault_fallback 5939
thp_collapse_alloc 105
thp_collapse_alloc_failed 0
thp_split 4918
thp_zero_page_alloc 1
thp_zero_page_alloc_failed 0
thp_promote 0
thp_fault_alloc 5172
thp_fault_fallback 5939
thp_collapse_alloc 105
thp_collapse_alloc_failed 0
thp_split 4918
thp_zero_page_alloc 1
thp_zero_page_alloc_failed 0
thp_promote 0
thp_fault_alloc 5176
thp_fault_fallback 5939
thp_collapse_alloc 105
thp_collapse_alloc_failed 0
thp_split 4918
thp_zero_page_alloc 1
thp_zero_page_alloc_failed 0
thp_promote 0
thp_fault_alloc 5179
thp_fault_fallback 5939
thp_collapse_alloc 105
thp_collapse_alloc_failed 0
thp_split 4918
thp_zero_page_alloc 1
thp_zero_page_alloc_failed 0
thp_promote 0
thp_fault_alloc 5182
thp_fault_fallback 5939
thp_collapse_alloc 105
thp_collapse_alloc_failed 0
thp_split 4918
thp_zero_page_alloc 1
thp_zero_page_alloc_failed 0
thp_promote 0
thp_fault_alloc 5186
thp_fault_fallback 5939
thp_collapse_alloc 105
thp_collapse_alloc_failed 0
thp_split 4918
thp_zero_page_alloc 1
thp_zero_page_alloc_failed 0
thp_promote 0
thp_fault_alloc 5190
thp_fault_fallback 5939
thp_collapse_alloc 105
thp_collapse_alloc_failed 0
thp_split 4918
thp_zero_page_alloc 1
thp_zero_page_alloc_failed 0
thp_promote 0
thp_fault_alloc 5193
thp_fault_fallback 5939
thp_collapse_alloc 105
thp_collapse_alloc_failed 0
thp_split 4918
thp_zero_page_alloc 1
thp_zero_page_alloc_failed 0
thp_promote 0
thp_fault_alloc 5198
thp_fault_fallback 5939
thp_collapse_alloc 105
thp_collapse_alloc_failed 0
thp_split 4918
thp_zero_page_alloc 1
thp_zero_page_alloc_failed 0
thp_promote 0
thp_fault_alloc 5201
thp_fault_fallback 5939
thp_collapse_alloc 105
thp_collapse_alloc_failed 0
thp_split 4918
thp_zero_page_alloc 1
thp_zero_page_alloc_failed 0
thp_promote 0
thp_fault_alloc 5206
thp_fault_fallback 5939
thp_collapse_alloc 105
thp_collapse_alloc_failed 0
thp_split 4918
thp_zero_page_alloc 1
thp_zero_page_alloc_failed 0
thp_promote 0
thp_fault_alloc 5210
thp_fault_fallback 5939
thp_collapse_alloc 105
thp_collapse_alloc_failed 0
thp_split 4918
thp_zero_page_alloc 1
thp_zero_page_alloc_failed 0
thp_promote 0
thp_fault_alloc 5215
thp_fault_fallback 5939
thp_collapse_alloc 105
thp_collapse_alloc_failed 0
thp_split 4918
thp_zero_page_alloc 1
thp_zero_page_alloc_failed 0
thp_promote 0
thp_fault_alloc 5223
thp_fault_fallback 5939
thp_collapse_alloc 105
thp_collapse_alloc_failed 0
thp_split 4918
thp_zero_page_alloc 1
thp_zero_page_alloc_failed 0
thp_promote 0
thp_fault_alloc 5228
thp_fault_fallback 5939
thp_collapse_alloc 105
thp_collapse_alloc_failed 0
thp_split 4918
thp_zero_page_alloc 1
thp_zero_page_alloc_failed 0
thp_promote 0
thp_fault_alloc 5232
thp_fault_fallback 5939
thp_collapse_alloc 105
thp_collapse_alloc_failed 0
thp_split 4918
thp_zero_page_alloc 1
thp_zero_page_alloc_failed 0
thp_promote 0
thp_fault_alloc 5237
thp_fault_fallback 5939
thp_collapse_alloc 105
thp_collapse_alloc_failed 0
thp_split 4918
thp_zero_page_alloc 1
thp_zero_page_alloc_failed 0
thp_promote 0
thp_fault_alloc 5243
thp_fault_fallback 5939
thp_collapse_alloc 105
thp_collapse_alloc_failed 0
thp_split 4918
thp_zero_page_alloc 1
thp_zero_page_alloc_failed 0
thp_promote 0
thp_fault_alloc 5246
thp_fault_fallback 5939
thp_collapse_alloc 105
thp_collapse_alloc_failed 0
thp_split 4918
thp_zero_page_alloc 1
thp_zero_page_alloc_failed 0
thp_promote 0
thp_fault_alloc 5251
thp_fault_fallback 5939
thp_collapse_alloc 105
thp_collapse_alloc_failed 0
thp_split 4918
thp_zero_page_alloc 1
thp_zero_page_alloc_failed 0
thp_promote 0
thp_fault_alloc 5256
thp_fault_fallback 5939
thp_collapse_alloc 105
thp_collapse_alloc_failed 0
thp_split 4918
thp_zero_page_alloc 1
thp_zero_page_alloc_failed 0
thp_promote 0
thp_fault_alloc 5260
thp_fault_fallback 5939
thp_collapse_alloc 105
thp_collapse_alloc_failed 0
thp_split 4918
thp_zero_page_alloc 1
thp_zero_page_alloc_failed 0
thp_promote 0
thp_fault_alloc 5265
thp_fault_fallback 5939
thp_collapse_alloc 109
thp_collapse_alloc_failed 0
thp_split 4918
thp_zero_page_alloc 1
thp_zero_page_alloc_failed 0
thp_promote 0
thp_fault_alloc 5269
thp_fault_fallback 5939
thp_collapse_alloc 109
thp_collapse_alloc_failed 0
thp_split 4918
thp_zero_page_alloc 1
thp_zero_page_alloc_failed 0
thp_promote 0
thp_fault_alloc 5274
thp_fault_fallback 5939
thp_collapse_alloc 109
thp_collapse_alloc_failed 0
thp_split 4918
thp_zero_page_alloc 1
thp_zero_page_alloc_failed 0
thp_promote 0
thp_fault_alloc 5277
thp_fault_fallback 5939
thp_collapse_alloc 109
thp_collapse_alloc_failed 0
thp_split 4918
thp_zero_page_alloc 1
thp_zero_page_alloc_failed 0
thp_promote 0
thp_fault_alloc 5282
thp_fault_fallback 5939
thp_collapse_alloc 109
thp_collapse_alloc_failed 0
thp_split 4918
thp_zero_page_alloc 1
thp_zero_page_alloc_failed 0
thp_promote 0
thp_fault_alloc 5286
thp_fault_fallback 5939
thp_collapse_alloc 109
thp_collapse_alloc_failed 0
thp_split 4918
thp_zero_page_alloc 1
thp_zero_page_alloc_failed 0
thp_promote 0
thp_fault_alloc 5290
thp_fault_fallback 5939
thp_collapse_alloc 109
thp_collapse_alloc_failed 0
thp_split 4918
thp_zero_page_alloc 1
thp_zero_page_alloc_failed 0
thp_promote 0
thp_fault_alloc 5294
thp_fault_fallback 5939
thp_collapse_alloc 109
thp_collapse_alloc_failed 0
thp_split 4918
thp_zero_page_alloc 1
thp_zero_page_alloc_failed 0
thp_promote 0
thp_fault_alloc 5298
thp_fault_fallback 5939
thp_collapse_alloc 113
thp_collapse_alloc_failed 0
thp_split 4918
thp_zero_page_alloc 1
thp_zero_page_alloc_failed 0
thp_promote 0
thp_fault_alloc 5303
thp_fault_fallback 5939
thp_collapse_alloc 113
thp_collapse_alloc_failed 0
thp_split 4918
thp_zero_page_alloc 1
thp_zero_page_alloc_failed 0
thp_promote 0
thp_fault_alloc 5307
thp_fault_fallback 5939
thp_collapse_alloc 113
thp_collapse_alloc_failed 0
thp_split 4918
thp_zero_page_alloc 1
thp_zero_page_alloc_failed 0
thp_promote 0
thp_fault_alloc 5311
thp_fault_fallback 5939
thp_collapse_alloc 113
thp_collapse_alloc_failed 0
thp_split 4918
thp_zero_page_alloc 1
thp_zero_page_alloc_failed 0
thp_promote 0
thp_fault_alloc 5316
thp_fault_fallback 5939
thp_collapse_alloc 113
thp_collapse_alloc_failed 0
thp_split 4918
thp_zero_page_alloc 1
thp_zero_page_alloc_failed 0
thp_promote 0
thp_fault_alloc 5320
thp_fault_fallback 5939
thp_collapse_alloc 113
thp_collapse_alloc_failed 0
thp_split 4918
thp_zero_page_alloc 1
thp_zero_page_alloc_failed 0
thp_promote 0
thp_fault_alloc 5325
thp_fault_fallback 5939
thp_collapse_alloc 113
thp_collapse_alloc_failed 0
thp_split 4918
thp_zero_page_alloc 1
thp_zero_page_alloc_failed 0
thp_promote 0
thp_fault_alloc 5328
thp_fault_fallback 5939
thp_collapse_alloc 113
thp_collapse_alloc_failed 0
thp_split 4918
thp_zero_page_alloc 1
thp_zero_page_alloc_failed 0
thp_promote 0
thp_fault_alloc 5332
thp_fault_fallback 5939
thp_collapse_alloc 113
thp_collapse_alloc_failed 0
thp_split 4918
thp_zero_page_alloc 1
thp_zero_page_alloc_failed 0
thp_promote 0
thp_fault_alloc 5337
thp_fault_fallback 5939
thp_collapse_alloc 117
thp_collapse_alloc_failed 0
thp_split 4918
thp_zero_page_alloc 1
thp_zero_page_alloc_failed 0
thp_promote 0
thp_fault_alloc 5341
thp_fault_fallback 5939
thp_collapse_alloc 117
thp_collapse_alloc_failed 0
thp_split 4918
thp_zero_page_alloc 1
thp_zero_page_alloc_failed 0
thp_promote 0
thp_fault_alloc 5346
thp_fault_fallback 5939
thp_collapse_alloc 117
thp_collapse_alloc_failed 0
thp_split 4918
thp_zero_page_alloc 1
thp_zero_page_alloc_failed 0
thp_promote 0
thp_fault_alloc 5350
thp_fault_fallback 5939
thp_collapse_alloc 117
thp_collapse_alloc_failed 0
thp_split 4918
thp_zero_page_alloc 1
thp_zero_page_alloc_failed 0
thp_promote 0
thp_fault_alloc 5358
thp_fault_fallback 5939
thp_collapse_alloc 117
thp_collapse_alloc_failed 0
thp_split 4918
thp_zero_page_alloc 1
thp_zero_page_alloc_failed 0
thp_promote 0
thp_fault_alloc 5362
thp_fault_fallback 5939
thp_collapse_alloc 117
thp_collapse_alloc_failed 0
thp_split 4918
thp_zero_page_alloc 1
thp_zero_page_alloc_failed 0
thp_promote 0
thp_fault_alloc 5366
thp_fault_fallback 5939
thp_collapse_alloc 117
thp_collapse_alloc_failed 0
thp_split 4918
thp_zero_page_alloc 1
thp_zero_page_alloc_failed 0
thp_promote 0
thp_fault_alloc 5372
thp_fault_fallback 5939
thp_collapse_alloc 121
thp_collapse_alloc_failed 0
thp_split 4918
thp_zero_page_alloc 1
thp_zero_page_alloc_failed 0
thp_promote 0
thp_fault_alloc 5376
thp_fault_fallback 5939
thp_collapse_alloc 121
thp_collapse_alloc_failed 0
thp_split 4918
thp_zero_page_alloc 1
thp_zero_page_alloc_failed 0
thp_promote 0
thp_fault_alloc 5381
thp_fault_fallback 5939
thp_collapse_alloc 121
thp_collapse_alloc_failed 0
thp_split 4918
thp_zero_page_alloc 1
thp_zero_page_alloc_failed 0
thp_promote 0
thp_fault_alloc 5385
thp_fault_fallback 5939
thp_collapse_alloc 121
thp_collapse_alloc_failed 0
thp_split 4918
thp_zero_page_alloc 1
thp_zero_page_alloc_failed 0
thp_promote 0
thp_fault_alloc 5391
thp_fault_fallback 5939
thp_collapse_alloc 121
thp_collapse_alloc_failed 0
thp_split 4918
thp_zero_page_alloc 1
thp_zero_page_alloc_failed 0
thp_promote 0
thp_fault_alloc 5395
thp_fault_fallback 5939
thp_collapse_alloc 121
thp_collapse_alloc_failed 0
thp_split 4918
thp_zero_page_alloc 1
thp_zero_page_alloc_failed 0
thp_promote 0
thp_fault_alloc 5398
thp_fault_fallback 5939
thp_collapse_alloc 121
thp_collapse_alloc_failed 0
thp_split 4918
thp_zero_page_alloc 1
thp_zero_page_alloc_failed 0
thp_promote 0
thp_fault_alloc 5402
thp_fault_fallback 5939
thp_collapse_alloc 121
thp_collapse_alloc_failed 0
thp_split 4918
thp_zero_page_alloc 1
thp_zero_page_alloc_failed 0
thp_promote 0
thp_fault_alloc 5405
thp_fault_fallback 5939
thp_collapse_alloc 125
thp_collapse_alloc_failed 0
thp_split 4918
thp_zero_page_alloc 1
thp_zero_page_alloc_failed 0
thp_promote 0
thp_fault_alloc 5409
thp_fault_fallback 5939
thp_collapse_alloc 125
thp_collapse_alloc_failed 0
thp_split 4918
thp_zero_page_alloc 1
thp_zero_page_alloc_failed 0
thp_promote 0
thp_fault_alloc 5412
thp_fault_fallback 5939
thp_collapse_alloc 125
thp_collapse_alloc_failed 0
thp_split 4918
thp_zero_page_alloc 1
thp_zero_page_alloc_failed 0
thp_promote 0
thp_fault_alloc 5417
thp_fault_fallback 5939
thp_collapse_alloc 125
thp_collapse_alloc_failed 0
thp_split 4918
thp_zero_page_alloc 1
thp_zero_page_alloc_failed 0
thp_promote 0
thp_fault_alloc 5420
thp_fault_fallback 5939
thp_collapse_alloc 125
thp_collapse_alloc_failed 0
thp_split 4918
thp_zero_page_alloc 1
thp_zero_page_alloc_failed 0
thp_promote 0
thp_fault_alloc 5424
thp_fault_fallback 5939
thp_collapse_alloc 125
thp_collapse_alloc_failed 0
thp_split 4918
thp_zero_page_alloc 1
thp_zero_page_alloc_failed 0
thp_promote 0
thp_fault_alloc 5428
thp_fault_fallback 5939
thp_collapse_alloc 125
thp_collapse_alloc_failed 0
thp_split 4918
thp_zero_page_alloc 1
thp_zero_page_alloc_failed 0
thp_promote 0
thp_fault_alloc 5432
thp_fault_fallback 5939
thp_collapse_alloc 125
thp_collapse_alloc_failed 0
thp_split 4918
thp_zero_page_alloc 1
thp_zero_page_alloc_failed 0
thp_promote 0
thp_fault_alloc 5436
thp_fault_fallback 5939
thp_collapse_alloc 125
thp_collapse_alloc_failed 0
thp_split 4918
thp_zero_page_alloc 1
thp_zero_page_alloc_failed 0
thp_promote 0
thp_fault_alloc 5439
thp_fault_fallback 5939
thp_collapse_alloc 133
thp_collapse_alloc_failed 0
thp_split 4918
thp_zero_page_alloc 1
thp_zero_page_alloc_failed 0
thp_promote 0
thp_fault_alloc 5443
thp_fault_fallback 5939
thp_collapse_alloc 133
thp_collapse_alloc_failed 0
thp_split 4918
thp_zero_page_alloc 1
thp_zero_page_alloc_failed 0
thp_promote 0
thp_fault_alloc 5448
thp_fault_fallback 5939
thp_collapse_alloc 133
thp_collapse_alloc_failed 0
thp_split 4918
thp_zero_page_alloc 1
thp_zero_page_alloc_failed 0
thp_promote 0
thp_fault_alloc 5451
thp_fault_fallback 5939
thp_collapse_alloc 133
thp_collapse_alloc_failed 0
thp_split 4918
thp_zero_page_alloc 1
thp_zero_page_alloc_failed 0
thp_promote 0
thp_fault_alloc 5455
thp_fault_fallback 5939
thp_collapse_alloc 133
thp_collapse_alloc_failed 0
thp_split 4918
thp_zero_page_alloc 1
thp_zero_page_alloc_failed 0
thp_promote 0
thp_fault_alloc 5459
thp_fault_fallback 5939
thp_collapse_alloc 133
thp_collapse_alloc_failed 0
thp_split 4918
thp_zero_page_alloc 1
thp_zero_page_alloc_failed 0
thp_promote 0
thp_fault_alloc 5463
thp_fault_fallback 5939
thp_collapse_alloc 133
thp_collapse_alloc_failed 0
thp_split 4918
thp_zero_page_alloc 1
thp_zero_page_alloc_failed 0
thp_promote 0
thp_fault_alloc 5466
thp_fault_fallback 5939
thp_collapse_alloc 133
thp_collapse_alloc_failed 0
thp_split 4918
thp_zero_page_alloc 1
thp_zero_page_alloc_failed 0
thp_promote 0
thp_fault_alloc 5470
thp_fault_fallback 5939
thp_collapse_alloc 133
thp_collapse_alloc_failed 0
thp_split 4918
thp_zero_page_alloc 1
thp_zero_page_alloc_failed 0
thp_promote 0
thp_fault_alloc 5474
thp_fault_fallback 5939
thp_collapse_alloc 141
thp_collapse_alloc_failed 0
thp_split 4918
thp_zero_page_alloc 1
thp_zero_page_alloc_failed 0
thp_promote 0
thp_fault_alloc 5478
thp_fault_fallback 5939
thp_collapse_alloc 141
thp_collapse_alloc_failed 0
thp_split 4918
thp_zero_page_alloc 1
thp_zero_page_alloc_failed 0
thp_promote 0
thp_fault_alloc 5481
thp_fault_fallback 5939
thp_collapse_alloc 141
thp_collapse_alloc_failed 0
thp_split 4918
thp_zero_page_alloc 1
thp_zero_page_alloc_failed 0
thp_promote 0
thp_fault_alloc 5485
thp_fault_fallback 5939
thp_collapse_alloc 141
thp_collapse_alloc_failed 0
thp_split 4918
thp_zero_page_alloc 1
thp_zero_page_alloc_failed 0
thp_promote 0
thp_fault_alloc 5489
thp_fault_fallback 5939
thp_collapse_alloc 141
thp_collapse_alloc_failed 0
thp_split 4918
thp_zero_page_alloc 1
thp_zero_page_alloc_failed 0
thp_promote 0
thp_fault_alloc 5494
thp_fault_fallback 5939
thp_collapse_alloc 141
thp_collapse_alloc_failed 0
thp_split 4918
thp_zero_page_alloc 1
thp_zero_page_alloc_failed 0
thp_promote 0
thp_fault_alloc 5498
thp_fault_fallback 5939
thp_collapse_alloc 141
thp_collapse_alloc_failed 0
thp_split 4918
thp_zero_page_alloc 1
thp_zero_page_alloc_failed 0
thp_promote 0
thp_fault_alloc 5501
thp_fault_fallback 5939
thp_collapse_alloc 141
thp_collapse_alloc_failed 0
thp_split 4918
thp_zero_page_alloc 1
thp_zero_page_alloc_failed 0
thp_promote 0
thp_fault_alloc 5505
thp_fault_fallback 5939
thp_collapse_alloc 149
thp_collapse_alloc_failed 0
thp_split 4918
thp_zero_page_alloc 1
thp_zero_page_alloc_failed 0
thp_promote 0
thp_fault_alloc 5509
thp_fault_fallback 5939
thp_collapse_alloc 149
thp_collapse_alloc_failed 0
thp_split 4918
thp_zero_page_alloc 1
thp_zero_page_alloc_failed 0
thp_promote 0
thp_fault_alloc 5511
thp_fault_fallback 5939
thp_collapse_alloc 149
thp_collapse_alloc_failed 0
thp_split 4918
thp_zero_page_alloc 1
thp_zero_page_alloc_failed 0
thp_promote 0
thp_fault_alloc 5516
thp_fault_fallback 5939
thp_collapse_alloc 149
thp_collapse_alloc_failed 0
thp_split 4918
thp_zero_page_alloc 1
thp_zero_page_alloc_failed 0
thp_promote 0
thp_fault_alloc 5520
thp_fault_fallback 5939
thp_collapse_alloc 149
thp_collapse_alloc_failed 0
thp_split 4918
thp_zero_page_alloc 1
thp_zero_page_alloc_failed 0
thp_promote 0
thp_fault_alloc 5523
thp_fault_fallback 5939
thp_collapse_alloc 149
thp_collapse_alloc_failed 0
thp_split 4918
thp_zero_page_alloc 1
thp_zero_page_alloc_failed 0
thp_promote 0
thp_fault_alloc 5526
thp_fault_fallback 5939
thp_collapse_alloc 149
thp_collapse_alloc_failed 0
thp_split 4918
thp_zero_page_alloc 1
thp_zero_page_alloc_failed 0
thp_promote 0
thp_fault_alloc 5530
thp_fault_fallback 5939
thp_collapse_alloc 149
thp_collapse_alloc_failed 0
thp_split 4918
thp_zero_page_alloc 1
thp_zero_page_alloc_failed 0
thp_promote 0
thp_fault_alloc 5534
thp_fault_fallback 5939
thp_collapse_alloc 149
thp_collapse_alloc_failed 0
thp_split 4918
thp_zero_page_alloc 1
thp_zero_page_alloc_failed 0
thp_promote 0
thp_fault_alloc 5538
thp_fault_fallback 5939
thp_collapse_alloc 157
thp_collapse_alloc_failed 0
thp_split 4918
thp_zero_page_alloc 1
thp_zero_page_alloc_failed 0
thp_promote 0
thp_fault_alloc 5541
thp_fault_fallback 5939
thp_collapse_alloc 157
thp_collapse_alloc_failed 0
thp_split 4918
thp_zero_page_alloc 1
thp_zero_page_alloc_failed 0
thp_promote 0
thp_fault_alloc 5545
thp_fault_fallback 5939
thp_collapse_alloc 157
thp_collapse_alloc_failed 0
thp_split 4918
thp_zero_page_alloc 1
thp_zero_page_alloc_failed 0
thp_promote 0
thp_fault_alloc 5549
thp_fault_fallback 5939
thp_collapse_alloc 157
thp_collapse_alloc_failed 0
thp_split 4918
thp_zero_page_alloc 1
thp_zero_page_alloc_failed 0
thp_promote 0
thp_fault_alloc 5553
thp_fault_fallback 5939
thp_collapse_alloc 157
thp_collapse_alloc_failed 0
thp_split 4918
thp_zero_page_alloc 1
thp_zero_page_alloc_failed 0
thp_promote 0
thp_fault_alloc 5556
thp_fault_fallback 5939
thp_collapse_alloc 157
thp_collapse_alloc_failed 0
thp_split 4918
thp_zero_page_alloc 1
thp_zero_page_alloc_failed 0
thp_promote 0
thp_fault_alloc 5560
thp_fault_fallback 5939
thp_collapse_alloc 157
thp_collapse_alloc_failed 0
thp_split 4918
thp_zero_page_alloc 1
thp_zero_page_alloc_failed 0
thp_promote 0
thp_fault_alloc 5564
thp_fault_fallback 5939
thp_collapse_alloc 157
thp_collapse_alloc_failed 0
thp_split 4918
thp_zero_page_alloc 1
thp_zero_page_alloc_failed 0
thp_promote 0
thp_fault_alloc 5568
thp_fault_fallback 5939
thp_collapse_alloc 157
thp_collapse_alloc_failed 0
thp_split 4918
thp_zero_page_alloc 1
thp_zero_page_alloc_failed 0
thp_promote 0
thp_fault_alloc 5572
thp_fault_fallback 5939
thp_collapse_alloc 165
thp_collapse_alloc_failed 0
thp_split 4918
thp_zero_page_alloc 1
thp_zero_page_alloc_failed 0
thp_promote 0
thp_fault_alloc 5576
thp_fault_fallback 5939
thp_collapse_alloc 165
thp_collapse_alloc_failed 0
thp_split 4918
thp_zero_page_alloc 1
thp_zero_page_alloc_failed 0
thp_promote 0
thp_fault_alloc 5579
thp_fault_fallback 5939
thp_collapse_alloc 165
thp_collapse_alloc_failed 0
thp_split 4918
thp_zero_page_alloc 1
thp_zero_page_alloc_failed 0
thp_promote 0
thp_fault_alloc 5583
thp_fault_fallback 5939
thp_collapse_alloc 165
thp_collapse_alloc_failed 0
thp_split 4918
thp_zero_page_alloc 1
thp_zero_page_alloc_failed 0
thp_promote 0
thp_fault_alloc 5587
thp_fault_fallback 5939
thp_collapse_alloc 165
thp_collapse_alloc_failed 0
thp_split 4918
thp_zero_page_alloc 1
thp_zero_page_alloc_failed 0
thp_promote 0
thp_fault_alloc 5591
thp_fault_fallback 5939
thp_collapse_alloc 165
thp_collapse_alloc_failed 0
thp_split 4918
thp_zero_page_alloc 1
thp_zero_page_alloc_failed 0
thp_promote 0
thp_fault_alloc 5593
thp_fault_fallback 5939
thp_collapse_alloc 165
thp_collapse_alloc_failed 0
thp_split 4918
thp_zero_page_alloc 1
thp_zero_page_alloc_failed 0
thp_promote 0
thp_fault_alloc 5597
thp_fault_fallback 5939
thp_collapse_alloc 165
thp_collapse_alloc_failed 0
thp_split 4918
thp_zero_page_alloc 1
thp_zero_page_alloc_failed 0
thp_promote 0
thp_fault_alloc 5601
thp_fault_fallback 5939
thp_collapse_alloc 173
thp_collapse_alloc_failed 0
thp_split 4918
thp_zero_page_alloc 1
thp_zero_page_alloc_failed 0
thp_promote 0
thp_fault_alloc 5605
thp_fault_fallback 5939
thp_collapse_alloc 173
thp_collapse_alloc_failed 0
thp_split 4918
thp_zero_page_alloc 1
thp_zero_page_alloc_failed 0
thp_promote 0
thp_fault_alloc 5608
thp_fault_fallback 5939
thp_collapse_alloc 173
thp_collapse_alloc_failed 0
thp_split 4918
thp_zero_page_alloc 1
thp_zero_page_alloc_failed 0
thp_promote 0
thp_fault_alloc 5612
thp_fault_fallback 5939
thp_collapse_alloc 173
thp_collapse_alloc_failed 0
thp_split 4918
thp_zero_page_alloc 1
thp_zero_page_alloc_failed 0
thp_promote 0
thp_fault_alloc 5616
thp_fault_fallback 5939
thp_collapse_alloc 173
thp_collapse_alloc_failed 0
thp_split 4918
thp_zero_page_alloc 1
thp_zero_page_alloc_failed 0
thp_promote 0
thp_fault_alloc 5619
thp_fault_fallback 5939
thp_collapse_alloc 173
thp_collapse_alloc_failed 0
thp_split 4918
thp_zero_page_alloc 1
thp_zero_page_alloc_failed 0
thp_promote 0
thp_fault_alloc 5622
thp_fault_fallback 5939
thp_collapse_alloc 173
thp_collapse_alloc_failed 0
thp_split 4918
thp_zero_page_alloc 1
thp_zero_page_alloc_failed 0
thp_promote 0
thp_fault_alloc 5626
thp_fault_fallback 5939
thp_collapse_alloc 173
thp_collapse_alloc_failed 0
thp_split 4918
thp_zero_page_alloc 1
thp_zero_page_alloc_failed 0
thp_promote 0
thp_fault_alloc 5630
thp_fault_fallback 5939
thp_collapse_alloc 173
thp_collapse_alloc_failed 0
thp_split 4918
thp_zero_page_alloc 1
thp_zero_page_alloc_failed 0
thp_promote 0
thp_fault_alloc 5634
thp_fault_fallback 6160
thp_collapse_alloc 181
thp_collapse_alloc_failed 0
thp_split 5139
thp_zero_page_alloc 1
thp_zero_page_alloc_failed 0
thp_promote 0
thp_fault_alloc 5634
thp_fault_fallback 6163
thp_collapse_alloc 181
thp_collapse_alloc_failed 0
thp_split 5142
thp_zero_page_alloc 1
thp_zero_page_alloc_failed 0
thp_promote 0
thp_fault_alloc 5635
thp_fault_fallback 6163
thp_collapse_alloc 181
thp_collapse_alloc_failed 0
thp_split 5142
thp_zero_page_alloc 1
thp_zero_page_alloc_failed 0
thp_promote 0
thp_fault_alloc 5636
thp_fault_fallback 6163
thp_collapse_alloc 181
thp_collapse_alloc_failed 0
thp_split 5142
thp_zero_page_alloc 1
thp_zero_page_alloc_failed 0
thp_promote 0
thp_fault_alloc 5638
thp_fault_fallback 6163
thp_collapse_alloc 181
thp_collapse_alloc_failed 0
thp_split 5142
thp_zero_page_alloc 1
thp_zero_page_alloc_failed 0
thp_promote 0
thp_fault_alloc 5638
thp_fault_fallback 6163
thp_collapse_alloc 181
thp_collapse_alloc_failed 0
thp_split 5142
thp_zero_page_alloc 1
thp_zero_page_alloc_failed 0
thp_promote 0
thp_fault_alloc 5639
thp_fault_fallback 6163
thp_collapse_alloc 181
thp_collapse_alloc_failed 0
thp_split 5142
thp_zero_page_alloc 1
thp_zero_page_alloc_failed 0
thp_promote 0
thp_fault_alloc 5641
thp_fault_fallback 6163
thp_collapse_alloc 181
thp_collapse_alloc_failed 0
thp_split 5142
thp_zero_page_alloc 1
thp_zero_page_alloc_failed 0
thp_promote 0
thp_fault_alloc 5643
thp_fault_fallback 6163
thp_collapse_alloc 181
thp_collapse_alloc_failed 0
thp_split 5142
thp_zero_page_alloc 1
thp_zero_page_alloc_failed 0
thp_promote 0
thp_fault_alloc 5644
thp_fault_fallback 6163
thp_collapse_alloc 181
thp_collapse_alloc_failed 0
thp_split 5142
thp_zero_page_alloc 1
thp_zero_page_alloc_failed 0
thp_promote 0
thp_fault_alloc 5647
thp_fault_fallback 6163
thp_collapse_alloc 181
thp_collapse_alloc_failed 0
thp_split 5142
thp_zero_page_alloc 1
thp_zero_page_alloc_failed 0
thp_promote 0
thp_fault_alloc 5648
thp_fault_fallback 6163
thp_collapse_alloc 181
thp_collapse_alloc_failed 0
thp_split 5142
thp_zero_page_alloc 1
thp_zero_page_alloc_failed 0
thp_promote 0
thp_fault_alloc 5651
thp_fault_fallback 6163
thp_collapse_alloc 181
thp_collapse_alloc_failed 0
thp_split 5142
thp_zero_page_alloc 1
thp_zero_page_alloc_failed 0
thp_promote 0
thp_fault_alloc 5653
thp_fault_fallback 6163
thp_collapse_alloc 181
thp_collapse_alloc_failed 0
thp_split 5142
thp_zero_page_alloc 1
thp_zero_page_alloc_failed 0
thp_promote 0
thp_fault_alloc 5656
thp_fault_fallback 6163
thp_collapse_alloc 181
thp_collapse_alloc_failed 0
thp_split 5142
thp_zero_page_alloc 1
thp_zero_page_alloc_failed 0
thp_promote 0
thp_fault_alloc 5658
thp_fault_fallback 6163
thp_collapse_alloc 181
thp_collapse_alloc_failed 0
thp_split 5142
thp_zero_page_alloc 1
thp_zero_page_alloc_failed 0
thp_promote 0
thp_fault_alloc 5662
thp_fault_fallback 6163
thp_collapse_alloc 181
thp_collapse_alloc_failed 0
thp_split 5142
thp_zero_page_alloc 1
thp_zero_page_alloc_failed 0
thp_promote 0
thp_fault_alloc 5665
thp_fault_fallback 6163
thp_collapse_alloc 181
thp_collapse_alloc_failed 0
thp_split 5142
thp_zero_page_alloc 1
thp_zero_page_alloc_failed 0
thp_promote 0
thp_fault_alloc 5669
thp_fault_fallback 6163
thp_collapse_alloc 181
thp_collapse_alloc_failed 0
thp_split 5142
thp_zero_page_alloc 1
thp_zero_page_alloc_failed 0
thp_promote 0
thp_fault_alloc 5671
thp_fault_fallback 6163
thp_collapse_alloc 181
thp_collapse_alloc_failed 0
thp_split 5142
thp_zero_page_alloc 1
thp_zero_page_alloc_failed 0
thp_promote 0
thp_fault_alloc 5675
thp_fault_fallback 6163
thp_collapse_alloc 181
thp_collapse_alloc_failed 0
thp_split 5142
thp_zero_page_alloc 1
thp_zero_page_alloc_failed 0
thp_promote 0
thp_fault_alloc 5678
thp_fault_fallback 6163
thp_collapse_alloc 181
thp_collapse_alloc_failed 0
thp_split 5142
thp_zero_page_alloc 1
thp_zero_page_alloc_failed 0
thp_promote 0
thp_fault_alloc 5681
thp_fault_fallback 6163
thp_collapse_alloc 181
thp_collapse_alloc_failed 0
thp_split 5142
thp_zero_page_alloc 1
thp_zero_page_alloc_failed 0
thp_promote 0
thp_fault_alloc 5685
thp_fault_fallback 6163
thp_collapse_alloc 181
thp_collapse_alloc_failed 0
thp_split 5142
thp_zero_page_alloc 1
thp_zero_page_alloc_failed 0
thp_promote 0
thp_fault_alloc 5688
thp_fault_fallback 6163
thp_collapse_alloc 181
thp_collapse_alloc_failed 0
thp_split 5142
thp_zero_page_alloc 1
thp_zero_page_alloc_failed 0
thp_promote 0
thp_fault_alloc 5690
thp_fault_fallback 6163
thp_collapse_alloc 185
thp_collapse_alloc_failed 0
thp_split 5142
thp_zero_page_alloc 1
thp_zero_page_alloc_failed 0
thp_promote 0
thp_fault_alloc 5693
thp_fault_fallback 6163
thp_collapse_alloc 185
thp_collapse_alloc_failed 0
thp_split 5142
thp_zero_page_alloc 1
thp_zero_page_alloc_failed 0
thp_promote 0
thp_fault_alloc 5695
thp_fault_fallback 6163
thp_collapse_alloc 185
thp_collapse_alloc_failed 0
thp_split 5142
thp_zero_page_alloc 1
thp_zero_page_alloc_failed 0
thp_promote 0
thp_fault_alloc 5699
thp_fault_fallback 6163
thp_collapse_alloc 185
thp_collapse_alloc_failed 0
thp_split 5142
thp_zero_page_alloc 1
thp_zero_page_alloc_failed 0
thp_promote 0
thp_fault_alloc 5702
thp_fault_fallback 6163
thp_collapse_alloc 185
thp_collapse_alloc_failed 0
thp_split 5142
thp_zero_page_alloc 1
thp_zero_page_alloc_failed 0
thp_promote 0
thp_fault_alloc 5706
thp_fault_fallback 6163
thp_collapse_alloc 185
thp_collapse_alloc_failed 0
thp_split 5142
thp_zero_page_alloc 1
thp_zero_page_alloc_failed 0
thp_promote 0
thp_fault_alloc 5709
thp_fault_fallback 6163
thp_collapse_alloc 185
thp_collapse_alloc_failed 0
thp_split 5142
thp_zero_page_alloc 1
thp_zero_page_alloc_failed 0
thp_promote 0
thp_fault_alloc 5712
thp_fault_fallback 6163
thp_collapse_alloc 185
thp_collapse_alloc_failed 0
thp_split 5142
thp_zero_page_alloc 1
thp_zero_page_alloc_failed 0
thp_promote 0
thp_fault_alloc 5719
thp_fault_fallback 6163
thp_collapse_alloc 189
thp_collapse_alloc_failed 0
thp_split 5142
thp_zero_page_alloc 1
thp_zero_page_alloc_failed 0
thp_promote 0
thp_fault_alloc 5723
thp_fault_fallback 6163
thp_collapse_alloc 189
thp_collapse_alloc_failed 0
thp_split 5142
thp_zero_page_alloc 1
thp_zero_page_alloc_failed 0
thp_promote 0
thp_fault_alloc 5726
thp_fault_fallback 6163
thp_collapse_alloc 189
thp_collapse_alloc_failed 0
thp_split 5142
thp_zero_page_alloc 1
thp_zero_page_alloc_failed 0
thp_promote 0
thp_fault_alloc 5730
thp_fault_fallback 6163
thp_collapse_alloc 189
thp_collapse_alloc_failed 0
thp_split 5142
thp_zero_page_alloc 1
thp_zero_page_alloc_failed 0
thp_promote 0
thp_fault_alloc 5733
thp_fault_fallback 6163
thp_collapse_alloc 189
thp_collapse_alloc_failed 0
thp_split 5142
thp_zero_page_alloc 1
thp_zero_page_alloc_failed 0
thp_promote 0
thp_fault_alloc 5737
thp_fault_fallback 6163
thp_collapse_alloc 189
thp_collapse_alloc_failed 0
thp_split 5142
thp_zero_page_alloc 1
thp_zero_page_alloc_failed 0
thp_promote 0
thp_fault_alloc 5741
thp_fault_fallback 6163
thp_collapse_alloc 189
thp_collapse_alloc_failed 0
thp_split 5142
thp_zero_page_alloc 1
thp_zero_page_alloc_failed 0
thp_promote 0
thp_fault_alloc 5743
thp_fault_fallback 6163
thp_collapse_alloc 189
thp_collapse_alloc_failed 0
thp_split 5142
thp_zero_page_alloc 1
thp_zero_page_alloc_failed 0
thp_promote 0
thp_fault_alloc 5747
thp_fault_fallback 6163
thp_collapse_alloc 193
thp_collapse_alloc_failed 0
thp_split 5142
thp_zero_page_alloc 1
thp_zero_page_alloc_failed 0
thp_promote 0
thp_fault_alloc 5751
thp_fault_fallback 6163
thp_collapse_alloc 193
thp_collapse_alloc_failed 0
thp_split 5142
thp_zero_page_alloc 1
thp_zero_page_alloc_failed 0
thp_promote 0
thp_fault_alloc 5754
thp_fault_fallback 6163
thp_collapse_alloc 193
thp_collapse_alloc_failed 0
thp_split 5142
thp_zero_page_alloc 1
thp_zero_page_alloc_failed 0
thp_promote 0
thp_fault_alloc 5757
thp_fault_fallback 6163
thp_collapse_alloc 193
thp_collapse_alloc_failed 0
thp_split 5142
thp_zero_page_alloc 1
thp_zero_page_alloc_failed 0
thp_promote 0
thp_fault_alloc 5759
thp_fault_fallback 6163
thp_collapse_alloc 193
thp_collapse_alloc_failed 0
thp_split 5142
thp_zero_page_alloc 1
thp_zero_page_alloc_failed 0
thp_promote 0
thp_fault_alloc 5762
thp_fault_fallback 6163
thp_collapse_alloc 193
thp_collapse_alloc_failed 0
thp_split 5142
thp_zero_page_alloc 1
thp_zero_page_alloc_failed 0
thp_promote 0
thp_fault_alloc 5764
thp_fault_fallback 6163
thp_collapse_alloc 193
thp_collapse_alloc_failed 0
thp_split 5142
thp_zero_page_alloc 1
thp_zero_page_alloc_failed 0
thp_promote 0
thp_fault_alloc 5767
thp_fault_fallback 6163
thp_collapse_alloc 193
thp_collapse_alloc_failed 0
thp_split 5142
thp_zero_page_alloc 1
thp_zero_page_alloc_failed 0
thp_promote 0
thp_fault_alloc 5769
thp_fault_fallback 6163
thp_collapse_alloc 193
thp_collapse_alloc_failed 0
thp_split 5142
thp_zero_page_alloc 1
thp_zero_page_alloc_failed 0
thp_promote 0
thp_fault_alloc 5772
thp_fault_fallback 6163
thp_collapse_alloc 197
thp_collapse_alloc_failed 0
thp_split 5142
thp_zero_page_alloc 1
thp_zero_page_alloc_failed 0
thp_promote 0
thp_fault_alloc 5774
thp_fault_fallback 6163
thp_collapse_alloc 197
thp_collapse_alloc_failed 0
thp_split 5142
thp_zero_page_alloc 1
thp_zero_page_alloc_failed 0
thp_promote 0
thp_fault_alloc 5777
thp_fault_fallback 6163
thp_collapse_alloc 197
thp_collapse_alloc_failed 0
thp_split 5142
thp_zero_page_alloc 1
thp_zero_page_alloc_failed 0
thp_promote 0
thp_fault_alloc 5779
thp_fault_fallback 6163
thp_collapse_alloc 197
thp_collapse_alloc_failed 0
thp_split 5142
thp_zero_page_alloc 1
thp_zero_page_alloc_failed 0
thp_promote 0
thp_fault_alloc 5782
thp_fault_fallback 6163
thp_collapse_alloc 197
thp_collapse_alloc_failed 0
thp_split 5142
thp_zero_page_alloc 1
thp_zero_page_alloc_failed 0
thp_promote 0
thp_fault_alloc 5784
thp_fault_fallback 6163
thp_collapse_alloc 197
thp_collapse_alloc_failed 0
thp_split 5142
thp_zero_page_alloc 1
thp_zero_page_alloc_failed 0
thp_promote 0
thp_fault_alloc 5786
thp_fault_fallback 6163
thp_collapse_alloc 197
thp_collapse_alloc_failed 0
thp_split 5142
thp_zero_page_alloc 1
thp_zero_page_alloc_failed 0
thp_promote 0
thp_fault_alloc 5789
thp_fault_fallback 6163
thp_collapse_alloc 197
thp_collapse_alloc_failed 0
thp_split 5142
thp_zero_page_alloc 1
thp_zero_page_alloc_failed 0
thp_promote 0
thp_fault_alloc 5793
thp_fault_fallback 6163
thp_collapse_alloc 201
thp_collapse_alloc_failed 0
thp_split 5142
thp_zero_page_alloc 1
thp_zero_page_alloc_failed 0
thp_promote 0
thp_fault_alloc 5796
thp_fault_fallback 6163
thp_collapse_alloc 201
thp_collapse_alloc_failed 0
thp_split 5142
thp_zero_page_alloc 1
thp_zero_page_alloc_failed 0
thp_promote 0
thp_fault_alloc 5799
thp_fault_fallback 6163
thp_collapse_alloc 201
thp_collapse_alloc_failed 0
thp_split 5142
thp_zero_page_alloc 1
thp_zero_page_alloc_failed 0
thp_promote 0
thp_fault_alloc 5803
thp_fault_fallback 6163
thp_collapse_alloc 201
thp_collapse_alloc_failed 0
thp_split 5142
thp_zero_page_alloc 1
thp_zero_page_alloc_failed 0
thp_promote 0
thp_fault_alloc 5806
thp_fault_fallback 6163
thp_collapse_alloc 201
thp_collapse_alloc_failed 0
thp_split 5142
thp_zero_page_alloc 1
thp_zero_page_alloc_failed 0
thp_promote 0
thp_fault_alloc 5811
thp_fault_fallback 6163
thp_collapse_alloc 201
thp_collapse_alloc_failed 0
thp_split 5142
thp_zero_page_alloc 1
thp_zero_page_alloc_failed 0
thp_promote 0
thp_fault_alloc 5815
thp_fault_fallback 6163
thp_collapse_alloc 201
thp_collapse_alloc_failed 0
thp_split 5142
thp_zero_page_alloc 1
thp_zero_page_alloc_failed 0
thp_promote 0
thp_fault_alloc 5817
thp_fault_fallback 6163
thp_collapse_alloc 201
thp_collapse_alloc_failed 0
thp_split 5142
thp_zero_page_alloc 1
thp_zero_page_alloc_failed 0
thp_promote 0
thp_fault_alloc 5821
thp_fault_fallback 6163
thp_collapse_alloc 201
thp_collapse_alloc_failed 0
thp_split 5142
thp_zero_page_alloc 1
thp_zero_page_alloc_failed 0
thp_promote 0
thp_fault_alloc 5824
thp_fault_fallback 6163
thp_collapse_alloc 205
thp_collapse_alloc_failed 0
thp_split 5142
thp_zero_page_alloc 1
thp_zero_page_alloc_failed 0
thp_promote 0
thp_fault_alloc 5827
thp_fault_fallback 6163
thp_collapse_alloc 205
thp_collapse_alloc_failed 0
thp_split 5142
thp_zero_page_alloc 1
thp_zero_page_alloc_failed 0
thp_promote 0
thp_fault_alloc 5831
thp_fault_fallback 6163
thp_collapse_alloc 205
thp_collapse_alloc_failed 0
thp_split 5142
thp_zero_page_alloc 1
thp_zero_page_alloc_failed 0
thp_promote 0
thp_fault_alloc 5834
thp_fault_fallback 6163
thp_collapse_alloc 205
thp_collapse_alloc_failed 0
thp_split 5142
thp_zero_page_alloc 1
thp_zero_page_alloc_failed 0
thp_promote 0
thp_fault_alloc 5838
thp_fault_fallback 6163
thp_collapse_alloc 205
thp_collapse_alloc_failed 0
thp_split 5142
thp_zero_page_alloc 1
thp_zero_page_alloc_failed 0
thp_promote 0
thp_fault_alloc 5840
thp_fault_fallback 6163
thp_collapse_alloc 205
thp_collapse_alloc_failed 0
thp_split 5142
thp_zero_page_alloc 1
thp_zero_page_alloc_failed 0
thp_promote 0
thp_fault_alloc 5844
thp_fault_fallback 6163
thp_collapse_alloc 205
thp_collapse_alloc_failed 0
thp_split 5142
thp_zero_page_alloc 1
thp_zero_page_alloc_failed 0
thp_promote 0
thp_fault_alloc 5847
thp_fault_fallback 6163
thp_collapse_alloc 205
thp_collapse_alloc_failed 0
thp_split 5142
thp_zero_page_alloc 1
thp_zero_page_alloc_failed 0
thp_promote 0
thp_fault_alloc 5850
thp_fault_fallback 6163
thp_collapse_alloc 209
thp_collapse_alloc_failed 0
thp_split 5142
thp_zero_page_alloc 1
thp_zero_page_alloc_failed 0
thp_promote 0
thp_fault_alloc 5851
thp_fault_fallback 6163
thp_collapse_alloc 209
thp_collapse_alloc_failed 0
thp_split 5142
thp_zero_page_alloc 1
thp_zero_page_alloc_failed 0
thp_promote 0
thp_fault_alloc 5854
thp_fault_fallback 6163
thp_collapse_alloc 209
thp_collapse_alloc_failed 0
thp_split 5142
thp_zero_page_alloc 1
thp_zero_page_alloc_failed 0
thp_promote 0
thp_fault_alloc 5856
thp_fault_fallback 6163
thp_collapse_alloc 209
thp_collapse_alloc_failed 0
thp_split 5142
thp_zero_page_alloc 1
thp_zero_page_alloc_failed 0
thp_promote 0
thp_fault_alloc 5858
thp_fault_fallback 6163
thp_collapse_alloc 209
thp_collapse_alloc_failed 0
thp_split 5142
thp_zero_page_alloc 1
thp_zero_page_alloc_failed 0
thp_promote 0
thp_fault_alloc 5861
thp_fault_fallback 6163
thp_collapse_alloc 209
thp_collapse_alloc_failed 0
thp_split 5142
thp_zero_page_alloc 1
thp_zero_page_alloc_failed 0
thp_promote 0
thp_fault_alloc 5863
thp_fault_fallback 6163
thp_collapse_alloc 209
thp_collapse_alloc_failed 0
thp_split 5142
thp_zero_page_alloc 1
thp_zero_page_alloc_failed 0
thp_promote 0
thp_fault_alloc 5867
thp_fault_fallback 6163
thp_collapse_alloc 209
thp_collapse_alloc_failed 0
thp_split 5142
thp_zero_page_alloc 1
thp_zero_page_alloc_failed 0
thp_promote 0
thp_fault_alloc 5870
thp_fault_fallback 6163
thp_collapse_alloc 209
thp_collapse_alloc_failed 0
thp_split 5142
thp_zero_page_alloc 1
thp_zero_page_alloc_failed 0
thp_promote 0
thp_fault_alloc 5875
thp_fault_fallback 6163
thp_collapse_alloc 213
thp_collapse_alloc_failed 0
thp_split 5142
thp_zero_page_alloc 1
thp_zero_page_alloc_failed 0
thp_promote 0
thp_fault_alloc 5880
thp_fault_fallback 6163
thp_collapse_alloc 213
thp_collapse_alloc_failed 0
thp_split 5142
thp_zero_page_alloc 1
thp_zero_page_alloc_failed 0
thp_promote 0
thp_fault_alloc 5883
thp_fault_fallback 6163
thp_collapse_alloc 213
thp_collapse_alloc_failed 0
thp_split 5142
thp_zero_page_alloc 1
thp_zero_page_alloc_failed 0
thp_promote 0
thp_fault_alloc 5886
thp_fault_fallback 6163
thp_collapse_alloc 213
thp_collapse_alloc_failed 0
thp_split 5142
thp_zero_page_alloc 1
thp_zero_page_alloc_failed 0
thp_promote 0
thp_fault_alloc 5889
thp_fault_fallback 6163
thp_collapse_alloc 213
thp_collapse_alloc_failed 0
thp_split 5142
thp_zero_page_alloc 1
thp_zero_page_alloc_failed 0
thp_promote 0
thp_fault_alloc 5893
thp_fault_fallback 6163
thp_collapse_alloc 213
thp_collapse_alloc_failed 0
thp_split 5142
thp_zero_page_alloc 1
thp_zero_page_alloc_failed 0
thp_promote 0
thp_fault_alloc 5896
thp_fault_fallback 6163
thp_collapse_alloc 213
thp_collapse_alloc_failed 0
thp_split 5142
thp_zero_page_alloc 1
thp_zero_page_alloc_failed 0
thp_promote 0
thp_fault_alloc 5899
thp_fault_fallback 6163
thp_collapse_alloc 213
thp_collapse_alloc_failed 0
thp_split 5142
thp_zero_page_alloc 1
thp_zero_page_alloc_failed 0
thp_promote 0
thp_fault_alloc 5902
thp_fault_fallback 6163
thp_collapse_alloc 221
thp_collapse_alloc_failed 0
thp_split 5142
thp_zero_page_alloc 1
thp_zero_page_alloc_failed 0
thp_promote 0
thp_fault_alloc 5905
thp_fault_fallback 6163
thp_collapse_alloc 221
thp_collapse_alloc_failed 0
thp_split 5142
thp_zero_page_alloc 1
thp_zero_page_alloc_failed 0
thp_promote 0
thp_fault_alloc 5908
thp_fault_fallback 6163
thp_collapse_alloc 221
thp_collapse_alloc_failed 0
thp_split 5142
thp_zero_page_alloc 1
thp_zero_page_alloc_failed 0
thp_promote 0
thp_fault_alloc 5912
thp_fault_fallback 6163
thp_collapse_alloc 221
thp_collapse_alloc_failed 0
thp_split 5142
thp_zero_page_alloc 1
thp_zero_page_alloc_failed 0
thp_promote 0
thp_fault_alloc 5915
thp_fault_fallback 6163
thp_collapse_alloc 221
thp_collapse_alloc_failed 0
thp_split 5142
thp_zero_page_alloc 1
thp_zero_page_alloc_failed 0
thp_promote 0
thp_fault_alloc 5918
thp_fault_fallback 6163
thp_collapse_alloc 221
thp_collapse_alloc_failed 0
thp_split 5142
thp_zero_page_alloc 1
thp_zero_page_alloc_failed 0
thp_promote 0
thp_fault_alloc 5921
thp_fault_fallback 6163
thp_collapse_alloc 221
thp_collapse_alloc_failed 0
thp_split 5142
thp_zero_page_alloc 1
thp_zero_page_alloc_failed 0
thp_promote 0
thp_fault_alloc 5925
thp_fault_fallback 6163
thp_collapse_alloc 221
thp_collapse_alloc_failed 0
thp_split 5142
thp_zero_page_alloc 1
thp_zero_page_alloc_failed 0
thp_promote 0
thp_fault_alloc 5927
thp_fault_fallback 6163
thp_collapse_alloc 221
thp_collapse_alloc_failed 0
thp_split 5142
thp_zero_page_alloc 1
thp_zero_page_alloc_failed 0
thp_promote 0
thp_fault_alloc 5931
thp_fault_fallback 6163
thp_collapse_alloc 229
thp_collapse_alloc_failed 0
thp_split 5142
thp_zero_page_alloc 1
thp_zero_page_alloc_failed 0
thp_promote 0
thp_fault_alloc 5933
thp_fault_fallback 6163
thp_collapse_alloc 229
thp_collapse_alloc_failed 0
thp_split 5142
thp_zero_page_alloc 1
thp_zero_page_alloc_failed 0
thp_promote 0
thp_fault_alloc 5936
thp_fault_fallback 6163
thp_collapse_alloc 229
thp_collapse_alloc_failed 0
thp_split 5142
thp_zero_page_alloc 1
thp_zero_page_alloc_failed 0
thp_promote 0
thp_fault_alloc 5940
thp_fault_fallback 6163
thp_collapse_alloc 229
thp_collapse_alloc_failed 0
thp_split 5142
thp_zero_page_alloc 1
thp_zero_page_alloc_failed 0
thp_promote 0
thp_fault_alloc 5943
thp_fault_fallback 6163
thp_collapse_alloc 229
thp_collapse_alloc_failed 0
thp_split 5142
thp_zero_page_alloc 1
thp_zero_page_alloc_failed 0
thp_promote 0
thp_fault_alloc 5946
thp_fault_fallback 6163
thp_collapse_alloc 229
thp_collapse_alloc_failed 0
thp_split 5142
thp_zero_page_alloc 1
thp_zero_page_alloc_failed 0
thp_promote 0
thp_fault_alloc 5949
thp_fault_fallback 6163
thp_collapse_alloc 229
thp_collapse_alloc_failed 0
thp_split 5142
thp_zero_page_alloc 1
thp_zero_page_alloc_failed 0
thp_promote 0
thp_fault_alloc 5953
thp_fault_fallback 6163
thp_collapse_alloc 229
thp_collapse_alloc_failed 0
thp_split 5142
thp_zero_page_alloc 1
thp_zero_page_alloc_failed 0
thp_promote 0
thp_fault_alloc 5955
thp_fault_fallback 6163
thp_collapse_alloc 229
thp_collapse_alloc_failed 0
thp_split 5142
thp_zero_page_alloc 1
thp_zero_page_alloc_failed 0
thp_promote 0
thp_fault_alloc 5959
thp_fault_fallback 6163
thp_collapse_alloc 237
thp_collapse_alloc_failed 0
thp_split 5142
thp_zero_page_alloc 1
thp_zero_page_alloc_failed 0
thp_promote 0
thp_fault_alloc 5960
thp_fault_fallback 6163
thp_collapse_alloc 237
thp_collapse_alloc_failed 0
thp_split 5142
thp_zero_page_alloc 1
thp_zero_page_alloc_failed 0
thp_promote 0
thp_fault_alloc 5960
thp_fault_fallback 6163
thp_collapse_alloc 237
thp_collapse_alloc_failed 0
thp_split 5142
thp_zero_page_alloc 1
thp_zero_page_alloc_failed 0
thp_promote 0
thp_fault_alloc 5960
thp_fault_fallback 6163
thp_collapse_alloc 237
thp_collapse_alloc_failed 0
thp_split 5142
thp_zero_page_alloc 1
thp_zero_page_alloc_failed 0
thp_promote 0
thp_fault_alloc 5960
thp_fault_fallback 6163
thp_collapse_alloc 237
thp_collapse_alloc_failed 0
thp_split 5142
thp_zero_page_alloc 1
thp_zero_page_alloc_failed 0
thp_promote 0
thp_fault_alloc 5960
thp_fault_fallback 6163
thp_collapse_alloc 237
thp_collapse_alloc_failed 0
thp_split 5142
thp_zero_page_alloc 1
thp_zero_page_alloc_failed 0
thp_promote 0
thp_fault_alloc 5960
thp_fault_fallback 6163
thp_collapse_alloc 237
thp_collapse_alloc_failed 0
thp_split 5142
thp_zero_page_alloc 1
thp_zero_page_alloc_failed 0
thp_promote 0
thp_fault_alloc 5960
thp_fault_fallback 6163
thp_collapse_alloc 237
thp_collapse_alloc_failed 0
thp_split 5142
thp_zero_page_alloc 1
thp_zero_page_alloc_failed 0
thp_promote 0
thp_fault_alloc 5960
thp_fault_fallback 6163
thp_collapse_alloc 245
thp_collapse_alloc_failed 0
thp_split 5142
thp_zero_page_alloc 1
thp_zero_page_alloc_failed 0
thp_promote 0
thp_fault_alloc 5960
thp_fault_fallback 6163
thp_collapse_alloc 245
thp_collapse_alloc_failed 0
thp_split 5142
thp_zero_page_alloc 1
thp_zero_page_alloc_failed 0
thp_promote 0
thp_fault_alloc 5960
thp_fault_fallback 6163
thp_collapse_alloc 245
thp_collapse_alloc_failed 0
thp_split 5142
thp_zero_page_alloc 1
thp_zero_page_alloc_failed 0
thp_promote 0
thp_fault_alloc 5960
thp_fault_fallback 6163
thp_collapse_alloc 245
thp_collapse_alloc_failed 0
thp_split 5142
thp_zero_page_alloc 1
thp_zero_page_alloc_failed 0
thp_promote 0
thp_fault_alloc 5960
thp_fault_fallback 6163
thp_collapse_alloc 245
thp_collapse_alloc_failed 0
thp_split 5142
thp_zero_page_alloc 1
thp_zero_page_alloc_failed 0
thp_promote 0
thp_fault_alloc 5960
thp_fault_fallback 6163
thp_collapse_alloc 245
thp_collapse_alloc_failed 0
thp_split 5142
thp_zero_page_alloc 1
thp_zero_page_alloc_failed 0
thp_promote 0
thp_fault_alloc 5960
thp_fault_fallback 6163
thp_collapse_alloc 245
thp_collapse_alloc_failed 0
thp_split 5142
thp_zero_page_alloc 1
thp_zero_page_alloc_failed 0
thp_promote 0
thp_fault_alloc 5960
thp_fault_fallback 6163
thp_collapse_alloc 245
thp_collapse_alloc_failed 0
thp_split 5142
thp_zero_page_alloc 1
thp_zero_page_alloc_failed 0
thp_promote 0
thp_fault_alloc 5960
thp_fault_fallback 6163
thp_collapse_alloc 245
thp_collapse_alloc_failed 0
thp_split 5142
thp_zero_page_alloc 1
thp_zero_page_alloc_failed 0
thp_promote 0
thp_fault_alloc 5960
thp_fault_fallback 6163
thp_collapse_alloc 253
thp_collapse_alloc_failed 0
thp_split 5142
thp_zero_page_alloc 1
thp_zero_page_alloc_failed 0
thp_promote 0
thp_fault_alloc 5960
thp_fault_fallback 6163
thp_collapse_alloc 253
thp_collapse_alloc_failed 0
thp_split 5142
thp_zero_page_alloc 1
thp_zero_page_alloc_failed 0
thp_promote 0
thp_fault_alloc 5960
thp_fault_fallback 6163
thp_collapse_alloc 253
thp_collapse_alloc_failed 0
thp_split 5142
thp_zero_page_alloc 1
thp_zero_page_alloc_failed 0
thp_promote 0
thp_fault_alloc 5960
thp_fault_fallback 6163
thp_collapse_alloc 253
thp_collapse_alloc_failed 0
thp_split 5142
thp_zero_page_alloc 1
thp_zero_page_alloc_failed 0
thp_promote 0
thp_fault_alloc 5960
thp_fault_fallback 6163
thp_collapse_alloc 253
thp_collapse_alloc_failed 0
thp_split 5142
thp_zero_page_alloc 1
thp_zero_page_alloc_failed 0
thp_promote 0
thp_fault_alloc 5960
thp_fault_fallback 6163
thp_collapse_alloc 253
thp_collapse_alloc_failed 0
thp_split 5142
thp_zero_page_alloc 1
thp_zero_page_alloc_failed 0
thp_promote 0
thp_fault_alloc 5960
thp_fault_fallback 6163
thp_collapse_alloc 253
thp_collapse_alloc_failed 0
thp_split 5142
thp_zero_page_alloc 1
thp_zero_page_alloc_failed 0
thp_promote 0
thp_fault_alloc 5960
thp_fault_fallback 6163
thp_collapse_alloc 253
thp_collapse_alloc_failed 0
thp_split 5142
thp_zero_page_alloc 1
thp_zero_page_alloc_failed 0
thp_promote 0
thp_fault_alloc 5960
thp_fault_fallback 6163
thp_collapse_alloc 253
thp_collapse_alloc_failed 0
thp_split 5142
thp_zero_page_alloc 1
thp_zero_page_alloc_failed 0
thp_promote 0
thp_fault_alloc 5960
thp_fault_fallback 6163
thp_collapse_alloc 261
thp_collapse_alloc_failed 0
thp_split 5142
thp_zero_page_alloc 1
thp_zero_page_alloc_failed 0
thp_promote 0
thp_fault_alloc 5960
thp_fault_fallback 6163
thp_collapse_alloc 261
thp_collapse_alloc_failed 0
thp_split 5142
thp_zero_page_alloc 1
thp_zero_page_alloc_failed 0
thp_promote 0
thp_fault_alloc 5960
thp_fault_fallback 6164
thp_collapse_alloc 261
thp_collapse_alloc_failed 0
thp_split 5143
thp_zero_page_alloc 1
thp_zero_page_alloc_failed 0
thp_promote 0
thp_fault_alloc 5960
thp_fault_fallback 6166
thp_collapse_alloc 261
thp_collapse_alloc_failed 0
thp_split 5145
thp_zero_page_alloc 1
thp_zero_page_alloc_failed 0
thp_promote 0
thp_fault_alloc 5989
thp_fault_fallback 6166
thp_collapse_alloc 261
thp_collapse_alloc_failed 0
thp_split 5145
thp_zero_page_alloc 1
thp_zero_page_alloc_failed 0
thp_promote 0
thp_fault_alloc 6017
thp_fault_fallback 6166
thp_collapse_alloc 261
thp_collapse_alloc_failed 0
thp_split 5145
thp_zero_page_alloc 1
thp_zero_page_alloc_failed 0
thp_promote 0
thp_fault_alloc 6074
thp_fault_fallback 6166
thp_collapse_alloc 261
thp_collapse_alloc_failed 0
thp_split 5145
thp_zero_page_alloc 1
thp_zero_page_alloc_failed 0
thp_promote 0
thp_fault_alloc 6074
thp_fault_fallback 6166
thp_collapse_alloc 261
thp_collapse_alloc_failed 0
thp_split 5145
thp_zero_page_alloc 1
thp_zero_page_alloc_failed 0
thp_promote 0
thp_fault_alloc 6074
thp_fault_fallback 6166
thp_collapse_alloc 261
thp_collapse_alloc_failed 0
thp_split 5145
thp_zero_page_alloc 1
thp_zero_page_alloc_failed 0
thp_promote 0
thp_fault_alloc 6189
thp_fault_fallback 6166
thp_collapse_alloc 261
thp_collapse_alloc_failed 0
thp_split 5145
thp_zero_page_alloc 1
thp_zero_page_alloc_failed 0
thp_promote 0
thp_fault_alloc 6189
thp_fault_fallback 6169
thp_collapse_alloc 261
thp_collapse_alloc_failed 0
thp_split 5148
thp_zero_page_alloc 1
thp_zero_page_alloc_failed 0
thp_promote 0
thp_fault_alloc 6189
thp_fault_fallback 6169
thp_collapse_alloc 261
thp_collapse_alloc_failed 0
thp_split 5148
thp_zero_page_alloc 1
thp_zero_page_alloc_failed 0
thp_promote 0
thp_fault_alloc 6189
thp_fault_fallback 6169
thp_collapse_alloc 261
thp_collapse_alloc_failed 0
thp_split 5148
thp_zero_page_alloc 1
thp_zero_page_alloc_failed 0
thp_promote 0
thp_fault_alloc 6189
thp_fault_fallback 6169
thp_collapse_alloc 261
thp_collapse_alloc_failed 0
thp_split 5148
thp_zero_page_alloc 1
thp_zero_page_alloc_failed 0
thp_promote 0
thp_fault_alloc 6418
thp_fault_fallback 6169
thp_collapse_alloc 261
thp_collapse_alloc_failed 0
thp_split 5148
thp_zero_page_alloc 1
thp_zero_page_alloc_failed 0
thp_promote 0
thp_fault_alloc 6418
thp_fault_fallback 6169
thp_collapse_alloc 261
thp_collapse_alloc_failed 0
thp_split 5148
thp_zero_page_alloc 1
thp_zero_page_alloc_failed 0
thp_promote 0
thp_fault_alloc 6418
thp_fault_fallback 6169
thp_collapse_alloc 261
thp_collapse_alloc_failed 0
thp_split 5148
thp_zero_page_alloc 1
thp_zero_page_alloc_failed 0
thp_promote 0
thp_fault_alloc 6418
thp_fault_fallback 6169
thp_collapse_alloc 261
thp_collapse_alloc_failed 0
thp_split 5148
thp_zero_page_alloc 1
thp_zero_page_alloc_failed 0
thp_promote 0
thp_fault_alloc 6418
thp_fault_fallback 6169
thp_collapse_alloc 261
thp_collapse_alloc_failed 0
thp_split 5148
thp_zero_page_alloc 1
thp_zero_page_alloc_failed 0
thp_promote 0
thp_fault_alloc 6418
thp_fault_fallback 6169
thp_collapse_alloc 261
thp_collapse_alloc_failed 0
thp_split 5148
thp_zero_page_alloc 1
thp_zero_page_alloc_failed 0
thp_promote 0
thp_fault_alloc 6418
thp_fault_fallback 6169
thp_collapse_alloc 261
thp_collapse_alloc_failed 0
thp_split 5148
thp_zero_page_alloc 1
thp_zero_page_alloc_failed 0
thp_promote 0
thp_fault_alloc 6418
thp_fault_fallback 6169
thp_collapse_alloc 261
thp_collapse_alloc_failed 0
thp_split 5148
thp_zero_page_alloc 1
thp_zero_page_alloc_failed 0
thp_promote 0
thp_fault_alloc 6418
thp_fault_fallback 6169
thp_collapse_alloc 261
thp_collapse_alloc_failed 0
thp_split 5148
thp_zero_page_alloc 1
thp_zero_page_alloc_failed 0
thp_promote 0
thp_fault_alloc 6418
thp_fault_fallback 6169
thp_collapse_alloc 261
thp_collapse_alloc_failed 0
thp_split 5148
thp_zero_page_alloc 1
thp_zero_page_alloc_failed 0
thp_promote 0
thp_fault_alloc 6418
thp_fault_fallback 6169
thp_collapse_alloc 261
thp_collapse_alloc_failed 0
thp_split 5148
thp_zero_page_alloc 1
thp_zero_page_alloc_failed 0
thp_promote 0
thp_fault_alloc 6875
thp_fault_fallback 6169
thp_collapse_alloc 261
thp_collapse_alloc_failed 0
thp_split 5148
thp_zero_page_alloc 1
thp_zero_page_alloc_failed 0
thp_promote 0
thp_fault_alloc 6875
thp_fault_fallback 6170
thp_collapse_alloc 261
thp_collapse_alloc_failed 0
thp_split 5150
thp_zero_page_alloc 1
thp_zero_page_alloc_failed 0
thp_promote 0
thp_fault_alloc 6875
thp_fault_fallback 6170
thp_collapse_alloc 261
thp_collapse_alloc_failed 0
thp_split 5150
thp_zero_page_alloc 1
thp_zero_page_alloc_failed 0
thp_promote 0
thp_fault_alloc 6875
thp_fault_fallback 6170
thp_collapse_alloc 261
thp_collapse_alloc_failed 0
thp_split 5150
thp_zero_page_alloc 1
thp_zero_page_alloc_failed 0
thp_promote 0
thp_fault_alloc 6875
thp_fault_fallback 6170
thp_collapse_alloc 261
thp_collapse_alloc_failed 0
thp_split 5150
thp_zero_page_alloc 1
thp_zero_page_alloc_failed 0
thp_promote 0
thp_fault_alloc 6875
thp_fault_fallback 6170
thp_collapse_alloc 261
thp_collapse_alloc_failed 0
thp_split 5150
thp_zero_page_alloc 1
thp_zero_page_alloc_failed 0
thp_promote 0
thp_fault_alloc 6875
thp_fault_fallback 6170
thp_collapse_alloc 261
thp_collapse_alloc_failed 0
thp_split 5150
thp_zero_page_alloc 1
thp_zero_page_alloc_failed 0
thp_promote 0
thp_fault_alloc 6875
thp_fault_fallback 6170
thp_collapse_alloc 261
thp_collapse_alloc_failed 0
thp_split 5150
thp_zero_page_alloc 1
thp_zero_page_alloc_failed 0
thp_promote 0
thp_fault_alloc 6875
thp_fault_fallback 6170
thp_collapse_alloc 261
thp_collapse_alloc_failed 0
thp_split 5150
thp_zero_page_alloc 1
thp_zero_page_alloc_failed 0
thp_promote 0
thp_fault_alloc 6875
thp_fault_fallback 6170
thp_collapse_alloc 261
thp_collapse_alloc_failed 0
thp_split 5150
thp_zero_page_alloc 1
thp_zero_page_alloc_failed 0
thp_promote 0
thp_fault_alloc 6875
thp_fault_fallback 6170
thp_collapse_alloc 261
thp_collapse_alloc_failed 0
thp_split 5150
thp_zero_page_alloc 1
thp_zero_page_alloc_failed 0
thp_promote 0
