11400508 2048
11402556 4096
11404604 6144
11408700 10240
11410748 12288
11414844 16384
11416892 18432
11420988 22528
11425084 26624
11429180 30720
11433276 34816
11437372 38912
11441468 43008
11445564 47104
11451708 53248
11455804 57344
11461948 63488
11466044 69632
11472188 73728
11478332 79872
11484476 86016
11490620 92160
11496764 98304
11502908 104448
11509052 110592
11515196 116736
11521340 122880
11527484 129024
11533628 135168
11537724 141312
11543868 147456
11566396 2594816
11572540 2600960
11578684 2607104
11584828 2613248
11590972 2619392
11597116 2625536
11601212 2629632
11607356 2635776
11613500 2641920
11617596 5373952
11621692 6004736
11627836 6008832
11633980 6014976
11640124 6021120
11646268 6027264
11650364 6031360
11656508 6037504
11662652 6043648
11668796 6049792
11672892 6053888
11679036 6483968
11685180 6490112
11689276 6494208
11695420 6500352
11699516 6504448
11705660 6510592
11711804 6516736
11715900 6520832
11722044 6526976
11726140 6531072
11730236 6547456
11736380 6553600
11740476 6557696
11746620 6563840
11750716 6567936
11756860 6574080
11760956 6578176
11765052 6582272
11771196 6588416
11775292 6592512
11779388 9326592
11783484 11780096
11787580 11784192
11791676 11788288
11795772 11792384
11801916 11798528
11806012 11802624
11812156 11808768
11816252 11812864
11820348 11816960
11826492 11823104
11830588 11827200
11834684 11831296
11838780 11835392
11844924 11841536
11849020 11845632
11853116 11849728
11857212 11853824
11861308 11857920
11867452 11864064
11871548 11868160
11875644 11872256
11879740 11876352
11883836 11880448
11889980 11886592
11894076 11890688
11898172 11894784
11902268 11898880
11906364 11902976
11910460 11907072
11914556 11911168
11918652 11915264
11922748 11919360
11926844 11923456
11930940 11927552
11935036 11931648
11939132 11935744
11943228 11939840
11947324 11943936
11951420 11948032
11955516 11952128
11959612 11956224
11963708 11960320
11967804 11964416
11971900 11968512
11973948 11970560
11978044 11974656
11982140 11978752
11986236 11982848
11990332 11986944
11994428 11991040
11996476 11993088
12000572 11997184
12004668 12001280
12006716 12003328
12010812 12007424
12014908 12011520
12016956 811008
12016956 0
12019004 2048
12019004 2048
12021052 4096
12021052 4096
12023100 6144
12023100 6144
12025148 8192
12027196 10240
12029244 12288
12029244 12288
12031292 14336
12033340 16384
12035388 18432
12037436 20480
12039484 22528
12043580 26624
12045628 28672
12047676 30720
12049724 55296
12051772 57344
12055868 61440
12057916 63488
12059964 65536
12064060 69632
12066108 71680
12068156 73728
12070204 75776
12074300 595968
12074300 3604480
12074300 3815424
12076348 3817472
12080444 3821568
12082492 3823616
12086588 3827712
12088636 3829760
12092732 3833856
12094780 3835904
12098876 3842048
12100924 5502976
12105020 5507072
12107068 5509120
12109116 5511168
12111164 5513216
12115260 5517312
12117308 5519360
12119356 5521408
12121404 5523456
12125500 5527552
12127548 5588992
12129596 5591040
12131644 5593088
12133692 5595136
12137788 5599232
12139836 5601280
12141884 5603328
12143932 5605376
12145980 5607424
12150076 5632000
12152124 5683200
12154172 5685248
12156220 5687296
12158268 5689344
12160316 5691392
12162364 5693440
12166460 5697536
12168508 5699584
12170556 5701632
12172604 5928960
12174652 5931008
12176700 5933056
12178748 5935104
12180796 5937152
12184892 5941248
12186940 5943296
12188988 5945344
12191036 5947392
12193084 6621184
12193084 9666560
12195132 12191744
12197180 12193792
12199228 12195840
12203324 12199936
12205372 12201984
12207420 12204032
12209468 12206080
12211516 12208128
12213564 12210176
12215612 12212224
12217660 12214272
12219708 12216320
12221756 12218368
12223804 12220416
12225852 12222464
12227900 12224512
12229948 12226560
12231996 12228608
12234044 12230656
12236092 12232704
12238140 12234752
12240188 12236800
12242236 12238848
12244284 12240896
12246332 12242944
12248380 12244992
12250428 12247040
12252476 12249088
12254524 12251136
12256572 12253184
12258620 12255232
12260668 12257280
12262716 12259328
12264764 12261376
12266812 12263424
12266812 12263424
12268860 12265472
12270908 12267520
12272956 12269568
12275004 12271616
12277052 12273664
12279100 12275712
12279100 12275712
12281148 12277760
12283196 12279808
12285244 12281856
12287292 12283904
12289340 12285952
12291388 12288000
12291388 12288000
12293436 12290048
12295484 12292096
12297532 12294144
12299580 12296192
12299580 12296192
12301628 8192
12301628 0
12301628 0
12301628 0
12301628 0
12303676 2048
12303676 2048
12303676 2048
12303676 2048
12305724 4096
12305724 4096
12305724 4096
12307772 6144
12307772 6144
12309820 8192
12309820 8192
12311868 10240
12313916 12288
12313916 12288
12315964 14336
12315964 14336
12318012 438272
12318012 440320
12320060 440320
12322108 442368
12322108 442368
12324156 444416
12326204 446464
12326204 446464
12328252 448512
12330300 2054144
12330300 5054464
12330300 5384192
12330300 5384192
12332348 5386240
12334396 5388288
12334396 5388288
12336444 5390336
12338492 5392384
12338492 5392384
12340540 5394432
12342588 5396480
12342588 5660672
12344636 5662720
12344636 5662720
12346684 5664768
12346684 5664768
12348732 5666816
12350780 5668864
12350780 5668864
12352828 5670912
12352828 5670912
12354876 5677056
12356924 5679104
12356924 5679104
12358972 5681152
12358972 5681152
12361020 5683200
12361020 5683200
12363068 5685248
12363068 5685248
12365116 5687296
12365116 5687296
12367164 5689344
12367164 5689344
12369212 5691392
12369212 5691392
12371260 5693440
12373308 5695488
12373308 5695488
12375356 5697536
12375356 5697536
12377404 5699584
12377404 5699584
12379452 5701632
12379452 5701632
12381500 5703680
12381500 5703680
12383548 5705728
12383548 5752832
12385596 8810496
12385596 11921408
12385596 12382208
12387644 12384256
12387644 12384256
12389692 12386304
12389692 12386304
12391740 12388352
12391740 12388352
12393788 12390400
12393788 12390400
12395836 12392448
12395836 12392448
12397884 12394496
12397884 12394496
12399932 12396544
12399932 12396544
12399932 12396544
12399932 12396544
12399932 12396544
12399932 12396544
12399932 12396544
12399932 12396544
12399932 12396544
12399932 12396544
12399932 12396544
12399932 12396544
12399932 12396544
12399932 12396544
12399932 12396544
12399932 12396544
12399932 12396544
12399932 12396544
12399932 12396544
12399932 12396544
12399932 12396544
12399932 12396544
12399932 12396544
12399932 12396544
12399932 12396544
12399932 12396544
12399932 12396544
12399932 12396544
12399932 12396544
12399932 12396544
12399932 12396544
12399932 12396544
12399932 12396544
12399932 12396544
12399932 12396544
12399932 12396544
12399932 12396544
12399932 12396544
12399932 12396544
12399932 12396544
12399932 12396544
12399932 12367872
12399932 12367872
12399932 12363776
12399932 12363776
12399932 12363776
12399932 12363776
12399932 12363776
12399932 12363776
12399932 12363776
12399932 12363776
12399932 12363776
12399932 12363776
12399932 12363776
12399932 12363776
12399932 12363776
12399932 12363776
12399932 12363776
12399932 12363776
12399932 12363776
12399932 12363776
12399932 12363776
12399932 12363776
12399932 12359680
12399932 12359680
12399932 12359680
12399932 12359680
12399932 12359680
12399932 12359680
12399932 12359680
12399932 12359680
12399932 12359680
12399932 12359680
12399932 12359680
12399932 12359680
