1047
1047
1047
1047
1047
1047
1047
1047
1047
1047
1047
1047
1047
1047
1047
1047
1047
1047
1047
1047
1047
1047
1047
1047
1047
1047
1047
1047
1047
1047
1047
3563
3563
3563
3563
3563
3563
3563
3563
3563
4902
6304
6732
6732
6732
6732
6732
6732
6732
6732
6732
7023
7099
7099
7099
7099
7099
7099
7099
7099
7099
7119
7119
7119
7119
7119
7119
7119
7119
7119
7119
8460
9648
9648
9648
9648
9648
9648
9648
9648
9648
9648
9649
9649
9649
9649
9649
9649
9649
9649
9649
9649
9649
9649
9649
9649
9649
9649
9649
9649
9649
9649
9651
9651
9651
9651
9651
9651
9651
9651
9651
9651
9651
9651
9651
9651
9651
9651
9651
9651
9651
9651
9651
9651
9651
9651
9651
9651
9651
9651
9651
9651
9651
9651
9651
9651
9651
9651
9651
9651
9651
9651
9651
9651
9651
9651
9651
9651
9675
9675
9675
9675
9675
9675
9675
9675
9675
9936
11404
12835
13411
13411
13411
13411
13411
13411
13411
13411
14507
14944
14944
14944
14944
14944
14944
14944
14944
14944
15001
15001
15001
15001
15001
15001
15001
15001
15001
15018
15069
15069
15069
15069
15069
15069
15069
15069
15069
15287
15287
15287
15287
15287
15287
15287
15287
15287
15624
17108
18334
18334
18334
18334
18334
18334
18334
18334
18334
18334
18334
18334
18334
18334
18334
18334
18334
18334
18334
18334
18334
18334
18334
18334
18334
18334
18334
18334
18334
18334
18334
18334
18334
18334
18334
18334
18334
18334
18334
18334
18334
18334
18334
18334
18334
18334
18334
18334
18334
18334
18334
18334
18334
18334
18334
18334
18334
18334
18334
18334
18334
18334
18334
18334
18334
18334
18334
18334
18334
18334
18334
18334
18334
18334
18334
18334
18686
18753
18753
18753
18753
18753
18753
18753
18753
19543
21009
22392
23584
23584
23584
23584
23584
23584
23584
23584
23584
23822
23822
23822
23822
23822
23822
23822
23822
23822
23822
23826
23826
23826
23826
23826
23826
23826
23826
23826
23826
23826
23826
23826
23826
23826
23826
23826
23826
23826
23826
23826
23826
23826
23826
23826
23826
23826
23858
25349
26867
27085
27085
27085
27085
27085
27085
27085
27085
27085
27085
27085
27085
27085
27085
27085
27085
27085
27085
27085
27085
27085
27085
27085
27085
27085
27085
27085
27085
27085
27085
27085
27085
27085
27085
27085
27085
27085
27085
27085
27085
27085
27085
27085
27085
27085
27085
27085
27085
27085
27085
27085
27085
27085
27085
27085
27085
27085
27085
27085
27085
27085
27085
27085
27085
27085
27085
27085
27085
27085
27085
27085
27085
27085
27085
27085
27085
27085
27085
27085
27085
27085
27085
27085
27085
27085
27085
27085
27085
