thp_fault_alloc 5035
thp_fault_fallback 6587
thp_collapse_alloc 1047
thp_collapse_alloc_failed 0
thp_split 5571
thp_zero_page_alloc 1
thp_zero_page_alloc_failed 0
thp_promote 0
thp_fault_alloc 5037
thp_fault_fallback 6587
thp_collapse_alloc 1047
thp_collapse_alloc_failed 0
thp_split 5571
thp_zero_page_alloc 1
thp_zero_page_alloc_failed 0
thp_promote 0
thp_fault_alloc 5040
thp_fault_fallback 6587
thp_collapse_alloc 1047
thp_collapse_alloc_failed 0
thp_split 5571
thp_zero_page_alloc 1
thp_zero_page_alloc_failed 0
thp_promote 0
thp_fault_alloc 5042
thp_fault_fallback 6587
thp_collapse_alloc 1047
thp_collapse_alloc_failed 0
thp_split 5571
thp_zero_page_alloc 1
thp_zero_page_alloc_failed 0
thp_promote 0
thp_fault_alloc 5044
thp_fault_fallback 6587
thp_collapse_alloc 1047
thp_collapse_alloc_failed 0
thp_split 5571
thp_zero_page_alloc 1
thp_zero_page_alloc_failed 0
thp_promote 0
thp_fault_alloc 5047
thp_fault_fallback 6587
thp_collapse_alloc 1047
thp_collapse_alloc_failed 0
thp_split 5571
thp_zero_page_alloc 1
thp_zero_page_alloc_failed 0
thp_promote 0
thp_fault_alloc 5049
thp_fault_fallback 6587
thp_collapse_alloc 1047
thp_collapse_alloc_failed 0
thp_split 5571
thp_zero_page_alloc 1
thp_zero_page_alloc_failed 0
thp_promote 0
thp_fault_alloc 5053
thp_fault_fallback 6587
thp_collapse_alloc 1047
thp_collapse_alloc_failed 0
thp_split 5571
thp_zero_page_alloc 1
thp_zero_page_alloc_failed 0
thp_promote 0
thp_fault_alloc 5056
thp_fault_fallback 6587
thp_collapse_alloc 1047
thp_collapse_alloc_failed 0
thp_split 5571
thp_zero_page_alloc 1
thp_zero_page_alloc_failed 0
thp_promote 0
thp_fault_alloc 5060
thp_fault_fallback 6587
thp_collapse_alloc 1047
thp_collapse_alloc_failed 0
thp_split 5571
thp_zero_page_alloc 1
thp_zero_page_alloc_failed 0
thp_promote 0
thp_fault_alloc 5063
thp_fault_fallback 6587
thp_collapse_alloc 1047
thp_collapse_alloc_failed 0
thp_split 5571
thp_zero_page_alloc 1
thp_zero_page_alloc_failed 0
thp_promote 0
thp_fault_alloc 5067
thp_fault_fallback 6587
thp_collapse_alloc 1047
thp_collapse_alloc_failed 0
thp_split 5571
thp_zero_page_alloc 1
thp_zero_page_alloc_failed 0
thp_promote 0
thp_fault_alloc 5071
thp_fault_fallback 6587
thp_collapse_alloc 1047
thp_collapse_alloc_failed 0
thp_split 5571
thp_zero_page_alloc 1
thp_zero_page_alloc_failed 0
thp_promote 0
thp_fault_alloc 5075
thp_fault_fallback 6587
thp_collapse_alloc 1047
thp_collapse_alloc_failed 0
thp_split 5571
thp_zero_page_alloc 1
thp_zero_page_alloc_failed 0
thp_promote 0
thp_fault_alloc 5080
thp_fault_fallback 6587
thp_collapse_alloc 1047
thp_collapse_alloc_failed 0
thp_split 5571
thp_zero_page_alloc 1
thp_zero_page_alloc_failed 0
thp_promote 0
thp_fault_alloc 5084
thp_fault_fallback 6587
thp_collapse_alloc 1047
thp_collapse_alloc_failed 0
thp_split 5571
thp_zero_page_alloc 1
thp_zero_page_alloc_failed 0
thp_promote 0
thp_fault_alloc 5090
thp_fault_fallback 6587
thp_collapse_alloc 1047
thp_collapse_alloc_failed 0
thp_split 5571
thp_zero_page_alloc 1
thp_zero_page_alloc_failed 0
thp_promote 0
thp_fault_alloc 5095
thp_fault_fallback 6587
thp_collapse_alloc 1047
thp_collapse_alloc_failed 0
thp_split 5571
thp_zero_page_alloc 1
thp_zero_page_alloc_failed 0
thp_promote 0
thp_fault_alloc 5099
thp_fault_fallback 6587
thp_collapse_alloc 1047
thp_collapse_alloc_failed 0
thp_split 5571
thp_zero_page_alloc 1
thp_zero_page_alloc_failed 0
thp_promote 0
thp_fault_alloc 5105
thp_fault_fallback 6587
thp_collapse_alloc 1047
thp_collapse_alloc_failed 0
thp_split 5571
thp_zero_page_alloc 1
thp_zero_page_alloc_failed 0
thp_promote 0
thp_fault_alloc 5110
thp_fault_fallback 6587
thp_collapse_alloc 1047
thp_collapse_alloc_failed 0
thp_split 5571
thp_zero_page_alloc 1
thp_zero_page_alloc_failed 0
thp_promote 0
thp_fault_alloc 5116
thp_fault_fallback 6587
thp_collapse_alloc 1047
thp_collapse_alloc_failed 0
thp_split 5571
thp_zero_page_alloc 1
thp_zero_page_alloc_failed 0
thp_promote 0
thp_fault_alloc 5121
thp_fault_fallback 6587
thp_collapse_alloc 1047
thp_collapse_alloc_failed 0
thp_split 5571
thp_zero_page_alloc 1
thp_zero_page_alloc_failed 0
thp_promote 0
thp_fault_alloc 5127
thp_fault_fallback 6587
thp_collapse_alloc 1047
thp_collapse_alloc_failed 0
thp_split 5571
thp_zero_page_alloc 1
thp_zero_page_alloc_failed 0
thp_promote 0
thp_fault_alloc 5132
thp_fault_fallback 6587
thp_collapse_alloc 1047
thp_collapse_alloc_failed 0
thp_split 5571
thp_zero_page_alloc 1
thp_zero_page_alloc_failed 0
thp_promote 0
thp_fault_alloc 5138
thp_fault_fallback 6587
thp_collapse_alloc 1047
thp_collapse_alloc_failed 0
thp_split 5571
thp_zero_page_alloc 1
thp_zero_page_alloc_failed 0
thp_promote 0
thp_fault_alloc 5144
thp_fault_fallback 6587
thp_collapse_alloc 1047
thp_collapse_alloc_failed 0
thp_split 5571
thp_zero_page_alloc 1
thp_zero_page_alloc_failed 0
thp_promote 0
thp_fault_alloc 5150
thp_fault_fallback 6587
thp_collapse_alloc 1047
thp_collapse_alloc_failed 0
thp_split 5571
thp_zero_page_alloc 1
thp_zero_page_alloc_failed 0
thp_promote 0
thp_fault_alloc 5155
thp_fault_fallback 6587
thp_collapse_alloc 1047
thp_collapse_alloc_failed 0
thp_split 5571
thp_zero_page_alloc 1
thp_zero_page_alloc_failed 0
thp_promote 0
thp_fault_alloc 5161
thp_fault_fallback 6587
thp_collapse_alloc 1047
thp_collapse_alloc_failed 0
thp_split 5571
thp_zero_page_alloc 1
thp_zero_page_alloc_failed 0
thp_promote 0
thp_fault_alloc 5167
thp_fault_fallback 6587
thp_collapse_alloc 1047
thp_collapse_alloc_failed 0
thp_split 5571
thp_zero_page_alloc 1
thp_zero_page_alloc_failed 0
thp_promote 0
thp_fault_alloc 5196
thp_fault_fallback 6587
thp_collapse_alloc 3563
thp_collapse_alloc_failed 0
thp_split 5571
thp_zero_page_alloc 1
thp_zero_page_alloc_failed 0
thp_promote 0
thp_fault_alloc 5205
thp_fault_fallback 6587
thp_collapse_alloc 3563
thp_collapse_alloc_failed 0
thp_split 5571
thp_zero_page_alloc 1
thp_zero_page_alloc_failed 0
thp_promote 0
thp_fault_alloc 5214
thp_fault_fallback 6587
thp_collapse_alloc 3563
thp_collapse_alloc_failed 0
thp_split 5571
thp_zero_page_alloc 1
thp_zero_page_alloc_failed 0
thp_promote 0
thp_fault_alloc 5224
thp_fault_fallback 6587
thp_collapse_alloc 3563
thp_collapse_alloc_failed 0
thp_split 5571
thp_zero_page_alloc 1
thp_zero_page_alloc_failed 0
thp_promote 0
thp_fault_alloc 5234
thp_fault_fallback 6587
thp_collapse_alloc 3563
thp_collapse_alloc_failed 0
thp_split 5571
thp_zero_page_alloc 1
thp_zero_page_alloc_failed 0
thp_promote 0
thp_fault_alloc 5244
thp_fault_fallback 6587
thp_collapse_alloc 3563
thp_collapse_alloc_failed 0
thp_split 5571
thp_zero_page_alloc 1
thp_zero_page_alloc_failed 0
thp_promote 0
thp_fault_alloc 5252
thp_fault_fallback 6587
thp_collapse_alloc 3563
thp_collapse_alloc_failed 0
thp_split 5571
thp_zero_page_alloc 1
thp_zero_page_alloc_failed 0
thp_promote 0
thp_fault_alloc 5262
thp_fault_fallback 6587
thp_collapse_alloc 3563
thp_collapse_alloc_failed 0
thp_split 5571
thp_zero_page_alloc 1
thp_zero_page_alloc_failed 0
thp_promote 0
thp_fault_alloc 5272
thp_fault_fallback 6587
thp_collapse_alloc 3563
thp_collapse_alloc_failed 0
thp_split 5571
thp_zero_page_alloc 1
thp_zero_page_alloc_failed 0
thp_promote 0
thp_fault_alloc 5280
thp_fault_fallback 6587
thp_collapse_alloc 4902
thp_collapse_alloc_failed 0
thp_split 5571
thp_zero_page_alloc 1
thp_zero_page_alloc_failed 0
thp_promote 0
thp_fault_alloc 5289
thp_fault_fallback 6587
thp_collapse_alloc 6304
thp_collapse_alloc_failed 0
thp_split 5571
thp_zero_page_alloc 1
thp_zero_page_alloc_failed 0
thp_promote 0
thp_fault_alloc 5298
thp_fault_fallback 6587
thp_collapse_alloc 6732
thp_collapse_alloc_failed 0
thp_split 5571
thp_zero_page_alloc 1
thp_zero_page_alloc_failed 0
thp_promote 0
thp_fault_alloc 5312
thp_fault_fallback 6587
thp_collapse_alloc 6732
thp_collapse_alloc_failed 0
thp_split 5571
thp_zero_page_alloc 1
thp_zero_page_alloc_failed 0
thp_promote 0
thp_fault_alloc 5322
thp_fault_fallback 6587
thp_collapse_alloc 6732
thp_collapse_alloc_failed 0
thp_split 5571
thp_zero_page_alloc 1
thp_zero_page_alloc_failed 0
thp_promote 0
thp_fault_alloc 5332
thp_fault_fallback 6587
thp_collapse_alloc 6732
thp_collapse_alloc_failed 0
thp_split 5571
thp_zero_page_alloc 1
thp_zero_page_alloc_failed 0
thp_promote 0
thp_fault_alloc 5341
thp_fault_fallback 6587
thp_collapse_alloc 6732
thp_collapse_alloc_failed 0
thp_split 5571
thp_zero_page_alloc 1
thp_zero_page_alloc_failed 0
thp_promote 0
thp_fault_alloc 5350
thp_fault_fallback 6587
thp_collapse_alloc 6732
thp_collapse_alloc_failed 0
thp_split 5571
thp_zero_page_alloc 1
thp_zero_page_alloc_failed 0
thp_promote 0
thp_fault_alloc 5360
thp_fault_fallback 6587
thp_collapse_alloc 6732
thp_collapse_alloc_failed 0
thp_split 5571
thp_zero_page_alloc 1
thp_zero_page_alloc_failed 0
thp_promote 0
thp_fault_alloc 5370
thp_fault_fallback 6587
thp_collapse_alloc 6732
thp_collapse_alloc_failed 0
thp_split 5571
thp_zero_page_alloc 1
thp_zero_page_alloc_failed 0
thp_promote 0
thp_fault_alloc 5379
thp_fault_fallback 6587
thp_collapse_alloc 6732
thp_collapse_alloc_failed 0
thp_split 5571
thp_zero_page_alloc 1
thp_zero_page_alloc_failed 0
thp_promote 0
thp_fault_alloc 5389
thp_fault_fallback 6587
thp_collapse_alloc 7023
thp_collapse_alloc_failed 0
thp_split 5571
thp_zero_page_alloc 1
thp_zero_page_alloc_failed 0
thp_promote 0
thp_fault_alloc 5399
thp_fault_fallback 6587
thp_collapse_alloc 7099
thp_collapse_alloc_failed 0
thp_split 5571
thp_zero_page_alloc 1
thp_zero_page_alloc_failed 0
thp_promote 0
thp_fault_alloc 5407
thp_fault_fallback 6587
thp_collapse_alloc 7099
thp_collapse_alloc_failed 0
thp_split 5571
thp_zero_page_alloc 1
thp_zero_page_alloc_failed 0
thp_promote 0
thp_fault_alloc 5417
thp_fault_fallback 6587
thp_collapse_alloc 7099
thp_collapse_alloc_failed 0
thp_split 5571
thp_zero_page_alloc 1
thp_zero_page_alloc_failed 0
thp_promote 0
thp_fault_alloc 5426
thp_fault_fallback 6587
thp_collapse_alloc 7099
thp_collapse_alloc_failed 0
thp_split 5571
thp_zero_page_alloc 1
thp_zero_page_alloc_failed 0
thp_promote 0
thp_fault_alloc 5436
thp_fault_fallback 6587
thp_collapse_alloc 7099
thp_collapse_alloc_failed 0
thp_split 5571
thp_zero_page_alloc 1
thp_zero_page_alloc_failed 0
thp_promote 0
thp_fault_alloc 5446
thp_fault_fallback 6587
thp_collapse_alloc 7099
thp_collapse_alloc_failed 0
thp_split 5571
thp_zero_page_alloc 1
thp_zero_page_alloc_failed 0
thp_promote 0
thp_fault_alloc 5455
thp_fault_fallback 6587
thp_collapse_alloc 7099
thp_collapse_alloc_failed 0
thp_split 5571
thp_zero_page_alloc 1
thp_zero_page_alloc_failed 0
thp_promote 0
thp_fault_alloc 5465
thp_fault_fallback 6587
thp_collapse_alloc 7099
thp_collapse_alloc_failed 0
thp_split 5571
thp_zero_page_alloc 1
thp_zero_page_alloc_failed 0
thp_promote 0
thp_fault_alloc 5473
thp_fault_fallback 6587
thp_collapse_alloc 7099
thp_collapse_alloc_failed 0
thp_split 5571
thp_zero_page_alloc 1
thp_zero_page_alloc_failed 0
thp_promote 0
thp_fault_alloc 5482
thp_fault_fallback 6587
thp_collapse_alloc 7119
thp_collapse_alloc_failed 0
thp_split 5571
thp_zero_page_alloc 1
thp_zero_page_alloc_failed 0
thp_promote 0
thp_fault_alloc 5504
thp_fault_fallback 6587
thp_collapse_alloc 7119
thp_collapse_alloc_failed 0
thp_split 5571
thp_zero_page_alloc 1
thp_zero_page_alloc_failed 0
thp_promote 0
thp_fault_alloc 5515
thp_fault_fallback 6587
thp_collapse_alloc 7119
thp_collapse_alloc_failed 0
thp_split 5571
thp_zero_page_alloc 1
thp_zero_page_alloc_failed 0
thp_promote 0
thp_fault_alloc 5528
thp_fault_fallback 6587
thp_collapse_alloc 7119
thp_collapse_alloc_failed 0
thp_split 5571
thp_zero_page_alloc 1
thp_zero_page_alloc_failed 0
thp_promote 0
thp_fault_alloc 5539
thp_fault_fallback 6587
thp_collapse_alloc 7119
thp_collapse_alloc_failed 0
thp_split 5571
thp_zero_page_alloc 1
thp_zero_page_alloc_failed 0
thp_promote 0
thp_fault_alloc 5553
thp_fault_fallback 6587
thp_collapse_alloc 7119
thp_collapse_alloc_failed 0
thp_split 5571
thp_zero_page_alloc 1
thp_zero_page_alloc_failed 0
thp_promote 0
thp_fault_alloc 5564
thp_fault_fallback 6587
thp_collapse_alloc 7119
thp_collapse_alloc_failed 0
thp_split 5571
thp_zero_page_alloc 1
thp_zero_page_alloc_failed 0
thp_promote 0
thp_fault_alloc 5574
thp_fault_fallback 6587
thp_collapse_alloc 7119
thp_collapse_alloc_failed 0
thp_split 5571
thp_zero_page_alloc 1
thp_zero_page_alloc_failed 0
thp_promote 0
thp_fault_alloc 5586
thp_fault_fallback 6587
thp_collapse_alloc 7119
thp_collapse_alloc_failed 0
thp_split 5571
thp_zero_page_alloc 1
thp_zero_page_alloc_failed 0
thp_promote 0
thp_fault_alloc 5598
thp_fault_fallback 6587
thp_collapse_alloc 7119
thp_collapse_alloc_failed 0
thp_split 5571
thp_zero_page_alloc 1
thp_zero_page_alloc_failed 0
thp_promote 0
thp_fault_alloc 5609
thp_fault_fallback 6587
thp_collapse_alloc 8460
thp_collapse_alloc_failed 0
thp_split 5571
thp_zero_page_alloc 1
thp_zero_page_alloc_failed 0
thp_promote 0
thp_fault_alloc 5619
thp_fault_fallback 6587
thp_collapse_alloc 9648
thp_collapse_alloc_failed 0
thp_split 5571
thp_zero_page_alloc 1
thp_zero_page_alloc_failed 0
thp_promote 0
thp_fault_alloc 5631
thp_fault_fallback 6587
thp_collapse_alloc 9648
thp_collapse_alloc_failed 0
thp_split 5571
thp_zero_page_alloc 1
thp_zero_page_alloc_failed 0
thp_promote 0
thp_fault_alloc 5643
thp_fault_fallback 6587
thp_collapse_alloc 9648
thp_collapse_alloc_failed 0
thp_split 5571
thp_zero_page_alloc 1
thp_zero_page_alloc_failed 0
thp_promote 0
thp_fault_alloc 5655
thp_fault_fallback 6587
thp_collapse_alloc 9648
thp_collapse_alloc_failed 0
thp_split 5571
thp_zero_page_alloc 1
thp_zero_page_alloc_failed 0
thp_promote 0
thp_fault_alloc 5668
thp_fault_fallback 6587
thp_collapse_alloc 9648
thp_collapse_alloc_failed 0
thp_split 5571
thp_zero_page_alloc 1
thp_zero_page_alloc_failed 0
thp_promote 0
thp_fault_alloc 5680
thp_fault_fallback 6587
thp_collapse_alloc 9648
thp_collapse_alloc_failed 0
thp_split 5572
thp_zero_page_alloc 1
thp_zero_page_alloc_failed 0
thp_promote 0
thp_fault_alloc 5692
thp_fault_fallback 6587
thp_collapse_alloc 9648
thp_collapse_alloc_failed 0
thp_split 5572
thp_zero_page_alloc 1
thp_zero_page_alloc_failed 0
thp_promote 0
thp_fault_alloc 5704
thp_fault_fallback 6587
thp_collapse_alloc 9648
thp_collapse_alloc_failed 0
thp_split 5572
thp_zero_page_alloc 1
thp_zero_page_alloc_failed 0
thp_promote 0
thp_fault_alloc 5717
thp_fault_fallback 6587
thp_collapse_alloc 9648
thp_collapse_alloc_failed 0
thp_split 5572
thp_zero_page_alloc 1
thp_zero_page_alloc_failed 0
thp_promote 0
thp_fault_alloc 5731
thp_fault_fallback 6587
thp_collapse_alloc 9648
thp_collapse_alloc_failed 0
thp_split 5572
thp_zero_page_alloc 1
thp_zero_page_alloc_failed 0
thp_promote 0
thp_fault_alloc 5742
thp_fault_fallback 6587
thp_collapse_alloc 9649
thp_collapse_alloc_failed 0
thp_split 5572
thp_zero_page_alloc 1
thp_zero_page_alloc_failed 0
thp_promote 0
thp_fault_alloc 5753
thp_fault_fallback 6587
thp_collapse_alloc 9649
thp_collapse_alloc_failed 0
thp_split 5572
thp_zero_page_alloc 1
thp_zero_page_alloc_failed 0
thp_promote 0
thp_fault_alloc 5764
thp_fault_fallback 6587
thp_collapse_alloc 9649
thp_collapse_alloc_failed 0
thp_split 5572
thp_zero_page_alloc 1
thp_zero_page_alloc_failed 0
thp_promote 0
thp_fault_alloc 5776
thp_fault_fallback 6587
thp_collapse_alloc 9649
thp_collapse_alloc_failed 0
thp_split 5572
thp_zero_page_alloc 1
thp_zero_page_alloc_failed 0
thp_promote 0
thp_fault_alloc 5787
thp_fault_fallback 6587
thp_collapse_alloc 9649
thp_collapse_alloc_failed 0
thp_split 5572
thp_zero_page_alloc 1
thp_zero_page_alloc_failed 0
thp_promote 0
thp_fault_alloc 5799
thp_fault_fallback 6587
thp_collapse_alloc 9649
thp_collapse_alloc_failed 0
thp_split 5572
thp_zero_page_alloc 1
thp_zero_page_alloc_failed 0
thp_promote 0
thp_fault_alloc 5811
thp_fault_fallback 6587
thp_collapse_alloc 9649
thp_collapse_alloc_failed 0
thp_split 5572
thp_zero_page_alloc 1
thp_zero_page_alloc_failed 0
thp_promote 0
thp_fault_alloc 5823
thp_fault_fallback 6587
thp_collapse_alloc 9649
thp_collapse_alloc_failed 0
thp_split 5572
thp_zero_page_alloc 1
thp_zero_page_alloc_failed 0
thp_promote 0
thp_fault_alloc 5837
thp_fault_fallback 6587
thp_collapse_alloc 9649
thp_collapse_alloc_failed 0
thp_split 5572
thp_zero_page_alloc 1
thp_zero_page_alloc_failed 0
thp_promote 0
thp_fault_alloc 5849
thp_fault_fallback 6587
thp_collapse_alloc 9649
thp_collapse_alloc_failed 0
thp_split 5572
thp_zero_page_alloc 1
thp_zero_page_alloc_failed 0
thp_promote 0
thp_fault_alloc 5861
thp_fault_fallback 6587
thp_collapse_alloc 9649
thp_collapse_alloc_failed 0
thp_split 5572
thp_zero_page_alloc 1
thp_zero_page_alloc_failed 0
thp_promote 0
thp_fault_alloc 5873
thp_fault_fallback 6587
thp_collapse_alloc 9649
thp_collapse_alloc_failed 0
thp_split 5572
thp_zero_page_alloc 1
thp_zero_page_alloc_failed 0
thp_promote 0
thp_fault_alloc 5885
thp_fault_fallback 6587
thp_collapse_alloc 9649
thp_collapse_alloc_failed 0
thp_split 5572
thp_zero_page_alloc 1
thp_zero_page_alloc_failed 0
thp_promote 0
thp_fault_alloc 5897
thp_fault_fallback 6587
thp_collapse_alloc 9649
thp_collapse_alloc_failed 0
thp_split 5572
thp_zero_page_alloc 1
thp_zero_page_alloc_failed 0
thp_promote 0
thp_fault_alloc 5909
thp_fault_fallback 6587
thp_collapse_alloc 9649
thp_collapse_alloc_failed 0
thp_split 5572
thp_zero_page_alloc 1
thp_zero_page_alloc_failed 0
thp_promote 0
thp_fault_alloc 5921
thp_fault_fallback 6587
thp_collapse_alloc 9649
thp_collapse_alloc_failed 0
thp_split 5572
thp_zero_page_alloc 1
thp_zero_page_alloc_failed 0
thp_promote 0
thp_fault_alloc 5933
thp_fault_fallback 6587
thp_collapse_alloc 9649
thp_collapse_alloc_failed 0
thp_split 5573
thp_zero_page_alloc 1
thp_zero_page_alloc_failed 0
thp_promote 0
thp_fault_alloc 5945
thp_fault_fallback 6587
thp_collapse_alloc 9649
thp_collapse_alloc_failed 0
thp_split 5573
thp_zero_page_alloc 1
thp_zero_page_alloc_failed 0
thp_promote 0
thp_fault_alloc 5956
thp_fault_fallback 6587
thp_collapse_alloc 9649
thp_collapse_alloc_failed 0
thp_split 5573
thp_zero_page_alloc 1
thp_zero_page_alloc_failed 0
thp_promote 0
thp_fault_alloc 5969
thp_fault_fallback 6587
thp_collapse_alloc 9649
thp_collapse_alloc_failed 0
thp_split 5573
thp_zero_page_alloc 1
thp_zero_page_alloc_failed 0
thp_promote 0
thp_fault_alloc 5982
thp_fault_fallback 6587
thp_collapse_alloc 9651
thp_collapse_alloc_failed 0
thp_split 5573
thp_zero_page_alloc 1
thp_zero_page_alloc_failed 0
thp_promote 0
thp_fault_alloc 5997
thp_fault_fallback 6587
thp_collapse_alloc 9651
thp_collapse_alloc_failed 0
thp_split 5573
thp_zero_page_alloc 1
thp_zero_page_alloc_failed 0
thp_promote 0
thp_fault_alloc 6011
thp_fault_fallback 6587
thp_collapse_alloc 9651
thp_collapse_alloc_failed 0
thp_split 5573
thp_zero_page_alloc 1
thp_zero_page_alloc_failed 0
thp_promote 0
thp_fault_alloc 6026
thp_fault_fallback 6587
thp_collapse_alloc 9651
thp_collapse_alloc_failed 0
thp_split 5573
thp_zero_page_alloc 1
thp_zero_page_alloc_failed 0
thp_promote 0
thp_fault_alloc 6041
thp_fault_fallback 6587
thp_collapse_alloc 9651
thp_collapse_alloc_failed 0
thp_split 5573
thp_zero_page_alloc 1
thp_zero_page_alloc_failed 0
thp_promote 0
thp_fault_alloc 6056
thp_fault_fallback 6587
thp_collapse_alloc 9651
thp_collapse_alloc_failed 0
thp_split 5573
thp_zero_page_alloc 1
thp_zero_page_alloc_failed 0
thp_promote 0
thp_fault_alloc 6071
thp_fault_fallback 6587
thp_collapse_alloc 9651
thp_collapse_alloc_failed 0
thp_split 5573
thp_zero_page_alloc 1
thp_zero_page_alloc_failed 0
thp_promote 0
thp_fault_alloc 6084
thp_fault_fallback 6587
thp_collapse_alloc 9651
thp_collapse_alloc_failed 0
thp_split 5573
thp_zero_page_alloc 1
thp_zero_page_alloc_failed 0
thp_promote 0
thp_fault_alloc 6098
thp_fault_fallback 6587
thp_collapse_alloc 9651
thp_collapse_alloc_failed 0
thp_split 5573
thp_zero_page_alloc 1
thp_zero_page_alloc_failed 0
thp_promote 0
thp_fault_alloc 6112
thp_fault_fallback 6587
thp_collapse_alloc 9651
thp_collapse_alloc_failed 0
thp_split 5573
thp_zero_page_alloc 1
thp_zero_page_alloc_failed 0
thp_promote 0
thp_fault_alloc 6126
thp_fault_fallback 6587
thp_collapse_alloc 9651
thp_collapse_alloc_failed 0
thp_split 5573
thp_zero_page_alloc 1
thp_zero_page_alloc_failed 0
thp_promote 0
thp_fault_alloc 6140
thp_fault_fallback 6587
thp_collapse_alloc 9651
thp_collapse_alloc_failed 0
thp_split 5573
thp_zero_page_alloc 1
thp_zero_page_alloc_failed 0
thp_promote 0
thp_fault_alloc 6156
thp_fault_fallback 6587
thp_collapse_alloc 9651
thp_collapse_alloc_failed 0
thp_split 5573
thp_zero_page_alloc 1
thp_zero_page_alloc_failed 0
thp_promote 0
thp_fault_alloc 6170
thp_fault_fallback 6587
thp_collapse_alloc 9651
thp_collapse_alloc_failed 0
thp_split 5573
thp_zero_page_alloc 1
thp_zero_page_alloc_failed 0
thp_promote 0
thp_fault_alloc 6183
thp_fault_fallback 6587
thp_collapse_alloc 9651
thp_collapse_alloc_failed 0
thp_split 5573
thp_zero_page_alloc 1
thp_zero_page_alloc_failed 0
thp_promote 0
thp_fault_alloc 6198
thp_fault_fallback 6587
thp_collapse_alloc 9651
thp_collapse_alloc_failed 0
thp_split 5573
thp_zero_page_alloc 1
thp_zero_page_alloc_failed 0
thp_promote 0
thp_fault_alloc 6213
thp_fault_fallback 6587
thp_collapse_alloc 9651
thp_collapse_alloc_failed 0
thp_split 5573
thp_zero_page_alloc 1
thp_zero_page_alloc_failed 0
thp_promote 0
thp_fault_alloc 6227
thp_fault_fallback 6587
thp_collapse_alloc 9651
thp_collapse_alloc_failed 0
thp_split 5573
thp_zero_page_alloc 1
thp_zero_page_alloc_failed 0
thp_promote 0
thp_fault_alloc 6242
thp_fault_fallback 6587
thp_collapse_alloc 9651
thp_collapse_alloc_failed 0
thp_split 5573
thp_zero_page_alloc 1
thp_zero_page_alloc_failed 0
thp_promote 0
thp_fault_alloc 6257
thp_fault_fallback 6587
thp_collapse_alloc 9651
thp_collapse_alloc_failed 0
thp_split 5573
thp_zero_page_alloc 1
thp_zero_page_alloc_failed 0
thp_promote 0
thp_fault_alloc 6280
thp_fault_fallback 6587
thp_collapse_alloc 9651
thp_collapse_alloc_failed 0
thp_split 5573
thp_zero_page_alloc 1
thp_zero_page_alloc_failed 0
thp_promote 0
thp_fault_alloc 6295
thp_fault_fallback 6587
thp_collapse_alloc 9651
thp_collapse_alloc_failed 0
thp_split 5573
thp_zero_page_alloc 1
thp_zero_page_alloc_failed 0
thp_promote 0
thp_fault_alloc 6309
thp_fault_fallback 6587
thp_collapse_alloc 9651
thp_collapse_alloc_failed 0
thp_split 5573
thp_zero_page_alloc 1
thp_zero_page_alloc_failed 0
thp_promote 0
thp_fault_alloc 6321
thp_fault_fallback 6587
thp_collapse_alloc 9651
thp_collapse_alloc_failed 0
thp_split 5573
thp_zero_page_alloc 1
thp_zero_page_alloc_failed 0
thp_promote 0
thp_fault_alloc 6336
thp_fault_fallback 6587
thp_collapse_alloc 9651
thp_collapse_alloc_failed 0
thp_split 5573
thp_zero_page_alloc 1
thp_zero_page_alloc_failed 0
thp_promote 0
thp_fault_alloc 6351
thp_fault_fallback 6587
thp_collapse_alloc 9651
thp_collapse_alloc_failed 0
thp_split 5573
thp_zero_page_alloc 1
thp_zero_page_alloc_failed 0
thp_promote 0
thp_fault_alloc 6366
thp_fault_fallback 12283
thp_collapse_alloc 9651
thp_collapse_alloc_failed 0
thp_split 11269
thp_zero_page_alloc 1
thp_zero_page_alloc_failed 0
thp_promote 0
thp_fault_alloc 6375
thp_fault_fallback 12453
thp_collapse_alloc 9651
thp_collapse_alloc_failed 0
thp_split 11439
thp_zero_page_alloc 1
thp_zero_page_alloc_failed 0
thp_promote 0
thp_fault_alloc 6387
thp_fault_fallback 12453
thp_collapse_alloc 9651
thp_collapse_alloc_failed 0
thp_split 11439
thp_zero_page_alloc 1
thp_zero_page_alloc_failed 0
thp_promote 0
thp_fault_alloc 6397
thp_fault_fallback 12453
thp_collapse_alloc 9651
thp_collapse_alloc_failed 0
thp_split 11439
thp_zero_page_alloc 1
thp_zero_page_alloc_failed 0
thp_promote 0
thp_fault_alloc 6408
thp_fault_fallback 12453
thp_collapse_alloc 9651
thp_collapse_alloc_failed 0
thp_split 11439
thp_zero_page_alloc 1
thp_zero_page_alloc_failed 0
thp_promote 0
thp_fault_alloc 6429
thp_fault_fallback 12453
thp_collapse_alloc 9651
thp_collapse_alloc_failed 0
thp_split 11439
thp_zero_page_alloc 1
thp_zero_page_alloc_failed 0
thp_promote 0
thp_fault_alloc 6440
thp_fault_fallback 12453
thp_collapse_alloc 9651
thp_collapse_alloc_failed 0
thp_split 11439
thp_zero_page_alloc 1
thp_zero_page_alloc_failed 0
thp_promote 0
thp_fault_alloc 6451
thp_fault_fallback 12453
thp_collapse_alloc 9651
thp_collapse_alloc_failed 0
thp_split 11439
thp_zero_page_alloc 1
thp_zero_page_alloc_failed 0
thp_promote 0
thp_fault_alloc 6462
thp_fault_fallback 12453
thp_collapse_alloc 9651
thp_collapse_alloc_failed 0
thp_split 11439
thp_zero_page_alloc 1
thp_zero_page_alloc_failed 0
thp_promote 0
thp_fault_alloc 6474
thp_fault_fallback 12453
thp_collapse_alloc 9651
thp_collapse_alloc_failed 0
thp_split 11439
thp_zero_page_alloc 1
thp_zero_page_alloc_failed 0
thp_promote 0
thp_fault_alloc 6496
thp_fault_fallback 12453
thp_collapse_alloc 9651
thp_collapse_alloc_failed 0
thp_split 11439
thp_zero_page_alloc 1
thp_zero_page_alloc_failed 0
thp_promote 0
thp_fault_alloc 6506
thp_fault_fallback 12453
thp_collapse_alloc 9651
thp_collapse_alloc_failed 0
thp_split 11439
thp_zero_page_alloc 1
thp_zero_page_alloc_failed 0
thp_promote 0
thp_fault_alloc 6518
thp_fault_fallback 12453
thp_collapse_alloc 9651
thp_collapse_alloc_failed 0
thp_split 11439
thp_zero_page_alloc 1
thp_zero_page_alloc_failed 0
thp_promote 0
thp_fault_alloc 6528
thp_fault_fallback 12453
thp_collapse_alloc 9651
thp_collapse_alloc_failed 0
thp_split 11439
thp_zero_page_alloc 1
thp_zero_page_alloc_failed 0
thp_promote 0
thp_fault_alloc 6540
thp_fault_fallback 12453
thp_collapse_alloc 9651
thp_collapse_alloc_failed 0
thp_split 11439
thp_zero_page_alloc 1
thp_zero_page_alloc_failed 0
thp_promote 0
thp_fault_alloc 6552
thp_fault_fallback 12453
thp_collapse_alloc 9651
thp_collapse_alloc_failed 0
thp_split 11439
thp_zero_page_alloc 1
thp_zero_page_alloc_failed 0
thp_promote 0
thp_fault_alloc 6564
thp_fault_fallback 12453
thp_collapse_alloc 9651
thp_collapse_alloc_failed 0
thp_split 11439
thp_zero_page_alloc 1
thp_zero_page_alloc_failed 0
thp_promote 0
thp_fault_alloc 6587
thp_fault_fallback 12453
thp_collapse_alloc 9651
thp_collapse_alloc_failed 0
thp_split 11439
thp_zero_page_alloc 1
thp_zero_page_alloc_failed 0
thp_promote 0
thp_fault_alloc 6599
thp_fault_fallback 12453
thp_collapse_alloc 9651
thp_collapse_alloc_failed 0
thp_split 11439
thp_zero_page_alloc 1
thp_zero_page_alloc_failed 0
thp_promote 0
thp_fault_alloc 6613
thp_fault_fallback 12453
thp_collapse_alloc 9651
thp_collapse_alloc_failed 0
thp_split 11439
thp_zero_page_alloc 1
thp_zero_page_alloc_failed 0
thp_promote 0
thp_fault_alloc 6627
thp_fault_fallback 12453
thp_collapse_alloc 9675
thp_collapse_alloc_failed 0
thp_split 11439
thp_zero_page_alloc 1
thp_zero_page_alloc_failed 0
thp_promote 0
thp_fault_alloc 6639
thp_fault_fallback 12453
thp_collapse_alloc 9675
thp_collapse_alloc_failed 0
thp_split 11439
thp_zero_page_alloc 1
thp_zero_page_alloc_failed 0
thp_promote 0
thp_fault_alloc 6653
thp_fault_fallback 12453
thp_collapse_alloc 9675
thp_collapse_alloc_failed 0
thp_split 11439
thp_zero_page_alloc 1
thp_zero_page_alloc_failed 0
thp_promote 0
thp_fault_alloc 6666
thp_fault_fallback 12453
thp_collapse_alloc 9675
thp_collapse_alloc_failed 0
thp_split 11439
thp_zero_page_alloc 1
thp_zero_page_alloc_failed 0
thp_promote 0
thp_fault_alloc 6679
thp_fault_fallback 12453
thp_collapse_alloc 9675
thp_collapse_alloc_failed 0
thp_split 11439
thp_zero_page_alloc 1
thp_zero_page_alloc_failed 0
thp_promote 0
thp_fault_alloc 6706
thp_fault_fallback 12453
thp_collapse_alloc 9675
thp_collapse_alloc_failed 0
thp_split 11439
thp_zero_page_alloc 1
thp_zero_page_alloc_failed 0
thp_promote 0
thp_fault_alloc 6718
thp_fault_fallback 12453
thp_collapse_alloc 9675
thp_collapse_alloc_failed 0
thp_split 11439
thp_zero_page_alloc 1
thp_zero_page_alloc_failed 0
thp_promote 0
thp_fault_alloc 6730
thp_fault_fallback 12453
thp_collapse_alloc 9675
thp_collapse_alloc_failed 0
thp_split 11439
thp_zero_page_alloc 1
thp_zero_page_alloc_failed 0
thp_promote 0
thp_fault_alloc 6743
thp_fault_fallback 12453
thp_collapse_alloc 9675
thp_collapse_alloc_failed 0
thp_split 11439
thp_zero_page_alloc 1
thp_zero_page_alloc_failed 0
thp_promote 0
thp_fault_alloc 6756
thp_fault_fallback 12453
thp_collapse_alloc 9936
thp_collapse_alloc_failed 0
thp_split 11439
thp_zero_page_alloc 1
thp_zero_page_alloc_failed 0
thp_promote 0
thp_fault_alloc 6768
thp_fault_fallback 12453
thp_collapse_alloc 11404
thp_collapse_alloc_failed 0
thp_split 11439
thp_zero_page_alloc 1
thp_zero_page_alloc_failed 0
thp_promote 0
thp_fault_alloc 6778
thp_fault_fallback 12453
thp_collapse_alloc 12835
thp_collapse_alloc_failed 0
thp_split 11439
thp_zero_page_alloc 1
thp_zero_page_alloc_failed 0
thp_promote 0
thp_fault_alloc 6792
thp_fault_fallback 12453
thp_collapse_alloc 13411
thp_collapse_alloc_failed 0
thp_split 11439
thp_zero_page_alloc 1
thp_zero_page_alloc_failed 0
thp_promote 0
thp_fault_alloc 6807
thp_fault_fallback 12453
thp_collapse_alloc 13411
thp_collapse_alloc_failed 0
thp_split 11439
thp_zero_page_alloc 1
thp_zero_page_alloc_failed 0
thp_promote 0
thp_fault_alloc 6832
thp_fault_fallback 12453
thp_collapse_alloc 13411
thp_collapse_alloc_failed 0
thp_split 11439
thp_zero_page_alloc 1
thp_zero_page_alloc_failed 0
thp_promote 0
thp_fault_alloc 6848
thp_fault_fallback 12453
thp_collapse_alloc 13411
thp_collapse_alloc_failed 0
thp_split 11439
thp_zero_page_alloc 1
thp_zero_page_alloc_failed 0
thp_promote 0
thp_fault_alloc 6862
thp_fault_fallback 12453
thp_collapse_alloc 13411
thp_collapse_alloc_failed 0
thp_split 11439
thp_zero_page_alloc 1
thp_zero_page_alloc_failed 0
thp_promote 0
thp_fault_alloc 6876
thp_fault_fallback 12453
thp_collapse_alloc 13411
thp_collapse_alloc_failed 0
thp_split 11439
thp_zero_page_alloc 1
thp_zero_page_alloc_failed 0
thp_promote 0
thp_fault_alloc 6899
thp_fault_fallback 12453
thp_collapse_alloc 13411
thp_collapse_alloc_failed 0
thp_split 11439
thp_zero_page_alloc 1
thp_zero_page_alloc_failed 0
thp_promote 0
thp_fault_alloc 6916
thp_fault_fallback 12453
thp_collapse_alloc 13411
thp_collapse_alloc_failed 0
thp_split 11439
thp_zero_page_alloc 1
thp_zero_page_alloc_failed 0
thp_promote 0
thp_fault_alloc 6938
thp_fault_fallback 12453
thp_collapse_alloc 14507
thp_collapse_alloc_failed 0
thp_split 11439
thp_zero_page_alloc 1
thp_zero_page_alloc_failed 0
thp_promote 0
thp_fault_alloc 6952
thp_fault_fallback 12453
thp_collapse_alloc 14944
thp_collapse_alloc_failed 0
thp_split 11439
thp_zero_page_alloc 1
thp_zero_page_alloc_failed 0
thp_promote 0
thp_fault_alloc 6965
thp_fault_fallback 12453
thp_collapse_alloc 14944
thp_collapse_alloc_failed 0
thp_split 11439
thp_zero_page_alloc 1
thp_zero_page_alloc_failed 0
thp_promote 0
thp_fault_alloc 6977
thp_fault_fallback 12453
thp_collapse_alloc 14944
thp_collapse_alloc_failed 0
thp_split 11439
thp_zero_page_alloc 1
thp_zero_page_alloc_failed 0
thp_promote 0
thp_fault_alloc 6990
thp_fault_fallback 12453
thp_collapse_alloc 14944
thp_collapse_alloc_failed 0
thp_split 11439
thp_zero_page_alloc 1
thp_zero_page_alloc_failed 0
thp_promote 0
thp_fault_alloc 7007
thp_fault_fallback 12453
thp_collapse_alloc 14944
thp_collapse_alloc_failed 0
thp_split 11439
thp_zero_page_alloc 1
thp_zero_page_alloc_failed 0
thp_promote 0
thp_fault_alloc 7021
thp_fault_fallback 12453
thp_collapse_alloc 14944
thp_collapse_alloc_failed 0
thp_split 11439
thp_zero_page_alloc 1
thp_zero_page_alloc_failed 0
thp_promote 0
thp_fault_alloc 7034
thp_fault_fallback 12453
thp_collapse_alloc 14944
thp_collapse_alloc_failed 0
thp_split 11439
thp_zero_page_alloc 1
thp_zero_page_alloc_failed 0
thp_promote 0
thp_fault_alloc 7047
thp_fault_fallback 12453
thp_collapse_alloc 14944
thp_collapse_alloc_failed 0
thp_split 11439
thp_zero_page_alloc 1
thp_zero_page_alloc_failed 0
thp_promote 0
thp_fault_alloc 7062
thp_fault_fallback 12453
thp_collapse_alloc 14944
thp_collapse_alloc_failed 0
thp_split 11439
thp_zero_page_alloc 1
thp_zero_page_alloc_failed 0
thp_promote 0
thp_fault_alloc 7075
thp_fault_fallback 12453
thp_collapse_alloc 15001
thp_collapse_alloc_failed 0
thp_split 11439
thp_zero_page_alloc 1
thp_zero_page_alloc_failed 0
thp_promote 0
thp_fault_alloc 7088
thp_fault_fallback 12453
thp_collapse_alloc 15001
thp_collapse_alloc_failed 0
thp_split 11439
thp_zero_page_alloc 1
thp_zero_page_alloc_failed 0
thp_promote 0
thp_fault_alloc 7101
thp_fault_fallback 12453
thp_collapse_alloc 15001
thp_collapse_alloc_failed 0
thp_split 11439
thp_zero_page_alloc 1
thp_zero_page_alloc_failed 0
thp_promote 0
thp_fault_alloc 7120
thp_fault_fallback 12453
thp_collapse_alloc 15001
thp_collapse_alloc_failed 0
thp_split 11439
thp_zero_page_alloc 1
thp_zero_page_alloc_failed 0
thp_promote 0
thp_fault_alloc 7135
thp_fault_fallback 12453
thp_collapse_alloc 15001
thp_collapse_alloc_failed 0
thp_split 11439
thp_zero_page_alloc 1
thp_zero_page_alloc_failed 0
thp_promote 0
thp_fault_alloc 7150
thp_fault_fallback 12453
thp_collapse_alloc 15001
thp_collapse_alloc_failed 0
thp_split 11439
thp_zero_page_alloc 1
thp_zero_page_alloc_failed 0
thp_promote 0
thp_fault_alloc 7163
thp_fault_fallback 12453
thp_collapse_alloc 15001
thp_collapse_alloc_failed 0
thp_split 11439
thp_zero_page_alloc 1
thp_zero_page_alloc_failed 0
thp_promote 0
thp_fault_alloc 7177
thp_fault_fallback 12453
thp_collapse_alloc 15001
thp_collapse_alloc_failed 0
thp_split 11439
thp_zero_page_alloc 1
thp_zero_page_alloc_failed 0
thp_promote 0
thp_fault_alloc 7181
thp_fault_fallback 12453
thp_collapse_alloc 15001
thp_collapse_alloc_failed 0
thp_split 11439
thp_zero_page_alloc 1
thp_zero_page_alloc_failed 0
thp_promote 0
thp_fault_alloc 7194
thp_fault_fallback 12453
thp_collapse_alloc 15018
thp_collapse_alloc_failed 0
thp_split 11439
thp_zero_page_alloc 1
thp_zero_page_alloc_failed 0
thp_promote 0
thp_fault_alloc 7206
thp_fault_fallback 12453
thp_collapse_alloc 15069
thp_collapse_alloc_failed 0
thp_split 11439
thp_zero_page_alloc 1
thp_zero_page_alloc_failed 0
thp_promote 0
thp_fault_alloc 7219
thp_fault_fallback 12453
thp_collapse_alloc 15069
thp_collapse_alloc_failed 0
thp_split 11439
thp_zero_page_alloc 1
thp_zero_page_alloc_failed 0
thp_promote 0
thp_fault_alloc 7234
thp_fault_fallback 12453
thp_collapse_alloc 15069
thp_collapse_alloc_failed 0
thp_split 11439
thp_zero_page_alloc 1
thp_zero_page_alloc_failed 0
thp_promote 0
thp_fault_alloc 7249
thp_fault_fallback 12453
thp_collapse_alloc 15069
thp_collapse_alloc_failed 0
thp_split 11439
thp_zero_page_alloc 1
thp_zero_page_alloc_failed 0
thp_promote 0
thp_fault_alloc 7262
thp_fault_fallback 12453
thp_collapse_alloc 15069
thp_collapse_alloc_failed 0
thp_split 11439
thp_zero_page_alloc 1
thp_zero_page_alloc_failed 0
thp_promote 0
thp_fault_alloc 7279
thp_fault_fallback 12453
thp_collapse_alloc 15069
thp_collapse_alloc_failed 0
thp_split 11439
thp_zero_page_alloc 1
thp_zero_page_alloc_failed 0
thp_promote 0
thp_fault_alloc 7294
thp_fault_fallback 12453
thp_collapse_alloc 15069
thp_collapse_alloc_failed 0
thp_split 11439
thp_zero_page_alloc 1
thp_zero_page_alloc_failed 0
thp_promote 0
thp_fault_alloc 7312
thp_fault_fallback 12453
thp_collapse_alloc 15069
thp_collapse_alloc_failed 0
thp_split 11439
thp_zero_page_alloc 1
thp_zero_page_alloc_failed 0
thp_promote 0
thp_fault_alloc 7326
thp_fault_fallback 12453
thp_collapse_alloc 15069
thp_collapse_alloc_failed 0
thp_split 11439
thp_zero_page_alloc 1
thp_zero_page_alloc_failed 0
thp_promote 0
thp_fault_alloc 7338
thp_fault_fallback 12453
thp_collapse_alloc 15287
thp_collapse_alloc_failed 0
thp_split 11439
thp_zero_page_alloc 1
thp_zero_page_alloc_failed 0
thp_promote 0
thp_fault_alloc 7351
thp_fault_fallback 12453
thp_collapse_alloc 15287
thp_collapse_alloc_failed 0
thp_split 11439
thp_zero_page_alloc 1
thp_zero_page_alloc_failed 0
thp_promote 0
thp_fault_alloc 7364
thp_fault_fallback 12453
thp_collapse_alloc 15287
thp_collapse_alloc_failed 0
thp_split 11439
thp_zero_page_alloc 1
thp_zero_page_alloc_failed 0
thp_promote 0
thp_fault_alloc 7376
thp_fault_fallback 12453
thp_collapse_alloc 15287
thp_collapse_alloc_failed 0
thp_split 11439
thp_zero_page_alloc 1
thp_zero_page_alloc_failed 0
thp_promote 0
thp_fault_alloc 7388
thp_fault_fallback 12453
thp_collapse_alloc 15287
thp_collapse_alloc_failed 0
thp_split 11439
thp_zero_page_alloc 1
thp_zero_page_alloc_failed 0
thp_promote 0
thp_fault_alloc 7400
thp_fault_fallback 12453
thp_collapse_alloc 15287
thp_collapse_alloc_failed 0
thp_split 11439
thp_zero_page_alloc 1
thp_zero_page_alloc_failed 0
thp_promote 0
thp_fault_alloc 7414
thp_fault_fallback 12453
thp_collapse_alloc 15287
thp_collapse_alloc_failed 0
thp_split 11439
thp_zero_page_alloc 1
thp_zero_page_alloc_failed 0
thp_promote 0
thp_fault_alloc 7429
thp_fault_fallback 12453
thp_collapse_alloc 15287
thp_collapse_alloc_failed 0
thp_split 11439
thp_zero_page_alloc 1
thp_zero_page_alloc_failed 0
thp_promote 0
thp_fault_alloc 7442
thp_fault_fallback 12453
thp_collapse_alloc 15287
thp_collapse_alloc_failed 0
thp_split 11439
thp_zero_page_alloc 1
thp_zero_page_alloc_failed 0
thp_promote 0
thp_fault_alloc 7455
thp_fault_fallback 12453
thp_collapse_alloc 15624
thp_collapse_alloc_failed 0
thp_split 11439
thp_zero_page_alloc 1
thp_zero_page_alloc_failed 0
thp_promote 0
thp_fault_alloc 7473
thp_fault_fallback 12453
thp_collapse_alloc 17108
thp_collapse_alloc_failed 0
thp_split 11439
thp_zero_page_alloc 1
thp_zero_page_alloc_failed 0
thp_promote 0
thp_fault_alloc 7489
thp_fault_fallback 12453
thp_collapse_alloc 18334
thp_collapse_alloc_failed 0
thp_split 11439
thp_zero_page_alloc 1
thp_zero_page_alloc_failed 0
thp_promote 0
thp_fault_alloc 7504
thp_fault_fallback 12453
thp_collapse_alloc 18334
thp_collapse_alloc_failed 0
thp_split 11439
thp_zero_page_alloc 1
thp_zero_page_alloc_failed 0
thp_promote 0
thp_fault_alloc 7520
thp_fault_fallback 12453
thp_collapse_alloc 18334
thp_collapse_alloc_failed 0
thp_split 11439
thp_zero_page_alloc 1
thp_zero_page_alloc_failed 0
thp_promote 0
thp_fault_alloc 7533
thp_fault_fallback 12453
thp_collapse_alloc 18334
thp_collapse_alloc_failed 0
thp_split 11439
thp_zero_page_alloc 1
thp_zero_page_alloc_failed 0
thp_promote 0
thp_fault_alloc 7546
thp_fault_fallback 12453
thp_collapse_alloc 18334
thp_collapse_alloc_failed 0
thp_split 11439
thp_zero_page_alloc 1
thp_zero_page_alloc_failed 0
thp_promote 0
thp_fault_alloc 7559
thp_fault_fallback 12453
thp_collapse_alloc 18334
thp_collapse_alloc_failed 0
thp_split 11439
thp_zero_page_alloc 1
thp_zero_page_alloc_failed 0
thp_promote 0
thp_fault_alloc 7575
thp_fault_fallback 12453
thp_collapse_alloc 18334
thp_collapse_alloc_failed 0
thp_split 11439
thp_zero_page_alloc 1
thp_zero_page_alloc_failed 0
thp_promote 0
thp_fault_alloc 7589
thp_fault_fallback 12453
thp_collapse_alloc 18334
thp_collapse_alloc_failed 0
thp_split 11439
thp_zero_page_alloc 1
thp_zero_page_alloc_failed 0
thp_promote 0
thp_fault_alloc 7603
thp_fault_fallback 12453
thp_collapse_alloc 18334
thp_collapse_alloc_failed 0
thp_split 11439
thp_zero_page_alloc 1
thp_zero_page_alloc_failed 0
thp_promote 0
thp_fault_alloc 7616
thp_fault_fallback 12453
thp_collapse_alloc 18334
thp_collapse_alloc_failed 0
thp_split 11439
thp_zero_page_alloc 1
thp_zero_page_alloc_failed 0
thp_promote 0
thp_fault_alloc 7629
thp_fault_fallback 12453
thp_collapse_alloc 18334
thp_collapse_alloc_failed 0
thp_split 11439
thp_zero_page_alloc 1
thp_zero_page_alloc_failed 0
thp_promote 0
thp_fault_alloc 7642
thp_fault_fallback 12453
thp_collapse_alloc 18334
thp_collapse_alloc_failed 0
thp_split 11439
thp_zero_page_alloc 1
thp_zero_page_alloc_failed 0
thp_promote 0
thp_fault_alloc 7656
thp_fault_fallback 12453
thp_collapse_alloc 18334
thp_collapse_alloc_failed 0
thp_split 11439
thp_zero_page_alloc 1
thp_zero_page_alloc_failed 0
thp_promote 0
thp_fault_alloc 7669
thp_fault_fallback 12453
thp_collapse_alloc 18334
thp_collapse_alloc_failed 0
thp_split 11439
thp_zero_page_alloc 1
thp_zero_page_alloc_failed 0
thp_promote 0
thp_fault_alloc 7683
thp_fault_fallback 12453
thp_collapse_alloc 18334
thp_collapse_alloc_failed 0
thp_split 11439
thp_zero_page_alloc 1
thp_zero_page_alloc_failed 0
thp_promote 0
thp_fault_alloc 7697
thp_fault_fallback 12453
thp_collapse_alloc 18334
thp_collapse_alloc_failed 0
thp_split 11439
thp_zero_page_alloc 1
thp_zero_page_alloc_failed 0
thp_promote 0
thp_fault_alloc 7711
thp_fault_fallback 12453
thp_collapse_alloc 18334
thp_collapse_alloc_failed 0
thp_split 11439
thp_zero_page_alloc 1
thp_zero_page_alloc_failed 0
thp_promote 0
thp_fault_alloc 7725
thp_fault_fallback 12453
thp_collapse_alloc 18334
thp_collapse_alloc_failed 0
thp_split 11439
thp_zero_page_alloc 1
thp_zero_page_alloc_failed 0
thp_promote 0
thp_fault_alloc 7738
thp_fault_fallback 12453
thp_collapse_alloc 18334
thp_collapse_alloc_failed 0
thp_split 11439
thp_zero_page_alloc 1
thp_zero_page_alloc_failed 0
thp_promote 0
thp_fault_alloc 7753
thp_fault_fallback 12453
thp_collapse_alloc 18334
thp_collapse_alloc_failed 0
thp_split 11439
thp_zero_page_alloc 1
thp_zero_page_alloc_failed 0
thp_promote 0
thp_fault_alloc 7768
thp_fault_fallback 12453
thp_collapse_alloc 18334
thp_collapse_alloc_failed 0
thp_split 11439
thp_zero_page_alloc 1
thp_zero_page_alloc_failed 0
thp_promote 0
thp_fault_alloc 7782
thp_fault_fallback 12453
thp_collapse_alloc 18334
thp_collapse_alloc_failed 0
thp_split 11439
thp_zero_page_alloc 1
thp_zero_page_alloc_failed 0
thp_promote 0
thp_fault_alloc 7794
thp_fault_fallback 12453
thp_collapse_alloc 18334
thp_collapse_alloc_failed 0
thp_split 11439
thp_zero_page_alloc 1
thp_zero_page_alloc_failed 0
thp_promote 0
thp_fault_alloc 7808
thp_fault_fallback 12453
thp_collapse_alloc 18334
thp_collapse_alloc_failed 0
thp_split 11439
thp_zero_page_alloc 1
thp_zero_page_alloc_failed 0
thp_promote 0
thp_fault_alloc 7821
thp_fault_fallback 12453
thp_collapse_alloc 18334
thp_collapse_alloc_failed 0
thp_split 11439
thp_zero_page_alloc 1
thp_zero_page_alloc_failed 0
thp_promote 0
thp_fault_alloc 7835
thp_fault_fallback 12453
thp_collapse_alloc 18334
thp_collapse_alloc_failed 0
thp_split 11439
thp_zero_page_alloc 1
thp_zero_page_alloc_failed 0
thp_promote 0
thp_fault_alloc 7850
thp_fault_fallback 12453
thp_collapse_alloc 18334
thp_collapse_alloc_failed 0
thp_split 11439
thp_zero_page_alloc 1
thp_zero_page_alloc_failed 0
thp_promote 0
thp_fault_alloc 7862
thp_fault_fallback 12453
thp_collapse_alloc 18334
thp_collapse_alloc_failed 0
thp_split 11439
thp_zero_page_alloc 1
thp_zero_page_alloc_failed 0
thp_promote 0
thp_fault_alloc 7874
thp_fault_fallback 12453
thp_collapse_alloc 18334
thp_collapse_alloc_failed 0
thp_split 11439
thp_zero_page_alloc 1
thp_zero_page_alloc_failed 0
thp_promote 0
thp_fault_alloc 7889
thp_fault_fallback 12453
thp_collapse_alloc 18334
thp_collapse_alloc_failed 0
thp_split 11439
thp_zero_page_alloc 1
thp_zero_page_alloc_failed 0
thp_promote 0
thp_fault_alloc 7903
thp_fault_fallback 12453
thp_collapse_alloc 18334
thp_collapse_alloc_failed 0
thp_split 11439
thp_zero_page_alloc 1
thp_zero_page_alloc_failed 0
thp_promote 0
thp_fault_alloc 7916
thp_fault_fallback 12453
thp_collapse_alloc 18334
thp_collapse_alloc_failed 0
thp_split 11439
thp_zero_page_alloc 1
thp_zero_page_alloc_failed 0
thp_promote 0
thp_fault_alloc 7929
thp_fault_fallback 12453
thp_collapse_alloc 18334
thp_collapse_alloc_failed 0
thp_split 11439
thp_zero_page_alloc 1
thp_zero_page_alloc_failed 0
thp_promote 0
thp_fault_alloc 7942
thp_fault_fallback 12453
thp_collapse_alloc 18334
thp_collapse_alloc_failed 0
thp_split 11439
thp_zero_page_alloc 1
thp_zero_page_alloc_failed 0
thp_promote 0
thp_fault_alloc 7956
thp_fault_fallback 12453
thp_collapse_alloc 18334
thp_collapse_alloc_failed 0
thp_split 11439
thp_zero_page_alloc 1
thp_zero_page_alloc_failed 0
thp_promote 0
thp_fault_alloc 7969
thp_fault_fallback 12453
thp_collapse_alloc 18334
thp_collapse_alloc_failed 0
thp_split 11439
thp_zero_page_alloc 1
thp_zero_page_alloc_failed 0
thp_promote 0
thp_fault_alloc 7982
thp_fault_fallback 12453
thp_collapse_alloc 18334
thp_collapse_alloc_failed 0
thp_split 11439
thp_zero_page_alloc 1
thp_zero_page_alloc_failed 0
thp_promote 0
thp_fault_alloc 7998
thp_fault_fallback 12453
thp_collapse_alloc 18334
thp_collapse_alloc_failed 0
thp_split 11439
thp_zero_page_alloc 1
thp_zero_page_alloc_failed 0
thp_promote 0
thp_fault_alloc 8012
thp_fault_fallback 12453
thp_collapse_alloc 18334
thp_collapse_alloc_failed 0
thp_split 11439
thp_zero_page_alloc 1
thp_zero_page_alloc_failed 0
thp_promote 0
thp_fault_alloc 8028
thp_fault_fallback 12453
thp_collapse_alloc 18334
thp_collapse_alloc_failed 0
thp_split 11439
thp_zero_page_alloc 1
thp_zero_page_alloc_failed 0
thp_promote 0
thp_fault_alloc 8042
thp_fault_fallback 12453
thp_collapse_alloc 18334
thp_collapse_alloc_failed 0
thp_split 11439
thp_zero_page_alloc 1
thp_zero_page_alloc_failed 0
thp_promote 0
thp_fault_alloc 8056
thp_fault_fallback 12453
thp_collapse_alloc 18334
thp_collapse_alloc_failed 0
thp_split 11439
thp_zero_page_alloc 1
thp_zero_page_alloc_failed 0
thp_promote 0
thp_fault_alloc 8067
thp_fault_fallback 12453
thp_collapse_alloc 18334
thp_collapse_alloc_failed 0
thp_split 11439
thp_zero_page_alloc 1
thp_zero_page_alloc_failed 0
thp_promote 0
thp_fault_alloc 8082
thp_fault_fallback 12453
thp_collapse_alloc 18334
thp_collapse_alloc_failed 0
thp_split 11439
thp_zero_page_alloc 1
thp_zero_page_alloc_failed 0
thp_promote 0
thp_fault_alloc 8095
thp_fault_fallback 12453
thp_collapse_alloc 18334
thp_collapse_alloc_failed 0
thp_split 11439
thp_zero_page_alloc 1
thp_zero_page_alloc_failed 0
thp_promote 0
thp_fault_alloc 8109
thp_fault_fallback 12453
thp_collapse_alloc 18334
thp_collapse_alloc_failed 0
thp_split 11439
thp_zero_page_alloc 1
thp_zero_page_alloc_failed 0
thp_promote 0
thp_fault_alloc 8122
thp_fault_fallback 12453
thp_collapse_alloc 18334
thp_collapse_alloc_failed 0
thp_split 11439
thp_zero_page_alloc 1
thp_zero_page_alloc_failed 0
thp_promote 0
thp_fault_alloc 8134
thp_fault_fallback 12453
thp_collapse_alloc 18334
thp_collapse_alloc_failed 0
thp_split 11439
thp_zero_page_alloc 1
thp_zero_page_alloc_failed 0
thp_promote 0
thp_fault_alloc 8150
thp_fault_fallback 12453
thp_collapse_alloc 18334
thp_collapse_alloc_failed 0
thp_split 11439
thp_zero_page_alloc 1
thp_zero_page_alloc_failed 0
thp_promote 0
thp_fault_alloc 8161
thp_fault_fallback 12453
thp_collapse_alloc 18334
thp_collapse_alloc_failed 0
thp_split 11439
thp_zero_page_alloc 1
thp_zero_page_alloc_failed 0
thp_promote 0
thp_fault_alloc 8173
thp_fault_fallback 12453
thp_collapse_alloc 18334
thp_collapse_alloc_failed 0
thp_split 11439
thp_zero_page_alloc 1
thp_zero_page_alloc_failed 0
thp_promote 0
thp_fault_alloc 8187
thp_fault_fallback 12453
thp_collapse_alloc 18334
thp_collapse_alloc_failed 0
thp_split 11439
thp_zero_page_alloc 1
thp_zero_page_alloc_failed 0
thp_promote 0
thp_fault_alloc 8202
thp_fault_fallback 12453
thp_collapse_alloc 18334
thp_collapse_alloc_failed 0
thp_split 11439
thp_zero_page_alloc 1
thp_zero_page_alloc_failed 0
thp_promote 0
thp_fault_alloc 8215
thp_fault_fallback 12453
thp_collapse_alloc 18334
thp_collapse_alloc_failed 0
thp_split 11439
thp_zero_page_alloc 1
thp_zero_page_alloc_failed 0
thp_promote 0
thp_fault_alloc 8228
thp_fault_fallback 12453
thp_collapse_alloc 18334
thp_collapse_alloc_failed 0
thp_split 11439
thp_zero_page_alloc 1
thp_zero_page_alloc_failed 0
thp_promote 0
thp_fault_alloc 8240
thp_fault_fallback 18455
thp_collapse_alloc 18334
thp_collapse_alloc_failed 0
thp_split 17441
thp_zero_page_alloc 1
thp_zero_page_alloc_failed 0
thp_promote 0
thp_fault_alloc 8251
thp_fault_fallback 18458
thp_collapse_alloc 18334
thp_collapse_alloc_failed 0
thp_split 17444
thp_zero_page_alloc 1
thp_zero_page_alloc_failed 0
thp_promote 0
thp_fault_alloc 8269
thp_fault_fallback 18458
thp_collapse_alloc 18334
thp_collapse_alloc_failed 0
thp_split 17444
thp_zero_page_alloc 1
thp_zero_page_alloc_failed 0
thp_promote 0
thp_fault_alloc 8279
thp_fault_fallback 18458
thp_collapse_alloc 18334
thp_collapse_alloc_failed 0
thp_split 17444
thp_zero_page_alloc 1
thp_zero_page_alloc_failed 0
thp_promote 0
thp_fault_alloc 8290
thp_fault_fallback 18458
thp_collapse_alloc 18334
thp_collapse_alloc_failed 0
thp_split 17444
thp_zero_page_alloc 1
thp_zero_page_alloc_failed 0
thp_promote 0
thp_fault_alloc 8302
thp_fault_fallback 18458
thp_collapse_alloc 18334
thp_collapse_alloc_failed 0
thp_split 17444
thp_zero_page_alloc 1
thp_zero_page_alloc_failed 0
thp_promote 0
thp_fault_alloc 8315
thp_fault_fallback 18458
thp_collapse_alloc 18334
thp_collapse_alloc_failed 0
thp_split 17444
thp_zero_page_alloc 1
thp_zero_page_alloc_failed 0
thp_promote 0
thp_fault_alloc 8334
thp_fault_fallback 18458
thp_collapse_alloc 18334
thp_collapse_alloc_failed 0
thp_split 17444
thp_zero_page_alloc 1
thp_zero_page_alloc_failed 0
thp_promote 0
thp_fault_alloc 8345
thp_fault_fallback 18458
thp_collapse_alloc 18334
thp_collapse_alloc_failed 0
thp_split 17444
thp_zero_page_alloc 1
thp_zero_page_alloc_failed 0
thp_promote 0
thp_fault_alloc 8357
thp_fault_fallback 18458
thp_collapse_alloc 18334
thp_collapse_alloc_failed 0
thp_split 17444
thp_zero_page_alloc 1
thp_zero_page_alloc_failed 0
thp_promote 0
thp_fault_alloc 8368
thp_fault_fallback 18458
thp_collapse_alloc 18334
thp_collapse_alloc_failed 0
thp_split 17444
thp_zero_page_alloc 1
thp_zero_page_alloc_failed 0
thp_promote 0
thp_fault_alloc 8380
thp_fault_fallback 18458
thp_collapse_alloc 18334
thp_collapse_alloc_failed 0
thp_split 17444
thp_zero_page_alloc 1
thp_zero_page_alloc_failed 0
thp_promote 0
thp_fault_alloc 8391
thp_fault_fallback 18458
thp_collapse_alloc 18334
thp_collapse_alloc_failed 0
thp_split 17444
thp_zero_page_alloc 1
thp_zero_page_alloc_failed 0
thp_promote 0
thp_fault_alloc 8413
thp_fault_fallback 18458
thp_collapse_alloc 18334
thp_collapse_alloc_failed 0
thp_split 17444
thp_zero_page_alloc 1
thp_zero_page_alloc_failed 0
thp_promote 0
thp_fault_alloc 8425
thp_fault_fallback 18458
thp_collapse_alloc 18334
thp_collapse_alloc_failed 0
thp_split 17444
thp_zero_page_alloc 1
thp_zero_page_alloc_failed 0
thp_promote 0
thp_fault_alloc 8436
thp_fault_fallback 18458
thp_collapse_alloc 18334
thp_collapse_alloc_failed 0
thp_split 17444
thp_zero_page_alloc 1
thp_zero_page_alloc_failed 0
thp_promote 0
thp_fault_alloc 8449
thp_fault_fallback 18458
thp_collapse_alloc 18334
thp_collapse_alloc_failed 0
thp_split 17444
thp_zero_page_alloc 1
thp_zero_page_alloc_failed 0
thp_promote 0
thp_fault_alloc 8462
thp_fault_fallback 18458
thp_collapse_alloc 18334
thp_collapse_alloc_failed 0
thp_split 17444
thp_zero_page_alloc 1
thp_zero_page_alloc_failed 0
thp_promote 0
thp_fault_alloc 8474
thp_fault_fallback 18458
thp_collapse_alloc 18334
thp_collapse_alloc_failed 0
thp_split 17444
thp_zero_page_alloc 1
thp_zero_page_alloc_failed 0
thp_promote 0
thp_fault_alloc 8488
thp_fault_fallback 18458
thp_collapse_alloc 18334
thp_collapse_alloc_failed 0
thp_split 17444
thp_zero_page_alloc 1
thp_zero_page_alloc_failed 0
thp_promote 0
thp_fault_alloc 8501
thp_fault_fallback 18458
thp_collapse_alloc 18334
thp_collapse_alloc_failed 0
thp_split 17444
thp_zero_page_alloc 1
thp_zero_page_alloc_failed 0
thp_promote 0
thp_fault_alloc 8524
thp_fault_fallback 18458
thp_collapse_alloc 18686
thp_collapse_alloc_failed 0
thp_split 17444
thp_zero_page_alloc 1
thp_zero_page_alloc_failed 0
thp_promote 0
thp_fault_alloc 8536
thp_fault_fallback 18458
thp_collapse_alloc 18753
thp_collapse_alloc_failed 0
thp_split 17444
thp_zero_page_alloc 1
thp_zero_page_alloc_failed 0
thp_promote 0
thp_fault_alloc 8546
thp_fault_fallback 18458
thp_collapse_alloc 18753
thp_collapse_alloc_failed 0
thp_split 17444
thp_zero_page_alloc 1
thp_zero_page_alloc_failed 0
thp_promote 0
thp_fault_alloc 8559
thp_fault_fallback 18458
thp_collapse_alloc 18753
thp_collapse_alloc_failed 0
thp_split 17444
thp_zero_page_alloc 1
thp_zero_page_alloc_failed 0
thp_promote 0
thp_fault_alloc 8569
thp_fault_fallback 18458
thp_collapse_alloc 18753
thp_collapse_alloc_failed 0
thp_split 17444
thp_zero_page_alloc 1
thp_zero_page_alloc_failed 0
thp_promote 0
thp_fault_alloc 8582
thp_fault_fallback 18458
thp_collapse_alloc 18753
thp_collapse_alloc_failed 0
thp_split 17444
thp_zero_page_alloc 1
thp_zero_page_alloc_failed 0
thp_promote 0
thp_fault_alloc 8596
thp_fault_fallback 18458
thp_collapse_alloc 18753
thp_collapse_alloc_failed 0
thp_split 17444
thp_zero_page_alloc 1
thp_zero_page_alloc_failed 0
thp_promote 0
thp_fault_alloc 8609
thp_fault_fallback 18458
thp_collapse_alloc 18753
thp_collapse_alloc_failed 0
thp_split 17444
thp_zero_page_alloc 1
thp_zero_page_alloc_failed 0
thp_promote 0
thp_fault_alloc 8632
thp_fault_fallback 18458
thp_collapse_alloc 18753
thp_collapse_alloc_failed 0
thp_split 17444
thp_zero_page_alloc 1
thp_zero_page_alloc_failed 0
thp_promote 0
thp_fault_alloc 8645
thp_fault_fallback 18458
thp_collapse_alloc 19543
thp_collapse_alloc_failed 0
thp_split 17444
thp_zero_page_alloc 1
thp_zero_page_alloc_failed 0
thp_promote 0
thp_fault_alloc 8656
thp_fault_fallback 18458
thp_collapse_alloc 21009
thp_collapse_alloc_failed 0
thp_split 17444
thp_zero_page_alloc 1
thp_zero_page_alloc_failed 0
thp_promote 0
thp_fault_alloc 8665
thp_fault_fallback 18458
thp_collapse_alloc 22392
thp_collapse_alloc_failed 0
thp_split 17444
thp_zero_page_alloc 1
thp_zero_page_alloc_failed 0
thp_promote 0
thp_fault_alloc 8686
thp_fault_fallback 18458
thp_collapse_alloc 23584
thp_collapse_alloc_failed 0
thp_split 17444
thp_zero_page_alloc 1
thp_zero_page_alloc_failed 0
thp_promote 0
thp_fault_alloc 8701
thp_fault_fallback 18458
thp_collapse_alloc 23584
thp_collapse_alloc_failed 0
thp_split 17444
thp_zero_page_alloc 1
thp_zero_page_alloc_failed 0
thp_promote 0
thp_fault_alloc 8714
thp_fault_fallback 18458
thp_collapse_alloc 23584
thp_collapse_alloc_failed 0
thp_split 17444
thp_zero_page_alloc 1
thp_zero_page_alloc_failed 0
thp_promote 0
thp_fault_alloc 8726
thp_fault_fallback 18458
thp_collapse_alloc 23584
thp_collapse_alloc_failed 0
thp_split 17444
thp_zero_page_alloc 1
thp_zero_page_alloc_failed 0
thp_promote 0
thp_fault_alloc 8741
thp_fault_fallback 18458
thp_collapse_alloc 23584
thp_collapse_alloc_failed 0
thp_split 17444
thp_zero_page_alloc 1
thp_zero_page_alloc_failed 0
thp_promote 0
thp_fault_alloc 8755
thp_fault_fallback 18458
thp_collapse_alloc 23584
thp_collapse_alloc_failed 0
thp_split 17444
thp_zero_page_alloc 1
thp_zero_page_alloc_failed 0
thp_promote 0
thp_fault_alloc 8778
thp_fault_fallback 18458
thp_collapse_alloc 23584
thp_collapse_alloc_failed 0
thp_split 17444
thp_zero_page_alloc 1
thp_zero_page_alloc_failed 0
thp_promote 0
thp_fault_alloc 8792
thp_fault_fallback 18458
thp_collapse_alloc 23584
thp_collapse_alloc_failed 0
thp_split 17444
thp_zero_page_alloc 1
thp_zero_page_alloc_failed 0
thp_promote 0
thp_fault_alloc 8806
thp_fault_fallback 18458
thp_collapse_alloc 23584
thp_collapse_alloc_failed 0
thp_split 17444
thp_zero_page_alloc 1
thp_zero_page_alloc_failed 0
thp_promote 0
thp_fault_alloc 8818
thp_fault_fallback 18458
thp_collapse_alloc 23822
thp_collapse_alloc_failed 0
thp_split 17444
thp_zero_page_alloc 1
thp_zero_page_alloc_failed 0
thp_promote 0
thp_fault_alloc 8830
thp_fault_fallback 18458
thp_collapse_alloc 23822
thp_collapse_alloc_failed 0
thp_split 17444
thp_zero_page_alloc 1
thp_zero_page_alloc_failed 0
thp_promote 0
thp_fault_alloc 8842
thp_fault_fallback 18458
thp_collapse_alloc 23822
thp_collapse_alloc_failed 0
thp_split 17444
thp_zero_page_alloc 1
thp_zero_page_alloc_failed 0
thp_promote 0
thp_fault_alloc 8855
thp_fault_fallback 18458
thp_collapse_alloc 23822
thp_collapse_alloc_failed 0
thp_split 17444
thp_zero_page_alloc 1
thp_zero_page_alloc_failed 0
thp_promote 0
thp_fault_alloc 8867
thp_fault_fallback 18458
thp_collapse_alloc 23822
thp_collapse_alloc_failed 0
thp_split 17444
thp_zero_page_alloc 1
thp_zero_page_alloc_failed 0
thp_promote 0
thp_fault_alloc 8880
thp_fault_fallback 18458
thp_collapse_alloc 23822
thp_collapse_alloc_failed 0
thp_split 17444
thp_zero_page_alloc 1
thp_zero_page_alloc_failed 0
thp_promote 0
thp_fault_alloc 8892
thp_fault_fallback 18458
thp_collapse_alloc 23822
thp_collapse_alloc_failed 0
thp_split 17444
thp_zero_page_alloc 1
thp_zero_page_alloc_failed 0
thp_promote 0
thp_fault_alloc 8903
thp_fault_fallback 18458
thp_collapse_alloc 23822
thp_collapse_alloc_failed 0
thp_split 17444
thp_zero_page_alloc 1
thp_zero_page_alloc_failed 0
thp_promote 0
thp_fault_alloc 8916
thp_fault_fallback 18458
thp_collapse_alloc 23822
thp_collapse_alloc_failed 0
thp_split 17444
thp_zero_page_alloc 1
thp_zero_page_alloc_failed 0
thp_promote 0
thp_fault_alloc 8928
thp_fault_fallback 18458
thp_collapse_alloc 23822
thp_collapse_alloc_failed 0
thp_split 17444
thp_zero_page_alloc 1
thp_zero_page_alloc_failed 0
thp_promote 0
thp_fault_alloc 8941
thp_fault_fallback 18458
thp_collapse_alloc 23826
thp_collapse_alloc_failed 0
thp_split 17444
thp_zero_page_alloc 1
thp_zero_page_alloc_failed 0
thp_promote 0
thp_fault_alloc 8962
thp_fault_fallback 18458
thp_collapse_alloc 23826
thp_collapse_alloc_failed 0
thp_split 17444
thp_zero_page_alloc 1
thp_zero_page_alloc_failed 0
thp_promote 0
thp_fault_alloc 8975
thp_fault_fallback 18458
thp_collapse_alloc 23826
thp_collapse_alloc_failed 0
thp_split 17444
thp_zero_page_alloc 1
thp_zero_page_alloc_failed 0
thp_promote 0
thp_fault_alloc 8988
thp_fault_fallback 18458
thp_collapse_alloc 23826
thp_collapse_alloc_failed 0
thp_split 17444
thp_zero_page_alloc 1
thp_zero_page_alloc_failed 0
thp_promote 0
thp_fault_alloc 8999
thp_fault_fallback 18458
thp_collapse_alloc 23826
thp_collapse_alloc_failed 0
thp_split 17444
thp_zero_page_alloc 1
thp_zero_page_alloc_failed 0
thp_promote 0
thp_fault_alloc 9012
thp_fault_fallback 18458
thp_collapse_alloc 23826
thp_collapse_alloc_failed 0
thp_split 17444
thp_zero_page_alloc 1
thp_zero_page_alloc_failed 0
thp_promote 0
thp_fault_alloc 9025
thp_fault_fallback 18458
thp_collapse_alloc 23826
thp_collapse_alloc_failed 0
thp_split 17444
thp_zero_page_alloc 1
thp_zero_page_alloc_failed 0
thp_promote 0
thp_fault_alloc 9038
thp_fault_fallback 18458
thp_collapse_alloc 23826
thp_collapse_alloc_failed 0
thp_split 17444
thp_zero_page_alloc 1
thp_zero_page_alloc_failed 0
thp_promote 0
thp_fault_alloc 9053
thp_fault_fallback 18458
thp_collapse_alloc 23826
thp_collapse_alloc_failed 0
thp_split 17444
thp_zero_page_alloc 1
thp_zero_page_alloc_failed 0
thp_promote 0
thp_fault_alloc 9065
thp_fault_fallback 18458
thp_collapse_alloc 23826
thp_collapse_alloc_failed 0
thp_split 17444
thp_zero_page_alloc 1
thp_zero_page_alloc_failed 0
thp_promote 0
thp_fault_alloc 9077
thp_fault_fallback 18458
thp_collapse_alloc 23826
thp_collapse_alloc_failed 0
thp_split 17444
thp_zero_page_alloc 1
thp_zero_page_alloc_failed 0
thp_promote 0
thp_fault_alloc 9093
thp_fault_fallback 18458
thp_collapse_alloc 23826
thp_collapse_alloc_failed 0
thp_split 17444
thp_zero_page_alloc 1
thp_zero_page_alloc_failed 0
thp_promote 0
thp_fault_alloc 9104
thp_fault_fallback 18458
thp_collapse_alloc 23826
thp_collapse_alloc_failed 0
thp_split 17444
thp_zero_page_alloc 1
thp_zero_page_alloc_failed 0
thp_promote 0
thp_fault_alloc 9113
thp_fault_fallback 18458
thp_collapse_alloc 23826
thp_collapse_alloc_failed 0
thp_split 17444
thp_zero_page_alloc 1
thp_zero_page_alloc_failed 0
thp_promote 0
thp_fault_alloc 9124
thp_fault_fallback 18458
thp_collapse_alloc 23826
thp_collapse_alloc_failed 0
thp_split 17444
thp_zero_page_alloc 1
thp_zero_page_alloc_failed 0
thp_promote 0
thp_fault_alloc 9147
thp_fault_fallback 18458
thp_collapse_alloc 23826
thp_collapse_alloc_failed 0
thp_split 17444
thp_zero_page_alloc 1
thp_zero_page_alloc_failed 0
thp_promote 0
thp_fault_alloc 9159
thp_fault_fallback 18458
thp_collapse_alloc 23826
thp_collapse_alloc_failed 0
thp_split 17444
thp_zero_page_alloc 1
thp_zero_page_alloc_failed 0
thp_promote 0
thp_fault_alloc 9171
thp_fault_fallback 18458
thp_collapse_alloc 23826
thp_collapse_alloc_failed 0
thp_split 17444
thp_zero_page_alloc 1
thp_zero_page_alloc_failed 0
thp_promote 0
thp_fault_alloc 9185
thp_fault_fallback 18458
thp_collapse_alloc 23826
thp_collapse_alloc_failed 0
thp_split 17444
thp_zero_page_alloc 1
thp_zero_page_alloc_failed 0
thp_promote 0
thp_fault_alloc 9197
thp_fault_fallback 18458
thp_collapse_alloc 23826
thp_collapse_alloc_failed 0
thp_split 17444
thp_zero_page_alloc 1
thp_zero_page_alloc_failed 0
thp_promote 0
thp_fault_alloc 9211
thp_fault_fallback 18458
thp_collapse_alloc 23826
thp_collapse_alloc_failed 0
thp_split 17444
thp_zero_page_alloc 1
thp_zero_page_alloc_failed 0
thp_promote 0
thp_fault_alloc 9225
thp_fault_fallback 18458
thp_collapse_alloc 23826
thp_collapse_alloc_failed 0
thp_split 17444
thp_zero_page_alloc 1
thp_zero_page_alloc_failed 0
thp_promote 0
thp_fault_alloc 9238
thp_fault_fallback 18458
thp_collapse_alloc 23826
thp_collapse_alloc_failed 0
thp_split 17444
thp_zero_page_alloc 1
thp_zero_page_alloc_failed 0
thp_promote 0
thp_fault_alloc 9251
thp_fault_fallback 18458
thp_collapse_alloc 23826
thp_collapse_alloc_failed 0
thp_split 17444
thp_zero_page_alloc 1
thp_zero_page_alloc_failed 0
thp_promote 0
thp_fault_alloc 9263
thp_fault_fallback 18458
thp_collapse_alloc 23826
thp_collapse_alloc_failed 0
thp_split 17444
thp_zero_page_alloc 1
thp_zero_page_alloc_failed 0
thp_promote 0
thp_fault_alloc 9274
thp_fault_fallback 18458
thp_collapse_alloc 23826
thp_collapse_alloc_failed 0
thp_split 17444
thp_zero_page_alloc 1
thp_zero_page_alloc_failed 0
thp_promote 0
thp_fault_alloc 9297
thp_fault_fallback 18458
thp_collapse_alloc 23826
thp_collapse_alloc_failed 0
thp_split 17444
thp_zero_page_alloc 1
thp_zero_page_alloc_failed 0
thp_promote 0
thp_fault_alloc 9309
thp_fault_fallback 18458
thp_collapse_alloc 23858
thp_collapse_alloc_failed 0
thp_split 17444
thp_zero_page_alloc 1
thp_zero_page_alloc_failed 0
thp_promote 0
thp_fault_alloc 9322
thp_fault_fallback 18458
thp_collapse_alloc 25349
thp_collapse_alloc_failed 0
thp_split 17444
thp_zero_page_alloc 1
thp_zero_page_alloc_failed 0
thp_promote 0
thp_fault_alloc 9332
thp_fault_fallback 18458
thp_collapse_alloc 26867
thp_collapse_alloc_failed 0
thp_split 17444
thp_zero_page_alloc 1
thp_zero_page_alloc_failed 0
thp_promote 0
thp_fault_alloc 9343
thp_fault_fallback 18458
thp_collapse_alloc 27085
thp_collapse_alloc_failed 0
thp_split 17444
thp_zero_page_alloc 1
thp_zero_page_alloc_failed 0
thp_promote 0
thp_fault_alloc 9356
thp_fault_fallback 18458
thp_collapse_alloc 27085
thp_collapse_alloc_failed 0
thp_split 17444
thp_zero_page_alloc 1
thp_zero_page_alloc_failed 0
thp_promote 0
thp_fault_alloc 9368
thp_fault_fallback 18458
thp_collapse_alloc 27085
thp_collapse_alloc_failed 0
thp_split 17444
thp_zero_page_alloc 1
thp_zero_page_alloc_failed 0
thp_promote 0
thp_fault_alloc 9382
thp_fault_fallback 18458
thp_collapse_alloc 27085
thp_collapse_alloc_failed 0
thp_split 17444
thp_zero_page_alloc 1
thp_zero_page_alloc_failed 0
thp_promote 0
thp_fault_alloc 9394
thp_fault_fallback 18458
thp_collapse_alloc 27085
thp_collapse_alloc_failed 0
thp_split 17444
thp_zero_page_alloc 1
thp_zero_page_alloc_failed 0
thp_promote 0
thp_fault_alloc 9408
thp_fault_fallback 18458
thp_collapse_alloc 27085
thp_collapse_alloc_failed 0
thp_split 17444
thp_zero_page_alloc 1
thp_zero_page_alloc_failed 0
thp_promote 0
thp_fault_alloc 9422
thp_fault_fallback 18458
thp_collapse_alloc 27085
thp_collapse_alloc_failed 0
thp_split 17444
thp_zero_page_alloc 1
thp_zero_page_alloc_failed 0
thp_promote 0
thp_fault_alloc 9434
thp_fault_fallback 18458
thp_collapse_alloc 27085
thp_collapse_alloc_failed 0
thp_split 17444
thp_zero_page_alloc 1
thp_zero_page_alloc_failed 0
thp_promote 0
thp_fault_alloc 9447
thp_fault_fallback 18458
thp_collapse_alloc 27085
thp_collapse_alloc_failed 0
thp_split 17444
thp_zero_page_alloc 1
thp_zero_page_alloc_failed 0
thp_promote 0
thp_fault_alloc 9460
thp_fault_fallback 18458
thp_collapse_alloc 27085
thp_collapse_alloc_failed 0
thp_split 17444
thp_zero_page_alloc 1
thp_zero_page_alloc_failed 0
thp_promote 0
thp_fault_alloc 9471
thp_fault_fallback 18458
thp_collapse_alloc 27085
thp_collapse_alloc_failed 0
thp_split 17444
thp_zero_page_alloc 1
thp_zero_page_alloc_failed 0
thp_promote 0
thp_fault_alloc 9485
thp_fault_fallback 18458
thp_collapse_alloc 27085
thp_collapse_alloc_failed 0
thp_split 17444
thp_zero_page_alloc 1
thp_zero_page_alloc_failed 0
thp_promote 0
thp_fault_alloc 9498
thp_fault_fallback 18458
thp_collapse_alloc 27085
thp_collapse_alloc_failed 0
thp_split 17444
thp_zero_page_alloc 1
thp_zero_page_alloc_failed 0
thp_promote 0
thp_fault_alloc 9512
thp_fault_fallback 18458
thp_collapse_alloc 27085
thp_collapse_alloc_failed 0
thp_split 17444
thp_zero_page_alloc 1
thp_zero_page_alloc_failed 0
thp_promote 0
thp_fault_alloc 9523
thp_fault_fallback 18458
thp_collapse_alloc 27085
thp_collapse_alloc_failed 0
thp_split 17444
thp_zero_page_alloc 1
thp_zero_page_alloc_failed 0
thp_promote 0
thp_fault_alloc 9532
thp_fault_fallback 18458
thp_collapse_alloc 27085
thp_collapse_alloc_failed 0
thp_split 17444
thp_zero_page_alloc 1
thp_zero_page_alloc_failed 0
thp_promote 0
thp_fault_alloc 9542
thp_fault_fallback 18458
thp_collapse_alloc 27085
thp_collapse_alloc_failed 0
thp_split 17444
thp_zero_page_alloc 1
thp_zero_page_alloc_failed 0
thp_promote 0
thp_fault_alloc 9553
thp_fault_fallback 18458
thp_collapse_alloc 27085
thp_collapse_alloc_failed 0
thp_split 17444
thp_zero_page_alloc 1
thp_zero_page_alloc_failed 0
thp_promote 0
thp_fault_alloc 9562
thp_fault_fallback 18458
thp_collapse_alloc 27085
thp_collapse_alloc_failed 0
thp_split 17444
thp_zero_page_alloc 1
thp_zero_page_alloc_failed 0
thp_promote 0
thp_fault_alloc 9574
thp_fault_fallback 18458
thp_collapse_alloc 27085
thp_collapse_alloc_failed 0
thp_split 17444
thp_zero_page_alloc 1
thp_zero_page_alloc_failed 0
thp_promote 0
thp_fault_alloc 9584
thp_fault_fallback 18458
thp_collapse_alloc 27085
thp_collapse_alloc_failed 0
thp_split 17444
thp_zero_page_alloc 1
thp_zero_page_alloc_failed 0
thp_promote 0
thp_fault_alloc 9593
thp_fault_fallback 18458
thp_collapse_alloc 27085
thp_collapse_alloc_failed 0
thp_split 17444
thp_zero_page_alloc 1
thp_zero_page_alloc_failed 0
thp_promote 0
thp_fault_alloc 9603
thp_fault_fallback 18458
thp_collapse_alloc 27085
thp_collapse_alloc_failed 0
thp_split 17444
thp_zero_page_alloc 1
thp_zero_page_alloc_failed 0
thp_promote 0
thp_fault_alloc 9612
thp_fault_fallback 18458
thp_collapse_alloc 27085
thp_collapse_alloc_failed 0
thp_split 17444
thp_zero_page_alloc 1
thp_zero_page_alloc_failed 0
thp_promote 0
thp_fault_alloc 9622
thp_fault_fallback 18458
thp_collapse_alloc 27085
thp_collapse_alloc_failed 0
thp_split 17444
thp_zero_page_alloc 1
thp_zero_page_alloc_failed 0
thp_promote 0
thp_fault_alloc 9630
thp_fault_fallback 18458
thp_collapse_alloc 27085
thp_collapse_alloc_failed 0
thp_split 17444
thp_zero_page_alloc 1
thp_zero_page_alloc_failed 0
thp_promote 0
thp_fault_alloc 9640
thp_fault_fallback 18458
thp_collapse_alloc 27085
thp_collapse_alloc_failed 0
thp_split 17444
thp_zero_page_alloc 1
thp_zero_page_alloc_failed 0
thp_promote 0
thp_fault_alloc 9651
thp_fault_fallback 18458
thp_collapse_alloc 27085
thp_collapse_alloc_failed 0
thp_split 17444
thp_zero_page_alloc 1
thp_zero_page_alloc_failed 0
thp_promote 0
thp_fault_alloc 9659
thp_fault_fallback 18458
thp_collapse_alloc 27085
thp_collapse_alloc_failed 0
thp_split 17444
thp_zero_page_alloc 1
thp_zero_page_alloc_failed 0
thp_promote 0
thp_fault_alloc 9667
thp_fault_fallback 18458
thp_collapse_alloc 27085
thp_collapse_alloc_failed 0
thp_split 17444
thp_zero_page_alloc 1
thp_zero_page_alloc_failed 0
thp_promote 0
thp_fault_alloc 9676
thp_fault_fallback 18458
thp_collapse_alloc 27085
thp_collapse_alloc_failed 0
thp_split 17444
thp_zero_page_alloc 1
thp_zero_page_alloc_failed 0
thp_promote 0
thp_fault_alloc 9685
thp_fault_fallback 18458
thp_collapse_alloc 27085
thp_collapse_alloc_failed 0
thp_split 17444
thp_zero_page_alloc 1
thp_zero_page_alloc_failed 0
thp_promote 0
thp_fault_alloc 9695
thp_fault_fallback 18458
thp_collapse_alloc 27085
thp_collapse_alloc_failed 0
thp_split 17444
thp_zero_page_alloc 1
thp_zero_page_alloc_failed 0
thp_promote 0
thp_fault_alloc 9703
thp_fault_fallback 18458
thp_collapse_alloc 27085
thp_collapse_alloc_failed 0
thp_split 17444
thp_zero_page_alloc 1
thp_zero_page_alloc_failed 0
thp_promote 0
thp_fault_alloc 9714
thp_fault_fallback 18458
thp_collapse_alloc 27085
thp_collapse_alloc_failed 0
thp_split 17444
thp_zero_page_alloc 1
thp_zero_page_alloc_failed 0
thp_promote 0
thp_fault_alloc 9723
thp_fault_fallback 18458
thp_collapse_alloc 27085
thp_collapse_alloc_failed 0
thp_split 17444
thp_zero_page_alloc 1
thp_zero_page_alloc_failed 0
thp_promote 0
thp_fault_alloc 9733
thp_fault_fallback 18458
thp_collapse_alloc 27085
thp_collapse_alloc_failed 0
thp_split 17444
thp_zero_page_alloc 1
thp_zero_page_alloc_failed 0
thp_promote 0
thp_fault_alloc 9744
thp_fault_fallback 18458
thp_collapse_alloc 27085
thp_collapse_alloc_failed 0
thp_split 17444
thp_zero_page_alloc 1
thp_zero_page_alloc_failed 0
thp_promote 0
thp_fault_alloc 9754
thp_fault_fallback 18458
thp_collapse_alloc 27085
thp_collapse_alloc_failed 0
thp_split 17444
thp_zero_page_alloc 1
thp_zero_page_alloc_failed 0
thp_promote 0
thp_fault_alloc 9765
thp_fault_fallback 18458
thp_collapse_alloc 27085
thp_collapse_alloc_failed 0
thp_split 17444
thp_zero_page_alloc 1
thp_zero_page_alloc_failed 0
thp_promote 0
thp_fault_alloc 9774
thp_fault_fallback 18458
thp_collapse_alloc 27085
thp_collapse_alloc_failed 0
thp_split 17444
thp_zero_page_alloc 1
thp_zero_page_alloc_failed 0
thp_promote 0
thp_fault_alloc 9783
thp_fault_fallback 18458
thp_collapse_alloc 27085
thp_collapse_alloc_failed 0
thp_split 17444
thp_zero_page_alloc 1
thp_zero_page_alloc_failed 0
thp_promote 0
thp_fault_alloc 9793
thp_fault_fallback 18458
thp_collapse_alloc 27085
thp_collapse_alloc_failed 0
thp_split 17444
thp_zero_page_alloc 1
thp_zero_page_alloc_failed 0
thp_promote 0
thp_fault_alloc 9802
thp_fault_fallback 18458
thp_collapse_alloc 27085
thp_collapse_alloc_failed 0
thp_split 17444
thp_zero_page_alloc 1
thp_zero_page_alloc_failed 0
thp_promote 0
thp_fault_alloc 9812
thp_fault_fallback 18458
thp_collapse_alloc 27085
thp_collapse_alloc_failed 0
thp_split 17444
thp_zero_page_alloc 1
thp_zero_page_alloc_failed 0
thp_promote 0
thp_fault_alloc 9827
thp_fault_fallback 18458
thp_collapse_alloc 27085
thp_collapse_alloc_failed 0
thp_split 17444
thp_zero_page_alloc 1
thp_zero_page_alloc_failed 0
thp_promote 0
thp_fault_alloc 9860
thp_fault_fallback 18458
thp_collapse_alloc 27085
thp_collapse_alloc_failed 0
thp_split 17444
thp_zero_page_alloc 1
thp_zero_page_alloc_failed 0
thp_promote 0
thp_fault_alloc 9906
thp_fault_fallback 18458
thp_collapse_alloc 27085
thp_collapse_alloc_failed 0
thp_split 17444
thp_zero_page_alloc 1
thp_zero_page_alloc_failed 0
thp_promote 0
thp_fault_alloc 9974
thp_fault_fallback 18458
thp_collapse_alloc 27085
thp_collapse_alloc_failed 0
thp_split 17444
thp_zero_page_alloc 1
thp_zero_page_alloc_failed 0
thp_promote 0
thp_fault_alloc 9984
thp_fault_fallback 18458
thp_collapse_alloc 27085
thp_collapse_alloc_failed 0
thp_split 17444
thp_zero_page_alloc 1
thp_zero_page_alloc_failed 0
thp_promote 0
thp_fault_alloc 9995
thp_fault_fallback 18458
thp_collapse_alloc 27085
thp_collapse_alloc_failed 0
thp_split 17444
thp_zero_page_alloc 1
thp_zero_page_alloc_failed 0
thp_promote 0
thp_fault_alloc 10119
thp_fault_fallback 18458
thp_collapse_alloc 27085
thp_collapse_alloc_failed 0
thp_split 17444
thp_zero_page_alloc 1
thp_zero_page_alloc_failed 0
thp_promote 0
thp_fault_alloc 10128
thp_fault_fallback 18458
thp_collapse_alloc 27085
thp_collapse_alloc_failed 0
thp_split 17444
thp_zero_page_alloc 1
thp_zero_page_alloc_failed 0
thp_promote 0
thp_fault_alloc 10138
thp_fault_fallback 18458
thp_collapse_alloc 27085
thp_collapse_alloc_failed 0
thp_split 17444
thp_zero_page_alloc 1
thp_zero_page_alloc_failed 0
thp_promote 0
thp_fault_alloc 10147
thp_fault_fallback 18472
thp_collapse_alloc 27085
thp_collapse_alloc_failed 0
thp_split 17458
thp_zero_page_alloc 1
thp_zero_page_alloc_failed 0
thp_promote 0
thp_fault_alloc 10158
thp_fault_fallback 18472
thp_collapse_alloc 27085
thp_collapse_alloc_failed 0
thp_split 17458
thp_zero_page_alloc 1
thp_zero_page_alloc_failed 0
thp_promote 0
thp_fault_alloc 10168
thp_fault_fallback 18474
thp_collapse_alloc 27085
thp_collapse_alloc_failed 0
thp_split 17460
thp_zero_page_alloc 1
thp_zero_page_alloc_failed 0
thp_promote 0
thp_fault_alloc 10407
thp_fault_fallback 18474
thp_collapse_alloc 27085
thp_collapse_alloc_failed 0
thp_split 17460
thp_zero_page_alloc 1
thp_zero_page_alloc_failed 0
thp_promote 0
thp_fault_alloc 10417
thp_fault_fallback 18474
thp_collapse_alloc 27085
thp_collapse_alloc_failed 0
thp_split 17460
thp_zero_page_alloc 1
thp_zero_page_alloc_failed 0
thp_promote 0
thp_fault_alloc 10427
thp_fault_fallback 18474
thp_collapse_alloc 27085
thp_collapse_alloc_failed 0
thp_split 17460
thp_zero_page_alloc 1
thp_zero_page_alloc_failed 0
thp_promote 0
thp_fault_alloc 10435
thp_fault_fallback 18474
thp_collapse_alloc 27085
thp_collapse_alloc_failed 0
thp_split 17460
thp_zero_page_alloc 1
thp_zero_page_alloc_failed 0
thp_promote 0
thp_fault_alloc 10445
thp_fault_fallback 18474
thp_collapse_alloc 27085
thp_collapse_alloc_failed 0
thp_split 17460
thp_zero_page_alloc 1
thp_zero_page_alloc_failed 0
thp_promote 0
thp_fault_alloc 10454
thp_fault_fallback 18474
thp_collapse_alloc 27085
thp_collapse_alloc_failed 0
thp_split 17460
thp_zero_page_alloc 1
thp_zero_page_alloc_failed 0
thp_promote 0
thp_fault_alloc 10464
thp_fault_fallback 18474
thp_collapse_alloc 27085
thp_collapse_alloc_failed 0
thp_split 17460
thp_zero_page_alloc 1
thp_zero_page_alloc_failed 0
thp_promote 0
thp_fault_alloc 10473
thp_fault_fallback 18474
thp_collapse_alloc 27085
thp_collapse_alloc_failed 0
thp_split 17460
thp_zero_page_alloc 1
thp_zero_page_alloc_failed 0
thp_promote 0
thp_fault_alloc 10482
thp_fault_fallback 18474
thp_collapse_alloc 27085
thp_collapse_alloc_failed 0
thp_split 17460
thp_zero_page_alloc 1
thp_zero_page_alloc_failed 0
thp_promote 0
thp_fault_alloc 10493
thp_fault_fallback 18474
thp_collapse_alloc 27085
thp_collapse_alloc_failed 0
thp_split 17460
thp_zero_page_alloc 1
thp_zero_page_alloc_failed 0
thp_promote 0
thp_fault_alloc 10502
thp_fault_fallback 18474
thp_collapse_alloc 27085
thp_collapse_alloc_failed 0
thp_split 17460
thp_zero_page_alloc 1
thp_zero_page_alloc_failed 0
thp_promote 0
thp_fault_alloc 10512
thp_fault_fallback 18474
thp_collapse_alloc 27085
thp_collapse_alloc_failed 0
thp_split 17460
thp_zero_page_alloc 1
thp_zero_page_alloc_failed 0
thp_promote 0
thp_fault_alloc 10523
thp_fault_fallback 18474
thp_collapse_alloc 27085
thp_collapse_alloc_failed 0
thp_split 17460
thp_zero_page_alloc 1
thp_zero_page_alloc_failed 0
thp_promote 0
thp_fault_alloc 10533
thp_fault_fallback 18474
thp_collapse_alloc 27085
thp_collapse_alloc_failed 0
thp_split 17460
thp_zero_page_alloc 1
thp_zero_page_alloc_failed 0
thp_promote 0
thp_fault_alloc 10544
thp_fault_fallback 18474
thp_collapse_alloc 27085
thp_collapse_alloc_failed 0
thp_split 17460
thp_zero_page_alloc 1
thp_zero_page_alloc_failed 0
thp_promote 0
thp_fault_alloc 10553
thp_fault_fallback 18474
thp_collapse_alloc 27085
thp_collapse_alloc_failed 0
thp_split 17460
thp_zero_page_alloc 1
thp_zero_page_alloc_failed 0
thp_promote 0
thp_fault_alloc 10562
thp_fault_fallback 18474
thp_collapse_alloc 27085
thp_collapse_alloc_failed 0
thp_split 17460
thp_zero_page_alloc 1
thp_zero_page_alloc_failed 0
thp_promote 0
thp_fault_alloc 10811
thp_fault_fallback 18474
thp_collapse_alloc 27085
thp_collapse_alloc_failed 0
thp_split 17460
thp_zero_page_alloc 1
thp_zero_page_alloc_failed 0
thp_promote 0
thp_fault_alloc 11039
thp_fault_fallback 18474
thp_collapse_alloc 27085
thp_collapse_alloc_failed 0
thp_split 17460
thp_zero_page_alloc 1
thp_zero_page_alloc_failed 0
thp_promote 0
thp_fault_alloc 11039
thp_fault_fallback 18476
thp_collapse_alloc 27085
thp_collapse_alloc_failed 0
thp_split 17463
thp_zero_page_alloc 1
thp_zero_page_alloc_failed 0
thp_promote 0
thp_fault_alloc 11049
thp_fault_fallback 18476
thp_collapse_alloc 27085
thp_collapse_alloc_failed 0
thp_split 17463
thp_zero_page_alloc 1
thp_zero_page_alloc_failed 0
thp_promote 0
thp_fault_alloc 11058
thp_fault_fallback 18476
thp_collapse_alloc 27085
thp_collapse_alloc_failed 0
thp_split 17463
thp_zero_page_alloc 1
thp_zero_page_alloc_failed 0
thp_promote 0
thp_fault_alloc 11067
thp_fault_fallback 18476
thp_collapse_alloc 27085
thp_collapse_alloc_failed 0
thp_split 17463
thp_zero_page_alloc 1
thp_zero_page_alloc_failed 0
thp_promote 0
thp_fault_alloc 11077
thp_fault_fallback 18476
thp_collapse_alloc 27085
thp_collapse_alloc_failed 0
thp_split 17463
thp_zero_page_alloc 1
thp_zero_page_alloc_failed 0
thp_promote 0
thp_fault_alloc 11086
thp_fault_fallback 18476
thp_collapse_alloc 27085
thp_collapse_alloc_failed 0
thp_split 17463
thp_zero_page_alloc 1
thp_zero_page_alloc_failed 0
thp_promote 0
thp_fault_alloc 11095
thp_fault_fallback 18476
thp_collapse_alloc 27085
thp_collapse_alloc_failed 0
thp_split 17463
thp_zero_page_alloc 1
thp_zero_page_alloc_failed 0
thp_promote 0
thp_fault_alloc 11104
thp_fault_fallback 18476
thp_collapse_alloc 27085
thp_collapse_alloc_failed 0
thp_split 17463
thp_zero_page_alloc 1
thp_zero_page_alloc_failed 0
thp_promote 0
thp_fault_alloc 11114
thp_fault_fallback 18476
thp_collapse_alloc 27085
thp_collapse_alloc_failed 0
thp_split 17463
thp_zero_page_alloc 1
thp_zero_page_alloc_failed 0
thp_promote 0
thp_fault_alloc 11123
thp_fault_fallback 18476
thp_collapse_alloc 27085
thp_collapse_alloc_failed 0
thp_split 17463
thp_zero_page_alloc 1
thp_zero_page_alloc_failed 0
thp_promote 0
thp_fault_alloc 11133
thp_fault_fallback 18476
thp_collapse_alloc 27085
thp_collapse_alloc_failed 0
thp_split 17463
thp_zero_page_alloc 1
thp_zero_page_alloc_failed 0
thp_promote 0
thp_fault_alloc 11141
thp_fault_fallback 18476
thp_collapse_alloc 27085
thp_collapse_alloc_failed 0
thp_split 17463
thp_zero_page_alloc 1
thp_zero_page_alloc_failed 0
thp_promote 0
