11915360 0
11916216 0
11395184 0
11399888 0
11404652 0
11409768 0
11415188 0
11420868 0
11426868 0
11433096 0
11439496 0
11446084 0
11452816 0
11459676 0
11466668 0
11473708 0
11481056 0
11488292 0
11495380 0
11502572 0
11509716 0
11516844 0
11523868 0
11530840 0
11537788 0
11544944 0
11552068 0
11565888 0
11572848 0
11579792 0
11592180 0
11599148 0
11605836 0
11612300 0
11618832 0
11625200 0
11631556 0
11637840 0
11644076 0
11650276 0
11656452 0
11662580 0
11668628 0
11674636 0
11680700 0
11686704 0
11693056 0
11699012 0
11704776 0
11710572 0
11716384 0
11722120 0
11737176 0
11742660 0
11748244 0
11753696 0
11759052 0
11764324 0
11769740 0
11775020 0
11780224 0
11785332 0
11790496 0
11795600 0
11800732 0
11805784 0
11810772 0
11815832 0
11820780 0
11825620 0
11830528 0
11835312 0
11840128 0
11844876 0
11849608 0
11854272 0
11858896 0
11863504 0
11868188 0
11872728 0
11877312 0
11881760 0
11886176 0
11890600 0
11894996 0
11899332 0
11903644 0
11907912 0
11912232 0
11916432 0
11920336 0
11924556 0
11928704 0
11932812 0
11936920 0
11941080 0
11945104 0
11949116 0
11953060 0
11957060 0
11960964 0
11962460 0
11963888 0
11965420 0
11967112 0
11969092 0
11971148 0
11973652 0
11976176 0
11978944 0
11981924 0
11985004 0
11988144 0
11991520 0
11994996 0
11998464 0
12001960 0
12005168 0
12008696 0
12012452 0
12015956 0
12019452 0
12023036 0
12026652 0
12030080 0
12033428 0
12036676 0
12040104 0
12043608 0
12047084 0
12050296 0
12053668 0
12056952 0
12060368 0
12067400 0
12070552 0
12073772 0
12076964 0
12080268 0
12083500 0
12086072 0
12089032 0
12092052 0
12094844 0
12097908 0
12100952 0
12103908 0
12106740 0
12109364 0
12111936 0
12114848 0
12117740 0
12120308 0
12123064 0
12125900 0
12128760 0
12131712 0
12134516 0
12137340 0
12140228 0
12143196 0
12146008 0
12148772 0
12151480 0
12154108 0
12156720 0
12159312 0
12161864 0
12164468 0
12167020 0
12169696 0
12171800 0
12174208 0
12176668 0
12179140 0
12181528 0
12183956 0
12186308 0
12188336 0
12190624 0
12192988 0
12195316 0
12197620 0
12199944 0
12202252 0
12204540 0
12206788 0
12208716 0
12210848 0
12212776 0
12214880 0
12216976 0
12219144 0
12221304 0
12223464 0
12225616 0
12227736 0
12229880 0
12231960 0
12234116 0
12236176 0
12238228 0
12240252 0
12242320 0
12244100 0
12245976 0
12247856 0
12249888 0
12251840 0
12253508 0
12254276 0
12254920 0
12255664 0
12256504 0
12257436 0
12258464 0
12259616 0
12260924 0
12262356 0
12263868 0
12265428 0
12267088 0
12268816 0
12270548 0
12272180 0
12273600 0
12275160 0
12276704 0
12278324 0
12280100 0
12281904 0
12283688 0
12285432 0
12287240 0
12288992 0
12293884 0
12295616 0
12297400 0
12300440 0
12302116 0
12303796 0
12305240 0
12306876 0
12308484 0
12310100 0
12311736 0
12313320 0
12314756 0
12316316 0
12317900 0
12319448 0
12320980 0
12322512 0
12324060 0
12325596 0
12326976 0
12328480 0
12329944 0
12331408 0
12332892 0
12334344 0
12335784 0
12337236 0
12338668 0
12340096 0
12341488 0
12342716 0
12343932 0
12346124 0
12347508 0
12348892 0
12350264 0
12351624 0
12352904 0
12354196 0
12355408 0
12356672 0
12357912 0
12359168 0
12360412 0
12361628 0
12362828 0
12364028 0
12365220 0
12366392 0
12367456 0
12368572 0
12369732 0
12370928 0
12372112 0
12373292 0
12374408 0
12375564 0
12376676 0
12377780 0
12378892 0
12379984 0
12381064 0
12382144 0
12383204 0
12384288 0
12385364 0
12386408 0
12387452 0
12388520 0
12389540 0
12390556 0
12391572 0
12391800 0
12391800 0
12391800 0
12391800 0
12391800 0
12391800 0
12391800 0
12391800 0
12391800 0
12391800 0
12391800 0
12391800 0
12391800 0
12391800 0
12391800 0
12391800 0
12391800 0
12391800 0
12391800 0
12391800 0
12391800 0
12391800 0
12391800 0
12391800 0
12391800 0
12391800 0
12391800 0
12391800 0
12391800 0
12391800 0
12391800 0
12391800 0
12391800 0
12391800 0
12391800 0
12391800 0
12391800 0
12391800 0
12391800 0
12391800 0
12391800 0
12391800 0
12391800 0
12391800 0
12391800 0
12391800 0
12391800 0
12391800 0
12391800 0

