thp_fault_alloc 10074
thp_fault_fallback 0
thp_collapse_alloc 13
thp_collapse_alloc_failed 0
thp_split 2
thp_zero_page_alloc 1
thp_zero_page_alloc_failed 0
thp_promote 0
thp_fault_alloc 11653
thp_fault_fallback 0
thp_collapse_alloc 13
thp_collapse_alloc_failed 0
thp_split 2
thp_zero_page_alloc 1
thp_zero_page_alloc_failed 0
thp_promote 0
thp_fault_alloc 11660
thp_fault_fallback 0
thp_collapse_alloc 13
thp_collapse_alloc_failed 0
thp_split 2
thp_zero_page_alloc 1
thp_zero_page_alloc_failed 0
thp_promote 0
thp_fault_alloc 11667
thp_fault_fallback 0
thp_collapse_alloc 13
thp_collapse_alloc_failed 0
thp_split 2
thp_zero_page_alloc 1
thp_zero_page_alloc_failed 0
thp_promote 0
thp_fault_alloc 11674
thp_fault_fallback 0
thp_collapse_alloc 13
thp_collapse_alloc_failed 0
thp_split 2
thp_zero_page_alloc 1
thp_zero_page_alloc_failed 0
thp_promote 0
thp_fault_alloc 11681
thp_fault_fallback 0
thp_collapse_alloc 13
thp_collapse_alloc_failed 0
thp_split 2
thp_zero_page_alloc 1
thp_zero_page_alloc_failed 0
thp_promote 0
thp_fault_alloc 11687
thp_fault_fallback 0
thp_collapse_alloc 13
thp_collapse_alloc_failed 0
thp_split 2
thp_zero_page_alloc 1
thp_zero_page_alloc_failed 0
thp_promote 0
thp_fault_alloc 11695
thp_fault_fallback 0
thp_collapse_alloc 13
thp_collapse_alloc_failed 0
thp_split 2
thp_zero_page_alloc 1
thp_zero_page_alloc_failed 0
thp_promote 0
thp_fault_alloc 11702
thp_fault_fallback 0
thp_collapse_alloc 13
thp_collapse_alloc_failed 0
thp_split 2
thp_zero_page_alloc 1
thp_zero_page_alloc_failed 0
thp_promote 0
thp_fault_alloc 11708
thp_fault_fallback 0
thp_collapse_alloc 13
thp_collapse_alloc_failed 0
thp_split 2
thp_zero_page_alloc 1
thp_zero_page_alloc_failed 0
thp_promote 0
thp_fault_alloc 11715
thp_fault_fallback 0
thp_collapse_alloc 13
thp_collapse_alloc_failed 0
thp_split 2
thp_zero_page_alloc 1
thp_zero_page_alloc_failed 0
thp_promote 0
thp_fault_alloc 11722
thp_fault_fallback 0
thp_collapse_alloc 13
thp_collapse_alloc_failed 0
thp_split 2
thp_zero_page_alloc 1
thp_zero_page_alloc_failed 0
thp_promote 0
thp_fault_alloc 11728
thp_fault_fallback 0
thp_collapse_alloc 13
thp_collapse_alloc_failed 0
thp_split 2
thp_zero_page_alloc 1
thp_zero_page_alloc_failed 0
thp_promote 0
thp_fault_alloc 11735
thp_fault_fallback 0
thp_collapse_alloc 13
thp_collapse_alloc_failed 0
thp_split 2
thp_zero_page_alloc 1
thp_zero_page_alloc_failed 0
thp_promote 0
thp_fault_alloc 11741
thp_fault_fallback 0
thp_collapse_alloc 13
thp_collapse_alloc_failed 0
thp_split 2
thp_zero_page_alloc 1
thp_zero_page_alloc_failed 0
thp_promote 0
thp_fault_alloc 11748
thp_fault_fallback 0
thp_collapse_alloc 13
thp_collapse_alloc_failed 0
thp_split 2
thp_zero_page_alloc 1
thp_zero_page_alloc_failed 0
thp_promote 0
thp_fault_alloc 11755
thp_fault_fallback 0
thp_collapse_alloc 13
thp_collapse_alloc_failed 0
thp_split 2
thp_zero_page_alloc 1
thp_zero_page_alloc_failed 0
thp_promote 0
thp_fault_alloc 11761
thp_fault_fallback 0
thp_collapse_alloc 13
thp_collapse_alloc_failed 0
thp_split 2
thp_zero_page_alloc 1
thp_zero_page_alloc_failed 0
thp_promote 0
thp_fault_alloc 11768
thp_fault_fallback 0
thp_collapse_alloc 13
thp_collapse_alloc_failed 0
thp_split 2
thp_zero_page_alloc 1
thp_zero_page_alloc_failed 0
thp_promote 0
thp_fault_alloc 11774
thp_fault_fallback 0
thp_collapse_alloc 13
thp_collapse_alloc_failed 0
thp_split 2
thp_zero_page_alloc 1
thp_zero_page_alloc_failed 0
thp_promote 0
thp_fault_alloc 11781
thp_fault_fallback 0
thp_collapse_alloc 13
thp_collapse_alloc_failed 0
thp_split 2
thp_zero_page_alloc 1
thp_zero_page_alloc_failed 0
thp_promote 0
thp_fault_alloc 11787
thp_fault_fallback 0
thp_collapse_alloc 13
thp_collapse_alloc_failed 0
thp_split 2
thp_zero_page_alloc 1
thp_zero_page_alloc_failed 0
thp_promote 0
thp_fault_alloc 11793
thp_fault_fallback 0
thp_collapse_alloc 13
thp_collapse_alloc_failed 0
thp_split 2
thp_zero_page_alloc 1
thp_zero_page_alloc_failed 0
thp_promote 0
thp_fault_alloc 11800
thp_fault_fallback 0
thp_collapse_alloc 13
thp_collapse_alloc_failed 0
thp_split 2
thp_zero_page_alloc 1
thp_zero_page_alloc_failed 0
thp_promote 0
thp_fault_alloc 11807
thp_fault_fallback 0
thp_collapse_alloc 13
thp_collapse_alloc_failed 0
thp_split 2
thp_zero_page_alloc 1
thp_zero_page_alloc_failed 0
thp_promote 0
thp_fault_alloc 11813
thp_fault_fallback 0
thp_collapse_alloc 13
thp_collapse_alloc_failed 0
thp_split 2
thp_zero_page_alloc 1
thp_zero_page_alloc_failed 0
thp_promote 0
thp_fault_alloc 11820
thp_fault_fallback 0
thp_collapse_alloc 13
thp_collapse_alloc_failed 0
thp_split 2
thp_zero_page_alloc 1
thp_zero_page_alloc_failed 0
thp_promote 0
thp_fault_alloc 11826
thp_fault_fallback 0
thp_collapse_alloc 13
thp_collapse_alloc_failed 0
thp_split 2
thp_zero_page_alloc 1
thp_zero_page_alloc_failed 0
thp_promote 0
thp_fault_alloc 11832
thp_fault_fallback 0
thp_collapse_alloc 13
thp_collapse_alloc_failed 0
thp_split 2
thp_zero_page_alloc 1
thp_zero_page_alloc_failed 0
thp_promote 0
thp_fault_alloc 11838
thp_fault_fallback 0
thp_collapse_alloc 13
thp_collapse_alloc_failed 0
thp_split 2
thp_zero_page_alloc 1
thp_zero_page_alloc_failed 0
thp_promote 0
thp_fault_alloc 11844
thp_fault_fallback 0
thp_collapse_alloc 13
thp_collapse_alloc_failed 0
thp_split 2
thp_zero_page_alloc 1
thp_zero_page_alloc_failed 0
thp_promote 0
thp_fault_alloc 11850
thp_fault_fallback 0
thp_collapse_alloc 13
thp_collapse_alloc_failed 0
thp_split 2
thp_zero_page_alloc 1
thp_zero_page_alloc_failed 0
thp_promote 0
thp_fault_alloc 11856
thp_fault_fallback 0
thp_collapse_alloc 13
thp_collapse_alloc_failed 0
thp_split 2
thp_zero_page_alloc 1
thp_zero_page_alloc_failed 0
thp_promote 0
thp_fault_alloc 11863
thp_fault_fallback 0
thp_collapse_alloc 13
thp_collapse_alloc_failed 0
thp_split 2
thp_zero_page_alloc 1
thp_zero_page_alloc_failed 0
thp_promote 0
thp_fault_alloc 11870
thp_fault_fallback 0
thp_collapse_alloc 13
thp_collapse_alloc_failed 0
thp_split 2
thp_zero_page_alloc 1
thp_zero_page_alloc_failed 0
thp_promote 0
thp_fault_alloc 11876
thp_fault_fallback 0
thp_collapse_alloc 13
thp_collapse_alloc_failed 0
thp_split 2
thp_zero_page_alloc 1
thp_zero_page_alloc_failed 0
thp_promote 0
thp_fault_alloc 11882
thp_fault_fallback 0
thp_collapse_alloc 13
thp_collapse_alloc_failed 0
thp_split 2
thp_zero_page_alloc 1
thp_zero_page_alloc_failed 0
thp_promote 0
thp_fault_alloc 11888
thp_fault_fallback 0
thp_collapse_alloc 13
thp_collapse_alloc_failed 0
thp_split 2
thp_zero_page_alloc 1
thp_zero_page_alloc_failed 0
thp_promote 0
thp_fault_alloc 11894
thp_fault_fallback 0
thp_collapse_alloc 13
thp_collapse_alloc_failed 0
thp_split 2
thp_zero_page_alloc 1
thp_zero_page_alloc_failed 0
thp_promote 0
thp_fault_alloc 11900
thp_fault_fallback 0
thp_collapse_alloc 13
thp_collapse_alloc_failed 0
thp_split 2
thp_zero_page_alloc 1
thp_zero_page_alloc_failed 0
thp_promote 0
thp_fault_alloc 11905
thp_fault_fallback 0
thp_collapse_alloc 13
thp_collapse_alloc_failed 0
thp_split 2
thp_zero_page_alloc 1
thp_zero_page_alloc_failed 0
thp_promote 0
thp_fault_alloc 11911
thp_fault_fallback 0
thp_collapse_alloc 13
thp_collapse_alloc_failed 0
thp_split 2
thp_zero_page_alloc 1
thp_zero_page_alloc_failed 0
thp_promote 0
thp_fault_alloc 11917
thp_fault_fallback 0
thp_collapse_alloc 13
thp_collapse_alloc_failed 0
thp_split 2
thp_zero_page_alloc 1
thp_zero_page_alloc_failed 0
thp_promote 0
thp_fault_alloc 11923
thp_fault_fallback 0
thp_collapse_alloc 13
thp_collapse_alloc_failed 0
thp_split 2
thp_zero_page_alloc 1
thp_zero_page_alloc_failed 0
thp_promote 0
thp_fault_alloc 11940
thp_fault_fallback 0
thp_collapse_alloc 13
thp_collapse_alloc_failed 0
thp_split 2
thp_zero_page_alloc 1
thp_zero_page_alloc_failed 0
thp_promote 0
thp_fault_alloc 11946
thp_fault_fallback 0
thp_collapse_alloc 13
thp_collapse_alloc_failed 0
thp_split 2
thp_zero_page_alloc 1
thp_zero_page_alloc_failed 0
thp_promote 0
thp_fault_alloc 11952
thp_fault_fallback 0
thp_collapse_alloc 13
thp_collapse_alloc_failed 0
thp_split 2
thp_zero_page_alloc 1
thp_zero_page_alloc_failed 0
thp_promote 0
thp_fault_alloc 11957
thp_fault_fallback 0
thp_collapse_alloc 13
thp_collapse_alloc_failed 0
thp_split 2
thp_zero_page_alloc 1
thp_zero_page_alloc_failed 0
thp_promote 0
thp_fault_alloc 11963
thp_fault_fallback 0
thp_collapse_alloc 13
thp_collapse_alloc_failed 0
thp_split 2
thp_zero_page_alloc 1
thp_zero_page_alloc_failed 0
thp_promote 0
thp_fault_alloc 11969
thp_fault_fallback 0
thp_collapse_alloc 13
thp_collapse_alloc_failed 0
thp_split 2
thp_zero_page_alloc 1
thp_zero_page_alloc_failed 0
thp_promote 0
thp_fault_alloc 11974
thp_fault_fallback 0
thp_collapse_alloc 14
thp_collapse_alloc_failed 0
thp_split 2
thp_zero_page_alloc 1
thp_zero_page_alloc_failed 0
thp_promote 0
thp_fault_alloc 11984
thp_fault_fallback 0
thp_collapse_alloc 14
thp_collapse_alloc_failed 0
thp_split 2
thp_zero_page_alloc 1
thp_zero_page_alloc_failed 0
thp_promote 0
thp_fault_alloc 11995
thp_fault_fallback 0
thp_collapse_alloc 14
thp_collapse_alloc_failed 0
thp_split 2
thp_zero_page_alloc 1
thp_zero_page_alloc_failed 0
thp_promote 0
thp_fault_alloc 12006
thp_fault_fallback 0
thp_collapse_alloc 14
thp_collapse_alloc_failed 0
thp_split 2
thp_zero_page_alloc 1
thp_zero_page_alloc_failed 0
thp_promote 0
thp_fault_alloc 12016
thp_fault_fallback 0
thp_collapse_alloc 14
thp_collapse_alloc_failed 0
thp_split 2
thp_zero_page_alloc 1
thp_zero_page_alloc_failed 0
thp_promote 0
thp_fault_alloc 12025
thp_fault_fallback 0
thp_collapse_alloc 14
thp_collapse_alloc_failed 0
thp_split 2
thp_zero_page_alloc 1
thp_zero_page_alloc_failed 0
thp_promote 0
thp_fault_alloc 12039
thp_fault_fallback 0
thp_collapse_alloc 14
thp_collapse_alloc_failed 0
thp_split 2
thp_zero_page_alloc 1
thp_zero_page_alloc_failed 0
thp_promote 0
thp_fault_alloc 12049
thp_fault_fallback 0
thp_collapse_alloc 14
thp_collapse_alloc_failed 0
thp_split 2
thp_zero_page_alloc 1
thp_zero_page_alloc_failed 0
thp_promote 0
thp_fault_alloc 12058
thp_fault_fallback 0
thp_collapse_alloc 14
thp_collapse_alloc_failed 0
thp_split 2
thp_zero_page_alloc 1
thp_zero_page_alloc_failed 0
thp_promote 0
thp_fault_alloc 12068
thp_fault_fallback 0
thp_collapse_alloc 14
thp_collapse_alloc_failed 0
thp_split 2
thp_zero_page_alloc 1
thp_zero_page_alloc_failed 0
thp_promote 0
thp_fault_alloc 12075
thp_fault_fallback 0
thp_collapse_alloc 14
thp_collapse_alloc_failed 0
thp_split 2
thp_zero_page_alloc 1
thp_zero_page_alloc_failed 0
thp_promote 0
thp_fault_alloc 12085
thp_fault_fallback 0
thp_collapse_alloc 14
thp_collapse_alloc_failed 0
thp_split 2
thp_zero_page_alloc 1
thp_zero_page_alloc_failed 0
thp_promote 0
thp_fault_alloc 12094
thp_fault_fallback 0
thp_collapse_alloc 14
thp_collapse_alloc_failed 0
thp_split 2
thp_zero_page_alloc 1
thp_zero_page_alloc_failed 0
thp_promote 0
thp_fault_alloc 12103
thp_fault_fallback 0
thp_collapse_alloc 14
thp_collapse_alloc_failed 0
thp_split 2
thp_zero_page_alloc 1
thp_zero_page_alloc_failed 0
thp_promote 0
thp_fault_alloc 12113
thp_fault_fallback 0
thp_collapse_alloc 14
thp_collapse_alloc_failed 0
thp_split 2
thp_zero_page_alloc 1
thp_zero_page_alloc_failed 0
thp_promote 0
thp_fault_alloc 12122
thp_fault_fallback 0
thp_collapse_alloc 14
thp_collapse_alloc_failed 0
thp_split 2
thp_zero_page_alloc 1
thp_zero_page_alloc_failed 0
thp_promote 0
thp_fault_alloc 12132
thp_fault_fallback 0
thp_collapse_alloc 14
thp_collapse_alloc_failed 0
thp_split 2
thp_zero_page_alloc 1
thp_zero_page_alloc_failed 0
thp_promote 0
thp_fault_alloc 12141
thp_fault_fallback 0
thp_collapse_alloc 14
thp_collapse_alloc_failed 0
thp_split 2
thp_zero_page_alloc 1
thp_zero_page_alloc_failed 0
thp_promote 0
thp_fault_alloc 12150
thp_fault_fallback 0
thp_collapse_alloc 14
thp_collapse_alloc_failed 0
thp_split 2
thp_zero_page_alloc 1
thp_zero_page_alloc_failed 0
thp_promote 0
thp_fault_alloc 12160
thp_fault_fallback 0
thp_collapse_alloc 14
thp_collapse_alloc_failed 0
thp_split 2
thp_zero_page_alloc 1
thp_zero_page_alloc_failed 0
thp_promote 0
thp_fault_alloc 12169
thp_fault_fallback 0
thp_collapse_alloc 14
thp_collapse_alloc_failed 0
thp_split 2
thp_zero_page_alloc 1
thp_zero_page_alloc_failed 0
thp_promote 0
thp_fault_alloc 12178
thp_fault_fallback 0
thp_collapse_alloc 14
thp_collapse_alloc_failed 0
thp_split 2
thp_zero_page_alloc 1
thp_zero_page_alloc_failed 0
thp_promote 0
thp_fault_alloc 12188
thp_fault_fallback 0
thp_collapse_alloc 14
thp_collapse_alloc_failed 0
thp_split 2
thp_zero_page_alloc 1
thp_zero_page_alloc_failed 0
thp_promote 0
thp_fault_alloc 12197
thp_fault_fallback 0
thp_collapse_alloc 14
thp_collapse_alloc_failed 0
thp_split 2
thp_zero_page_alloc 1
thp_zero_page_alloc_failed 0
thp_promote 0
thp_fault_alloc 12206
thp_fault_fallback 0
thp_collapse_alloc 14
thp_collapse_alloc_failed 0
thp_split 2
thp_zero_page_alloc 1
thp_zero_page_alloc_failed 0
thp_promote 0
thp_fault_alloc 12215
thp_fault_fallback 0
thp_collapse_alloc 14
thp_collapse_alloc_failed 0
thp_split 2
thp_zero_page_alloc 1
thp_zero_page_alloc_failed 0
thp_promote 0
thp_fault_alloc 12225
thp_fault_fallback 0
thp_collapse_alloc 14
thp_collapse_alloc_failed 0
thp_split 2
thp_zero_page_alloc 1
thp_zero_page_alloc_failed 0
thp_promote 0
thp_fault_alloc 12234
thp_fault_fallback 0
thp_collapse_alloc 14
thp_collapse_alloc_failed 0
thp_split 2
thp_zero_page_alloc 1
thp_zero_page_alloc_failed 0
thp_promote 0
thp_fault_alloc 12243
thp_fault_fallback 0
thp_collapse_alloc 14
thp_collapse_alloc_failed 0
thp_split 3
thp_zero_page_alloc 1
thp_zero_page_alloc_failed 0
thp_promote 0
thp_fault_alloc 12252
thp_fault_fallback 0
thp_collapse_alloc 14
thp_collapse_alloc_failed 0
thp_split 3
thp_zero_page_alloc 1
thp_zero_page_alloc_failed 0
thp_promote 0
thp_fault_alloc 12257
thp_fault_fallback 0
thp_collapse_alloc 15
thp_collapse_alloc_failed 0
thp_split 4
thp_zero_page_alloc 1
thp_zero_page_alloc_failed 0
thp_promote 0
thp_fault_alloc 12266
thp_fault_fallback 0
thp_collapse_alloc 15
thp_collapse_alloc_failed 0
thp_split 4
thp_zero_page_alloc 1
thp_zero_page_alloc_failed 0
thp_promote 0
thp_fault_alloc 12271
thp_fault_fallback 0
thp_collapse_alloc 15
thp_collapse_alloc_failed 0
thp_split 4
thp_zero_page_alloc 1
thp_zero_page_alloc_failed 0
thp_promote 0
thp_fault_alloc 12280
thp_fault_fallback 0
thp_collapse_alloc 15
thp_collapse_alloc_failed 0
thp_split 4
thp_zero_page_alloc 1
thp_zero_page_alloc_failed 0
thp_promote 0
thp_fault_alloc 12286
thp_fault_fallback 0
thp_collapse_alloc 15
thp_collapse_alloc_failed 0
thp_split 4
thp_zero_page_alloc 1
thp_zero_page_alloc_failed 0
thp_promote 0
thp_fault_alloc 12295
thp_fault_fallback 0
thp_collapse_alloc 15
thp_collapse_alloc_failed 0
thp_split 4
thp_zero_page_alloc 1
thp_zero_page_alloc_failed 0
thp_promote 0
thp_fault_alloc 12300
thp_fault_fallback 0
thp_collapse_alloc 15
thp_collapse_alloc_failed 0
thp_split 4
thp_zero_page_alloc 1
thp_zero_page_alloc_failed 0
thp_promote 0
thp_fault_alloc 12309
thp_fault_fallback 0
thp_collapse_alloc 15
thp_collapse_alloc_failed 0
thp_split 4
thp_zero_page_alloc 1
thp_zero_page_alloc_failed 0
thp_promote 0
thp_fault_alloc 12314
thp_fault_fallback 0
thp_collapse_alloc 15
thp_collapse_alloc_failed 0
thp_split 4
thp_zero_page_alloc 1
thp_zero_page_alloc_failed 0
thp_promote 0
thp_fault_alloc 12323
thp_fault_fallback 0
thp_collapse_alloc 17
thp_collapse_alloc_failed 0
thp_split 4
thp_zero_page_alloc 1
thp_zero_page_alloc_failed 0
thp_promote 0
thp_fault_alloc 12328
thp_fault_fallback 0
thp_collapse_alloc 17
thp_collapse_alloc_failed 0
thp_split 4
thp_zero_page_alloc 1
thp_zero_page_alloc_failed 0
thp_promote 0
thp_fault_alloc 12339
thp_fault_fallback 0
thp_collapse_alloc 17
thp_collapse_alloc_failed 0
thp_split 4
thp_zero_page_alloc 1
thp_zero_page_alloc_failed 0
thp_promote 0
thp_fault_alloc 12344
thp_fault_fallback 0
thp_collapse_alloc 17
thp_collapse_alloc_failed 0
thp_split 4
thp_zero_page_alloc 1
thp_zero_page_alloc_failed 0
thp_promote 0
thp_fault_alloc 12356
thp_fault_fallback 0
thp_collapse_alloc 17
thp_collapse_alloc_failed 0
thp_split 4
thp_zero_page_alloc 1
thp_zero_page_alloc_failed 0
thp_promote 0
thp_fault_alloc 12361
thp_fault_fallback 0
thp_collapse_alloc 17
thp_collapse_alloc_failed 0
thp_split 4
thp_zero_page_alloc 1
thp_zero_page_alloc_failed 0
thp_promote 0
thp_fault_alloc 12373
thp_fault_fallback 0
thp_collapse_alloc 17
thp_collapse_alloc_failed 0
thp_split 4
thp_zero_page_alloc 1
thp_zero_page_alloc_failed 0
thp_promote 0
thp_fault_alloc 12378
thp_fault_fallback 0
thp_collapse_alloc 17
thp_collapse_alloc_failed 0
thp_split 4
thp_zero_page_alloc 1
thp_zero_page_alloc_failed 0
thp_promote 0
thp_fault_alloc 12390
thp_fault_fallback 0
thp_collapse_alloc 17
thp_collapse_alloc_failed 0
thp_split 4
thp_zero_page_alloc 1
thp_zero_page_alloc_failed 0
thp_promote 0
thp_fault_alloc 12402
thp_fault_fallback 0
thp_collapse_alloc 17
thp_collapse_alloc_failed 0
thp_split 4
thp_zero_page_alloc 1
thp_zero_page_alloc_failed 0
thp_promote 0
thp_fault_alloc 12414
thp_fault_fallback 0
thp_collapse_alloc 18
thp_collapse_alloc_failed 0
thp_split 5
thp_zero_page_alloc 1
thp_zero_page_alloc_failed 0
thp_promote 0
thp_fault_alloc 12424
thp_fault_fallback 0
thp_collapse_alloc 18
thp_collapse_alloc_failed 0
thp_split 5
thp_zero_page_alloc 1
thp_zero_page_alloc_failed 0
thp_promote 0
thp_fault_alloc 12437
thp_fault_fallback 0
thp_collapse_alloc 18
thp_collapse_alloc_failed 0
thp_split 5
thp_zero_page_alloc 1
thp_zero_page_alloc_failed 0
thp_promote 0
thp_fault_alloc 12451
thp_fault_fallback 0
thp_collapse_alloc 18
thp_collapse_alloc_failed 0
thp_split 5
thp_zero_page_alloc 1
thp_zero_page_alloc_failed 0
thp_promote 0
thp_fault_alloc 12463
thp_fault_fallback 0
thp_collapse_alloc 18
thp_collapse_alloc_failed 0
thp_split 5
thp_zero_page_alloc 1
thp_zero_page_alloc_failed 0
thp_promote 0
thp_fault_alloc 12475
thp_fault_fallback 0
thp_collapse_alloc 18
thp_collapse_alloc_failed 0
thp_split 5
thp_zero_page_alloc 1
thp_zero_page_alloc_failed 0
thp_promote 0
thp_fault_alloc 12486
thp_fault_fallback 0
thp_collapse_alloc 18
thp_collapse_alloc_failed 0
thp_split 5
thp_zero_page_alloc 1
thp_zero_page_alloc_failed 0
thp_promote 0
thp_fault_alloc 12497
thp_fault_fallback 0
thp_collapse_alloc 18
thp_collapse_alloc_failed 0
thp_split 5
thp_zero_page_alloc 1
thp_zero_page_alloc_failed 0
thp_promote 0
thp_fault_alloc 12509
thp_fault_fallback 0
thp_collapse_alloc 18
thp_collapse_alloc_failed 0
thp_split 5
thp_zero_page_alloc 1
thp_zero_page_alloc_failed 0
thp_promote 0
thp_fault_alloc 12520
thp_fault_fallback 0
thp_collapse_alloc 18
thp_collapse_alloc_failed 0
thp_split 5
thp_zero_page_alloc 1
thp_zero_page_alloc_failed 0
thp_promote 0
thp_fault_alloc 12533
thp_fault_fallback 0
thp_collapse_alloc 18
thp_collapse_alloc_failed 0
thp_split 5
thp_zero_page_alloc 1
thp_zero_page_alloc_failed 0
thp_promote 0
thp_fault_alloc 12545
thp_fault_fallback 0
thp_collapse_alloc 18
thp_collapse_alloc_failed 0
thp_split 5
thp_zero_page_alloc 1
thp_zero_page_alloc_failed 0
thp_promote 0
thp_fault_alloc 12556
thp_fault_fallback 0
thp_collapse_alloc 18
thp_collapse_alloc_failed 0
thp_split 5
thp_zero_page_alloc 1
thp_zero_page_alloc_failed 0
thp_promote 0
thp_fault_alloc 12568
thp_fault_fallback 0
thp_collapse_alloc 18
thp_collapse_alloc_failed 0
thp_split 5
thp_zero_page_alloc 1
thp_zero_page_alloc_failed 0
thp_promote 0
thp_fault_alloc 12579
thp_fault_fallback 0
thp_collapse_alloc 18
thp_collapse_alloc_failed 0
thp_split 5
thp_zero_page_alloc 1
thp_zero_page_alloc_failed 0
thp_promote 0
thp_fault_alloc 12591
thp_fault_fallback 0
thp_collapse_alloc 18
thp_collapse_alloc_failed 0
thp_split 5
thp_zero_page_alloc 1
thp_zero_page_alloc_failed 0
thp_promote 0
thp_fault_alloc 12604
thp_fault_fallback 0
thp_collapse_alloc 18
thp_collapse_alloc_failed 0
thp_split 5
thp_zero_page_alloc 1
thp_zero_page_alloc_failed 0
thp_promote 0
thp_fault_alloc 12614
thp_fault_fallback 0
thp_collapse_alloc 18
thp_collapse_alloc_failed 0
thp_split 5
thp_zero_page_alloc 1
thp_zero_page_alloc_failed 0
thp_promote 0
thp_fault_alloc 12626
thp_fault_fallback 0
thp_collapse_alloc 18
thp_collapse_alloc_failed 0
thp_split 5
thp_zero_page_alloc 1
thp_zero_page_alloc_failed 0
thp_promote 0
thp_fault_alloc 13936
thp_fault_fallback 0
thp_collapse_alloc 18
thp_collapse_alloc_failed 0
thp_split 5
thp_zero_page_alloc 1
thp_zero_page_alloc_failed 0
thp_promote 0
thp_fault_alloc 16193
thp_fault_fallback 0
thp_collapse_alloc 18
thp_collapse_alloc_failed 0
thp_split 5
thp_zero_page_alloc 1
thp_zero_page_alloc_failed 0
thp_promote 0
thp_fault_alloc 18409
thp_fault_fallback 0
thp_collapse_alloc 18
thp_collapse_alloc_failed 0
thp_split 5
thp_zero_page_alloc 1
thp_zero_page_alloc_failed 0
thp_promote 0
thp_fault_alloc 18536
thp_fault_fallback 0
thp_collapse_alloc 18
thp_collapse_alloc_failed 0
thp_split 5
thp_zero_page_alloc 1
thp_zero_page_alloc_failed 0
thp_promote 0
thp_fault_alloc 18546
thp_fault_fallback 0
thp_collapse_alloc 18
thp_collapse_alloc_failed 0
thp_split 5
thp_zero_page_alloc 1
thp_zero_page_alloc_failed 0
thp_promote 0
thp_fault_alloc 18557
thp_fault_fallback 0
thp_collapse_alloc 18
thp_collapse_alloc_failed 0
thp_split 5
thp_zero_page_alloc 1
thp_zero_page_alloc_failed 0
thp_promote 0
thp_fault_alloc 18568
thp_fault_fallback 0
thp_collapse_alloc 18
thp_collapse_alloc_failed 0
thp_split 5
thp_zero_page_alloc 1
thp_zero_page_alloc_failed 0
thp_promote 0
thp_fault_alloc 18579
thp_fault_fallback 0
thp_collapse_alloc 18
thp_collapse_alloc_failed 0
thp_split 5
thp_zero_page_alloc 1
thp_zero_page_alloc_failed 0
thp_promote 0
thp_fault_alloc 18592
thp_fault_fallback 0
thp_collapse_alloc 18
thp_collapse_alloc_failed 0
thp_split 5
thp_zero_page_alloc 1
thp_zero_page_alloc_failed 0
thp_promote 0
thp_fault_alloc 18603
thp_fault_fallback 0
thp_collapse_alloc 18
thp_collapse_alloc_failed 0
thp_split 5
thp_zero_page_alloc 1
thp_zero_page_alloc_failed 0
thp_promote 0
thp_fault_alloc 18614
thp_fault_fallback 0
thp_collapse_alloc 18
thp_collapse_alloc_failed 0
thp_split 5
thp_zero_page_alloc 1
thp_zero_page_alloc_failed 0
thp_promote 0
thp_fault_alloc 18625
thp_fault_fallback 0
thp_collapse_alloc 19
thp_collapse_alloc_failed 0
thp_split 5
thp_zero_page_alloc 1
thp_zero_page_alloc_failed 0
thp_promote 0
thp_fault_alloc 18638
thp_fault_fallback 0
thp_collapse_alloc 19
thp_collapse_alloc_failed 0
thp_split 5
thp_zero_page_alloc 1
thp_zero_page_alloc_failed 0
thp_promote 0
thp_fault_alloc 18655
thp_fault_fallback 0
thp_collapse_alloc 19
thp_collapse_alloc_failed 0
thp_split 5
thp_zero_page_alloc 1
thp_zero_page_alloc_failed 0
thp_promote 0
thp_fault_alloc 18668
thp_fault_fallback 0
thp_collapse_alloc 19
thp_collapse_alloc_failed 0
thp_split 5
thp_zero_page_alloc 1
thp_zero_page_alloc_failed 0
thp_promote 0
thp_fault_alloc 18683
thp_fault_fallback 0
thp_collapse_alloc 19
thp_collapse_alloc_failed 0
thp_split 5
thp_zero_page_alloc 1
thp_zero_page_alloc_failed 0
thp_promote 0
thp_fault_alloc 18699
thp_fault_fallback 0
thp_collapse_alloc 19
thp_collapse_alloc_failed 0
thp_split 5
thp_zero_page_alloc 1
thp_zero_page_alloc_failed 0
thp_promote 0
thp_fault_alloc 18712
thp_fault_fallback 0
thp_collapse_alloc 19
thp_collapse_alloc_failed 0
thp_split 5
thp_zero_page_alloc 1
thp_zero_page_alloc_failed 0
thp_promote 0
thp_fault_alloc 18726
thp_fault_fallback 0
thp_collapse_alloc 19
thp_collapse_alloc_failed 0
thp_split 5
thp_zero_page_alloc 1
thp_zero_page_alloc_failed 0
thp_promote 0
thp_fault_alloc 18739
thp_fault_fallback 0
thp_collapse_alloc 19
thp_collapse_alloc_failed 0
thp_split 5
thp_zero_page_alloc 1
thp_zero_page_alloc_failed 0
thp_promote 0
thp_fault_alloc 18752
thp_fault_fallback 0
thp_collapse_alloc 19
thp_collapse_alloc_failed 0
thp_split 5
thp_zero_page_alloc 1
thp_zero_page_alloc_failed 0
thp_promote 0
thp_fault_alloc 18765
thp_fault_fallback 0
thp_collapse_alloc 19
thp_collapse_alloc_failed 0
thp_split 5
thp_zero_page_alloc 1
thp_zero_page_alloc_failed 0
thp_promote 0
thp_fault_alloc 18781
thp_fault_fallback 0
thp_collapse_alloc 19
thp_collapse_alloc_failed 0
thp_split 5
thp_zero_page_alloc 1
thp_zero_page_alloc_failed 0
thp_promote 0
thp_fault_alloc 18793
thp_fault_fallback 0
thp_collapse_alloc 19
thp_collapse_alloc_failed 0
thp_split 5
thp_zero_page_alloc 1
thp_zero_page_alloc_failed 0
thp_promote 0
thp_fault_alloc 18808
thp_fault_fallback 0
thp_collapse_alloc 19
thp_collapse_alloc_failed 0
thp_split 5
thp_zero_page_alloc 1
thp_zero_page_alloc_failed 0
thp_promote 0
thp_fault_alloc 18821
thp_fault_fallback 0
thp_collapse_alloc 19
thp_collapse_alloc_failed 0
thp_split 5
thp_zero_page_alloc 1
thp_zero_page_alloc_failed 0
thp_promote 0
thp_fault_alloc 18836
thp_fault_fallback 0
thp_collapse_alloc 19
thp_collapse_alloc_failed 0
thp_split 5
thp_zero_page_alloc 1
thp_zero_page_alloc_failed 0
thp_promote 0
thp_fault_alloc 18848
thp_fault_fallback 0
thp_collapse_alloc 19
thp_collapse_alloc_failed 0
thp_split 5
thp_zero_page_alloc 1
thp_zero_page_alloc_failed 0
thp_promote 0
thp_fault_alloc 18861
thp_fault_fallback 0
thp_collapse_alloc 19
thp_collapse_alloc_failed 0
thp_split 5
thp_zero_page_alloc 1
thp_zero_page_alloc_failed 0
thp_promote 0
thp_fault_alloc 18875
thp_fault_fallback 0
thp_collapse_alloc 19
thp_collapse_alloc_failed 0
thp_split 5
thp_zero_page_alloc 1
thp_zero_page_alloc_failed 0
thp_promote 0
thp_fault_alloc 18888
thp_fault_fallback 0
thp_collapse_alloc 19
thp_collapse_alloc_failed 0
thp_split 5
thp_zero_page_alloc 1
thp_zero_page_alloc_failed 0
thp_promote 0
thp_fault_alloc 18903
thp_fault_fallback 0
thp_collapse_alloc 19
thp_collapse_alloc_failed 0
thp_split 5
thp_zero_page_alloc 1
thp_zero_page_alloc_failed 0
thp_promote 0
thp_fault_alloc 18917
thp_fault_fallback 0
thp_collapse_alloc 19
thp_collapse_alloc_failed 0
thp_split 5
thp_zero_page_alloc 1
thp_zero_page_alloc_failed 0
thp_promote 0
thp_fault_alloc 18930
thp_fault_fallback 0
thp_collapse_alloc 19
thp_collapse_alloc_failed 0
thp_split 5
thp_zero_page_alloc 1
thp_zero_page_alloc_failed 0
thp_promote 0
thp_fault_alloc 18943
thp_fault_fallback 0
thp_collapse_alloc 19
thp_collapse_alloc_failed 0
thp_split 5
thp_zero_page_alloc 1
thp_zero_page_alloc_failed 0
thp_promote 0
thp_fault_alloc 18965
thp_fault_fallback 0
thp_collapse_alloc 19
thp_collapse_alloc_failed 0
thp_split 5
thp_zero_page_alloc 1
thp_zero_page_alloc_failed 0
thp_promote 0
thp_fault_alloc 18979
thp_fault_fallback 0
thp_collapse_alloc 19
thp_collapse_alloc_failed 0
thp_split 5
thp_zero_page_alloc 1
thp_zero_page_alloc_failed 0
thp_promote 0
thp_fault_alloc 18993
thp_fault_fallback 0
thp_collapse_alloc 19
thp_collapse_alloc_failed 0
thp_split 5
thp_zero_page_alloc 1
thp_zero_page_alloc_failed 0
thp_promote 0
thp_fault_alloc 19007
thp_fault_fallback 0
thp_collapse_alloc 19
thp_collapse_alloc_failed 0
thp_split 5
thp_zero_page_alloc 1
thp_zero_page_alloc_failed 0
thp_promote 0
thp_fault_alloc 19023
thp_fault_fallback 0
thp_collapse_alloc 19
thp_collapse_alloc_failed 0
thp_split 5
thp_zero_page_alloc 1
thp_zero_page_alloc_failed 0
thp_promote 0
thp_fault_alloc 19054
thp_fault_fallback 0
thp_collapse_alloc 19
thp_collapse_alloc_failed 0
thp_split 5
thp_zero_page_alloc 1
thp_zero_page_alloc_failed 0
thp_promote 0
thp_fault_alloc 19068
thp_fault_fallback 0
thp_collapse_alloc 19
thp_collapse_alloc_failed 0
thp_split 5
thp_zero_page_alloc 1
thp_zero_page_alloc_failed 0
thp_promote 0
thp_fault_alloc 19082
thp_fault_fallback 0
thp_collapse_alloc 19
thp_collapse_alloc_failed 0
thp_split 5
thp_zero_page_alloc 1
thp_zero_page_alloc_failed 0
thp_promote 0
thp_fault_alloc 19097
thp_fault_fallback 0
thp_collapse_alloc 19
thp_collapse_alloc_failed 0
thp_split 5
thp_zero_page_alloc 1
thp_zero_page_alloc_failed 0
thp_promote 0
thp_fault_alloc 19110
thp_fault_fallback 0
thp_collapse_alloc 19
thp_collapse_alloc_failed 0
thp_split 5
thp_zero_page_alloc 1
thp_zero_page_alloc_failed 0
thp_promote 0
thp_fault_alloc 19123
thp_fault_fallback 0
thp_collapse_alloc 19
thp_collapse_alloc_failed 0
thp_split 5
thp_zero_page_alloc 1
thp_zero_page_alloc_failed 0
thp_promote 0
thp_fault_alloc 19136
thp_fault_fallback 0
thp_collapse_alloc 19
thp_collapse_alloc_failed 0
thp_split 5
thp_zero_page_alloc 1
thp_zero_page_alloc_failed 0
thp_promote 0
thp_fault_alloc 19150
thp_fault_fallback 0
thp_collapse_alloc 19
thp_collapse_alloc_failed 0
thp_split 5
thp_zero_page_alloc 1
thp_zero_page_alloc_failed 0
thp_promote 0
thp_fault_alloc 19164
thp_fault_fallback 0
thp_collapse_alloc 19
thp_collapse_alloc_failed 0
thp_split 5
thp_zero_page_alloc 1
thp_zero_page_alloc_failed 0
thp_promote 0
thp_fault_alloc 19178
thp_fault_fallback 0
thp_collapse_alloc 19
thp_collapse_alloc_failed 0
thp_split 5
thp_zero_page_alloc 1
thp_zero_page_alloc_failed 0
thp_promote 0
thp_fault_alloc 19192
thp_fault_fallback 0
thp_collapse_alloc 19
thp_collapse_alloc_failed 0
thp_split 5
thp_zero_page_alloc 1
thp_zero_page_alloc_failed 0
thp_promote 0
thp_fault_alloc 19205
thp_fault_fallback 0
thp_collapse_alloc 19
thp_collapse_alloc_failed 0
thp_split 5
thp_zero_page_alloc 1
thp_zero_page_alloc_failed 0
thp_promote 0
thp_fault_alloc 19219
thp_fault_fallback 0
thp_collapse_alloc 19
thp_collapse_alloc_failed 0
thp_split 5
thp_zero_page_alloc 1
thp_zero_page_alloc_failed 0
thp_promote 0
thp_fault_alloc 19232
thp_fault_fallback 0
thp_collapse_alloc 19
thp_collapse_alloc_failed 0
thp_split 5
thp_zero_page_alloc 1
thp_zero_page_alloc_failed 0
thp_promote 0
thp_fault_alloc 19246
thp_fault_fallback 0
thp_collapse_alloc 19
thp_collapse_alloc_failed 0
thp_split 5
thp_zero_page_alloc 1
thp_zero_page_alloc_failed 0
thp_promote 0
thp_fault_alloc 19261
thp_fault_fallback 0
thp_collapse_alloc 19
thp_collapse_alloc_failed 0
thp_split 5
thp_zero_page_alloc 1
thp_zero_page_alloc_failed 0
thp_promote 0
thp_fault_alloc 19274
thp_fault_fallback 0
thp_collapse_alloc 19
thp_collapse_alloc_failed 0
thp_split 5
thp_zero_page_alloc 1
thp_zero_page_alloc_failed 0
thp_promote 0
thp_fault_alloc 19287
thp_fault_fallback 0
thp_collapse_alloc 19
thp_collapse_alloc_failed 0
thp_split 5
thp_zero_page_alloc 1
thp_zero_page_alloc_failed 0
thp_promote 0
thp_fault_alloc 19300
thp_fault_fallback 0
thp_collapse_alloc 19
thp_collapse_alloc_failed 0
thp_split 5
thp_zero_page_alloc 1
thp_zero_page_alloc_failed 0
thp_promote 0
thp_fault_alloc 19315
thp_fault_fallback 0
thp_collapse_alloc 19
thp_collapse_alloc_failed 0
thp_split 5
thp_zero_page_alloc 1
thp_zero_page_alloc_failed 0
thp_promote 0
thp_fault_alloc 19329
thp_fault_fallback 0
thp_collapse_alloc 19
thp_collapse_alloc_failed 0
thp_split 5
thp_zero_page_alloc 1
thp_zero_page_alloc_failed 0
thp_promote 0
thp_fault_alloc 19343
thp_fault_fallback 0
thp_collapse_alloc 19
thp_collapse_alloc_failed 0
thp_split 5
thp_zero_page_alloc 1
thp_zero_page_alloc_failed 0
thp_promote 0
thp_fault_alloc 19359
thp_fault_fallback 0
thp_collapse_alloc 19
thp_collapse_alloc_failed 0
thp_split 5
thp_zero_page_alloc 1
thp_zero_page_alloc_failed 0
thp_promote 0
thp_fault_alloc 19374
thp_fault_fallback 0
thp_collapse_alloc 19
thp_collapse_alloc_failed 0
thp_split 5
thp_zero_page_alloc 1
thp_zero_page_alloc_failed 0
thp_promote 0
thp_fault_alloc 19388
thp_fault_fallback 0
thp_collapse_alloc 19
thp_collapse_alloc_failed 0
thp_split 5
thp_zero_page_alloc 1
thp_zero_page_alloc_failed 0
thp_promote 0
thp_fault_alloc 19403
thp_fault_fallback 0
thp_collapse_alloc 19
thp_collapse_alloc_failed 0
thp_split 5
thp_zero_page_alloc 1
thp_zero_page_alloc_failed 0
thp_promote 0
thp_fault_alloc 19417
thp_fault_fallback 0
thp_collapse_alloc 19
thp_collapse_alloc_failed 0
thp_split 5
thp_zero_page_alloc 1
thp_zero_page_alloc_failed 0
thp_promote 0
thp_fault_alloc 19430
thp_fault_fallback 0
thp_collapse_alloc 19
thp_collapse_alloc_failed 0
thp_split 5
thp_zero_page_alloc 1
thp_zero_page_alloc_failed 0
thp_promote 0
thp_fault_alloc 19457
thp_fault_fallback 0
thp_collapse_alloc 19
thp_collapse_alloc_failed 0
thp_split 5
thp_zero_page_alloc 1
thp_zero_page_alloc_failed 0
thp_promote 0
thp_fault_alloc 19471
thp_fault_fallback 0
thp_collapse_alloc 19
thp_collapse_alloc_failed 0
thp_split 5
thp_zero_page_alloc 1
thp_zero_page_alloc_failed 0
thp_promote 0
thp_fault_alloc 19486
thp_fault_fallback 0
thp_collapse_alloc 19
thp_collapse_alloc_failed 0
thp_split 5
thp_zero_page_alloc 1
thp_zero_page_alloc_failed 0
thp_promote 0
thp_fault_alloc 19500
thp_fault_fallback 0
thp_collapse_alloc 19
thp_collapse_alloc_failed 0
thp_split 5
thp_zero_page_alloc 1
thp_zero_page_alloc_failed 0
thp_promote 0
thp_fault_alloc 19512
thp_fault_fallback 0
thp_collapse_alloc 19
thp_collapse_alloc_failed 0
thp_split 5
thp_zero_page_alloc 1
thp_zero_page_alloc_failed 0
thp_promote 0
thp_fault_alloc 19527
thp_fault_fallback 0
thp_collapse_alloc 19
thp_collapse_alloc_failed 0
thp_split 5
thp_zero_page_alloc 1
thp_zero_page_alloc_failed 0
thp_promote 0
thp_fault_alloc 19540
thp_fault_fallback 0
thp_collapse_alloc 19
thp_collapse_alloc_failed 0
thp_split 5
thp_zero_page_alloc 1
thp_zero_page_alloc_failed 0
thp_promote 0
thp_fault_alloc 19554
thp_fault_fallback 0
thp_collapse_alloc 19
thp_collapse_alloc_failed 0
thp_split 5
thp_zero_page_alloc 1
thp_zero_page_alloc_failed 0
thp_promote 0
thp_fault_alloc 19568
thp_fault_fallback 0
thp_collapse_alloc 19
thp_collapse_alloc_failed 0
thp_split 5
thp_zero_page_alloc 1
thp_zero_page_alloc_failed 0
thp_promote 0
thp_fault_alloc 19582
thp_fault_fallback 0
thp_collapse_alloc 19
thp_collapse_alloc_failed 0
thp_split 5
thp_zero_page_alloc 1
thp_zero_page_alloc_failed 0
thp_promote 0
thp_fault_alloc 19597
thp_fault_fallback 0
thp_collapse_alloc 19
thp_collapse_alloc_failed 0
thp_split 5
thp_zero_page_alloc 1
thp_zero_page_alloc_failed 0
thp_promote 0
thp_fault_alloc 19613
thp_fault_fallback 0
thp_collapse_alloc 19
thp_collapse_alloc_failed 0
thp_split 5
thp_zero_page_alloc 1
thp_zero_page_alloc_failed 0
thp_promote 0
thp_fault_alloc 19625
thp_fault_fallback 0
thp_collapse_alloc 19
thp_collapse_alloc_failed 0
thp_split 5
thp_zero_page_alloc 1
thp_zero_page_alloc_failed 0
thp_promote 0
thp_fault_alloc 19638
thp_fault_fallback 0
thp_collapse_alloc 19
thp_collapse_alloc_failed 0
thp_split 5
thp_zero_page_alloc 1
thp_zero_page_alloc_failed 0
thp_promote 0
thp_fault_alloc 19651
thp_fault_fallback 0
thp_collapse_alloc 19
thp_collapse_alloc_failed 0
thp_split 5
thp_zero_page_alloc 1
thp_zero_page_alloc_failed 0
thp_promote 0
thp_fault_alloc 19665
thp_fault_fallback 0
thp_collapse_alloc 19
thp_collapse_alloc_failed 0
thp_split 5
thp_zero_page_alloc 1
thp_zero_page_alloc_failed 0
thp_promote 0
thp_fault_alloc 19678
thp_fault_fallback 0
thp_collapse_alloc 19
thp_collapse_alloc_failed 0
thp_split 5
thp_zero_page_alloc 1
thp_zero_page_alloc_failed 0
thp_promote 0
thp_fault_alloc 19691
thp_fault_fallback 0
thp_collapse_alloc 19
thp_collapse_alloc_failed 0
thp_split 5
thp_zero_page_alloc 1
thp_zero_page_alloc_failed 0
thp_promote 0
thp_fault_alloc 19704
thp_fault_fallback 0
thp_collapse_alloc 19
thp_collapse_alloc_failed 0
thp_split 5
thp_zero_page_alloc 1
thp_zero_page_alloc_failed 0
thp_promote 0
thp_fault_alloc 19718
thp_fault_fallback 0
thp_collapse_alloc 19
thp_collapse_alloc_failed 0
thp_split 5
thp_zero_page_alloc 1
thp_zero_page_alloc_failed 0
thp_promote 0
thp_fault_alloc 19733
thp_fault_fallback 0
thp_collapse_alloc 19
thp_collapse_alloc_failed 0
thp_split 5
thp_zero_page_alloc 1
thp_zero_page_alloc_failed 0
thp_promote 0
thp_fault_alloc 19746
thp_fault_fallback 0
thp_collapse_alloc 19
thp_collapse_alloc_failed 0
thp_split 5
thp_zero_page_alloc 1
thp_zero_page_alloc_failed 0
thp_promote 0
thp_fault_alloc 19761
thp_fault_fallback 0
thp_collapse_alloc 19
thp_collapse_alloc_failed 0
thp_split 5
thp_zero_page_alloc 1
thp_zero_page_alloc_failed 0
thp_promote 0
thp_fault_alloc 19774
thp_fault_fallback 0
thp_collapse_alloc 19
thp_collapse_alloc_failed 0
thp_split 5
thp_zero_page_alloc 1
thp_zero_page_alloc_failed 0
thp_promote 0
thp_fault_alloc 19788
thp_fault_fallback 0
thp_collapse_alloc 19
thp_collapse_alloc_failed 0
thp_split 5
thp_zero_page_alloc 1
thp_zero_page_alloc_failed 0
thp_promote 0
thp_fault_alloc 19802
thp_fault_fallback 0
thp_collapse_alloc 19
thp_collapse_alloc_failed 0
thp_split 5
thp_zero_page_alloc 1
thp_zero_page_alloc_failed 0
thp_promote 0
thp_fault_alloc 19817
thp_fault_fallback 0
thp_collapse_alloc 19
thp_collapse_alloc_failed 0
thp_split 5
thp_zero_page_alloc 1
thp_zero_page_alloc_failed 0
thp_promote 0
thp_fault_alloc 19831
thp_fault_fallback 0
thp_collapse_alloc 19
thp_collapse_alloc_failed 0
thp_split 5
thp_zero_page_alloc 1
thp_zero_page_alloc_failed 0
thp_promote 0
thp_fault_alloc 19845
thp_fault_fallback 0
thp_collapse_alloc 19
thp_collapse_alloc_failed 0
thp_split 5
thp_zero_page_alloc 1
thp_zero_page_alloc_failed 0
thp_promote 0
thp_fault_alloc 19858
thp_fault_fallback 0
thp_collapse_alloc 19
thp_collapse_alloc_failed 0
thp_split 5
thp_zero_page_alloc 1
thp_zero_page_alloc_failed 0
thp_promote 0
thp_fault_alloc 19872
thp_fault_fallback 0
thp_collapse_alloc 19
thp_collapse_alloc_failed 0
thp_split 5
thp_zero_page_alloc 1
thp_zero_page_alloc_failed 0
thp_promote 0
thp_fault_alloc 19885
thp_fault_fallback 0
thp_collapse_alloc 19
thp_collapse_alloc_failed 0
thp_split 5
thp_zero_page_alloc 1
thp_zero_page_alloc_failed 0
thp_promote 0
thp_fault_alloc 19897
thp_fault_fallback 0
thp_collapse_alloc 19
thp_collapse_alloc_failed 0
thp_split 5
thp_zero_page_alloc 1
thp_zero_page_alloc_failed 0
thp_promote 0
thp_fault_alloc 19910
thp_fault_fallback 0
thp_collapse_alloc 19
thp_collapse_alloc_failed 0
thp_split 5
thp_zero_page_alloc 1
thp_zero_page_alloc_failed 0
thp_promote 0
thp_fault_alloc 19924
thp_fault_fallback 0
thp_collapse_alloc 19
thp_collapse_alloc_failed 0
thp_split 5
thp_zero_page_alloc 1
thp_zero_page_alloc_failed 0
thp_promote 0
thp_fault_alloc 19938
thp_fault_fallback 0
thp_collapse_alloc 19
thp_collapse_alloc_failed 0
thp_split 5
thp_zero_page_alloc 1
thp_zero_page_alloc_failed 0
thp_promote 0
thp_fault_alloc 19953
thp_fault_fallback 0
thp_collapse_alloc 19
thp_collapse_alloc_failed 0
thp_split 5
thp_zero_page_alloc 1
thp_zero_page_alloc_failed 0
thp_promote 0
thp_fault_alloc 19977
thp_fault_fallback 0
thp_collapse_alloc 19
thp_collapse_alloc_failed 0
thp_split 5
thp_zero_page_alloc 1
thp_zero_page_alloc_failed 0
thp_promote 0
thp_fault_alloc 19990
thp_fault_fallback 0
thp_collapse_alloc 19
thp_collapse_alloc_failed 0
thp_split 5
thp_zero_page_alloc 1
thp_zero_page_alloc_failed 0
thp_promote 0
thp_fault_alloc 20004
thp_fault_fallback 0
thp_collapse_alloc 19
thp_collapse_alloc_failed 0
thp_split 5
thp_zero_page_alloc 1
thp_zero_page_alloc_failed 0
thp_promote 0
thp_fault_alloc 20016
thp_fault_fallback 0
thp_collapse_alloc 19
thp_collapse_alloc_failed 0
thp_split 5
thp_zero_page_alloc 1
thp_zero_page_alloc_failed 0
thp_promote 0
thp_fault_alloc 20027
thp_fault_fallback 0
thp_collapse_alloc 19
thp_collapse_alloc_failed 0
thp_split 5
thp_zero_page_alloc 1
thp_zero_page_alloc_failed 0
thp_promote 0
thp_fault_alloc 20041
thp_fault_fallback 0
thp_collapse_alloc 19
thp_collapse_alloc_failed 0
thp_split 5
thp_zero_page_alloc 1
thp_zero_page_alloc_failed 0
thp_promote 0
thp_fault_alloc 20053
thp_fault_fallback 0
thp_collapse_alloc 19
thp_collapse_alloc_failed 0
thp_split 5
thp_zero_page_alloc 1
thp_zero_page_alloc_failed 0
thp_promote 0
thp_fault_alloc 20067
thp_fault_fallback 0
thp_collapse_alloc 19
thp_collapse_alloc_failed 0
thp_split 5
thp_zero_page_alloc 1
thp_zero_page_alloc_failed 0
thp_promote 0
thp_fault_alloc 20082
thp_fault_fallback 0
thp_collapse_alloc 19
thp_collapse_alloc_failed 0
thp_split 5
thp_zero_page_alloc 1
thp_zero_page_alloc_failed 0
thp_promote 0
thp_fault_alloc 20093
thp_fault_fallback 0
thp_collapse_alloc 19
thp_collapse_alloc_failed 0
thp_split 5
thp_zero_page_alloc 1
thp_zero_page_alloc_failed 0
thp_promote 0
thp_fault_alloc 20106
thp_fault_fallback 0
thp_collapse_alloc 19
thp_collapse_alloc_failed 0
thp_split 5
thp_zero_page_alloc 1
thp_zero_page_alloc_failed 0
thp_promote 0
thp_fault_alloc 20119
thp_fault_fallback 0
thp_collapse_alloc 19
thp_collapse_alloc_failed 0
thp_split 5
thp_zero_page_alloc 1
thp_zero_page_alloc_failed 0
thp_promote 0
thp_fault_alloc 20133
thp_fault_fallback 0
thp_collapse_alloc 19
thp_collapse_alloc_failed 0
thp_split 5
thp_zero_page_alloc 1
thp_zero_page_alloc_failed 0
thp_promote 0
thp_fault_alloc 20148
thp_fault_fallback 0
thp_collapse_alloc 19
thp_collapse_alloc_failed 0
thp_split 5
thp_zero_page_alloc 1
thp_zero_page_alloc_failed 0
thp_promote 0
thp_fault_alloc 20160
thp_fault_fallback 0
thp_collapse_alloc 19
thp_collapse_alloc_failed 0
thp_split 5
thp_zero_page_alloc 1
thp_zero_page_alloc_failed 0
thp_promote 0
thp_fault_alloc 20174
thp_fault_fallback 0
thp_collapse_alloc 19
thp_collapse_alloc_failed 0
thp_split 5
thp_zero_page_alloc 1
thp_zero_page_alloc_failed 0
thp_promote 0
thp_fault_alloc 20188
thp_fault_fallback 0
thp_collapse_alloc 19
thp_collapse_alloc_failed 0
thp_split 5
thp_zero_page_alloc 1
thp_zero_page_alloc_failed 0
thp_promote 0
thp_fault_alloc 20201
thp_fault_fallback 0
thp_collapse_alloc 19
thp_collapse_alloc_failed 0
thp_split 5
thp_zero_page_alloc 1
thp_zero_page_alloc_failed 0
thp_promote 0
thp_fault_alloc 20212
thp_fault_fallback 0
thp_collapse_alloc 19
thp_collapse_alloc_failed 0
thp_split 5
thp_zero_page_alloc 1
thp_zero_page_alloc_failed 0
thp_promote 0
thp_fault_alloc 20224
thp_fault_fallback 0
thp_collapse_alloc 19
thp_collapse_alloc_failed 0
thp_split 5
thp_zero_page_alloc 1
thp_zero_page_alloc_failed 0
thp_promote 0
thp_fault_alloc 20236
thp_fault_fallback 0
thp_collapse_alloc 19
thp_collapse_alloc_failed 0
thp_split 5
thp_zero_page_alloc 1
thp_zero_page_alloc_failed 0
thp_promote 0
thp_fault_alloc 20249
thp_fault_fallback 0
thp_collapse_alloc 19
thp_collapse_alloc_failed 0
thp_split 5
thp_zero_page_alloc 1
thp_zero_page_alloc_failed 0
thp_promote 0
thp_fault_alloc 20262
thp_fault_fallback 0
thp_collapse_alloc 19
thp_collapse_alloc_failed 0
thp_split 5
thp_zero_page_alloc 1
thp_zero_page_alloc_failed 0
thp_promote 0
thp_fault_alloc 20886
thp_fault_fallback 0
thp_collapse_alloc 19
thp_collapse_alloc_failed 0
thp_split 5
thp_zero_page_alloc 1
thp_zero_page_alloc_failed 0
thp_promote 0
thp_fault_alloc 23168
thp_fault_fallback 0
thp_collapse_alloc 19
thp_collapse_alloc_failed 0
thp_split 5
thp_zero_page_alloc 1
thp_zero_page_alloc_failed 0
thp_promote 0
thp_fault_alloc 25443
thp_fault_fallback 0
thp_collapse_alloc 19
thp_collapse_alloc_failed 0
thp_split 5
thp_zero_page_alloc 1
thp_zero_page_alloc_failed 0
thp_promote 0
thp_fault_alloc 26325
thp_fault_fallback 0
thp_collapse_alloc 19
thp_collapse_alloc_failed 0
thp_split 5
thp_zero_page_alloc 1
thp_zero_page_alloc_failed 0
thp_promote 0
thp_fault_alloc 26337
thp_fault_fallback 0
thp_collapse_alloc 19
thp_collapse_alloc_failed 0
thp_split 5
thp_zero_page_alloc 1
thp_zero_page_alloc_failed 0
thp_promote 0
thp_fault_alloc 26350
thp_fault_fallback 0
thp_collapse_alloc 19
thp_collapse_alloc_failed 0
thp_split 5
thp_zero_page_alloc 1
thp_zero_page_alloc_failed 0
thp_promote 0
thp_fault_alloc 26362
thp_fault_fallback 0
thp_collapse_alloc 19
thp_collapse_alloc_failed 0
thp_split 5
thp_zero_page_alloc 1
thp_zero_page_alloc_failed 0
thp_promote 0
thp_fault_alloc 26378
thp_fault_fallback 0
thp_collapse_alloc 19
thp_collapse_alloc_failed 0
thp_split 5
thp_zero_page_alloc 1
thp_zero_page_alloc_failed 0
thp_promote 0
thp_fault_alloc 26391
thp_fault_fallback 0
thp_collapse_alloc 19
thp_collapse_alloc_failed 0
thp_split 5
thp_zero_page_alloc 1
thp_zero_page_alloc_failed 0
thp_promote 0
thp_fault_alloc 26404
thp_fault_fallback 0
thp_collapse_alloc 19
thp_collapse_alloc_failed 0
thp_split 5
thp_zero_page_alloc 1
thp_zero_page_alloc_failed 0
thp_promote 0
thp_fault_alloc 26416
thp_fault_fallback 0
thp_collapse_alloc 19
thp_collapse_alloc_failed 0
thp_split 5
thp_zero_page_alloc 1
thp_zero_page_alloc_failed 0
thp_promote 0
thp_fault_alloc 26429
thp_fault_fallback 0
thp_collapse_alloc 19
thp_collapse_alloc_failed 0
thp_split 5
thp_zero_page_alloc 1
thp_zero_page_alloc_failed 0
thp_promote 0
thp_fault_alloc 26443
thp_fault_fallback 0
thp_collapse_alloc 19
thp_collapse_alloc_failed 0
thp_split 5
thp_zero_page_alloc 1
thp_zero_page_alloc_failed 0
thp_promote 0
thp_fault_alloc 26454
thp_fault_fallback 0
thp_collapse_alloc 19
thp_collapse_alloc_failed 0
thp_split 5
thp_zero_page_alloc 1
thp_zero_page_alloc_failed 0
thp_promote 0
thp_fault_alloc 26468
thp_fault_fallback 0
thp_collapse_alloc 19
thp_collapse_alloc_failed 0
thp_split 5
thp_zero_page_alloc 1
thp_zero_page_alloc_failed 0
thp_promote 0
thp_fault_alloc 26481
thp_fault_fallback 0
thp_collapse_alloc 19
thp_collapse_alloc_failed 0
thp_split 5
thp_zero_page_alloc 1
thp_zero_page_alloc_failed 0
thp_promote 0
thp_fault_alloc 26494
thp_fault_fallback 0
thp_collapse_alloc 19
thp_collapse_alloc_failed 0
thp_split 5
thp_zero_page_alloc 1
thp_zero_page_alloc_failed 0
thp_promote 0
thp_fault_alloc 26506
thp_fault_fallback 0
thp_collapse_alloc 19
thp_collapse_alloc_failed 0
thp_split 5
thp_zero_page_alloc 1
thp_zero_page_alloc_failed 0
thp_promote 0
thp_fault_alloc 26519
thp_fault_fallback 0
thp_collapse_alloc 19
thp_collapse_alloc_failed 0
thp_split 5
thp_zero_page_alloc 1
thp_zero_page_alloc_failed 0
thp_promote 0
thp_fault_alloc 26532
thp_fault_fallback 0
thp_collapse_alloc 19
thp_collapse_alloc_failed 0
thp_split 5
thp_zero_page_alloc 1
thp_zero_page_alloc_failed 0
thp_promote 0
thp_fault_alloc 26545
thp_fault_fallback 0
thp_collapse_alloc 19
thp_collapse_alloc_failed 0
thp_split 5
thp_zero_page_alloc 1
thp_zero_page_alloc_failed 0
thp_promote 0
thp_fault_alloc 26559
thp_fault_fallback 0
thp_collapse_alloc 19
thp_collapse_alloc_failed 0
thp_split 5
thp_zero_page_alloc 1
thp_zero_page_alloc_failed 0
thp_promote 0
thp_fault_alloc 26572
thp_fault_fallback 0
thp_collapse_alloc 19
thp_collapse_alloc_failed 0
thp_split 5
thp_zero_page_alloc 1
thp_zero_page_alloc_failed 0
thp_promote 0
thp_fault_alloc 26587
thp_fault_fallback 0
thp_collapse_alloc 19
thp_collapse_alloc_failed 0
thp_split 5
thp_zero_page_alloc 1
thp_zero_page_alloc_failed 0
thp_promote 0
thp_fault_alloc 26601
thp_fault_fallback 0
thp_collapse_alloc 19
thp_collapse_alloc_failed 0
thp_split 5
thp_zero_page_alloc 1
thp_zero_page_alloc_failed 0
thp_promote 0
thp_fault_alloc 26614
thp_fault_fallback 0
thp_collapse_alloc 19
thp_collapse_alloc_failed 0
thp_split 5
thp_zero_page_alloc 1
thp_zero_page_alloc_failed 0
thp_promote 0
thp_fault_alloc 26628
thp_fault_fallback 0
thp_collapse_alloc 19
thp_collapse_alloc_failed 0
thp_split 5
thp_zero_page_alloc 1
thp_zero_page_alloc_failed 0
thp_promote 0
thp_fault_alloc 26642
thp_fault_fallback 0
thp_collapse_alloc 19
thp_collapse_alloc_failed 0
thp_split 5
thp_zero_page_alloc 1
thp_zero_page_alloc_failed 0
thp_promote 0
thp_fault_alloc 26657
thp_fault_fallback 0
thp_collapse_alloc 19
thp_collapse_alloc_failed 0
thp_split 5
thp_zero_page_alloc 1
thp_zero_page_alloc_failed 0
thp_promote 0
thp_fault_alloc 26671
thp_fault_fallback 0
thp_collapse_alloc 19
thp_collapse_alloc_failed 0
thp_split 5
thp_zero_page_alloc 1
thp_zero_page_alloc_failed 0
thp_promote 0
thp_fault_alloc 26684
thp_fault_fallback 0
thp_collapse_alloc 19
thp_collapse_alloc_failed 0
thp_split 5
thp_zero_page_alloc 1
thp_zero_page_alloc_failed 0
thp_promote 0
thp_fault_alloc 26699
thp_fault_fallback 0
thp_collapse_alloc 19
thp_collapse_alloc_failed 0
thp_split 5
thp_zero_page_alloc 1
thp_zero_page_alloc_failed 0
thp_promote 0
thp_fault_alloc 26711
thp_fault_fallback 0
thp_collapse_alloc 19
thp_collapse_alloc_failed 0
thp_split 5
thp_zero_page_alloc 1
thp_zero_page_alloc_failed 0
thp_promote 0
thp_fault_alloc 26723
thp_fault_fallback 0
thp_collapse_alloc 19
thp_collapse_alloc_failed 0
thp_split 5
thp_zero_page_alloc 1
thp_zero_page_alloc_failed 0
thp_promote 0
thp_fault_alloc 26736
thp_fault_fallback 0
thp_collapse_alloc 19
thp_collapse_alloc_failed 0
thp_split 5
thp_zero_page_alloc 1
thp_zero_page_alloc_failed 0
thp_promote 0
thp_fault_alloc 26749
thp_fault_fallback 0
thp_collapse_alloc 19
thp_collapse_alloc_failed 0
thp_split 5
thp_zero_page_alloc 1
thp_zero_page_alloc_failed 0
thp_promote 0
thp_fault_alloc 26764
thp_fault_fallback 0
thp_collapse_alloc 19
thp_collapse_alloc_failed 0
thp_split 5
thp_zero_page_alloc 1
thp_zero_page_alloc_failed 0
thp_promote 0
thp_fault_alloc 26779
thp_fault_fallback 0
thp_collapse_alloc 19
thp_collapse_alloc_failed 0
thp_split 5
thp_zero_page_alloc 1
thp_zero_page_alloc_failed 0
thp_promote 0
thp_fault_alloc 26807
thp_fault_fallback 0
thp_collapse_alloc 19
thp_collapse_alloc_failed 0
thp_split 5
thp_zero_page_alloc 1
thp_zero_page_alloc_failed 0
thp_promote 0
thp_fault_alloc 26820
thp_fault_fallback 0
thp_collapse_alloc 19
thp_collapse_alloc_failed 0
thp_split 5
thp_zero_page_alloc 1
thp_zero_page_alloc_failed 0
thp_promote 0
thp_fault_alloc 26832
thp_fault_fallback 0
thp_collapse_alloc 19
thp_collapse_alloc_failed 0
thp_split 5
thp_zero_page_alloc 1
thp_zero_page_alloc_failed 0
thp_promote 0
thp_fault_alloc 26845
thp_fault_fallback 0
thp_collapse_alloc 19
thp_collapse_alloc_failed 0
thp_split 5
thp_zero_page_alloc 1
thp_zero_page_alloc_failed 0
thp_promote 0
thp_fault_alloc 26859
thp_fault_fallback 0
thp_collapse_alloc 19
thp_collapse_alloc_failed 0
thp_split 5
thp_zero_page_alloc 1
thp_zero_page_alloc_failed 0
thp_promote 0
thp_fault_alloc 26872
thp_fault_fallback 0
thp_collapse_alloc 19
thp_collapse_alloc_failed 0
thp_split 5
thp_zero_page_alloc 1
thp_zero_page_alloc_failed 0
thp_promote 0
thp_fault_alloc 26884
thp_fault_fallback 0
thp_collapse_alloc 19
thp_collapse_alloc_failed 0
thp_split 5
thp_zero_page_alloc 1
thp_zero_page_alloc_failed 0
thp_promote 0
thp_fault_alloc 26898
thp_fault_fallback 0
thp_collapse_alloc 19
thp_collapse_alloc_failed 0
thp_split 5
thp_zero_page_alloc 1
thp_zero_page_alloc_failed 0
thp_promote 0
thp_fault_alloc 26912
thp_fault_fallback 0
thp_collapse_alloc 19
thp_collapse_alloc_failed 0
thp_split 5
thp_zero_page_alloc 1
thp_zero_page_alloc_failed 0
thp_promote 0
thp_fault_alloc 26932
thp_fault_fallback 0
thp_collapse_alloc 19
thp_collapse_alloc_failed 0
thp_split 5
thp_zero_page_alloc 1
thp_zero_page_alloc_failed 0
thp_promote 0
thp_fault_alloc 26946
thp_fault_fallback 0
thp_collapse_alloc 19
thp_collapse_alloc_failed 0
thp_split 5
thp_zero_page_alloc 1
thp_zero_page_alloc_failed 0
thp_promote 0
thp_fault_alloc 26959
thp_fault_fallback 0
thp_collapse_alloc 19
thp_collapse_alloc_failed 0
thp_split 5
thp_zero_page_alloc 1
thp_zero_page_alloc_failed 0
thp_promote 0
thp_fault_alloc 26971
thp_fault_fallback 0
thp_collapse_alloc 19
thp_collapse_alloc_failed 0
thp_split 5
thp_zero_page_alloc 1
thp_zero_page_alloc_failed 0
thp_promote 0
thp_fault_alloc 26985
thp_fault_fallback 0
thp_collapse_alloc 19
thp_collapse_alloc_failed 0
thp_split 5
thp_zero_page_alloc 1
thp_zero_page_alloc_failed 0
thp_promote 0
thp_fault_alloc 26998
thp_fault_fallback 0
thp_collapse_alloc 19
thp_collapse_alloc_failed 0
thp_split 5
thp_zero_page_alloc 1
thp_zero_page_alloc_failed 0
thp_promote 0
thp_fault_alloc 27010
thp_fault_fallback 0
thp_collapse_alloc 19
thp_collapse_alloc_failed 0
thp_split 5
thp_zero_page_alloc 1
thp_zero_page_alloc_failed 0
thp_promote 0
thp_fault_alloc 27024
thp_fault_fallback 0
thp_collapse_alloc 19
thp_collapse_alloc_failed 0
thp_split 5
thp_zero_page_alloc 1
thp_zero_page_alloc_failed 0
thp_promote 0
thp_fault_alloc 27037
thp_fault_fallback 0
thp_collapse_alloc 19
thp_collapse_alloc_failed 0
thp_split 5
thp_zero_page_alloc 1
thp_zero_page_alloc_failed 0
thp_promote 0
thp_fault_alloc 27046
thp_fault_fallback 0
thp_collapse_alloc 19
thp_collapse_alloc_failed 0
thp_split 5
thp_zero_page_alloc 1
thp_zero_page_alloc_failed 0
thp_promote 0
thp_fault_alloc 27055
thp_fault_fallback 0
thp_collapse_alloc 19
thp_collapse_alloc_failed 0
thp_split 5
thp_zero_page_alloc 1
thp_zero_page_alloc_failed 0
thp_promote 0
thp_fault_alloc 27065
thp_fault_fallback 0
thp_collapse_alloc 19
thp_collapse_alloc_failed 0
thp_split 5
thp_zero_page_alloc 1
thp_zero_page_alloc_failed 0
thp_promote 0
thp_fault_alloc 27076
thp_fault_fallback 0
thp_collapse_alloc 19
thp_collapse_alloc_failed 0
thp_split 5
thp_zero_page_alloc 1
thp_zero_page_alloc_failed 0
thp_promote 0
thp_fault_alloc 27087
thp_fault_fallback 0
thp_collapse_alloc 19
thp_collapse_alloc_failed 0
thp_split 5
thp_zero_page_alloc 1
thp_zero_page_alloc_failed 0
thp_promote 0
thp_fault_alloc 27096
thp_fault_fallback 0
thp_collapse_alloc 19
thp_collapse_alloc_failed 0
thp_split 5
thp_zero_page_alloc 1
thp_zero_page_alloc_failed 0
thp_promote 0
thp_fault_alloc 27105
thp_fault_fallback 0
thp_collapse_alloc 19
thp_collapse_alloc_failed 0
thp_split 5
thp_zero_page_alloc 1
thp_zero_page_alloc_failed 0
thp_promote 0
thp_fault_alloc 27114
thp_fault_fallback 0
thp_collapse_alloc 19
thp_collapse_alloc_failed 0
thp_split 5
thp_zero_page_alloc 1
thp_zero_page_alloc_failed 0
thp_promote 0
thp_fault_alloc 27123
thp_fault_fallback 0
thp_collapse_alloc 19
thp_collapse_alloc_failed 0
thp_split 5
thp_zero_page_alloc 1
thp_zero_page_alloc_failed 0
thp_promote 0
thp_fault_alloc 27134
thp_fault_fallback 0
thp_collapse_alloc 19
thp_collapse_alloc_failed 0
thp_split 5
thp_zero_page_alloc 1
thp_zero_page_alloc_failed 0
thp_promote 0
thp_fault_alloc 27143
thp_fault_fallback 0
thp_collapse_alloc 19
thp_collapse_alloc_failed 0
thp_split 5
thp_zero_page_alloc 1
thp_zero_page_alloc_failed 0
thp_promote 0
thp_fault_alloc 27164
thp_fault_fallback 0
thp_collapse_alloc 19
thp_collapse_alloc_failed 0
thp_split 5
thp_zero_page_alloc 1
thp_zero_page_alloc_failed 0
thp_promote 0
thp_fault_alloc 27173
thp_fault_fallback 0
thp_collapse_alloc 19
thp_collapse_alloc_failed 0
thp_split 5
thp_zero_page_alloc 1
thp_zero_page_alloc_failed 0
thp_promote 0
thp_fault_alloc 27182
thp_fault_fallback 0
thp_collapse_alloc 19
thp_collapse_alloc_failed 0
thp_split 5
thp_zero_page_alloc 1
thp_zero_page_alloc_failed 0
thp_promote 0
thp_fault_alloc 27190
thp_fault_fallback 0
thp_collapse_alloc 19
thp_collapse_alloc_failed 0
thp_split 5
thp_zero_page_alloc 1
thp_zero_page_alloc_failed 0
thp_promote 0
thp_fault_alloc 27199
thp_fault_fallback 0
thp_collapse_alloc 19
thp_collapse_alloc_failed 0
thp_split 5
thp_zero_page_alloc 1
thp_zero_page_alloc_failed 0
thp_promote 0
thp_fault_alloc 27209
thp_fault_fallback 0
thp_collapse_alloc 19
thp_collapse_alloc_failed 0
thp_split 5
thp_zero_page_alloc 1
thp_zero_page_alloc_failed 0
thp_promote 0
thp_fault_alloc 27218
thp_fault_fallback 0
thp_collapse_alloc 19
thp_collapse_alloc_failed 0
thp_split 5
thp_zero_page_alloc 1
thp_zero_page_alloc_failed 0
thp_promote 0
thp_fault_alloc 27227
thp_fault_fallback 0
thp_collapse_alloc 19
thp_collapse_alloc_failed 0
thp_split 5
thp_zero_page_alloc 1
thp_zero_page_alloc_failed 0
thp_promote 0
thp_fault_alloc 27237
thp_fault_fallback 0
thp_collapse_alloc 19
thp_collapse_alloc_failed 0
thp_split 5
thp_zero_page_alloc 1
thp_zero_page_alloc_failed 0
thp_promote 0
thp_fault_alloc 27247
thp_fault_fallback 0
thp_collapse_alloc 19
thp_collapse_alloc_failed 0
thp_split 5
thp_zero_page_alloc 1
thp_zero_page_alloc_failed 0
thp_promote 0
thp_fault_alloc 27257
thp_fault_fallback 0
thp_collapse_alloc 19
thp_collapse_alloc_failed 0
thp_split 5
thp_zero_page_alloc 1
thp_zero_page_alloc_failed 0
thp_promote 0
thp_fault_alloc 27268
thp_fault_fallback 0
thp_collapse_alloc 19
thp_collapse_alloc_failed 0
thp_split 5
thp_zero_page_alloc 1
thp_zero_page_alloc_failed 0
thp_promote 0
thp_fault_alloc 27277
thp_fault_fallback 0
thp_collapse_alloc 19
thp_collapse_alloc_failed 0
thp_split 5
thp_zero_page_alloc 1
thp_zero_page_alloc_failed 0
thp_promote 0
thp_fault_alloc 27286
thp_fault_fallback 0
thp_collapse_alloc 19
thp_collapse_alloc_failed 0
thp_split 5
thp_zero_page_alloc 1
thp_zero_page_alloc_failed 0
thp_promote 0
thp_fault_alloc 27297
thp_fault_fallback 0
thp_collapse_alloc 19
thp_collapse_alloc_failed 0
thp_split 5
thp_zero_page_alloc 1
thp_zero_page_alloc_failed 0
thp_promote 0
thp_fault_alloc 27306
thp_fault_fallback 0
thp_collapse_alloc 19
thp_collapse_alloc_failed 0
thp_split 5
thp_zero_page_alloc 1
thp_zero_page_alloc_failed 0
thp_promote 0
thp_fault_alloc 27315
thp_fault_fallback 0
thp_collapse_alloc 19
thp_collapse_alloc_failed 0
thp_split 5
thp_zero_page_alloc 1
thp_zero_page_alloc_failed 0
thp_promote 0
thp_fault_alloc 27326
thp_fault_fallback 0
thp_collapse_alloc 19
thp_collapse_alloc_failed 0
thp_split 5
thp_zero_page_alloc 1
thp_zero_page_alloc_failed 0
thp_promote 0
thp_fault_alloc 27336
thp_fault_fallback 0
thp_collapse_alloc 19
thp_collapse_alloc_failed 0
thp_split 5
thp_zero_page_alloc 1
thp_zero_page_alloc_failed 0
thp_promote 0
thp_fault_alloc 27376
thp_fault_fallback 0
thp_collapse_alloc 19
thp_collapse_alloc_failed 0
thp_split 5
thp_zero_page_alloc 1
thp_zero_page_alloc_failed 0
thp_promote 0
thp_fault_alloc 27414
thp_fault_fallback 0
thp_collapse_alloc 19
thp_collapse_alloc_failed 0
thp_split 5
thp_zero_page_alloc 1
thp_zero_page_alloc_failed 0
thp_promote 0
thp_fault_alloc 27424
thp_fault_fallback 0
thp_collapse_alloc 19
thp_collapse_alloc_failed 0
thp_split 5
thp_zero_page_alloc 1
thp_zero_page_alloc_failed 0
thp_promote 0
thp_fault_alloc 27508
thp_fault_fallback 0
thp_collapse_alloc 19
thp_collapse_alloc_failed 0
thp_split 5
thp_zero_page_alloc 1
thp_zero_page_alloc_failed 0
thp_promote 0
thp_fault_alloc 27633
thp_fault_fallback 0
thp_collapse_alloc 19
thp_collapse_alloc_failed 0
thp_split 5
thp_zero_page_alloc 1
thp_zero_page_alloc_failed 0
thp_promote 0
thp_fault_alloc 27644
thp_fault_fallback 0
thp_collapse_alloc 19
thp_collapse_alloc_failed 0
thp_split 5
thp_zero_page_alloc 1
thp_zero_page_alloc_failed 0
thp_promote 0
thp_fault_alloc 27653
thp_fault_fallback 0
thp_collapse_alloc 19
thp_collapse_alloc_failed 0
thp_split 5
thp_zero_page_alloc 1
thp_zero_page_alloc_failed 0
thp_promote 0
thp_fault_alloc 27672
thp_fault_fallback 0
thp_collapse_alloc 19
thp_collapse_alloc_failed 0
thp_split 5
thp_zero_page_alloc 1
thp_zero_page_alloc_failed 0
thp_promote 0
thp_fault_alloc 27683
thp_fault_fallback 0
thp_collapse_alloc 19
thp_collapse_alloc_failed 0
thp_split 5
thp_zero_page_alloc 1
thp_zero_page_alloc_failed 0
thp_promote 0
thp_fault_alloc 27693
thp_fault_fallback 0
thp_collapse_alloc 19
thp_collapse_alloc_failed 0
thp_split 5
thp_zero_page_alloc 1
thp_zero_page_alloc_failed 0
thp_promote 0
thp_fault_alloc 27932
thp_fault_fallback 0
thp_collapse_alloc 19
thp_collapse_alloc_failed 0
thp_split 5
thp_zero_page_alloc 1
thp_zero_page_alloc_failed 0
thp_promote 0
thp_fault_alloc 27943
thp_fault_fallback 0
thp_collapse_alloc 19
thp_collapse_alloc_failed 0
thp_split 5
thp_zero_page_alloc 1
thp_zero_page_alloc_failed 0
thp_promote 0
thp_fault_alloc 27952
thp_fault_fallback 0
thp_collapse_alloc 19
thp_collapse_alloc_failed 0
thp_split 5
thp_zero_page_alloc 1
thp_zero_page_alloc_failed 0
thp_promote 0
thp_fault_alloc 27962
thp_fault_fallback 0
thp_collapse_alloc 19
thp_collapse_alloc_failed 0
thp_split 5
thp_zero_page_alloc 1
thp_zero_page_alloc_failed 0
thp_promote 0
thp_fault_alloc 27972
thp_fault_fallback 0
thp_collapse_alloc 19
thp_collapse_alloc_failed 0
thp_split 5
thp_zero_page_alloc 1
thp_zero_page_alloc_failed 0
thp_promote 0
thp_fault_alloc 27982
thp_fault_fallback 0
thp_collapse_alloc 19
thp_collapse_alloc_failed 0
thp_split 5
thp_zero_page_alloc 1
thp_zero_page_alloc_failed 0
thp_promote 0
thp_fault_alloc 27992
thp_fault_fallback 0
thp_collapse_alloc 19
thp_collapse_alloc_failed 0
thp_split 5
thp_zero_page_alloc 1
thp_zero_page_alloc_failed 0
thp_promote 0
thp_fault_alloc 28003
thp_fault_fallback 0
thp_collapse_alloc 19
thp_collapse_alloc_failed 0
thp_split 5
thp_zero_page_alloc 1
thp_zero_page_alloc_failed 0
thp_promote 0
thp_fault_alloc 28012
thp_fault_fallback 0
thp_collapse_alloc 19
thp_collapse_alloc_failed 0
thp_split 5
thp_zero_page_alloc 1
thp_zero_page_alloc_failed 0
thp_promote 0
thp_fault_alloc 28022
thp_fault_fallback 0
thp_collapse_alloc 19
thp_collapse_alloc_failed 0
thp_split 5
thp_zero_page_alloc 1
thp_zero_page_alloc_failed 0
thp_promote 0
thp_fault_alloc 28032
thp_fault_fallback 0
thp_collapse_alloc 19
thp_collapse_alloc_failed 0
thp_split 5
thp_zero_page_alloc 1
thp_zero_page_alloc_failed 0
thp_promote 0
thp_fault_alloc 28042
thp_fault_fallback 0
thp_collapse_alloc 19
thp_collapse_alloc_failed 0
thp_split 5
thp_zero_page_alloc 1
thp_zero_page_alloc_failed 0
thp_promote 0
thp_fault_alloc 28051
thp_fault_fallback 0
thp_collapse_alloc 19
thp_collapse_alloc_failed 0
thp_split 5
thp_zero_page_alloc 1
thp_zero_page_alloc_failed 0
thp_promote 0
thp_fault_alloc 28519
thp_fault_fallback 0
thp_collapse_alloc 19
thp_collapse_alloc_failed 0
thp_split 5
thp_zero_page_alloc 1
thp_zero_page_alloc_failed 0
thp_promote 0
thp_fault_alloc 28519
thp_fault_fallback 0
thp_collapse_alloc 19
thp_collapse_alloc_failed 0
thp_split 6
thp_zero_page_alloc 1
thp_zero_page_alloc_failed 0
thp_promote 0
thp_fault_alloc 28529
thp_fault_fallback 0
thp_collapse_alloc 19
thp_collapse_alloc_failed 0
thp_split 6
thp_zero_page_alloc 1
thp_zero_page_alloc_failed 0
thp_promote 0
thp_fault_alloc 28529
thp_fault_fallback 0
thp_collapse_alloc 19
thp_collapse_alloc_failed 0
thp_split 6
thp_zero_page_alloc 1
thp_zero_page_alloc_failed 0
thp_promote 0
thp_fault_alloc 28538
thp_fault_fallback 0
thp_collapse_alloc 19
thp_collapse_alloc_failed 0
thp_split 6
thp_zero_page_alloc 1
thp_zero_page_alloc_failed 0
thp_promote 0
thp_fault_alloc 28549
thp_fault_fallback 0
thp_collapse_alloc 19
thp_collapse_alloc_failed 0
thp_split 6
thp_zero_page_alloc 1
thp_zero_page_alloc_failed 0
thp_promote 0
thp_fault_alloc 28557
thp_fault_fallback 0
thp_collapse_alloc 19
thp_collapse_alloc_failed 0
thp_split 6
thp_zero_page_alloc 1
thp_zero_page_alloc_failed 0
thp_promote 0
thp_fault_alloc 28568
thp_fault_fallback 0
thp_collapse_alloc 19
thp_collapse_alloc_failed 0
thp_split 6
thp_zero_page_alloc 1
thp_zero_page_alloc_failed 0
thp_promote 0
thp_fault_alloc 28578
thp_fault_fallback 0
thp_collapse_alloc 19
thp_collapse_alloc_failed 0
thp_split 6
thp_zero_page_alloc 1
thp_zero_page_alloc_failed 0
thp_promote 0
thp_fault_alloc 28587
thp_fault_fallback 0
thp_collapse_alloc 19
thp_collapse_alloc_failed 0
thp_split 6
thp_zero_page_alloc 1
thp_zero_page_alloc_failed 0
thp_promote 0
thp_fault_alloc 28596
thp_fault_fallback 0
thp_collapse_alloc 19
thp_collapse_alloc_failed 0
thp_split 6
thp_zero_page_alloc 1
thp_zero_page_alloc_failed 0
thp_promote 0
thp_fault_alloc 28605
thp_fault_fallback 0
thp_collapse_alloc 19
thp_collapse_alloc_failed 0
thp_split 6
thp_zero_page_alloc 1
thp_zero_page_alloc_failed 0
thp_promote 0
thp_fault_alloc 28617
thp_fault_fallback 0
thp_collapse_alloc 19
thp_collapse_alloc_failed 0
thp_split 6
thp_zero_page_alloc 1
thp_zero_page_alloc_failed 0
thp_promote 0
