11918808 11913216
11918808 11913216
11918808 11913216
11918808 11913216
11918808 11913216
11918808 11913216
11918808 11913216
11918808 11913216
11918808 11913216
11918808 11913216
11918808 11913216
11918808 11913216
11918808 11913216
11918808 11913216
11918808 11913216
11394520 11388928
11394520 11388928
11394520 11388928
11394520 11388928
11394520 11388928
11394520 11388928
11394520 11388928
11394520 11388928
11394520 11388928
11394520 11388928
11394520 11388928
11394520 11388928
11394520 11388928
11398616 11393024
11398616 11393024
11398616 11393024
11404760 11399168
11412952 11407360
11421144 11415552
11427288 11421696
11435480 11429888
11443672 11438080
11449816 11444224
11458008 11452416
11466200 11460608
11472344 11466752
11480536 11474944
11486680 11481088
11494872 11489280
11501016 11495424
11509208 11503616
11515352 11509760
11523544 11517952
11529688 11524096
11535832 11530240
11541976 11536384
11550168 11544576
11556312 11550720
11562456 11556864
11568600 11563008
11576792 11571200
11582936 11577344
11589080 11583488
11595224 11589632
11601368 11595776
11607512 11601920
11613656 11608064
11619800 11614208
11625944 11620352
11632088 11626496
11638232 11632640
11644376 11638784
11650520 11644928
11656664 11651072
11662808 11657216
11668952 11663360
11685336 11679744
11691480 11685888
11697624 11692032
11707864 11702272
11714008 11708416
11720152 11714560
11724248 11718656
11730392 11724800
11742680 11737088
11748824 11743232
11752920 11747328
11759064 11753472
11763160 11757568
11769304 11763712
11775448 11769856
11779544 11773952
11785688 11780096
11789784 11784192
11795928 11790336
11800024 11794432
11804120 11798528
11810264 11804672
11814360 11808768
11820504 11814912
11824600 11819008
11828696 11823104
11834840 11829248
11838936 11833344
11843032 11837440
11849176 11843584
11853272 11847680
11857368 11851776
11863512 11857920
11867608 11862016
11871704 11866112
11875800 11870208
11879896 11874304
11886040 11880448
11890136 11884544
11894232 11888640
11898328 11892736
11902424 11896832
11906520 11900928
11910616 11905024
11914712 11909120
11918808 11913216
11922904 11919360
11929048 11923456
11933144 11927552
11937240 11931648
11941336 11935744
11945432 11939840
11949528 11943936
11953624 11948032
11955672 11950080
11959768 11954176
11963864 11958272
11967960 11962368
11972056 11966464
11976152 11970560
11980248 11974656
11984344 11978752
11988440 11982848
11992536 11986944
11994584 11988992
11998680 11993088
12002776 11997184
12006872 12001280
12010968 12005376
12013016 12007424
12017112 12011520
12017112 12011520
12017112 12011520
12019160 12013568
12021208 12015616
12025304 12019712
12029400 12023808
12033496 12027904
12035544 12029952
12039640 12034048
12043736 12038144
12045784 12040192
12049880 12044288
12053976 12048384
12056024 12050432
12060120 12054528
12062168 12056576
12066264 12060672
12068312 12062720
12072408 12066816
12074456 12068864
12078552 12072960
12082648 12077056
12084696 12079104
12088792 12083200
12090840 12085248
12094936 12089344
12096984 12091392
12101080 12095488
12103128 12097536
12105176 12101632
12109272 12103680
12111320 12105728
12115416 12109824
12117464 12111872
12123608 12118016
12127704 12122112
12129752 12124160
12133848 12128256
12139992 12134400
12144088 12138496
12146136 12140544
12148184 12142592
12150232 12144640
12154328 12148736
12156376 12150784
12158424 12152832
12162520 12156928
12164568 12158976
12166616 12161024
12168664 12163072
12170712 12165120
12172760 12167168
12174808 12169216
12176856 12171264
12180952 12175360
12180952 12175360
12185048 12179456
12187096 12181504
12189144 12183552
12191192 12185600
12193240 12187648
12197336 12191744
12199384 12193792
12201432 12195840
12203480 12197888
12205528 12199936
12207576 12201984
12209624 12204032
12213720 12208128
12215768 12210176
12217816 12212224
12219864 12214272
12221912 12216320
12223960 12218368
12226008 12220416
12228056 12222464
12230104 12224512
12232152 12226560
12234200 12228608
12236248 12230656
12238296 12232704
12240344 12234752
12242392 12236800
12244440 12238848
12246488 12240896
12248536 12242944
12250584 12244992
12252632 12247040
12254680 12249088
12256728 12251136
12258776 12253184
12260824 12255232
12262872 12257280
12264920 12259328
12264920 12259328
12266968 12261376
12269016 12263424
12271064 12265472
12273112 12267520
12275160 12269568
12277208 12271616
12279256 12273664
12281304 12275712
12283352 12277760
12283352 12277760
12285400 12279808
12287448 12281856
12289496 12283904
12291544 12285952
12293592 12288000
12295640 12290048
12295640 12290048
12297688 12292096
12299736 12294144
12301784 12296192
12303832 12298240
12303832 12298240
12305880 12300288
12307928 12302336
12309976 12304384
12312024 12306432
12312024 12306432
12314072 12308480
12316120 12310528
12318168 12312576
12318168 12312576
12320216 12314624
12320216 12314624
12320216 12314624
12320216 12314624
12322264 12316672
12324312 12318720
12326360 12320768
12326360 12320768
12328408 12322816
12330456 12324864
12332504 12326912
12332504 12326912
12334552 12328960
12336600 12331008
12336600 12331008
12338648 12333056
12340696 12335104
12340696 12335104
12342744 12337152
12346840 12341248
12348888 12343296
12348888 12343296
12350936 12345344
12352984 12347392
12352984 12347392
12355032 12349440
12357080 12351488
12357080 12351488
12359128 12353536
12359128 12353536
12361176 12355584
12363224 12357632
12363224 12357632
12365272 12359680
12367320 12361728
12367320 12361728
12369368 12363776
12369368 12363776
12371416 12365824
12373464 12367872
12373464 12367872
12375512 12369920
12375512 12369920
12377560 12371968
12377560 12371968
12379608 12374016
12381656 12376064
12381656 12376064
12383704 12378112
12383704 12378112
12385752 12380160
12385752 12380160
12387800 12382208
12387800 12382208
12389848 12384256
12389848 12384256
12391896 12386304
12395992 12390400
12395992 12390400
12398040 12392448
12398040 12392448
12400088 12394496
12400088 12394496
12400088 12394496
12400088 12394496
12400088 12394496
12400088 12394496
12400088 12394496
12400088 12394496
12400088 12394496
12400092 12396544
12400092 12396544
12400092 12396544
12400092 12396544
12400092 12396544
12400092 12396544
12400092 12396544
12400092 12396544
12400092 12396544
12400092 12396544
12400092 12396544
12400092 12396544
12400092 12396544
12400092 12396544
12400092 12396544
12400092 12396544
12400092 12396544
12400092 12396544
12400092 12396544
12400092 12396544
12400092 12396544
12400092 12396544
12400092 12396544
12400092 12396544
12400092 12396544
12400092 12396544
12400092 12396544
12400092 12396544
12400092 12396544
12400092 12396544
12400092 12396544
12400092 12396544
12400092 12396544
12400092 12396544
12400092 12396544
12400092 12396544
12400092 12396544
12400092 12396544
12400092 12396544
12400092 12396544
12400092 12396544
12400092 12396544
12400092 12396544
12400092 12396544
12400092 12396544
12400092 12396544
12400092 12396544
12400092 12396544
12400092 12396544
12400092 12396544
12400092 12396544
12400092 12396544
12400092 12396544
12400092 12396544
12400092 12396544
12400092 12396544
12400092 12396544
12400092 12396544
