17458572 17455104
17466764 17463296
17477004 17473536
17487244 17483776
17495436 17491968
17505676 17502208
17515916 17512448
17524108 17520640
17534348 17530880
17544588 17541120
17552780 17549312
17563020 17559552
17571212 17569792
17581452 17577984
17591692 17588224
17599884 17596416
17610124 17606656
17638796 17635328
17649036 17645568
17657228 17653760
17681804 17678336
17689996 17686528
17700236 17696768
17708428 17704960
17716620 17713152
17726860 17723392
17735052 17731584
17745292 17741824
17753484 17750016
17763724 17760256
17771916 17768448
17780108 17776640
17790348 17786880
17798540 17795072
17808780 17805312
16776588 16775168
16797068 16793600
16815500 16812032
16833932 16830464
16852364 16848896
16870796 16867328
16889228 16885760
16907660 16904192
16926092 16922624
16944524 16941056
16960908 16957440
16979340 16975872
16997772 16994304
17014156 17010688
17032588 17029120
17051020 17047552
17067404 17063936
17085836 17082368
17104268 17100800
17120620 17115136
17139084 17133568
17155468 17149952
17171852 17168384
17190284 17186816
17223052 17219584
17239436 17235968
17255820 17252352
17272204 17268736
17288588 17285120
17304972 17301504
17321356 17317888
17335692 17332224
17352076 17348608
17368460 17364992
17382796 17379328
17399180 17395712
17415564 17412096
17431948 17428480
17448332 17444864
17462668 17459200
17479052 17475584
17493388 17489920
17507724 17504256
17524108 17520640
17538444 17534976
17554828 17551360
17569164 17565696
17585548 17582080
17599884 17596416
17616268 17612800
17630604 17627136
17644940 17641472
17659276 17655808
17673612 17670144
17687948 17684480
17702284 17698816
17716620 17713152
17730956 17727488
17745292 17741824
17761676 17758208
17776012 17772544
17790348 17786880
17802636 17799168
17816972 17813504
17829260 17825792
17843596 17840128
17857932 17854464
17872268 17868800
17886604 17883136
17900940 17897472
17913228 17909760
17925516 17922048
17937804 17934336
17952140 17948672
17964428 17960960
17976716 17973248
17991052 17987584
18003340 17999872
18017676 18014208
18032012 18028544
18044300 18040832
18058636 18055168
18070924 18067456
18083212 18079744
18097548 18094080
18109836 18106368
18124172 18120704
18136460 18132992
18148748 18145280
18161036 18157568
18175372 18171904
18187660 18184192
18199948 18196480
18212236 18208768
18218380 18214912
18218380 18214912
18218380 18214912
18218380 18214912
18224524 18219008
18236812 18231296
18249100 18247680
18261292 18253824
18273484 18259968
18285932 18274304
18300300 18286592
18312588 18298880
18324876 18311168
18337164 18323456
18347404 18333696
18359692 18345984
18369624 18356224
18381772 18364416
18394124 18376704
18408524 18388992
18419212 18399232
18429948 18399232
18443276 18409472
18453516 18417664
18465900 18429952
18476172 18440192
18488460 18452480
18498764 18462720
18511052 18475008
18525896 18481152
18536076 18481152
18547500 18489344
18557636 18493440
18568220 18493440
18579328 18499584
18589928 18499584
18600392 18499584
18611080 18505728
18621256 18505728
18633132 18511872
18647608 18518016
18657288 18518016
18668012 18524160
18680392 18534400
18688672 18538496
18698616 18538496
18710892 18542592
18721388 18552832
18729616 18556928
18739472 18556928
18750092 18565120
18759968 18571264
18769292 18571264
18779196 18573312
18788360 18575360
18796384 18575360
18805388 18583552
18812780 18587648
18820660 18589696
18829836 18593792
18837560 18597888
18845012 18597888
18856492 18606080
18863816 18606080
18876652 18606080
18885496 18608128
18894732 18610176
18904200 18614272
18913312 18614272
18922624 18618368
18931676 18618368
18940660 18618368
18949772 18618368
18958680 18618368
18967452 18618368
18976232 18618368
18985060 18618368
18993404 18618368
19000748 18618368
19007968 18618368
19015360 18620416
19022612 18620416
19030732 18620416
19039600 18620416
19048404 18620416
19057304 18620416
19065940 18620416
19075180 18622464
19085580 18628608
19094028 18636800
19102316 18644992
19112652 18655232
19120940 18663424
19129132 18671616
19137420 18679808
19145612 18688000
19153836 18696192
19162060 18704384
19170284 18712576
19180524 18722816
19188716 18731008
19196908 18739200
19205100 18747392
19213292 18755584
19221484 18763776
19229708 18771968
19237900 18780160
19246092 18788352
19254284 18796544
19262508 18804736
19270732 18812928
19278956 18821120
19287148 18829312
19295340 18837504
19303532 18845696
19311724 18853888
19319916 18862080
19328108 18870272
19334252 18876416
19342444 18884608
19348588 18890752
19354732 18896896
19360876 18903040
19367020 18909184
19373164 18915328
19379308 18921472
19385452 18927616
19391596 18933760
19397740 18939904
19403916 18946048
19410060 18952192
19416204 18958336
19422348 18964480
19430540 18972672
19436684 18978816
19444876 18987008
19451020 18993152
19459244 19001344
19465388 19007488
19473580 19015680
19479756 19021824
19485996 19431424
19494284 19488768
19500428 19494912
19506572 19501056
19512716 19507200
19520908 19515392
19527052 19521536
19527052 19521536
19527052 19521536
19527052 19521536
19527052 19355648
19527052 18835456
19527052 18309120
19527052 17782784
19524844 17354752
19524524 17170432
19536736 17180672
19544992 17188864
19551144 17195008
19557292 17201152
19563340 17205248
19569548 17211392
19575648 17213440
19582004 17213440
19588248 17213440
19595156 17217536
19601512 17219584
19609520 17223680
19615260 17227776
19621512 17231872
19629628 17238016
19633784 17242112
19639896 17246208
19646104 17252352
19652188 17258496
19658460 17264640
19664600 17278976
19681080 17285120
19687256 17291264
19695480 17299456
19701624 17305600
19706208 17309696
19712212 17309696
19718428 17311744
19725852 17315840
19732156 17321984
19740120 17324032
19746436 17330176
19752568 17336320
19762680 17340416
19768888 17344512
19775156 17352704
19781204 17356800
19787412 17362944
19793580 17364992
19793580 17373184
19793584 17373184
19793504 17373184
19793500 17373184
19793492 17373184
19793492 17373184
19793492 17373184
19793492 17391616
19793512 17391616
19793512 17391616
19793512 17391616
19793512 17391616
19793492 17391616
19793492 17391616
19793512 17391616
19793512 17391616
19793512 17391616
19793512 17391616
19793512 17391616
19793488 17391616
19793488 17391616
19793488 17391616
19793488 17391616
19793508 17391616
19793504 17391616
19793472 17391616
19793472 17391616
19793472 17391616
19793472 17391616
19793472 17391616
19793472 17391616
19793492 17391616
19793492 17391616
19793492 17391616
19793472 17391616
19793472 17391616
19793472 17391616
19793472 17391616
19790640 17391616
19790640 17391616
19790640 17391616
19790620 17391616
19790620 17391616
19790620 17391616
19790620 17391616
19790620 17391616
19790636 17391616
19790636 17391616
19790616 17391616
19790616 17391616
19790616 17391616
19790616 17391616
19790616 17391616
19790616 17405952
19790616 17510400
19790636 17510400
19790636 17510400
19790636 17510400
19790636 17510400
19790616 17510400
19790616 17510400
19790616 17510400
19790616 17627136
19790636 17627136
19790636 17627136
19790636 17627136
19790636 17627136
19790616 17627136
19790616 17627136
19790616 17627136
19790616 17627136
19790636 17627136
19790676 17627136
19790676 17627136
19790676 17627136
19790676 17627136
19790676 17627136
19790676 17627136
19790676 17627136
19790676 17627136
19790676 17627136
19790676 17627136
19790676 17627136
19790676 17627136
19790676 17627136
19790676 17627136
19790676 17627136
19790676 17627136
19790676 17627136
19790676 17627136
19790676 17627136
19790676 17627136
19790676 17627136
19790676 17627136
19790676 17627136
19790676 17627136
19790676 17627136
19790676 17627136
19790676 17627136
19790676 17627136
19790676 17627136
19790676 17627136
19790676 17627136
19790676 17627136
19790676 17627136
19790676 17627136
19790676 17627136
19790676 17627136
19790676 17627136
19790676 17627136
19790676 17627136
19790676 17627136
19790676 17627136
19790784 17627136
19790784 17627136
19790784 17627136
19790784 17627136
19790784 19124224
19791200 19740672
19791200 19740672
19791200 19740672
19791200 19740672
19791200 19740672
19791200 19740672
19791200 19740672
19791200 19740672
19791200 19740672
19791200 19740672
19791200 19740672
19791200 19740672
19791424 19740672
