11398508 11395072
11398508 11395072
11406700 11403264
11414892 11411456
11421036 11417600
11429228 11425792
11437420 11433984
11443564 11440128
11451756 11448320
11459948 11456512
11466092 11462656
11474284 11470848
11480428 11476992
11488620 11485184
11494764 11491328
11500908 11497472
11509100 11505664
11515244 11511808
11523436 11520000
11529580 11526144
11535724 11532288
11543916 11540480
11550060 11546624
11556204 11552768
11562348 11558912
11568492 11565056
11574636 11571200
11580780 11577344
11586924 11583488
11595116 11591680
11601260 11597824
11607404 11603968
11613548 11610112
11619692 11616256
11625836 11622400
11631980 11628544
11636076 11632640
11642220 11638784
11648364 11644928
11654508 11651072
11660652 11657216
11666796 11663360
11672940 11669504
11679084 11675648
11695468 11694080
11701612 11698176
11707756 11704320
11722092 11718656
11726188 11722752
11732332 11728896
11738476 11735040
11746668 11743232
11750764 11747328
11756908 11753472
11761004 11757568
11767148 11763712
11771244 11767808
11777388 11773952
11781484 11778048
11787628 11784192
11791724 11788288
11797868 11794432
11801964 11798528
11808108 11804672
11812204 11808768
11816300 11812864
11822444 11819008
11826540 11823104
11830636 11827200
11836780 11833344
11840876 11837440
11844972 11841536
11851116 11847680
11855212 11851776
11859308 11855872
11863404 11859968
11867500 11864064
11873644 11870208
11877740 11874304
11881836 11878400
11885932 11882496
11890028 11886592
11894124 11890688
11898220 11894784
11904364 11900928
11908460 11905024
11912556 11909120
11916652 11913216
11920748 11917312
11924844 11921408
11928940 11925504
11933036 11929600
11937132 11933696
11941228 11937792
11945324 11941888
11949420 11945984
11953516 11950080
11957612 11954176
11959660 11956224
11963756 11960320
11967852 11964416
11971948 11968512
11976044 11972608
11980140 11976704
11984236 11980800
11988332 11984896
11990380 11986944
11994476 11991040
11998572 11995136
12002668 11999232
12006764 12003328
12008812 12005376
12012908 12009472
12017004 12013568
12019052 12015616
12019052 12015616
12019052 12015616
12021100 12017664
12025196 12021760
12029292 12025856
12031340 12027904
12035436 12032000
12039532 12036096
12041580 12038144
12045676 12042240
12049772 12046336
12051820 12048384
12055916 12052480
12057964 12054528
12062060 12058624
12064108 12060672
12068204 12064768
12072300 12068864
12074348 12070912
12078444 12075008
12080492 12077056
12084588 12081152
12086636 12083200
12090732 12087296
12092780 12089344
12094828 12091392
12098924 12095488
12100972 12097536
12105068 12101632
12107116 12103680
12109164 12105728
12113260 12109824
12115308 12111872
12117356 12113920
12125548 12122112
12127596 12124160
12131692 12128256
12133740 12130304
12137836 12134400
12139884 12136448
12143980 12140544
12146028 12142592
12152172 12148736
12154220 12150784
12156268 12152832
12158316 12154880
12162412 12158976
12164460 12161024
12166508 12163072
12168556 12165120
12170604 12167168
12174700 12171264
12176748 12173312
12178796 12175360
12180844 12177408
12182892 12179456
12184940 12181504
12189036 12185600
12191084 12187648
12193132 12189696
12195180 12191744
12197228 12193792
12199276 12195840
12201324 12197888
12203372 12199936
12207468 12204032
12211564 12208128
12213612 12210176
12215660 12212224
12217708 12214272
12219756 12216320
12221804 12218368
12223852 12220416
12225900 12222464
12227948 12224512
12229996 12226560
12232044 12228608
12234092 12230656
12236140 12232704
12238188 12234752
12240236 12236800
12242284 12238848
12244332 12240896
12246380 12242944
12248428 12244992
12250476 12247040
12252524 12249088
12254572 12251136
12256620 12253184
12258668 12255232
12260716 12257280
12262764 12259328
12264812 12261376
12264812 12261376
12266860 12263424
12268908 12265472
12270956 12267520
12273004 12269568
12275052 12271616
12277100 12273664
12279148 12275712
12281196 12277760
12281196 12277760
12283244 12279808
12285292 12281856
12287340 12283904
12289388 12285952
12291436 12288000
12291436 12288000
12293484 12290048
12295532 12292096
12297580 12294144
12299628 12296192
12299628 12296192
12301676 12298240
12303724 12300288
12305772 12302336
12305772 12302336
12307820 12304384
12309868 12306432
12311916 12308480
12311916 12308480
12313964 12310528
12316012 12312576
12318060 12314624
12320108 12316672
12320108 12316672
12320108 12316672
12320108 12316672
12320108 12316672
12322156 12318720
12324204 12320768
12326252 12322816
12326252 12322816
12328300 12324864
12330348 12326912
12332396 12328960
12332396 12328960
12334444 12331008
12336492 12333056
12336492 12333056
12338540 12335104
12340588 12337152
12340588 12337152
12342636 12339200
12344684 12341248
12344684 12341248
12346732 12343296
12348780 12345344
12348780 12345344
12350828 12347392
12350828 12347392
12352876 12349440
12354924 12351488
12354924 12351488
12356972 12353536
12359020 12355584
12359020 12355584
12361068 12357632
12361068 12357632
12363116 12359680
12365164 12361728
12365164 12361728
12367212 12363776
12367212 12363776
12369260 12365824
12371308 12367872
12371308 12367872
12373356 12369920
12375404 12371968
12377452 12374016
12377452 12374016
12379500 12376064
12381548 12378112
12383596 12380160
12383596 12380160
12385644 12382208
12385644 12382208
12387692 12384256
12387692 12384256
12389740 12386304
12389740 12386304
12391788 12388352
12391788 12388352
12393836 12390400
12393836 12390400
12395884 12392448
12395884 12392448
12397932 12394496
12397932 12394496
12399980 12396544
12399980 12396544
12399980 12396544
12399980 12396544
12399980 12396544
12399980 12396544
12399980 12396544
12399980 12396544
12399980 12396544
12399980 12396544
12399980 12396544
12399980 12396544
12399980 12396544
12399980 12396544
12399980 12396544
12399980 12396544
12399980 12396544
12399980 12396544
12399980 12396544
12399980 12396544
12399980 12396544
12399980 12396544
12399980 12396544
12399980 12396544
12399980 12396544
12399980 12396544
12399980 12396544
12399980 12396544
12399980 12396544
12399980 12396544
12399980 12396544
12399980 12396544
12399980 12396544
12399980 12396544
12399980 12396544
12399980 12396544
12399980 12396544
12399980 12396544
12399980 12396544
12399980 12396544
12399980 12396544
12399980 12396544
12399980 12396544
12399980 12396544
12399980 12396544
12399980 12396544
12399980 12396544
12399980 12396544
12399980 12396544
12399980 12396544
12399980 12396544
12399980 12396544
12399980 12396544
12399980 12396544
12399980 12396544
12399980 12396544
12399980 12396544
12399980 12396544
12399980 12396544
12399980 12396544
12399980 12396544
12399980 12396544
12399980 12396544
12399980 12396544
12399980 12396544
12399980 12396544
12399980 12396544
