thp_fault_alloc 9239
thp_fault_fallback 0
thp_collapse_alloc 11
thp_collapse_alloc_failed 0
thp_split 2
thp_zero_page_alloc 1
thp_zero_page_alloc_failed 0
thp_promote 0
thp_fault_alloc 11593
thp_fault_fallback 0
thp_collapse_alloc 11
thp_collapse_alloc_failed 0
thp_split 2
thp_zero_page_alloc 1
thp_zero_page_alloc_failed 0
thp_promote 0
thp_fault_alloc 11658
thp_fault_fallback 0
thp_collapse_alloc 11
thp_collapse_alloc_failed 0
thp_split 2
thp_zero_page_alloc 1
thp_zero_page_alloc_failed 0
thp_promote 0
thp_fault_alloc 11665
thp_fault_fallback 0
thp_collapse_alloc 11
thp_collapse_alloc_failed 0
thp_split 2
thp_zero_page_alloc 1
thp_zero_page_alloc_failed 0
thp_promote 0
thp_fault_alloc 11671
thp_fault_fallback 0
thp_collapse_alloc 11
thp_collapse_alloc_failed 0
thp_split 2
thp_zero_page_alloc 1
thp_zero_page_alloc_failed 0
thp_promote 0
thp_fault_alloc 11678
thp_fault_fallback 0
thp_collapse_alloc 11
thp_collapse_alloc_failed 0
thp_split 2
thp_zero_page_alloc 1
thp_zero_page_alloc_failed 0
thp_promote 0
thp_fault_alloc 11685
thp_fault_fallback 0
thp_collapse_alloc 11
thp_collapse_alloc_failed 0
thp_split 2
thp_zero_page_alloc 1
thp_zero_page_alloc_failed 0
thp_promote 0
thp_fault_alloc 11691
thp_fault_fallback 0
thp_collapse_alloc 11
thp_collapse_alloc_failed 0
thp_split 2
thp_zero_page_alloc 1
thp_zero_page_alloc_failed 0
thp_promote 0
thp_fault_alloc 11698
thp_fault_fallback 0
thp_collapse_alloc 11
thp_collapse_alloc_failed 0
thp_split 2
thp_zero_page_alloc 1
thp_zero_page_alloc_failed 0
thp_promote 0
thp_fault_alloc 11705
thp_fault_fallback 0
thp_collapse_alloc 11
thp_collapse_alloc_failed 0
thp_split 2
thp_zero_page_alloc 1
thp_zero_page_alloc_failed 0
thp_promote 0
thp_fault_alloc 11711
thp_fault_fallback 0
thp_collapse_alloc 11
thp_collapse_alloc_failed 0
thp_split 2
thp_zero_page_alloc 1
thp_zero_page_alloc_failed 0
thp_promote 0
thp_fault_alloc 11718
thp_fault_fallback 0
thp_collapse_alloc 11
thp_collapse_alloc_failed 0
thp_split 2
thp_zero_page_alloc 1
thp_zero_page_alloc_failed 0
thp_promote 0
thp_fault_alloc 11724
thp_fault_fallback 0
thp_collapse_alloc 11
thp_collapse_alloc_failed 0
thp_split 2
thp_zero_page_alloc 1
thp_zero_page_alloc_failed 0
thp_promote 0
thp_fault_alloc 11731
thp_fault_fallback 0
thp_collapse_alloc 11
thp_collapse_alloc_failed 0
thp_split 2
thp_zero_page_alloc 1
thp_zero_page_alloc_failed 0
thp_promote 0
thp_fault_alloc 11737
thp_fault_fallback 0
thp_collapse_alloc 11
thp_collapse_alloc_failed 0
thp_split 2
thp_zero_page_alloc 1
thp_zero_page_alloc_failed 0
thp_promote 0
thp_fault_alloc 11743
thp_fault_fallback 0
thp_collapse_alloc 11
thp_collapse_alloc_failed 0
thp_split 2
thp_zero_page_alloc 1
thp_zero_page_alloc_failed 0
thp_promote 0
thp_fault_alloc 11751
thp_fault_fallback 0
thp_collapse_alloc 11
thp_collapse_alloc_failed 0
thp_split 2
thp_zero_page_alloc 1
thp_zero_page_alloc_failed 0
thp_promote 0
thp_fault_alloc 11757
thp_fault_fallback 0
thp_collapse_alloc 11
thp_collapse_alloc_failed 0
thp_split 2
thp_zero_page_alloc 1
thp_zero_page_alloc_failed 0
thp_promote 0
thp_fault_alloc 11764
thp_fault_fallback 0
thp_collapse_alloc 11
thp_collapse_alloc_failed 0
thp_split 2
thp_zero_page_alloc 1
thp_zero_page_alloc_failed 0
thp_promote 0
thp_fault_alloc 11770
thp_fault_fallback 0
thp_collapse_alloc 11
thp_collapse_alloc_failed 0
thp_split 2
thp_zero_page_alloc 1
thp_zero_page_alloc_failed 0
thp_promote 0
thp_fault_alloc 11776
thp_fault_fallback 0
thp_collapse_alloc 11
thp_collapse_alloc_failed 0
thp_split 2
thp_zero_page_alloc 1
thp_zero_page_alloc_failed 0
thp_promote 0
thp_fault_alloc 11783
thp_fault_fallback 0
thp_collapse_alloc 11
thp_collapse_alloc_failed 0
thp_split 2
thp_zero_page_alloc 1
thp_zero_page_alloc_failed 0
thp_promote 0
thp_fault_alloc 11789
thp_fault_fallback 0
thp_collapse_alloc 11
thp_collapse_alloc_failed 0
thp_split 2
thp_zero_page_alloc 1
thp_zero_page_alloc_failed 0
thp_promote 0
thp_fault_alloc 11795
thp_fault_fallback 0
thp_collapse_alloc 11
thp_collapse_alloc_failed 0
thp_split 2
thp_zero_page_alloc 1
thp_zero_page_alloc_failed 0
thp_promote 0
thp_fault_alloc 11801
thp_fault_fallback 0
thp_collapse_alloc 11
thp_collapse_alloc_failed 0
thp_split 2
thp_zero_page_alloc 1
thp_zero_page_alloc_failed 0
thp_promote 0
thp_fault_alloc 11807
thp_fault_fallback 0
thp_collapse_alloc 11
thp_collapse_alloc_failed 0
thp_split 2
thp_zero_page_alloc 1
thp_zero_page_alloc_failed 0
thp_promote 0
thp_fault_alloc 11813
thp_fault_fallback 0
thp_collapse_alloc 11
thp_collapse_alloc_failed 0
thp_split 2
thp_zero_page_alloc 1
thp_zero_page_alloc_failed 0
thp_promote 0
thp_fault_alloc 11819
thp_fault_fallback 0
thp_collapse_alloc 11
thp_collapse_alloc_failed 0
thp_split 2
thp_zero_page_alloc 1
thp_zero_page_alloc_failed 0
thp_promote 0
thp_fault_alloc 11825
thp_fault_fallback 0
thp_collapse_alloc 11
thp_collapse_alloc_failed 0
thp_split 2
thp_zero_page_alloc 1
thp_zero_page_alloc_failed 0
thp_promote 0
thp_fault_alloc 11832
thp_fault_fallback 0
thp_collapse_alloc 11
thp_collapse_alloc_failed 0
thp_split 2
thp_zero_page_alloc 1
thp_zero_page_alloc_failed 0
thp_promote 0
thp_fault_alloc 11838
thp_fault_fallback 0
thp_collapse_alloc 11
thp_collapse_alloc_failed 0
thp_split 2
thp_zero_page_alloc 1
thp_zero_page_alloc_failed 0
thp_promote 0
thp_fault_alloc 11844
thp_fault_fallback 0
thp_collapse_alloc 11
thp_collapse_alloc_failed 0
thp_split 2
thp_zero_page_alloc 1
thp_zero_page_alloc_failed 0
thp_promote 0
thp_fault_alloc 11849
thp_fault_fallback 0
thp_collapse_alloc 11
thp_collapse_alloc_failed 0
thp_split 2
thp_zero_page_alloc 1
thp_zero_page_alloc_failed 0
thp_promote 0
thp_fault_alloc 11855
thp_fault_fallback 0
thp_collapse_alloc 11
thp_collapse_alloc_failed 0
thp_split 2
thp_zero_page_alloc 1
thp_zero_page_alloc_failed 0
thp_promote 0
thp_fault_alloc 11861
thp_fault_fallback 0
thp_collapse_alloc 11
thp_collapse_alloc_failed 0
thp_split 2
thp_zero_page_alloc 1
thp_zero_page_alloc_failed 0
thp_promote 0
thp_fault_alloc 11867
thp_fault_fallback 0
thp_collapse_alloc 11
thp_collapse_alloc_failed 0
thp_split 2
thp_zero_page_alloc 1
thp_zero_page_alloc_failed 0
thp_promote 0
thp_fault_alloc 11872
thp_fault_fallback 0
thp_collapse_alloc 11
thp_collapse_alloc_failed 0
thp_split 2
thp_zero_page_alloc 1
thp_zero_page_alloc_failed 0
thp_promote 0
thp_fault_alloc 11878
thp_fault_fallback 0
thp_collapse_alloc 11
thp_collapse_alloc_failed 0
thp_split 2
thp_zero_page_alloc 1
thp_zero_page_alloc_failed 0
thp_promote 0
thp_fault_alloc 11884
thp_fault_fallback 0
thp_collapse_alloc 11
thp_collapse_alloc_failed 0
thp_split 2
thp_zero_page_alloc 1
thp_zero_page_alloc_failed 0
thp_promote 0
thp_fault_alloc 11890
thp_fault_fallback 0
thp_collapse_alloc 11
thp_collapse_alloc_failed 0
thp_split 2
thp_zero_page_alloc 1
thp_zero_page_alloc_failed 0
thp_promote 0
thp_fault_alloc 11896
thp_fault_fallback 0
thp_collapse_alloc 11
thp_collapse_alloc_failed 0
thp_split 2
thp_zero_page_alloc 1
thp_zero_page_alloc_failed 0
thp_promote 0
thp_fault_alloc 11902
thp_fault_fallback 0
thp_collapse_alloc 11
thp_collapse_alloc_failed 0
thp_split 2
thp_zero_page_alloc 1
thp_zero_page_alloc_failed 0
thp_promote 0
thp_fault_alloc 11909
thp_fault_fallback 0
thp_collapse_alloc 11
thp_collapse_alloc_failed 0
thp_split 2
thp_zero_page_alloc 1
thp_zero_page_alloc_failed 0
thp_promote 0
thp_fault_alloc 11915
thp_fault_fallback 0
thp_collapse_alloc 11
thp_collapse_alloc_failed 0
thp_split 2
thp_zero_page_alloc 1
thp_zero_page_alloc_failed 0
thp_promote 0
thp_fault_alloc 11933
thp_fault_fallback 0
thp_collapse_alloc 11
thp_collapse_alloc_failed 0
thp_split 2
thp_zero_page_alloc 1
thp_zero_page_alloc_failed 0
thp_promote 0
thp_fault_alloc 11938
thp_fault_fallback 0
thp_collapse_alloc 11
thp_collapse_alloc_failed 0
thp_split 2
thp_zero_page_alloc 1
thp_zero_page_alloc_failed 0
thp_promote 0
thp_fault_alloc 11944
thp_fault_fallback 0
thp_collapse_alloc 11
thp_collapse_alloc_failed 0
thp_split 2
thp_zero_page_alloc 1
thp_zero_page_alloc_failed 0
thp_promote 0
thp_fault_alloc 11959
thp_fault_fallback 0
thp_collapse_alloc 11
thp_collapse_alloc_failed 0
thp_split 2
thp_zero_page_alloc 1
thp_zero_page_alloc_failed 0
thp_promote 0
thp_fault_alloc 11967
thp_fault_fallback 0
thp_collapse_alloc 12
thp_collapse_alloc_failed 0
thp_split 2
thp_zero_page_alloc 1
thp_zero_page_alloc_failed 0
thp_promote 0
thp_fault_alloc 11977
thp_fault_fallback 0
thp_collapse_alloc 12
thp_collapse_alloc_failed 0
thp_split 2
thp_zero_page_alloc 1
thp_zero_page_alloc_failed 0
thp_promote 0
thp_fault_alloc 11988
thp_fault_fallback 0
thp_collapse_alloc 12
thp_collapse_alloc_failed 0
thp_split 2
thp_zero_page_alloc 1
thp_zero_page_alloc_failed 0
thp_promote 0
thp_fault_alloc 12000
thp_fault_fallback 0
thp_collapse_alloc 12
thp_collapse_alloc_failed 0
thp_split 2
thp_zero_page_alloc 1
thp_zero_page_alloc_failed 0
thp_promote 0
thp_fault_alloc 12009
thp_fault_fallback 0
thp_collapse_alloc 12
thp_collapse_alloc_failed 0
thp_split 2
thp_zero_page_alloc 1
thp_zero_page_alloc_failed 0
thp_promote 0
thp_fault_alloc 12019
thp_fault_fallback 0
thp_collapse_alloc 12
thp_collapse_alloc_failed 0
thp_split 2
thp_zero_page_alloc 1
thp_zero_page_alloc_failed 0
thp_promote 0
thp_fault_alloc 12028
thp_fault_fallback 0
thp_collapse_alloc 12
thp_collapse_alloc_failed 0
thp_split 2
thp_zero_page_alloc 1
thp_zero_page_alloc_failed 0
thp_promote 0
thp_fault_alloc 12038
thp_fault_fallback 0
thp_collapse_alloc 12
thp_collapse_alloc_failed 0
thp_split 2
thp_zero_page_alloc 1
thp_zero_page_alloc_failed 0
thp_promote 0
thp_fault_alloc 12047
thp_fault_fallback 0
thp_collapse_alloc 12
thp_collapse_alloc_failed 0
thp_split 2
thp_zero_page_alloc 1
thp_zero_page_alloc_failed 0
thp_promote 0
thp_fault_alloc 12057
thp_fault_fallback 0
thp_collapse_alloc 12
thp_collapse_alloc_failed 0
thp_split 2
thp_zero_page_alloc 1
thp_zero_page_alloc_failed 0
thp_promote 0
thp_fault_alloc 12066
thp_fault_fallback 0
thp_collapse_alloc 12
thp_collapse_alloc_failed 0
thp_split 2
thp_zero_page_alloc 1
thp_zero_page_alloc_failed 0
thp_promote 0
thp_fault_alloc 12076
thp_fault_fallback 0
thp_collapse_alloc 12
thp_collapse_alloc_failed 0
thp_split 2
thp_zero_page_alloc 1
thp_zero_page_alloc_failed 0
thp_promote 0
thp_fault_alloc 12085
thp_fault_fallback 0
thp_collapse_alloc 12
thp_collapse_alloc_failed 0
thp_split 2
thp_zero_page_alloc 1
thp_zero_page_alloc_failed 0
thp_promote 0
thp_fault_alloc 12095
thp_fault_fallback 0
thp_collapse_alloc 12
thp_collapse_alloc_failed 0
thp_split 2
thp_zero_page_alloc 1
thp_zero_page_alloc_failed 0
thp_promote 0
thp_fault_alloc 12104
thp_fault_fallback 0
thp_collapse_alloc 12
thp_collapse_alloc_failed 0
thp_split 2
thp_zero_page_alloc 1
thp_zero_page_alloc_failed 0
thp_promote 0
thp_fault_alloc 12114
thp_fault_fallback 0
thp_collapse_alloc 12
thp_collapse_alloc_failed 0
thp_split 2
thp_zero_page_alloc 1
thp_zero_page_alloc_failed 0
thp_promote 0
thp_fault_alloc 12123
thp_fault_fallback 0
thp_collapse_alloc 12
thp_collapse_alloc_failed 0
thp_split 2
thp_zero_page_alloc 1
thp_zero_page_alloc_failed 0
thp_promote 0
thp_fault_alloc 12132
thp_fault_fallback 0
thp_collapse_alloc 12
thp_collapse_alloc_failed 0
thp_split 2
thp_zero_page_alloc 1
thp_zero_page_alloc_failed 0
thp_promote 0
thp_fault_alloc 12142
thp_fault_fallback 0
thp_collapse_alloc 12
thp_collapse_alloc_failed 0
thp_split 2
thp_zero_page_alloc 1
thp_zero_page_alloc_failed 0
thp_promote 0
thp_fault_alloc 12151
thp_fault_fallback 0
thp_collapse_alloc 12
thp_collapse_alloc_failed 0
thp_split 2
thp_zero_page_alloc 1
thp_zero_page_alloc_failed 0
thp_promote 0
thp_fault_alloc 12160
thp_fault_fallback 0
thp_collapse_alloc 12
thp_collapse_alloc_failed 0
thp_split 2
thp_zero_page_alloc 1
thp_zero_page_alloc_failed 0
thp_promote 0
thp_fault_alloc 12170
thp_fault_fallback 0
thp_collapse_alloc 12
thp_collapse_alloc_failed 0
thp_split 2
thp_zero_page_alloc 1
thp_zero_page_alloc_failed 0
thp_promote 0
thp_fault_alloc 12179
thp_fault_fallback 0
thp_collapse_alloc 12
thp_collapse_alloc_failed 0
thp_split 2
thp_zero_page_alloc 1
thp_zero_page_alloc_failed 0
thp_promote 0
thp_fault_alloc 12188
thp_fault_fallback 0
thp_collapse_alloc 12
thp_collapse_alloc_failed 0
thp_split 2
thp_zero_page_alloc 1
thp_zero_page_alloc_failed 0
thp_promote 0
thp_fault_alloc 12198
thp_fault_fallback 0
thp_collapse_alloc 12
thp_collapse_alloc_failed 0
thp_split 2
thp_zero_page_alloc 1
thp_zero_page_alloc_failed 0
thp_promote 0
thp_fault_alloc 12207
thp_fault_fallback 0
thp_collapse_alloc 12
thp_collapse_alloc_failed 0
thp_split 2
thp_zero_page_alloc 1
thp_zero_page_alloc_failed 0
thp_promote 0
thp_fault_alloc 12216
thp_fault_fallback 0
thp_collapse_alloc 12
thp_collapse_alloc_failed 0
thp_split 2
thp_zero_page_alloc 1
thp_zero_page_alloc_failed 0
thp_promote 0
thp_fault_alloc 12225
thp_fault_fallback 0
thp_collapse_alloc 12
thp_collapse_alloc_failed 0
thp_split 2
thp_zero_page_alloc 1
thp_zero_page_alloc_failed 0
thp_promote 0
thp_fault_alloc 12234
thp_fault_fallback 0
thp_collapse_alloc 12
thp_collapse_alloc_failed 0
thp_split 3
thp_zero_page_alloc 1
thp_zero_page_alloc_failed 0
thp_promote 0
thp_fault_alloc 12244
thp_fault_fallback 0
thp_collapse_alloc 13
thp_collapse_alloc_failed 0
thp_split 3
thp_zero_page_alloc 1
thp_zero_page_alloc_failed 0
thp_promote 0
thp_fault_alloc 12253
thp_fault_fallback 0
thp_collapse_alloc 13
thp_collapse_alloc_failed 0
thp_split 3
thp_zero_page_alloc 1
thp_zero_page_alloc_failed 0
thp_promote 0
thp_fault_alloc 12262
thp_fault_fallback 0
thp_collapse_alloc 13
thp_collapse_alloc_failed 0
thp_split 4
thp_zero_page_alloc 1
thp_zero_page_alloc_failed 0
thp_promote 0
thp_fault_alloc 12271
thp_fault_fallback 0
thp_collapse_alloc 13
thp_collapse_alloc_failed 0
thp_split 4
thp_zero_page_alloc 1
thp_zero_page_alloc_failed 0
thp_promote 0
thp_fault_alloc 12280
thp_fault_fallback 0
thp_collapse_alloc 13
thp_collapse_alloc_failed 0
thp_split 4
thp_zero_page_alloc 1
thp_zero_page_alloc_failed 0
thp_promote 0
thp_fault_alloc 12289
thp_fault_fallback 0
thp_collapse_alloc 13
thp_collapse_alloc_failed 0
thp_split 4
thp_zero_page_alloc 1
thp_zero_page_alloc_failed 0
thp_promote 0
thp_fault_alloc 12298
thp_fault_fallback 0
thp_collapse_alloc 13
thp_collapse_alloc_failed 0
thp_split 4
thp_zero_page_alloc 1
thp_zero_page_alloc_failed 0
thp_promote 0
thp_fault_alloc 12308
thp_fault_fallback 0
thp_collapse_alloc 13
thp_collapse_alloc_failed 0
thp_split 4
thp_zero_page_alloc 1
thp_zero_page_alloc_failed 0
thp_promote 0
thp_fault_alloc 12317
thp_fault_fallback 0
thp_collapse_alloc 13
thp_collapse_alloc_failed 0
thp_split 4
thp_zero_page_alloc 1
thp_zero_page_alloc_failed 0
thp_promote 0
thp_fault_alloc 12326
thp_fault_fallback 0
thp_collapse_alloc 13
thp_collapse_alloc_failed 0
thp_split 4
thp_zero_page_alloc 1
thp_zero_page_alloc_failed 0
thp_promote 0
thp_fault_alloc 12335
thp_fault_fallback 0
thp_collapse_alloc 15
thp_collapse_alloc_failed 0
thp_split 4
thp_zero_page_alloc 1
thp_zero_page_alloc_failed 0
thp_promote 0
thp_fault_alloc 12347
thp_fault_fallback 0
thp_collapse_alloc 15
thp_collapse_alloc_failed 0
thp_split 4
thp_zero_page_alloc 1
thp_zero_page_alloc_failed 0
thp_promote 0
thp_fault_alloc 12366
thp_fault_fallback 0
thp_collapse_alloc 15
thp_collapse_alloc_failed 0
thp_split 4
thp_zero_page_alloc 1
thp_zero_page_alloc_failed 0
thp_promote 0
thp_fault_alloc 12379
thp_fault_fallback 0
thp_collapse_alloc 15
thp_collapse_alloc_failed 0
thp_split 4
thp_zero_page_alloc 1
thp_zero_page_alloc_failed 0
thp_promote 0
thp_fault_alloc 12391
thp_fault_fallback 0
thp_collapse_alloc 15
thp_collapse_alloc_failed 0
thp_split 4
thp_zero_page_alloc 1
thp_zero_page_alloc_failed 0
thp_promote 0
thp_fault_alloc 12402
thp_fault_fallback 0
thp_collapse_alloc 15
thp_collapse_alloc_failed 0
thp_split 4
thp_zero_page_alloc 1
thp_zero_page_alloc_failed 0
thp_promote 0
thp_fault_alloc 12414
thp_fault_fallback 0
thp_collapse_alloc 15
thp_collapse_alloc_failed 0
thp_split 4
thp_zero_page_alloc 1
thp_zero_page_alloc_failed 0
thp_promote 0
thp_fault_alloc 12426
thp_fault_fallback 0
thp_collapse_alloc 15
thp_collapse_alloc_failed 0
thp_split 4
thp_zero_page_alloc 1
thp_zero_page_alloc_failed 0
thp_promote 0
thp_fault_alloc 12438
thp_fault_fallback 0
thp_collapse_alloc 15
thp_collapse_alloc_failed 0
thp_split 4
thp_zero_page_alloc 1
thp_zero_page_alloc_failed 0
thp_promote 0
thp_fault_alloc 12449
thp_fault_fallback 0
thp_collapse_alloc 15
thp_collapse_alloc_failed 0
thp_split 4
thp_zero_page_alloc 1
thp_zero_page_alloc_failed 0
thp_promote 0
thp_fault_alloc 12460
thp_fault_fallback 0
thp_collapse_alloc 15
thp_collapse_alloc_failed 0
thp_split 5
thp_zero_page_alloc 1
thp_zero_page_alloc_failed 0
thp_promote 0
thp_fault_alloc 12471
thp_fault_fallback 0
thp_collapse_alloc 15
thp_collapse_alloc_failed 0
thp_split 5
thp_zero_page_alloc 1
thp_zero_page_alloc_failed 0
thp_promote 0
thp_fault_alloc 12482
thp_fault_fallback 0
thp_collapse_alloc 15
thp_collapse_alloc_failed 0
thp_split 5
thp_zero_page_alloc 1
thp_zero_page_alloc_failed 0
thp_promote 0
thp_fault_alloc 12494
thp_fault_fallback 0
thp_collapse_alloc 15
thp_collapse_alloc_failed 0
thp_split 5
thp_zero_page_alloc 1
thp_zero_page_alloc_failed 0
thp_promote 0
thp_fault_alloc 12505
thp_fault_fallback 0
thp_collapse_alloc 15
thp_collapse_alloc_failed 0
thp_split 5
thp_zero_page_alloc 1
thp_zero_page_alloc_failed 0
thp_promote 0
thp_fault_alloc 12517
thp_fault_fallback 0
thp_collapse_alloc 15
thp_collapse_alloc_failed 0
thp_split 5
thp_zero_page_alloc 1
thp_zero_page_alloc_failed 0
thp_promote 0
thp_fault_alloc 12528
thp_fault_fallback 0
thp_collapse_alloc 15
thp_collapse_alloc_failed 0
thp_split 5
thp_zero_page_alloc 1
thp_zero_page_alloc_failed 0
thp_promote 0
thp_fault_alloc 12541
thp_fault_fallback 0
thp_collapse_alloc 15
thp_collapse_alloc_failed 0
thp_split 5
thp_zero_page_alloc 1
thp_zero_page_alloc_failed 0
thp_promote 0
thp_fault_alloc 12554
thp_fault_fallback 0
thp_collapse_alloc 15
thp_collapse_alloc_failed 0
thp_split 5
thp_zero_page_alloc 1
thp_zero_page_alloc_failed 0
thp_promote 0
thp_fault_alloc 12566
thp_fault_fallback 0
thp_collapse_alloc 15
thp_collapse_alloc_failed 0
thp_split 5
thp_zero_page_alloc 1
thp_zero_page_alloc_failed 0
thp_promote 0
thp_fault_alloc 12577
thp_fault_fallback 0
thp_collapse_alloc 16
thp_collapse_alloc_failed 0
thp_split 5
thp_zero_page_alloc 1
thp_zero_page_alloc_failed 0
thp_promote 0
thp_fault_alloc 12588
thp_fault_fallback 0
thp_collapse_alloc 16
thp_collapse_alloc_failed 0
thp_split 5
thp_zero_page_alloc 1
thp_zero_page_alloc_failed 0
thp_promote 0
thp_fault_alloc 12601
thp_fault_fallback 0
thp_collapse_alloc 16
thp_collapse_alloc_failed 0
thp_split 5
thp_zero_page_alloc 1
thp_zero_page_alloc_failed 0
thp_promote 0
thp_fault_alloc 12612
thp_fault_fallback 0
thp_collapse_alloc 16
thp_collapse_alloc_failed 0
thp_split 5
thp_zero_page_alloc 1
thp_zero_page_alloc_failed 0
thp_promote 0
thp_fault_alloc 12624
thp_fault_fallback 0
thp_collapse_alloc 16
thp_collapse_alloc_failed 0
thp_split 5
thp_zero_page_alloc 1
thp_zero_page_alloc_failed 0
thp_promote 0
thp_fault_alloc 12637
thp_fault_fallback 0
thp_collapse_alloc 16
thp_collapse_alloc_failed 0
thp_split 5
thp_zero_page_alloc 1
thp_zero_page_alloc_failed 0
thp_promote 0
thp_fault_alloc 12650
thp_fault_fallback 0
thp_collapse_alloc 16
thp_collapse_alloc_failed 0
thp_split 5
thp_zero_page_alloc 1
thp_zero_page_alloc_failed 0
thp_promote 0
thp_fault_alloc 13214
thp_fault_fallback 0
thp_collapse_alloc 16
thp_collapse_alloc_failed 0
thp_split 5
thp_zero_page_alloc 1
thp_zero_page_alloc_failed 0
thp_promote 0
thp_fault_alloc 15439
thp_fault_fallback 0
thp_collapse_alloc 16
thp_collapse_alloc_failed 0
thp_split 5
thp_zero_page_alloc 1
thp_zero_page_alloc_failed 0
thp_promote 0
thp_fault_alloc 17658
thp_fault_fallback 0
thp_collapse_alloc 16
thp_collapse_alloc_failed 0
thp_split 5
thp_zero_page_alloc 1
thp_zero_page_alloc_failed 0
thp_promote 0
thp_fault_alloc 18555
thp_fault_fallback 0
thp_collapse_alloc 16
thp_collapse_alloc_failed 0
thp_split 5
thp_zero_page_alloc 1
thp_zero_page_alloc_failed 0
thp_promote 0
thp_fault_alloc 18568
thp_fault_fallback 0
thp_collapse_alloc 16
thp_collapse_alloc_failed 0
thp_split 5
thp_zero_page_alloc 1
thp_zero_page_alloc_failed 0
thp_promote 0
thp_fault_alloc 18579
thp_fault_fallback 0
thp_collapse_alloc 16
thp_collapse_alloc_failed 0
thp_split 5
thp_zero_page_alloc 1
thp_zero_page_alloc_failed 0
thp_promote 0
thp_fault_alloc 18591
thp_fault_fallback 0
thp_collapse_alloc 16
thp_collapse_alloc_failed 0
thp_split 5
thp_zero_page_alloc 1
thp_zero_page_alloc_failed 0
thp_promote 0
thp_fault_alloc 18603
thp_fault_fallback 0
thp_collapse_alloc 16
thp_collapse_alloc_failed 0
thp_split 5
thp_zero_page_alloc 1
thp_zero_page_alloc_failed 0
thp_promote 0
thp_fault_alloc 18616
thp_fault_fallback 0
thp_collapse_alloc 16
thp_collapse_alloc_failed 0
thp_split 5
thp_zero_page_alloc 1
thp_zero_page_alloc_failed 0
thp_promote 0
thp_fault_alloc 18626
thp_fault_fallback 0
thp_collapse_alloc 16
thp_collapse_alloc_failed 0
thp_split 5
thp_zero_page_alloc 1
thp_zero_page_alloc_failed 0
thp_promote 0
thp_fault_alloc 18639
thp_fault_fallback 0
thp_collapse_alloc 16
thp_collapse_alloc_failed 0
thp_split 5
thp_zero_page_alloc 1
thp_zero_page_alloc_failed 0
thp_promote 0
thp_fault_alloc 18652
thp_fault_fallback 0
thp_collapse_alloc 16
thp_collapse_alloc_failed 0
thp_split 5
thp_zero_page_alloc 1
thp_zero_page_alloc_failed 0
thp_promote 0
thp_fault_alloc 18662
thp_fault_fallback 0
thp_collapse_alloc 17
thp_collapse_alloc_failed 0
thp_split 5
thp_zero_page_alloc 1
thp_zero_page_alloc_failed 0
thp_promote 0
thp_fault_alloc 18678
thp_fault_fallback 0
thp_collapse_alloc 17
thp_collapse_alloc_failed 0
thp_split 5
thp_zero_page_alloc 1
thp_zero_page_alloc_failed 0
thp_promote 0
thp_fault_alloc 18691
thp_fault_fallback 0
thp_collapse_alloc 17
thp_collapse_alloc_failed 0
thp_split 5
thp_zero_page_alloc 1
thp_zero_page_alloc_failed 0
thp_promote 0
thp_fault_alloc 18703
thp_fault_fallback 0
thp_collapse_alloc 17
thp_collapse_alloc_failed 0
thp_split 5
thp_zero_page_alloc 1
thp_zero_page_alloc_failed 0
thp_promote 0
thp_fault_alloc 18718
thp_fault_fallback 0
thp_collapse_alloc 17
thp_collapse_alloc_failed 0
thp_split 5
thp_zero_page_alloc 1
thp_zero_page_alloc_failed 0
thp_promote 0
thp_fault_alloc 18731
thp_fault_fallback 0
thp_collapse_alloc 17
thp_collapse_alloc_failed 0
thp_split 5
thp_zero_page_alloc 1
thp_zero_page_alloc_failed 0
thp_promote 0
thp_fault_alloc 18744
thp_fault_fallback 0
thp_collapse_alloc 17
thp_collapse_alloc_failed 0
thp_split 5
thp_zero_page_alloc 1
thp_zero_page_alloc_failed 0
thp_promote 0
thp_fault_alloc 18759
thp_fault_fallback 0
thp_collapse_alloc 17
thp_collapse_alloc_failed 0
thp_split 5
thp_zero_page_alloc 1
thp_zero_page_alloc_failed 0
thp_promote 0
thp_fault_alloc 18774
thp_fault_fallback 0
thp_collapse_alloc 17
thp_collapse_alloc_failed 0
thp_split 5
thp_zero_page_alloc 1
thp_zero_page_alloc_failed 0
thp_promote 0
thp_fault_alloc 18787
thp_fault_fallback 0
thp_collapse_alloc 17
thp_collapse_alloc_failed 0
thp_split 5
thp_zero_page_alloc 1
thp_zero_page_alloc_failed 0
thp_promote 0
thp_fault_alloc 18802
thp_fault_fallback 0
thp_collapse_alloc 17
thp_collapse_alloc_failed 0
thp_split 5
thp_zero_page_alloc 1
thp_zero_page_alloc_failed 0
thp_promote 0
thp_fault_alloc 18816
thp_fault_fallback 0
thp_collapse_alloc 17
thp_collapse_alloc_failed 0
thp_split 5
thp_zero_page_alloc 1
thp_zero_page_alloc_failed 0
thp_promote 0
thp_fault_alloc 18831
thp_fault_fallback 0
thp_collapse_alloc 17
thp_collapse_alloc_failed 0
thp_split 5
thp_zero_page_alloc 1
thp_zero_page_alloc_failed 0
thp_promote 0
thp_fault_alloc 18844
thp_fault_fallback 0
thp_collapse_alloc 17
thp_collapse_alloc_failed 0
thp_split 5
thp_zero_page_alloc 1
thp_zero_page_alloc_failed 0
thp_promote 0
thp_fault_alloc 18858
thp_fault_fallback 0
thp_collapse_alloc 17
thp_collapse_alloc_failed 0
thp_split 5
thp_zero_page_alloc 1
thp_zero_page_alloc_failed 0
thp_promote 0
thp_fault_alloc 18871
thp_fault_fallback 0
thp_collapse_alloc 17
thp_collapse_alloc_failed 0
thp_split 5
thp_zero_page_alloc 1
thp_zero_page_alloc_failed 0
thp_promote 0
thp_fault_alloc 18886
thp_fault_fallback 0
thp_collapse_alloc 17
thp_collapse_alloc_failed 0
thp_split 5
thp_zero_page_alloc 1
thp_zero_page_alloc_failed 0
thp_promote 0
thp_fault_alloc 18900
thp_fault_fallback 0
thp_collapse_alloc 17
thp_collapse_alloc_failed 0
thp_split 5
thp_zero_page_alloc 1
thp_zero_page_alloc_failed 0
thp_promote 0
thp_fault_alloc 18915
thp_fault_fallback 0
thp_collapse_alloc 17
thp_collapse_alloc_failed 0
thp_split 5
thp_zero_page_alloc 1
thp_zero_page_alloc_failed 0
thp_promote 0
thp_fault_alloc 18929
thp_fault_fallback 0
thp_collapse_alloc 17
thp_collapse_alloc_failed 0
thp_split 5
thp_zero_page_alloc 1
thp_zero_page_alloc_failed 0
thp_promote 0
thp_fault_alloc 18943
thp_fault_fallback 0
thp_collapse_alloc 17
thp_collapse_alloc_failed 0
thp_split 5
thp_zero_page_alloc 1
thp_zero_page_alloc_failed 0
thp_promote 0
thp_fault_alloc 18957
thp_fault_fallback 0
thp_collapse_alloc 17
thp_collapse_alloc_failed 0
thp_split 5
thp_zero_page_alloc 1
thp_zero_page_alloc_failed 0
thp_promote 0
thp_fault_alloc 18971
thp_fault_fallback 0
thp_collapse_alloc 17
thp_collapse_alloc_failed 0
thp_split 5
thp_zero_page_alloc 1
thp_zero_page_alloc_failed 0
thp_promote 0
thp_fault_alloc 19011
thp_fault_fallback 0
thp_collapse_alloc 17
thp_collapse_alloc_failed 0
thp_split 5
thp_zero_page_alloc 1
thp_zero_page_alloc_failed 0
thp_promote 0
thp_fault_alloc 19024
thp_fault_fallback 0
thp_collapse_alloc 17
thp_collapse_alloc_failed 0
thp_split 5
thp_zero_page_alloc 1
thp_zero_page_alloc_failed 0
thp_promote 0
thp_fault_alloc 19038
thp_fault_fallback 0
thp_collapse_alloc 17
thp_collapse_alloc_failed 0
thp_split 5
thp_zero_page_alloc 1
thp_zero_page_alloc_failed 0
thp_promote 0
thp_fault_alloc 19053
thp_fault_fallback 0
thp_collapse_alloc 17
thp_collapse_alloc_failed 0
thp_split 5
thp_zero_page_alloc 1
thp_zero_page_alloc_failed 0
thp_promote 0
thp_fault_alloc 19068
thp_fault_fallback 0
thp_collapse_alloc 17
thp_collapse_alloc_failed 0
thp_split 5
thp_zero_page_alloc 1
thp_zero_page_alloc_failed 0
thp_promote 0
thp_fault_alloc 19081
thp_fault_fallback 0
thp_collapse_alloc 17
thp_collapse_alloc_failed 0
thp_split 5
thp_zero_page_alloc 1
thp_zero_page_alloc_failed 0
thp_promote 0
thp_fault_alloc 19096
thp_fault_fallback 0
thp_collapse_alloc 17
thp_collapse_alloc_failed 0
thp_split 5
thp_zero_page_alloc 1
thp_zero_page_alloc_failed 0
thp_promote 0
thp_fault_alloc 19110
thp_fault_fallback 0
thp_collapse_alloc 17
thp_collapse_alloc_failed 0
thp_split 5
thp_zero_page_alloc 1
thp_zero_page_alloc_failed 0
thp_promote 0
thp_fault_alloc 19138
thp_fault_fallback 0
thp_collapse_alloc 17
thp_collapse_alloc_failed 0
thp_split 5
thp_zero_page_alloc 1
thp_zero_page_alloc_failed 0
thp_promote 0
thp_fault_alloc 19151
thp_fault_fallback 0
thp_collapse_alloc 17
thp_collapse_alloc_failed 0
thp_split 5
thp_zero_page_alloc 1
thp_zero_page_alloc_failed 0
thp_promote 0
thp_fault_alloc 19163
thp_fault_fallback 0
thp_collapse_alloc 17
thp_collapse_alloc_failed 0
thp_split 5
thp_zero_page_alloc 1
thp_zero_page_alloc_failed 0
thp_promote 0
thp_fault_alloc 19176
thp_fault_fallback 0
thp_collapse_alloc 17
thp_collapse_alloc_failed 0
thp_split 5
thp_zero_page_alloc 1
thp_zero_page_alloc_failed 0
thp_promote 0
thp_fault_alloc 19190
thp_fault_fallback 0
thp_collapse_alloc 17
thp_collapse_alloc_failed 0
thp_split 5
thp_zero_page_alloc 1
thp_zero_page_alloc_failed 0
thp_promote 0
thp_fault_alloc 19203
thp_fault_fallback 0
thp_collapse_alloc 17
thp_collapse_alloc_failed 0
thp_split 5
thp_zero_page_alloc 1
thp_zero_page_alloc_failed 0
thp_promote 0
thp_fault_alloc 19217
thp_fault_fallback 0
thp_collapse_alloc 17
thp_collapse_alloc_failed 0
thp_split 5
thp_zero_page_alloc 1
thp_zero_page_alloc_failed 0
thp_promote 0
thp_fault_alloc 19229
thp_fault_fallback 0
thp_collapse_alloc 17
thp_collapse_alloc_failed 0
thp_split 5
thp_zero_page_alloc 1
thp_zero_page_alloc_failed 0
thp_promote 0
thp_fault_alloc 19244
thp_fault_fallback 0
thp_collapse_alloc 17
thp_collapse_alloc_failed 0
thp_split 5
thp_zero_page_alloc 1
thp_zero_page_alloc_failed 0
thp_promote 0
thp_fault_alloc 19258
thp_fault_fallback 0
thp_collapse_alloc 17
thp_collapse_alloc_failed 0
thp_split 5
thp_zero_page_alloc 1
thp_zero_page_alloc_failed 0
thp_promote 0
thp_fault_alloc 19270
thp_fault_fallback 0
thp_collapse_alloc 17
thp_collapse_alloc_failed 0
thp_split 5
thp_zero_page_alloc 1
thp_zero_page_alloc_failed 0
thp_promote 0
thp_fault_alloc 19284
thp_fault_fallback 0
thp_collapse_alloc 17
thp_collapse_alloc_failed 0
thp_split 5
thp_zero_page_alloc 1
thp_zero_page_alloc_failed 0
thp_promote 0
thp_fault_alloc 19297
thp_fault_fallback 0
thp_collapse_alloc 17
thp_collapse_alloc_failed 0
thp_split 5
thp_zero_page_alloc 1
thp_zero_page_alloc_failed 0
thp_promote 0
thp_fault_alloc 19310
thp_fault_fallback 0
thp_collapse_alloc 17
thp_collapse_alloc_failed 0
thp_split 5
thp_zero_page_alloc 1
thp_zero_page_alloc_failed 0
thp_promote 0
thp_fault_alloc 19324
thp_fault_fallback 0
thp_collapse_alloc 17
thp_collapse_alloc_failed 0
thp_split 5
thp_zero_page_alloc 1
thp_zero_page_alloc_failed 0
thp_promote 0
thp_fault_alloc 19338
thp_fault_fallback 0
thp_collapse_alloc 17
thp_collapse_alloc_failed 0
thp_split 5
thp_zero_page_alloc 1
thp_zero_page_alloc_failed 0
thp_promote 0
thp_fault_alloc 19353
thp_fault_fallback 0
thp_collapse_alloc 17
thp_collapse_alloc_failed 0
thp_split 5
thp_zero_page_alloc 1
thp_zero_page_alloc_failed 0
thp_promote 0
thp_fault_alloc 19367
thp_fault_fallback 0
thp_collapse_alloc 17
thp_collapse_alloc_failed 0
thp_split 5
thp_zero_page_alloc 1
thp_zero_page_alloc_failed 0
thp_promote 0
thp_fault_alloc 19380
thp_fault_fallback 0
thp_collapse_alloc 17
thp_collapse_alloc_failed 0
thp_split 5
thp_zero_page_alloc 1
thp_zero_page_alloc_failed 0
thp_promote 0
thp_fault_alloc 19393
thp_fault_fallback 0
thp_collapse_alloc 17
thp_collapse_alloc_failed 0
thp_split 5
thp_zero_page_alloc 1
thp_zero_page_alloc_failed 0
thp_promote 0
thp_fault_alloc 19407
thp_fault_fallback 0
thp_collapse_alloc 17
thp_collapse_alloc_failed 0
thp_split 5
thp_zero_page_alloc 1
thp_zero_page_alloc_failed 0
thp_promote 0
thp_fault_alloc 19419
thp_fault_fallback 0
thp_collapse_alloc 17
thp_collapse_alloc_failed 0
thp_split 5
thp_zero_page_alloc 1
thp_zero_page_alloc_failed 0
thp_promote 0
thp_fault_alloc 19444
thp_fault_fallback 0
thp_collapse_alloc 17
thp_collapse_alloc_failed 0
thp_split 5
thp_zero_page_alloc 1
thp_zero_page_alloc_failed 0
thp_promote 0
thp_fault_alloc 19458
thp_fault_fallback 0
thp_collapse_alloc 17
thp_collapse_alloc_failed 0
thp_split 5
thp_zero_page_alloc 1
thp_zero_page_alloc_failed 0
thp_promote 0
thp_fault_alloc 19485
thp_fault_fallback 0
thp_collapse_alloc 17
thp_collapse_alloc_failed 0
thp_split 5
thp_zero_page_alloc 1
thp_zero_page_alloc_failed 0
thp_promote 0
thp_fault_alloc 19499
thp_fault_fallback 0
thp_collapse_alloc 17
thp_collapse_alloc_failed 0
thp_split 5
thp_zero_page_alloc 1
thp_zero_page_alloc_failed 0
thp_promote 0
thp_fault_alloc 19514
thp_fault_fallback 0
thp_collapse_alloc 17
thp_collapse_alloc_failed 0
thp_split 5
thp_zero_page_alloc 1
thp_zero_page_alloc_failed 0
thp_promote 0
thp_fault_alloc 19527
thp_fault_fallback 0
thp_collapse_alloc 17
thp_collapse_alloc_failed 0
thp_split 5
thp_zero_page_alloc 1
thp_zero_page_alloc_failed 0
thp_promote 0
thp_fault_alloc 19542
thp_fault_fallback 0
thp_collapse_alloc 17
thp_collapse_alloc_failed 0
thp_split 5
thp_zero_page_alloc 1
thp_zero_page_alloc_failed 0
thp_promote 0
thp_fault_alloc 19553
thp_fault_fallback 0
thp_collapse_alloc 17
thp_collapse_alloc_failed 0
thp_split 5
thp_zero_page_alloc 1
thp_zero_page_alloc_failed 0
thp_promote 0
thp_fault_alloc 19568
thp_fault_fallback 0
thp_collapse_alloc 17
thp_collapse_alloc_failed 0
thp_split 5
thp_zero_page_alloc 1
thp_zero_page_alloc_failed 0
thp_promote 0
thp_fault_alloc 19583
thp_fault_fallback 0
thp_collapse_alloc 17
thp_collapse_alloc_failed 0
thp_split 5
thp_zero_page_alloc 1
thp_zero_page_alloc_failed 0
thp_promote 0
thp_fault_alloc 19597
thp_fault_fallback 0
thp_collapse_alloc 17
thp_collapse_alloc_failed 0
thp_split 5
thp_zero_page_alloc 1
thp_zero_page_alloc_failed 0
thp_promote 0
thp_fault_alloc 19610
thp_fault_fallback 0
thp_collapse_alloc 17
thp_collapse_alloc_failed 0
thp_split 5
thp_zero_page_alloc 1
thp_zero_page_alloc_failed 0
thp_promote 0
thp_fault_alloc 19625
thp_fault_fallback 0
thp_collapse_alloc 17
thp_collapse_alloc_failed 0
thp_split 5
thp_zero_page_alloc 1
thp_zero_page_alloc_failed 0
thp_promote 0
thp_fault_alloc 19639
thp_fault_fallback 0
thp_collapse_alloc 17
thp_collapse_alloc_failed 0
thp_split 5
thp_zero_page_alloc 1
thp_zero_page_alloc_failed 0
thp_promote 0
thp_fault_alloc 19653
thp_fault_fallback 0
thp_collapse_alloc 17
thp_collapse_alloc_failed 0
thp_split 5
thp_zero_page_alloc 1
thp_zero_page_alloc_failed 0
thp_promote 0
thp_fault_alloc 19665
thp_fault_fallback 0
thp_collapse_alloc 17
thp_collapse_alloc_failed 0
thp_split 5
thp_zero_page_alloc 1
thp_zero_page_alloc_failed 0
thp_promote 0
thp_fault_alloc 19678
thp_fault_fallback 0
thp_collapse_alloc 17
thp_collapse_alloc_failed 0
thp_split 5
thp_zero_page_alloc 1
thp_zero_page_alloc_failed 0
thp_promote 0
thp_fault_alloc 19691
thp_fault_fallback 0
thp_collapse_alloc 17
thp_collapse_alloc_failed 0
thp_split 5
thp_zero_page_alloc 1
thp_zero_page_alloc_failed 0
thp_promote 0
thp_fault_alloc 19705
thp_fault_fallback 0
thp_collapse_alloc 17
thp_collapse_alloc_failed 0
thp_split 5
thp_zero_page_alloc 1
thp_zero_page_alloc_failed 0
thp_promote 0
thp_fault_alloc 19718
thp_fault_fallback 0
thp_collapse_alloc 17
thp_collapse_alloc_failed 0
thp_split 5
thp_zero_page_alloc 1
thp_zero_page_alloc_failed 0
thp_promote 0
thp_fault_alloc 19730
thp_fault_fallback 0
thp_collapse_alloc 17
thp_collapse_alloc_failed 0
thp_split 5
thp_zero_page_alloc 1
thp_zero_page_alloc_failed 0
thp_promote 0
thp_fault_alloc 19742
thp_fault_fallback 0
thp_collapse_alloc 17
thp_collapse_alloc_failed 0
thp_split 5
thp_zero_page_alloc 1
thp_zero_page_alloc_failed 0
thp_promote 0
thp_fault_alloc 19754
thp_fault_fallback 0
thp_collapse_alloc 17
thp_collapse_alloc_failed 0
thp_split 5
thp_zero_page_alloc 1
thp_zero_page_alloc_failed 0
thp_promote 0
thp_fault_alloc 19766
thp_fault_fallback 0
thp_collapse_alloc 17
thp_collapse_alloc_failed 0
thp_split 5
thp_zero_page_alloc 1
thp_zero_page_alloc_failed 0
thp_promote 0
thp_fault_alloc 19780
thp_fault_fallback 0
thp_collapse_alloc 17
thp_collapse_alloc_failed 0
thp_split 5
thp_zero_page_alloc 1
thp_zero_page_alloc_failed 0
thp_promote 0
thp_fault_alloc 19792
thp_fault_fallback 0
thp_collapse_alloc 17
thp_collapse_alloc_failed 0
thp_split 5
thp_zero_page_alloc 1
thp_zero_page_alloc_failed 0
thp_promote 0
thp_fault_alloc 19807
thp_fault_fallback 0
thp_collapse_alloc 17
thp_collapse_alloc_failed 0
thp_split 5
thp_zero_page_alloc 1
thp_zero_page_alloc_failed 0
thp_promote 0
thp_fault_alloc 19821
thp_fault_fallback 0
thp_collapse_alloc 17
thp_collapse_alloc_failed 0
thp_split 5
thp_zero_page_alloc 1
thp_zero_page_alloc_failed 0
thp_promote 0
thp_fault_alloc 19834
thp_fault_fallback 0
thp_collapse_alloc 17
thp_collapse_alloc_failed 0
thp_split 5
thp_zero_page_alloc 1
thp_zero_page_alloc_failed 0
thp_promote 0
thp_fault_alloc 19846
thp_fault_fallback 0
thp_collapse_alloc 17
thp_collapse_alloc_failed 0
thp_split 5
thp_zero_page_alloc 1
thp_zero_page_alloc_failed 0
thp_promote 0
thp_fault_alloc 19860
thp_fault_fallback 0
thp_collapse_alloc 17
thp_collapse_alloc_failed 0
thp_split 5
thp_zero_page_alloc 1
thp_zero_page_alloc_failed 0
thp_promote 0
thp_fault_alloc 19875
thp_fault_fallback 0
thp_collapse_alloc 17
thp_collapse_alloc_failed 0
thp_split 5
thp_zero_page_alloc 1
thp_zero_page_alloc_failed 0
thp_promote 0
thp_fault_alloc 19888
thp_fault_fallback 0
thp_collapse_alloc 17
thp_collapse_alloc_failed 0
thp_split 5
thp_zero_page_alloc 1
thp_zero_page_alloc_failed 0
thp_promote 0
thp_fault_alloc 19902
thp_fault_fallback 0
thp_collapse_alloc 17
thp_collapse_alloc_failed 0
thp_split 5
thp_zero_page_alloc 1
thp_zero_page_alloc_failed 0
thp_promote 0
thp_fault_alloc 19915
thp_fault_fallback 0
thp_collapse_alloc 17
thp_collapse_alloc_failed 0
thp_split 5
thp_zero_page_alloc 1
thp_zero_page_alloc_failed 0
thp_promote 0
thp_fault_alloc 19929
thp_fault_fallback 0
thp_collapse_alloc 17
thp_collapse_alloc_failed 0
thp_split 5
thp_zero_page_alloc 1
thp_zero_page_alloc_failed 0
thp_promote 0
thp_fault_alloc 19943
thp_fault_fallback 0
thp_collapse_alloc 17
thp_collapse_alloc_failed 0
thp_split 5
thp_zero_page_alloc 1
thp_zero_page_alloc_failed 0
thp_promote 0
thp_fault_alloc 19955
thp_fault_fallback 0
thp_collapse_alloc 17
thp_collapse_alloc_failed 0
thp_split 5
thp_zero_page_alloc 1
thp_zero_page_alloc_failed 0
thp_promote 0
thp_fault_alloc 19969
thp_fault_fallback 0
thp_collapse_alloc 17
thp_collapse_alloc_failed 0
thp_split 5
thp_zero_page_alloc 1
thp_zero_page_alloc_failed 0
thp_promote 0
thp_fault_alloc 19981
thp_fault_fallback 0
thp_collapse_alloc 17
thp_collapse_alloc_failed 0
thp_split 5
thp_zero_page_alloc 1
thp_zero_page_alloc_failed 0
thp_promote 0
thp_fault_alloc 19995
thp_fault_fallback 0
thp_collapse_alloc 17
thp_collapse_alloc_failed 0
thp_split 5
thp_zero_page_alloc 1
thp_zero_page_alloc_failed 0
thp_promote 0
thp_fault_alloc 20007
thp_fault_fallback 0
thp_collapse_alloc 17
thp_collapse_alloc_failed 0
thp_split 5
thp_zero_page_alloc 1
thp_zero_page_alloc_failed 0
thp_promote 0
thp_fault_alloc 20020
thp_fault_fallback 0
thp_collapse_alloc 17
thp_collapse_alloc_failed 0
thp_split 5
thp_zero_page_alloc 1
thp_zero_page_alloc_failed 0
thp_promote 0
thp_fault_alloc 20033
thp_fault_fallback 0
thp_collapse_alloc 17
thp_collapse_alloc_failed 0
thp_split 5
thp_zero_page_alloc 1
thp_zero_page_alloc_failed 0
thp_promote 0
thp_fault_alloc 20046
thp_fault_fallback 0
thp_collapse_alloc 17
thp_collapse_alloc_failed 0
thp_split 5
thp_zero_page_alloc 1
thp_zero_page_alloc_failed 0
thp_promote 0
thp_fault_alloc 20059
thp_fault_fallback 0
thp_collapse_alloc 17
thp_collapse_alloc_failed 0
thp_split 5
thp_zero_page_alloc 1
thp_zero_page_alloc_failed 0
thp_promote 0
thp_fault_alloc 20071
thp_fault_fallback 0
thp_collapse_alloc 17
thp_collapse_alloc_failed 0
thp_split 5
thp_zero_page_alloc 1
thp_zero_page_alloc_failed 0
thp_promote 0
thp_fault_alloc 20083
thp_fault_fallback 0
thp_collapse_alloc 17
thp_collapse_alloc_failed 0
thp_split 5
thp_zero_page_alloc 1
thp_zero_page_alloc_failed 0
thp_promote 0
thp_fault_alloc 20094
thp_fault_fallback 0
thp_collapse_alloc 17
thp_collapse_alloc_failed 0
thp_split 5
thp_zero_page_alloc 1
thp_zero_page_alloc_failed 0
thp_promote 0
thp_fault_alloc 20107
thp_fault_fallback 0
thp_collapse_alloc 17
thp_collapse_alloc_failed 0
thp_split 5
thp_zero_page_alloc 1
thp_zero_page_alloc_failed 0
thp_promote 0
thp_fault_alloc 20121
thp_fault_fallback 0
thp_collapse_alloc 17
thp_collapse_alloc_failed 0
thp_split 5
thp_zero_page_alloc 1
thp_zero_page_alloc_failed 0
thp_promote 0
thp_fault_alloc 20136
thp_fault_fallback 0
thp_collapse_alloc 17
thp_collapse_alloc_failed 0
thp_split 5
thp_zero_page_alloc 1
thp_zero_page_alloc_failed 0
thp_promote 0
thp_fault_alloc 20148
thp_fault_fallback 0
thp_collapse_alloc 17
thp_collapse_alloc_failed 0
thp_split 5
thp_zero_page_alloc 1
thp_zero_page_alloc_failed 0
thp_promote 0
thp_fault_alloc 20159
thp_fault_fallback 0
thp_collapse_alloc 17
thp_collapse_alloc_failed 0
thp_split 5
thp_zero_page_alloc 1
thp_zero_page_alloc_failed 0
thp_promote 0
thp_fault_alloc 20173
thp_fault_fallback 0
thp_collapse_alloc 17
thp_collapse_alloc_failed 0
thp_split 5
thp_zero_page_alloc 1
thp_zero_page_alloc_failed 0
thp_promote 0
thp_fault_alloc 20186
thp_fault_fallback 0
thp_collapse_alloc 17
thp_collapse_alloc_failed 0
thp_split 5
thp_zero_page_alloc 1
thp_zero_page_alloc_failed 0
thp_promote 0
thp_fault_alloc 20198
thp_fault_fallback 0
thp_collapse_alloc 17
thp_collapse_alloc_failed 0
thp_split 5
thp_zero_page_alloc 1
thp_zero_page_alloc_failed 0
thp_promote 0
thp_fault_alloc 20210
thp_fault_fallback 0
thp_collapse_alloc 17
thp_collapse_alloc_failed 0
thp_split 5
thp_zero_page_alloc 1
thp_zero_page_alloc_failed 0
thp_promote 0
thp_fault_alloc 20221
thp_fault_fallback 0
thp_collapse_alloc 17
thp_collapse_alloc_failed 0
thp_split 5
thp_zero_page_alloc 1
thp_zero_page_alloc_failed 0
thp_promote 0
thp_fault_alloc 20236
thp_fault_fallback 0
thp_collapse_alloc 17
thp_collapse_alloc_failed 0
thp_split 5
thp_zero_page_alloc 1
thp_zero_page_alloc_failed 0
thp_promote 0
thp_fault_alloc 20249
thp_fault_fallback 0
thp_collapse_alloc 17
thp_collapse_alloc_failed 0
thp_split 5
thp_zero_page_alloc 1
thp_zero_page_alloc_failed 0
thp_promote 0
thp_fault_alloc 20265
thp_fault_fallback 0
thp_collapse_alloc 17
thp_collapse_alloc_failed 0
thp_split 5
thp_zero_page_alloc 1
thp_zero_page_alloc_failed 0
thp_promote 0
thp_fault_alloc 21969
thp_fault_fallback 0
thp_collapse_alloc 17
thp_collapse_alloc_failed 0
thp_split 5
thp_zero_page_alloc 1
thp_zero_page_alloc_failed 0
thp_promote 0
thp_fault_alloc 24228
thp_fault_fallback 0
thp_collapse_alloc 17
thp_collapse_alloc_failed 0
thp_split 5
thp_zero_page_alloc 1
thp_zero_page_alloc_failed 0
thp_promote 0
thp_fault_alloc 26262
thp_fault_fallback 0
thp_collapse_alloc 17
thp_collapse_alloc_failed 0
thp_split 5
thp_zero_page_alloc 1
thp_zero_page_alloc_failed 0
thp_promote 0
thp_fault_alloc 26321
thp_fault_fallback 0
thp_collapse_alloc 17
thp_collapse_alloc_failed 0
thp_split 5
thp_zero_page_alloc 1
thp_zero_page_alloc_failed 0
thp_promote 0
thp_fault_alloc 26335
thp_fault_fallback 0
thp_collapse_alloc 17
thp_collapse_alloc_failed 0
thp_split 5
thp_zero_page_alloc 1
thp_zero_page_alloc_failed 0
thp_promote 0
thp_fault_alloc 26351
thp_fault_fallback 0
thp_collapse_alloc 17
thp_collapse_alloc_failed 0
thp_split 5
thp_zero_page_alloc 1
thp_zero_page_alloc_failed 0
thp_promote 0
thp_fault_alloc 26364
thp_fault_fallback 0
thp_collapse_alloc 17
thp_collapse_alloc_failed 0
thp_split 5
thp_zero_page_alloc 1
thp_zero_page_alloc_failed 0
thp_promote 0
thp_fault_alloc 26376
thp_fault_fallback 0
thp_collapse_alloc 17
thp_collapse_alloc_failed 0
thp_split 5
thp_zero_page_alloc 1
thp_zero_page_alloc_failed 0
thp_promote 0
thp_fault_alloc 26389
thp_fault_fallback 0
thp_collapse_alloc 17
thp_collapse_alloc_failed 0
thp_split 5
thp_zero_page_alloc 1
thp_zero_page_alloc_failed 0
thp_promote 0
thp_fault_alloc 26402
thp_fault_fallback 0
thp_collapse_alloc 17
thp_collapse_alloc_failed 0
thp_split 5
thp_zero_page_alloc 1
thp_zero_page_alloc_failed 0
thp_promote 0
thp_fault_alloc 26417
thp_fault_fallback 0
thp_collapse_alloc 17
thp_collapse_alloc_failed 0
thp_split 5
thp_zero_page_alloc 1
thp_zero_page_alloc_failed 0
thp_promote 0
thp_fault_alloc 26428
thp_fault_fallback 0
thp_collapse_alloc 17
thp_collapse_alloc_failed 0
thp_split 5
thp_zero_page_alloc 1
thp_zero_page_alloc_failed 0
thp_promote 0
thp_fault_alloc 26442
thp_fault_fallback 0
thp_collapse_alloc 17
thp_collapse_alloc_failed 0
thp_split 5
thp_zero_page_alloc 1
thp_zero_page_alloc_failed 0
thp_promote 0
thp_fault_alloc 26456
thp_fault_fallback 0
thp_collapse_alloc 17
thp_collapse_alloc_failed 0
thp_split 5
thp_zero_page_alloc 1
thp_zero_page_alloc_failed 0
thp_promote 0
thp_fault_alloc 26466
thp_fault_fallback 0
thp_collapse_alloc 17
thp_collapse_alloc_failed 0
thp_split 5
thp_zero_page_alloc 1
thp_zero_page_alloc_failed 0
thp_promote 0
thp_fault_alloc 26479
thp_fault_fallback 0
thp_collapse_alloc 17
thp_collapse_alloc_failed 0
thp_split 5
thp_zero_page_alloc 1
thp_zero_page_alloc_failed 0
thp_promote 0
thp_fault_alloc 26492
thp_fault_fallback 0
thp_collapse_alloc 17
thp_collapse_alloc_failed 0
thp_split 5
thp_zero_page_alloc 1
thp_zero_page_alloc_failed 0
thp_promote 0
thp_fault_alloc 26505
thp_fault_fallback 0
thp_collapse_alloc 17
thp_collapse_alloc_failed 0
thp_split 5
thp_zero_page_alloc 1
thp_zero_page_alloc_failed 0
thp_promote 0
thp_fault_alloc 26519
thp_fault_fallback 0
thp_collapse_alloc 17
thp_collapse_alloc_failed 0
thp_split 5
thp_zero_page_alloc 1
thp_zero_page_alloc_failed 0
thp_promote 0
thp_fault_alloc 26532
thp_fault_fallback 0
thp_collapse_alloc 17
thp_collapse_alloc_failed 0
thp_split 5
thp_zero_page_alloc 1
thp_zero_page_alloc_failed 0
thp_promote 0
thp_fault_alloc 26546
thp_fault_fallback 0
thp_collapse_alloc 17
thp_collapse_alloc_failed 0
thp_split 5
thp_zero_page_alloc 1
thp_zero_page_alloc_failed 0
thp_promote 0
thp_fault_alloc 26560
thp_fault_fallback 0
thp_collapse_alloc 17
thp_collapse_alloc_failed 0
thp_split 5
thp_zero_page_alloc 1
thp_zero_page_alloc_failed 0
thp_promote 0
thp_fault_alloc 26575
thp_fault_fallback 0
thp_collapse_alloc 17
thp_collapse_alloc_failed 0
thp_split 5
thp_zero_page_alloc 1
thp_zero_page_alloc_failed 0
thp_promote 0
thp_fault_alloc 26587
thp_fault_fallback 0
thp_collapse_alloc 17
thp_collapse_alloc_failed 0
thp_split 5
thp_zero_page_alloc 1
thp_zero_page_alloc_failed 0
thp_promote 0
thp_fault_alloc 26599
thp_fault_fallback 0
thp_collapse_alloc 17
thp_collapse_alloc_failed 0
thp_split 5
thp_zero_page_alloc 1
thp_zero_page_alloc_failed 0
thp_promote 0
thp_fault_alloc 26610
thp_fault_fallback 0
thp_collapse_alloc 17
thp_collapse_alloc_failed 0
thp_split 5
thp_zero_page_alloc 1
thp_zero_page_alloc_failed 0
thp_promote 0
thp_fault_alloc 26624
thp_fault_fallback 0
thp_collapse_alloc 17
thp_collapse_alloc_failed 0
thp_split 5
thp_zero_page_alloc 1
thp_zero_page_alloc_failed 0
thp_promote 0
thp_fault_alloc 26639
thp_fault_fallback 0
thp_collapse_alloc 17
thp_collapse_alloc_failed 0
thp_split 5
thp_zero_page_alloc 1
thp_zero_page_alloc_failed 0
thp_promote 0
thp_fault_alloc 26653
thp_fault_fallback 0
thp_collapse_alloc 17
thp_collapse_alloc_failed 0
thp_split 5
thp_zero_page_alloc 1
thp_zero_page_alloc_failed 0
thp_promote 0
thp_fault_alloc 26665
thp_fault_fallback 0
thp_collapse_alloc 17
thp_collapse_alloc_failed 0
thp_split 5
thp_zero_page_alloc 1
thp_zero_page_alloc_failed 0
thp_promote 0
thp_fault_alloc 26679
thp_fault_fallback 0
thp_collapse_alloc 17
thp_collapse_alloc_failed 0
thp_split 5
thp_zero_page_alloc 1
thp_zero_page_alloc_failed 0
thp_promote 0
thp_fault_alloc 26690
thp_fault_fallback 0
thp_collapse_alloc 17
thp_collapse_alloc_failed 0
thp_split 5
thp_zero_page_alloc 1
thp_zero_page_alloc_failed 0
thp_promote 0
thp_fault_alloc 26705
thp_fault_fallback 0
thp_collapse_alloc 17
thp_collapse_alloc_failed 0
thp_split 5
thp_zero_page_alloc 1
thp_zero_page_alloc_failed 0
thp_promote 0
thp_fault_alloc 26716
thp_fault_fallback 0
thp_collapse_alloc 17
thp_collapse_alloc_failed 0
thp_split 5
thp_zero_page_alloc 1
thp_zero_page_alloc_failed 0
thp_promote 0
thp_fault_alloc 26730
thp_fault_fallback 0
thp_collapse_alloc 17
thp_collapse_alloc_failed 0
thp_split 5
thp_zero_page_alloc 1
thp_zero_page_alloc_failed 0
thp_promote 0
thp_fault_alloc 26742
thp_fault_fallback 0
thp_collapse_alloc 17
thp_collapse_alloc_failed 0
thp_split 5
thp_zero_page_alloc 1
thp_zero_page_alloc_failed 0
thp_promote 0
thp_fault_alloc 26762
thp_fault_fallback 0
thp_collapse_alloc 17
thp_collapse_alloc_failed 0
thp_split 5
thp_zero_page_alloc 1
thp_zero_page_alloc_failed 0
thp_promote 0
thp_fault_alloc 26775
thp_fault_fallback 0
thp_collapse_alloc 17
thp_collapse_alloc_failed 0
thp_split 5
thp_zero_page_alloc 1
thp_zero_page_alloc_failed 0
thp_promote 0
thp_fault_alloc 26789
thp_fault_fallback 0
thp_collapse_alloc 17
thp_collapse_alloc_failed 0
thp_split 5
thp_zero_page_alloc 1
thp_zero_page_alloc_failed 0
thp_promote 0
thp_fault_alloc 26803
thp_fault_fallback 0
thp_collapse_alloc 17
thp_collapse_alloc_failed 0
thp_split 5
thp_zero_page_alloc 1
thp_zero_page_alloc_failed 0
thp_promote 0
thp_fault_alloc 26817
thp_fault_fallback 0
thp_collapse_alloc 17
thp_collapse_alloc_failed 0
thp_split 5
thp_zero_page_alloc 1
thp_zero_page_alloc_failed 0
thp_promote 0
thp_fault_alloc 26829
thp_fault_fallback 0
thp_collapse_alloc 17
thp_collapse_alloc_failed 0
thp_split 5
thp_zero_page_alloc 1
thp_zero_page_alloc_failed 0
thp_promote 0
thp_fault_alloc 26842
thp_fault_fallback 0
thp_collapse_alloc 17
thp_collapse_alloc_failed 0
thp_split 5
thp_zero_page_alloc 1
thp_zero_page_alloc_failed 0
thp_promote 0
thp_fault_alloc 26870
thp_fault_fallback 0
thp_collapse_alloc 17
thp_collapse_alloc_failed 0
thp_split 5
thp_zero_page_alloc 1
thp_zero_page_alloc_failed 0
thp_promote 0
thp_fault_alloc 26883
thp_fault_fallback 0
thp_collapse_alloc 17
thp_collapse_alloc_failed 0
thp_split 5
thp_zero_page_alloc 1
thp_zero_page_alloc_failed 0
thp_promote 0
thp_fault_alloc 26897
thp_fault_fallback 0
thp_collapse_alloc 17
thp_collapse_alloc_failed 0
thp_split 5
thp_zero_page_alloc 1
thp_zero_page_alloc_failed 0
thp_promote 0
thp_fault_alloc 26911
thp_fault_fallback 0
thp_collapse_alloc 17
thp_collapse_alloc_failed 0
thp_split 5
thp_zero_page_alloc 1
thp_zero_page_alloc_failed 0
thp_promote 0
thp_fault_alloc 26939
thp_fault_fallback 0
thp_collapse_alloc 17
thp_collapse_alloc_failed 0
thp_split 5
thp_zero_page_alloc 1
thp_zero_page_alloc_failed 0
thp_promote 0
thp_fault_alloc 26952
thp_fault_fallback 0
thp_collapse_alloc 17
thp_collapse_alloc_failed 0
thp_split 5
thp_zero_page_alloc 1
thp_zero_page_alloc_failed 0
thp_promote 0
thp_fault_alloc 26964
thp_fault_fallback 0
thp_collapse_alloc 17
thp_collapse_alloc_failed 0
thp_split 5
thp_zero_page_alloc 1
thp_zero_page_alloc_failed 0
thp_promote 0
thp_fault_alloc 26977
thp_fault_fallback 0
thp_collapse_alloc 17
thp_collapse_alloc_failed 0
thp_split 5
thp_zero_page_alloc 1
thp_zero_page_alloc_failed 0
thp_promote 0
thp_fault_alloc 26989
thp_fault_fallback 0
thp_collapse_alloc 17
thp_collapse_alloc_failed 0
thp_split 5
thp_zero_page_alloc 1
thp_zero_page_alloc_failed 0
thp_promote 0
thp_fault_alloc 27003
thp_fault_fallback 0
thp_collapse_alloc 17
thp_collapse_alloc_failed 0
thp_split 5
thp_zero_page_alloc 1
thp_zero_page_alloc_failed 0
thp_promote 0
thp_fault_alloc 27014
thp_fault_fallback 0
thp_collapse_alloc 17
thp_collapse_alloc_failed 0
thp_split 5
thp_zero_page_alloc 1
thp_zero_page_alloc_failed 0
thp_promote 0
thp_fault_alloc 27027
thp_fault_fallback 0
thp_collapse_alloc 17
thp_collapse_alloc_failed 0
thp_split 5
thp_zero_page_alloc 1
thp_zero_page_alloc_failed 0
thp_promote 0
thp_fault_alloc 27040
thp_fault_fallback 0
thp_collapse_alloc 17
thp_collapse_alloc_failed 0
thp_split 5
thp_zero_page_alloc 1
thp_zero_page_alloc_failed 0
thp_promote 0
thp_fault_alloc 27055
thp_fault_fallback 0
thp_collapse_alloc 17
thp_collapse_alloc_failed 0
thp_split 5
thp_zero_page_alloc 1
thp_zero_page_alloc_failed 0
thp_promote 0
thp_fault_alloc 27068
thp_fault_fallback 0
thp_collapse_alloc 17
thp_collapse_alloc_failed 0
thp_split 5
thp_zero_page_alloc 1
thp_zero_page_alloc_failed 0
thp_promote 0
thp_fault_alloc 27081
thp_fault_fallback 0
thp_collapse_alloc 17
thp_collapse_alloc_failed 0
thp_split 5
thp_zero_page_alloc 1
thp_zero_page_alloc_failed 0
thp_promote 0
thp_fault_alloc 27092
thp_fault_fallback 0
thp_collapse_alloc 17
thp_collapse_alloc_failed 0
thp_split 5
thp_zero_page_alloc 1
thp_zero_page_alloc_failed 0
thp_promote 0
thp_fault_alloc 27106
thp_fault_fallback 0
thp_collapse_alloc 17
thp_collapse_alloc_failed 0
thp_split 5
thp_zero_page_alloc 1
thp_zero_page_alloc_failed 0
thp_promote 0
thp_fault_alloc 27119
thp_fault_fallback 0
thp_collapse_alloc 17
thp_collapse_alloc_failed 0
thp_split 5
thp_zero_page_alloc 1
thp_zero_page_alloc_failed 0
thp_promote 0
thp_fault_alloc 27133
thp_fault_fallback 0
thp_collapse_alloc 17
thp_collapse_alloc_failed 0
thp_split 5
thp_zero_page_alloc 1
thp_zero_page_alloc_failed 0
thp_promote 0
thp_fault_alloc 27147
thp_fault_fallback 0
thp_collapse_alloc 17
thp_collapse_alloc_failed 0
thp_split 5
thp_zero_page_alloc 1
thp_zero_page_alloc_failed 0
thp_promote 0
thp_fault_alloc 27159
thp_fault_fallback 0
thp_collapse_alloc 17
thp_collapse_alloc_failed 0
thp_split 5
thp_zero_page_alloc 1
thp_zero_page_alloc_failed 0
thp_promote 0
thp_fault_alloc 27169
thp_fault_fallback 0
thp_collapse_alloc 17
thp_collapse_alloc_failed 0
thp_split 5
thp_zero_page_alloc 1
thp_zero_page_alloc_failed 0
thp_promote 0
thp_fault_alloc 27179
thp_fault_fallback 0
thp_collapse_alloc 17
thp_collapse_alloc_failed 0
thp_split 5
thp_zero_page_alloc 1
thp_zero_page_alloc_failed 0
thp_promote 0
thp_fault_alloc 27189
thp_fault_fallback 0
thp_collapse_alloc 17
thp_collapse_alloc_failed 0
thp_split 5
thp_zero_page_alloc 1
thp_zero_page_alloc_failed 0
thp_promote 0
thp_fault_alloc 27198
thp_fault_fallback 0
thp_collapse_alloc 17
thp_collapse_alloc_failed 0
thp_split 5
thp_zero_page_alloc 1
thp_zero_page_alloc_failed 0
thp_promote 0
thp_fault_alloc 27207
thp_fault_fallback 0
thp_collapse_alloc 17
thp_collapse_alloc_failed 0
thp_split 5
thp_zero_page_alloc 1
thp_zero_page_alloc_failed 0
thp_promote 0
thp_fault_alloc 27216
thp_fault_fallback 0
thp_collapse_alloc 17
thp_collapse_alloc_failed 0
thp_split 5
thp_zero_page_alloc 1
thp_zero_page_alloc_failed 0
thp_promote 0
thp_fault_alloc 27225
thp_fault_fallback 0
thp_collapse_alloc 17
thp_collapse_alloc_failed 0
thp_split 5
thp_zero_page_alloc 1
thp_zero_page_alloc_failed 0
thp_promote 0
thp_fault_alloc 27234
thp_fault_fallback 0
thp_collapse_alloc 17
thp_collapse_alloc_failed 0
thp_split 5
thp_zero_page_alloc 1
thp_zero_page_alloc_failed 0
thp_promote 0
thp_fault_alloc 27244
thp_fault_fallback 0
thp_collapse_alloc 17
thp_collapse_alloc_failed 0
thp_split 5
thp_zero_page_alloc 1
thp_zero_page_alloc_failed 0
thp_promote 0
thp_fault_alloc 27255
thp_fault_fallback 0
thp_collapse_alloc 17
thp_collapse_alloc_failed 0
thp_split 5
thp_zero_page_alloc 1
thp_zero_page_alloc_failed 0
thp_promote 0
thp_fault_alloc 27266
thp_fault_fallback 0
thp_collapse_alloc 17
thp_collapse_alloc_failed 0
thp_split 5
thp_zero_page_alloc 1
thp_zero_page_alloc_failed 0
thp_promote 0
thp_fault_alloc 27275
thp_fault_fallback 0
thp_collapse_alloc 17
thp_collapse_alloc_failed 0
thp_split 5
thp_zero_page_alloc 1
thp_zero_page_alloc_failed 0
thp_promote 0
thp_fault_alloc 27283
thp_fault_fallback 0
thp_collapse_alloc 17
thp_collapse_alloc_failed 0
thp_split 5
thp_zero_page_alloc 1
thp_zero_page_alloc_failed 0
thp_promote 0
thp_fault_alloc 27294
thp_fault_fallback 0
thp_collapse_alloc 17
thp_collapse_alloc_failed 0
thp_split 5
thp_zero_page_alloc 1
thp_zero_page_alloc_failed 0
thp_promote 0
thp_fault_alloc 27304
thp_fault_fallback 0
thp_collapse_alloc 17
thp_collapse_alloc_failed 0
thp_split 5
thp_zero_page_alloc 1
thp_zero_page_alloc_failed 0
thp_promote 0
thp_fault_alloc 27314
thp_fault_fallback 0
thp_collapse_alloc 17
thp_collapse_alloc_failed 0
thp_split 5
thp_zero_page_alloc 1
thp_zero_page_alloc_failed 0
thp_promote 0
thp_fault_alloc 27323
thp_fault_fallback 0
thp_collapse_alloc 17
thp_collapse_alloc_failed 0
thp_split 5
thp_zero_page_alloc 1
thp_zero_page_alloc_failed 0
thp_promote 0
thp_fault_alloc 27334
thp_fault_fallback 0
thp_collapse_alloc 17
thp_collapse_alloc_failed 0
thp_split 5
thp_zero_page_alloc 1
thp_zero_page_alloc_failed 0
thp_promote 0
thp_fault_alloc 27344
thp_fault_fallback 0
thp_collapse_alloc 17
thp_collapse_alloc_failed 0
thp_split 5
thp_zero_page_alloc 1
thp_zero_page_alloc_failed 0
thp_promote 0
thp_fault_alloc 27352
thp_fault_fallback 0
thp_collapse_alloc 17
thp_collapse_alloc_failed 0
thp_split 5
thp_zero_page_alloc 1
thp_zero_page_alloc_failed 0
thp_promote 0
thp_fault_alloc 27363
thp_fault_fallback 0
thp_collapse_alloc 17
thp_collapse_alloc_failed 0
thp_split 5
thp_zero_page_alloc 1
thp_zero_page_alloc_failed 0
thp_promote 0
thp_fault_alloc 27373
thp_fault_fallback 0
thp_collapse_alloc 17
thp_collapse_alloc_failed 0
thp_split 5
thp_zero_page_alloc 1
thp_zero_page_alloc_failed 0
thp_promote 0
thp_fault_alloc 27385
thp_fault_fallback 0
thp_collapse_alloc 17
thp_collapse_alloc_failed 0
thp_split 5
thp_zero_page_alloc 1
thp_zero_page_alloc_failed 0
thp_promote 0
thp_fault_alloc 27394
thp_fault_fallback 0
thp_collapse_alloc 17
thp_collapse_alloc_failed 0
thp_split 5
thp_zero_page_alloc 1
thp_zero_page_alloc_failed 0
thp_promote 0
thp_fault_alloc 27404
thp_fault_fallback 0
thp_collapse_alloc 17
thp_collapse_alloc_failed 0
thp_split 5
thp_zero_page_alloc 1
thp_zero_page_alloc_failed 0
thp_promote 0
thp_fault_alloc 27414
thp_fault_fallback 0
thp_collapse_alloc 17
thp_collapse_alloc_failed 0
thp_split 5
thp_zero_page_alloc 1
thp_zero_page_alloc_failed 0
thp_promote 0
thp_fault_alloc 27424
thp_fault_fallback 0
thp_collapse_alloc 17
thp_collapse_alloc_failed 0
thp_split 5
thp_zero_page_alloc 1
thp_zero_page_alloc_failed 0
thp_promote 0
thp_fault_alloc 27435
thp_fault_fallback 0
thp_collapse_alloc 17
thp_collapse_alloc_failed 0
thp_split 5
thp_zero_page_alloc 1
thp_zero_page_alloc_failed 0
thp_promote 0
thp_fault_alloc 27444
thp_fault_fallback 0
thp_collapse_alloc 17
thp_collapse_alloc_failed 0
thp_split 5
thp_zero_page_alloc 1
thp_zero_page_alloc_failed 0
thp_promote 0
thp_fault_alloc 27458
thp_fault_fallback 0
thp_collapse_alloc 17
thp_collapse_alloc_failed 0
thp_split 5
thp_zero_page_alloc 1
thp_zero_page_alloc_failed 0
thp_promote 0
thp_fault_alloc 27493
thp_fault_fallback 0
thp_collapse_alloc 17
thp_collapse_alloc_failed 0
thp_split 5
thp_zero_page_alloc 1
thp_zero_page_alloc_failed 0
thp_promote 0
thp_fault_alloc 27531
thp_fault_fallback 0
thp_collapse_alloc 17
thp_collapse_alloc_failed 0
thp_split 5
thp_zero_page_alloc 1
thp_zero_page_alloc_failed 0
thp_promote 0
thp_fault_alloc 27598
thp_fault_fallback 0
thp_collapse_alloc 17
thp_collapse_alloc_failed 0
thp_split 5
thp_zero_page_alloc 1
thp_zero_page_alloc_failed 0
thp_promote 0
thp_fault_alloc 27610
thp_fault_fallback 0
thp_collapse_alloc 17
thp_collapse_alloc_failed 0
thp_split 5
thp_zero_page_alloc 1
thp_zero_page_alloc_failed 0
thp_promote 0
thp_fault_alloc 27628
thp_fault_fallback 0
thp_collapse_alloc 17
thp_collapse_alloc_failed 0
thp_split 5
thp_zero_page_alloc 1
thp_zero_page_alloc_failed 0
thp_promote 0
thp_fault_alloc 27751
thp_fault_fallback 0
thp_collapse_alloc 17
thp_collapse_alloc_failed 0
thp_split 5
thp_zero_page_alloc 1
thp_zero_page_alloc_failed 0
thp_promote 0
thp_fault_alloc 27761
thp_fault_fallback 0
thp_collapse_alloc 17
thp_collapse_alloc_failed 0
thp_split 5
thp_zero_page_alloc 1
thp_zero_page_alloc_failed 0
thp_promote 0
thp_fault_alloc 27771
thp_fault_fallback 0
thp_collapse_alloc 17
thp_collapse_alloc_failed 0
thp_split 5
thp_zero_page_alloc 1
thp_zero_page_alloc_failed 0
thp_promote 0
thp_fault_alloc 27782
thp_fault_fallback 0
thp_collapse_alloc 17
thp_collapse_alloc_failed 0
thp_split 5
thp_zero_page_alloc 1
thp_zero_page_alloc_failed 0
thp_promote 0
thp_fault_alloc 27803
thp_fault_fallback 0
thp_collapse_alloc 17
thp_collapse_alloc_failed 0
thp_split 5
thp_zero_page_alloc 1
thp_zero_page_alloc_failed 0
thp_promote 0
thp_fault_alloc 28042
thp_fault_fallback 0
thp_collapse_alloc 17
thp_collapse_alloc_failed 0
thp_split 5
thp_zero_page_alloc 1
thp_zero_page_alloc_failed 0
thp_promote 0
thp_fault_alloc 28061
thp_fault_fallback 0
thp_collapse_alloc 17
thp_collapse_alloc_failed 0
thp_split 5
thp_zero_page_alloc 1
thp_zero_page_alloc_failed 0
thp_promote 0
thp_fault_alloc 28071
thp_fault_fallback 0
thp_collapse_alloc 17
thp_collapse_alloc_failed 0
thp_split 5
thp_zero_page_alloc 1
thp_zero_page_alloc_failed 0
thp_promote 0
thp_fault_alloc 28080
thp_fault_fallback 0
thp_collapse_alloc 17
thp_collapse_alloc_failed 0
thp_split 5
thp_zero_page_alloc 1
thp_zero_page_alloc_failed 0
thp_promote 0
thp_fault_alloc 28089
thp_fault_fallback 0
thp_collapse_alloc 17
thp_collapse_alloc_failed 0
thp_split 5
thp_zero_page_alloc 1
thp_zero_page_alloc_failed 0
thp_promote 0
thp_fault_alloc 28099
thp_fault_fallback 0
thp_collapse_alloc 17
thp_collapse_alloc_failed 0
thp_split 5
thp_zero_page_alloc 1
thp_zero_page_alloc_failed 0
thp_promote 0
thp_fault_alloc 28109
thp_fault_fallback 0
thp_collapse_alloc 17
thp_collapse_alloc_failed 0
thp_split 5
thp_zero_page_alloc 1
thp_zero_page_alloc_failed 0
thp_promote 0
thp_fault_alloc 28118
thp_fault_fallback 0
thp_collapse_alloc 17
thp_collapse_alloc_failed 0
thp_split 5
thp_zero_page_alloc 1
thp_zero_page_alloc_failed 0
thp_promote 0
thp_fault_alloc 28128
thp_fault_fallback 0
thp_collapse_alloc 17
thp_collapse_alloc_failed 0
thp_split 5
thp_zero_page_alloc 1
thp_zero_page_alloc_failed 0
thp_promote 0
thp_fault_alloc 28136
thp_fault_fallback 0
thp_collapse_alloc 17
thp_collapse_alloc_failed 0
thp_split 5
thp_zero_page_alloc 1
thp_zero_page_alloc_failed 0
thp_promote 0
thp_fault_alloc 28148
thp_fault_fallback 0
thp_collapse_alloc 17
thp_collapse_alloc_failed 0
thp_split 5
thp_zero_page_alloc 1
thp_zero_page_alloc_failed 0
thp_promote 0
thp_fault_alloc 28158
thp_fault_fallback 0
thp_collapse_alloc 17
thp_collapse_alloc_failed 0
thp_split 5
thp_zero_page_alloc 1
thp_zero_page_alloc_failed 0
thp_promote 0
thp_fault_alloc 28191
thp_fault_fallback 0
thp_collapse_alloc 17
thp_collapse_alloc_failed 0
thp_split 5
thp_zero_page_alloc 1
thp_zero_page_alloc_failed 0
thp_promote 0
thp_fault_alloc 28634
thp_fault_fallback 0
thp_collapse_alloc 17
thp_collapse_alloc_failed 0
thp_split 5
thp_zero_page_alloc 1
thp_zero_page_alloc_failed 0
thp_promote 0
thp_fault_alloc 28643
thp_fault_fallback 0
thp_collapse_alloc 17
thp_collapse_alloc_failed 0
thp_split 6
thp_zero_page_alloc 1
thp_zero_page_alloc_failed 0
thp_promote 0
thp_fault_alloc 28652
thp_fault_fallback 0
thp_collapse_alloc 17
thp_collapse_alloc_failed 0
thp_split 6
thp_zero_page_alloc 1
thp_zero_page_alloc_failed 0
thp_promote 0
thp_fault_alloc 28663
thp_fault_fallback 0
thp_collapse_alloc 17
thp_collapse_alloc_failed 0
thp_split 6
thp_zero_page_alloc 1
thp_zero_page_alloc_failed 0
thp_promote 0
thp_fault_alloc 28674
thp_fault_fallback 0
thp_collapse_alloc 17
thp_collapse_alloc_failed 0
thp_split 6
thp_zero_page_alloc 1
thp_zero_page_alloc_failed 0
thp_promote 0
thp_fault_alloc 28683
thp_fault_fallback 0
thp_collapse_alloc 17
thp_collapse_alloc_failed 0
thp_split 6
thp_zero_page_alloc 1
thp_zero_page_alloc_failed 0
thp_promote 0
thp_fault_alloc 28693
thp_fault_fallback 0
thp_collapse_alloc 17
thp_collapse_alloc_failed 0
thp_split 6
thp_zero_page_alloc 1
thp_zero_page_alloc_failed 0
thp_promote 0
thp_fault_alloc 28703
thp_fault_fallback 0
thp_collapse_alloc 17
thp_collapse_alloc_failed 0
thp_split 6
thp_zero_page_alloc 1
thp_zero_page_alloc_failed 0
thp_promote 0
thp_fault_alloc 28711
thp_fault_fallback 0
thp_collapse_alloc 17
thp_collapse_alloc_failed 0
thp_split 6
thp_zero_page_alloc 1
thp_zero_page_alloc_failed 0
thp_promote 0
thp_fault_alloc 28725
thp_fault_fallback 0
thp_collapse_alloc 17
thp_collapse_alloc_failed 0
thp_split 6
thp_zero_page_alloc 1
thp_zero_page_alloc_failed 0
thp_promote 0
thp_fault_alloc 28735
thp_fault_fallback 0
thp_collapse_alloc 17
thp_collapse_alloc_failed 0
thp_split 6
thp_zero_page_alloc 1
thp_zero_page_alloc_failed 0
thp_promote 0
thp_fault_alloc 28745
thp_fault_fallback 0
thp_collapse_alloc 17
thp_collapse_alloc_failed 0
thp_split 6
thp_zero_page_alloc 1
thp_zero_page_alloc_failed 0
thp_promote 0
thp_fault_alloc 28755
thp_fault_fallback 0
thp_collapse_alloc 17
thp_collapse_alloc_failed 0
thp_split 6
thp_zero_page_alloc 1
thp_zero_page_alloc_failed 0
thp_promote 0
