10622280 10618880
10720584 10717184
10812744 10809344
10904904 10901504
10997064 10993664
11089224 11085824
11181384 11177984
11273544 11270144
11365704 11362304
11457864 11454464
11550024 11548672
11633992 11630592
11717960 11714560
11810120 11806720
11904328 11900928
11918660 11915264
11918660 11915264
11918660 11915264
11918660 11915264
11918660 11915264
11918660 11915264
11918660 11915264
11918660 11915264
11918660 11915264
11918660 11915264
11918660 11915264
11918660 11915264
11918660 11915264
11922756 11919360
11922756 561152
11922756 524288
11400516 6144
11402564 8192
11404612 10240
11408708 14336
11410756 18432
11414852 20480
11418948 24576
11423044 28672
11427140 40960
11431236 45056
11435332 49152
11439428 55296
11445572 59392
11449668 65536
11455812 69632
11461956 75776
11466052 79872
11472196 86016
11476292 90112
11482436 96256
11486532 100352
11492676 106496
11496772 110592
11502916 116736
11507012 120832
11513156 126976
11517252 280576
11527492 290816
11533636 296960
11539780 303104
11545924 309248
11552068 315392
11556164 321536
11562308 325632
11568452 331776
11574596 4505600
11578692 4509696
11584836 4515840
11590980 4521984
11597124 4528128
11603268 4534272
11609412 4540416
11613508 4546560
11619652 4550656
11625796 4556800
11631940 4562944
11638084 6297600
11642180 6301696
11648324 6307840
11654468 6313984
11660612 6320128
11666756 6326272
11670852 6330368
11676996 6336512
11683140 6342656
11687236 6346752
11693380 6500352
11697476 6504448
11703620 6510592
11707716 6516736
11715908 6522880
11722052 6529024
11726148 6533120
11732292 6539264
11740484 6557696
11746628 6563840
11750724 6567936
11754820 6572032
11760964 6578176
11765060 6582272
11771204 6588416
11775300 6592512
11779396 6596608
11785540 6602752
11789636 11786240
11795780 11792384
11799876 11796480
11803972 11800576
11810116 11806720
11814212 11810816
11820356 11816960
11824452 11821056
11828548 11825152
11834692 11831296
11838788 11835392
11842884 11839488
11849028 11845632
11853124 11849728
11857220 11853824
11861316 11857920
11867460 11864064
11871556 11868160
11875652 11872256
11879748 11876352
11883844 11880448
11887940 11884544
11894084 11890688
11898180 11894784
11902276 11898880
11906372 11902976
11910468 11907072
11914564 11911168
11918500 11913216
11921696 11913216
11926692 11921408
11930788 11925504
11934884 11929600
11938980 11933696
11943076 11937792
11947172 11941888
11951268 11945984
11955364 11950080
11959460 11954176
11963556 11958272
11967812 11964416
11969860 11966464
11973956 11970560
11978052 11974656
11982148 11978752
11986244 11982848
11988292 11984896
11992388 11988992
11996484 11993088
12000580 11997184
12002628 11999232
12006724 12003328
12010820 12007424
12012868 342016
12014916 2048
12014916 2048
12014916 4096
12016964 4096
12016964 6144
12019012 6144
12021060 8192
12021060 8192
12023108 10240
12025156 12288
12027204 14336
12029252 16384
12031300 18432
12033348 20480
12035396 22528
12037444 24576
12039492 26624
12041540 28672
12045636 32768
12047684 34816
12049732 36864
12053828 40960
12055876 372736
12057924 374784
12062020 378880
12064068 380928
12066116 382976
12070212 387072
12072260 389120
12078404 395264
12080452 4884480
12080452 4884480
12084548 4888576
12088644 4892672
12090692 4894720
12092740 4896768
12096836 4900864
12098884 4902912
12100932 4904960
12105028 4909056
12107076 5560320
12109124 5562368
12111172 5564416
12113220 5566464
12115268 5568512
12119364 5572608
12121412 5574656
12123460 5576704
12125508 5578752
12127556 5580800
12131652 5601280
12133700 5603328
12135748 5605376
12137796 5607424
12139844 5609472
12141892 5613568
12145988 5615616
12148036 5617664
12150084 5619712
12152132 5752832
12154180 5754880
12156228 5756928
12158276 5761024
12162372 5763072
12164420 5765120
12166468 5767168
12168516 5769216
12170564 5771264
12172612 5773312
12174660 6037504
12178756 6041600
12180804 6043648
12182852 6045696
12184900 6047744
12188996 6051840
12191044 6053888
12193092 6055936
12195140 12191744
12197188 12193792
12199236 12195840
12201284 12197888
12203332 12199936
12205380 12201984
12209476 12206080
12211524 12208128
12213572 12210176
12215620 12212224
12217668 12214272
12219716 12216320
12221764 12218368
12223812 12220416
12225860 12222464
12227908 12224512
12229956 12226560
12232004 12228608
12234052 12230656
12236100 12232704
12238148 12234752
12240196 12236800
12242244 12238848
12244292 12240896
12246340 12242944
12248388 12244992
12250436 12247040
12252484 12249088
12254532 12251136
12256580 12253184
12258628 12255232
12260676 12257280
12262724 12259328
12264772 12261376
12264772 12261376
12266820 12263424
12268868 12265472
12270916 12267520
12272964 12269568
12275012 12271616
12277060 12273664
12279108 12275712
12281156 12277760
12281156 12277760
12283204 12279808
12285252 12281856
12287300 12283904
12289348 12285952
12291396 12288000
12293444 12290048
12293444 12290048
12295492 12292096
12297540 12294144
12299588 12296192
12301636 12298240
12301636 12298240
12303684 12300288
12305732 12302336
12305732 40960
12305732 0
12307780 2048
12307780 2048
12307780 2048
12307780 2048
12307780 2048
12309828 4096
12309828 4096
12309828 4096
12311876 6144
12311876 6144
12313924 8192
12313924 8192
12315972 10240
12315972 10240
12318020 12288
12318020 12288
12320068 16384
12320068 16384
12322116 18432
12324164 20480
12324164 20480
12326212 22528
12326212 24576
12328260 24576
12330308 26624
12330308 4642816
12330308 4642816
12332356 4644864
12332356 4644864
12334404 4646912
12336452 4648960
12336452 4648960
12340548 4653056
12340548 4655104
12342596 5650432
12344644 5652480
12344644 5652480
12346692 5654528
12346692 5654528
12348740 5656576
12348740 5656576
12350788 5658624
12350788 5658624
12350788 5660672
12352836 5672960
12354884 5675008
12354884 5675008
12356932 5677056
12356932 5677056
12358980 5679104
12358980 5679104
12361028 5681152
12363076 5683200
12363076 5683200
12365124 5685248
12365124 5685248
12367172 5687296
12367172 5687296
12369220 5689344
12369220 5689344
12371268 5691392
12371268 5691392
12373316 5693440
12373316 5693440
12375364 5695488
12375364 5695488
12377412 5697536
12377412 5697536
12379460 5699584
12379460 5699584
12381508 5701632
12381508 5701632
12383556 5703680
12383556 5703680
12385604 5705728
12385604 5705728
12387652 5707776
12387652 5707776
12387652 5707776
12389700 5709824
12389700 5709824
12391748 12388352
12391748 12388352
12393796 12390400
12393796 12390400
12395844 12392448
12395844 12392448
12397892 12394496
12397892 12394496
12399940 12396544
12399940 12396544
12399940 12396544
12399940 12396544
12399940 12396544
12399940 12396544
12399940 12396544
12399940 12396544
12399940 12396544
12399940 12396544
12399940 12396544
12399940 12396544
12399940 12396544
12399940 12396544
12399940 12396544
12399940 12396544
12399940 12396544
12399940 12396544
12399940 12396544
12399940 12396544
12399940 12396544
12399940 12396544
12399940 12396544
12399940 12396544
12399940 12396544
12399940 12396544
12399940 12396544
12399940 12396544
12399940 12396544
12399940 12396544
12399940 12396544
12399940 12396544
12399940 12396544
12399940 12396544
12399940 12396544
12399940 12396544
12399940 12396544
12399940 12396544
12399940 12396544
12399940 12396544
12399940 12396544
12399940 12396544
12399940 12396544
12399940 12396544
12399940 12396544
12399940 12396544
12399940 12380160
12399940 12374016
12399940 12369920
12399940 12369920
12399940 12369920
12399940 12369920
12399940 12369920
12399940 12369920
12399940 12369920
12399940 12369920
12399940 12359680
12399940 12359680
12399940 12359680
12399940 12359680
12399940 12359680
12399940 12359680
12399940 12359680
12399940 12359680
12399940 12359680
12399940 12359680
12399940 12359680
12399940 12359680
