1047
1047
1047
1047
1047
1047
1047
1047
1047
1047
1047
1047
1047
1047
1047
1047
1047
1047
1047
1047
1047
1047
1047
1047
1047
1047
1047
1047
1047
1047
1050
1050
1050
1050
1050
1050
1050
1050
1050
1057
1057
1057
1057
1057
1057
1057
1057
1057
1057
1057
1057
1057
1057
1057
1057
1057
1057
1131
1131
1131
1131
1131
1131
1131
1131
1131
1911
3241
3241
3241
3241
3241
3241
3241
3241
3241
3241
4012
4012
4012
4012
4012
4012
4012
4012
4012
4012
4077
4077
4077
4077
4077
4077
4077
4077
4086
4086
4086
4086
4086
4086
4086
4086
4086
4086
4086
4086
4086
4086
4086
4086
4086
4086
4086
4086
4088
4088
4088
4088
4088
4088
4088
4088
4088
4088
4088
4088
4088
4088
4088
4088
4088
4088
4088
4088
4091
4091
4091
4091
4091
4091
4091
4091
4091
4091
4092
4092
4092
4092
4092
4092
4092
4092
4092
4093
4093
4093
4093
4093
4093
4093
4093
4093
4093
4093
4093
4093
4093
4093
4093
4093
4093
4093
4093
4093
4093
4093
4093
4093
4093
4093
4257
4257
4257
4257
4257
4257
4257
4257
4867
6234
6475
6475
6475
6475
6475
6475
6475
6475
6762
6762
6762
6762
6762
6762
6762
6762
6762
6762
6770
6770
6770
6770
6770
6770
6770
6770
6770
6832
6832
6832
6832
6832
6832
6832
6832
6832
6832
6962
6962
6962
6962
6962
6962
6962
6962
6962
6962
6962
6962
6962
6962
6962
6962
6962
6962
6962
6962
6962
6962
6962
6962
6962
6962
6962
6962
6962
6962
6962
6962
6962
6962
6962
6962
6962
6962
6962
6962
6962
6962
6962
6962
6962
6962
6962
6962
6962
6962
6962
6962
6962
6962
6962
6962
6962
6962
6962
6962
6962
6962
6962
6962
6962
6962
6962
6962
6962
6962
6962
6962
6962
6962
6962
6962
6962
6962
6962
6962
6962
6962
6962
6962
6964
6964
6964
6964
6964
6964
6964
6964
6964
7300
8687
9264
9264
9264
9264
9264
9264
9264
9444
9703
9703
9703
9703
9703
9703
9703
9703
9703
9709
9709
9709
9709
9709
9709
9709
9709
9709
9709
9709
9709
9709
9709
9709
9709
9709
9709
9709
9709
9709
9709
9709
9709
9709
9709
9709
9709
9709
9709
9709
9709
9709
9709
9709
9709
9709
9709
9709
9709
9709
9709
9709
9709
9709
9709
9709
9709
9709
9709
9709
9709
9709
9709
9709
9709
9709
9709
9709
9709
9709
9709
9709
9709
9709
9709
9709
9709
9709
9709
9709
9709
9709
9709
9709
9709
9709
9709
9709
9709
9709
9709
9709
9709
9709
9709
9709
9709
9709
9709
9709
9709
9709
9709
9709
9709
9709
9709
9709
9709
9709
9709
9709
9709
9709
9709
9709
9709
9709
9709
9709
9709
9709
