0
0
0
0
0
0
0
0
0
0
0
0
0
0
0
0
0
0
0
0
0
0
0
0
0
0
0
0
0
0
0
0
25
0
0
0
0
0
0
0
0
30
0
0
0
0
0
0
0
0
34
0
0
0
0
0
0
0
0
15
86
0
0
0
0
11
98
104
105
33
0
0
0
0
0
0
0
0
22
52
0
0
0
0
0
0
0
0
0
19
0
0
0
0
0
0
17
0
0
0
0
0
0
0
0
29
98
49
0
0
0
0
0
0
0
0
0
0
0
0
0
0
0
0
0
0
0
0
0
0
0
0
0
0
0
0
0
0
0
0
0
0
0
0
0
0
0
0
0
0
0
0
0
0
0
0
0
0
0
0
0
0
0
0
0
13
13
0
0
0
0
0
0
0
36
0
0
0
0
0
0
0
0
48
0
0
0
0
0
0
0
59
103
180
0
0
0
0
0
0
0
81
7
0
0
0
0
0
0
0
0
27
0
0
0
0
0
0
0
0
19
16
0
0
0
0
0
0
0
0
42
0
0
0
0
0
0
0
39
0
0
0
0
0
0
0
0
1
97
98
0
0
0
0
0
0
0
0
0
0
0
0
0
0
0
0
0
0
0
0
0
0
0
0
0
0
0
0
0
0
0
0
0
0
0
0
0
0
0
0
0
0
0
0
0
0
0
0
0
0
0
0
0
0
0
0
0
29
7
0
0
0
0
0
0
0
40
0
0
0
0
0
0
0
0
13
107
109
5
0
0
0
54
107
54
0
0
0
0
0
0
0
0
28
0
0
0
0
0
0
0
0
0
22
0
0
0
0
0
0
0
0
23
0
0
0
0
0
0
0
0
23
0
0
0
0
0
0
0
22
0
0
0
0
0
0
0
0
0
73
98
48
0
0
0
0
0
0
0
0
0
0
0
0
0
0
0
0
0
0
0
0
0
0
0
0
0
0
0
0
0
0
0
0
0
0
0
0
0
0
0
0
0
0
0
0
0
0
0
0
0
0
0
0
0
0
0
0
0
0
0
0
0
0
0
0
0
0
0
1
0
0
0
0
0
0
0
0
0
0
0
0
0
0
0
0
0
0
0
