97 (khugepaged) S 2 0 0 0 -1 2097216 0 0 0 0 0 73 0 0 39 19 1 0 26 0 0 18446744073709551615 0 0 0 0 0 0 0 2147483647 0 0 0 0 17 1 0 0 0 0 0 0 0 0 0 0 0 0 0
97 (khugepaged) S 2 0 0 0 -1 2097216 0 0 0 0 0 73 0 0 39 19 1 0 26 0 0 18446744073709551615 0 0 0 0 0 0 0 2147483647 0 0 0 0 17 1 0 0 0 0 0 0 0 0 0 0 0 0 0
97 (khugepaged) S 2 0 0 0 -1 2097216 0 0 0 0 0 73 0 0 39 19 1 0 26 0 0 18446744073709551615 0 0 0 0 0 0 0 2147483647 0 0 0 0 17 1 0 0 0 0 0 0 0 0 0 0 0 0 0
97 (khugepaged) S 2 0 0 0 -1 2097216 0 0 0 0 0 73 0 0 39 19 1 0 26 0 0 18446744073709551615 0 0 0 0 0 0 0 2147483647 0 0 0 0 17 1 0 0 0 0 0 0 0 0 0 0 0 0 0
97 (khugepaged) S 2 0 0 0 -1 2097216 0 0 0 0 0 73 0 0 39 19 1 0 26 0 0 18446744073709551615 0 0 0 0 0 0 0 2147483647 0 0 0 0 17 1 0 0 0 0 0 0 0 0 0 0 0 0 0
97 (khugepaged) S 2 0 0 0 -1 2097216 0 0 0 0 0 73 0 0 39 19 1 0 26 0 0 18446744073709551615 0 0 0 0 0 0 0 2147483647 0 0 0 0 17 1 0 0 0 0 0 0 0 0 0 0 0 0 0
97 (khugepaged) S 2 0 0 0 -1 2097216 0 0 0 0 0 73 0 0 39 19 1 0 26 0 0 18446744073709551615 0 0 0 0 0 0 0 2147483647 0 0 0 0 17 1 0 0 0 0 0 0 0 0 0 0 0 0 0
97 (khugepaged) S 2 0 0 0 -1 2097216 0 0 0 0 0 73 0 0 39 19 1 0 26 0 0 18446744073709551615 0 0 0 0 0 0 0 2147483647 0 0 0 0 17 1 0 0 0 0 0 0 0 0 0 0 0 0 0
97 (khugepaged) S 2 0 0 0 -1 2097216 0 0 0 0 0 73 0 0 39 19 1 0 26 0 0 18446744073709551615 0 0 0 0 0 0 0 2147483647 0 0 0 0 17 1 0 0 0 0 0 0 0 0 0 0 0 0 0
97 (khugepaged) S 2 0 0 0 -1 2097216 0 0 0 0 0 73 0 0 39 19 1 0 26 0 0 18446744073709551615 0 0 0 0 0 0 0 2147483647 0 0 0 0 17 1 0 0 0 0 0 0 0 0 0 0 0 0 0
97 (khugepaged) S 2 0 0 0 -1 2097216 0 0 0 0 0 73 0 0 39 19 1 0 26 0 0 18446744073709551615 0 0 0 0 0 0 0 2147483647 0 0 0 0 17 1 0 0 0 0 0 0 0 0 0 0 0 0 0
97 (khugepaged) S 2 0 0 0 -1 2097216 0 0 0 0 0 73 0 0 39 19 1 0 26 0 0 18446744073709551615 0 0 0 0 0 0 0 2147483647 0 0 0 0 17 1 0 0 0 0 0 0 0 0 0 0 0 0 0
97 (khugepaged) S 2 0 0 0 -1 2097216 0 0 0 0 0 73 0 0 39 19 1 0 26 0 0 18446744073709551615 0 0 0 0 0 0 0 2147483647 0 0 0 0 17 1 0 0 0 0 0 0 0 0 0 0 0 0 0
97 (khugepaged) S 2 0 0 0 -1 2097216 0 0 0 0 0 73 0 0 39 19 1 0 26 0 0 18446744073709551615 0 0 0 0 0 0 0 2147483647 0 0 0 0 17 1 0 0 0 0 0 0 0 0 0 0 0 0 0
97 (khugepaged) S 2 0 0 0 -1 2097216 0 0 0 0 0 73 0 0 39 19 1 0 26 0 0 18446744073709551615 0 0 0 0 0 0 0 2147483647 0 0 0 0 17 2 0 0 0 0 0 0 0 0 0 0 0 0 0
97 (khugepaged) S 2 0 0 0 -1 2097216 0 0 0 0 0 73 0 0 39 19 1 0 26 0 0 18446744073709551615 0 0 0 0 0 0 0 2147483647 0 0 0 0 17 2 0 0 0 0 0 0 0 0 0 0 0 0 0
97 (khugepaged) S 2 0 0 0 -1 2097216 0 0 0 0 0 73 0 0 39 19 1 0 26 0 0 18446744073709551615 0 0 0 0 0 0 0 2147483647 0 0 0 0 17 2 0 0 0 0 0 0 0 0 0 0 0 0 0
97 (khugepaged) S 2 0 0 0 -1 2097216 0 0 0 0 0 73 0 0 39 19 1 0 26 0 0 18446744073709551615 0 0 0 0 0 0 0 2147483647 0 0 0 0 17 2 0 0 0 0 0 0 0 0 0 0 0 0 0
97 (khugepaged) S 2 0 0 0 -1 2097216 0 0 0 0 0 73 0 0 39 19 1 0 26 0 0 18446744073709551615 0 0 0 0 0 0 0 2147483647 0 0 0 0 17 2 0 0 0 0 0 0 0 0 0 0 0 0 0
97 (khugepaged) S 2 0 0 0 -1 2097216 0 0 0 0 0 73 0 0 39 19 1 0 26 0 0 18446744073709551615 0 0 0 0 0 0 0 2147483647 0 0 0 0 17 2 0 0 0 0 0 0 0 0 0 0 0 0 0
97 (khugepaged) S 2 0 0 0 -1 2097216 0 0 0 0 0 73 0 0 39 19 1 0 26 0 0 18446744073709551615 0 0 0 0 0 0 0 2147483647 0 0 0 0 17 2 0 0 0 0 0 0 0 0 0 0 0 0 0
97 (khugepaged) S 2 0 0 0 -1 2097216 0 0 0 0 0 73 0 0 39 19 1 0 26 0 0 18446744073709551615 0 0 0 0 0 0 0 2147483647 0 0 0 0 17 2 0 0 0 0 0 0 0 0 0 0 0 0 0
97 (khugepaged) S 2 0 0 0 -1 2097216 0 0 0 0 0 73 0 0 39 19 1 0 26 0 0 18446744073709551615 0 0 0 0 0 0 0 2147483647 0 0 0 0 17 2 0 0 0 0 0 0 0 0 0 0 0 0 0
97 (khugepaged) S 2 0 0 0 -1 2097216 0 0 0 0 0 73 0 0 39 19 1 0 26 0 0 18446744073709551615 0 0 0 0 0 0 0 2147483647 0 0 0 0 17 2 0 0 0 0 0 0 0 0 0 0 0 0 0
97 (khugepaged) S 2 0 0 0 -1 2097216 0 0 0 0 0 73 0 0 39 19 1 0 26 0 0 18446744073709551615 0 0 0 0 0 0 0 2147483647 0 0 0 0 17 3 0 0 0 0 0 0 0 0 0 0 0 0 0
97 (khugepaged) S 2 0 0 0 -1 2097216 0 0 0 0 0 73 0 0 39 19 1 0 26 0 0 18446744073709551615 0 0 0 0 0 0 0 2147483647 0 0 0 0 17 3 0 0 0 0 0 0 0 0 0 0 0 0 0
97 (khugepaged) S 2 0 0 0 -1 2097216 0 0 0 0 0 73 0 0 39 19 1 0 26 0 0 18446744073709551615 0 0 0 0 0 0 0 2147483647 0 0 0 0 17 3 0 0 0 0 0 0 0 0 0 0 0 0 0
97 (khugepaged) S 2 0 0 0 -1 2097216 0 0 0 0 0 73 0 0 39 19 1 0 26 0 0 18446744073709551615 0 0 0 0 0 0 0 2147483647 0 0 0 0 17 3 0 0 0 0 0 0 0 0 0 0 0 0 0
97 (khugepaged) S 2 0 0 0 -1 2097216 0 0 0 0 0 73 0 0 39 19 1 0 26 0 0 18446744073709551615 0 0 0 0 0 0 0 2147483647 0 0 0 0 17 3 0 0 0 0 0 0 0 0 0 0 0 0 0
97 (khugepaged) S 2 0 0 0 -1 2097216 0 0 0 0 0 73 0 0 39 19 1 0 26 0 0 18446744073709551615 0 0 0 0 0 0 0 2147483647 0 0 0 0 17 3 0 0 0 0 0 0 0 0 0 0 0 0 0
97 (khugepaged) S 2 0 0 0 -1 2097216 0 0 0 0 0 73 0 0 39 19 1 0 26 0 0 18446744073709551615 0 0 0 0 0 0 0 2147483647 0 0 0 0 17 3 0 0 0 0 0 0 0 0 0 0 0 0 0
97 (khugepaged) S 2 0 0 0 -1 2097216 0 0 0 0 0 73 0 0 39 19 1 0 26 0 0 18446744073709551615 0 0 0 0 0 0 0 2147483647 0 0 0 0 17 3 0 0 0 0 0 0 0 0 0 0 0 0 0
97 (khugepaged) S 2 0 0 0 -1 2097216 0 0 0 0 0 73 0 0 39 19 1 0 26 0 0 18446744073709551615 0 0 0 0 0 0 0 2147483647 0 0 0 0 17 3 0 0 0 0 0 0 0 0 0 0 0 0 0
97 (khugepaged) S 2 0 0 0 -1 2097216 0 0 0 0 0 98 0 0 39 19 1 0 26 0 0 18446744073709551615 0 0 0 0 0 0 0 2147483647 0 0 0 0 17 4 0 0 0 0 0 0 0 0 0 0 0 0 0
97 (khugepaged) S 2 0 0 0 -1 2097216 0 0 0 0 0 98 0 0 39 19 1 0 26 0 0 18446744073709551615 0 0 0 0 0 0 0 2147483647 0 0 0 0 17 4 0 0 0 0 0 0 0 0 0 0 0 0 0
97 (khugepaged) S 2 0 0 0 -1 2097216 0 0 0 0 0 98 0 0 39 19 1 0 26 0 0 18446744073709551615 0 0 0 0 0 0 0 2147483647 0 0 0 0 17 4 0 0 0 0 0 0 0 0 0 0 0 0 0
97 (khugepaged) S 2 0 0 0 -1 2097216 0 0 0 0 0 98 0 0 39 19 1 0 26 0 0 18446744073709551615 0 0 0 0 0 0 0 2147483647 0 0 0 0 17 4 0 0 0 0 0 0 0 0 0 0 0 0 0
97 (khugepaged) S 2 0 0 0 -1 2097216 0 0 0 0 0 98 0 0 39 19 1 0 26 0 0 18446744073709551615 0 0 0 0 0 0 0 2147483647 0 0 0 0 17 4 0 0 0 0 0 0 0 0 0 0 0 0 0
97 (khugepaged) S 2 0 0 0 -1 2097216 0 0 0 0 0 98 0 0 39 19 1 0 26 0 0 18446744073709551615 0 0 0 0 0 0 0 2147483647 0 0 0 0 17 4 0 0 0 0 0 0 0 0 0 0 0 0 0
97 (khugepaged) S 2 0 0 0 -1 2097216 0 0 0 0 0 98 0 0 39 19 1 0 26 0 0 18446744073709551615 0 0 0 0 0 0 0 2147483647 0 0 0 0 17 4 0 0 0 0 0 0 0 0 0 0 0 0 0
97 (khugepaged) S 2 0 0 0 -1 2097216 0 0 0 0 0 98 0 0 39 19 1 0 26 0 0 18446744073709551615 0 0 0 0 0 0 0 2147483647 0 0 0 0 17 4 0 0 0 0 0 0 0 0 0 0 0 0 0
97 (khugepaged) S 2 0 0 0 -1 2097216 0 0 0 0 0 98 0 0 39 19 1 0 26 0 0 18446744073709551615 0 0 0 0 0 0 0 2147483647 0 0 0 0 17 4 0 0 0 0 0 0 0 0 0 0 0 0 0
97 (khugepaged) S 2 0 0 0 -1 2097216 0 0 0 0 0 128 0 0 39 19 1 0 26 0 0 18446744073709551615 0 0 0 0 0 0 0 2147483647 0 0 0 0 17 0 0 0 0 0 0 0 0 0 0 0 0 0 0
97 (khugepaged) S 2 0 0 0 -1 2097216 0 0 0 0 0 128 0 0 39 19 1 0 26 0 0 18446744073709551615 0 0 0 0 0 0 0 2147483647 0 0 0 0 17 0 0 0 0 0 0 0 0 0 0 0 0 0 0
97 (khugepaged) S 2 0 0 0 -1 2097216 0 0 0 0 0 128 0 0 39 19 1 0 26 0 0 18446744073709551615 0 0 0 0 0 0 0 2147483647 0 0 0 0 17 0 0 0 0 0 0 0 0 0 0 0 0 0 0
97 (khugepaged) S 2 0 0 0 -1 2097216 0 0 0 0 0 128 0 0 39 19 1 0 26 0 0 18446744073709551615 0 0 0 0 0 0 0 2147483647 0 0 0 0 17 0 0 0 0 0 0 0 0 0 0 0 0 0 0
97 (khugepaged) S 2 0 0 0 -1 2097216 0 0 0 0 0 128 0 0 39 19 1 0 26 0 0 18446744073709551615 0 0 0 0 0 0 0 2147483647 0 0 0 0 17 0 0 0 0 0 0 0 0 0 0 0 0 0 0
97 (khugepaged) S 2 0 0 0 -1 2097216 0 0 0 0 0 128 0 0 39 19 1 0 26 0 0 18446744073709551615 0 0 0 0 0 0 0 2147483647 0 0 0 0 17 0 0 0 0 0 0 0 0 0 0 0 0 0 0
97 (khugepaged) S 2 0 0 0 -1 2097216 0 0 0 0 0 128 0 0 39 19 1 0 26 0 0 18446744073709551615 0 0 0 0 0 0 0 2147483647 0 0 0 0 17 0 0 0 0 0 0 0 0 0 0 0 0 0 0
97 (khugepaged) S 2 0 0 0 -1 2097216 0 0 0 0 0 128 0 0 39 19 1 0 26 0 0 18446744073709551615 0 0 0 0 0 0 0 2147483647 0 0 0 0 17 0 0 0 0 0 0 0 0 0 0 0 0 0 0
97 (khugepaged) S 2 0 0 0 -1 2097216 0 0 0 0 0 128 0 0 39 19 1 0 26 0 0 18446744073709551615 0 0 0 0 0 0 0 2147483647 0 0 0 0 17 0 0 0 0 0 0 0 0 0 0 0 0 0 0
97 (khugepaged) S 2 0 0 0 -1 2097216 0 0 0 0 0 162 0 0 39 19 1 0 26 0 0 18446744073709551615 0 0 0 0 0 0 0 2147483647 0 0 0 0 17 0 0 0 0 0 0 0 0 0 0 0 0 0 0
97 (khugepaged) S 2 0 0 0 -1 2097216 0 0 0 0 0 162 0 0 39 19 1 0 26 0 0 18446744073709551615 0 0 0 0 0 0 0 2147483647 0 0 0 0 17 0 0 0 0 0 0 0 0 0 0 0 0 0 0
97 (khugepaged) S 2 0 0 0 -1 2097216 0 0 0 0 0 162 0 0 39 19 1 0 26 0 0 18446744073709551615 0 0 0 0 0 0 0 2147483647 0 0 0 0 17 0 0 0 0 0 0 0 0 0 0 0 0 0 0
97 (khugepaged) S 2 0 0 0 -1 2097216 0 0 0 0 0 162 0 0 39 19 1 0 26 0 0 18446744073709551615 0 0 0 0 0 0 0 2147483647 0 0 0 0 17 0 0 0 0 0 0 0 0 0 0 0 0 0 0
97 (khugepaged) S 2 0 0 0 -1 2097216 0 0 0 0 0 162 0 0 39 19 1 0 26 0 0 18446744073709551615 0 0 0 0 0 0 0 2147483647 0 0 0 0 17 0 0 0 0 0 0 0 0 0 0 0 0 0 0
97 (khugepaged) S 2 0 0 0 -1 2097216 0 0 0 0 0 162 0 0 39 19 1 0 26 0 0 18446744073709551615 0 0 0 0 0 0 0 2147483647 0 0 0 0 17 0 0 0 0 0 0 0 0 0 0 0 0 0 0
97 (khugepaged) S 2 0 0 0 -1 2097216 0 0 0 0 0 162 0 0 39 19 1 0 26 0 0 18446744073709551615 0 0 0 0 0 0 0 2147483647 0 0 0 0 17 0 0 0 0 0 0 0 0 0 0 0 0 0 0
97 (khugepaged) S 2 0 0 0 -1 2097216 0 0 0 0 0 162 0 0 39 19 1 0 26 0 0 18446744073709551615 0 0 0 0 0 0 0 2147483647 0 0 0 0 17 0 0 0 0 0 0 0 0 0 0 0 0 0 0
97 (khugepaged) S 2 0 0 0 -1 2097216 0 0 0 0 0 162 0 0 39 19 1 0 26 0 0 18446744073709551615 0 0 0 0 0 0 0 2147483647 0 0 0 0 17 0 0 0 0 0 0 0 0 0 0 0 0 0 0
97 (khugepaged) R 2 0 0 0 -1 2097216 0 0 0 0 0 177 0 0 39 19 1 0 26 0 0 18446744073709551615 0 0 0 0 0 0 0 2147483647 0 0 0 0 17 6 0 0 0 0 0 0 0 0 0 0 0 0 0
97 (khugepaged) S 2 0 0 0 -1 2097216 0 0 0 0 0 263 0 0 39 19 1 0 26 0 0 18446744073709551615 0 0 0 0 0 0 0 2147483647 0 0 0 0 17 6 0 0 0 0 0 0 0 0 0 0 0 0 0
97 (khugepaged) S 2 0 0 0 -1 2097216 0 0 0 0 0 263 0 0 39 19 1 0 26 0 0 18446744073709551615 0 0 0 0 0 0 0 2147483647 0 0 0 0 17 6 0 0 0 0 0 0 0 0 0 0 0 0 0
97 (khugepaged) S 2 0 0 0 -1 2097216 0 0 0 0 0 263 0 0 39 19 1 0 26 0 0 18446744073709551615 0 0 0 0 0 0 0 2147483647 0 0 0 0 17 6 0 0 0 0 0 0 0 0 0 0 0 0 0
97 (khugepaged) S 2 0 0 0 -1 2097216 0 0 0 0 0 263 0 0 39 19 1 0 26 0 0 18446744073709551615 0 0 0 0 0 0 0 2147483647 0 0 0 0 17 6 0 0 0 0 0 0 0 0 0 0 0 0 0
97 (khugepaged) S 2 0 0 0 -1 2097216 0 0 0 0 0 263 0 0 39 19 1 0 26 0 0 18446744073709551615 0 0 0 0 0 0 0 2147483647 0 0 0 0 17 6 0 0 0 0 0 0 0 0 0 0 0 0 0
97 (khugepaged) R 2 0 0 0 -1 2097216 0 0 0 0 0 274 0 0 39 19 1 0 26 0 0 18446744073709551615 0 0 0 0 0 0 0 2147483647 0 0 0 0 17 6 0 0 0 0 0 0 0 0 0 0 0 0 0
97 (khugepaged) R 2 0 0 0 -1 2097216 0 0 0 0 0 372 0 0 39 19 1 0 26 0 0 18446744073709551615 0 0 0 0 0 0 0 2147483647 0 0 0 0 17 6 0 0 0 0 0 0 0 0 0 0 0 0 0
97 (khugepaged) R 2 0 0 0 -1 2097216 0 0 0 0 0 476 0 0 39 19 1 0 26 0 0 18446744073709551615 0 0 0 0 0 0 0 2147483647 0 0 0 0 17 6 0 0 0 0 0 0 0 0 0 0 0 0 0
97 (khugepaged) R 2 0 0 0 -1 2097216 0 0 0 0 0 581 0 0 39 19 1 0 26 0 0 18446744073709551615 0 0 0 0 0 0 0 2147483647 0 0 0 0 17 6 0 0 0 0 0 0 0 0 0 0 0 0 0
97 (khugepaged) S 2 0 0 0 -1 2097216 0 0 0 0 0 614 0 0 39 19 1 0 26 0 0 18446744073709551615 0 0 0 0 0 0 0 2147483647 0 0 0 0 17 6 0 0 0 0 0 0 0 0 0 0 0 0 0
97 (khugepaged) S 2 0 0 0 -1 2097216 0 0 0 0 0 614 0 0 39 19 1 0 26 0 0 18446744073709551615 0 0 0 0 0 0 0 2147483647 0 0 0 0 17 6 0 0 0 0 0 0 0 0 0 0 0 0 0
97 (khugepaged) S 2 0 0 0 -1 2097216 0 0 0 0 0 614 0 0 39 19 1 0 26 0 0 18446744073709551615 0 0 0 0 0 0 0 2147483647 0 0 0 0 17 6 0 0 0 0 0 0 0 0 0 0 0 0 0
97 (khugepaged) S 2 0 0 0 -1 2097216 0 0 0 0 0 614 0 0 39 19 1 0 26 0 0 18446744073709551615 0 0 0 0 0 0 0 2147483647 0 0 0 0 17 6 0 0 0 0 0 0 0 0 0 0 0 0 0
97 (khugepaged) S 2 0 0 0 -1 2097216 0 0 0 0 0 614 0 0 39 19 1 0 26 0 0 18446744073709551615 0 0 0 0 0 0 0 2147483647 0 0 0 0 17 6 0 0 0 0 0 0 0 0 0 0 0 0 0
97 (khugepaged) S 2 0 0 0 -1 2097216 0 0 0 0 0 614 0 0 39 19 1 0 26 0 0 18446744073709551615 0 0 0 0 0 0 0 2147483647 0 0 0 0 17 6 0 0 0 0 0 0 0 0 0 0 0 0 0
97 (khugepaged) S 2 0 0 0 -1 2097216 0 0 0 0 0 614 0 0 39 19 1 0 26 0 0 18446744073709551615 0 0 0 0 0 0 0 2147483647 0 0 0 0 17 6 0 0 0 0 0 0 0 0 0 0 0 0 0
97 (khugepaged) S 2 0 0 0 -1 2097216 0 0 0 0 0 614 0 0 39 19 1 0 26 0 0 18446744073709551615 0 0 0 0 0 0 0 2147483647 0 0 0 0 17 6 0 0 0 0 0 0 0 0 0 0 0 0 0
97 (khugepaged) S 2 0 0 0 -1 2097216 0 0 0 0 0 614 0 0 39 19 1 0 26 0 0 18446744073709551615 0 0 0 0 0 0 0 2147483647 0 0 0 0 17 6 0 0 0 0 0 0 0 0 0 0 0 0 0
97 (khugepaged) R 2 0 0 0 -1 2097216 0 0 0 0 0 636 0 0 39 19 1 0 26 0 0 18446744073709551615 0 0 0 0 0 0 0 2147483647 0 0 0 0 17 4 0 0 0 0 0 0 0 0 0 0 0 0 0
97 (khugepaged) S 2 0 0 0 -1 2097216 0 0 0 0 0 688 0 0 39 19 1 0 26 0 0 18446744073709551615 0 0 0 0 0 0 0 2147483647 0 0 0 0 17 4 0 0 0 0 0 0 0 0 0 0 0 0 0
97 (khugepaged) S 2 0 0 0 -1 2097216 0 0 0 0 0 688 0 0 39 19 1 0 26 0 0 18446744073709551615 0 0 0 0 0 0 0 2147483647 0 0 0 0 17 4 0 0 0 0 0 0 0 0 0 0 0 0 0
97 (khugepaged) S 2 0 0 0 -1 2097216 0 0 0 0 0 688 0 0 39 19 1 0 26 0 0 18446744073709551615 0 0 0 0 0 0 0 2147483647 0 0 0 0 17 4 0 0 0 0 0 0 0 0 0 0 0 0 0
97 (khugepaged) S 2 0 0 0 -1 2097216 0 0 0 0 0 688 0 0 39 19 1 0 26 0 0 18446744073709551615 0 0 0 0 0 0 0 2147483647 0 0 0 0 17 4 0 0 0 0 0 0 0 0 0 0 0 0 0
97 (khugepaged) S 2 0 0 0 -1 2097216 0 0 0 0 0 688 0 0 39 19 1 0 26 0 0 18446744073709551615 0 0 0 0 0 0 0 2147483647 0 0 0 0 17 4 0 0 0 0 0 0 0 0 0 0 0 0 0
97 (khugepaged) S 2 0 0 0 -1 2097216 0 0 0 0 0 688 0 0 39 19 1 0 26 0 0 18446744073709551615 0 0 0 0 0 0 0 2147483647 0 0 0 0 17 4 0 0 0 0 0 0 0 0 0 0 0 0 0
97 (khugepaged) S 2 0 0 0 -1 2097216 0 0 0 0 0 688 0 0 39 19 1 0 26 0 0 18446744073709551615 0 0 0 0 0 0 0 2147483647 0 0 0 0 17 4 0 0 0 0 0 0 0 0 0 0 0 0 0
97 (khugepaged) S 2 0 0 0 -1 2097216 0 0 0 0 0 688 0 0 39 19 1 0 26 0 0 18446744073709551615 0 0 0 0 0 0 0 2147483647 0 0 0 0 17 4 0 0 0 0 0 0 0 0 0 0 0 0 0
97 (khugepaged) S 2 0 0 0 -1 2097216 0 0 0 0 0 688 0 0 39 19 1 0 26 0 0 18446744073709551615 0 0 0 0 0 0 0 2147483647 0 0 0 0 17 4 0 0 0 0 0 0 0 0 0 0 0 0 0
97 (khugepaged) R 2 0 0 0 -1 2097216 0 0 0 0 0 688 0 0 39 19 1 0 26 0 0 18446744073709551615 0 0 0 0 0 0 0 2147483647 0 0 0 0 17 5 0 0 0 0 0 0 0 0 0 0 0 0 0
97 (khugepaged) S 2 0 0 0 -1 2097216 0 0 0 0 0 707 0 0 39 19 1 0 26 0 0 18446744073709551615 0 0 0 0 0 0 0 2147483647 0 0 0 0 17 5 0 0 0 0 0 0 0 0 0 0 0 0 0
97 (khugepaged) S 2 0 0 0 -1 2097216 0 0 0 0 0 707 0 0 39 19 1 0 26 0 0 18446744073709551615 0 0 0 0 0 0 0 2147483647 0 0 0 0 17 5 0 0 0 0 0 0 0 0 0 0 0 0 0
97 (khugepaged) S 2 0 0 0 -1 2097216 0 0 0 0 0 707 0 0 39 19 1 0 26 0 0 18446744073709551615 0 0 0 0 0 0 0 2147483647 0 0 0 0 17 5 0 0 0 0 0 0 0 0 0 0 0 0 0
97 (khugepaged) S 2 0 0 0 -1 2097216 0 0 0 0 0 707 0 0 39 19 1 0 26 0 0 18446744073709551615 0 0 0 0 0 0 0 2147483647 0 0 0 0 17 5 0 0 0 0 0 0 0 0 0 0 0 0 0
97 (khugepaged) S 2 0 0 0 -1 2097216 0 0 0 0 0 707 0 0 39 19 1 0 26 0 0 18446744073709551615 0 0 0 0 0 0 0 2147483647 0 0 0 0 17 5 0 0 0 0 0 0 0 0 0 0 0 0 0
97 (khugepaged) S 2 0 0 0 -1 2097216 0 0 0 0 0 707 0 0 39 19 1 0 26 0 0 18446744073709551615 0 0 0 0 0 0 0 2147483647 0 0 0 0 17 5 0 0 0 0 0 0 0 0 0 0 0 0 0
97 (khugepaged) S 2 0 0 0 -1 2097216 0 0 0 0 0 707 0 0 39 19 1 0 26 0 0 18446744073709551615 0 0 0 0 0 0 0 2147483647 0 0 0 0 17 5 0 0 0 0 0 0 0 0 0 0 0 0 0
97 (khugepaged) S 2 0 0 0 -1 2097216 0 0 0 0 0 724 0 0 39 19 1 0 26 0 0 18446744073709551615 0 0 0 0 0 0 0 2147483647 0 0 0 0 17 0 0 0 0 0 0 0 0 0 0 0 0 0 0
97 (khugepaged) S 2 0 0 0 -1 2097216 0 0 0 0 0 724 0 0 39 19 1 0 26 0 0 18446744073709551615 0 0 0 0 0 0 0 2147483647 0 0 0 0 17 0 0 0 0 0 0 0 0 0 0 0 0 0 0
97 (khugepaged) S 2 0 0 0 -1 2097216 0 0 0 0 0 724 0 0 39 19 1 0 26 0 0 18446744073709551615 0 0 0 0 0 0 0 2147483647 0 0 0 0 17 0 0 0 0 0 0 0 0 0 0 0 0 0 0
97 (khugepaged) S 2 0 0 0 -1 2097216 0 0 0 0 0 724 0 0 39 19 1 0 26 0 0 18446744073709551615 0 0 0 0 0 0 0 2147483647 0 0 0 0 17 0 0 0 0 0 0 0 0 0 0 0 0 0 0
97 (khugepaged) S 2 0 0 0 -1 2097216 0 0 0 0 0 724 0 0 39 19 1 0 26 0 0 18446744073709551615 0 0 0 0 0 0 0 2147483647 0 0 0 0 17 0 0 0 0 0 0 0 0 0 0 0 0 0 0
97 (khugepaged) S 2 0 0 0 -1 2097216 0 0 0 0 0 724 0 0 39 19 1 0 26 0 0 18446744073709551615 0 0 0 0 0 0 0 2147483647 0 0 0 0 17 0 0 0 0 0 0 0 0 0 0 0 0 0 0
97 (khugepaged) S 2 0 0 0 -1 2097216 0 0 0 0 0 724 0 0 39 19 1 0 26 0 0 18446744073709551615 0 0 0 0 0 0 0 2147483647 0 0 0 0 17 0 0 0 0 0 0 0 0 0 0 0 0 0 0
97 (khugepaged) S 2 0 0 0 -1 2097216 0 0 0 0 0 724 0 0 39 19 1 0 26 0 0 18446744073709551615 0 0 0 0 0 0 0 2147483647 0 0 0 0 17 0 0 0 0 0 0 0 0 0 0 0 0 0 0
97 (khugepaged) S 2 0 0 0 -1 2097216 0 0 0 0 0 724 0 0 39 19 1 0 26 0 0 18446744073709551615 0 0 0 0 0 0 0 2147483647 0 0 0 0 17 0 0 0 0 0 0 0 0 0 0 0 0 0 0
97 (khugepaged) R 2 0 0 0 -1 2097216 0 0 0 0 0 753 0 0 39 19 1 0 26 0 0 18446744073709551615 0 0 0 0 0 0 0 2147483647 0 0 0 0 17 0 0 0 0 0 0 0 0 0 0 0 0 0 0
97 (khugepaged) R 2 0 0 0 -1 2097216 0 0 0 0 0 851 0 0 39 19 1 0 26 0 0 18446744073709551615 0 0 0 0 0 0 0 2147483647 0 0 0 0 17 0 0 0 0 0 0 0 0 0 0 0 0 0 0
97 (khugepaged) S 2 0 0 0 -1 2097216 0 0 0 0 0 900 0 0 39 19 1 0 26 0 0 18446744073709551615 0 0 0 0 0 0 0 2147483647 0 0 0 0 17 0 0 0 0 0 0 0 0 0 0 0 0 0 0
97 (khugepaged) S 2 0 0 0 -1 2097216 0 0 0 0 0 900 0 0 39 19 1 0 26 0 0 18446744073709551615 0 0 0 0 0 0 0 2147483647 0 0 0 0 17 0 0 0 0 0 0 0 0 0 0 0 0 0 0
97 (khugepaged) S 2 0 0 0 -1 2097216 0 0 0 0 0 900 0 0 39 19 1 0 26 0 0 18446744073709551615 0 0 0 0 0 0 0 2147483647 0 0 0 0 17 0 0 0 0 0 0 0 0 0 0 0 0 0 0
97 (khugepaged) S 2 0 0 0 -1 2097216 0 0 0 0 0 900 0 0 39 19 1 0 26 0 0 18446744073709551615 0 0 0 0 0 0 0 2147483647 0 0 0 0 17 0 0 0 0 0 0 0 0 0 0 0 0 0 0
97 (khugepaged) S 2 0 0 0 -1 2097216 0 0 0 0 0 900 0 0 39 19 1 0 26 0 0 18446744073709551615 0 0 0 0 0 0 0 2147483647 0 0 0 0 17 0 0 0 0 0 0 0 0 0 0 0 0 0 0
97 (khugepaged) S 2 0 0 0 -1 2097216 0 0 0 0 0 900 0 0 39 19 1 0 26 0 0 18446744073709551615 0 0 0 0 0 0 0 2147483647 0 0 0 0 17 0 0 0 0 0 0 0 0 0 0 0 0 0 0
97 (khugepaged) S 2 0 0 0 -1 2097216 0 0 0 0 0 900 0 0 39 19 1 0 26 0 0 18446744073709551615 0 0 0 0 0 0 0 2147483647 0 0 0 0 17 0 0 0 0 0 0 0 0 0 0 0 0 0 0
97 (khugepaged) S 2 0 0 0 -1 2097216 0 0 0 0 0 900 0 0 39 19 1 0 26 0 0 18446744073709551615 0 0 0 0 0 0 0 2147483647 0 0 0 0 17 0 0 0 0 0 0 0 0 0 0 0 0 0 0
97 (khugepaged) S 2 0 0 0 -1 2097216 0 0 0 0 0 900 0 0 39 19 1 0 26 0 0 18446744073709551615 0 0 0 0 0 0 0 2147483647 0 0 0 0 17 0 0 0 0 0 0 0 0 0 0 0 0 0 0
97 (khugepaged) S 2 0 0 0 -1 2097216 0 0 0 0 0 900 0 0 39 19 1 0 26 0 0 18446744073709551615 0 0 0 0 0 0 0 2147483647 0 0 0 0 17 0 0 0 0 0 0 0 0 0 0 0 0 0 0
97 (khugepaged) S 2 0 0 0 -1 2097216 0 0 0 0 0 900 0 0 39 19 1 0 26 0 0 18446744073709551615 0 0 0 0 0 0 0 2147483647 0 0 0 0 17 2 0 0 0 0 0 0 0 0 0 0 0 0 0
97 (khugepaged) S 2 0 0 0 -1 2097216 0 0 0 0 0 900 0 0 39 19 1 0 26 0 0 18446744073709551615 0 0 0 0 0 0 0 2147483647 0 0 0 0 17 2 0 0 0 0 0 0 0 0 0 0 0 0 0
97 (khugepaged) S 2 0 0 0 -1 2097216 0 0 0 0 0 900 0 0 39 19 1 0 26 0 0 18446744073709551615 0 0 0 0 0 0 0 2147483647 0 0 0 0 17 2 0 0 0 0 0 0 0 0 0 0 0 0 0
97 (khugepaged) S 2 0 0 0 -1 2097216 0 0 0 0 0 900 0 0 39 19 1 0 26 0 0 18446744073709551615 0 0 0 0 0 0 0 2147483647 0 0 0 0 17 2 0 0 0 0 0 0 0 0 0 0 0 0 0
97 (khugepaged) S 2 0 0 0 -1 2097216 0 0 0 0 0 900 0 0 39 19 1 0 26 0 0 18446744073709551615 0 0 0 0 0 0 0 2147483647 0 0 0 0 17 2 0 0 0 0 0 0 0 0 0 0 0 0 0
97 (khugepaged) S 2 0 0 0 -1 2097216 0 0 0 0 0 900 0 0 39 19 1 0 26 0 0 18446744073709551615 0 0 0 0 0 0 0 2147483647 0 0 0 0 17 2 0 0 0 0 0 0 0 0 0 0 0 0 0
97 (khugepaged) S 2 0 0 0 -1 2097216 0 0 0 0 0 900 0 0 39 19 1 0 26 0 0 18446744073709551615 0 0 0 0 0 0 0 2147483647 0 0 0 0 17 2 0 0 0 0 0 0 0 0 0 0 0 0 0
97 (khugepaged) S 2 0 0 0 -1 2097216 0 0 0 0 0 900 0 0 39 19 1 0 26 0 0 18446744073709551615 0 0 0 0 0 0 0 2147483647 0 0 0 0 17 2 0 0 0 0 0 0 0 0 0 0 0 0 0
97 (khugepaged) S 2 0 0 0 -1 2097216 0 0 0 0 0 900 0 0 39 19 1 0 26 0 0 18446744073709551615 0 0 0 0 0 0 0 2147483647 0 0 0 0 17 2 0 0 0 0 0 0 0 0 0 0 0 0 0
97 (khugepaged) S 2 0 0 0 -1 2097216 0 0 0 0 0 900 0 0 39 19 1 0 26 0 0 18446744073709551615 0 0 0 0 0 0 0 2147483647 0 0 0 0 17 2 0 0 0 0 0 0 0 0 0 0 0 0 0
97 (khugepaged) S 2 0 0 0 -1 2097216 0 0 0 0 0 900 0 0 39 19 1 0 26 0 0 18446744073709551615 0 0 0 0 0 0 0 2147483647 0 0 0 0 17 2 0 0 0 0 0 0 0 0 0 0 0 0 0
97 (khugepaged) S 2 0 0 0 -1 2097216 0 0 0 0 0 900 0 0 39 19 1 0 26 0 0 18446744073709551615 0 0 0 0 0 0 0 2147483647 0 0 0 0 17 2 0 0 0 0 0 0 0 0 0 0 0 0 0
97 (khugepaged) S 2 0 0 0 -1 2097216 0 0 0 0 0 900 0 0 39 19 1 0 26 0 0 18446744073709551615 0 0 0 0 0 0 0 2147483647 0 0 0 0 17 2 0 0 0 0 0 0 0 0 0 0 0 0 0
97 (khugepaged) S 2 0 0 0 -1 2097216 0 0 0 0 0 900 0 0 39 19 1 0 26 0 0 18446744073709551615 0 0 0 0 0 0 0 2147483647 0 0 0 0 17 2 0 0 0 0 0 0 0 0 0 0 0 0 0
97 (khugepaged) S 2 0 0 0 -1 2097216 0 0 0 0 0 900 0 0 39 19 1 0 26 0 0 18446744073709551615 0 0 0 0 0 0 0 2147483647 0 0 0 0 17 2 0 0 0 0 0 0 0 0 0 0 0 0 0
97 (khugepaged) S 2 0 0 0 -1 2097216 0 0 0 0 0 900 0 0 39 19 1 0 26 0 0 18446744073709551615 0 0 0 0 0 0 0 2147483647 0 0 0 0 17 2 0 0 0 0 0 0 0 0 0 0 0 0 0
97 (khugepaged) S 2 0 0 0 -1 2097216 0 0 0 0 0 900 0 0 39 19 1 0 26 0 0 18446744073709551615 0 0 0 0 0 0 0 2147483647 0 0 0 0 17 2 0 0 0 0 0 0 0 0 0 0 0 0 0
97 (khugepaged) S 2 0 0 0 -1 2097216 0 0 0 0 0 900 0 0 39 19 1 0 26 0 0 18446744073709551615 0 0 0 0 0 0 0 2147483647 0 0 0 0 17 2 0 0 0 0 0 0 0 0 0 0 0 0 0
97 (khugepaged) S 2 0 0 0 -1 2097216 0 0 0 0 0 900 0 0 39 19 1 0 26 0 0 18446744073709551615 0 0 0 0 0 0 0 2147483647 0 0 0 0 17 2 0 0 0 0 0 0 0 0 0 0 0 0 0
97 (khugepaged) S 2 0 0 0 -1 2097216 0 0 0 0 0 900 0 0 39 19 1 0 26 0 0 18446744073709551615 0 0 0 0 0 0 0 2147483647 0 0 0 0 17 2 0 0 0 0 0 0 0 0 0 0 0 0 0
97 (khugepaged) S 2 0 0 0 -1 2097216 0 0 0 0 0 900 0 0 39 19 1 0 26 0 0 18446744073709551615 0 0 0 0 0 0 0 2147483647 0 0 0 0 17 3 0 0 0 0 0 0 0 0 0 0 0 0 0
97 (khugepaged) S 2 0 0 0 -1 2097216 0 0 0 0 0 900 0 0 39 19 1 0 26 0 0 18446744073709551615 0 0 0 0 0 0 0 2147483647 0 0 0 0 17 3 0 0 0 0 0 0 0 0 0 0 0 0 0
97 (khugepaged) S 2 0 0 0 -1 2097216 0 0 0 0 0 900 0 0 39 19 1 0 26 0 0 18446744073709551615 0 0 0 0 0 0 0 2147483647 0 0 0 0 17 3 0 0 0 0 0 0 0 0 0 0 0 0 0
97 (khugepaged) S 2 0 0 0 -1 2097216 0 0 0 0 0 900 0 0 39 19 1 0 26 0 0 18446744073709551615 0 0 0 0 0 0 0 2147483647 0 0 0 0 17 3 0 0 0 0 0 0 0 0 0 0 0 0 0
97 (khugepaged) S 2 0 0 0 -1 2097216 0 0 0 0 0 900 0 0 39 19 1 0 26 0 0 18446744073709551615 0 0 0 0 0 0 0 2147483647 0 0 0 0 17 3 0 0 0 0 0 0 0 0 0 0 0 0 0
97 (khugepaged) S 2 0 0 0 -1 2097216 0 0 0 0 0 900 0 0 39 19 1 0 26 0 0 18446744073709551615 0 0 0 0 0 0 0 2147483647 0 0 0 0 17 3 0 0 0 0 0 0 0 0 0 0 0 0 0
97 (khugepaged) S 2 0 0 0 -1 2097216 0 0 0 0 0 900 0 0 39 19 1 0 26 0 0 18446744073709551615 0 0 0 0 0 0 0 2147483647 0 0 0 0 17 3 0 0 0 0 0 0 0 0 0 0 0 0 0
97 (khugepaged) S 2 0 0 0 -1 2097216 0 0 0 0 0 900 0 0 39 19 1 0 26 0 0 18446744073709551615 0 0 0 0 0 0 0 2147483647 0 0 0 0 17 3 0 0 0 0 0 0 0 0 0 0 0 0 0
97 (khugepaged) S 2 0 0 0 -1 2097216 0 0 0 0 0 900 0 0 39 19 1 0 26 0 0 18446744073709551615 0 0 0 0 0 0 0 2147483647 0 0 0 0 17 3 0 0 0 0 0 0 0 0 0 0 0 0 0
97 (khugepaged) S 2 0 0 0 -1 2097216 0 0 0 0 0 900 0 0 39 19 1 0 26 0 0 18446744073709551615 0 0 0 0 0 0 0 2147483647 0 0 0 0 17 3 0 0 0 0 0 0 0 0 0 0 0 0 0
97 (khugepaged) S 2 0 0 0 -1 2097216 0 0 0 0 0 900 0 0 39 19 1 0 26 0 0 18446744073709551615 0 0 0 0 0 0 0 2147483647 0 0 0 0 17 3 0 0 0 0 0 0 0 0 0 0 0 0 0
97 (khugepaged) S 2 0 0 0 -1 2097216 0 0 0 0 0 900 0 0 39 19 1 0 26 0 0 18446744073709551615 0 0 0 0 0 0 0 2147483647 0 0 0 0 17 3 0 0 0 0 0 0 0 0 0 0 0 0 0
97 (khugepaged) S 2 0 0 0 -1 2097216 0 0 0 0 0 900 0 0 39 19 1 0 26 0 0 18446744073709551615 0 0 0 0 0 0 0 2147483647 0 0 0 0 17 3 0 0 0 0 0 0 0 0 0 0 0 0 0
97 (khugepaged) S 2 0 0 0 -1 2097216 0 0 0 0 0 900 0 0 39 19 1 0 26 0 0 18446744073709551615 0 0 0 0 0 0 0 2147483647 0 0 0 0 17 3 0 0 0 0 0 0 0 0 0 0 0 0 0
97 (khugepaged) S 2 0 0 0 -1 2097216 0 0 0 0 0 900 0 0 39 19 1 0 26 0 0 18446744073709551615 0 0 0 0 0 0 0 2147483647 0 0 0 0 17 3 0 0 0 0 0 0 0 0 0 0 0 0 0
97 (khugepaged) S 2 0 0 0 -1 2097216 0 0 0 0 0 900 0 0 39 19 1 0 26 0 0 18446744073709551615 0 0 0 0 0 0 0 2147483647 0 0 0 0 17 3 0 0 0 0 0 0 0 0 0 0 0 0 0
97 (khugepaged) S 2 0 0 0 -1 2097216 0 0 0 0 0 900 0 0 39 19 1 0 26 0 0 18446744073709551615 0 0 0 0 0 0 0 2147483647 0 0 0 0 17 3 0 0 0 0 0 0 0 0 0 0 0 0 0
97 (khugepaged) S 2 0 0 0 -1 2097216 0 0 0 0 0 900 0 0 39 19 1 0 26 0 0 18446744073709551615 0 0 0 0 0 0 0 2147483647 0 0 0 0 17 3 0 0 0 0 0 0 0 0 0 0 0 0 0
97 (khugepaged) S 2 0 0 0 -1 2097216 0 0 0 0 0 900 0 0 39 19 1 0 26 0 0 18446744073709551615 0 0 0 0 0 0 0 2147483647 0 0 0 0 17 3 0 0 0 0 0 0 0 0 0 0 0 0 0
97 (khugepaged) S 2 0 0 0 -1 2097216 0 0 0 0 0 900 0 0 39 19 1 0 26 0 0 18446744073709551615 0 0 0 0 0 0 0 2147483647 0 0 0 0 17 4 0 0 0 0 0 0 0 0 0 0 0 0 0
97 (khugepaged) S 2 0 0 0 -1 2097216 0 0 0 0 0 900 0 0 39 19 1 0 26 0 0 18446744073709551615 0 0 0 0 0 0 0 2147483647 0 0 0 0 17 4 0 0 0 0 0 0 0 0 0 0 0 0 0
97 (khugepaged) S 2 0 0 0 -1 2097216 0 0 0 0 0 900 0 0 39 19 1 0 26 0 0 18446744073709551615 0 0 0 0 0 0 0 2147483647 0 0 0 0 17 4 0 0 0 0 0 0 0 0 0 0 0 0 0
97 (khugepaged) S 2 0 0 0 -1 2097216 0 0 0 0 0 900 0 0 39 19 1 0 26 0 0 18446744073709551615 0 0 0 0 0 0 0 2147483647 0 0 0 0 17 4 0 0 0 0 0 0 0 0 0 0 0 0 0
97 (khugepaged) S 2 0 0 0 -1 2097216 0 0 0 0 0 900 0 0 39 19 1 0 26 0 0 18446744073709551615 0 0 0 0 0 0 0 2147483647 0 0 0 0 17 4 0 0 0 0 0 0 0 0 0 0 0 0 0
97 (khugepaged) S 2 0 0 0 -1 2097216 0 0 0 0 0 900 0 0 39 19 1 0 26 0 0 18446744073709551615 0 0 0 0 0 0 0 2147483647 0 0 0 0 17 4 0 0 0 0 0 0 0 0 0 0 0 0 0
97 (khugepaged) S 2 0 0 0 -1 2097216 0 0 0 0 0 900 0 0 39 19 1 0 26 0 0 18446744073709551615 0 0 0 0 0 0 0 2147483647 0 0 0 0 17 4 0 0 0 0 0 0 0 0 0 0 0 0 0
97 (khugepaged) S 2 0 0 0 -1 2097216 0 0 0 0 0 900 0 0 39 19 1 0 26 0 0 18446744073709551615 0 0 0 0 0 0 0 2147483647 0 0 0 0 17 4 0 0 0 0 0 0 0 0 0 0 0 0 0
97 (khugepaged) S 2 0 0 0 -1 2097216 0 0 0 0 0 900 0 0 39 19 1 0 26 0 0 18446744073709551615 0 0 0 0 0 0 0 2147483647 0 0 0 0 17 4 0 0 0 0 0 0 0 0 0 0 0 0 0
97 (khugepaged) R 2 0 0 0 -1 2097216 0 0 0 0 0 913 0 0 39 19 1 0 26 0 0 18446744073709551615 0 0 0 0 0 0 0 2147483647 0 0 0 0 17 5 0 0 0 0 0 0 0 0 0 0 0 0 0
97 (khugepaged) S 2 0 0 0 -1 2097216 0 0 0 0 0 926 0 0 39 19 1 0 26 0 0 18446744073709551615 0 0 0 0 0 0 0 2147483647 0 0 0 0 17 5 0 0 0 0 0 0 0 0 0 0 0 0 0
97 (khugepaged) S 2 0 0 0 -1 2097216 0 0 0 0 0 926 0 0 39 19 1 0 26 0 0 18446744073709551615 0 0 0 0 0 0 0 2147483647 0 0 0 0 17 5 0 0 0 0 0 0 0 0 0 0 0 0 0
97 (khugepaged) S 2 0 0 0 -1 2097216 0 0 0 0 0 926 0 0 39 19 1 0 26 0 0 18446744073709551615 0 0 0 0 0 0 0 2147483647 0 0 0 0 17 5 0 0 0 0 0 0 0 0 0 0 0 0 0
97 (khugepaged) S 2 0 0 0 -1 2097216 0 0 0 0 0 926 0 0 39 19 1 0 26 0 0 18446744073709551615 0 0 0 0 0 0 0 2147483647 0 0 0 0 17 5 0 0 0 0 0 0 0 0 0 0 0 0 0
97 (khugepaged) S 2 0 0 0 -1 2097216 0 0 0 0 0 926 0 0 39 19 1 0 26 0 0 18446744073709551615 0 0 0 0 0 0 0 2147483647 0 0 0 0 17 5 0 0 0 0 0 0 0 0 0 0 0 0 0
97 (khugepaged) S 2 0 0 0 -1 2097216 0 0 0 0 0 926 0 0 39 19 1 0 26 0 0 18446744073709551615 0 0 0 0 0 0 0 2147483647 0 0 0 0 17 5 0 0 0 0 0 0 0 0 0 0 0 0 0
97 (khugepaged) S 2 0 0 0 -1 2097216 0 0 0 0 0 926 0 0 39 19 1 0 26 0 0 18446744073709551615 0 0 0 0 0 0 0 2147483647 0 0 0 0 17 5 0 0 0 0 0 0 0 0 0 0 0 0 0
97 (khugepaged) S 2 0 0 0 -1 2097216 0 0 0 0 0 926 0 0 39 19 1 0 26 0 0 18446744073709551615 0 0 0 0 0 0 0 2147483647 0 0 0 0 17 5 0 0 0 0 0 0 0 0 0 0 0 0 0
97 (khugepaged) S 2 0 0 0 -1 2097216 0 0 0 0 0 962 0 0 39 19 1 0 26 0 0 18446744073709551615 0 0 0 0 0 0 0 2147483647 0 0 0 0 17 5 0 0 0 0 0 0 0 0 0 0 0 0 0
97 (khugepaged) S 2 0 0 0 -1 2097216 0 0 0 0 0 962 0 0 39 19 1 0 26 0 0 18446744073709551615 0 0 0 0 0 0 0 2147483647 0 0 0 0 17 5 0 0 0 0 0 0 0 0 0 0 0 0 0
97 (khugepaged) S 2 0 0 0 -1 2097216 0 0 0 0 0 962 0 0 39 19 1 0 26 0 0 18446744073709551615 0 0 0 0 0 0 0 2147483647 0 0 0 0 17 5 0 0 0 0 0 0 0 0 0 0 0 0 0
97 (khugepaged) S 2 0 0 0 -1 2097216 0 0 0 0 0 962 0 0 39 19 1 0 26 0 0 18446744073709551615 0 0 0 0 0 0 0 2147483647 0 0 0 0 17 5 0 0 0 0 0 0 0 0 0 0 0 0 0
97 (khugepaged) S 2 0 0 0 -1 2097216 0 0 0 0 0 962 0 0 39 19 1 0 26 0 0 18446744073709551615 0 0 0 0 0 0 0 2147483647 0 0 0 0 17 5 0 0 0 0 0 0 0 0 0 0 0 0 0
97 (khugepaged) S 2 0 0 0 -1 2097216 0 0 0 0 0 962 0 0 39 19 1 0 26 0 0 18446744073709551615 0 0 0 0 0 0 0 2147483647 0 0 0 0 17 5 0 0 0 0 0 0 0 0 0 0 0 0 0
97 (khugepaged) S 2 0 0 0 -1 2097216 0 0 0 0 0 962 0 0 39 19 1 0 26 0 0 18446744073709551615 0 0 0 0 0 0 0 2147483647 0 0 0 0 17 5 0 0 0 0 0 0 0 0 0 0 0 0 0
97 (khugepaged) S 2 0 0 0 -1 2097216 0 0 0 0 0 962 0 0 39 19 1 0 26 0 0 18446744073709551615 0 0 0 0 0 0 0 2147483647 0 0 0 0 17 5 0 0 0 0 0 0 0 0 0 0 0 0 0
97 (khugepaged) S 2 0 0 0 -1 2097216 0 0 0 0 0 962 0 0 39 19 1 0 26 0 0 18446744073709551615 0 0 0 0 0 0 0 2147483647 0 0 0 0 17 5 0 0 0 0 0 0 0 0 0 0 0 0 0
97 (khugepaged) S 2 0 0 0 -1 2097216 0 0 0 0 0 1010 0 0 39 19 1 0 26 0 0 18446744073709551615 0 0 0 0 0 0 0 2147483647 0 0 0 0 17 5 0 0 0 0 0 0 0 0 0 0 0 0 0
97 (khugepaged) S 2 0 0 0 -1 2097216 0 0 0 0 0 1010 0 0 39 19 1 0 26 0 0 18446744073709551615 0 0 0 0 0 0 0 2147483647 0 0 0 0 17 5 0 0 0 0 0 0 0 0 0 0 0 0 0
97 (khugepaged) S 2 0 0 0 -1 2097216 0 0 0 0 0 1010 0 0 39 19 1 0 26 0 0 18446744073709551615 0 0 0 0 0 0 0 2147483647 0 0 0 0 17 5 0 0 0 0 0 0 0 0 0 0 0 0 0
97 (khugepaged) S 2 0 0 0 -1 2097216 0 0 0 0 0 1010 0 0 39 19 1 0 26 0 0 18446744073709551615 0 0 0 0 0 0 0 2147483647 0 0 0 0 17 5 0 0 0 0 0 0 0 0 0 0 0 0 0
97 (khugepaged) S 2 0 0 0 -1 2097216 0 0 0 0 0 1010 0 0 39 19 1 0 26 0 0 18446744073709551615 0 0 0 0 0 0 0 2147483647 0 0 0 0 17 5 0 0 0 0 0 0 0 0 0 0 0 0 0
97 (khugepaged) S 2 0 0 0 -1 2097216 0 0 0 0 0 1010 0 0 39 19 1 0 26 0 0 18446744073709551615 0 0 0 0 0 0 0 2147483647 0 0 0 0 17 5 0 0 0 0 0 0 0 0 0 0 0 0 0
97 (khugepaged) S 2 0 0 0 -1 2097216 0 0 0 0 0 1010 0 0 39 19 1 0 26 0 0 18446744073709551615 0 0 0 0 0 0 0 2147483647 0 0 0 0 17 5 0 0 0 0 0 0 0 0 0 0 0 0 0
97 (khugepaged) S 2 0 0 0 -1 2097216 0 0 0 0 0 1010 0 0 39 19 1 0 26 0 0 18446744073709551615 0 0 0 0 0 0 0 2147483647 0 0 0 0 17 5 0 0 0 0 0 0 0 0 0 0 0 0 0
97 (khugepaged) R 2 0 0 0 -1 2097216 0 0 0 0 0 1069 0 0 39 19 1 0 26 0 0 18446744073709551615 0 0 0 0 0 0 0 2147483647 0 0 0 0 17 0 0 0 0 0 0 0 0 0 0 0 0 0 0
97 (khugepaged) R 2 0 0 0 -1 2097216 0 0 0 0 0 1172 0 0 39 19 1 0 26 0 0 18446744073709551615 0 0 0 0 0 0 0 2147483647 0 0 0 0 17 7 0 0 0 0 0 0 0 0 0 0 0 0 0
97 (khugepaged) S 2 0 0 0 -1 2097216 0 0 0 0 0 1352 0 0 39 19 1 0 26 0 0 18446744073709551615 0 0 0 0 0 0 0 2147483647 0 0 0 0 17 7 0 0 0 0 0 0 0 0 0 0 0 0 0
97 (khugepaged) S 2 0 0 0 -1 2097216 0 0 0 0 0 1352 0 0 39 19 1 0 26 0 0 18446744073709551615 0 0 0 0 0 0 0 2147483647 0 0 0 0 17 7 0 0 0 0 0 0 0 0 0 0 0 0 0
97 (khugepaged) S 2 0 0 0 -1 2097216 0 0 0 0 0 1352 0 0 39 19 1 0 26 0 0 18446744073709551615 0 0 0 0 0 0 0 2147483647 0 0 0 0 17 7 0 0 0 0 0 0 0 0 0 0 0 0 0
97 (khugepaged) S 2 0 0 0 -1 2097216 0 0 0 0 0 1352 0 0 39 19 1 0 26 0 0 18446744073709551615 0 0 0 0 0 0 0 2147483647 0 0 0 0 17 7 0 0 0 0 0 0 0 0 0 0 0 0 0
97 (khugepaged) S 2 0 0 0 -1 2097216 0 0 0 0 0 1352 0 0 39 19 1 0 26 0 0 18446744073709551615 0 0 0 0 0 0 0 2147483647 0 0 0 0 17 7 0 0 0 0 0 0 0 0 0 0 0 0 0
97 (khugepaged) S 2 0 0 0 -1 2097216 0 0 0 0 0 1352 0 0 39 19 1 0 26 0 0 18446744073709551615 0 0 0 0 0 0 0 2147483647 0 0 0 0 17 7 0 0 0 0 0 0 0 0 0 0 0 0 0
97 (khugepaged) S 2 0 0 0 -1 2097216 0 0 0 0 0 1352 0 0 39 19 1 0 26 0 0 18446744073709551615 0 0 0 0 0 0 0 2147483647 0 0 0 0 17 7 0 0 0 0 0 0 0 0 0 0 0 0 0
97 (khugepaged) S 2 0 0 0 -1 2097216 0 0 0 0 0 1352 0 0 39 19 1 0 26 0 0 18446744073709551615 0 0 0 0 0 0 0 2147483647 0 0 0 0 17 7 0 0 0 0 0 0 0 0 0 0 0 0 0
97 (khugepaged) R 2 0 0 0 -1 2097216 0 0 0 0 0 1433 0 0 39 19 1 0 26 0 0 18446744073709551615 0 0 0 0 0 0 0 2147483647 0 0 0 0 17 2 0 0 0 0 0 0 0 0 0 0 0 0 0
97 (khugepaged) S 2 0 0 0 -1 2097216 0 0 0 0 0 1440 0 0 39 19 1 0 26 0 0 18446744073709551615 0 0 0 0 0 0 0 2147483647 0 0 0 0 17 2 0 0 0 0 0 0 0 0 0 0 0 0 0
97 (khugepaged) S 2 0 0 0 -1 2097216 0 0 0 0 0 1440 0 0 39 19 1 0 26 0 0 18446744073709551615 0 0 0 0 0 0 0 2147483647 0 0 0 0 17 2 0 0 0 0 0 0 0 0 0 0 0 0 0
97 (khugepaged) S 2 0 0 0 -1 2097216 0 0 0 0 0 1440 0 0 39 19 1 0 26 0 0 18446744073709551615 0 0 0 0 0 0 0 2147483647 0 0 0 0 17 2 0 0 0 0 0 0 0 0 0 0 0 0 0
97 (khugepaged) S 2 0 0 0 -1 2097216 0 0 0 0 0 1440 0 0 39 19 1 0 26 0 0 18446744073709551615 0 0 0 0 0 0 0 2147483647 0 0 0 0 17 2 0 0 0 0 0 0 0 0 0 0 0 0 0
97 (khugepaged) S 2 0 0 0 -1 2097216 0 0 0 0 0 1440 0 0 39 19 1 0 26 0 0 18446744073709551615 0 0 0 0 0 0 0 2147483647 0 0 0 0 17 2 0 0 0 0 0 0 0 0 0 0 0 0 0
97 (khugepaged) S 2 0 0 0 -1 2097216 0 0 0 0 0 1440 0 0 39 19 1 0 26 0 0 18446744073709551615 0 0 0 0 0 0 0 2147483647 0 0 0 0 17 2 0 0 0 0 0 0 0 0 0 0 0 0 0
97 (khugepaged) S 2 0 0 0 -1 2097216 0 0 0 0 0 1440 0 0 39 19 1 0 26 0 0 18446744073709551615 0 0 0 0 0 0 0 2147483647 0 0 0 0 17 2 0 0 0 0 0 0 0 0 0 0 0 0 0
97 (khugepaged) S 2 0 0 0 -1 2097216 0 0 0 0 0 1440 0 0 39 19 1 0 26 0 0 18446744073709551615 0 0 0 0 0 0 0 2147483647 0 0 0 0 17 2 0 0 0 0 0 0 0 0 0 0 0 0 0
97 (khugepaged) S 2 0 0 0 -1 2097216 0 0 0 0 0 1440 0 0 39 19 1 0 26 0 0 18446744073709551615 0 0 0 0 0 0 0 2147483647 0 0 0 0 17 2 0 0 0 0 0 0 0 0 0 0 0 0 0
97 (khugepaged) S 2 0 0 0 -1 2097216 0 0 0 0 0 1467 0 0 39 19 1 0 26 0 0 18446744073709551615 0 0 0 0 0 0 0 2147483647 0 0 0 0 17 3 0 0 0 0 0 0 0 0 0 0 0 0 0
97 (khugepaged) S 2 0 0 0 -1 2097216 0 0 0 0 0 1467 0 0 39 19 1 0 26 0 0 18446744073709551615 0 0 0 0 0 0 0 2147483647 0 0 0 0 17 3 0 0 0 0 0 0 0 0 0 0 0 0 0
97 (khugepaged) S 2 0 0 0 -1 2097216 0 0 0 0 0 1467 0 0 39 19 1 0 26 0 0 18446744073709551615 0 0 0 0 0 0 0 2147483647 0 0 0 0 17 3 0 0 0 0 0 0 0 0 0 0 0 0 0
97 (khugepaged) S 2 0 0 0 -1 2097216 0 0 0 0 0 1467 0 0 39 19 1 0 26 0 0 18446744073709551615 0 0 0 0 0 0 0 2147483647 0 0 0 0 17 3 0 0 0 0 0 0 0 0 0 0 0 0 0
97 (khugepaged) S 2 0 0 0 -1 2097216 0 0 0 0 0 1467 0 0 39 19 1 0 26 0 0 18446744073709551615 0 0 0 0 0 0 0 2147483647 0 0 0 0 17 3 0 0 0 0 0 0 0 0 0 0 0 0 0
97 (khugepaged) S 2 0 0 0 -1 2097216 0 0 0 0 0 1467 0 0 39 19 1 0 26 0 0 18446744073709551615 0 0 0 0 0 0 0 2147483647 0 0 0 0 17 3 0 0 0 0 0 0 0 0 0 0 0 0 0
97 (khugepaged) S 2 0 0 0 -1 2097216 0 0 0 0 0 1467 0 0 39 19 1 0 26 0 0 18446744073709551615 0 0 0 0 0 0 0 2147483647 0 0 0 0 17 3 0 0 0 0 0 0 0 0 0 0 0 0 0
97 (khugepaged) S 2 0 0 0 -1 2097216 0 0 0 0 0 1467 0 0 39 19 1 0 26 0 0 18446744073709551615 0 0 0 0 0 0 0 2147483647 0 0 0 0 17 3 0 0 0 0 0 0 0 0 0 0 0 0 0
97 (khugepaged) S 2 0 0 0 -1 2097216 0 0 0 0 0 1467 0 0 39 19 1 0 26 0 0 18446744073709551615 0 0 0 0 0 0 0 2147483647 0 0 0 0 17 3 0 0 0 0 0 0 0 0 0 0 0 0 0
97 (khugepaged) R 2 0 0 0 -1 2097216 0 0 0 0 0 1486 0 0 39 19 1 0 26 0 0 18446744073709551615 0 0 0 0 0 0 0 2147483647 0 0 0 0 17 4 0 0 0 0 0 0 0 0 0 0 0 0 0
97 (khugepaged) S 2 0 0 0 -1 2097216 0 0 0 0 0 1502 0 0 39 19 1 0 26 0 0 18446744073709551615 0 0 0 0 0 0 0 2147483647 0 0 0 0 17 4 0 0 0 0 0 0 0 0 0 0 0 0 0
97 (khugepaged) S 2 0 0 0 -1 2097216 0 0 0 0 0 1502 0 0 39 19 1 0 26 0 0 18446744073709551615 0 0 0 0 0 0 0 2147483647 0 0 0 0 17 4 0 0 0 0 0 0 0 0 0 0 0 0 0
97 (khugepaged) S 2 0 0 0 -1 2097216 0 0 0 0 0 1502 0 0 39 19 1 0 26 0 0 18446744073709551615 0 0 0 0 0 0 0 2147483647 0 0 0 0 17 4 0 0 0 0 0 0 0 0 0 0 0 0 0
97 (khugepaged) S 2 0 0 0 -1 2097216 0 0 0 0 0 1502 0 0 39 19 1 0 26 0 0 18446744073709551615 0 0 0 0 0 0 0 2147483647 0 0 0 0 17 4 0 0 0 0 0 0 0 0 0 0 0 0 0
97 (khugepaged) S 2 0 0 0 -1 2097216 0 0 0 0 0 1502 0 0 39 19 1 0 26 0 0 18446744073709551615 0 0 0 0 0 0 0 2147483647 0 0 0 0 17 4 0 0 0 0 0 0 0 0 0 0 0 0 0
97 (khugepaged) S 2 0 0 0 -1 2097216 0 0 0 0 0 1502 0 0 39 19 1 0 26 0 0 18446744073709551615 0 0 0 0 0 0 0 2147483647 0 0 0 0 17 4 0 0 0 0 0 0 0 0 0 0 0 0 0
97 (khugepaged) S 2 0 0 0 -1 2097216 0 0 0 0 0 1502 0 0 39 19 1 0 26 0 0 18446744073709551615 0 0 0 0 0 0 0 2147483647 0 0 0 0 17 4 0 0 0 0 0 0 0 0 0 0 0 0 0
97 (khugepaged) S 2 0 0 0 -1 2097216 0 0 0 0 0 1502 0 0 39 19 1 0 26 0 0 18446744073709551615 0 0 0 0 0 0 0 2147483647 0 0 0 0 17 4 0 0 0 0 0 0 0 0 0 0 0 0 0
97 (khugepaged) S 2 0 0 0 -1 2097216 0 0 0 0 0 1502 0 0 39 19 1 0 26 0 0 18446744073709551615 0 0 0 0 0 0 0 2147483647 0 0 0 0 17 4 0 0 0 0 0 0 0 0 0 0 0 0 0
97 (khugepaged) S 2 0 0 0 -1 2097216 0 0 0 0 0 1544 0 0 39 19 1 0 26 0 0 18446744073709551615 0 0 0 0 0 0 0 2147483647 0 0 0 0 17 0 0 0 0 0 0 0 0 0 0 0 0 0 0
97 (khugepaged) S 2 0 0 0 -1 2097216 0 0 0 0 0 1544 0 0 39 19 1 0 26 0 0 18446744073709551615 0 0 0 0 0 0 0 2147483647 0 0 0 0 17 0 0 0 0 0 0 0 0 0 0 0 0 0 0
97 (khugepaged) S 2 0 0 0 -1 2097216 0 0 0 0 0 1544 0 0 39 19 1 0 26 0 0 18446744073709551615 0 0 0 0 0 0 0 2147483647 0 0 0 0 17 0 0 0 0 0 0 0 0 0 0 0 0 0 0
97 (khugepaged) S 2 0 0 0 -1 2097216 0 0 0 0 0 1544 0 0 39 19 1 0 26 0 0 18446744073709551615 0 0 0 0 0 0 0 2147483647 0 0 0 0 17 0 0 0 0 0 0 0 0 0 0 0 0 0 0
97 (khugepaged) S 2 0 0 0 -1 2097216 0 0 0 0 0 1544 0 0 39 19 1 0 26 0 0 18446744073709551615 0 0 0 0 0 0 0 2147483647 0 0 0 0 17 0 0 0 0 0 0 0 0 0 0 0 0 0 0
97 (khugepaged) S 2 0 0 0 -1 2097216 0 0 0 0 0 1544 0 0 39 19 1 0 26 0 0 18446744073709551615 0 0 0 0 0 0 0 2147483647 0 0 0 0 17 0 0 0 0 0 0 0 0 0 0 0 0 0 0
97 (khugepaged) S 2 0 0 0 -1 2097216 0 0 0 0 0 1544 0 0 39 19 1 0 26 0 0 18446744073709551615 0 0 0 0 0 0 0 2147483647 0 0 0 0 17 0 0 0 0 0 0 0 0 0 0 0 0 0 0
97 (khugepaged) S 2 0 0 0 -1 2097216 0 0 0 0 0 1544 0 0 39 19 1 0 26 0 0 18446744073709551615 0 0 0 0 0 0 0 2147483647 0 0 0 0 17 0 0 0 0 0 0 0 0 0 0 0 0 0 0
97 (khugepaged) S 2 0 0 0 -1 2097216 0 0 0 0 0 1583 0 0 39 19 1 0 26 0 0 18446744073709551615 0 0 0 0 0 0 0 2147483647 0 0 0 0 17 2 0 0 0 0 0 0 0 0 0 0 0 0 0
97 (khugepaged) S 2 0 0 0 -1 2097216 0 0 0 0 0 1583 0 0 39 19 1 0 26 0 0 18446744073709551615 0 0 0 0 0 0 0 2147483647 0 0 0 0 17 2 0 0 0 0 0 0 0 0 0 0 0 0 0
97 (khugepaged) S 2 0 0 0 -1 2097216 0 0 0 0 0 1583 0 0 39 19 1 0 26 0 0 18446744073709551615 0 0 0 0 0 0 0 2147483647 0 0 0 0 17 2 0 0 0 0 0 0 0 0 0 0 0 0 0
97 (khugepaged) S 2 0 0 0 -1 2097216 0 0 0 0 0 1583 0 0 39 19 1 0 26 0 0 18446744073709551615 0 0 0 0 0 0 0 2147483647 0 0 0 0 17 2 0 0 0 0 0 0 0 0 0 0 0 0 0
97 (khugepaged) S 2 0 0 0 -1 2097216 0 0 0 0 0 1583 0 0 39 19 1 0 26 0 0 18446744073709551615 0 0 0 0 0 0 0 2147483647 0 0 0 0 17 2 0 0 0 0 0 0 0 0 0 0 0 0 0
97 (khugepaged) S 2 0 0 0 -1 2097216 0 0 0 0 0 1583 0 0 39 19 1 0 26 0 0 18446744073709551615 0 0 0 0 0 0 0 2147483647 0 0 0 0 17 2 0 0 0 0 0 0 0 0 0 0 0 0 0
97 (khugepaged) S 2 0 0 0 -1 2097216 0 0 0 0 0 1583 0 0 39 19 1 0 26 0 0 18446744073709551615 0 0 0 0 0 0 0 2147483647 0 0 0 0 17 2 0 0 0 0 0 0 0 0 0 0 0 0 0
97 (khugepaged) S 2 0 0 0 -1 2097216 0 0 0 0 0 1583 0 0 39 19 1 0 26 0 0 18446744073709551615 0 0 0 0 0 0 0 2147483647 0 0 0 0 17 2 0 0 0 0 0 0 0 0 0 0 0 0 0
97 (khugepaged) S 2 0 0 0 -1 2097216 0 0 0 0 0 1583 0 0 39 19 1 0 26 0 0 18446744073709551615 0 0 0 0 0 0 0 2147483647 0 0 0 0 17 2 0 0 0 0 0 0 0 0 0 0 0 0 0
97 (khugepaged) R 2 0 0 0 -1 2097216 0 0 0 0 0 1584 0 0 39 19 1 0 26 0 0 18446744073709551615 0 0 0 0 0 0 0 2147483647 0 0 0 0 17 3 0 0 0 0 0 0 0 0 0 0 0 0 0
97 (khugepaged) R 2 0 0 0 -1 2097216 0 0 0 0 0 1681 0 0 39 19 1 0 26 0 0 18446744073709551615 0 0 0 0 0 0 0 2147483647 0 0 0 0 17 5 0 0 0 0 0 0 0 0 0 0 0 0 0
97 (khugepaged) S 2 0 0 0 -1 2097216 0 0 0 0 0 1779 0 0 39 19 1 0 26 0 0 18446744073709551615 0 0 0 0 0 0 0 2147483647 0 0 0 0 17 1 0 0 0 0 0 0 0 0 0 0 0 0 0
97 (khugepaged) S 2 0 0 0 -1 2097216 0 0 0 0 0 1779 0 0 39 19 1 0 26 0 0 18446744073709551615 0 0 0 0 0 0 0 2147483647 0 0 0 0 17 1 0 0 0 0 0 0 0 0 0 0 0 0 0
97 (khugepaged) S 2 0 0 0 -1 2097216 0 0 0 0 0 1779 0 0 39 19 1 0 26 0 0 18446744073709551615 0 0 0 0 0 0 0 2147483647 0 0 0 0 17 1 0 0 0 0 0 0 0 0 0 0 0 0 0
97 (khugepaged) S 2 0 0 0 -1 2097216 0 0 0 0 0 1779 0 0 39 19 1 0 26 0 0 18446744073709551615 0 0 0 0 0 0 0 2147483647 0 0 0 0 17 1 0 0 0 0 0 0 0 0 0 0 0 0 0
97 (khugepaged) S 2 0 0 0 -1 2097216 0 0 0 0 0 1779 0 0 39 19 1 0 26 0 0 18446744073709551615 0 0 0 0 0 0 0 2147483647 0 0 0 0 17 1 0 0 0 0 0 0 0 0 0 0 0 0 0
97 (khugepaged) S 2 0 0 0 -1 2097216 0 0 0 0 0 1779 0 0 39 19 1 0 26 0 0 18446744073709551615 0 0 0 0 0 0 0 2147483647 0 0 0 0 17 1 0 0 0 0 0 0 0 0 0 0 0 0 0
97 (khugepaged) S 2 0 0 0 -1 2097216 0 0 0 0 0 1779 0 0 39 19 1 0 26 0 0 18446744073709551615 0 0 0 0 0 0 0 2147483647 0 0 0 0 17 1 0 0 0 0 0 0 0 0 0 0 0 0 0
97 (khugepaged) S 2 0 0 0 -1 2097216 0 0 0 0 0 1779 0 0 39 19 1 0 26 0 0 18446744073709551615 0 0 0 0 0 0 0 2147483647 0 0 0 0 17 1 0 0 0 0 0 0 0 0 0 0 0 0 0
97 (khugepaged) S 2 0 0 0 -1 2097216 0 0 0 0 0 1779 0 0 39 19 1 0 26 0 0 18446744073709551615 0 0 0 0 0 0 0 2147483647 0 0 0 0 17 1 0 0 0 0 0 0 0 0 0 0 0 0 0
97 (khugepaged) S 2 0 0 0 -1 2097216 0 0 0 0 0 1779 0 0 39 19 1 0 26 0 0 18446744073709551615 0 0 0 0 0 0 0 2147483647 0 0 0 0 17 1 0 0 0 0 0 0 0 0 0 0 0 0 0
97 (khugepaged) S 2 0 0 0 -1 2097216 0 0 0 0 0 1779 0 0 39 19 1 0 26 0 0 18446744073709551615 0 0 0 0 0 0 0 2147483647 0 0 0 0 17 1 0 0 0 0 0 0 0 0 0 0 0 0 0
97 (khugepaged) S 2 0 0 0 -1 2097216 0 0 0 0 0 1779 0 0 39 19 1 0 26 0 0 18446744073709551615 0 0 0 0 0 0 0 2147483647 0 0 0 0 17 1 0 0 0 0 0 0 0 0 0 0 0 0 0
97 (khugepaged) S 2 0 0 0 -1 2097216 0 0 0 0 0 1779 0 0 39 19 1 0 26 0 0 18446744073709551615 0 0 0 0 0 0 0 2147483647 0 0 0 0 17 1 0 0 0 0 0 0 0 0 0 0 0 0 0
97 (khugepaged) S 2 0 0 0 -1 2097216 0 0 0 0 0 1779 0 0 39 19 1 0 26 0 0 18446744073709551615 0 0 0 0 0 0 0 2147483647 0 0 0 0 17 1 0 0 0 0 0 0 0 0 0 0 0 0 0
97 (khugepaged) S 2 0 0 0 -1 2097216 0 0 0 0 0 1779 0 0 39 19 1 0 26 0 0 18446744073709551615 0 0 0 0 0 0 0 2147483647 0 0 0 0 17 1 0 0 0 0 0 0 0 0 0 0 0 0 0
97 (khugepaged) S 2 0 0 0 -1 2097216 0 0 0 0 0 1779 0 0 39 19 1 0 26 0 0 18446744073709551615 0 0 0 0 0 0 0 2147483647 0 0 0 0 17 1 0 0 0 0 0 0 0 0 0 0 0 0 0
97 (khugepaged) S 2 0 0 0 -1 2097216 0 0 0 0 0 1779 0 0 39 19 1 0 26 0 0 18446744073709551615 0 0 0 0 0 0 0 2147483647 0 0 0 0 17 1 0 0 0 0 0 0 0 0 0 0 0 0 0
97 (khugepaged) S 2 0 0 0 -1 2097216 0 0 0 0 0 1779 0 0 39 19 1 0 26 0 0 18446744073709551615 0 0 0 0 0 0 0 2147483647 0 0 0 0 17 1 0 0 0 0 0 0 0 0 0 0 0 0 0
97 (khugepaged) S 2 0 0 0 -1 2097216 0 0 0 0 0 1779 0 0 39 19 1 0 26 0 0 18446744073709551615 0 0 0 0 0 0 0 2147483647 0 0 0 0 17 1 0 0 0 0 0 0 0 0 0 0 0 0 0
97 (khugepaged) S 2 0 0 0 -1 2097216 0 0 0 0 0 1779 0 0 39 19 1 0 26 0 0 18446744073709551615 0 0 0 0 0 0 0 2147483647 0 0 0 0 17 1 0 0 0 0 0 0 0 0 0 0 0 0 0
97 (khugepaged) S 2 0 0 0 -1 2097216 0 0 0 0 0 1779 0 0 39 19 1 0 26 0 0 18446744073709551615 0 0 0 0 0 0 0 2147483647 0 0 0 0 17 1 0 0 0 0 0 0 0 0 0 0 0 0 0
97 (khugepaged) S 2 0 0 0 -1 2097216 0 0 0 0 0 1779 0 0 39 19 1 0 26 0 0 18446744073709551615 0 0 0 0 0 0 0 2147483647 0 0 0 0 17 1 0 0 0 0 0 0 0 0 0 0 0 0 0
97 (khugepaged) S 2 0 0 0 -1 2097216 0 0 0 0 0 1779 0 0 39 19 1 0 26 0 0 18446744073709551615 0 0 0 0 0 0 0 2147483647 0 0 0 0 17 1 0 0 0 0 0 0 0 0 0 0 0 0 0
97 (khugepaged) S 2 0 0 0 -1 2097216 0 0 0 0 0 1779 0 0 39 19 1 0 26 0 0 18446744073709551615 0 0 0 0 0 0 0 2147483647 0 0 0 0 17 1 0 0 0 0 0 0 0 0 0 0 0 0 0
97 (khugepaged) S 2 0 0 0 -1 2097216 0 0 0 0 0 1779 0 0 39 19 1 0 26 0 0 18446744073709551615 0 0 0 0 0 0 0 2147483647 0 0 0 0 17 1 0 0 0 0 0 0 0 0 0 0 0 0 0
97 (khugepaged) S 2 0 0 0 -1 2097216 0 0 0 0 0 1779 0 0 39 19 1 0 26 0 0 18446744073709551615 0 0 0 0 0 0 0 2147483647 0 0 0 0 17 1 0 0 0 0 0 0 0 0 0 0 0 0 0
97 (khugepaged) S 2 0 0 0 -1 2097216 0 0 0 0 0 1779 0 0 39 19 1 0 26 0 0 18446744073709551615 0 0 0 0 0 0 0 2147483647 0 0 0 0 17 1 0 0 0 0 0 0 0 0 0 0 0 0 0
97 (khugepaged) S 2 0 0 0 -1 2097216 0 0 0 0 0 1779 0 0 39 19 1 0 26 0 0 18446744073709551615 0 0 0 0 0 0 0 2147483647 0 0 0 0 17 1 0 0 0 0 0 0 0 0 0 0 0 0 0
97 (khugepaged) S 2 0 0 0 -1 2097216 0 0 0 0 0 1779 0 0 39 19 1 0 26 0 0 18446744073709551615 0 0 0 0 0 0 0 2147483647 0 0 0 0 17 1 0 0 0 0 0 0 0 0 0 0 0 0 0
97 (khugepaged) S 2 0 0 0 -1 2097216 0 0 0 0 0 1779 0 0 39 19 1 0 26 0 0 18446744073709551615 0 0 0 0 0 0 0 2147483647 0 0 0 0 17 1 0 0 0 0 0 0 0 0 0 0 0 0 0
97 (khugepaged) S 2 0 0 0 -1 2097216 0 0 0 0 0 1779 0 0 39 19 1 0 26 0 0 18446744073709551615 0 0 0 0 0 0 0 2147483647 0 0 0 0 17 1 0 0 0 0 0 0 0 0 0 0 0 0 0
97 (khugepaged) S 2 0 0 0 -1 2097216 0 0 0 0 0 1779 0 0 39 19 1 0 26 0 0 18446744073709551615 0 0 0 0 0 0 0 2147483647 0 0 0 0 17 1 0 0 0 0 0 0 0 0 0 0 0 0 0
97 (khugepaged) S 2 0 0 0 -1 2097216 0 0 0 0 0 1779 0 0 39 19 1 0 26 0 0 18446744073709551615 0 0 0 0 0 0 0 2147483647 0 0 0 0 17 1 0 0 0 0 0 0 0 0 0 0 0 0 0
97 (khugepaged) S 2 0 0 0 -1 2097216 0 0 0 0 0 1779 0 0 39 19 1 0 26 0 0 18446744073709551615 0 0 0 0 0 0 0 2147483647 0 0 0 0 17 1 0 0 0 0 0 0 0 0 0 0 0 0 0
97 (khugepaged) S 2 0 0 0 -1 2097216 0 0 0 0 0 1779 0 0 39 19 1 0 26 0 0 18446744073709551615 0 0 0 0 0 0 0 2147483647 0 0 0 0 17 1 0 0 0 0 0 0 0 0 0 0 0 0 0
97 (khugepaged) S 2 0 0 0 -1 2097216 0 0 0 0 0 1779 0 0 39 19 1 0 26 0 0 18446744073709551615 0 0 0 0 0 0 0 2147483647 0 0 0 0 17 1 0 0 0 0 0 0 0 0 0 0 0 0 0
97 (khugepaged) S 2 0 0 0 -1 2097216 0 0 0 0 0 1779 0 0 39 19 1 0 26 0 0 18446744073709551615 0 0 0 0 0 0 0 2147483647 0 0 0 0 17 1 0 0 0 0 0 0 0 0 0 0 0 0 0
97 (khugepaged) S 2 0 0 0 -1 2097216 0 0 0 0 0 1779 0 0 39 19 1 0 26 0 0 18446744073709551615 0 0 0 0 0 0 0 2147483647 0 0 0 0 17 1 0 0 0 0 0 0 0 0 0 0 0 0 0
97 (khugepaged) S 2 0 0 0 -1 2097216 0 0 0 0 0 1779 0 0 39 19 1 0 26 0 0 18446744073709551615 0 0 0 0 0 0 0 2147483647 0 0 0 0 17 1 0 0 0 0 0 0 0 0 0 0 0 0 0
97 (khugepaged) S 2 0 0 0 -1 2097216 0 0 0 0 0 1779 0 0 39 19 1 0 26 0 0 18446744073709551615 0 0 0 0 0 0 0 2147483647 0 0 0 0 17 1 0 0 0 0 0 0 0 0 0 0 0 0 0
97 (khugepaged) S 2 0 0 0 -1 2097216 0 0 0 0 0 1779 0 0 39 19 1 0 26 0 0 18446744073709551615 0 0 0 0 0 0 0 2147483647 0 0 0 0 17 1 0 0 0 0 0 0 0 0 0 0 0 0 0
97 (khugepaged) S 2 0 0 0 -1 2097216 0 0 0 0 0 1779 0 0 39 19 1 0 26 0 0 18446744073709551615 0 0 0 0 0 0 0 2147483647 0 0 0 0 17 1 0 0 0 0 0 0 0 0 0 0 0 0 0
97 (khugepaged) S 2 0 0 0 -1 2097216 0 0 0 0 0 1779 0 0 39 19 1 0 26 0 0 18446744073709551615 0 0 0 0 0 0 0 2147483647 0 0 0 0 17 1 0 0 0 0 0 0 0 0 0 0 0 0 0
97 (khugepaged) S 2 0 0 0 -1 2097216 0 0 0 0 0 1779 0 0 39 19 1 0 26 0 0 18446744073709551615 0 0 0 0 0 0 0 2147483647 0 0 0 0 17 1 0 0 0 0 0 0 0 0 0 0 0 0 0
97 (khugepaged) S 2 0 0 0 -1 2097216 0 0 0 0 0 1779 0 0 39 19 1 0 26 0 0 18446744073709551615 0 0 0 0 0 0 0 2147483647 0 0 0 0 17 1 0 0 0 0 0 0 0 0 0 0 0 0 0
97 (khugepaged) S 2 0 0 0 -1 2097216 0 0 0 0 0 1779 0 0 39 19 1 0 26 0 0 18446744073709551615 0 0 0 0 0 0 0 2147483647 0 0 0 0 17 1 0 0 0 0 0 0 0 0 0 0 0 0 0
97 (khugepaged) S 2 0 0 0 -1 2097216 0 0 0 0 0 1779 0 0 39 19 1 0 26 0 0 18446744073709551615 0 0 0 0 0 0 0 2147483647 0 0 0 0 17 1 0 0 0 0 0 0 0 0 0 0 0 0 0
97 (khugepaged) S 2 0 0 0 -1 2097216 0 0 0 0 0 1779 0 0 39 19 1 0 26 0 0 18446744073709551615 0 0 0 0 0 0 0 2147483647 0 0 0 0 17 1 0 0 0 0 0 0 0 0 0 0 0 0 0
97 (khugepaged) S 2 0 0 0 -1 2097216 0 0 0 0 0 1779 0 0 39 19 1 0 26 0 0 18446744073709551615 0 0 0 0 0 0 0 2147483647 0 0 0 0 17 1 0 0 0 0 0 0 0 0 0 0 0 0 0
97 (khugepaged) S 2 0 0 0 -1 2097216 0 0 0 0 0 1779 0 0 39 19 1 0 26 0 0 18446744073709551615 0 0 0 0 0 0 0 2147483647 0 0 0 0 17 1 0 0 0 0 0 0 0 0 0 0 0 0 0
97 (khugepaged) S 2 0 0 0 -1 2097216 0 0 0 0 0 1779 0 0 39 19 1 0 26 0 0 18446744073709551615 0 0 0 0 0 0 0 2147483647 0 0 0 0 17 2 0 0 0 0 0 0 0 0 0 0 0 0 0
97 (khugepaged) S 2 0 0 0 -1 2097216 0 0 0 0 0 1779 0 0 39 19 1 0 26 0 0 18446744073709551615 0 0 0 0 0 0 0 2147483647 0 0 0 0 17 2 0 0 0 0 0 0 0 0 0 0 0 0 0
97 (khugepaged) S 2 0 0 0 -1 2097216 0 0 0 0 0 1779 0 0 39 19 1 0 26 0 0 18446744073709551615 0 0 0 0 0 0 0 2147483647 0 0 0 0 17 2 0 0 0 0 0 0 0 0 0 0 0 0 0
97 (khugepaged) S 2 0 0 0 -1 2097216 0 0 0 0 0 1779 0 0 39 19 1 0 26 0 0 18446744073709551615 0 0 0 0 0 0 0 2147483647 0 0 0 0 17 2 0 0 0 0 0 0 0 0 0 0 0 0 0
97 (khugepaged) S 2 0 0 0 -1 2097216 0 0 0 0 0 1779 0 0 39 19 1 0 26 0 0 18446744073709551615 0 0 0 0 0 0 0 2147483647 0 0 0 0 17 2 0 0 0 0 0 0 0 0 0 0 0 0 0
97 (khugepaged) S 2 0 0 0 -1 2097216 0 0 0 0 0 1779 0 0 39 19 1 0 26 0 0 18446744073709551615 0 0 0 0 0 0 0 2147483647 0 0 0 0 17 2 0 0 0 0 0 0 0 0 0 0 0 0 0
97 (khugepaged) S 2 0 0 0 -1 2097216 0 0 0 0 0 1779 0 0 39 19 1 0 26 0 0 18446744073709551615 0 0 0 0 0 0 0 2147483647 0 0 0 0 17 2 0 0 0 0 0 0 0 0 0 0 0 0 0
97 (khugepaged) S 2 0 0 0 -1 2097216 0 0 0 0 0 1779 0 0 39 19 1 0 26 0 0 18446744073709551615 0 0 0 0 0 0 0 2147483647 0 0 0 0 17 2 0 0 0 0 0 0 0 0 0 0 0 0 0
97 (khugepaged) R 2 0 0 0 -1 2097216 0 0 0 0 0 1808 0 0 39 19 1 0 26 0 0 18446744073709551615 0 0 0 0 0 0 0 2147483647 0 0 0 0 17 3 0 0 0 0 0 0 0 0 0 0 0 0 0
97 (khugepaged) S 2 0 0 0 -1 2097216 0 0 0 0 0 1815 0 0 39 19 1 0 26 0 0 18446744073709551615 0 0 0 0 0 0 0 2147483647 0 0 0 0 17 3 0 0 0 0 0 0 0 0 0 0 0 0 0
97 (khugepaged) S 2 0 0 0 -1 2097216 0 0 0 0 0 1815 0 0 39 19 1 0 26 0 0 18446744073709551615 0 0 0 0 0 0 0 2147483647 0 0 0 0 17 3 0 0 0 0 0 0 0 0 0 0 0 0 0
97 (khugepaged) S 2 0 0 0 -1 2097216 0 0 0 0 0 1815 0 0 39 19 1 0 26 0 0 18446744073709551615 0 0 0 0 0 0 0 2147483647 0 0 0 0 17 3 0 0 0 0 0 0 0 0 0 0 0 0 0
97 (khugepaged) S 2 0 0 0 -1 2097216 0 0 0 0 0 1815 0 0 39 19 1 0 26 0 0 18446744073709551615 0 0 0 0 0 0 0 2147483647 0 0 0 0 17 3 0 0 0 0 0 0 0 0 0 0 0 0 0
97 (khugepaged) S 2 0 0 0 -1 2097216 0 0 0 0 0 1815 0 0 39 19 1 0 26 0 0 18446744073709551615 0 0 0 0 0 0 0 2147483647 0 0 0 0 17 3 0 0 0 0 0 0 0 0 0 0 0 0 0
97 (khugepaged) S 2 0 0 0 -1 2097216 0 0 0 0 0 1815 0 0 39 19 1 0 26 0 0 18446744073709551615 0 0 0 0 0 0 0 2147483647 0 0 0 0 17 3 0 0 0 0 0 0 0 0 0 0 0 0 0
97 (khugepaged) S 2 0 0 0 -1 2097216 0 0 0 0 0 1815 0 0 39 19 1 0 26 0 0 18446744073709551615 0 0 0 0 0 0 0 2147483647 0 0 0 0 17 3 0 0 0 0 0 0 0 0 0 0 0 0 0
97 (khugepaged) S 2 0 0 0 -1 2097216 0 0 0 0 0 1815 0 0 39 19 1 0 26 0 0 18446744073709551615 0 0 0 0 0 0 0 2147483647 0 0 0 0 17 3 0 0 0 0 0 0 0 0 0 0 0 0 0
97 (khugepaged) S 2 0 0 0 -1 2097216 0 0 0 0 0 1855 0 0 39 19 1 0 26 0 0 18446744073709551615 0 0 0 0 0 0 0 2147483647 0 0 0 0 17 0 0 0 0 0 0 0 0 0 0 0 0 0 0
97 (khugepaged) S 2 0 0 0 -1 2097216 0 0 0 0 0 1855 0 0 39 19 1 0 26 0 0 18446744073709551615 0 0 0 0 0 0 0 2147483647 0 0 0 0 17 0 0 0 0 0 0 0 0 0 0 0 0 0 0
97 (khugepaged) S 2 0 0 0 -1 2097216 0 0 0 0 0 1855 0 0 39 19 1 0 26 0 0 18446744073709551615 0 0 0 0 0 0 0 2147483647 0 0 0 0 17 0 0 0 0 0 0 0 0 0 0 0 0 0 0
97 (khugepaged) S 2 0 0 0 -1 2097216 0 0 0 0 0 1855 0 0 39 19 1 0 26 0 0 18446744073709551615 0 0 0 0 0 0 0 2147483647 0 0 0 0 17 0 0 0 0 0 0 0 0 0 0 0 0 0 0
97 (khugepaged) S 2 0 0 0 -1 2097216 0 0 0 0 0 1855 0 0 39 19 1 0 26 0 0 18446744073709551615 0 0 0 0 0 0 0 2147483647 0 0 0 0 17 0 0 0 0 0 0 0 0 0 0 0 0 0 0
97 (khugepaged) S 2 0 0 0 -1 2097216 0 0 0 0 0 1855 0 0 39 19 1 0 26 0 0 18446744073709551615 0 0 0 0 0 0 0 2147483647 0 0 0 0 17 0 0 0 0 0 0 0 0 0 0 0 0 0 0
97 (khugepaged) S 2 0 0 0 -1 2097216 0 0 0 0 0 1855 0 0 39 19 1 0 26 0 0 18446744073709551615 0 0 0 0 0 0 0 2147483647 0 0 0 0 17 0 0 0 0 0 0 0 0 0 0 0 0 0 0
97 (khugepaged) S 2 0 0 0 -1 2097216 0 0 0 0 0 1855 0 0 39 19 1 0 26 0 0 18446744073709551615 0 0 0 0 0 0 0 2147483647 0 0 0 0 17 0 0 0 0 0 0 0 0 0 0 0 0 0 0
97 (khugepaged) S 2 0 0 0 -1 2097216 0 0 0 0 0 1855 0 0 39 19 1 0 26 0 0 18446744073709551615 0 0 0 0 0 0 0 2147483647 0 0 0 0 17 0 0 0 0 0 0 0 0 0 0 0 0 0 0
97 (khugepaged) R 2 0 0 0 -1 2097216 0 0 0 0 0 1868 0 0 39 19 1 0 26 0 0 18446744073709551615 0 0 0 0 0 0 0 2147483647 0 0 0 0 17 5 0 0 0 0 0 0 0 0 0 0 0 0 0
97 (khugepaged) R 2 0 0 0 -1 2097216 0 0 0 0 0 1975 0 0 39 19 1 0 26 0 0 18446744073709551615 0 0 0 0 0 0 0 2147483647 0 0 0 0 17 11 0 0 0 0 0 0 0 0 0 0 0 0 0
97 (khugepaged) R 2 0 0 0 -1 2097216 0 0 0 0 0 2084 0 0 39 19 1 0 26 0 0 18446744073709551615 0 0 0 0 0 0 0 2147483647 0 0 0 0 17 11 0 0 0 0 0 0 0 0 0 0 0 0 0
97 (khugepaged) S 2 0 0 0 -1 2097216 0 0 0 0 0 2089 0 0 39 19 1 0 26 0 0 18446744073709551615 0 0 0 0 0 0 0 2147483647 0 0 0 0 17 11 0 0 0 0 0 0 0 0 0 0 0 0 0
97 (khugepaged) S 2 0 0 0 -1 2097216 0 0 0 0 0 2089 0 0 39 19 1 0 26 0 0 18446744073709551615 0 0 0 0 0 0 0 2147483647 0 0 0 0 17 11 0 0 0 0 0 0 0 0 0 0 0 0 0
97 (khugepaged) S 2 0 0 0 -1 2097216 0 0 0 0 0 2089 0 0 39 19 1 0 26 0 0 18446744073709551615 0 0 0 0 0 0 0 2147483647 0 0 0 0 17 11 0 0 0 0 0 0 0 0 0 0 0 0 0
97 (khugepaged) S 2 0 0 0 -1 2097216 0 0 0 0 0 2089 0 0 39 19 1 0 26 0 0 18446744073709551615 0 0 0 0 0 0 0 2147483647 0 0 0 0 17 11 0 0 0 0 0 0 0 0 0 0 0 0 0
97 (khugepaged) R 2 0 0 0 -1 2097216 0 0 0 0 0 2143 0 0 39 19 1 0 26 0 0 18446744073709551615 0 0 0 0 0 0 0 2147483647 0 0 0 0 17 4 0 0 0 0 0 0 0 0 0 0 0 0 0
97 (khugepaged) R 2 0 0 0 -1 2097216 0 0 0 0 0 2250 0 0 39 19 1 0 26 0 0 18446744073709551615 0 0 0 0 0 0 0 2147483647 0 0 0 0 17 10 0 0 0 0 0 0 0 0 0 0 0 0 0
97 (khugepaged) S 2 0 0 0 -1 2097216 0 0 0 0 0 2304 0 0 39 19 1 0 26 0 0 18446744073709551615 0 0 0 0 0 0 0 2147483647 0 0 0 0 17 10 0 0 0 0 0 0 0 0 0 0 0 0 0
97 (khugepaged) S 2 0 0 0 -1 2097216 0 0 0 0 0 2304 0 0 39 19 1 0 26 0 0 18446744073709551615 0 0 0 0 0 0 0 2147483647 0 0 0 0 17 10 0 0 0 0 0 0 0 0 0 0 0 0 0
97 (khugepaged) S 2 0 0 0 -1 2097216 0 0 0 0 0 2304 0 0 39 19 1 0 26 0 0 18446744073709551615 0 0 0 0 0 0 0 2147483647 0 0 0 0 17 10 0 0 0 0 0 0 0 0 0 0 0 0 0
97 (khugepaged) S 2 0 0 0 -1 2097216 0 0 0 0 0 2304 0 0 39 19 1 0 26 0 0 18446744073709551615 0 0 0 0 0 0 0 2147483647 0 0 0 0 17 10 0 0 0 0 0 0 0 0 0 0 0 0 0
97 (khugepaged) S 2 0 0 0 -1 2097216 0 0 0 0 0 2304 0 0 39 19 1 0 26 0 0 18446744073709551615 0 0 0 0 0 0 0 2147483647 0 0 0 0 17 10 0 0 0 0 0 0 0 0 0 0 0 0 0
97 (khugepaged) S 2 0 0 0 -1 2097216 0 0 0 0 0 2304 0 0 39 19 1 0 26 0 0 18446744073709551615 0 0 0 0 0 0 0 2147483647 0 0 0 0 17 10 0 0 0 0 0 0 0 0 0 0 0 0 0
97 (khugepaged) S 2 0 0 0 -1 2097216 0 0 0 0 0 2304 0 0 39 19 1 0 26 0 0 18446744073709551615 0 0 0 0 0 0 0 2147483647 0 0 0 0 17 10 0 0 0 0 0 0 0 0 0 0 0 0 0
97 (khugepaged) S 2 0 0 0 -1 2097216 0 0 0 0 0 2304 0 0 39 19 1 0 26 0 0 18446744073709551615 0 0 0 0 0 0 0 2147483647 0 0 0 0 17 10 0 0 0 0 0 0 0 0 0 0 0 0 0
97 (khugepaged) S 2 0 0 0 -1 2097216 0 0 0 0 0 2304 0 0 39 19 1 0 26 0 0 18446744073709551615 0 0 0 0 0 0 0 2147483647 0 0 0 0 17 10 0 0 0 0 0 0 0 0 0 0 0 0 0
97 (khugepaged) S 2 0 0 0 -1 2097216 0 0 0 0 0 2332 0 0 39 19 1 0 26 0 0 18446744073709551615 0 0 0 0 0 0 0 2147483647 0 0 0 0 17 0 0 0 0 0 0 0 0 0 0 0 0 0 0
97 (khugepaged) S 2 0 0 0 -1 2097216 0 0 0 0 0 2332 0 0 39 19 1 0 26 0 0 18446744073709551615 0 0 0 0 0 0 0 2147483647 0 0 0 0 17 0 0 0 0 0 0 0 0 0 0 0 0 0 0
97 (khugepaged) S 2 0 0 0 -1 2097216 0 0 0 0 0 2332 0 0 39 19 1 0 26 0 0 18446744073709551615 0 0 0 0 0 0 0 2147483647 0 0 0 0 17 0 0 0 0 0 0 0 0 0 0 0 0 0 0
97 (khugepaged) S 2 0 0 0 -1 2097216 0 0 0 0 0 2332 0 0 39 19 1 0 26 0 0 18446744073709551615 0 0 0 0 0 0 0 2147483647 0 0 0 0 17 0 0 0 0 0 0 0 0 0 0 0 0 0 0
97 (khugepaged) S 2 0 0 0 -1 2097216 0 0 0 0 0 2332 0 0 39 19 1 0 26 0 0 18446744073709551615 0 0 0 0 0 0 0 2147483647 0 0 0 0 17 0 0 0 0 0 0 0 0 0 0 0 0 0 0
97 (khugepaged) S 2 0 0 0 -1 2097216 0 0 0 0 0 2332 0 0 39 19 1 0 26 0 0 18446744073709551615 0 0 0 0 0 0 0 2147483647 0 0 0 0 17 0 0 0 0 0 0 0 0 0 0 0 0 0 0
97 (khugepaged) S 2 0 0 0 -1 2097216 0 0 0 0 0 2332 0 0 39 19 1 0 26 0 0 18446744073709551615 0 0 0 0 0 0 0 2147483647 0 0 0 0 17 0 0 0 0 0 0 0 0 0 0 0 0 0 0
97 (khugepaged) S 2 0 0 0 -1 2097216 0 0 0 0 0 2332 0 0 39 19 1 0 26 0 0 18446744073709551615 0 0 0 0 0 0 0 2147483647 0 0 0 0 17 0 0 0 0 0 0 0 0 0 0 0 0 0 0
97 (khugepaged) S 2 0 0 0 -1 2097216 0 0 0 0 0 2332 0 0 39 19 1 0 26 0 0 18446744073709551615 0 0 0 0 0 0 0 2147483647 0 0 0 0 17 0 0 0 0 0 0 0 0 0 0 0 0 0 0
97 (khugepaged) S 2 0 0 0 -1 2097216 0 0 0 0 0 2332 0 0 39 19 1 0 26 0 0 18446744073709551615 0 0 0 0 0 0 0 2147483647 0 0 0 0 17 0 0 0 0 0 0 0 0 0 0 0 0 0 0
97 (khugepaged) S 2 0 0 0 -1 2097216 0 0 0 0 0 2354 0 0 39 19 1 0 26 0 0 18446744073709551615 0 0 0 0 0 0 0 2147483647 0 0 0 0 17 0 0 0 0 0 0 0 0 0 0 0 0 0 0
97 (khugepaged) S 2 0 0 0 -1 2097216 0 0 0 0 0 2354 0 0 39 19 1 0 26 0 0 18446744073709551615 0 0 0 0 0 0 0 2147483647 0 0 0 0 17 0 0 0 0 0 0 0 0 0 0 0 0 0 0
97 (khugepaged) S 2 0 0 0 -1 2097216 0 0 0 0 0 2354 0 0 39 19 1 0 26 0 0 18446744073709551615 0 0 0 0 0 0 0 2147483647 0 0 0 0 17 0 0 0 0 0 0 0 0 0 0 0 0 0 0
97 (khugepaged) S 2 0 0 0 -1 2097216 0 0 0 0 0 2354 0 0 39 19 1 0 26 0 0 18446744073709551615 0 0 0 0 0 0 0 2147483647 0 0 0 0 17 0 0 0 0 0 0 0 0 0 0 0 0 0 0
97 (khugepaged) S 2 0 0 0 -1 2097216 0 0 0 0 0 2354 0 0 39 19 1 0 26 0 0 18446744073709551615 0 0 0 0 0 0 0 2147483647 0 0 0 0 17 0 0 0 0 0 0 0 0 0 0 0 0 0 0
97 (khugepaged) S 2 0 0 0 -1 2097216 0 0 0 0 0 2354 0 0 39 19 1 0 26 0 0 18446744073709551615 0 0 0 0 0 0 0 2147483647 0 0 0 0 17 0 0 0 0 0 0 0 0 0 0 0 0 0 0
97 (khugepaged) S 2 0 0 0 -1 2097216 0 0 0 0 0 2354 0 0 39 19 1 0 26 0 0 18446744073709551615 0 0 0 0 0 0 0 2147483647 0 0 0 0 17 0 0 0 0 0 0 0 0 0 0 0 0 0 0
97 (khugepaged) S 2 0 0 0 -1 2097216 0 0 0 0 0 2354 0 0 39 19 1 0 26 0 0 18446744073709551615 0 0 0 0 0 0 0 2147483647 0 0 0 0 17 0 0 0 0 0 0 0 0 0 0 0 0 0 0
97 (khugepaged) S 2 0 0 0 -1 2097216 0 0 0 0 0 2354 0 0 39 19 1 0 26 0 0 18446744073709551615 0 0 0 0 0 0 0 2147483647 0 0 0 0 17 0 0 0 0 0 0 0 0 0 0 0 0 0 0
97 (khugepaged) S 2 0 0 0 -1 2097216 0 0 0 0 0 2377 0 0 39 19 1 0 26 0 0 18446744073709551615 0 0 0 0 0 0 0 2147483647 0 0 0 0 17 0 0 0 0 0 0 0 0 0 0 0 0 0 0
97 (khugepaged) S 2 0 0 0 -1 2097216 0 0 0 0 0 2377 0 0 39 19 1 0 26 0 0 18446744073709551615 0 0 0 0 0 0 0 2147483647 0 0 0 0 17 0 0 0 0 0 0 0 0 0 0 0 0 0 0
97 (khugepaged) S 2 0 0 0 -1 2097216 0 0 0 0 0 2377 0 0 39 19 1 0 26 0 0 18446744073709551615 0 0 0 0 0 0 0 2147483647 0 0 0 0 17 0 0 0 0 0 0 0 0 0 0 0 0 0 0
97 (khugepaged) S 2 0 0 0 -1 2097216 0 0 0 0 0 2377 0 0 39 19 1 0 26 0 0 18446744073709551615 0 0 0 0 0 0 0 2147483647 0 0 0 0 17 0 0 0 0 0 0 0 0 0 0 0 0 0 0
97 (khugepaged) S 2 0 0 0 -1 2097216 0 0 0 0 0 2377 0 0 39 19 1 0 26 0 0 18446744073709551615 0 0 0 0 0 0 0 2147483647 0 0 0 0 17 0 0 0 0 0 0 0 0 0 0 0 0 0 0
97 (khugepaged) S 2 0 0 0 -1 2097216 0 0 0 0 0 2377 0 0 39 19 1 0 26 0 0 18446744073709551615 0 0 0 0 0 0 0 2147483647 0 0 0 0 17 0 0 0 0 0 0 0 0 0 0 0 0 0 0
97 (khugepaged) S 2 0 0 0 -1 2097216 0 0 0 0 0 2377 0 0 39 19 1 0 26 0 0 18446744073709551615 0 0 0 0 0 0 0 2147483647 0 0 0 0 17 0 0 0 0 0 0 0 0 0 0 0 0 0 0
97 (khugepaged) S 2 0 0 0 -1 2097216 0 0 0 0 0 2377 0 0 39 19 1 0 26 0 0 18446744073709551615 0 0 0 0 0 0 0 2147483647 0 0 0 0 17 0 0 0 0 0 0 0 0 0 0 0 0 0 0
97 (khugepaged) S 2 0 0 0 -1 2097216 0 0 0 0 0 2377 0 0 39 19 1 0 26 0 0 18446744073709551615 0 0 0 0 0 0 0 2147483647 0 0 0 0 17 0 0 0 0 0 0 0 0 0 0 0 0 0 0
97 (khugepaged) S 2 0 0 0 -1 2097216 0 0 0 0 0 2400 0 0 39 19 1 0 26 0 0 18446744073709551615 0 0 0 0 0 0 0 2147483647 0 0 0 0 17 2 0 0 0 0 0 0 0 0 0 0 0 0 0
97 (khugepaged) S 2 0 0 0 -1 2097216 0 0 0 0 0 2400 0 0 39 19 1 0 26 0 0 18446744073709551615 0 0 0 0 0 0 0 2147483647 0 0 0 0 17 2 0 0 0 0 0 0 0 0 0 0 0 0 0
97 (khugepaged) S 2 0 0 0 -1 2097216 0 0 0 0 0 2400 0 0 39 19 1 0 26 0 0 18446744073709551615 0 0 0 0 0 0 0 2147483647 0 0 0 0 17 2 0 0 0 0 0 0 0 0 0 0 0 0 0
97 (khugepaged) S 2 0 0 0 -1 2097216 0 0 0 0 0 2400 0 0 39 19 1 0 26 0 0 18446744073709551615 0 0 0 0 0 0 0 2147483647 0 0 0 0 17 2 0 0 0 0 0 0 0 0 0 0 0 0 0
97 (khugepaged) S 2 0 0 0 -1 2097216 0 0 0 0 0 2400 0 0 39 19 1 0 26 0 0 18446744073709551615 0 0 0 0 0 0 0 2147483647 0 0 0 0 17 2 0 0 0 0 0 0 0 0 0 0 0 0 0
97 (khugepaged) S 2 0 0 0 -1 2097216 0 0 0 0 0 2400 0 0 39 19 1 0 26 0 0 18446744073709551615 0 0 0 0 0 0 0 2147483647 0 0 0 0 17 2 0 0 0 0 0 0 0 0 0 0 0 0 0
97 (khugepaged) S 2 0 0 0 -1 2097216 0 0 0 0 0 2400 0 0 39 19 1 0 26 0 0 18446744073709551615 0 0 0 0 0 0 0 2147483647 0 0 0 0 17 2 0 0 0 0 0 0 0 0 0 0 0 0 0
97 (khugepaged) S 2 0 0 0 -1 2097216 0 0 0 0 0 2400 0 0 39 19 1 0 26 0 0 18446744073709551615 0 0 0 0 0 0 0 2147483647 0 0 0 0 17 2 0 0 0 0 0 0 0 0 0 0 0 0 0
97 (khugepaged) S 2 0 0 0 -1 2097216 0 0 0 0 0 2422 0 0 39 19 1 0 26 0 0 18446744073709551615 0 0 0 0 0 0 0 2147483647 0 0 0 0 17 3 0 0 0 0 0 0 0 0 0 0 0 0 0
97 (khugepaged) S 2 0 0 0 -1 2097216 0 0 0 0 0 2422 0 0 39 19 1 0 26 0 0 18446744073709551615 0 0 0 0 0 0 0 2147483647 0 0 0 0 17 3 0 0 0 0 0 0 0 0 0 0 0 0 0
97 (khugepaged) S 2 0 0 0 -1 2097216 0 0 0 0 0 2422 0 0 39 19 1 0 26 0 0 18446744073709551615 0 0 0 0 0 0 0 2147483647 0 0 0 0 17 3 0 0 0 0 0 0 0 0 0 0 0 0 0
97 (khugepaged) S 2 0 0 0 -1 2097216 0 0 0 0 0 2422 0 0 39 19 1 0 26 0 0 18446744073709551615 0 0 0 0 0 0 0 2147483647 0 0 0 0 17 3 0 0 0 0 0 0 0 0 0 0 0 0 0
97 (khugepaged) S 2 0 0 0 -1 2097216 0 0 0 0 0 2422 0 0 39 19 1 0 26 0 0 18446744073709551615 0 0 0 0 0 0 0 2147483647 0 0 0 0 17 3 0 0 0 0 0 0 0 0 0 0 0 0 0
97 (khugepaged) S 2 0 0 0 -1 2097216 0 0 0 0 0 2422 0 0 39 19 1 0 26 0 0 18446744073709551615 0 0 0 0 0 0 0 2147483647 0 0 0 0 17 3 0 0 0 0 0 0 0 0 0 0 0 0 0
97 (khugepaged) S 2 0 0 0 -1 2097216 0 0 0 0 0 2422 0 0 39 19 1 0 26 0 0 18446744073709551615 0 0 0 0 0 0 0 2147483647 0 0 0 0 17 3 0 0 0 0 0 0 0 0 0 0 0 0 0
97 (khugepaged) S 2 0 0 0 -1 2097216 0 0 0 0 0 2422 0 0 39 19 1 0 26 0 0 18446744073709551615 0 0 0 0 0 0 0 2147483647 0 0 0 0 17 3 0 0 0 0 0 0 0 0 0 0 0 0 0
97 (khugepaged) S 2 0 0 0 -1 2097216 0 0 0 0 0 2422 0 0 39 19 1 0 26 0 0 18446744073709551615 0 0 0 0 0 0 0 2147483647 0 0 0 0 17 3 0 0 0 0 0 0 0 0 0 0 0 0 0
97 (khugepaged) S 2 0 0 0 -1 2097216 0 0 0 0 0 2422 0 0 39 19 1 0 26 0 0 18446744073709551615 0 0 0 0 0 0 0 2147483647 0 0 0 0 17 3 0 0 0 0 0 0 0 0 0 0 0 0 0
97 (khugepaged) R 2 0 0 0 -1 2097216 0 0 0 0 0 2495 0 0 39 19 1 0 26 0 0 18446744073709551615 0 0 0 0 0 0 0 2147483647 0 0 0 0 17 5 0 0 0 0 0 0 0 0 0 0 0 0 0
97 (khugepaged) R 2 0 0 0 -1 2097216 0 0 0 0 0 2593 0 0 39 19 1 0 26 0 0 18446744073709551615 0 0 0 0 0 0 0 2147483647 0 0 0 0 17 4 0 0 0 0 0 0 0 0 0 0 0 0 0
97 (khugepaged) S 2 0 0 0 -1 2097216 0 0 0 0 0 2641 0 0 39 19 1 0 26 0 0 18446744073709551615 0 0 0 0 0 0 0 2147483647 0 0 0 0 17 4 0 0 0 0 0 0 0 0 0 0 0 0 0
97 (khugepaged) S 2 0 0 0 -1 2097216 0 0 0 0 0 2641 0 0 39 19 1 0 26 0 0 18446744073709551615 0 0 0 0 0 0 0 2147483647 0 0 0 0 17 4 0 0 0 0 0 0 0 0 0 0 0 0 0
97 (khugepaged) S 2 0 0 0 -1 2097216 0 0 0 0 0 2641 0 0 39 19 1 0 26 0 0 18446744073709551615 0 0 0 0 0 0 0 2147483647 0 0 0 0 17 4 0 0 0 0 0 0 0 0 0 0 0 0 0
97 (khugepaged) S 2 0 0 0 -1 2097216 0 0 0 0 0 2641 0 0 39 19 1 0 26 0 0 18446744073709551615 0 0 0 0 0 0 0 2147483647 0 0 0 0 17 4 0 0 0 0 0 0 0 0 0 0 0 0 0
97 (khugepaged) S 2 0 0 0 -1 2097216 0 0 0 0 0 2641 0 0 39 19 1 0 26 0 0 18446744073709551615 0 0 0 0 0 0 0 2147483647 0 0 0 0 17 4 0 0 0 0 0 0 0 0 0 0 0 0 0
97 (khugepaged) S 2 0 0 0 -1 2097216 0 0 0 0 0 2641 0 0 39 19 1 0 26 0 0 18446744073709551615 0 0 0 0 0 0 0 2147483647 0 0 0 0 17 4 0 0 0 0 0 0 0 0 0 0 0 0 0
97 (khugepaged) S 2 0 0 0 -1 2097216 0 0 0 0 0 2641 0 0 39 19 1 0 26 0 0 18446744073709551615 0 0 0 0 0 0 0 2147483647 0 0 0 0 17 4 0 0 0 0 0 0 0 0 0 0 0 0 0
97 (khugepaged) S 2 0 0 0 -1 2097216 0 0 0 0 0 2641 0 0 39 19 1 0 26 0 0 18446744073709551615 0 0 0 0 0 0 0 2147483647 0 0 0 0 17 4 0 0 0 0 0 0 0 0 0 0 0 0 0
97 (khugepaged) S 2 0 0 0 -1 2097216 0 0 0 0 0 2641 0 0 39 19 1 0 26 0 0 18446744073709551615 0 0 0 0 0 0 0 2147483647 0 0 0 0 17 4 0 0 0 0 0 0 0 0 0 0 0 0 0
97 (khugepaged) S 2 0 0 0 -1 2097216 0 0 0 0 0 2641 0 0 39 19 1 0 26 0 0 18446744073709551615 0 0 0 0 0 0 0 2147483647 0 0 0 0 17 4 0 0 0 0 0 0 0 0 0 0 0 0 0
97 (khugepaged) S 2 0 0 0 -1 2097216 0 0 0 0 0 2641 0 0 39 19 1 0 26 0 0 18446744073709551615 0 0 0 0 0 0 0 2147483647 0 0 0 0 17 5 0 0 0 0 0 0 0 0 0 0 0 0 0
97 (khugepaged) S 2 0 0 0 -1 2097216 0 0 0 0 0 2641 0 0 39 19 1 0 26 0 0 18446744073709551615 0 0 0 0 0 0 0 2147483647 0 0 0 0 17 5 0 0 0 0 0 0 0 0 0 0 0 0 0
97 (khugepaged) S 2 0 0 0 -1 2097216 0 0 0 0 0 2641 0 0 39 19 1 0 26 0 0 18446744073709551615 0 0 0 0 0 0 0 2147483647 0 0 0 0 17 5 0 0 0 0 0 0 0 0 0 0 0 0 0
97 (khugepaged) S 2 0 0 0 -1 2097216 0 0 0 0 0 2641 0 0 39 19 1 0 26 0 0 18446744073709551615 0 0 0 0 0 0 0 2147483647 0 0 0 0 17 5 0 0 0 0 0 0 0 0 0 0 0 0 0
97 (khugepaged) S 2 0 0 0 -1 2097216 0 0 0 0 0 2641 0 0 39 19 1 0 26 0 0 18446744073709551615 0 0 0 0 0 0 0 2147483647 0 0 0 0 17 5 0 0 0 0 0 0 0 0 0 0 0 0 0
97 (khugepaged) S 2 0 0 0 -1 2097216 0 0 0 0 0 2641 0 0 39 19 1 0 26 0 0 18446744073709551615 0 0 0 0 0 0 0 2147483647 0 0 0 0 17 5 0 0 0 0 0 0 0 0 0 0 0 0 0
97 (khugepaged) S 2 0 0 0 -1 2097216 0 0 0 0 0 2641 0 0 39 19 1 0 26 0 0 18446744073709551615 0 0 0 0 0 0 0 2147483647 0 0 0 0 17 5 0 0 0 0 0 0 0 0 0 0 0 0 0
97 (khugepaged) S 2 0 0 0 -1 2097216 0 0 0 0 0 2641 0 0 39 19 1 0 26 0 0 18446744073709551615 0 0 0 0 0 0 0 2147483647 0 0 0 0 17 5 0 0 0 0 0 0 0 0 0 0 0 0 0
97 (khugepaged) S 2 0 0 0 -1 2097216 0 0 0 0 0 2641 0 0 39 19 1 0 26 0 0 18446744073709551615 0 0 0 0 0 0 0 2147483647 0 0 0 0 17 5 0 0 0 0 0 0 0 0 0 0 0 0 0
97 (khugepaged) S 2 0 0 0 -1 2097216 0 0 0 0 0 2641 0 0 39 19 1 0 26 0 0 18446744073709551615 0 0 0 0 0 0 0 2147483647 0 0 0 0 17 5 0 0 0 0 0 0 0 0 0 0 0 0 0
97 (khugepaged) S 2 0 0 0 -1 2097216 0 0 0 0 0 2641 0 0 39 19 1 0 26 0 0 18446744073709551615 0 0 0 0 0 0 0 2147483647 0 0 0 0 17 5 0 0 0 0 0 0 0 0 0 0 0 0 0
97 (khugepaged) S 2 0 0 0 -1 2097216 0 0 0 0 0 2641 0 0 39 19 1 0 26 0 0 18446744073709551615 0 0 0 0 0 0 0 2147483647 0 0 0 0 17 5 0 0 0 0 0 0 0 0 0 0 0 0 0
97 (khugepaged) S 2 0 0 0 -1 2097216 0 0 0 0 0 2641 0 0 39 19 1 0 26 0 0 18446744073709551615 0 0 0 0 0 0 0 2147483647 0 0 0 0 17 5 0 0 0 0 0 0 0 0 0 0 0 0 0
97 (khugepaged) S 2 0 0 0 -1 2097216 0 0 0 0 0 2641 0 0 39 19 1 0 26 0 0 18446744073709551615 0 0 0 0 0 0 0 2147483647 0 0 0 0 17 5 0 0 0 0 0 0 0 0 0 0 0 0 0
97 (khugepaged) S 2 0 0 0 -1 2097216 0 0 0 0 0 2641 0 0 39 19 1 0 26 0 0 18446744073709551615 0 0 0 0 0 0 0 2147483647 0 0 0 0 17 5 0 0 0 0 0 0 0 0 0 0 0 0 0
97 (khugepaged) S 2 0 0 0 -1 2097216 0 0 0 0 0 2641 0 0 39 19 1 0 26 0 0 18446744073709551615 0 0 0 0 0 0 0 2147483647 0 0 0 0 17 5 0 0 0 0 0 0 0 0 0 0 0 0 0
97 (khugepaged) S 2 0 0 0 -1 2097216 0 0 0 0 0 2641 0 0 39 19 1 0 26 0 0 18446744073709551615 0 0 0 0 0 0 0 2147483647 0 0 0 0 17 5 0 0 0 0 0 0 0 0 0 0 0 0 0
97 (khugepaged) S 2 0 0 0 -1 2097216 0 0 0 0 0 2641 0 0 39 19 1 0 26 0 0 18446744073709551615 0 0 0 0 0 0 0 2147483647 0 0 0 0 17 5 0 0 0 0 0 0 0 0 0 0 0 0 0
97 (khugepaged) S 2 0 0 0 -1 2097216 0 0 0 0 0 2641 0 0 39 19 1 0 26 0 0 18446744073709551615 0 0 0 0 0 0 0 2147483647 0 0 0 0 17 5 0 0 0 0 0 0 0 0 0 0 0 0 0
97 (khugepaged) S 2 0 0 0 -1 2097216 0 0 0 0 0 2641 0 0 39 19 1 0 26 0 0 18446744073709551615 0 0 0 0 0 0 0 2147483647 0 0 0 0 17 5 0 0 0 0 0 0 0 0 0 0 0 0 0
97 (khugepaged) S 2 0 0 0 -1 2097216 0 0 0 0 0 2641 0 0 39 19 1 0 26 0 0 18446744073709551615 0 0 0 0 0 0 0 2147483647 0 0 0 0 17 0 0 0 0 0 0 0 0 0 0 0 0 0 0
97 (khugepaged) S 2 0 0 0 -1 2097216 0 0 0 0 0 2641 0 0 39 19 1 0 26 0 0 18446744073709551615 0 0 0 0 0 0 0 2147483647 0 0 0 0 17 0 0 0 0 0 0 0 0 0 0 0 0 0 0
97 (khugepaged) S 2 0 0 0 -1 2097216 0 0 0 0 0 2641 0 0 39 19 1 0 26 0 0 18446744073709551615 0 0 0 0 0 0 0 2147483647 0 0 0 0 17 0 0 0 0 0 0 0 0 0 0 0 0 0 0
97 (khugepaged) S 2 0 0 0 -1 2097216 0 0 0 0 0 2641 0 0 39 19 1 0 26 0 0 18446744073709551615 0 0 0 0 0 0 0 2147483647 0 0 0 0 17 0 0 0 0 0 0 0 0 0 0 0 0 0 0
97 (khugepaged) S 2 0 0 0 -1 2097216 0 0 0 0 0 2641 0 0 39 19 1 0 26 0 0 18446744073709551615 0 0 0 0 0 0 0 2147483647 0 0 0 0 17 0 0 0 0 0 0 0 0 0 0 0 0 0 0
97 (khugepaged) S 2 0 0 0 -1 2097216 0 0 0 0 0 2641 0 0 39 19 1 0 26 0 0 18446744073709551615 0 0 0 0 0 0 0 2147483647 0 0 0 0 17 0 0 0 0 0 0 0 0 0 0 0 0 0 0
97 (khugepaged) S 2 0 0 0 -1 2097216 0 0 0 0 0 2641 0 0 39 19 1 0 26 0 0 18446744073709551615 0 0 0 0 0 0 0 2147483647 0 0 0 0 17 0 0 0 0 0 0 0 0 0 0 0 0 0 0
97 (khugepaged) S 2 0 0 0 -1 2097216 0 0 0 0 0 2641 0 0 39 19 1 0 26 0 0 18446744073709551615 0 0 0 0 0 0 0 2147483647 0 0 0 0 17 0 0 0 0 0 0 0 0 0 0 0 0 0 0
97 (khugepaged) S 2 0 0 0 -1 2097216 0 0 0 0 0 2641 0 0 39 19 1 0 26 0 0 18446744073709551615 0 0 0 0 0 0 0 2147483647 0 0 0 0 17 0 0 0 0 0 0 0 0 0 0 0 0 0 0
97 (khugepaged) S 2 0 0 0 -1 2097216 0 0 0 0 0 2641 0 0 39 19 1 0 26 0 0 18446744073709551615 0 0 0 0 0 0 0 2147483647 0 0 0 0 17 0 0 0 0 0 0 0 0 0 0 0 0 0 0
97 (khugepaged) S 2 0 0 0 -1 2097216 0 0 0 0 0 2641 0 0 39 19 1 0 26 0 0 18446744073709551615 0 0 0 0 0 0 0 2147483647 0 0 0 0 17 1 0 0 0 0 0 0 0 0 0 0 0 0 0
97 (khugepaged) S 2 0 0 0 -1 2097216 0 0 0 0 0 2641 0 0 39 19 1 0 26 0 0 18446744073709551615 0 0 0 0 0 0 0 2147483647 0 0 0 0 17 1 0 0 0 0 0 0 0 0 0 0 0 0 0
97 (khugepaged) S 2 0 0 0 -1 2097216 0 0 0 0 0 2641 0 0 39 19 1 0 26 0 0 18446744073709551615 0 0 0 0 0 0 0 2147483647 0 0 0 0 17 1 0 0 0 0 0 0 0 0 0 0 0 0 0
97 (khugepaged) S 2 0 0 0 -1 2097216 0 0 0 0 0 2641 0 0 39 19 1 0 26 0 0 18446744073709551615 0 0 0 0 0 0 0 2147483647 0 0 0 0 17 1 0 0 0 0 0 0 0 0 0 0 0 0 0
97 (khugepaged) S 2 0 0 0 -1 2097216 0 0 0 0 0 2641 0 0 39 19 1 0 26 0 0 18446744073709551615 0 0 0 0 0 0 0 2147483647 0 0 0 0 17 1 0 0 0 0 0 0 0 0 0 0 0 0 0
97 (khugepaged) S 2 0 0 0 -1 2097216 0 0 0 0 0 2641 0 0 39 19 1 0 26 0 0 18446744073709551615 0 0 0 0 0 0 0 2147483647 0 0 0 0 17 1 0 0 0 0 0 0 0 0 0 0 0 0 0
97 (khugepaged) S 2 0 0 0 -1 2097216 0 0 0 0 0 2641 0 0 39 19 1 0 26 0 0 18446744073709551615 0 0 0 0 0 0 0 2147483647 0 0 0 0 17 1 0 0 0 0 0 0 0 0 0 0 0 0 0
97 (khugepaged) S 2 0 0 0 -1 2097216 0 0 0 0 0 2641 0 0 39 19 1 0 26 0 0 18446744073709551615 0 0 0 0 0 0 0 2147483647 0 0 0 0 17 1 0 0 0 0 0 0 0 0 0 0 0 0 0
97 (khugepaged) S 2 0 0 0 -1 2097216 0 0 0 0 0 2641 0 0 39 19 1 0 26 0 0 18446744073709551615 0 0 0 0 0 0 0 2147483647 0 0 0 0 17 1 0 0 0 0 0 0 0 0 0 0 0 0 0
97 (khugepaged) S 2 0 0 0 -1 2097216 0 0 0 0 0 2641 0 0 39 19 1 0 26 0 0 18446744073709551615 0 0 0 0 0 0 0 2147483647 0 0 0 0 17 1 0 0 0 0 0 0 0 0 0 0 0 0 0
97 (khugepaged) S 2 0 0 0 -1 2097216 0 0 0 0 0 2641 0 0 39 19 1 0 26 0 0 18446744073709551615 0 0 0 0 0 0 0 2147483647 0 0 0 0 17 1 0 0 0 0 0 0 0 0 0 0 0 0 0
97 (khugepaged) S 2 0 0 0 -1 2097216 0 0 0 0 0 2641 0 0 39 19 1 0 26 0 0 18446744073709551615 0 0 0 0 0 0 0 2147483647 0 0 0 0 17 1 0 0 0 0 0 0 0 0 0 0 0 0 0
97 (khugepaged) S 2 0 0 0 -1 2097216 0 0 0 0 0 2641 0 0 39 19 1 0 26 0 0 18446744073709551615 0 0 0 0 0 0 0 2147483647 0 0 0 0 17 1 0 0 0 0 0 0 0 0 0 0 0 0 0
97 (khugepaged) S 2 0 0 0 -1 2097216 0 0 0 0 0 2641 0 0 39 19 1 0 26 0 0 18446744073709551615 0 0 0 0 0 0 0 2147483647 0 0 0 0 17 1 0 0 0 0 0 0 0 0 0 0 0 0 0
97 (khugepaged) S 2 0 0 0 -1 2097216 0 0 0 0 0 2641 0 0 39 19 1 0 26 0 0 18446744073709551615 0 0 0 0 0 0 0 2147483647 0 0 0 0 17 1 0 0 0 0 0 0 0 0 0 0 0 0 0
97 (khugepaged) S 2 0 0 0 -1 2097216 0 0 0 0 0 2641 0 0 39 19 1 0 26 0 0 18446744073709551615 0 0 0 0 0 0 0 2147483647 0 0 0 0 17 1 0 0 0 0 0 0 0 0 0 0 0 0 0
97 (khugepaged) S 2 0 0 0 -1 2097216 0 0 0 0 0 2641 0 0 39 19 1 0 26 0 0 18446744073709551615 0 0 0 0 0 0 0 2147483647 0 0 0 0 17 1 0 0 0 0 0 0 0 0 0 0 0 0 0
97 (khugepaged) S 2 0 0 0 -1 2097216 0 0 0 0 0 2641 0 0 39 19 1 0 26 0 0 18446744073709551615 0 0 0 0 0 0 0 2147483647 0 0 0 0 17 1 0 0 0 0 0 0 0 0 0 0 0 0 0
97 (khugepaged) S 2 0 0 0 -1 2097216 0 0 0 0 0 2641 0 0 39 19 1 0 26 0 0 18446744073709551615 0 0 0 0 0 0 0 2147483647 0 0 0 0 17 2 0 0 0 0 0 0 0 0 0 0 0 0 0
97 (khugepaged) S 2 0 0 0 -1 2097216 0 0 0 0 0 2641 0 0 39 19 1 0 26 0 0 18446744073709551615 0 0 0 0 0 0 0 2147483647 0 0 0 0 17 2 0 0 0 0 0 0 0 0 0 0 0 0 0
97 (khugepaged) S 2 0 0 0 -1 2097216 0 0 0 0 0 2641 0 0 39 19 1 0 26 0 0 18446744073709551615 0 0 0 0 0 0 0 2147483647 0 0 0 0 17 2 0 0 0 0 0 0 0 0 0 0 0 0 0
97 (khugepaged) S 2 0 0 0 -1 2097216 0 0 0 0 0 2641 0 0 39 19 1 0 26 0 0 18446744073709551615 0 0 0 0 0 0 0 2147483647 0 0 0 0 17 2 0 0 0 0 0 0 0 0 0 0 0 0 0
97 (khugepaged) S 2 0 0 0 -1 2097216 0 0 0 0 0 2641 0 0 39 19 1 0 26 0 0 18446744073709551615 0 0 0 0 0 0 0 2147483647 0 0 0 0 17 2 0 0 0 0 0 0 0 0 0 0 0 0 0
97 (khugepaged) S 2 0 0 0 -1 2097216 0 0 0 0 0 2641 0 0 39 19 1 0 26 0 0 18446744073709551615 0 0 0 0 0 0 0 2147483647 0 0 0 0 17 2 0 0 0 0 0 0 0 0 0 0 0 0 0
97 (khugepaged) S 2 0 0 0 -1 2097216 0 0 0 0 0 2641 0 0 39 19 1 0 26 0 0 18446744073709551615 0 0 0 0 0 0 0 2147483647 0 0 0 0 17 2 0 0 0 0 0 0 0 0 0 0 0 0 0
97 (khugepaged) S 2 0 0 0 -1 2097216 0 0 0 0 0 2641 0 0 39 19 1 0 26 0 0 18446744073709551615 0 0 0 0 0 0 0 2147483647 0 0 0 0 17 2 0 0 0 0 0 0 0 0 0 0 0 0 0
97 (khugepaged) S 2 0 0 0 -1 2097216 0 0 0 0 0 2641 0 0 39 19 1 0 26 0 0 18446744073709551615 0 0 0 0 0 0 0 2147483647 0 0 0 0 17 2 0 0 0 0 0 0 0 0 0 0 0 0 0
97 (khugepaged) S 2 0 0 0 -1 2097216 0 0 0 0 0 2641 0 0 39 19 1 0 26 0 0 18446744073709551615 0 0 0 0 0 0 0 2147483647 0 0 0 0 17 2 0 0 0 0 0 0 0 0 0 0 0 0 0
97 (khugepaged) S 2 0 0 0 -1 2097216 0 0 0 0 0 2642 0 0 39 19 1 0 26 0 0 18446744073709551615 0 0 0 0 0 0 0 2147483647 0 0 0 0 17 4 0 0 0 0 0 0 0 0 0 0 0 0 0
97 (khugepaged) S 2 0 0 0 -1 2097216 0 0 0 0 0 2642 0 0 39 19 1 0 26 0 0 18446744073709551615 0 0 0 0 0 0 0 2147483647 0 0 0 0 17 4 0 0 0 0 0 0 0 0 0 0 0 0 0
97 (khugepaged) S 2 0 0 0 -1 2097216 0 0 0 0 0 2642 0 0 39 19 1 0 26 0 0 18446744073709551615 0 0 0 0 0 0 0 2147483647 0 0 0 0 17 4 0 0 0 0 0 0 0 0 0 0 0 0 0
97 (khugepaged) S 2 0 0 0 -1 2097216 0 0 0 0 0 2642 0 0 39 19 1 0 26 0 0 18446744073709551615 0 0 0 0 0 0 0 2147483647 0 0 0 0 17 4 0 0 0 0 0 0 0 0 0 0 0 0 0
97 (khugepaged) S 2 0 0 0 -1 2097216 0 0 0 0 0 2642 0 0 39 19 1 0 26 0 0 18446744073709551615 0 0 0 0 0 0 0 2147483647 0 0 0 0 17 4 0 0 0 0 0 0 0 0 0 0 0 0 0
97 (khugepaged) S 2 0 0 0 -1 2097216 0 0 0 0 0 2642 0 0 39 19 1 0 26 0 0 18446744073709551615 0 0 0 0 0 0 0 2147483647 0 0 0 0 17 4 0 0 0 0 0 0 0 0 0 0 0 0 0
97 (khugepaged) S 2 0 0 0 -1 2097216 0 0 0 0 0 2642 0 0 39 19 1 0 26 0 0 18446744073709551615 0 0 0 0 0 0 0 2147483647 0 0 0 0 17 4 0 0 0 0 0 0 0 0 0 0 0 0 0
97 (khugepaged) S 2 0 0 0 -1 2097216 0 0 0 0 0 2642 0 0 39 19 1 0 26 0 0 18446744073709551615 0 0 0 0 0 0 0 2147483647 0 0 0 0 17 4 0 0 0 0 0 0 0 0 0 0 0 0 0
97 (khugepaged) S 2 0 0 0 -1 2097216 0 0 0 0 0 2642 0 0 39 19 1 0 26 0 0 18446744073709551615 0 0 0 0 0 0 0 2147483647 0 0 0 0 17 4 0 0 0 0 0 0 0 0 0 0 0 0 0
97 (khugepaged) S 2 0 0 0 -1 2097216 0 0 0 0 0 2642 0 0 39 19 1 0 26 0 0 18446744073709551615 0 0 0 0 0 0 0 2147483647 0 0 0 0 17 4 0 0 0 0 0 0 0 0 0 0 0 0 0
97 (khugepaged) S 2 0 0 0 -1 2097216 0 0 0 0 0 2642 0 0 39 19 1 0 26 0 0 18446744073709551615 0 0 0 0 0 0 0 2147483647 0 0 0 0 17 5 0 0 0 0 0 0 0 0 0 0 0 0 0
97 (khugepaged) S 2 0 0 0 -1 2097216 0 0 0 0 0 2642 0 0 39 19 1 0 26 0 0 18446744073709551615 0 0 0 0 0 0 0 2147483647 0 0 0 0 17 5 0 0 0 0 0 0 0 0 0 0 0 0 0
97 (khugepaged) S 2 0 0 0 -1 2097216 0 0 0 0 0 2642 0 0 39 19 1 0 26 0 0 18446744073709551615 0 0 0 0 0 0 0 2147483647 0 0 0 0 17 5 0 0 0 0 0 0 0 0 0 0 0 0 0
97 (khugepaged) S 2 0 0 0 -1 2097216 0 0 0 0 0 2642 0 0 39 19 1 0 26 0 0 18446744073709551615 0 0 0 0 0 0 0 2147483647 0 0 0 0 17 5 0 0 0 0 0 0 0 0 0 0 0 0 0
97 (khugepaged) S 2 0 0 0 -1 2097216 0 0 0 0 0 2642 0 0 39 19 1 0 26 0 0 18446744073709551615 0 0 0 0 0 0 0 2147483647 0 0 0 0 17 5 0 0 0 0 0 0 0 0 0 0 0 0 0
97 (khugepaged) S 2 0 0 0 -1 2097216 0 0 0 0 0 2642 0 0 39 19 1 0 26 0 0 18446744073709551615 0 0 0 0 0 0 0 2147483647 0 0 0 0 17 5 0 0 0 0 0 0 0 0 0 0 0 0 0
97 (khugepaged) S 2 0 0 0 -1 2097216 0 0 0 0 0 2642 0 0 39 19 1 0 26 0 0 18446744073709551615 0 0 0 0 0 0 0 2147483647 0 0 0 0 17 5 0 0 0 0 0 0 0 0 0 0 0 0 0
97 (khugepaged) S 2 0 0 0 -1 2097216 0 0 0 0 0 2642 0 0 39 19 1 0 26 0 0 18446744073709551615 0 0 0 0 0 0 0 2147483647 0 0 0 0 17 5 0 0 0 0 0 0 0 0 0 0 0 0 0
97 (khugepaged) S 2 0 0 0 -1 2097216 0 0 0 0 0 2642 0 0 39 19 1 0 26 0 0 18446744073709551615 0 0 0 0 0 0 0 2147483647 0 0 0 0 17 5 0 0 0 0 0 0 0 0 0 0 0 0 0
97 (khugepaged) S 2 0 0 0 -1 2097216 0 0 0 0 0 2642 0 0 39 19 1 0 26 0 0 18446744073709551615 0 0 0 0 0 0 0 2147483647 0 0 0 0 17 2 0 0 0 0 0 0 0 0 0 0 0 0 0
