1038
1038
1038
1038
1038
1038
1038
1038
1038
1038
1038
1038
1038
1038
1038
1038
1038
1038
1038
1038
1038
1038
1038
1038
1038
1038
1038
1038
1038
1038
1038
1038
1038
1053
1053
1053
1053
1053
1053
1053
1053
1053
1060
1060
1060
1060
1060
1060
1060
1060
1060
1060
1060
1060
1060
1060
1060
1060
1060
1060
1212
1976
1976
1976
1976
1976
2134
3467
4743
5903
6288
6288
6288
6288
6288
6288
6288
6288
6288
6562
7058
7058
7058
7058
7058
7058
7058
7058
7058
7058
7116
7116
7116
7116
7116
7116
7116
7124
7124
7124
7124
7124
7124
7124
7124
7124
7542
8949
9653
9653
9653
9653
9653
9653
9653
9653
9653
9653
9654
9654
9654
9654
9654
9654
9654
9654
9654
9654
9655
9655
9655
9655
9655
9655
9655
9655
9655
9655
9655
9655
9655
9655
9655
9655
9655
9655
9655
9655
9658
9658
9658
9658
9658
9658
9658
9658
9658
9658
9658
9658
9658
9658
9658
9658
9658
9658
9658
9658
9658
9658
9658
9658
9658
9658
9658
9658
9658
9658
9658
9658
9658
9658
9658
9658
9765
9765
9765
9765
9765
9765
9765
9765
10613
12028
13242
14123
14123
14123
14123
14123
14123
14123
14924
14981
14981
14981
14981
14981
14981
14981
14981
14981
15012
15012
15012
15012
15012
15012
15012
15012
15012
15076
15124
15124
15124
15124
15124
15124
15124
15124
15124
15420
15420
15420
15420
15420
15420
15420
15420
15654
15654
15654
15654
15654
15654
15654
15654
15654
15662
17072
18512
18512
18512
18512
18512
18512
18512
18512
18512
18512
18512
18512
18512
18512
18512
18512
18512
18512
18512
18512
18512
18512
18512
18512
18512
18512
18512
18512
18512
18512
18512
18512
18512
18512
18512
18512
18512
18512
18512
18512
18512
18512
18512
18512
18512
18512
18512
18512
18512
18512
18512
18512
18512
18512
18512
18512
18512
18512
18512
18512
18512
18512
18512
18512
18512
18512
18512
18513
18513
18513
18513
18513
18513
18513
18513
18513
18682
20055
21218
21268
21268
21268
21268
21268
23322
23935
23935
23935
23935
23935
23935
23935
23935
23935
23995
23995
23995
23995
23995
23995
23995
23995
23995
23995
23997
23997
23997
23997
23997
23997
23997
23997
23997
23999
23999
23999
23999
23999
23999
23999
23999
23999
23999
24000
24000
24000
24000
24000
24000
24000
24000
24000
24000
24000
24000
24000
24000
24000
24000
24000
25093
26541
27255
27255
27255
27255
27255
27255
27255
27255
27255
27255
27255
27255
27255
27255
27255
27255
27255
27255
27255
27255
27255
27255
27255
27255
27255
27255
27255
27255
27255
27255
27255
27255
27255
27255
27255
27255
27255
27255
27255
27255
27255
27255
27255
27255
27255
27255
27255
27255
27255
27255
27255
27255
27255
27255
27255
27255
27255
27255
27255
27255
27255
27255
27255
27255
27255
27255
27255
27255
27255
27255
27255
27255
27255
27255
27255
27255
27255
27255
27255
27255
27255
27255
27255
27255
27255
27255
27255
27255
