thp_fault_alloc 9643
thp_fault_fallback 0
thp_collapse_alloc 12
thp_collapse_alloc_failed 0
thp_split 2
thp_zero_page_alloc 1
thp_zero_page_alloc_failed 0
thp_promote 0
thp_fault_alloc 11657
thp_fault_fallback 0
thp_collapse_alloc 12
thp_collapse_alloc_failed 0
thp_split 2
thp_zero_page_alloc 1
thp_zero_page_alloc_failed 0
thp_promote 0
thp_fault_alloc 11664
thp_fault_fallback 0
thp_collapse_alloc 12
thp_collapse_alloc_failed 0
thp_split 2
thp_zero_page_alloc 1
thp_zero_page_alloc_failed 0
thp_promote 0
thp_fault_alloc 11671
thp_fault_fallback 0
thp_collapse_alloc 12
thp_collapse_alloc_failed 0
thp_split 2
thp_zero_page_alloc 1
thp_zero_page_alloc_failed 0
thp_promote 0
thp_fault_alloc 11677
thp_fault_fallback 0
thp_collapse_alloc 12
thp_collapse_alloc_failed 0
thp_split 2
thp_zero_page_alloc 1
thp_zero_page_alloc_failed 0
thp_promote 0
thp_fault_alloc 11683
thp_fault_fallback 0
thp_collapse_alloc 12
thp_collapse_alloc_failed 0
thp_split 2
thp_zero_page_alloc 1
thp_zero_page_alloc_failed 0
thp_promote 0
thp_fault_alloc 11688
thp_fault_fallback 0
thp_collapse_alloc 12
thp_collapse_alloc_failed 0
thp_split 2
thp_zero_page_alloc 1
thp_zero_page_alloc_failed 0
thp_promote 0
thp_fault_alloc 11695
thp_fault_fallback 0
thp_collapse_alloc 12
thp_collapse_alloc_failed 0
thp_split 2
thp_zero_page_alloc 1
thp_zero_page_alloc_failed 0
thp_promote 0
thp_fault_alloc 11701
thp_fault_fallback 0
thp_collapse_alloc 12
thp_collapse_alloc_failed 0
thp_split 2
thp_zero_page_alloc 1
thp_zero_page_alloc_failed 0
thp_promote 0
thp_fault_alloc 11707
thp_fault_fallback 0
thp_collapse_alloc 12
thp_collapse_alloc_failed 0
thp_split 2
thp_zero_page_alloc 1
thp_zero_page_alloc_failed 0
thp_promote 0
thp_fault_alloc 11712
thp_fault_fallback 0
thp_collapse_alloc 12
thp_collapse_alloc_failed 0
thp_split 2
thp_zero_page_alloc 1
thp_zero_page_alloc_failed 0
thp_promote 0
thp_fault_alloc 11719
thp_fault_fallback 0
thp_collapse_alloc 12
thp_collapse_alloc_failed 0
thp_split 2
thp_zero_page_alloc 1
thp_zero_page_alloc_failed 0
thp_promote 0
thp_fault_alloc 11725
thp_fault_fallback 0
thp_collapse_alloc 12
thp_collapse_alloc_failed 0
thp_split 2
thp_zero_page_alloc 1
thp_zero_page_alloc_failed 0
thp_promote 0
thp_fault_alloc 11730
thp_fault_fallback 0
thp_collapse_alloc 12
thp_collapse_alloc_failed 0
thp_split 2
thp_zero_page_alloc 1
thp_zero_page_alloc_failed 0
thp_promote 0
thp_fault_alloc 11736
thp_fault_fallback 0
thp_collapse_alloc 12
thp_collapse_alloc_failed 0
thp_split 2
thp_zero_page_alloc 1
thp_zero_page_alloc_failed 0
thp_promote 0
thp_fault_alloc 11742
thp_fault_fallback 0
thp_collapse_alloc 12
thp_collapse_alloc_failed 0
thp_split 2
thp_zero_page_alloc 1
thp_zero_page_alloc_failed 0
thp_promote 0
thp_fault_alloc 11748
thp_fault_fallback 0
thp_collapse_alloc 12
thp_collapse_alloc_failed 0
thp_split 2
thp_zero_page_alloc 1
thp_zero_page_alloc_failed 0
thp_promote 0
thp_fault_alloc 11753
thp_fault_fallback 0
thp_collapse_alloc 12
thp_collapse_alloc_failed 0
thp_split 2
thp_zero_page_alloc 1
thp_zero_page_alloc_failed 0
thp_promote 0
thp_fault_alloc 11759
thp_fault_fallback 0
thp_collapse_alloc 12
thp_collapse_alloc_failed 0
thp_split 2
thp_zero_page_alloc 1
thp_zero_page_alloc_failed 0
thp_promote 0
thp_fault_alloc 11765
thp_fault_fallback 0
thp_collapse_alloc 12
thp_collapse_alloc_failed 0
thp_split 2
thp_zero_page_alloc 1
thp_zero_page_alloc_failed 0
thp_promote 0
thp_fault_alloc 11770
thp_fault_fallback 0
thp_collapse_alloc 12
thp_collapse_alloc_failed 0
thp_split 2
thp_zero_page_alloc 1
thp_zero_page_alloc_failed 0
thp_promote 0
thp_fault_alloc 11776
thp_fault_fallback 0
thp_collapse_alloc 12
thp_collapse_alloc_failed 0
thp_split 2
thp_zero_page_alloc 1
thp_zero_page_alloc_failed 0
thp_promote 0
thp_fault_alloc 11782
thp_fault_fallback 0
thp_collapse_alloc 12
thp_collapse_alloc_failed 0
thp_split 2
thp_zero_page_alloc 1
thp_zero_page_alloc_failed 0
thp_promote 0
thp_fault_alloc 11788
thp_fault_fallback 0
thp_collapse_alloc 12
thp_collapse_alloc_failed 0
thp_split 2
thp_zero_page_alloc 1
thp_zero_page_alloc_failed 0
thp_promote 0
thp_fault_alloc 11793
thp_fault_fallback 0
thp_collapse_alloc 12
thp_collapse_alloc_failed 0
thp_split 2
thp_zero_page_alloc 1
thp_zero_page_alloc_failed 0
thp_promote 0
thp_fault_alloc 11799
thp_fault_fallback 0
thp_collapse_alloc 12
thp_collapse_alloc_failed 0
thp_split 2
thp_zero_page_alloc 1
thp_zero_page_alloc_failed 0
thp_promote 0
thp_fault_alloc 11805
thp_fault_fallback 0
thp_collapse_alloc 12
thp_collapse_alloc_failed 0
thp_split 2
thp_zero_page_alloc 1
thp_zero_page_alloc_failed 0
thp_promote 0
thp_fault_alloc 11810
thp_fault_fallback 0
thp_collapse_alloc 12
thp_collapse_alloc_failed 0
thp_split 2
thp_zero_page_alloc 1
thp_zero_page_alloc_failed 0
thp_promote 0
thp_fault_alloc 11816
thp_fault_fallback 0
thp_collapse_alloc 12
thp_collapse_alloc_failed 0
thp_split 2
thp_zero_page_alloc 1
thp_zero_page_alloc_failed 0
thp_promote 0
thp_fault_alloc 11822
thp_fault_fallback 0
thp_collapse_alloc 12
thp_collapse_alloc_failed 0
thp_split 2
thp_zero_page_alloc 1
thp_zero_page_alloc_failed 0
thp_promote 0
thp_fault_alloc 11827
thp_fault_fallback 0
thp_collapse_alloc 12
thp_collapse_alloc_failed 0
thp_split 2
thp_zero_page_alloc 1
thp_zero_page_alloc_failed 0
thp_promote 0
thp_fault_alloc 11832
thp_fault_fallback 0
thp_collapse_alloc 12
thp_collapse_alloc_failed 0
thp_split 2
thp_zero_page_alloc 1
thp_zero_page_alloc_failed 0
thp_promote 0
thp_fault_alloc 11838
thp_fault_fallback 0
thp_collapse_alloc 12
thp_collapse_alloc_failed 0
thp_split 2
thp_zero_page_alloc 1
thp_zero_page_alloc_failed 0
thp_promote 0
thp_fault_alloc 11844
thp_fault_fallback 0
thp_collapse_alloc 12
thp_collapse_alloc_failed 0
thp_split 2
thp_zero_page_alloc 1
thp_zero_page_alloc_failed 0
thp_promote 0
thp_fault_alloc 11858
thp_fault_fallback 0
thp_collapse_alloc 13
thp_collapse_alloc_failed 0
thp_split 2
thp_zero_page_alloc 1
thp_zero_page_alloc_failed 0
thp_promote 0
thp_fault_alloc 11868
thp_fault_fallback 0
thp_collapse_alloc 13
thp_collapse_alloc_failed 0
thp_split 2
thp_zero_page_alloc 1
thp_zero_page_alloc_failed 0
thp_promote 0
thp_fault_alloc 11878
thp_fault_fallback 0
thp_collapse_alloc 13
thp_collapse_alloc_failed 0
thp_split 2
thp_zero_page_alloc 1
thp_zero_page_alloc_failed 0
thp_promote 0
thp_fault_alloc 11887
thp_fault_fallback 0
thp_collapse_alloc 13
thp_collapse_alloc_failed 0
thp_split 2
thp_zero_page_alloc 1
thp_zero_page_alloc_failed 0
thp_promote 0
thp_fault_alloc 11916
thp_fault_fallback 0
thp_collapse_alloc 13
thp_collapse_alloc_failed 0
thp_split 2
thp_zero_page_alloc 1
thp_zero_page_alloc_failed 0
thp_promote 0
thp_fault_alloc 11924
thp_fault_fallback 0
thp_collapse_alloc 13
thp_collapse_alloc_failed 0
thp_split 2
thp_zero_page_alloc 1
thp_zero_page_alloc_failed 0
thp_promote 0
thp_fault_alloc 11934
thp_fault_fallback 0
thp_collapse_alloc 13
thp_collapse_alloc_failed 0
thp_split 2
thp_zero_page_alloc 1
thp_zero_page_alloc_failed 0
thp_promote 0
thp_fault_alloc 11944
thp_fault_fallback 0
thp_collapse_alloc 13
thp_collapse_alloc_failed 0
thp_split 2
thp_zero_page_alloc 1
thp_zero_page_alloc_failed 0
thp_promote 0
thp_fault_alloc 11953
thp_fault_fallback 0
thp_collapse_alloc 13
thp_collapse_alloc_failed 0
thp_split 2
thp_zero_page_alloc 1
thp_zero_page_alloc_failed 0
thp_promote 0
thp_fault_alloc 11962
thp_fault_fallback 0
thp_collapse_alloc 13
thp_collapse_alloc_failed 0
thp_split 2
thp_zero_page_alloc 1
thp_zero_page_alloc_failed 0
thp_promote 0
thp_fault_alloc 11971
thp_fault_fallback 0
thp_collapse_alloc 13
thp_collapse_alloc_failed 0
thp_split 2
thp_zero_page_alloc 1
thp_zero_page_alloc_failed 0
thp_promote 0
thp_fault_alloc 11981
thp_fault_fallback 0
thp_collapse_alloc 13
thp_collapse_alloc_failed 0
thp_split 2
thp_zero_page_alloc 1
thp_zero_page_alloc_failed 0
thp_promote 0
thp_fault_alloc 11990
thp_fault_fallback 0
thp_collapse_alloc 13
thp_collapse_alloc_failed 0
thp_split 2
thp_zero_page_alloc 1
thp_zero_page_alloc_failed 0
thp_promote 0
thp_fault_alloc 11999
thp_fault_fallback 0
thp_collapse_alloc 13
thp_collapse_alloc_failed 0
thp_split 2
thp_zero_page_alloc 1
thp_zero_page_alloc_failed 0
thp_promote 0
thp_fault_alloc 12008
thp_fault_fallback 0
thp_collapse_alloc 13
thp_collapse_alloc_failed 0
thp_split 2
thp_zero_page_alloc 1
thp_zero_page_alloc_failed 0
thp_promote 0
thp_fault_alloc 12018
thp_fault_fallback 0
thp_collapse_alloc 13
thp_collapse_alloc_failed 0
thp_split 2
thp_zero_page_alloc 1
thp_zero_page_alloc_failed 0
thp_promote 0
thp_fault_alloc 12026
thp_fault_fallback 0
thp_collapse_alloc 13
thp_collapse_alloc_failed 0
thp_split 2
thp_zero_page_alloc 1
thp_zero_page_alloc_failed 0
thp_promote 0
thp_fault_alloc 12036
thp_fault_fallback 0
thp_collapse_alloc 13
thp_collapse_alloc_failed 0
thp_split 2
thp_zero_page_alloc 1
thp_zero_page_alloc_failed 0
thp_promote 0
thp_fault_alloc 12045
thp_fault_fallback 0
thp_collapse_alloc 13
thp_collapse_alloc_failed 0
thp_split 2
thp_zero_page_alloc 1
thp_zero_page_alloc_failed 0
thp_promote 0
thp_fault_alloc 12055
thp_fault_fallback 0
thp_collapse_alloc 13
thp_collapse_alloc_failed 0
thp_split 2
thp_zero_page_alloc 1
thp_zero_page_alloc_failed 0
thp_promote 0
thp_fault_alloc 12063
thp_fault_fallback 0
thp_collapse_alloc 13
thp_collapse_alloc_failed 0
thp_split 2
thp_zero_page_alloc 1
thp_zero_page_alloc_failed 0
thp_promote 0
thp_fault_alloc 12073
thp_fault_fallback 0
thp_collapse_alloc 13
thp_collapse_alloc_failed 0
thp_split 2
thp_zero_page_alloc 1
thp_zero_page_alloc_failed 0
thp_promote 0
thp_fault_alloc 12081
thp_fault_fallback 0
thp_collapse_alloc 13
thp_collapse_alloc_failed 0
thp_split 2
thp_zero_page_alloc 1
thp_zero_page_alloc_failed 0
thp_promote 0
thp_fault_alloc 12090
thp_fault_fallback 0
thp_collapse_alloc 13
thp_collapse_alloc_failed 0
thp_split 2
thp_zero_page_alloc 1
thp_zero_page_alloc_failed 0
thp_promote 0
thp_fault_alloc 12099
thp_fault_fallback 0
thp_collapse_alloc 13
thp_collapse_alloc_failed 0
thp_split 2
thp_zero_page_alloc 1
thp_zero_page_alloc_failed 0
thp_promote 0
thp_fault_alloc 12108
thp_fault_fallback 0
thp_collapse_alloc 13
thp_collapse_alloc_failed 0
thp_split 2
thp_zero_page_alloc 1
thp_zero_page_alloc_failed 0
thp_promote 0
thp_fault_alloc 12117
thp_fault_fallback 0
thp_collapse_alloc 13
thp_collapse_alloc_failed 0
thp_split 2
thp_zero_page_alloc 1
thp_zero_page_alloc_failed 0
thp_promote 0
thp_fault_alloc 12143
thp_fault_fallback 0
thp_collapse_alloc 13
thp_collapse_alloc_failed 0
thp_split 2
thp_zero_page_alloc 1
thp_zero_page_alloc_failed 0
thp_promote 0
thp_fault_alloc 12152
thp_fault_fallback 0
thp_collapse_alloc 13
thp_collapse_alloc_failed 0
thp_split 2
thp_zero_page_alloc 1
thp_zero_page_alloc_failed 0
thp_promote 0
thp_fault_alloc 12161
thp_fault_fallback 0
thp_collapse_alloc 13
thp_collapse_alloc_failed 0
thp_split 2
thp_zero_page_alloc 1
thp_zero_page_alloc_failed 0
thp_promote 0
thp_fault_alloc 12170
thp_fault_fallback 0
thp_collapse_alloc 13
thp_collapse_alloc_failed 0
thp_split 2
thp_zero_page_alloc 1
thp_zero_page_alloc_failed 0
thp_promote 0
thp_fault_alloc 12179
thp_fault_fallback 0
thp_collapse_alloc 13
thp_collapse_alloc_failed 0
thp_split 2
thp_zero_page_alloc 1
thp_zero_page_alloc_failed 0
thp_promote 0
thp_fault_alloc 12188
thp_fault_fallback 0
thp_collapse_alloc 13
thp_collapse_alloc_failed 0
thp_split 2
thp_zero_page_alloc 1
thp_zero_page_alloc_failed 0
thp_promote 0
thp_fault_alloc 12196
thp_fault_fallback 0
thp_collapse_alloc 13
thp_collapse_alloc_failed 0
thp_split 2
thp_zero_page_alloc 1
thp_zero_page_alloc_failed 0
thp_promote 0
thp_fault_alloc 12205
thp_fault_fallback 0
thp_collapse_alloc 13
thp_collapse_alloc_failed 0
thp_split 2
thp_zero_page_alloc 1
thp_zero_page_alloc_failed 0
thp_promote 0
thp_fault_alloc 12215
thp_fault_fallback 0
thp_collapse_alloc 14
thp_collapse_alloc_failed 0
thp_split 2
thp_zero_page_alloc 1
thp_zero_page_alloc_failed 0
thp_promote 0
thp_fault_alloc 12228
thp_fault_fallback 0
thp_collapse_alloc 14
thp_collapse_alloc_failed 0
thp_split 2
thp_zero_page_alloc 1
thp_zero_page_alloc_failed 0
thp_promote 0
thp_fault_alloc 12239
thp_fault_fallback 0
thp_collapse_alloc 14
thp_collapse_alloc_failed 0
thp_split 2
thp_zero_page_alloc 1
thp_zero_page_alloc_failed 0
thp_promote 0
thp_fault_alloc 12252
thp_fault_fallback 0
thp_collapse_alloc 14
thp_collapse_alloc_failed 0
thp_split 3
thp_zero_page_alloc 1
thp_zero_page_alloc_failed 0
thp_promote 0
thp_fault_alloc 12264
thp_fault_fallback 0
thp_collapse_alloc 14
thp_collapse_alloc_failed 0
thp_split 3
thp_zero_page_alloc 1
thp_zero_page_alloc_failed 0
thp_promote 0
thp_fault_alloc 12276
thp_fault_fallback 0
thp_collapse_alloc 14
thp_collapse_alloc_failed 0
thp_split 3
thp_zero_page_alloc 1
thp_zero_page_alloc_failed 0
thp_promote 0
thp_fault_alloc 12289
thp_fault_fallback 0
thp_collapse_alloc 14
thp_collapse_alloc_failed 0
thp_split 3
thp_zero_page_alloc 1
thp_zero_page_alloc_failed 0
thp_promote 0
thp_fault_alloc 12301
thp_fault_fallback 0
thp_collapse_alloc 14
thp_collapse_alloc_failed 0
thp_split 3
thp_zero_page_alloc 1
thp_zero_page_alloc_failed 0
thp_promote 0
thp_fault_alloc 12312
thp_fault_fallback 0
thp_collapse_alloc 14
thp_collapse_alloc_failed 0
thp_split 3
thp_zero_page_alloc 1
thp_zero_page_alloc_failed 0
thp_promote 0
thp_fault_alloc 12325
thp_fault_fallback 0
thp_collapse_alloc 14
thp_collapse_alloc_failed 0
thp_split 3
thp_zero_page_alloc 1
thp_zero_page_alloc_failed 0
thp_promote 0
thp_fault_alloc 12338
thp_fault_fallback 0
thp_collapse_alloc 15
thp_collapse_alloc_failed 0
thp_split 3
thp_zero_page_alloc 1
thp_zero_page_alloc_failed 0
thp_promote 0
thp_fault_alloc 12350
thp_fault_fallback 0
thp_collapse_alloc 15
thp_collapse_alloc_failed 0
thp_split 3
thp_zero_page_alloc 1
thp_zero_page_alloc_failed 0
thp_promote 0
thp_fault_alloc 12362
thp_fault_fallback 0
thp_collapse_alloc 15
thp_collapse_alloc_failed 0
thp_split 3
thp_zero_page_alloc 1
thp_zero_page_alloc_failed 0
thp_promote 0
thp_fault_alloc 12374
thp_fault_fallback 0
thp_collapse_alloc 15
thp_collapse_alloc_failed 0
thp_split 3
thp_zero_page_alloc 1
thp_zero_page_alloc_failed 0
thp_promote 0
thp_fault_alloc 12386
thp_fault_fallback 0
thp_collapse_alloc 15
thp_collapse_alloc_failed 0
thp_split 3
thp_zero_page_alloc 1
thp_zero_page_alloc_failed 0
thp_promote 0
thp_fault_alloc 12399
thp_fault_fallback 0
thp_collapse_alloc 15
thp_collapse_alloc_failed 0
thp_split 3
thp_zero_page_alloc 1
thp_zero_page_alloc_failed 0
thp_promote 0
thp_fault_alloc 12412
thp_fault_fallback 0
thp_collapse_alloc 15
thp_collapse_alloc_failed 0
thp_split 3
thp_zero_page_alloc 1
thp_zero_page_alloc_failed 0
thp_promote 0
thp_fault_alloc 12423
thp_fault_fallback 0
thp_collapse_alloc 15
thp_collapse_alloc_failed 0
thp_split 3
thp_zero_page_alloc 1
thp_zero_page_alloc_failed 0
thp_promote 0
thp_fault_alloc 12436
thp_fault_fallback 0
thp_collapse_alloc 15
thp_collapse_alloc_failed 0
thp_split 3
thp_zero_page_alloc 1
thp_zero_page_alloc_failed 0
thp_promote 0
thp_fault_alloc 12456
thp_fault_fallback 0
thp_collapse_alloc 15
thp_collapse_alloc_failed 0
thp_split 3
thp_zero_page_alloc 1
thp_zero_page_alloc_failed 0
thp_promote 0
thp_fault_alloc 12468
thp_fault_fallback 0
thp_collapse_alloc 15
thp_collapse_alloc_failed 0
thp_split 3
thp_zero_page_alloc 1
thp_zero_page_alloc_failed 0
thp_promote 0
thp_fault_alloc 12481
thp_fault_fallback 0
thp_collapse_alloc 15
thp_collapse_alloc_failed 0
thp_split 3
thp_zero_page_alloc 1
thp_zero_page_alloc_failed 0
thp_promote 0
thp_fault_alloc 12493
thp_fault_fallback 0
thp_collapse_alloc 15
thp_collapse_alloc_failed 0
thp_split 3
thp_zero_page_alloc 1
thp_zero_page_alloc_failed 0
thp_promote 0
thp_fault_alloc 12505
thp_fault_fallback 0
thp_collapse_alloc 15
thp_collapse_alloc_failed 0
thp_split 4
thp_zero_page_alloc 1
thp_zero_page_alloc_failed 0
thp_promote 0
thp_fault_alloc 12517
thp_fault_fallback 0
thp_collapse_alloc 15
thp_collapse_alloc_failed 0
thp_split 4
thp_zero_page_alloc 1
thp_zero_page_alloc_failed 0
thp_promote 0
thp_fault_alloc 12530
thp_fault_fallback 0
thp_collapse_alloc 15
thp_collapse_alloc_failed 0
thp_split 4
thp_zero_page_alloc 1
thp_zero_page_alloc_failed 0
thp_promote 0
thp_fault_alloc 12540
thp_fault_fallback 0
thp_collapse_alloc 15
thp_collapse_alloc_failed 0
thp_split 4
thp_zero_page_alloc 1
thp_zero_page_alloc_failed 0
thp_promote 0
thp_fault_alloc 12551
thp_fault_fallback 0
thp_collapse_alloc 15
thp_collapse_alloc_failed 0
thp_split 4
thp_zero_page_alloc 1
thp_zero_page_alloc_failed 0
thp_promote 0
thp_fault_alloc 12563
thp_fault_fallback 0
thp_collapse_alloc 15
thp_collapse_alloc_failed 0
thp_split 4
thp_zero_page_alloc 1
thp_zero_page_alloc_failed 0
thp_promote 0
thp_fault_alloc 12575
thp_fault_fallback 0
thp_collapse_alloc 15
thp_collapse_alloc_failed 0
thp_split 4
thp_zero_page_alloc 1
thp_zero_page_alloc_failed 0
thp_promote 0
thp_fault_alloc 12587
thp_fault_fallback 0
thp_collapse_alloc 16
thp_collapse_alloc_failed 0
thp_split 4
thp_zero_page_alloc 1
thp_zero_page_alloc_failed 0
thp_promote 0
thp_fault_alloc 12598
thp_fault_fallback 0
thp_collapse_alloc 16
thp_collapse_alloc_failed 0
thp_split 4
thp_zero_page_alloc 1
thp_zero_page_alloc_failed 0
thp_promote 0
thp_fault_alloc 12610
thp_fault_fallback 0
thp_collapse_alloc 16
thp_collapse_alloc_failed 0
thp_split 4
thp_zero_page_alloc 1
thp_zero_page_alloc_failed 0
thp_promote 0
thp_fault_alloc 12621
thp_fault_fallback 0
thp_collapse_alloc 16
thp_collapse_alloc_failed 0
thp_split 4
thp_zero_page_alloc 1
thp_zero_page_alloc_failed 0
thp_promote 0
thp_fault_alloc 12631
thp_fault_fallback 0
thp_collapse_alloc 16
thp_collapse_alloc_failed 0
thp_split 4
thp_zero_page_alloc 1
thp_zero_page_alloc_failed 0
thp_promote 0
thp_fault_alloc 12643
thp_fault_fallback 0
thp_collapse_alloc 16
thp_collapse_alloc_failed 0
thp_split 4
thp_zero_page_alloc 1
thp_zero_page_alloc_failed 0
thp_promote 0
thp_fault_alloc 12655
thp_fault_fallback 0
thp_collapse_alloc 16
thp_collapse_alloc_failed 0
thp_split 4
thp_zero_page_alloc 1
thp_zero_page_alloc_failed 0
thp_promote 0
thp_fault_alloc 12666
thp_fault_fallback 0
thp_collapse_alloc 16
thp_collapse_alloc_failed 0
thp_split 4
thp_zero_page_alloc 1
thp_zero_page_alloc_failed 0
thp_promote 0
thp_fault_alloc 12678
thp_fault_fallback 0
thp_collapse_alloc 16
thp_collapse_alloc_failed 0
thp_split 4
thp_zero_page_alloc 1
thp_zero_page_alloc_failed 0
thp_promote 0
thp_fault_alloc 12690
thp_fault_fallback 0
thp_collapse_alloc 16
thp_collapse_alloc_failed 0
thp_split 4
thp_zero_page_alloc 1
thp_zero_page_alloc_failed 0
thp_promote 0
thp_fault_alloc 12706
thp_fault_fallback 0
thp_collapse_alloc 17
thp_collapse_alloc_failed 0
thp_split 4
thp_zero_page_alloc 1
thp_zero_page_alloc_failed 0
thp_promote 0
thp_fault_alloc 12720
thp_fault_fallback 0
thp_collapse_alloc 17
thp_collapse_alloc_failed 0
thp_split 4
thp_zero_page_alloc 1
thp_zero_page_alloc_failed 0
thp_promote 0
thp_fault_alloc 12736
thp_fault_fallback 0
thp_collapse_alloc 17
thp_collapse_alloc_failed 0
thp_split 4
thp_zero_page_alloc 1
thp_zero_page_alloc_failed 0
thp_promote 0
thp_fault_alloc 12750
thp_fault_fallback 0
thp_collapse_alloc 17
thp_collapse_alloc_failed 0
thp_split 4
thp_zero_page_alloc 1
thp_zero_page_alloc_failed 0
thp_promote 0
thp_fault_alloc 12764
thp_fault_fallback 0
thp_collapse_alloc 17
thp_collapse_alloc_failed 0
thp_split 4
thp_zero_page_alloc 1
thp_zero_page_alloc_failed 0
thp_promote 0
thp_fault_alloc 12779
thp_fault_fallback 0
thp_collapse_alloc 17
thp_collapse_alloc_failed 0
thp_split 4
thp_zero_page_alloc 1
thp_zero_page_alloc_failed 0
thp_promote 0
thp_fault_alloc 12792
thp_fault_fallback 0
thp_collapse_alloc 17
thp_collapse_alloc_failed 0
thp_split 4
thp_zero_page_alloc 1
thp_zero_page_alloc_failed 0
thp_promote 0
thp_fault_alloc 12805
thp_fault_fallback 0
thp_collapse_alloc 17
thp_collapse_alloc_failed 0
thp_split 4
thp_zero_page_alloc 1
thp_zero_page_alloc_failed 0
thp_promote 0
thp_fault_alloc 12817
thp_fault_fallback 0
thp_collapse_alloc 17
thp_collapse_alloc_failed 0
thp_split 4
thp_zero_page_alloc 1
thp_zero_page_alloc_failed 0
thp_promote 0
thp_fault_alloc 12830
thp_fault_fallback 0
thp_collapse_alloc 17
thp_collapse_alloc_failed 0
thp_split 4
thp_zero_page_alloc 1
thp_zero_page_alloc_failed 0
thp_promote 0
thp_fault_alloc 12844
thp_fault_fallback 0
thp_collapse_alloc 17
thp_collapse_alloc_failed 0
thp_split 4
thp_zero_page_alloc 1
thp_zero_page_alloc_failed 0
thp_promote 0
thp_fault_alloc 12857
thp_fault_fallback 0
thp_collapse_alloc 17
thp_collapse_alloc_failed 0
thp_split 4
thp_zero_page_alloc 1
thp_zero_page_alloc_failed 0
thp_promote 0
thp_fault_alloc 12870
thp_fault_fallback 0
thp_collapse_alloc 17
thp_collapse_alloc_failed 0
thp_split 4
thp_zero_page_alloc 1
thp_zero_page_alloc_failed 0
thp_promote 0
thp_fault_alloc 14357
thp_fault_fallback 0
thp_collapse_alloc 17
thp_collapse_alloc_failed 0
thp_split 4
thp_zero_page_alloc 1
thp_zero_page_alloc_failed 0
thp_promote 0
thp_fault_alloc 16606
thp_fault_fallback 0
thp_collapse_alloc 17
thp_collapse_alloc_failed 0
thp_split 4
thp_zero_page_alloc 1
thp_zero_page_alloc_failed 0
thp_promote 0
thp_fault_alloc 18750
thp_fault_fallback 0
thp_collapse_alloc 17
thp_collapse_alloc_failed 0
thp_split 4
thp_zero_page_alloc 1
thp_zero_page_alloc_failed 0
thp_promote 0
thp_fault_alloc 18777
thp_fault_fallback 0
thp_collapse_alloc 17
thp_collapse_alloc_failed 0
thp_split 4
thp_zero_page_alloc 1
thp_zero_page_alloc_failed 0
thp_promote 0
thp_fault_alloc 18790
thp_fault_fallback 0
thp_collapse_alloc 17
thp_collapse_alloc_failed 0
thp_split 4
thp_zero_page_alloc 1
thp_zero_page_alloc_failed 0
thp_promote 0
thp_fault_alloc 18804
thp_fault_fallback 0
thp_collapse_alloc 17
thp_collapse_alloc_failed 0
thp_split 4
thp_zero_page_alloc 1
thp_zero_page_alloc_failed 0
thp_promote 0
thp_fault_alloc 18818
thp_fault_fallback 0
thp_collapse_alloc 17
thp_collapse_alloc_failed 0
thp_split 4
thp_zero_page_alloc 1
thp_zero_page_alloc_failed 0
thp_promote 0
thp_fault_alloc 18832
thp_fault_fallback 0
thp_collapse_alloc 17
thp_collapse_alloc_failed 0
thp_split 4
thp_zero_page_alloc 1
thp_zero_page_alloc_failed 0
thp_promote 0
thp_fault_alloc 18845
thp_fault_fallback 0
thp_collapse_alloc 17
thp_collapse_alloc_failed 0
thp_split 4
thp_zero_page_alloc 1
thp_zero_page_alloc_failed 0
thp_promote 0
thp_fault_alloc 18860
thp_fault_fallback 0
thp_collapse_alloc 17
thp_collapse_alloc_failed 0
thp_split 4
thp_zero_page_alloc 1
thp_zero_page_alloc_failed 0
thp_promote 0
thp_fault_alloc 18872
thp_fault_fallback 0
thp_collapse_alloc 17
thp_collapse_alloc_failed 0
thp_split 4
thp_zero_page_alloc 1
thp_zero_page_alloc_failed 0
thp_promote 0
thp_fault_alloc 18884
thp_fault_fallback 0
thp_collapse_alloc 17
thp_collapse_alloc_failed 0
thp_split 4
thp_zero_page_alloc 1
thp_zero_page_alloc_failed 0
thp_promote 0
thp_fault_alloc 18897
thp_fault_fallback 0
thp_collapse_alloc 17
thp_collapse_alloc_failed 0
thp_split 4
thp_zero_page_alloc 1
thp_zero_page_alloc_failed 0
thp_promote 0
thp_fault_alloc 18911
thp_fault_fallback 0
thp_collapse_alloc 17
thp_collapse_alloc_failed 0
thp_split 4
thp_zero_page_alloc 1
thp_zero_page_alloc_failed 0
thp_promote 0
thp_fault_alloc 18926
thp_fault_fallback 0
thp_collapse_alloc 17
thp_collapse_alloc_failed 0
thp_split 4
thp_zero_page_alloc 1
thp_zero_page_alloc_failed 0
thp_promote 0
thp_fault_alloc 18939
thp_fault_fallback 0
thp_collapse_alloc 17
thp_collapse_alloc_failed 0
thp_split 4
thp_zero_page_alloc 1
thp_zero_page_alloc_failed 0
thp_promote 0
thp_fault_alloc 18952
thp_fault_fallback 0
thp_collapse_alloc 17
thp_collapse_alloc_failed 0
thp_split 4
thp_zero_page_alloc 1
thp_zero_page_alloc_failed 0
thp_promote 0
thp_fault_alloc 18968
thp_fault_fallback 0
thp_collapse_alloc 17
thp_collapse_alloc_failed 0
thp_split 4
thp_zero_page_alloc 1
thp_zero_page_alloc_failed 0
thp_promote 0
thp_fault_alloc 18980
thp_fault_fallback 0
thp_collapse_alloc 17
thp_collapse_alloc_failed 0
thp_split 4
thp_zero_page_alloc 1
thp_zero_page_alloc_failed 0
thp_promote 0
thp_fault_alloc 18993
thp_fault_fallback 0
thp_collapse_alloc 17
thp_collapse_alloc_failed 0
thp_split 4
thp_zero_page_alloc 1
thp_zero_page_alloc_failed 0
thp_promote 0
thp_fault_alloc 19008
thp_fault_fallback 0
thp_collapse_alloc 17
thp_collapse_alloc_failed 0
thp_split 4
thp_zero_page_alloc 1
thp_zero_page_alloc_failed 0
thp_promote 0
thp_fault_alloc 19021
thp_fault_fallback 0
thp_collapse_alloc 17
thp_collapse_alloc_failed 0
thp_split 4
thp_zero_page_alloc 1
thp_zero_page_alloc_failed 0
thp_promote 0
thp_fault_alloc 19038
thp_fault_fallback 0
thp_collapse_alloc 17
thp_collapse_alloc_failed 0
thp_split 4
thp_zero_page_alloc 1
thp_zero_page_alloc_failed 0
thp_promote 0
thp_fault_alloc 19050
thp_fault_fallback 0
thp_collapse_alloc 17
thp_collapse_alloc_failed 0
thp_split 4
thp_zero_page_alloc 1
thp_zero_page_alloc_failed 0
thp_promote 0
thp_fault_alloc 19063
thp_fault_fallback 0
thp_collapse_alloc 17
thp_collapse_alloc_failed 0
thp_split 4
thp_zero_page_alloc 1
thp_zero_page_alloc_failed 0
thp_promote 0
thp_fault_alloc 19076
thp_fault_fallback 0
thp_collapse_alloc 17
thp_collapse_alloc_failed 0
thp_split 4
thp_zero_page_alloc 1
thp_zero_page_alloc_failed 0
thp_promote 0
thp_fault_alloc 19089
thp_fault_fallback 0
thp_collapse_alloc 17
thp_collapse_alloc_failed 0
thp_split 4
thp_zero_page_alloc 1
thp_zero_page_alloc_failed 0
thp_promote 0
thp_fault_alloc 19102
thp_fault_fallback 0
thp_collapse_alloc 17
thp_collapse_alloc_failed 0
thp_split 4
thp_zero_page_alloc 1
thp_zero_page_alloc_failed 0
thp_promote 0
thp_fault_alloc 19117
thp_fault_fallback 0
thp_collapse_alloc 17
thp_collapse_alloc_failed 0
thp_split 4
thp_zero_page_alloc 1
thp_zero_page_alloc_failed 0
thp_promote 0
thp_fault_alloc 19130
thp_fault_fallback 0
thp_collapse_alloc 17
thp_collapse_alloc_failed 0
thp_split 4
thp_zero_page_alloc 1
thp_zero_page_alloc_failed 0
thp_promote 0
thp_fault_alloc 19144
thp_fault_fallback 0
thp_collapse_alloc 17
thp_collapse_alloc_failed 0
thp_split 4
thp_zero_page_alloc 1
thp_zero_page_alloc_failed 0
thp_promote 0
thp_fault_alloc 19158
thp_fault_fallback 0
thp_collapse_alloc 17
thp_collapse_alloc_failed 0
thp_split 4
thp_zero_page_alloc 1
thp_zero_page_alloc_failed 0
thp_promote 0
thp_fault_alloc 19170
thp_fault_fallback 0
thp_collapse_alloc 17
thp_collapse_alloc_failed 0
thp_split 4
thp_zero_page_alloc 1
thp_zero_page_alloc_failed 0
thp_promote 0
thp_fault_alloc 19184
thp_fault_fallback 0
thp_collapse_alloc 17
thp_collapse_alloc_failed 0
thp_split 4
thp_zero_page_alloc 1
thp_zero_page_alloc_failed 0
thp_promote 0
thp_fault_alloc 19199
thp_fault_fallback 0
thp_collapse_alloc 17
thp_collapse_alloc_failed 0
thp_split 4
thp_zero_page_alloc 1
thp_zero_page_alloc_failed 0
thp_promote 0
thp_fault_alloc 19214
thp_fault_fallback 0
thp_collapse_alloc 17
thp_collapse_alloc_failed 0
thp_split 4
thp_zero_page_alloc 1
thp_zero_page_alloc_failed 0
thp_promote 0
thp_fault_alloc 19229
thp_fault_fallback 0
thp_collapse_alloc 17
thp_collapse_alloc_failed 0
thp_split 4
thp_zero_page_alloc 1
thp_zero_page_alloc_failed 0
thp_promote 0
thp_fault_alloc 19243
thp_fault_fallback 0
thp_collapse_alloc 17
thp_collapse_alloc_failed 0
thp_split 4
thp_zero_page_alloc 1
thp_zero_page_alloc_failed 0
thp_promote 0
thp_fault_alloc 19256
thp_fault_fallback 0
thp_collapse_alloc 17
thp_collapse_alloc_failed 0
thp_split 4
thp_zero_page_alloc 1
thp_zero_page_alloc_failed 0
thp_promote 0
thp_fault_alloc 19296
thp_fault_fallback 0
thp_collapse_alloc 17
thp_collapse_alloc_failed 0
thp_split 4
thp_zero_page_alloc 1
thp_zero_page_alloc_failed 0
thp_promote 0
thp_fault_alloc 19310
thp_fault_fallback 0
thp_collapse_alloc 17
thp_collapse_alloc_failed 0
thp_split 4
thp_zero_page_alloc 1
thp_zero_page_alloc_failed 0
thp_promote 0
thp_fault_alloc 19323
thp_fault_fallback 0
thp_collapse_alloc 17
thp_collapse_alloc_failed 0
thp_split 4
thp_zero_page_alloc 1
thp_zero_page_alloc_failed 0
thp_promote 0
thp_fault_alloc 19336
thp_fault_fallback 0
thp_collapse_alloc 17
thp_collapse_alloc_failed 0
thp_split 4
thp_zero_page_alloc 1
thp_zero_page_alloc_failed 0
thp_promote 0
thp_fault_alloc 19359
thp_fault_fallback 0
thp_collapse_alloc 17
thp_collapse_alloc_failed 0
thp_split 4
thp_zero_page_alloc 1
thp_zero_page_alloc_failed 0
thp_promote 0
thp_fault_alloc 19373
thp_fault_fallback 0
thp_collapse_alloc 17
thp_collapse_alloc_failed 0
thp_split 4
thp_zero_page_alloc 1
thp_zero_page_alloc_failed 0
thp_promote 0
thp_fault_alloc 19386
thp_fault_fallback 0
thp_collapse_alloc 17
thp_collapse_alloc_failed 0
thp_split 4
thp_zero_page_alloc 1
thp_zero_page_alloc_failed 0
thp_promote 0
thp_fault_alloc 19401
thp_fault_fallback 0
thp_collapse_alloc 17
thp_collapse_alloc_failed 0
thp_split 4
thp_zero_page_alloc 1
thp_zero_page_alloc_failed 0
thp_promote 0
thp_fault_alloc 19415
thp_fault_fallback 0
thp_collapse_alloc 17
thp_collapse_alloc_failed 0
thp_split 4
thp_zero_page_alloc 1
thp_zero_page_alloc_failed 0
thp_promote 0
thp_fault_alloc 19430
thp_fault_fallback 0
thp_collapse_alloc 17
thp_collapse_alloc_failed 0
thp_split 4
thp_zero_page_alloc 1
thp_zero_page_alloc_failed 0
thp_promote 0
thp_fault_alloc 19444
thp_fault_fallback 0
thp_collapse_alloc 17
thp_collapse_alloc_failed 0
thp_split 4
thp_zero_page_alloc 1
thp_zero_page_alloc_failed 0
thp_promote 0
thp_fault_alloc 19458
thp_fault_fallback 0
thp_collapse_alloc 17
thp_collapse_alloc_failed 0
thp_split 4
thp_zero_page_alloc 1
thp_zero_page_alloc_failed 0
thp_promote 0
thp_fault_alloc 19471
thp_fault_fallback 0
thp_collapse_alloc 17
thp_collapse_alloc_failed 0
thp_split 4
thp_zero_page_alloc 1
thp_zero_page_alloc_failed 0
thp_promote 0
thp_fault_alloc 19486
thp_fault_fallback 0
thp_collapse_alloc 17
thp_collapse_alloc_failed 0
thp_split 4
thp_zero_page_alloc 1
thp_zero_page_alloc_failed 0
thp_promote 0
thp_fault_alloc 19499
thp_fault_fallback 0
thp_collapse_alloc 17
thp_collapse_alloc_failed 0
thp_split 4
thp_zero_page_alloc 1
thp_zero_page_alloc_failed 0
thp_promote 0
thp_fault_alloc 19514
thp_fault_fallback 0
thp_collapse_alloc 17
thp_collapse_alloc_failed 0
thp_split 4
thp_zero_page_alloc 1
thp_zero_page_alloc_failed 0
thp_promote 0
thp_fault_alloc 19526
thp_fault_fallback 0
thp_collapse_alloc 17
thp_collapse_alloc_failed 0
thp_split 4
thp_zero_page_alloc 1
thp_zero_page_alloc_failed 0
thp_promote 0
thp_fault_alloc 19539
thp_fault_fallback 0
thp_collapse_alloc 17
thp_collapse_alloc_failed 0
thp_split 4
thp_zero_page_alloc 1
thp_zero_page_alloc_failed 0
thp_promote 0
thp_fault_alloc 19552
thp_fault_fallback 0
thp_collapse_alloc 17
thp_collapse_alloc_failed 0
thp_split 4
thp_zero_page_alloc 1
thp_zero_page_alloc_failed 0
thp_promote 0
thp_fault_alloc 19564
thp_fault_fallback 0
thp_collapse_alloc 17
thp_collapse_alloc_failed 0
thp_split 4
thp_zero_page_alloc 1
thp_zero_page_alloc_failed 0
thp_promote 0
thp_fault_alloc 19579
thp_fault_fallback 0
thp_collapse_alloc 17
thp_collapse_alloc_failed 0
thp_split 4
thp_zero_page_alloc 1
thp_zero_page_alloc_failed 0
thp_promote 0
thp_fault_alloc 19593
thp_fault_fallback 0
thp_collapse_alloc 17
thp_collapse_alloc_failed 0
thp_split 4
thp_zero_page_alloc 1
thp_zero_page_alloc_failed 0
thp_promote 0
thp_fault_alloc 19607
thp_fault_fallback 0
thp_collapse_alloc 17
thp_collapse_alloc_failed 0
thp_split 4
thp_zero_page_alloc 1
thp_zero_page_alloc_failed 0
thp_promote 0
thp_fault_alloc 19621
thp_fault_fallback 0
thp_collapse_alloc 17
thp_collapse_alloc_failed 0
thp_split 4
thp_zero_page_alloc 1
thp_zero_page_alloc_failed 0
thp_promote 0
thp_fault_alloc 19636
thp_fault_fallback 0
thp_collapse_alloc 17
thp_collapse_alloc_failed 0
thp_split 4
thp_zero_page_alloc 1
thp_zero_page_alloc_failed 0
thp_promote 0
thp_fault_alloc 19649
thp_fault_fallback 0
thp_collapse_alloc 17
thp_collapse_alloc_failed 0
thp_split 4
thp_zero_page_alloc 1
thp_zero_page_alloc_failed 0
thp_promote 0
thp_fault_alloc 19662
thp_fault_fallback 0
thp_collapse_alloc 17
thp_collapse_alloc_failed 0
thp_split 4
thp_zero_page_alloc 1
thp_zero_page_alloc_failed 0
thp_promote 0
thp_fault_alloc 19676
thp_fault_fallback 0
thp_collapse_alloc 17
thp_collapse_alloc_failed 0
thp_split 4
thp_zero_page_alloc 1
thp_zero_page_alloc_failed 0
thp_promote 0
thp_fault_alloc 19691
thp_fault_fallback 0
thp_collapse_alloc 17
thp_collapse_alloc_failed 0
thp_split 4
thp_zero_page_alloc 1
thp_zero_page_alloc_failed 0
thp_promote 0
thp_fault_alloc 19705
thp_fault_fallback 0
thp_collapse_alloc 17
thp_collapse_alloc_failed 0
thp_split 4
thp_zero_page_alloc 1
thp_zero_page_alloc_failed 0
thp_promote 0
thp_fault_alloc 19718
thp_fault_fallback 0
thp_collapse_alloc 17
thp_collapse_alloc_failed 0
thp_split 4
thp_zero_page_alloc 1
thp_zero_page_alloc_failed 0
thp_promote 0
thp_fault_alloc 19732
thp_fault_fallback 0
thp_collapse_alloc 17
thp_collapse_alloc_failed 0
thp_split 4
thp_zero_page_alloc 1
thp_zero_page_alloc_failed 0
thp_promote 0
thp_fault_alloc 19746
thp_fault_fallback 0
thp_collapse_alloc 17
thp_collapse_alloc_failed 0
thp_split 4
thp_zero_page_alloc 1
thp_zero_page_alloc_failed 0
thp_promote 0
thp_fault_alloc 19785
thp_fault_fallback 0
thp_collapse_alloc 17
thp_collapse_alloc_failed 0
thp_split 4
thp_zero_page_alloc 1
thp_zero_page_alloc_failed 0
thp_promote 0
thp_fault_alloc 19799
thp_fault_fallback 0
thp_collapse_alloc 17
thp_collapse_alloc_failed 0
thp_split 4
thp_zero_page_alloc 1
thp_zero_page_alloc_failed 0
thp_promote 0
thp_fault_alloc 19812
thp_fault_fallback 0
thp_collapse_alloc 17
thp_collapse_alloc_failed 0
thp_split 4
thp_zero_page_alloc 1
thp_zero_page_alloc_failed 0
thp_promote 0
thp_fault_alloc 19825
thp_fault_fallback 0
thp_collapse_alloc 17
thp_collapse_alloc_failed 0
thp_split 4
thp_zero_page_alloc 1
thp_zero_page_alloc_failed 0
thp_promote 0
thp_fault_alloc 19838
thp_fault_fallback 0
thp_collapse_alloc 17
thp_collapse_alloc_failed 0
thp_split 4
thp_zero_page_alloc 1
thp_zero_page_alloc_failed 0
thp_promote 0
thp_fault_alloc 19852
thp_fault_fallback 0
thp_collapse_alloc 17
thp_collapse_alloc_failed 0
thp_split 4
thp_zero_page_alloc 1
thp_zero_page_alloc_failed 0
thp_promote 0
thp_fault_alloc 19865
thp_fault_fallback 0
thp_collapse_alloc 17
thp_collapse_alloc_failed 0
thp_split 4
thp_zero_page_alloc 1
thp_zero_page_alloc_failed 0
thp_promote 0
thp_fault_alloc 19879
thp_fault_fallback 0
thp_collapse_alloc 17
thp_collapse_alloc_failed 0
thp_split 4
thp_zero_page_alloc 1
thp_zero_page_alloc_failed 0
thp_promote 0
thp_fault_alloc 19893
thp_fault_fallback 0
thp_collapse_alloc 17
thp_collapse_alloc_failed 0
thp_split 4
thp_zero_page_alloc 1
thp_zero_page_alloc_failed 0
thp_promote 0
thp_fault_alloc 19906
thp_fault_fallback 0
thp_collapse_alloc 17
thp_collapse_alloc_failed 0
thp_split 4
thp_zero_page_alloc 1
thp_zero_page_alloc_failed 0
thp_promote 0
thp_fault_alloc 19919
thp_fault_fallback 0
thp_collapse_alloc 17
thp_collapse_alloc_failed 0
thp_split 4
thp_zero_page_alloc 1
thp_zero_page_alloc_failed 0
thp_promote 0
thp_fault_alloc 19931
thp_fault_fallback 0
thp_collapse_alloc 17
thp_collapse_alloc_failed 0
thp_split 4
thp_zero_page_alloc 1
thp_zero_page_alloc_failed 0
thp_promote 0
thp_fault_alloc 19944
thp_fault_fallback 0
thp_collapse_alloc 17
thp_collapse_alloc_failed 0
thp_split 4
thp_zero_page_alloc 1
thp_zero_page_alloc_failed 0
thp_promote 0
thp_fault_alloc 19958
thp_fault_fallback 0
thp_collapse_alloc 17
thp_collapse_alloc_failed 0
thp_split 4
thp_zero_page_alloc 1
thp_zero_page_alloc_failed 0
thp_promote 0
thp_fault_alloc 19971
thp_fault_fallback 0
thp_collapse_alloc 17
thp_collapse_alloc_failed 0
thp_split 4
thp_zero_page_alloc 1
thp_zero_page_alloc_failed 0
thp_promote 0
thp_fault_alloc 19984
thp_fault_fallback 0
thp_collapse_alloc 17
thp_collapse_alloc_failed 0
thp_split 4
thp_zero_page_alloc 1
thp_zero_page_alloc_failed 0
thp_promote 0
thp_fault_alloc 19998
thp_fault_fallback 0
thp_collapse_alloc 17
thp_collapse_alloc_failed 0
thp_split 4
thp_zero_page_alloc 1
thp_zero_page_alloc_failed 0
thp_promote 0
thp_fault_alloc 20011
thp_fault_fallback 0
thp_collapse_alloc 17
thp_collapse_alloc_failed 0
thp_split 4
thp_zero_page_alloc 1
thp_zero_page_alloc_failed 0
thp_promote 0
thp_fault_alloc 20024
thp_fault_fallback 0
thp_collapse_alloc 17
thp_collapse_alloc_failed 0
thp_split 4
thp_zero_page_alloc 1
thp_zero_page_alloc_failed 0
thp_promote 0
thp_fault_alloc 20038
thp_fault_fallback 0
thp_collapse_alloc 17
thp_collapse_alloc_failed 0
thp_split 4
thp_zero_page_alloc 1
thp_zero_page_alloc_failed 0
thp_promote 0
thp_fault_alloc 20052
thp_fault_fallback 0
thp_collapse_alloc 17
thp_collapse_alloc_failed 0
thp_split 4
thp_zero_page_alloc 1
thp_zero_page_alloc_failed 0
thp_promote 0
thp_fault_alloc 20065
thp_fault_fallback 0
thp_collapse_alloc 17
thp_collapse_alloc_failed 0
thp_split 4
thp_zero_page_alloc 1
thp_zero_page_alloc_failed 0
thp_promote 0
thp_fault_alloc 20077
thp_fault_fallback 0
thp_collapse_alloc 17
thp_collapse_alloc_failed 0
thp_split 4
thp_zero_page_alloc 1
thp_zero_page_alloc_failed 0
thp_promote 0
thp_fault_alloc 20090
thp_fault_fallback 0
thp_collapse_alloc 17
thp_collapse_alloc_failed 0
thp_split 4
thp_zero_page_alloc 1
thp_zero_page_alloc_failed 0
thp_promote 0
thp_fault_alloc 20106
thp_fault_fallback 0
thp_collapse_alloc 17
thp_collapse_alloc_failed 0
thp_split 4
thp_zero_page_alloc 1
thp_zero_page_alloc_failed 0
thp_promote 0
thp_fault_alloc 20118
thp_fault_fallback 0
thp_collapse_alloc 17
thp_collapse_alloc_failed 0
thp_split 4
thp_zero_page_alloc 1
thp_zero_page_alloc_failed 0
thp_promote 0
thp_fault_alloc 20132
thp_fault_fallback 0
thp_collapse_alloc 17
thp_collapse_alloc_failed 0
thp_split 4
thp_zero_page_alloc 1
thp_zero_page_alloc_failed 0
thp_promote 0
thp_fault_alloc 20145
thp_fault_fallback 0
thp_collapse_alloc 17
thp_collapse_alloc_failed 0
thp_split 4
thp_zero_page_alloc 1
thp_zero_page_alloc_failed 0
thp_promote 0
thp_fault_alloc 20156
thp_fault_fallback 0
thp_collapse_alloc 17
thp_collapse_alloc_failed 0
thp_split 4
thp_zero_page_alloc 1
thp_zero_page_alloc_failed 0
thp_promote 0
thp_fault_alloc 20168
thp_fault_fallback 0
thp_collapse_alloc 17
thp_collapse_alloc_failed 0
thp_split 4
thp_zero_page_alloc 1
thp_zero_page_alloc_failed 0
thp_promote 0
thp_fault_alloc 20180
thp_fault_fallback 0
thp_collapse_alloc 17
thp_collapse_alloc_failed 0
thp_split 4
thp_zero_page_alloc 1
thp_zero_page_alloc_failed 0
thp_promote 0
thp_fault_alloc 20194
thp_fault_fallback 0
thp_collapse_alloc 17
thp_collapse_alloc_failed 0
thp_split 4
thp_zero_page_alloc 1
thp_zero_page_alloc_failed 0
thp_promote 0
thp_fault_alloc 20208
thp_fault_fallback 0
thp_collapse_alloc 17
thp_collapse_alloc_failed 0
thp_split 4
thp_zero_page_alloc 1
thp_zero_page_alloc_failed 0
thp_promote 0
thp_fault_alloc 20220
thp_fault_fallback 0
thp_collapse_alloc 17
thp_collapse_alloc_failed 0
thp_split 4
thp_zero_page_alloc 1
thp_zero_page_alloc_failed 0
thp_promote 0
thp_fault_alloc 20236
thp_fault_fallback 0
thp_collapse_alloc 17
thp_collapse_alloc_failed 0
thp_split 4
thp_zero_page_alloc 1
thp_zero_page_alloc_failed 0
thp_promote 0
thp_fault_alloc 20249
thp_fault_fallback 0
thp_collapse_alloc 17
thp_collapse_alloc_failed 0
thp_split 4
thp_zero_page_alloc 1
thp_zero_page_alloc_failed 0
thp_promote 0
thp_fault_alloc 20261
thp_fault_fallback 0
thp_collapse_alloc 17
thp_collapse_alloc_failed 0
thp_split 4
thp_zero_page_alloc 1
thp_zero_page_alloc_failed 0
thp_promote 0
thp_fault_alloc 20275
thp_fault_fallback 0
thp_collapse_alloc 17
thp_collapse_alloc_failed 0
thp_split 4
thp_zero_page_alloc 1
thp_zero_page_alloc_failed 0
thp_promote 0
thp_fault_alloc 20288
thp_fault_fallback 0
thp_collapse_alloc 17
thp_collapse_alloc_failed 0
thp_split 4
thp_zero_page_alloc 1
thp_zero_page_alloc_failed 0
thp_promote 0
thp_fault_alloc 20300
thp_fault_fallback 0
thp_collapse_alloc 17
thp_collapse_alloc_failed 0
thp_split 4
thp_zero_page_alloc 1
thp_zero_page_alloc_failed 0
thp_promote 0
thp_fault_alloc 20312
thp_fault_fallback 0
thp_collapse_alloc 17
thp_collapse_alloc_failed 0
thp_split 4
thp_zero_page_alloc 1
thp_zero_page_alloc_failed 0
thp_promote 0
thp_fault_alloc 20323
thp_fault_fallback 0
thp_collapse_alloc 17
thp_collapse_alloc_failed 0
thp_split 4
thp_zero_page_alloc 1
thp_zero_page_alloc_failed 0
thp_promote 0
thp_fault_alloc 20338
thp_fault_fallback 0
thp_collapse_alloc 17
thp_collapse_alloc_failed 0
thp_split 4
thp_zero_page_alloc 1
thp_zero_page_alloc_failed 0
thp_promote 0
thp_fault_alloc 20354
thp_fault_fallback 0
thp_collapse_alloc 17
thp_collapse_alloc_failed 0
thp_split 4
thp_zero_page_alloc 1
thp_zero_page_alloc_failed 0
thp_promote 0
thp_fault_alloc 20366
thp_fault_fallback 0
thp_collapse_alloc 17
thp_collapse_alloc_failed 0
thp_split 4
thp_zero_page_alloc 1
thp_zero_page_alloc_failed 0
thp_promote 0
thp_fault_alloc 20380
thp_fault_fallback 0
thp_collapse_alloc 17
thp_collapse_alloc_failed 0
thp_split 4
thp_zero_page_alloc 1
thp_zero_page_alloc_failed 0
thp_promote 0
thp_fault_alloc 20393
thp_fault_fallback 0
thp_collapse_alloc 17
thp_collapse_alloc_failed 0
thp_split 4
thp_zero_page_alloc 1
thp_zero_page_alloc_failed 0
thp_promote 0
thp_fault_alloc 20405
thp_fault_fallback 0
thp_collapse_alloc 17
thp_collapse_alloc_failed 0
thp_split 4
thp_zero_page_alloc 1
thp_zero_page_alloc_failed 0
thp_promote 0
thp_fault_alloc 20419
thp_fault_fallback 0
thp_collapse_alloc 17
thp_collapse_alloc_failed 0
thp_split 4
thp_zero_page_alloc 1
thp_zero_page_alloc_failed 0
thp_promote 0
thp_fault_alloc 20432
thp_fault_fallback 0
thp_collapse_alloc 17
thp_collapse_alloc_failed 0
thp_split 4
thp_zero_page_alloc 1
thp_zero_page_alloc_failed 0
thp_promote 0
thp_fault_alloc 20444
thp_fault_fallback 0
thp_collapse_alloc 17
thp_collapse_alloc_failed 0
thp_split 4
thp_zero_page_alloc 1
thp_zero_page_alloc_failed 0
thp_promote 0
thp_fault_alloc 20459
thp_fault_fallback 0
thp_collapse_alloc 17
thp_collapse_alloc_failed 0
thp_split 4
thp_zero_page_alloc 1
thp_zero_page_alloc_failed 0
thp_promote 0
thp_fault_alloc 20472
thp_fault_fallback 0
thp_collapse_alloc 17
thp_collapse_alloc_failed 0
thp_split 4
thp_zero_page_alloc 1
thp_zero_page_alloc_failed 0
thp_promote 0
thp_fault_alloc 20486
thp_fault_fallback 0
thp_collapse_alloc 17
thp_collapse_alloc_failed 0
thp_split 4
thp_zero_page_alloc 1
thp_zero_page_alloc_failed 0
thp_promote 0
thp_fault_alloc 20501
thp_fault_fallback 0
thp_collapse_alloc 17
thp_collapse_alloc_failed 0
thp_split 4
thp_zero_page_alloc 1
thp_zero_page_alloc_failed 0
thp_promote 0
thp_fault_alloc 20513
thp_fault_fallback 0
thp_collapse_alloc 17
thp_collapse_alloc_failed 0
thp_split 4
thp_zero_page_alloc 1
thp_zero_page_alloc_failed 0
thp_promote 0
thp_fault_alloc 20528
thp_fault_fallback 0
thp_collapse_alloc 17
thp_collapse_alloc_failed 0
thp_split 4
thp_zero_page_alloc 1
thp_zero_page_alloc_failed 0
thp_promote 0
thp_fault_alloc 20542
thp_fault_fallback 0
thp_collapse_alloc 17
thp_collapse_alloc_failed 0
thp_split 4
thp_zero_page_alloc 1
thp_zero_page_alloc_failed 0
thp_promote 0
thp_fault_alloc 20554
thp_fault_fallback 0
thp_collapse_alloc 17
thp_collapse_alloc_failed 0
thp_split 4
thp_zero_page_alloc 1
thp_zero_page_alloc_failed 0
thp_promote 0
thp_fault_alloc 20566
thp_fault_fallback 0
thp_collapse_alloc 17
thp_collapse_alloc_failed 0
thp_split 4
thp_zero_page_alloc 1
thp_zero_page_alloc_failed 0
thp_promote 0
thp_fault_alloc 20736
thp_fault_fallback 0
thp_collapse_alloc 17
thp_collapse_alloc_failed 0
thp_split 4
thp_zero_page_alloc 1
thp_zero_page_alloc_failed 0
thp_promote 0
thp_fault_alloc 22953
thp_fault_fallback 0
thp_collapse_alloc 17
thp_collapse_alloc_failed 0
thp_split 4
thp_zero_page_alloc 1
thp_zero_page_alloc_failed 0
thp_promote 0
thp_fault_alloc 25182
thp_fault_fallback 0
thp_collapse_alloc 17
thp_collapse_alloc_failed 0
thp_split 4
thp_zero_page_alloc 1
thp_zero_page_alloc_failed 0
thp_promote 0
thp_fault_alloc 26615
thp_fault_fallback 0
thp_collapse_alloc 17
thp_collapse_alloc_failed 0
thp_split 4
thp_zero_page_alloc 1
thp_zero_page_alloc_failed 0
thp_promote 0
thp_fault_alloc 26630
thp_fault_fallback 0
thp_collapse_alloc 17
thp_collapse_alloc_failed 0
thp_split 4
thp_zero_page_alloc 1
thp_zero_page_alloc_failed 0
thp_promote 0
thp_fault_alloc 26644
thp_fault_fallback 0
thp_collapse_alloc 17
thp_collapse_alloc_failed 0
thp_split 4
thp_zero_page_alloc 1
thp_zero_page_alloc_failed 0
thp_promote 0
thp_fault_alloc 26658
thp_fault_fallback 0
thp_collapse_alloc 17
thp_collapse_alloc_failed 0
thp_split 4
thp_zero_page_alloc 1
thp_zero_page_alloc_failed 0
thp_promote 0
thp_fault_alloc 26671
thp_fault_fallback 0
thp_collapse_alloc 17
thp_collapse_alloc_failed 0
thp_split 4
thp_zero_page_alloc 1
thp_zero_page_alloc_failed 0
thp_promote 0
thp_fault_alloc 26683
thp_fault_fallback 0
thp_collapse_alloc 17
thp_collapse_alloc_failed 0
thp_split 4
thp_zero_page_alloc 1
thp_zero_page_alloc_failed 0
thp_promote 0
thp_fault_alloc 26696
thp_fault_fallback 0
thp_collapse_alloc 17
thp_collapse_alloc_failed 0
thp_split 4
thp_zero_page_alloc 1
thp_zero_page_alloc_failed 0
thp_promote 0
thp_fault_alloc 26708
thp_fault_fallback 0
thp_collapse_alloc 17
thp_collapse_alloc_failed 0
thp_split 4
thp_zero_page_alloc 1
thp_zero_page_alloc_failed 0
thp_promote 0
thp_fault_alloc 26721
thp_fault_fallback 0
thp_collapse_alloc 17
thp_collapse_alloc_failed 0
thp_split 4
thp_zero_page_alloc 1
thp_zero_page_alloc_failed 0
thp_promote 0
thp_fault_alloc 26735
thp_fault_fallback 0
thp_collapse_alloc 17
thp_collapse_alloc_failed 0
thp_split 4
thp_zero_page_alloc 1
thp_zero_page_alloc_failed 0
thp_promote 0
thp_fault_alloc 26747
thp_fault_fallback 0
thp_collapse_alloc 17
thp_collapse_alloc_failed 0
thp_split 4
thp_zero_page_alloc 1
thp_zero_page_alloc_failed 0
thp_promote 0
thp_fault_alloc 26761
thp_fault_fallback 0
thp_collapse_alloc 17
thp_collapse_alloc_failed 0
thp_split 4
thp_zero_page_alloc 1
thp_zero_page_alloc_failed 0
thp_promote 0
thp_fault_alloc 26775
thp_fault_fallback 0
thp_collapse_alloc 17
thp_collapse_alloc_failed 0
thp_split 4
thp_zero_page_alloc 1
thp_zero_page_alloc_failed 0
thp_promote 0
thp_fault_alloc 26789
thp_fault_fallback 0
thp_collapse_alloc 17
thp_collapse_alloc_failed 0
thp_split 4
thp_zero_page_alloc 1
thp_zero_page_alloc_failed 0
thp_promote 0
thp_fault_alloc 26801
thp_fault_fallback 0
thp_collapse_alloc 17
thp_collapse_alloc_failed 0
thp_split 4
thp_zero_page_alloc 1
thp_zero_page_alloc_failed 0
thp_promote 0
thp_fault_alloc 26814
thp_fault_fallback 0
thp_collapse_alloc 17
thp_collapse_alloc_failed 0
thp_split 4
thp_zero_page_alloc 1
thp_zero_page_alloc_failed 0
thp_promote 0
thp_fault_alloc 26827
thp_fault_fallback 0
thp_collapse_alloc 17
thp_collapse_alloc_failed 0
thp_split 4
thp_zero_page_alloc 1
thp_zero_page_alloc_failed 0
thp_promote 0
thp_fault_alloc 26841
thp_fault_fallback 0
thp_collapse_alloc 17
thp_collapse_alloc_failed 0
thp_split 4
thp_zero_page_alloc 1
thp_zero_page_alloc_failed 0
thp_promote 0
thp_fault_alloc 26855
thp_fault_fallback 0
thp_collapse_alloc 17
thp_collapse_alloc_failed 0
thp_split 4
thp_zero_page_alloc 1
thp_zero_page_alloc_failed 0
thp_promote 0
thp_fault_alloc 26869
thp_fault_fallback 0
thp_collapse_alloc 17
thp_collapse_alloc_failed 0
thp_split 4
thp_zero_page_alloc 1
thp_zero_page_alloc_failed 0
thp_promote 0
thp_fault_alloc 26881
thp_fault_fallback 0
thp_collapse_alloc 17
thp_collapse_alloc_failed 0
thp_split 4
thp_zero_page_alloc 1
thp_zero_page_alloc_failed 0
thp_promote 0
thp_fault_alloc 26894
thp_fault_fallback 0
thp_collapse_alloc 17
thp_collapse_alloc_failed 0
thp_split 4
thp_zero_page_alloc 1
thp_zero_page_alloc_failed 0
thp_promote 0
thp_fault_alloc 26907
thp_fault_fallback 0
thp_collapse_alloc 17
thp_collapse_alloc_failed 0
thp_split 4
thp_zero_page_alloc 1
thp_zero_page_alloc_failed 0
thp_promote 0
thp_fault_alloc 26930
thp_fault_fallback 0
thp_collapse_alloc 17
thp_collapse_alloc_failed 0
thp_split 4
thp_zero_page_alloc 1
thp_zero_page_alloc_failed 0
thp_promote 0
thp_fault_alloc 26944
thp_fault_fallback 0
thp_collapse_alloc 17
thp_collapse_alloc_failed 0
thp_split 4
thp_zero_page_alloc 1
thp_zero_page_alloc_failed 0
thp_promote 0
thp_fault_alloc 26954
thp_fault_fallback 0
thp_collapse_alloc 17
thp_collapse_alloc_failed 0
thp_split 4
thp_zero_page_alloc 1
thp_zero_page_alloc_failed 0
thp_promote 0
thp_fault_alloc 26966
thp_fault_fallback 0
thp_collapse_alloc 17
thp_collapse_alloc_failed 0
thp_split 4
thp_zero_page_alloc 1
thp_zero_page_alloc_failed 0
thp_promote 0
thp_fault_alloc 26977
thp_fault_fallback 0
thp_collapse_alloc 17
thp_collapse_alloc_failed 0
thp_split 4
thp_zero_page_alloc 1
thp_zero_page_alloc_failed 0
thp_promote 0
thp_fault_alloc 26991
thp_fault_fallback 0
thp_collapse_alloc 17
thp_collapse_alloc_failed 0
thp_split 4
thp_zero_page_alloc 1
thp_zero_page_alloc_failed 0
thp_promote 0
thp_fault_alloc 27002
thp_fault_fallback 0
thp_collapse_alloc 17
thp_collapse_alloc_failed 0
thp_split 4
thp_zero_page_alloc 1
thp_zero_page_alloc_failed 0
thp_promote 0
thp_fault_alloc 27017
thp_fault_fallback 0
thp_collapse_alloc 17
thp_collapse_alloc_failed 0
thp_split 4
thp_zero_page_alloc 1
thp_zero_page_alloc_failed 0
thp_promote 0
thp_fault_alloc 27029
thp_fault_fallback 0
thp_collapse_alloc 17
thp_collapse_alloc_failed 0
thp_split 4
thp_zero_page_alloc 1
thp_zero_page_alloc_failed 0
thp_promote 0
thp_fault_alloc 27056
thp_fault_fallback 0
thp_collapse_alloc 17
thp_collapse_alloc_failed 0
thp_split 4
thp_zero_page_alloc 1
thp_zero_page_alloc_failed 0
thp_promote 0
thp_fault_alloc 27070
thp_fault_fallback 0
thp_collapse_alloc 17
thp_collapse_alloc_failed 0
thp_split 4
thp_zero_page_alloc 1
thp_zero_page_alloc_failed 0
thp_promote 0
thp_fault_alloc 27083
thp_fault_fallback 0
thp_collapse_alloc 17
thp_collapse_alloc_failed 0
thp_split 4
thp_zero_page_alloc 1
thp_zero_page_alloc_failed 0
thp_promote 0
thp_fault_alloc 27122
thp_fault_fallback 0
thp_collapse_alloc 17
thp_collapse_alloc_failed 0
thp_split 4
thp_zero_page_alloc 1
thp_zero_page_alloc_failed 0
thp_promote 0
thp_fault_alloc 27134
thp_fault_fallback 0
thp_collapse_alloc 17
thp_collapse_alloc_failed 0
thp_split 4
thp_zero_page_alloc 1
thp_zero_page_alloc_failed 0
thp_promote 0
thp_fault_alloc 27145
thp_fault_fallback 0
thp_collapse_alloc 17
thp_collapse_alloc_failed 0
thp_split 4
thp_zero_page_alloc 1
thp_zero_page_alloc_failed 0
thp_promote 0
thp_fault_alloc 27157
thp_fault_fallback 0
thp_collapse_alloc 17
thp_collapse_alloc_failed 0
thp_split 4
thp_zero_page_alloc 1
thp_zero_page_alloc_failed 0
thp_promote 0
thp_fault_alloc 27168
thp_fault_fallback 0
thp_collapse_alloc 17
thp_collapse_alloc_failed 0
thp_split 4
thp_zero_page_alloc 1
thp_zero_page_alloc_failed 0
thp_promote 0
thp_fault_alloc 27181
thp_fault_fallback 0
thp_collapse_alloc 17
thp_collapse_alloc_failed 0
thp_split 4
thp_zero_page_alloc 1
thp_zero_page_alloc_failed 0
thp_promote 0
thp_fault_alloc 27193
thp_fault_fallback 0
thp_collapse_alloc 17
thp_collapse_alloc_failed 0
thp_split 4
thp_zero_page_alloc 1
thp_zero_page_alloc_failed 0
thp_promote 0
thp_fault_alloc 27211
thp_fault_fallback 0
thp_collapse_alloc 17
thp_collapse_alloc_failed 0
thp_split 4
thp_zero_page_alloc 1
thp_zero_page_alloc_failed 0
thp_promote 0
thp_fault_alloc 27230
thp_fault_fallback 0
thp_collapse_alloc 17
thp_collapse_alloc_failed 0
thp_split 4
thp_zero_page_alloc 1
thp_zero_page_alloc_failed 0
thp_promote 0
thp_fault_alloc 27242
thp_fault_fallback 0
thp_collapse_alloc 17
thp_collapse_alloc_failed 0
thp_split 4
thp_zero_page_alloc 1
thp_zero_page_alloc_failed 0
thp_promote 0
thp_fault_alloc 27254
thp_fault_fallback 0
thp_collapse_alloc 17
thp_collapse_alloc_failed 0
thp_split 4
thp_zero_page_alloc 1
thp_zero_page_alloc_failed 0
thp_promote 0
thp_fault_alloc 27266
thp_fault_fallback 0
thp_collapse_alloc 17
thp_collapse_alloc_failed 0
thp_split 4
thp_zero_page_alloc 1
thp_zero_page_alloc_failed 0
thp_promote 0
thp_fault_alloc 27279
thp_fault_fallback 0
thp_collapse_alloc 17
thp_collapse_alloc_failed 0
thp_split 4
thp_zero_page_alloc 1
thp_zero_page_alloc_failed 0
thp_promote 0
thp_fault_alloc 27289
thp_fault_fallback 0
thp_collapse_alloc 17
thp_collapse_alloc_failed 0
thp_split 4
thp_zero_page_alloc 1
thp_zero_page_alloc_failed 0
thp_promote 0
thp_fault_alloc 27303
thp_fault_fallback 0
thp_collapse_alloc 17
thp_collapse_alloc_failed 0
thp_split 4
thp_zero_page_alloc 1
thp_zero_page_alloc_failed 0
thp_promote 0
thp_fault_alloc 27315
thp_fault_fallback 0
thp_collapse_alloc 17
thp_collapse_alloc_failed 0
thp_split 4
thp_zero_page_alloc 1
thp_zero_page_alloc_failed 0
thp_promote 0
thp_fault_alloc 27327
thp_fault_fallback 0
thp_collapse_alloc 17
thp_collapse_alloc_failed 0
thp_split 4
thp_zero_page_alloc 1
thp_zero_page_alloc_failed 0
thp_promote 0
thp_fault_alloc 27340
thp_fault_fallback 0
thp_collapse_alloc 17
thp_collapse_alloc_failed 0
thp_split 4
thp_zero_page_alloc 1
thp_zero_page_alloc_failed 0
thp_promote 0
thp_fault_alloc 27353
thp_fault_fallback 0
thp_collapse_alloc 17
thp_collapse_alloc_failed 0
thp_split 4
thp_zero_page_alloc 1
thp_zero_page_alloc_failed 0
thp_promote 0
thp_fault_alloc 27366
thp_fault_fallback 0
thp_collapse_alloc 17
thp_collapse_alloc_failed 0
thp_split 4
thp_zero_page_alloc 1
thp_zero_page_alloc_failed 0
thp_promote 0
thp_fault_alloc 27378
thp_fault_fallback 0
thp_collapse_alloc 17
thp_collapse_alloc_failed 0
thp_split 4
thp_zero_page_alloc 1
thp_zero_page_alloc_failed 0
thp_promote 0
thp_fault_alloc 27390
thp_fault_fallback 0
thp_collapse_alloc 17
thp_collapse_alloc_failed 0
thp_split 4
thp_zero_page_alloc 1
thp_zero_page_alloc_failed 0
thp_promote 0
thp_fault_alloc 27402
thp_fault_fallback 0
thp_collapse_alloc 17
thp_collapse_alloc_failed 0
thp_split 4
thp_zero_page_alloc 1
thp_zero_page_alloc_failed 0
thp_promote 0
thp_fault_alloc 27417
thp_fault_fallback 0
thp_collapse_alloc 17
thp_collapse_alloc_failed 0
thp_split 4
thp_zero_page_alloc 1
thp_zero_page_alloc_failed 0
thp_promote 0
thp_fault_alloc 27430
thp_fault_fallback 0
thp_collapse_alloc 17
thp_collapse_alloc_failed 0
thp_split 4
thp_zero_page_alloc 1
thp_zero_page_alloc_failed 0
thp_promote 0
thp_fault_alloc 27444
thp_fault_fallback 0
thp_collapse_alloc 17
thp_collapse_alloc_failed 0
thp_split 4
thp_zero_page_alloc 1
thp_zero_page_alloc_failed 0
thp_promote 0
thp_fault_alloc 27456
thp_fault_fallback 0
thp_collapse_alloc 17
thp_collapse_alloc_failed 0
thp_split 4
thp_zero_page_alloc 1
thp_zero_page_alloc_failed 0
thp_promote 0
thp_fault_alloc 27469
thp_fault_fallback 0
thp_collapse_alloc 17
thp_collapse_alloc_failed 0
thp_split 4
thp_zero_page_alloc 1
thp_zero_page_alloc_failed 0
thp_promote 0
thp_fault_alloc 27479
thp_fault_fallback 0
thp_collapse_alloc 17
thp_collapse_alloc_failed 0
thp_split 4
thp_zero_page_alloc 1
thp_zero_page_alloc_failed 0
thp_promote 0
thp_fault_alloc 27491
thp_fault_fallback 0
thp_collapse_alloc 17
thp_collapse_alloc_failed 0
thp_split 4
thp_zero_page_alloc 1
thp_zero_page_alloc_failed 0
thp_promote 0
thp_fault_alloc 27504
thp_fault_fallback 0
thp_collapse_alloc 17
thp_collapse_alloc_failed 0
thp_split 4
thp_zero_page_alloc 1
thp_zero_page_alloc_failed 0
thp_promote 0
thp_fault_alloc 27515
thp_fault_fallback 0
thp_collapse_alloc 17
thp_collapse_alloc_failed 0
thp_split 4
thp_zero_page_alloc 1
thp_zero_page_alloc_failed 0
thp_promote 0
thp_fault_alloc 27525
thp_fault_fallback 0
thp_collapse_alloc 17
thp_collapse_alloc_failed 0
thp_split 4
thp_zero_page_alloc 1
thp_zero_page_alloc_failed 0
thp_promote 0
thp_fault_alloc 27550
thp_fault_fallback 0
thp_collapse_alloc 17
thp_collapse_alloc_failed 0
thp_split 4
thp_zero_page_alloc 1
thp_zero_page_alloc_failed 0
thp_promote 0
thp_fault_alloc 27563
thp_fault_fallback 0
thp_collapse_alloc 17
thp_collapse_alloc_failed 0
thp_split 4
thp_zero_page_alloc 1
thp_zero_page_alloc_failed 0
thp_promote 0
thp_fault_alloc 27577
thp_fault_fallback 0
thp_collapse_alloc 17
thp_collapse_alloc_failed 0
thp_split 4
thp_zero_page_alloc 1
thp_zero_page_alloc_failed 0
thp_promote 0
thp_fault_alloc 27591
thp_fault_fallback 0
thp_collapse_alloc 17
thp_collapse_alloc_failed 0
thp_split 4
thp_zero_page_alloc 1
thp_zero_page_alloc_failed 0
thp_promote 0
thp_fault_alloc 27604
thp_fault_fallback 0
thp_collapse_alloc 17
thp_collapse_alloc_failed 0
thp_split 4
thp_zero_page_alloc 1
thp_zero_page_alloc_failed 0
thp_promote 0
thp_fault_alloc 27617
thp_fault_fallback 0
thp_collapse_alloc 17
thp_collapse_alloc_failed 0
thp_split 4
thp_zero_page_alloc 1
thp_zero_page_alloc_failed 0
thp_promote 0
thp_fault_alloc 27629
thp_fault_fallback 0
thp_collapse_alloc 17
thp_collapse_alloc_failed 0
thp_split 4
thp_zero_page_alloc 1
thp_zero_page_alloc_failed 0
thp_promote 0
thp_fault_alloc 27642
thp_fault_fallback 0
thp_collapse_alloc 17
thp_collapse_alloc_failed 0
thp_split 4
thp_zero_page_alloc 1
thp_zero_page_alloc_failed 0
thp_promote 0
thp_fault_alloc 27654
thp_fault_fallback 0
thp_collapse_alloc 17
thp_collapse_alloc_failed 0
thp_split 4
thp_zero_page_alloc 1
thp_zero_page_alloc_failed 0
thp_promote 0
thp_fault_alloc 27666
thp_fault_fallback 0
thp_collapse_alloc 17
thp_collapse_alloc_failed 0
thp_split 4
thp_zero_page_alloc 1
thp_zero_page_alloc_failed 0
thp_promote 0
thp_fault_alloc 27680
thp_fault_fallback 0
thp_collapse_alloc 17
thp_collapse_alloc_failed 0
thp_split 4
thp_zero_page_alloc 1
thp_zero_page_alloc_failed 0
thp_promote 0
thp_fault_alloc 27693
thp_fault_fallback 0
thp_collapse_alloc 17
thp_collapse_alloc_failed 0
thp_split 4
thp_zero_page_alloc 1
thp_zero_page_alloc_failed 0
thp_promote 0
thp_fault_alloc 27707
thp_fault_fallback 0
thp_collapse_alloc 17
thp_collapse_alloc_failed 0
thp_split 4
thp_zero_page_alloc 1
thp_zero_page_alloc_failed 0
thp_promote 0
thp_fault_alloc 27729
thp_fault_fallback 0
thp_collapse_alloc 17
thp_collapse_alloc_failed 0
thp_split 4
thp_zero_page_alloc 1
thp_zero_page_alloc_failed 0
thp_promote 0
thp_fault_alloc 27742
thp_fault_fallback 0
thp_collapse_alloc 17
thp_collapse_alloc_failed 0
thp_split 4
thp_zero_page_alloc 1
thp_zero_page_alloc_failed 0
thp_promote 0
thp_fault_alloc 27754
thp_fault_fallback 0
thp_collapse_alloc 17
thp_collapse_alloc_failed 0
thp_split 4
thp_zero_page_alloc 1
thp_zero_page_alloc_failed 0
thp_promote 0
thp_fault_alloc 27767
thp_fault_fallback 0
thp_collapse_alloc 17
thp_collapse_alloc_failed 0
thp_split 4
thp_zero_page_alloc 1
thp_zero_page_alloc_failed 0
thp_promote 0
thp_fault_alloc 27779
thp_fault_fallback 0
thp_collapse_alloc 17
thp_collapse_alloc_failed 0
thp_split 4
thp_zero_page_alloc 1
thp_zero_page_alloc_failed 0
thp_promote 0
thp_fault_alloc 27792
thp_fault_fallback 0
thp_collapse_alloc 17
thp_collapse_alloc_failed 0
thp_split 4
thp_zero_page_alloc 1
thp_zero_page_alloc_failed 0
thp_promote 0
thp_fault_alloc 27804
thp_fault_fallback 0
thp_collapse_alloc 17
thp_collapse_alloc_failed 0
thp_split 4
thp_zero_page_alloc 1
thp_zero_page_alloc_failed 0
thp_promote 0
thp_fault_alloc 27814
thp_fault_fallback 0
thp_collapse_alloc 17
thp_collapse_alloc_failed 0
thp_split 4
thp_zero_page_alloc 1
thp_zero_page_alloc_failed 0
thp_promote 0
thp_fault_alloc 27827
thp_fault_fallback 0
thp_collapse_alloc 17
thp_collapse_alloc_failed 0
thp_split 4
thp_zero_page_alloc 1
thp_zero_page_alloc_failed 0
thp_promote 0
thp_fault_alloc 27841
thp_fault_fallback 0
thp_collapse_alloc 17
thp_collapse_alloc_failed 0
thp_split 4
thp_zero_page_alloc 1
thp_zero_page_alloc_failed 0
thp_promote 0
thp_fault_alloc 27851
thp_fault_fallback 0
thp_collapse_alloc 17
thp_collapse_alloc_failed 0
thp_split 4
thp_zero_page_alloc 1
thp_zero_page_alloc_failed 0
thp_promote 0
thp_fault_alloc 27862
thp_fault_fallback 0
thp_collapse_alloc 17
thp_collapse_alloc_failed 0
thp_split 4
thp_zero_page_alloc 1
thp_zero_page_alloc_failed 0
thp_promote 0
thp_fault_alloc 27872
thp_fault_fallback 0
thp_collapse_alloc 17
thp_collapse_alloc_failed 0
thp_split 4
thp_zero_page_alloc 1
thp_zero_page_alloc_failed 0
thp_promote 0
thp_fault_alloc 27883
thp_fault_fallback 0
thp_collapse_alloc 17
thp_collapse_alloc_failed 0
thp_split 4
thp_zero_page_alloc 1
thp_zero_page_alloc_failed 0
thp_promote 0
thp_fault_alloc 27893
thp_fault_fallback 0
thp_collapse_alloc 17
thp_collapse_alloc_failed 0
thp_split 4
thp_zero_page_alloc 1
thp_zero_page_alloc_failed 0
thp_promote 0
thp_fault_alloc 27903
thp_fault_fallback 0
thp_collapse_alloc 17
thp_collapse_alloc_failed 0
thp_split 4
thp_zero_page_alloc 1
thp_zero_page_alloc_failed 0
thp_promote 0
thp_fault_alloc 27915
thp_fault_fallback 0
thp_collapse_alloc 17
thp_collapse_alloc_failed 0
thp_split 4
thp_zero_page_alloc 1
thp_zero_page_alloc_failed 0
thp_promote 0
thp_fault_alloc 27926
thp_fault_fallback 0
thp_collapse_alloc 17
thp_collapse_alloc_failed 0
thp_split 4
thp_zero_page_alloc 1
thp_zero_page_alloc_failed 0
thp_promote 0
thp_fault_alloc 27937
thp_fault_fallback 0
thp_collapse_alloc 17
thp_collapse_alloc_failed 0
thp_split 4
thp_zero_page_alloc 1
thp_zero_page_alloc_failed 0
thp_promote 0
thp_fault_alloc 27949
thp_fault_fallback 0
thp_collapse_alloc 17
thp_collapse_alloc_failed 0
thp_split 4
thp_zero_page_alloc 1
thp_zero_page_alloc_failed 0
thp_promote 0
thp_fault_alloc 27959
thp_fault_fallback 0
thp_collapse_alloc 17
thp_collapse_alloc_failed 0
thp_split 4
thp_zero_page_alloc 1
thp_zero_page_alloc_failed 0
thp_promote 0
thp_fault_alloc 27968
thp_fault_fallback 0
thp_collapse_alloc 17
thp_collapse_alloc_failed 0
thp_split 4
thp_zero_page_alloc 1
thp_zero_page_alloc_failed 0
thp_promote 0
thp_fault_alloc 27979
thp_fault_fallback 0
thp_collapse_alloc 17
thp_collapse_alloc_failed 0
thp_split 4
thp_zero_page_alloc 1
thp_zero_page_alloc_failed 0
thp_promote 0
thp_fault_alloc 27988
thp_fault_fallback 0
thp_collapse_alloc 17
thp_collapse_alloc_failed 0
thp_split 4
thp_zero_page_alloc 1
thp_zero_page_alloc_failed 0
thp_promote 0
thp_fault_alloc 27997
thp_fault_fallback 0
thp_collapse_alloc 17
thp_collapse_alloc_failed 0
thp_split 4
thp_zero_page_alloc 1
thp_zero_page_alloc_failed 0
thp_promote 0
thp_fault_alloc 28007
thp_fault_fallback 0
thp_collapse_alloc 17
thp_collapse_alloc_failed 0
thp_split 4
thp_zero_page_alloc 1
thp_zero_page_alloc_failed 0
thp_promote 0
thp_fault_alloc 28015
thp_fault_fallback 0
thp_collapse_alloc 17
thp_collapse_alloc_failed 0
thp_split 4
thp_zero_page_alloc 1
thp_zero_page_alloc_failed 0
thp_promote 0
thp_fault_alloc 28026
thp_fault_fallback 0
thp_collapse_alloc 17
thp_collapse_alloc_failed 0
thp_split 4
thp_zero_page_alloc 1
thp_zero_page_alloc_failed 0
thp_promote 0
thp_fault_alloc 28038
thp_fault_fallback 0
thp_collapse_alloc 17
thp_collapse_alloc_failed 0
thp_split 4
thp_zero_page_alloc 1
thp_zero_page_alloc_failed 0
thp_promote 0
thp_fault_alloc 28047
thp_fault_fallback 0
thp_collapse_alloc 17
thp_collapse_alloc_failed 0
thp_split 4
thp_zero_page_alloc 1
thp_zero_page_alloc_failed 0
thp_promote 0
thp_fault_alloc 28056
thp_fault_fallback 0
thp_collapse_alloc 17
thp_collapse_alloc_failed 0
thp_split 4
thp_zero_page_alloc 1
thp_zero_page_alloc_failed 0
thp_promote 0
thp_fault_alloc 28066
thp_fault_fallback 0
thp_collapse_alloc 17
thp_collapse_alloc_failed 0
thp_split 4
thp_zero_page_alloc 1
thp_zero_page_alloc_failed 0
thp_promote 0
thp_fault_alloc 28076
thp_fault_fallback 0
thp_collapse_alloc 17
thp_collapse_alloc_failed 0
thp_split 4
thp_zero_page_alloc 1
thp_zero_page_alloc_failed 0
thp_promote 0
thp_fault_alloc 28101
thp_fault_fallback 0
thp_collapse_alloc 17
thp_collapse_alloc_failed 0
thp_split 4
thp_zero_page_alloc 1
thp_zero_page_alloc_failed 0
thp_promote 0
thp_fault_alloc 28126
thp_fault_fallback 0
thp_collapse_alloc 17
thp_collapse_alloc_failed 0
thp_split 4
thp_zero_page_alloc 1
thp_zero_page_alloc_failed 0
thp_promote 0
thp_fault_alloc 28165
thp_fault_fallback 0
thp_collapse_alloc 17
thp_collapse_alloc_failed 0
thp_split 4
thp_zero_page_alloc 1
thp_zero_page_alloc_failed 0
thp_promote 0
thp_fault_alloc 28233
thp_fault_fallback 0
thp_collapse_alloc 17
thp_collapse_alloc_failed 0
thp_split 4
thp_zero_page_alloc 1
thp_zero_page_alloc_failed 0
thp_promote 0
thp_fault_alloc 28241
thp_fault_fallback 0
thp_collapse_alloc 17
thp_collapse_alloc_failed 0
thp_split 4
thp_zero_page_alloc 1
thp_zero_page_alloc_failed 0
thp_promote 0
thp_fault_alloc 28374
thp_fault_fallback 0
thp_collapse_alloc 17
thp_collapse_alloc_failed 0
thp_split 4
thp_zero_page_alloc 1
thp_zero_page_alloc_failed 0
thp_promote 0
thp_fault_alloc 28383
thp_fault_fallback 0
thp_collapse_alloc 17
thp_collapse_alloc_failed 0
thp_split 4
thp_zero_page_alloc 1
thp_zero_page_alloc_failed 0
thp_promote 0
thp_fault_alloc 28394
thp_fault_fallback 0
thp_collapse_alloc 17
thp_collapse_alloc_failed 0
thp_split 4
thp_zero_page_alloc 1
thp_zero_page_alloc_failed 0
thp_promote 0
thp_fault_alloc 28404
thp_fault_fallback 0
thp_collapse_alloc 17
thp_collapse_alloc_failed 0
thp_split 4
thp_zero_page_alloc 1
thp_zero_page_alloc_failed 0
thp_promote 0
thp_fault_alloc 28414
thp_fault_fallback 0
thp_collapse_alloc 17
thp_collapse_alloc_failed 0
thp_split 4
thp_zero_page_alloc 1
thp_zero_page_alloc_failed 0
thp_promote 0
thp_fault_alloc 28424
thp_fault_fallback 0
thp_collapse_alloc 17
thp_collapse_alloc_failed 0
thp_split 4
thp_zero_page_alloc 1
thp_zero_page_alloc_failed 0
thp_promote 0
thp_fault_alloc 28434
thp_fault_fallback 0
thp_collapse_alloc 17
thp_collapse_alloc_failed 0
thp_split 4
thp_zero_page_alloc 1
thp_zero_page_alloc_failed 0
thp_promote 0
thp_fault_alloc 28672
thp_fault_fallback 0
thp_collapse_alloc 17
thp_collapse_alloc_failed 0
thp_split 4
thp_zero_page_alloc 1
thp_zero_page_alloc_failed 0
thp_promote 0
thp_fault_alloc 28680
thp_fault_fallback 0
thp_collapse_alloc 17
thp_collapse_alloc_failed 0
thp_split 4
thp_zero_page_alloc 1
thp_zero_page_alloc_failed 0
thp_promote 0
thp_fault_alloc 28699
thp_fault_fallback 0
thp_collapse_alloc 17
thp_collapse_alloc_failed 0
thp_split 4
thp_zero_page_alloc 1
thp_zero_page_alloc_failed 0
thp_promote 0
thp_fault_alloc 28711
thp_fault_fallback 0
thp_collapse_alloc 17
thp_collapse_alloc_failed 0
thp_split 4
thp_zero_page_alloc 1
thp_zero_page_alloc_failed 0
thp_promote 0
thp_fault_alloc 28722
thp_fault_fallback 0
thp_collapse_alloc 17
thp_collapse_alloc_failed 0
thp_split 4
thp_zero_page_alloc 1
thp_zero_page_alloc_failed 0
thp_promote 0
thp_fault_alloc 28731
thp_fault_fallback 0
thp_collapse_alloc 17
thp_collapse_alloc_failed 0
thp_split 4
thp_zero_page_alloc 1
thp_zero_page_alloc_failed 0
thp_promote 0
thp_fault_alloc 28740
thp_fault_fallback 0
thp_collapse_alloc 17
thp_collapse_alloc_failed 0
thp_split 4
thp_zero_page_alloc 1
thp_zero_page_alloc_failed 0
thp_promote 0
thp_fault_alloc 28763
thp_fault_fallback 0
thp_collapse_alloc 17
thp_collapse_alloc_failed 0
thp_split 4
thp_zero_page_alloc 1
thp_zero_page_alloc_failed 0
thp_promote 0
thp_fault_alloc 28772
thp_fault_fallback 0
thp_collapse_alloc 17
thp_collapse_alloc_failed 0
thp_split 4
thp_zero_page_alloc 1
thp_zero_page_alloc_failed 0
thp_promote 0
thp_fault_alloc 28781
thp_fault_fallback 0
thp_collapse_alloc 17
thp_collapse_alloc_failed 0
thp_split 4
thp_zero_page_alloc 1
thp_zero_page_alloc_failed 0
thp_promote 0
thp_fault_alloc 28790
thp_fault_fallback 0
thp_collapse_alloc 17
thp_collapse_alloc_failed 0
thp_split 4
thp_zero_page_alloc 1
thp_zero_page_alloc_failed 0
thp_promote 0
thp_fault_alloc 28800
thp_fault_fallback 0
thp_collapse_alloc 17
thp_collapse_alloc_failed 0
thp_split 4
thp_zero_page_alloc 1
thp_zero_page_alloc_failed 0
thp_promote 0
thp_fault_alloc 28809
thp_fault_fallback 0
thp_collapse_alloc 17
thp_collapse_alloc_failed 0
thp_split 4
thp_zero_page_alloc 1
thp_zero_page_alloc_failed 0
thp_promote 0
thp_fault_alloc 28821
thp_fault_fallback 0
thp_collapse_alloc 17
thp_collapse_alloc_failed 0
thp_split 4
thp_zero_page_alloc 1
thp_zero_page_alloc_failed 0
thp_promote 0
thp_fault_alloc 28830
thp_fault_fallback 0
thp_collapse_alloc 17
thp_collapse_alloc_failed 0
thp_split 4
thp_zero_page_alloc 1
thp_zero_page_alloc_failed 0
thp_promote 0
thp_fault_alloc 29297
thp_fault_fallback 0
thp_collapse_alloc 17
thp_collapse_alloc_failed 0
thp_split 4
thp_zero_page_alloc 1
thp_zero_page_alloc_failed 0
thp_promote 0
thp_fault_alloc 29311
thp_fault_fallback 0
thp_collapse_alloc 17
thp_collapse_alloc_failed 0
thp_split 5
thp_zero_page_alloc 1
thp_zero_page_alloc_failed 0
thp_promote 0
