97 (khugepaged) S 2 0 0 0 -1 2097216 0 0 0 0 0 58 0 0 39 19 1 0 26 0 0 18446744073709551615 0 0 0 0 0 0 0 2147483647 0 0 0 0 17 0 0 0 0 0 0 0 0 0 0 0 0 0 0
97 (khugepaged) S 2 0 0 0 -1 2097216 0 0 0 0 0 58 0 0 39 19 1 0 26 0 0 18446744073709551615 0 0 0 0 0 0 0 2147483647 0 0 0 0 17 0 0 0 0 0 0 0 0 0 0 0 0 0 0
97 (khugepaged) S 2 0 0 0 -1 2097216 0 0 0 0 0 58 0 0 39 19 1 0 26 0 0 18446744073709551615 0 0 0 0 0 0 0 2147483647 0 0 0 0 17 0 0 0 0 0 0 0 0 0 0 0 0 0 0
97 (khugepaged) S 2 0 0 0 -1 2097216 0 0 0 0 0 58 0 0 39 19 1 0 26 0 0 18446744073709551615 0 0 0 0 0 0 0 2147483647 0 0 0 0 17 0 0 0 0 0 0 0 0 0 0 0 0 0 0
97 (khugepaged) S 2 0 0 0 -1 2097216 0 0 0 0 0 58 0 0 39 19 1 0 26 0 0 18446744073709551615 0 0 0 0 0 0 0 2147483647 0 0 0 0 17 0 0 0 0 0 0 0 0 0 0 0 0 0 0
97 (khugepaged) S 2 0 0 0 -1 2097216 0 0 0 0 0 58 0 0 39 19 1 0 26 0 0 18446744073709551615 0 0 0 0 0 0 0 2147483647 0 0 0 0 17 0 0 0 0 0 0 0 0 0 0 0 0 0 0
97 (khugepaged) S 2 0 0 0 -1 2097216 0 0 0 0 0 58 0 0 39 19 1 0 26 0 0 18446744073709551615 0 0 0 0 0 0 0 2147483647 0 0 0 0 17 0 0 0 0 0 0 0 0 0 0 0 0 0 0
97 (khugepaged) S 2 0 0 0 -1 2097216 0 0 0 0 0 58 0 0 39 19 1 0 26 0 0 18446744073709551615 0 0 0 0 0 0 0 2147483647 0 0 0 0 17 0 0 0 0 0 0 0 0 0 0 0 0 0 0
97 (khugepaged) S 2 0 0 0 -1 2097216 0 0 0 0 0 58 0 0 39 19 1 0 26 0 0 18446744073709551615 0 0 0 0 0 0 0 2147483647 0 0 0 0 17 0 0 0 0 0 0 0 0 0 0 0 0 0 0
97 (khugepaged) S 2 0 0 0 -1 2097216 0 0 0 0 0 58 0 0 39 19 1 0 26 0 0 18446744073709551615 0 0 0 0 0 0 0 2147483647 0 0 0 0 17 0 0 0 0 0 0 0 0 0 0 0 0 0 0
97 (khugepaged) S 2 0 0 0 -1 2097216 0 0 0 0 0 58 0 0 39 19 1 0 26 0 0 18446744073709551615 0 0 0 0 0 0 0 2147483647 0 0 0 0 17 0 0 0 0 0 0 0 0 0 0 0 0 0 0
97 (khugepaged) S 2 0 0 0 -1 2097216 0 0 0 0 0 58 0 0 39 19 1 0 26 0 0 18446744073709551615 0 0 0 0 0 0 0 2147483647 0 0 0 0 17 0 0 0 0 0 0 0 0 0 0 0 0 0 0
97 (khugepaged) S 2 0 0 0 -1 2097216 0 0 0 0 0 58 0 0 39 19 1 0 26 0 0 18446744073709551615 0 0 0 0 0 0 0 2147483647 0 0 0 0 17 0 0 0 0 0 0 0 0 0 0 0 0 0 0
97 (khugepaged) S 2 0 0 0 -1 2097216 0 0 0 0 0 58 0 0 39 19 1 0 26 0 0 18446744073709551615 0 0 0 0 0 0 0 2147483647 0 0 0 0 17 0 0 0 0 0 0 0 0 0 0 0 0 0 0
97 (khugepaged) S 2 0 0 0 -1 2097216 0 0 0 0 0 58 0 0 39 19 1 0 26 0 0 18446744073709551615 0 0 0 0 0 0 0 2147483647 0 0 0 0 17 0 0 0 0 0 0 0 0 0 0 0 0 0 0
97 (khugepaged) S 2 0 0 0 -1 2097216 0 0 0 0 0 58 0 0 39 19 1 0 26 0 0 18446744073709551615 0 0 0 0 0 0 0 2147483647 0 0 0 0 17 0 0 0 0 0 0 0 0 0 0 0 0 0 0
97 (khugepaged) S 2 0 0 0 -1 2097216 0 0 0 0 0 58 0 0 39 19 1 0 26 0 0 18446744073709551615 0 0 0 0 0 0 0 2147483647 0 0 0 0 17 0 0 0 0 0 0 0 0 0 0 0 0 0 0
97 (khugepaged) S 2 0 0 0 -1 2097216 0 0 0 0 0 58 0 0 39 19 1 0 26 0 0 18446744073709551615 0 0 0 0 0 0 0 2147483647 0 0 0 0 17 0 0 0 0 0 0 0 0 0 0 0 0 0 0
97 (khugepaged) S 2 0 0 0 -1 2097216 0 0 0 0 0 58 0 0 39 19 1 0 26 0 0 18446744073709551615 0 0 0 0 0 0 0 2147483647 0 0 0 0 17 0 0 0 0 0 0 0 0 0 0 0 0 0 0
97 (khugepaged) S 2 0 0 0 -1 2097216 0 0 0 0 0 58 0 0 39 19 1 0 26 0 0 18446744073709551615 0 0 0 0 0 0 0 2147483647 0 0 0 0 17 0 0 0 0 0 0 0 0 0 0 0 0 0 0
97 (khugepaged) S 2 0 0 0 -1 2097216 0 0 0 0 0 58 0 0 39 19 1 0 26 0 0 18446744073709551615 0 0 0 0 0 0 0 2147483647 0 0 0 0 17 0 0 0 0 0 0 0 0 0 0 0 0 0 0
97 (khugepaged) S 2 0 0 0 -1 2097216 0 0 0 0 0 58 0 0 39 19 1 0 26 0 0 18446744073709551615 0 0 0 0 0 0 0 2147483647 0 0 0 0 17 0 0 0 0 0 0 0 0 0 0 0 0 0 0
97 (khugepaged) S 2 0 0 0 -1 2097216 0 0 0 0 0 58 0 0 39 19 1 0 26 0 0 18446744073709551615 0 0 0 0 0 0 0 2147483647 0 0 0 0 17 0 0 0 0 0 0 0 0 0 0 0 0 0 0
97 (khugepaged) S 2 0 0 0 -1 2097216 0 0 0 0 0 58 0 0 39 19 1 0 26 0 0 18446744073709551615 0 0 0 0 0 0 0 2147483647 0 0 0 0 17 0 0 0 0 0 0 0 0 0 0 0 0 0 0
97 (khugepaged) S 2 0 0 0 -1 2097216 0 0 0 0 0 58 0 0 39 19 1 0 26 0 0 18446744073709551615 0 0 0 0 0 0 0 2147483647 0 0 0 0 17 0 0 0 0 0 0 0 0 0 0 0 0 0 0
97 (khugepaged) S 2 0 0 0 -1 2097216 0 0 0 0 0 58 0 0 39 19 1 0 26 0 0 18446744073709551615 0 0 0 0 0 0 0 2147483647 0 0 0 0 17 0 0 0 0 0 0 0 0 0 0 0 0 0 0
97 (khugepaged) S 2 0 0 0 -1 2097216 0 0 0 0 0 58 0 0 39 19 1 0 26 0 0 18446744073709551615 0 0 0 0 0 0 0 2147483647 0 0 0 0 17 0 0 0 0 0 0 0 0 0 0 0 0 0 0
97 (khugepaged) S 2 0 0 0 -1 2097216 0 0 0 0 0 58 0 0 39 19 1 0 26 0 0 18446744073709551615 0 0 0 0 0 0 0 2147483647 0 0 0 0 17 0 0 0 0 0 0 0 0 0 0 0 0 0 0
97 (khugepaged) S 2 0 0 0 -1 2097216 0 0 0 0 0 58 0 0 39 19 1 0 26 0 0 18446744073709551615 0 0 0 0 0 0 0 2147483647 0 0 0 0 17 0 0 0 0 0 0 0 0 0 0 0 0 0 0
97 (khugepaged) S 2 0 0 0 -1 2097216 0 0 0 0 0 69 0 0 39 19 1 0 26 0 0 18446744073709551615 0 0 0 0 0 0 0 2147483647 0 0 0 0 17 0 0 0 0 0 0 0 0 0 0 0 0 0 0
97 (khugepaged) S 2 0 0 0 -1 2097216 0 0 0 0 0 69 0 0 39 19 1 0 26 0 0 18446744073709551615 0 0 0 0 0 0 0 2147483647 0 0 0 0 17 0 0 0 0 0 0 0 0 0 0 0 0 0 0
97 (khugepaged) S 2 0 0 0 -1 2097216 0 0 0 0 0 69 0 0 39 19 1 0 26 0 0 18446744073709551615 0 0 0 0 0 0 0 2147483647 0 0 0 0 17 0 0 0 0 0 0 0 0 0 0 0 0 0 0
97 (khugepaged) S 2 0 0 0 -1 2097216 0 0 0 0 0 69 0 0 39 19 1 0 26 0 0 18446744073709551615 0 0 0 0 0 0 0 2147483647 0 0 0 0 17 0 0 0 0 0 0 0 0 0 0 0 0 0 0
97 (khugepaged) S 2 0 0 0 -1 2097216 0 0 0 0 0 69 0 0 39 19 1 0 26 0 0 18446744073709551615 0 0 0 0 0 0 0 2147483647 0 0 0 0 17 0 0 0 0 0 0 0 0 0 0 0 0 0 0
97 (khugepaged) S 2 0 0 0 -1 2097216 0 0 0 0 0 69 0 0 39 19 1 0 26 0 0 18446744073709551615 0 0 0 0 0 0 0 2147483647 0 0 0 0 17 0 0 0 0 0 0 0 0 0 0 0 0 0 0
97 (khugepaged) S 2 0 0 0 -1 2097216 0 0 0 0 0 69 0 0 39 19 1 0 26 0 0 18446744073709551615 0 0 0 0 0 0 0 2147483647 0 0 0 0 17 0 0 0 0 0 0 0 0 0 0 0 0 0 0
97 (khugepaged) S 2 0 0 0 -1 2097216 0 0 0 0 0 69 0 0 39 19 1 0 26 0 0 18446744073709551615 0 0 0 0 0 0 0 2147483647 0 0 0 0 17 0 0 0 0 0 0 0 0 0 0 0 0 0 0
97 (khugepaged) R 2 0 0 0 -1 2097216 0 0 0 0 0 74 0 0 39 19 1 0 26 0 0 18446744073709551615 0 0 0 0 0 0 0 2147483647 0 0 0 0 17 2 0 0 0 0 0 0 0 0 0 0 0 0 0
97 (khugepaged) S 2 0 0 0 -1 2097216 0 0 0 0 0 100 0 0 39 19 1 0 26 0 0 18446744073709551615 0 0 0 0 0 0 0 2147483647 0 0 0 0 17 3 0 0 0 0 0 0 0 0 0 0 0 0 0
97 (khugepaged) S 2 0 0 0 -1 2097216 0 0 0 0 0 100 0 0 39 19 1 0 26 0 0 18446744073709551615 0 0 0 0 0 0 0 2147483647 0 0 0 0 17 3 0 0 0 0 0 0 0 0 0 0 0 0 0
97 (khugepaged) S 2 0 0 0 -1 2097216 0 0 0 0 0 100 0 0 39 19 1 0 26 0 0 18446744073709551615 0 0 0 0 0 0 0 2147483647 0 0 0 0 17 3 0 0 0 0 0 0 0 0 0 0 0 0 0
97 (khugepaged) S 2 0 0 0 -1 2097216 0 0 0 0 0 100 0 0 39 19 1 0 26 0 0 18446744073709551615 0 0 0 0 0 0 0 2147483647 0 0 0 0 17 3 0 0 0 0 0 0 0 0 0 0 0 0 0
97 (khugepaged) S 2 0 0 0 -1 2097216 0 0 0 0 0 100 0 0 39 19 1 0 26 0 0 18446744073709551615 0 0 0 0 0 0 0 2147483647 0 0 0 0 17 3 0 0 0 0 0 0 0 0 0 0 0 0 0
97 (khugepaged) S 2 0 0 0 -1 2097216 0 0 0 0 0 100 0 0 39 19 1 0 26 0 0 18446744073709551615 0 0 0 0 0 0 0 2147483647 0 0 0 0 17 3 0 0 0 0 0 0 0 0 0 0 0 0 0
97 (khugepaged) S 2 0 0 0 -1 2097216 0 0 0 0 0 100 0 0 39 19 1 0 26 0 0 18446744073709551615 0 0 0 0 0 0 0 2147483647 0 0 0 0 17 3 0 0 0 0 0 0 0 0 0 0 0 0 0
97 (khugepaged) S 2 0 0 0 -1 2097216 0 0 0 0 0 100 0 0 39 19 1 0 26 0 0 18446744073709551615 0 0 0 0 0 0 0 2147483647 0 0 0 0 17 3 0 0 0 0 0 0 0 0 0 0 0 0 0
97 (khugepaged) S 2 0 0 0 -1 2097216 0 0 0 0 0 100 0 0 39 19 1 0 26 0 0 18446744073709551615 0 0 0 0 0 0 0 2147483647 0 0 0 0 17 3 0 0 0 0 0 0 0 0 0 0 0 0 0
97 (khugepaged) S 2 0 0 0 -1 2097216 0 0 0 0 0 132 0 0 39 19 1 0 26 0 0 18446744073709551615 0 0 0 0 0 0 0 2147483647 0 0 0 0 17 3 0 0 0 0 0 0 0 0 0 0 0 0 0
97 (khugepaged) S 2 0 0 0 -1 2097216 0 0 0 0 0 132 0 0 39 19 1 0 26 0 0 18446744073709551615 0 0 0 0 0 0 0 2147483647 0 0 0 0 17 3 0 0 0 0 0 0 0 0 0 0 0 0 0
97 (khugepaged) S 2 0 0 0 -1 2097216 0 0 0 0 0 132 0 0 39 19 1 0 26 0 0 18446744073709551615 0 0 0 0 0 0 0 2147483647 0 0 0 0 17 3 0 0 0 0 0 0 0 0 0 0 0 0 0
97 (khugepaged) S 2 0 0 0 -1 2097216 0 0 0 0 0 132 0 0 39 19 1 0 26 0 0 18446744073709551615 0 0 0 0 0 0 0 2147483647 0 0 0 0 17 3 0 0 0 0 0 0 0 0 0 0 0 0 0
97 (khugepaged) S 2 0 0 0 -1 2097216 0 0 0 0 0 132 0 0 39 19 1 0 26 0 0 18446744073709551615 0 0 0 0 0 0 0 2147483647 0 0 0 0 17 3 0 0 0 0 0 0 0 0 0 0 0 0 0
97 (khugepaged) S 2 0 0 0 -1 2097216 0 0 0 0 0 132 0 0 39 19 1 0 26 0 0 18446744073709551615 0 0 0 0 0 0 0 2147483647 0 0 0 0 17 3 0 0 0 0 0 0 0 0 0 0 0 0 0
97 (khugepaged) S 2 0 0 0 -1 2097216 0 0 0 0 0 132 0 0 39 19 1 0 26 0 0 18446744073709551615 0 0 0 0 0 0 0 2147483647 0 0 0 0 17 3 0 0 0 0 0 0 0 0 0 0 0 0 0
97 (khugepaged) S 2 0 0 0 -1 2097216 0 0 0 0 0 132 0 0 39 19 1 0 26 0 0 18446744073709551615 0 0 0 0 0 0 0 2147483647 0 0 0 0 17 3 0 0 0 0 0 0 0 0 0 0 0 0 0
97 (khugepaged) S 2 0 0 0 -1 2097216 0 0 0 0 0 132 0 0 39 19 1 0 26 0 0 18446744073709551615 0 0 0 0 0 0 0 2147483647 0 0 0 0 17 3 0 0 0 0 0 0 0 0 0 0 0 0 0
97 (khugepaged) S 2 0 0 0 -1 2097216 0 0 0 0 0 193 0 0 39 19 1 0 26 0 0 18446744073709551615 0 0 0 0 0 0 0 2147483647 0 0 0 0 17 4 0 0 0 0 0 0 0 0 0 0 0 0 0
97 (khugepaged) S 2 0 0 0 -1 2097216 0 0 0 0 0 193 0 0 39 19 1 0 26 0 0 18446744073709551615 0 0 0 0 0 0 0 2147483647 0 0 0 0 17 4 0 0 0 0 0 0 0 0 0 0 0 0 0
97 (khugepaged) S 2 0 0 0 -1 2097216 0 0 0 0 0 193 0 0 39 19 1 0 26 0 0 18446744073709551615 0 0 0 0 0 0 0 2147483647 0 0 0 0 17 4 0 0 0 0 0 0 0 0 0 0 0 0 0
97 (khugepaged) S 2 0 0 0 -1 2097216 0 0 0 0 0 193 0 0 39 19 1 0 26 0 0 18446744073709551615 0 0 0 0 0 0 0 2147483647 0 0 0 0 17 4 0 0 0 0 0 0 0 0 0 0 0 0 0
97 (khugepaged) S 2 0 0 0 -1 2097216 0 0 0 0 0 193 0 0 39 19 1 0 26 0 0 18446744073709551615 0 0 0 0 0 0 0 2147483647 0 0 0 0 17 4 0 0 0 0 0 0 0 0 0 0 0 0 0
97 (khugepaged) S 2 0 0 0 -1 2097216 0 0 0 0 0 193 0 0 39 19 1 0 26 0 0 18446744073709551615 0 0 0 0 0 0 0 2147483647 0 0 0 0 17 4 0 0 0 0 0 0 0 0 0 0 0 0 0
97 (khugepaged) R 2 0 0 0 -1 2097216 0 0 0 0 0 250 0 0 39 19 1 0 26 0 0 18446744073709551615 0 0 0 0 0 0 0 2147483647 0 0 0 0 17 5 0 0 0 0 0 0 0 0 0 0 0 0 0
97 (khugepaged) S 2 0 0 0 -1 2097216 0 0 0 0 0 365 0 0 39 19 1 0 26 0 0 18446744073709551615 0 0 0 0 0 0 0 2147483647 0 0 0 0 17 5 0 0 0 0 0 0 0 0 0 0 0 0 0
97 (khugepaged) S 2 0 0 0 -1 2097216 0 0 0 0 0 365 0 0 39 19 1 0 26 0 0 18446744073709551615 0 0 0 0 0 0 0 2147483647 0 0 0 0 17 5 0 0 0 0 0 0 0 0 0 0 0 0 0
97 (khugepaged) S 2 0 0 0 -1 2097216 0 0 0 0 0 365 0 0 39 19 1 0 26 0 0 18446744073709551615 0 0 0 0 0 0 0 2147483647 0 0 0 0 17 5 0 0 0 0 0 0 0 0 0 0 0 0 0
97 (khugepaged) S 2 0 0 0 -1 2097216 0 0 0 0 0 365 0 0 39 19 1 0 26 0 0 18446744073709551615 0 0 0 0 0 0 0 2147483647 0 0 0 0 17 5 0 0 0 0 0 0 0 0 0 0 0 0 0
97 (khugepaged) S 2 0 0 0 -1 2097216 0 0 0 0 0 365 0 0 39 19 1 0 26 0 0 18446744073709551615 0 0 0 0 0 0 0 2147483647 0 0 0 0 17 5 0 0 0 0 0 0 0 0 0 0 0 0 0
97 (khugepaged) S 2 0 0 0 -1 2097216 0 0 0 0 0 365 0 0 39 19 1 0 26 0 0 18446744073709551615 0 0 0 0 0 0 0 2147483647 0 0 0 0 17 5 0 0 0 0 0 0 0 0 0 0 0 0 0
97 (khugepaged) S 2 0 0 0 -1 2097216 0 0 0 0 0 365 0 0 39 19 1 0 26 0 0 18446744073709551615 0 0 0 0 0 0 0 2147483647 0 0 0 0 17 5 0 0 0 0 0 0 0 0 0 0 0 0 0
97 (khugepaged) S 2 0 0 0 -1 2097216 0 0 0 0 0 365 0 0 39 19 1 0 26 0 0 18446744073709551615 0 0 0 0 0 0 0 2147483647 0 0 0 0 17 5 0 0 0 0 0 0 0 0 0 0 0 0 0
97 (khugepaged) S 2 0 0 0 -1 2097216 0 0 0 0 0 365 0 0 39 19 1 0 26 0 0 18446744073709551615 0 0 0 0 0 0 0 2147483647 0 0 0 0 17 5 0 0 0 0 0 0 0 0 0 0 0 0 0
97 (khugepaged) R 2 0 0 0 -1 2097216 0 0 0 0 0 411 0 0 39 19 1 0 26 0 0 18446744073709551615 0 0 0 0 0 0 0 2147483647 0 0 0 0 17 1 0 0 0 0 0 0 0 0 0 0 0 0 0
97 (khugepaged) S 2 0 0 0 -1 2097216 0 0 0 0 0 446 0 0 39 19 1 0 26 0 0 18446744073709551615 0 0 0 0 0 0 0 2147483647 0 0 0 0 17 1 0 0 0 0 0 0 0 0 0 0 0 0 0
97 (khugepaged) S 2 0 0 0 -1 2097216 0 0 0 0 0 446 0 0 39 19 1 0 26 0 0 18446744073709551615 0 0 0 0 0 0 0 2147483647 0 0 0 0 17 1 0 0 0 0 0 0 0 0 0 0 0 0 0
97 (khugepaged) S 2 0 0 0 -1 2097216 0 0 0 0 0 446 0 0 39 19 1 0 26 0 0 18446744073709551615 0 0 0 0 0 0 0 2147483647 0 0 0 0 17 1 0 0 0 0 0 0 0 0 0 0 0 0 0
97 (khugepaged) S 2 0 0 0 -1 2097216 0 0 0 0 0 446 0 0 39 19 1 0 26 0 0 18446744073709551615 0 0 0 0 0 0 0 2147483647 0 0 0 0 17 1 0 0 0 0 0 0 0 0 0 0 0 0 0
97 (khugepaged) S 2 0 0 0 -1 2097216 0 0 0 0 0 446 0 0 39 19 1 0 26 0 0 18446744073709551615 0 0 0 0 0 0 0 2147483647 0 0 0 0 17 1 0 0 0 0 0 0 0 0 0 0 0 0 0
97 (khugepaged) S 2 0 0 0 -1 2097216 0 0 0 0 0 446 0 0 39 19 1 0 26 0 0 18446744073709551615 0 0 0 0 0 0 0 2147483647 0 0 0 0 17 1 0 0 0 0 0 0 0 0 0 0 0 0 0
97 (khugepaged) S 2 0 0 0 -1 2097216 0 0 0 0 0 446 0 0 39 19 1 0 26 0 0 18446744073709551615 0 0 0 0 0 0 0 2147483647 0 0 0 0 17 1 0 0 0 0 0 0 0 0 0 0 0 0 0
97 (khugepaged) S 2 0 0 0 -1 2097216 0 0 0 0 0 446 0 0 39 19 1 0 26 0 0 18446744073709551615 0 0 0 0 0 0 0 2147483647 0 0 0 0 17 1 0 0 0 0 0 0 0 0 0 0 0 0 0
97 (khugepaged) S 2 0 0 0 -1 2097216 0 0 0 0 0 446 0 0 39 19 1 0 26 0 0 18446744073709551615 0 0 0 0 0 0 0 2147483647 0 0 0 0 17 1 0 0 0 0 0 0 0 0 0 0 0 0 0
97 (khugepaged) S 2 0 0 0 -1 2097216 0 0 0 0 0 468 0 0 39 19 1 0 26 0 0 18446744073709551615 0 0 0 0 0 0 0 2147483647 0 0 0 0 17 2 0 0 0 0 0 0 0 0 0 0 0 0 0
97 (khugepaged) S 2 0 0 0 -1 2097216 0 0 0 0 0 468 0 0 39 19 1 0 26 0 0 18446744073709551615 0 0 0 0 0 0 0 2147483647 0 0 0 0 17 2 0 0 0 0 0 0 0 0 0 0 0 0 0
97 (khugepaged) S 2 0 0 0 -1 2097216 0 0 0 0 0 468 0 0 39 19 1 0 26 0 0 18446744073709551615 0 0 0 0 0 0 0 2147483647 0 0 0 0 17 2 0 0 0 0 0 0 0 0 0 0 0 0 0
97 (khugepaged) S 2 0 0 0 -1 2097216 0 0 0 0 0 468 0 0 39 19 1 0 26 0 0 18446744073709551615 0 0 0 0 0 0 0 2147483647 0 0 0 0 17 2 0 0 0 0 0 0 0 0 0 0 0 0 0
97 (khugepaged) S 2 0 0 0 -1 2097216 0 0 0 0 0 468 0 0 39 19 1 0 26 0 0 18446744073709551615 0 0 0 0 0 0 0 2147483647 0 0 0 0 17 2 0 0 0 0 0 0 0 0 0 0 0 0 0
97 (khugepaged) S 2 0 0 0 -1 2097216 0 0 0 0 0 468 0 0 39 19 1 0 26 0 0 18446744073709551615 0 0 0 0 0 0 0 2147483647 0 0 0 0 17 2 0 0 0 0 0 0 0 0 0 0 0 0 0
97 (khugepaged) S 2 0 0 0 -1 2097216 0 0 0 0 0 468 0 0 39 19 1 0 26 0 0 18446744073709551615 0 0 0 0 0 0 0 2147483647 0 0 0 0 17 2 0 0 0 0 0 0 0 0 0 0 0 0 0
97 (khugepaged) S 2 0 0 0 -1 2097216 0 0 0 0 0 468 0 0 39 19 1 0 26 0 0 18446744073709551615 0 0 0 0 0 0 0 2147483647 0 0 0 0 17 2 0 0 0 0 0 0 0 0 0 0 0 0 0
97 (khugepaged) S 2 0 0 0 -1 2097216 0 0 0 0 0 468 0 0 39 19 1 0 26 0 0 18446744073709551615 0 0 0 0 0 0 0 2147483647 0 0 0 0 17 2 0 0 0 0 0 0 0 0 0 0 0 0 0
97 (khugepaged) S 2 0 0 0 -1 2097216 0 0 0 0 0 484 0 0 39 19 1 0 26 0 0 18446744073709551615 0 0 0 0 0 0 0 2147483647 0 0 0 0 17 2 0 0 0 0 0 0 0 0 0 0 0 0 0
97 (khugepaged) S 2 0 0 0 -1 2097216 0 0 0 0 0 484 0 0 39 19 1 0 26 0 0 18446744073709551615 0 0 0 0 0 0 0 2147483647 0 0 0 0 17 2 0 0 0 0 0 0 0 0 0 0 0 0 0
97 (khugepaged) S 2 0 0 0 -1 2097216 0 0 0 0 0 484 0 0 39 19 1 0 26 0 0 18446744073709551615 0 0 0 0 0 0 0 2147483647 0 0 0 0 17 2 0 0 0 0 0 0 0 0 0 0 0 0 0
97 (khugepaged) S 2 0 0 0 -1 2097216 0 0 0 0 0 484 0 0 39 19 1 0 26 0 0 18446744073709551615 0 0 0 0 0 0 0 2147483647 0 0 0 0 17 2 0 0 0 0 0 0 0 0 0 0 0 0 0
97 (khugepaged) S 2 0 0 0 -1 2097216 0 0 0 0 0 484 0 0 39 19 1 0 26 0 0 18446744073709551615 0 0 0 0 0 0 0 2147483647 0 0 0 0 17 2 0 0 0 0 0 0 0 0 0 0 0 0 0
97 (khugepaged) S 2 0 0 0 -1 2097216 0 0 0 0 0 484 0 0 39 19 1 0 26 0 0 18446744073709551615 0 0 0 0 0 0 0 2147483647 0 0 0 0 17 2 0 0 0 0 0 0 0 0 0 0 0 0 0
97 (khugepaged) S 2 0 0 0 -1 2097216 0 0 0 0 0 484 0 0 39 19 1 0 26 0 0 18446744073709551615 0 0 0 0 0 0 0 2147483647 0 0 0 0 17 2 0 0 0 0 0 0 0 0 0 0 0 0 0
97 (khugepaged) S 2 0 0 0 -1 2097216 0 0 0 0 0 484 0 0 39 19 1 0 26 0 0 18446744073709551615 0 0 0 0 0 0 0 2147483647 0 0 0 0 17 2 0 0 0 0 0 0 0 0 0 0 0 0 0
97 (khugepaged) S 2 0 0 0 -1 2097216 0 0 0 0 0 484 0 0 39 19 1 0 26 0 0 18446744073709551615 0 0 0 0 0 0 0 2147483647 0 0 0 0 17 2 0 0 0 0 0 0 0 0 0 0 0 0 0
97 (khugepaged) S 2 0 0 0 -1 2097216 0 0 0 0 0 499 0 0 39 19 1 0 26 0 0 18446744073709551615 0 0 0 0 0 0 0 2147483647 0 0 0 0 17 2 0 0 0 0 0 0 0 0 0 0 0 0 0
97 (khugepaged) S 2 0 0 0 -1 2097216 0 0 0 0 0 499 0 0 39 19 1 0 26 0 0 18446744073709551615 0 0 0 0 0 0 0 2147483647 0 0 0 0 17 2 0 0 0 0 0 0 0 0 0 0 0 0 0
97 (khugepaged) S 2 0 0 0 -1 2097216 0 0 0 0 0 499 0 0 39 19 1 0 26 0 0 18446744073709551615 0 0 0 0 0 0 0 2147483647 0 0 0 0 17 2 0 0 0 0 0 0 0 0 0 0 0 0 0
97 (khugepaged) S 2 0 0 0 -1 2097216 0 0 0 0 0 499 0 0 39 19 1 0 26 0 0 18446744073709551615 0 0 0 0 0 0 0 2147483647 0 0 0 0 17 2 0 0 0 0 0 0 0 0 0 0 0 0 0
97 (khugepaged) S 2 0 0 0 -1 2097216 0 0 0 0 0 499 0 0 39 19 1 0 26 0 0 18446744073709551615 0 0 0 0 0 0 0 2147483647 0 0 0 0 17 2 0 0 0 0 0 0 0 0 0 0 0 0 0
97 (khugepaged) S 2 0 0 0 -1 2097216 0 0 0 0 0 499 0 0 39 19 1 0 26 0 0 18446744073709551615 0 0 0 0 0 0 0 2147483647 0 0 0 0 17 2 0 0 0 0 0 0 0 0 0 0 0 0 0
97 (khugepaged) S 2 0 0 0 -1 2097216 0 0 0 0 0 499 0 0 39 19 1 0 26 0 0 18446744073709551615 0 0 0 0 0 0 0 2147483647 0 0 0 0 17 2 0 0 0 0 0 0 0 0 0 0 0 0 0
97 (khugepaged) S 2 0 0 0 -1 2097216 0 0 0 0 0 499 0 0 39 19 1 0 26 0 0 18446744073709551615 0 0 0 0 0 0 0 2147483647 0 0 0 0 17 2 0 0 0 0 0 0 0 0 0 0 0 0 0
97 (khugepaged) S 2 0 0 0 -1 2097216 0 0 0 0 0 499 0 0 39 19 1 0 26 0 0 18446744073709551615 0 0 0 0 0 0 0 2147483647 0 0 0 0 17 2 0 0 0 0 0 0 0 0 0 0 0 0 0
97 (khugepaged) S 2 0 0 0 -1 2097216 0 0 0 0 0 499 0 0 39 19 1 0 26 0 0 18446744073709551615 0 0 0 0 0 0 0 2147483647 0 0 0 0 17 2 0 0 0 0 0 0 0 0 0 0 0 0 0
97 (khugepaged) S 2 0 0 0 -1 2097216 0 0 0 0 0 504 0 0 39 19 1 0 26 0 0 18446744073709551615 0 0 0 0 0 0 0 2147483647 0 0 0 0 17 3 0 0 0 0 0 0 0 0 0 0 0 0 0
97 (khugepaged) S 2 0 0 0 -1 2097216 0 0 0 0 0 504 0 0 39 19 1 0 26 0 0 18446744073709551615 0 0 0 0 0 0 0 2147483647 0 0 0 0 17 3 0 0 0 0 0 0 0 0 0 0 0 0 0
97 (khugepaged) S 2 0 0 0 -1 2097216 0 0 0 0 0 504 0 0 39 19 1 0 26 0 0 18446744073709551615 0 0 0 0 0 0 0 2147483647 0 0 0 0 17 3 0 0 0 0 0 0 0 0 0 0 0 0 0
97 (khugepaged) S 2 0 0 0 -1 2097216 0 0 0 0 0 504 0 0 39 19 1 0 26 0 0 18446744073709551615 0 0 0 0 0 0 0 2147483647 0 0 0 0 17 3 0 0 0 0 0 0 0 0 0 0 0 0 0
97 (khugepaged) S 2 0 0 0 -1 2097216 0 0 0 0 0 504 0 0 39 19 1 0 26 0 0 18446744073709551615 0 0 0 0 0 0 0 2147483647 0 0 0 0 17 3 0 0 0 0 0 0 0 0 0 0 0 0 0
97 (khugepaged) S 2 0 0 0 -1 2097216 0 0 0 0 0 504 0 0 39 19 1 0 26 0 0 18446744073709551615 0 0 0 0 0 0 0 2147483647 0 0 0 0 17 3 0 0 0 0 0 0 0 0 0 0 0 0 0
97 (khugepaged) S 2 0 0 0 -1 2097216 0 0 0 0 0 504 0 0 39 19 1 0 26 0 0 18446744073709551615 0 0 0 0 0 0 0 2147483647 0 0 0 0 17 3 0 0 0 0 0 0 0 0 0 0 0 0 0
97 (khugepaged) S 2 0 0 0 -1 2097216 0 0 0 0 0 504 0 0 39 19 1 0 26 0 0 18446744073709551615 0 0 0 0 0 0 0 2147483647 0 0 0 0 17 3 0 0 0 0 0 0 0 0 0 0 0 0 0
97 (khugepaged) S 2 0 0 0 -1 2097216 0 0 0 0 0 504 0 0 39 19 1 0 26 0 0 18446744073709551615 0 0 0 0 0 0 0 2147483647 0 0 0 0 17 3 0 0 0 0 0 0 0 0 0 0 0 0 0
97 (khugepaged) S 2 0 0 0 -1 2097216 0 0 0 0 0 504 0 0 39 19 1 0 26 0 0 18446744073709551615 0 0 0 0 0 0 0 2147483647 0 0 0 0 17 3 0 0 0 0 0 0 0 0 0 0 0 0 0
97 (khugepaged) S 2 0 0 0 -1 2097216 0 0 0 0 0 504 0 0 39 19 1 0 26 0 0 18446744073709551615 0 0 0 0 0 0 0 2147483647 0 0 0 0 17 4 0 0 0 0 0 0 0 0 0 0 0 0 0
97 (khugepaged) S 2 0 0 0 -1 2097216 0 0 0 0 0 504 0 0 39 19 1 0 26 0 0 18446744073709551615 0 0 0 0 0 0 0 2147483647 0 0 0 0 17 4 0 0 0 0 0 0 0 0 0 0 0 0 0
97 (khugepaged) S 2 0 0 0 -1 2097216 0 0 0 0 0 504 0 0 39 19 1 0 26 0 0 18446744073709551615 0 0 0 0 0 0 0 2147483647 0 0 0 0 17 4 0 0 0 0 0 0 0 0 0 0 0 0 0
97 (khugepaged) S 2 0 0 0 -1 2097216 0 0 0 0 0 504 0 0 39 19 1 0 26 0 0 18446744073709551615 0 0 0 0 0 0 0 2147483647 0 0 0 0 17 4 0 0 0 0 0 0 0 0 0 0 0 0 0
97 (khugepaged) S 2 0 0 0 -1 2097216 0 0 0 0 0 504 0 0 39 19 1 0 26 0 0 18446744073709551615 0 0 0 0 0 0 0 2147483647 0 0 0 0 17 4 0 0 0 0 0 0 0 0 0 0 0 0 0
97 (khugepaged) S 2 0 0 0 -1 2097216 0 0 0 0 0 504 0 0 39 19 1 0 26 0 0 18446744073709551615 0 0 0 0 0 0 0 2147483647 0 0 0 0 17 4 0 0 0 0 0 0 0 0 0 0 0 0 0
97 (khugepaged) S 2 0 0 0 -1 2097216 0 0 0 0 0 504 0 0 39 19 1 0 26 0 0 18446744073709551615 0 0 0 0 0 0 0 2147483647 0 0 0 0 17 4 0 0 0 0 0 0 0 0 0 0 0 0 0
97 (khugepaged) S 2 0 0 0 -1 2097216 0 0 0 0 0 504 0 0 39 19 1 0 26 0 0 18446744073709551615 0 0 0 0 0 0 0 2147483647 0 0 0 0 17 4 0 0 0 0 0 0 0 0 0 0 0 0 0
97 (khugepaged) S 2 0 0 0 -1 2097216 0 0 0 0 0 504 0 0 39 19 1 0 26 0 0 18446744073709551615 0 0 0 0 0 0 0 2147483647 0 0 0 0 17 4 0 0 0 0 0 0 0 0 0 0 0 0 0
97 (khugepaged) S 2 0 0 0 -1 2097216 0 0 0 0 0 504 0 0 39 19 1 0 26 0 0 18446744073709551615 0 0 0 0 0 0 0 2147483647 0 0 0 0 17 4 0 0 0 0 0 0 0 0 0 0 0 0 0
97 (khugepaged) S 2 0 0 0 -1 2097216 0 0 0 0 0 505 0 0 39 19 1 0 26 0 0 18446744073709551615 0 0 0 0 0 0 0 2147483647 0 0 0 0 17 5 0 0 0 0 0 0 0 0 0 0 0 0 0
97 (khugepaged) S 2 0 0 0 -1 2097216 0 0 0 0 0 505 0 0 39 19 1 0 26 0 0 18446744073709551615 0 0 0 0 0 0 0 2147483647 0 0 0 0 17 5 0 0 0 0 0 0 0 0 0 0 0 0 0
97 (khugepaged) S 2 0 0 0 -1 2097216 0 0 0 0 0 505 0 0 39 19 1 0 26 0 0 18446744073709551615 0 0 0 0 0 0 0 2147483647 0 0 0 0 17 5 0 0 0 0 0 0 0 0 0 0 0 0 0
97 (khugepaged) S 2 0 0 0 -1 2097216 0 0 0 0 0 505 0 0 39 19 1 0 26 0 0 18446744073709551615 0 0 0 0 0 0 0 2147483647 0 0 0 0 17 5 0 0 0 0 0 0 0 0 0 0 0 0 0
97 (khugepaged) S 2 0 0 0 -1 2097216 0 0 0 0 0 505 0 0 39 19 1 0 26 0 0 18446744073709551615 0 0 0 0 0 0 0 2147483647 0 0 0 0 17 5 0 0 0 0 0 0 0 0 0 0 0 0 0
97 (khugepaged) S 2 0 0 0 -1 2097216 0 0 0 0 0 505 0 0 39 19 1 0 26 0 0 18446744073709551615 0 0 0 0 0 0 0 2147483647 0 0 0 0 17 5 0 0 0 0 0 0 0 0 0 0 0 0 0
97 (khugepaged) S 2 0 0 0 -1 2097216 0 0 0 0 0 505 0 0 39 19 1 0 26 0 0 18446744073709551615 0 0 0 0 0 0 0 2147483647 0 0 0 0 17 5 0 0 0 0 0 0 0 0 0 0 0 0 0
97 (khugepaged) S 2 0 0 0 -1 2097216 0 0 0 0 0 505 0 0 39 19 1 0 26 0 0 18446744073709551615 0 0 0 0 0 0 0 2147483647 0 0 0 0 17 5 0 0 0 0 0 0 0 0 0 0 0 0 0
97 (khugepaged) S 2 0 0 0 -1 2097216 0 0 0 0 0 505 0 0 39 19 1 0 26 0 0 18446744073709551615 0 0 0 0 0 0 0 2147483647 0 0 0 0 17 5 0 0 0 0 0 0 0 0 0 0 0 0 0
97 (khugepaged) S 2 0 0 0 -1 2097216 0 0 0 0 0 505 0 0 39 19 1 0 26 0 0 18446744073709551615 0 0 0 0 0 0 0 2147483647 0 0 0 0 17 5 0 0 0 0 0 0 0 0 0 0 0 0 0
97 (khugepaged) S 2 0 0 0 -1 2097216 0 0 0 0 0 505 0 0 39 19 1 0 26 0 0 18446744073709551615 0 0 0 0 0 0 0 2147483647 0 0 0 0 17 4 0 0 0 0 0 0 0 0 0 0 0 0 0
97 (khugepaged) S 2 0 0 0 -1 2097216 0 0 0 0 0 505 0 0 39 19 1 0 26 0 0 18446744073709551615 0 0 0 0 0 0 0 2147483647 0 0 0 0 17 4 0 0 0 0 0 0 0 0 0 0 0 0 0
97 (khugepaged) S 2 0 0 0 -1 2097216 0 0 0 0 0 505 0 0 39 19 1 0 26 0 0 18446744073709551615 0 0 0 0 0 0 0 2147483647 0 0 0 0 17 4 0 0 0 0 0 0 0 0 0 0 0 0 0
97 (khugepaged) S 2 0 0 0 -1 2097216 0 0 0 0 0 505 0 0 39 19 1 0 26 0 0 18446744073709551615 0 0 0 0 0 0 0 2147483647 0 0 0 0 17 4 0 0 0 0 0 0 0 0 0 0 0 0 0
97 (khugepaged) S 2 0 0 0 -1 2097216 0 0 0 0 0 505 0 0 39 19 1 0 26 0 0 18446744073709551615 0 0 0 0 0 0 0 2147483647 0 0 0 0 17 4 0 0 0 0 0 0 0 0 0 0 0 0 0
97 (khugepaged) S 2 0 0 0 -1 2097216 0 0 0 0 0 505 0 0 39 19 1 0 26 0 0 18446744073709551615 0 0 0 0 0 0 0 2147483647 0 0 0 0 17 4 0 0 0 0 0 0 0 0 0 0 0 0 0
97 (khugepaged) S 2 0 0 0 -1 2097216 0 0 0 0 0 505 0 0 39 19 1 0 26 0 0 18446744073709551615 0 0 0 0 0 0 0 2147483647 0 0 0 0 17 4 0 0 0 0 0 0 0 0 0 0 0 0 0
97 (khugepaged) S 2 0 0 0 -1 2097216 0 0 0 0 0 505 0 0 39 19 1 0 26 0 0 18446744073709551615 0 0 0 0 0 0 0 2147483647 0 0 0 0 17 4 0 0 0 0 0 0 0 0 0 0 0 0 0
97 (khugepaged) S 2 0 0 0 -1 2097216 0 0 0 0 0 505 0 0 39 19 1 0 26 0 0 18446744073709551615 0 0 0 0 0 0 0 2147483647 0 0 0 0 17 4 0 0 0 0 0 0 0 0 0 0 0 0 0
97 (khugepaged) S 2 0 0 0 -1 2097216 0 0 0 0 0 505 0 0 39 19 1 0 26 0 0 18446744073709551615 0 0 0 0 0 0 0 2147483647 0 0 0 0 17 5 0 0 0 0 0 0 0 0 0 0 0 0 0
97 (khugepaged) S 2 0 0 0 -1 2097216 0 0 0 0 0 505 0 0 39 19 1 0 26 0 0 18446744073709551615 0 0 0 0 0 0 0 2147483647 0 0 0 0 17 5 0 0 0 0 0 0 0 0 0 0 0 0 0
97 (khugepaged) S 2 0 0 0 -1 2097216 0 0 0 0 0 505 0 0 39 19 1 0 26 0 0 18446744073709551615 0 0 0 0 0 0 0 2147483647 0 0 0 0 17 5 0 0 0 0 0 0 0 0 0 0 0 0 0
97 (khugepaged) S 2 0 0 0 -1 2097216 0 0 0 0 0 505 0 0 39 19 1 0 26 0 0 18446744073709551615 0 0 0 0 0 0 0 2147483647 0 0 0 0 17 5 0 0 0 0 0 0 0 0 0 0 0 0 0
97 (khugepaged) S 2 0 0 0 -1 2097216 0 0 0 0 0 505 0 0 39 19 1 0 26 0 0 18446744073709551615 0 0 0 0 0 0 0 2147483647 0 0 0 0 17 5 0 0 0 0 0 0 0 0 0 0 0 0 0
97 (khugepaged) S 2 0 0 0 -1 2097216 0 0 0 0 0 505 0 0 39 19 1 0 26 0 0 18446744073709551615 0 0 0 0 0 0 0 2147483647 0 0 0 0 17 5 0 0 0 0 0 0 0 0 0 0 0 0 0
97 (khugepaged) S 2 0 0 0 -1 2097216 0 0 0 0 0 505 0 0 39 19 1 0 26 0 0 18446744073709551615 0 0 0 0 0 0 0 2147483647 0 0 0 0 17 5 0 0 0 0 0 0 0 0 0 0 0 0 0
97 (khugepaged) S 2 0 0 0 -1 2097216 0 0 0 0 0 505 0 0 39 19 1 0 26 0 0 18446744073709551615 0 0 0 0 0 0 0 2147483647 0 0 0 0 17 5 0 0 0 0 0 0 0 0 0 0 0 0 0
97 (khugepaged) S 2 0 0 0 -1 2097216 0 0 0 0 0 505 0 0 39 19 1 0 26 0 0 18446744073709551615 0 0 0 0 0 0 0 2147483647 0 0 0 0 17 5 0 0 0 0 0 0 0 0 0 0 0 0 0
97 (khugepaged) S 2 0 0 0 -1 2097216 0 0 0 0 0 505 0 0 39 19 1 0 26 0 0 18446744073709551615 0 0 0 0 0 0 0 2147483647 0 0 0 0 17 5 0 0 0 0 0 0 0 0 0 0 0 0 0
97 (khugepaged) S 2 0 0 0 -1 2097216 0 0 0 0 0 505 0 0 39 19 1 0 26 0 0 18446744073709551615 0 0 0 0 0 0 0 2147483647 0 0 0 0 17 2 0 0 0 0 0 0 0 0 0 0 0 0 0
97 (khugepaged) S 2 0 0 0 -1 2097216 0 0 0 0 0 505 0 0 39 19 1 0 26 0 0 18446744073709551615 0 0 0 0 0 0 0 2147483647 0 0 0 0 17 2 0 0 0 0 0 0 0 0 0 0 0 0 0
97 (khugepaged) S 2 0 0 0 -1 2097216 0 0 0 0 0 505 0 0 39 19 1 0 26 0 0 18446744073709551615 0 0 0 0 0 0 0 2147483647 0 0 0 0 17 2 0 0 0 0 0 0 0 0 0 0 0 0 0
97 (khugepaged) S 2 0 0 0 -1 2097216 0 0 0 0 0 505 0 0 39 19 1 0 26 0 0 18446744073709551615 0 0 0 0 0 0 0 2147483647 0 0 0 0 17 2 0 0 0 0 0 0 0 0 0 0 0 0 0
97 (khugepaged) S 2 0 0 0 -1 2097216 0 0 0 0 0 505 0 0 39 19 1 0 26 0 0 18446744073709551615 0 0 0 0 0 0 0 2147483647 0 0 0 0 17 2 0 0 0 0 0 0 0 0 0 0 0 0 0
97 (khugepaged) S 2 0 0 0 -1 2097216 0 0 0 0 0 505 0 0 39 19 1 0 26 0 0 18446744073709551615 0 0 0 0 0 0 0 2147483647 0 0 0 0 17 2 0 0 0 0 0 0 0 0 0 0 0 0 0
97 (khugepaged) S 2 0 0 0 -1 2097216 0 0 0 0 0 505 0 0 39 19 1 0 26 0 0 18446744073709551615 0 0 0 0 0 0 0 2147483647 0 0 0 0 17 2 0 0 0 0 0 0 0 0 0 0 0 0 0
97 (khugepaged) S 2 0 0 0 -1 2097216 0 0 0 0 0 505 0 0 39 19 1 0 26 0 0 18446744073709551615 0 0 0 0 0 0 0 2147483647 0 0 0 0 17 2 0 0 0 0 0 0 0 0 0 0 0 0 0
97 (khugepaged) S 2 0 0 0 -1 2097216 0 0 0 0 0 505 0 0 39 19 1 0 26 0 0 18446744073709551615 0 0 0 0 0 0 0 2147483647 0 0 0 0 17 2 0 0 0 0 0 0 0 0 0 0 0 0 0
97 (khugepaged) S 2 0 0 0 -1 2097216 0 0 0 0 0 534 0 0 39 19 1 0 26 0 0 18446744073709551615 0 0 0 0 0 0 0 2147483647 0 0 0 0 17 3 0 0 0 0 0 0 0 0 0 0 0 0 0
97 (khugepaged) S 2 0 0 0 -1 2097216 0 0 0 0 0 534 0 0 39 19 1 0 26 0 0 18446744073709551615 0 0 0 0 0 0 0 2147483647 0 0 0 0 17 3 0 0 0 0 0 0 0 0 0 0 0 0 0
97 (khugepaged) S 2 0 0 0 -1 2097216 0 0 0 0 0 534 0 0 39 19 1 0 26 0 0 18446744073709551615 0 0 0 0 0 0 0 2147483647 0 0 0 0 17 3 0 0 0 0 0 0 0 0 0 0 0 0 0
97 (khugepaged) S 2 0 0 0 -1 2097216 0 0 0 0 0 534 0 0 39 19 1 0 26 0 0 18446744073709551615 0 0 0 0 0 0 0 2147483647 0 0 0 0 17 3 0 0 0 0 0 0 0 0 0 0 0 0 0
97 (khugepaged) S 2 0 0 0 -1 2097216 0 0 0 0 0 534 0 0 39 19 1 0 26 0 0 18446744073709551615 0 0 0 0 0 0 0 2147483647 0 0 0 0 17 3 0 0 0 0 0 0 0 0 0 0 0 0 0
97 (khugepaged) S 2 0 0 0 -1 2097216 0 0 0 0 0 534 0 0 39 19 1 0 26 0 0 18446744073709551615 0 0 0 0 0 0 0 2147483647 0 0 0 0 17 3 0 0 0 0 0 0 0 0 0 0 0 0 0
97 (khugepaged) S 2 0 0 0 -1 2097216 0 0 0 0 0 534 0 0 39 19 1 0 26 0 0 18446744073709551615 0 0 0 0 0 0 0 2147483647 0 0 0 0 17 3 0 0 0 0 0 0 0 0 0 0 0 0 0
97 (khugepaged) S 2 0 0 0 -1 2097216 0 0 0 0 0 534 0 0 39 19 1 0 26 0 0 18446744073709551615 0 0 0 0 0 0 0 2147483647 0 0 0 0 17 3 0 0 0 0 0 0 0 0 0 0 0 0 0
97 (khugepaged) S 2 0 0 0 -1 2097216 0 0 0 0 0 534 0 0 39 19 1 0 26 0 0 18446744073709551615 0 0 0 0 0 0 0 2147483647 0 0 0 0 17 3 0 0 0 0 0 0 0 0 0 0 0 0 0
97 (khugepaged) S 2 0 0 0 -1 2097216 0 0 0 0 0 571 0 0 39 19 1 0 26 0 0 18446744073709551615 0 0 0 0 0 0 0 2147483647 0 0 0 0 17 4 0 0 0 0 0 0 0 0 0 0 0 0 0
97 (khugepaged) S 2 0 0 0 -1 2097216 0 0 0 0 0 571 0 0 39 19 1 0 26 0 0 18446744073709551615 0 0 0 0 0 0 0 2147483647 0 0 0 0 17 4 0 0 0 0 0 0 0 0 0 0 0 0 0
97 (khugepaged) S 2 0 0 0 -1 2097216 0 0 0 0 0 571 0 0 39 19 1 0 26 0 0 18446744073709551615 0 0 0 0 0 0 0 2147483647 0 0 0 0 17 4 0 0 0 0 0 0 0 0 0 0 0 0 0
97 (khugepaged) S 2 0 0 0 -1 2097216 0 0 0 0 0 571 0 0 39 19 1 0 26 0 0 18446744073709551615 0 0 0 0 0 0 0 2147483647 0 0 0 0 17 4 0 0 0 0 0 0 0 0 0 0 0 0 0
97 (khugepaged) S 2 0 0 0 -1 2097216 0 0 0 0 0 571 0 0 39 19 1 0 26 0 0 18446744073709551615 0 0 0 0 0 0 0 2147483647 0 0 0 0 17 4 0 0 0 0 0 0 0 0 0 0 0 0 0
97 (khugepaged) S 2 0 0 0 -1 2097216 0 0 0 0 0 571 0 0 39 19 1 0 26 0 0 18446744073709551615 0 0 0 0 0 0 0 2147483647 0 0 0 0 17 4 0 0 0 0 0 0 0 0 0 0 0 0 0
97 (khugepaged) S 2 0 0 0 -1 2097216 0 0 0 0 0 571 0 0 39 19 1 0 26 0 0 18446744073709551615 0 0 0 0 0 0 0 2147483647 0 0 0 0 17 4 0 0 0 0 0 0 0 0 0 0 0 0 0
97 (khugepaged) S 2 0 0 0 -1 2097216 0 0 0 0 0 571 0 0 39 19 1 0 26 0 0 18446744073709551615 0 0 0 0 0 0 0 2147483647 0 0 0 0 17 4 0 0 0 0 0 0 0 0 0 0 0 0 0
97 (khugepaged) S 2 0 0 0 -1 2097216 0 0 0 0 0 571 0 0 39 19 1 0 26 0 0 18446744073709551615 0 0 0 0 0 0 0 2147483647 0 0 0 0 17 4 0 0 0 0 0 0 0 0 0 0 0 0 0
97 (khugepaged) S 2 0 0 0 -1 2097216 0 0 0 0 0 620 0 0 39 19 1 0 26 0 0 18446744073709551615 0 0 0 0 0 0 0 2147483647 0 0 0 0 17 4 0 0 0 0 0 0 0 0 0 0 0 0 0
97 (khugepaged) S 2 0 0 0 -1 2097216 0 0 0 0 0 620 0 0 39 19 1 0 26 0 0 18446744073709551615 0 0 0 0 0 0 0 2147483647 0 0 0 0 17 4 0 0 0 0 0 0 0 0 0 0 0 0 0
97 (khugepaged) S 2 0 0 0 -1 2097216 0 0 0 0 0 620 0 0 39 19 1 0 26 0 0 18446744073709551615 0 0 0 0 0 0 0 2147483647 0 0 0 0 17 4 0 0 0 0 0 0 0 0 0 0 0 0 0
97 (khugepaged) S 2 0 0 0 -1 2097216 0 0 0 0 0 620 0 0 39 19 1 0 26 0 0 18446744073709551615 0 0 0 0 0 0 0 2147483647 0 0 0 0 17 4 0 0 0 0 0 0 0 0 0 0 0 0 0
97 (khugepaged) S 2 0 0 0 -1 2097216 0 0 0 0 0 620 0 0 39 19 1 0 26 0 0 18446744073709551615 0 0 0 0 0 0 0 2147483647 0 0 0 0 17 4 0 0 0 0 0 0 0 0 0 0 0 0 0
97 (khugepaged) S 2 0 0 0 -1 2097216 0 0 0 0 0 620 0 0 39 19 1 0 26 0 0 18446744073709551615 0 0 0 0 0 0 0 2147483647 0 0 0 0 17 4 0 0 0 0 0 0 0 0 0 0 0 0 0
97 (khugepaged) R 2 0 0 0 -1 2097216 0 0 0 0 0 804 0 0 39 19 1 0 26 0 0 18446744073709551615 0 0 0 0 0 0 0 2147483647 0 0 0 0 17 5 0 0 0 0 0 0 0 0 0 0 0 0 0
97 (khugepaged) S 2 0 0 0 -1 2097216 0 0 0 0 0 814 0 0 39 19 1 0 26 0 0 18446744073709551615 0 0 0 0 0 0 0 2147483647 0 0 0 0 17 5 0 0 0 0 0 0 0 0 0 0 0 0 0
97 (khugepaged) S 2 0 0 0 -1 2097216 0 0 0 0 0 814 0 0 39 19 1 0 26 0 0 18446744073709551615 0 0 0 0 0 0 0 2147483647 0 0 0 0 17 5 0 0 0 0 0 0 0 0 0 0 0 0 0
97 (khugepaged) S 2 0 0 0 -1 2097216 0 0 0 0 0 814 0 0 39 19 1 0 26 0 0 18446744073709551615 0 0 0 0 0 0 0 2147483647 0 0 0 0 17 5 0 0 0 0 0 0 0 0 0 0 0 0 0
97 (khugepaged) S 2 0 0 0 -1 2097216 0 0 0 0 0 814 0 0 39 19 1 0 26 0 0 18446744073709551615 0 0 0 0 0 0 0 2147483647 0 0 0 0 17 5 0 0 0 0 0 0 0 0 0 0 0 0 0
97 (khugepaged) S 2 0 0 0 -1 2097216 0 0 0 0 0 814 0 0 39 19 1 0 26 0 0 18446744073709551615 0 0 0 0 0 0 0 2147483647 0 0 0 0 17 5 0 0 0 0 0 0 0 0 0 0 0 0 0
97 (khugepaged) S 2 0 0 0 -1 2097216 0 0 0 0 0 814 0 0 39 19 1 0 26 0 0 18446744073709551615 0 0 0 0 0 0 0 2147483647 0 0 0 0 17 5 0 0 0 0 0 0 0 0 0 0 0 0 0
97 (khugepaged) S 2 0 0 0 -1 2097216 0 0 0 0 0 814 0 0 39 19 1 0 26 0 0 18446744073709551615 0 0 0 0 0 0 0 2147483647 0 0 0 0 17 5 0 0 0 0 0 0 0 0 0 0 0 0 0
97 (khugepaged) S 2 0 0 0 -1 2097216 0 0 0 0 0 814 0 0 39 19 1 0 26 0 0 18446744073709551615 0 0 0 0 0 0 0 2147483647 0 0 0 0 17 5 0 0 0 0 0 0 0 0 0 0 0 0 0
97 (khugepaged) S 2 0 0 0 -1 2097216 0 0 0 0 0 814 0 0 39 19 1 0 26 0 0 18446744073709551615 0 0 0 0 0 0 0 2147483647 0 0 0 0 17 5 0 0 0 0 0 0 0 0 0 0 0 0 0
97 (khugepaged) S 2 0 0 0 -1 2097216 0 0 0 0 0 867 0 0 39 19 1 0 26 0 0 18446744073709551615 0 0 0 0 0 0 0 2147483647 0 0 0 0 17 0 0 0 0 0 0 0 0 0 0 0 0 0 0
97 (khugepaged) S 2 0 0 0 -1 2097216 0 0 0 0 0 867 0 0 39 19 1 0 26 0 0 18446744073709551615 0 0 0 0 0 0 0 2147483647 0 0 0 0 17 0 0 0 0 0 0 0 0 0 0 0 0 0 0
97 (khugepaged) S 2 0 0 0 -1 2097216 0 0 0 0 0 867 0 0 39 19 1 0 26 0 0 18446744073709551615 0 0 0 0 0 0 0 2147483647 0 0 0 0 17 0 0 0 0 0 0 0 0 0 0 0 0 0 0
97 (khugepaged) S 2 0 0 0 -1 2097216 0 0 0 0 0 867 0 0 39 19 1 0 26 0 0 18446744073709551615 0 0 0 0 0 0 0 2147483647 0 0 0 0 17 0 0 0 0 0 0 0 0 0 0 0 0 0 0
97 (khugepaged) S 2 0 0 0 -1 2097216 0 0 0 0 0 867 0 0 39 19 1 0 26 0 0 18446744073709551615 0 0 0 0 0 0 0 2147483647 0 0 0 0 17 0 0 0 0 0 0 0 0 0 0 0 0 0 0
97 (khugepaged) S 2 0 0 0 -1 2097216 0 0 0 0 0 867 0 0 39 19 1 0 26 0 0 18446744073709551615 0 0 0 0 0 0 0 2147483647 0 0 0 0 17 0 0 0 0 0 0 0 0 0 0 0 0 0 0
97 (khugepaged) S 2 0 0 0 -1 2097216 0 0 0 0 0 867 0 0 39 19 1 0 26 0 0 18446744073709551615 0 0 0 0 0 0 0 2147483647 0 0 0 0 17 0 0 0 0 0 0 0 0 0 0 0 0 0 0
97 (khugepaged) S 2 0 0 0 -1 2097216 0 0 0 0 0 867 0 0 39 19 1 0 26 0 0 18446744073709551615 0 0 0 0 0 0 0 2147483647 0 0 0 0 17 0 0 0 0 0 0 0 0 0 0 0 0 0 0
97 (khugepaged) S 2 0 0 0 -1 2097216 0 0 0 0 0 867 0 0 39 19 1 0 26 0 0 18446744073709551615 0 0 0 0 0 0 0 2147483647 0 0 0 0 17 0 0 0 0 0 0 0 0 0 0 0 0 0 0
97 (khugepaged) S 2 0 0 0 -1 2097216 0 0 0 0 0 889 0 0 39 19 1 0 26 0 0 18446744073709551615 0 0 0 0 0 0 0 2147483647 0 0 0 0 17 0 0 0 0 0 0 0 0 0 0 0 0 0 0
97 (khugepaged) S 2 0 0 0 -1 2097216 0 0 0 0 0 889 0 0 39 19 1 0 26 0 0 18446744073709551615 0 0 0 0 0 0 0 2147483647 0 0 0 0 17 0 0 0 0 0 0 0 0 0 0 0 0 0 0
97 (khugepaged) S 2 0 0 0 -1 2097216 0 0 0 0 0 889 0 0 39 19 1 0 26 0 0 18446744073709551615 0 0 0 0 0 0 0 2147483647 0 0 0 0 17 0 0 0 0 0 0 0 0 0 0 0 0 0 0
97 (khugepaged) S 2 0 0 0 -1 2097216 0 0 0 0 0 889 0 0 39 19 1 0 26 0 0 18446744073709551615 0 0 0 0 0 0 0 2147483647 0 0 0 0 17 0 0 0 0 0 0 0 0 0 0 0 0 0 0
97 (khugepaged) S 2 0 0 0 -1 2097216 0 0 0 0 0 889 0 0 39 19 1 0 26 0 0 18446744073709551615 0 0 0 0 0 0 0 2147483647 0 0 0 0 17 0 0 0 0 0 0 0 0 0 0 0 0 0 0
97 (khugepaged) S 2 0 0 0 -1 2097216 0 0 0 0 0 889 0 0 39 19 1 0 26 0 0 18446744073709551615 0 0 0 0 0 0 0 2147483647 0 0 0 0 17 0 0 0 0 0 0 0 0 0 0 0 0 0 0
97 (khugepaged) S 2 0 0 0 -1 2097216 0 0 0 0 0 889 0 0 39 19 1 0 26 0 0 18446744073709551615 0 0 0 0 0 0 0 2147483647 0 0 0 0 17 0 0 0 0 0 0 0 0 0 0 0 0 0 0
97 (khugepaged) S 2 0 0 0 -1 2097216 0 0 0 0 0 889 0 0 39 19 1 0 26 0 0 18446744073709551615 0 0 0 0 0 0 0 2147483647 0 0 0 0 17 0 0 0 0 0 0 0 0 0 0 0 0 0 0
97 (khugepaged) S 2 0 0 0 -1 2097216 0 0 0 0 0 889 0 0 39 19 1 0 26 0 0 18446744073709551615 0 0 0 0 0 0 0 2147483647 0 0 0 0 17 0 0 0 0 0 0 0 0 0 0 0 0 0 0
97 (khugepaged) R 2 0 0 0 -1 2097216 0 0 0 0 0 908 0 0 39 19 1 0 26 0 0 18446744073709551615 0 0 0 0 0 0 0 2147483647 0 0 0 0 17 0 0 0 0 0 0 0 0 0 0 0 0 0 0
97 (khugepaged) S 2 0 0 0 -1 2097216 0 0 0 0 0 917 0 0 39 19 1 0 26 0 0 18446744073709551615 0 0 0 0 0 0 0 2147483647 0 0 0 0 17 0 0 0 0 0 0 0 0 0 0 0 0 0 0
97 (khugepaged) S 2 0 0 0 -1 2097216 0 0 0 0 0 917 0 0 39 19 1 0 26 0 0 18446744073709551615 0 0 0 0 0 0 0 2147483647 0 0 0 0 17 0 0 0 0 0 0 0 0 0 0 0 0 0 0
97 (khugepaged) S 2 0 0 0 -1 2097216 0 0 0 0 0 917 0 0 39 19 1 0 26 0 0 18446744073709551615 0 0 0 0 0 0 0 2147483647 0 0 0 0 17 0 0 0 0 0 0 0 0 0 0 0 0 0 0
97 (khugepaged) S 2 0 0 0 -1 2097216 0 0 0 0 0 917 0 0 39 19 1 0 26 0 0 18446744073709551615 0 0 0 0 0 0 0 2147483647 0 0 0 0 17 0 0 0 0 0 0 0 0 0 0 0 0 0 0
97 (khugepaged) S 2 0 0 0 -1 2097216 0 0 0 0 0 917 0 0 39 19 1 0 26 0 0 18446744073709551615 0 0 0 0 0 0 0 2147483647 0 0 0 0 17 0 0 0 0 0 0 0 0 0 0 0 0 0 0
97 (khugepaged) S 2 0 0 0 -1 2097216 0 0 0 0 0 917 0 0 39 19 1 0 26 0 0 18446744073709551615 0 0 0 0 0 0 0 2147483647 0 0 0 0 17 0 0 0 0 0 0 0 0 0 0 0 0 0 0
97 (khugepaged) S 2 0 0 0 -1 2097216 0 0 0 0 0 917 0 0 39 19 1 0 26 0 0 18446744073709551615 0 0 0 0 0 0 0 2147483647 0 0 0 0 17 0 0 0 0 0 0 0 0 0 0 0 0 0 0
97 (khugepaged) S 2 0 0 0 -1 2097216 0 0 0 0 0 917 0 0 39 19 1 0 26 0 0 18446744073709551615 0 0 0 0 0 0 0 2147483647 0 0 0 0 17 0 0 0 0 0 0 0 0 0 0 0 0 0 0
97 (khugepaged) S 2 0 0 0 -1 2097216 0 0 0 0 0 917 0 0 39 19 1 0 26 0 0 18446744073709551615 0 0 0 0 0 0 0 2147483647 0 0 0 0 17 0 0 0 0 0 0 0 0 0 0 0 0 0 0
97 (khugepaged) S 2 0 0 0 -1 2097216 0 0 0 0 0 949 0 0 39 19 1 0 26 0 0 18446744073709551615 0 0 0 0 0 0 0 2147483647 0 0 0 0 17 0 0 0 0 0 0 0 0 0 0 0 0 0 0
97 (khugepaged) S 2 0 0 0 -1 2097216 0 0 0 0 0 949 0 0 39 19 1 0 26 0 0 18446744073709551615 0 0 0 0 0 0 0 2147483647 0 0 0 0 17 0 0 0 0 0 0 0 0 0 0 0 0 0 0
97 (khugepaged) S 2 0 0 0 -1 2097216 0 0 0 0 0 949 0 0 39 19 1 0 26 0 0 18446744073709551615 0 0 0 0 0 0 0 2147483647 0 0 0 0 17 0 0 0 0 0 0 0 0 0 0 0 0 0 0
97 (khugepaged) S 2 0 0 0 -1 2097216 0 0 0 0 0 949 0 0 39 19 1 0 26 0 0 18446744073709551615 0 0 0 0 0 0 0 2147483647 0 0 0 0 17 0 0 0 0 0 0 0 0 0 0 0 0 0 0
97 (khugepaged) S 2 0 0 0 -1 2097216 0 0 0 0 0 949 0 0 39 19 1 0 26 0 0 18446744073709551615 0 0 0 0 0 0 0 2147483647 0 0 0 0 17 0 0 0 0 0 0 0 0 0 0 0 0 0 0
97 (khugepaged) S 2 0 0 0 -1 2097216 0 0 0 0 0 949 0 0 39 19 1 0 26 0 0 18446744073709551615 0 0 0 0 0 0 0 2147483647 0 0 0 0 17 0 0 0 0 0 0 0 0 0 0 0 0 0 0
97 (khugepaged) S 2 0 0 0 -1 2097216 0 0 0 0 0 949 0 0 39 19 1 0 26 0 0 18446744073709551615 0 0 0 0 0 0 0 2147483647 0 0 0 0 17 0 0 0 0 0 0 0 0 0 0 0 0 0 0
97 (khugepaged) S 2 0 0 0 -1 2097216 0 0 0 0 0 949 0 0 39 19 1 0 26 0 0 18446744073709551615 0 0 0 0 0 0 0 2147483647 0 0 0 0 17 0 0 0 0 0 0 0 0 0 0 0 0 0 0
97 (khugepaged) S 2 0 0 0 -1 2097216 0 0 0 0 0 949 0 0 39 19 1 0 26 0 0 18446744073709551615 0 0 0 0 0 0 0 2147483647 0 0 0 0 17 0 0 0 0 0 0 0 0 0 0 0 0 0 0
97 (khugepaged) R 2 0 0 0 -1 2097216 0 0 0 0 0 951 0 0 39 19 1 0 26 0 0 18446744073709551615 0 0 0 0 0 0 0 2147483647 0 0 0 0 17 4 0 0 0 0 0 0 0 0 0 0 0 0 0
97 (khugepaged) S 2 0 0 0 -1 2097216 0 0 0 0 0 979 0 0 39 19 1 0 26 0 0 18446744073709551615 0 0 0 0 0 0 0 2147483647 0 0 0 0 17 4 0 0 0 0 0 0 0 0 0 0 0 0 0
97 (khugepaged) S 2 0 0 0 -1 2097216 0 0 0 0 0 979 0 0 39 19 1 0 26 0 0 18446744073709551615 0 0 0 0 0 0 0 2147483647 0 0 0 0 17 4 0 0 0 0 0 0 0 0 0 0 0 0 0
97 (khugepaged) S 2 0 0 0 -1 2097216 0 0 0 0 0 979 0 0 39 19 1 0 26 0 0 18446744073709551615 0 0 0 0 0 0 0 2147483647 0 0 0 0 17 4 0 0 0 0 0 0 0 0 0 0 0 0 0
97 (khugepaged) S 2 0 0 0 -1 2097216 0 0 0 0 0 979 0 0 39 19 1 0 26 0 0 18446744073709551615 0 0 0 0 0 0 0 2147483647 0 0 0 0 17 4 0 0 0 0 0 0 0 0 0 0 0 0 0
97 (khugepaged) S 2 0 0 0 -1 2097216 0 0 0 0 0 979 0 0 39 19 1 0 26 0 0 18446744073709551615 0 0 0 0 0 0 0 2147483647 0 0 0 0 17 4 0 0 0 0 0 0 0 0 0 0 0 0 0
97 (khugepaged) S 2 0 0 0 -1 2097216 0 0 0 0 0 979 0 0 39 19 1 0 26 0 0 18446744073709551615 0 0 0 0 0 0 0 2147483647 0 0 0 0 17 4 0 0 0 0 0 0 0 0 0 0 0 0 0
97 (khugepaged) S 2 0 0 0 -1 2097216 0 0 0 0 0 979 0 0 39 19 1 0 26 0 0 18446744073709551615 0 0 0 0 0 0 0 2147483647 0 0 0 0 17 4 0 0 0 0 0 0 0 0 0 0 0 0 0
97 (khugepaged) S 2 0 0 0 -1 2097216 0 0 0 0 0 979 0 0 39 19 1 0 26 0 0 18446744073709551615 0 0 0 0 0 0 0 2147483647 0 0 0 0 17 4 0 0 0 0 0 0 0 0 0 0 0 0 0
97 (khugepaged) S 2 0 0 0 -1 2097216 0 0 0 0 0 979 0 0 39 19 1 0 26 0 0 18446744073709551615 0 0 0 0 0 0 0 2147483647 0 0 0 0 17 4 0 0 0 0 0 0 0 0 0 0 0 0 0
97 (khugepaged) S 2 0 0 0 -1 2097216 0 0 0 0 0 985 0 0 39 19 1 0 26 0 0 18446744073709551615 0 0 0 0 0 0 0 2147483647 0 0 0 0 17 5 0 0 0 0 0 0 0 0 0 0 0 0 0
97 (khugepaged) S 2 0 0 0 -1 2097216 0 0 0 0 0 985 0 0 39 19 1 0 26 0 0 18446744073709551615 0 0 0 0 0 0 0 2147483647 0 0 0 0 17 5 0 0 0 0 0 0 0 0 0 0 0 0 0
97 (khugepaged) S 2 0 0 0 -1 2097216 0 0 0 0 0 985 0 0 39 19 1 0 26 0 0 18446744073709551615 0 0 0 0 0 0 0 2147483647 0 0 0 0 17 5 0 0 0 0 0 0 0 0 0 0 0 0 0
97 (khugepaged) S 2 0 0 0 -1 2097216 0 0 0 0 0 985 0 0 39 19 1 0 26 0 0 18446744073709551615 0 0 0 0 0 0 0 2147483647 0 0 0 0 17 5 0 0 0 0 0 0 0 0 0 0 0 0 0
97 (khugepaged) S 2 0 0 0 -1 2097216 0 0 0 0 0 985 0 0 39 19 1 0 26 0 0 18446744073709551615 0 0 0 0 0 0 0 2147483647 0 0 0 0 17 5 0 0 0 0 0 0 0 0 0 0 0 0 0
97 (khugepaged) S 2 0 0 0 -1 2097216 0 0 0 0 0 985 0 0 39 19 1 0 26 0 0 18446744073709551615 0 0 0 0 0 0 0 2147483647 0 0 0 0 17 5 0 0 0 0 0 0 0 0 0 0 0 0 0
97 (khugepaged) S 2 0 0 0 -1 2097216 0 0 0 0 0 985 0 0 39 19 1 0 26 0 0 18446744073709551615 0 0 0 0 0 0 0 2147483647 0 0 0 0 17 5 0 0 0 0 0 0 0 0 0 0 0 0 0
97 (khugepaged) S 2 0 0 0 -1 2097216 0 0 0 0 0 985 0 0 39 19 1 0 26 0 0 18446744073709551615 0 0 0 0 0 0 0 2147483647 0 0 0 0 17 5 0 0 0 0 0 0 0 0 0 0 0 0 0
97 (khugepaged) S 2 0 0 0 -1 2097216 0 0 0 0 0 985 0 0 39 19 1 0 26 0 0 18446744073709551615 0 0 0 0 0 0 0 2147483647 0 0 0 0 17 5 0 0 0 0 0 0 0 0 0 0 0 0 0
97 (khugepaged) S 2 0 0 0 -1 2097216 0 0 0 0 0 985 0 0 39 19 1 0 26 0 0 18446744073709551615 0 0 0 0 0 0 0 2147483647 0 0 0 0 17 5 0 0 0 0 0 0 0 0 0 0 0 0 0
97 (khugepaged) S 2 0 0 0 -1 2097216 0 0 0 0 0 985 0 0 39 19 1 0 26 0 0 18446744073709551615 0 0 0 0 0 0 0 2147483647 0 0 0 0 17 5 0 0 0 0 0 0 0 0 0 0 0 0 0
97 (khugepaged) S 2 0 0 0 -1 2097216 0 0 0 0 0 985 0 0 39 19 1 0 26 0 0 18446744073709551615 0 0 0 0 0 0 0 2147483647 0 0 0 0 17 5 0 0 0 0 0 0 0 0 0 0 0 0 0
97 (khugepaged) S 2 0 0 0 -1 2097216 0 0 0 0 0 985 0 0 39 19 1 0 26 0 0 18446744073709551615 0 0 0 0 0 0 0 2147483647 0 0 0 0 17 5 0 0 0 0 0 0 0 0 0 0 0 0 0
97 (khugepaged) S 2 0 0 0 -1 2097216 0 0 0 0 0 985 0 0 39 19 1 0 26 0 0 18446744073709551615 0 0 0 0 0 0 0 2147483647 0 0 0 0 17 5 0 0 0 0 0 0 0 0 0 0 0 0 0
97 (khugepaged) S 2 0 0 0 -1 2097216 0 0 0 0 0 985 0 0 39 19 1 0 26 0 0 18446744073709551615 0 0 0 0 0 0 0 2147483647 0 0 0 0 17 5 0 0 0 0 0 0 0 0 0 0 0 0 0
97 (khugepaged) S 2 0 0 0 -1 2097216 0 0 0 0 0 985 0 0 39 19 1 0 26 0 0 18446744073709551615 0 0 0 0 0 0 0 2147483647 0 0 0 0 17 5 0 0 0 0 0 0 0 0 0 0 0 0 0
97 (khugepaged) S 2 0 0 0 -1 2097216 0 0 0 0 0 985 0 0 39 19 1 0 26 0 0 18446744073709551615 0 0 0 0 0 0 0 2147483647 0 0 0 0 17 5 0 0 0 0 0 0 0 0 0 0 0 0 0
97 (khugepaged) S 2 0 0 0 -1 2097216 0 0 0 0 0 985 0 0 39 19 1 0 26 0 0 18446744073709551615 0 0 0 0 0 0 0 2147483647 0 0 0 0 17 5 0 0 0 0 0 0 0 0 0 0 0 0 0
97 (khugepaged) S 2 0 0 0 -1 2097216 0 0 0 0 0 985 0 0 39 19 1 0 26 0 0 18446744073709551615 0 0 0 0 0 0 0 2147483647 0 0 0 0 17 5 0 0 0 0 0 0 0 0 0 0 0 0 0
97 (khugepaged) S 2 0 0 0 -1 2097216 0 0 0 0 0 985 0 0 39 19 1 0 26 0 0 18446744073709551615 0 0 0 0 0 0 0 2147483647 0 0 0 0 17 5 0 0 0 0 0 0 0 0 0 0 0 0 0
97 (khugepaged) S 2 0 0 0 -1 2097216 0 0 0 0 0 985 0 0 39 19 1 0 26 0 0 18446744073709551615 0 0 0 0 0 0 0 2147483647 0 0 0 0 17 1 0 0 0 0 0 0 0 0 0 0 0 0 0
97 (khugepaged) S 2 0 0 0 -1 2097216 0 0 0 0 0 985 0 0 39 19 1 0 26 0 0 18446744073709551615 0 0 0 0 0 0 0 2147483647 0 0 0 0 17 1 0 0 0 0 0 0 0 0 0 0 0 0 0
97 (khugepaged) S 2 0 0 0 -1 2097216 0 0 0 0 0 985 0 0 39 19 1 0 26 0 0 18446744073709551615 0 0 0 0 0 0 0 2147483647 0 0 0 0 17 1 0 0 0 0 0 0 0 0 0 0 0 0 0
97 (khugepaged) S 2 0 0 0 -1 2097216 0 0 0 0 0 985 0 0 39 19 1 0 26 0 0 18446744073709551615 0 0 0 0 0 0 0 2147483647 0 0 0 0 17 1 0 0 0 0 0 0 0 0 0 0 0 0 0
97 (khugepaged) S 2 0 0 0 -1 2097216 0 0 0 0 0 985 0 0 39 19 1 0 26 0 0 18446744073709551615 0 0 0 0 0 0 0 2147483647 0 0 0 0 17 1 0 0 0 0 0 0 0 0 0 0 0 0 0
97 (khugepaged) S 2 0 0 0 -1 2097216 0 0 0 0 0 985 0 0 39 19 1 0 26 0 0 18446744073709551615 0 0 0 0 0 0 0 2147483647 0 0 0 0 17 1 0 0 0 0 0 0 0 0 0 0 0 0 0
97 (khugepaged) S 2 0 0 0 -1 2097216 0 0 0 0 0 985 0 0 39 19 1 0 26 0 0 18446744073709551615 0 0 0 0 0 0 0 2147483647 0 0 0 0 17 1 0 0 0 0 0 0 0 0 0 0 0 0 0
97 (khugepaged) S 2 0 0 0 -1 2097216 0 0 0 0 0 985 0 0 39 19 1 0 26 0 0 18446744073709551615 0 0 0 0 0 0 0 2147483647 0 0 0 0 17 1 0 0 0 0 0 0 0 0 0 0 0 0 0
97 (khugepaged) S 2 0 0 0 -1 2097216 0 0 0 0 0 985 0 0 39 19 1 0 26 0 0 18446744073709551615 0 0 0 0 0 0 0 2147483647 0 0 0 0 17 1 0 0 0 0 0 0 0 0 0 0 0 0 0
97 (khugepaged) S 2 0 0 0 -1 2097216 0 0 0 0 0 985 0 0 39 19 1 0 26 0 0 18446744073709551615 0 0 0 0 0 0 0 2147483647 0 0 0 0 17 1 0 0 0 0 0 0 0 0 0 0 0 0 0
97 (khugepaged) S 2 0 0 0 -1 2097216 0 0 0 0 0 985 0 0 39 19 1 0 26 0 0 18446744073709551615 0 0 0 0 0 0 0 2147483647 0 0 0 0 17 1 0 0 0 0 0 0 0 0 0 0 0 0 0
97 (khugepaged) S 2 0 0 0 -1 2097216 0 0 0 0 0 985 0 0 39 19 1 0 26 0 0 18446744073709551615 0 0 0 0 0 0 0 2147483647 0 0 0 0 17 1 0 0 0 0 0 0 0 0 0 0 0 0 0
97 (khugepaged) S 2 0 0 0 -1 2097216 0 0 0 0 0 985 0 0 39 19 1 0 26 0 0 18446744073709551615 0 0 0 0 0 0 0 2147483647 0 0 0 0 17 1 0 0 0 0 0 0 0 0 0 0 0 0 0
97 (khugepaged) S 2 0 0 0 -1 2097216 0 0 0 0 0 985 0 0 39 19 1 0 26 0 0 18446744073709551615 0 0 0 0 0 0 0 2147483647 0 0 0 0 17 1 0 0 0 0 0 0 0 0 0 0 0 0 0
97 (khugepaged) S 2 0 0 0 -1 2097216 0 0 0 0 0 985 0 0 39 19 1 0 26 0 0 18446744073709551615 0 0 0 0 0 0 0 2147483647 0 0 0 0 17 1 0 0 0 0 0 0 0 0 0 0 0 0 0
97 (khugepaged) S 2 0 0 0 -1 2097216 0 0 0 0 0 985 0 0 39 19 1 0 26 0 0 18446744073709551615 0 0 0 0 0 0 0 2147483647 0 0 0 0 17 1 0 0 0 0 0 0 0 0 0 0 0 0 0
97 (khugepaged) S 2 0 0 0 -1 2097216 0 0 0 0 0 985 0 0 39 19 1 0 26 0 0 18446744073709551615 0 0 0 0 0 0 0 2147483647 0 0 0 0 17 1 0 0 0 0 0 0 0 0 0 0 0 0 0
97 (khugepaged) S 2 0 0 0 -1 2097216 0 0 0 0 0 985 0 0 39 19 1 0 26 0 0 18446744073709551615 0 0 0 0 0 0 0 2147483647 0 0 0 0 17 1 0 0 0 0 0 0 0 0 0 0 0 0 0
97 (khugepaged) S 2 0 0 0 -1 2097216 0 0 0 0 0 985 0 0 39 19 1 0 26 0 0 18446744073709551615 0 0 0 0 0 0 0 2147483647 0 0 0 0 17 1 0 0 0 0 0 0 0 0 0 0 0 0 0
97 (khugepaged) S 2 0 0 0 -1 2097216 0 0 0 0 0 985 0 0 39 19 1 0 26 0 0 18446744073709551615 0 0 0 0 0 0 0 2147483647 0 0 0 0 17 1 0 0 0 0 0 0 0 0 0 0 0 0 0
97 (khugepaged) S 2 0 0 0 -1 2097216 0 0 0 0 0 985 0 0 39 19 1 0 26 0 0 18446744073709551615 0 0 0 0 0 0 0 2147483647 0 0 0 0 17 3 0 0 0 0 0 0 0 0 0 0 0 0 0
97 (khugepaged) S 2 0 0 0 -1 2097216 0 0 0 0 0 985 0 0 39 19 1 0 26 0 0 18446744073709551615 0 0 0 0 0 0 0 2147483647 0 0 0 0 17 3 0 0 0 0 0 0 0 0 0 0 0 0 0
97 (khugepaged) S 2 0 0 0 -1 2097216 0 0 0 0 0 985 0 0 39 19 1 0 26 0 0 18446744073709551615 0 0 0 0 0 0 0 2147483647 0 0 0 0 17 3 0 0 0 0 0 0 0 0 0 0 0 0 0
97 (khugepaged) S 2 0 0 0 -1 2097216 0 0 0 0 0 985 0 0 39 19 1 0 26 0 0 18446744073709551615 0 0 0 0 0 0 0 2147483647 0 0 0 0 17 3 0 0 0 0 0 0 0 0 0 0 0 0 0
97 (khugepaged) S 2 0 0 0 -1 2097216 0 0 0 0 0 985 0 0 39 19 1 0 26 0 0 18446744073709551615 0 0 0 0 0 0 0 2147483647 0 0 0 0 17 3 0 0 0 0 0 0 0 0 0 0 0 0 0
97 (khugepaged) S 2 0 0 0 -1 2097216 0 0 0 0 0 985 0 0 39 19 1 0 26 0 0 18446744073709551615 0 0 0 0 0 0 0 2147483647 0 0 0 0 17 3 0 0 0 0 0 0 0 0 0 0 0 0 0
97 (khugepaged) S 2 0 0 0 -1 2097216 0 0 0 0 0 985 0 0 39 19 1 0 26 0 0 18446744073709551615 0 0 0 0 0 0 0 2147483647 0 0 0 0 17 3 0 0 0 0 0 0 0 0 0 0 0 0 0
97 (khugepaged) S 2 0 0 0 -1 2097216 0 0 0 0 0 985 0 0 39 19 1 0 26 0 0 18446744073709551615 0 0 0 0 0 0 0 2147483647 0 0 0 0 17 3 0 0 0 0 0 0 0 0 0 0 0 0 0
97 (khugepaged) S 2 0 0 0 -1 2097216 0 0 0 0 0 985 0 0 39 19 1 0 26 0 0 18446744073709551615 0 0 0 0 0 0 0 2147483647 0 0 0 0 17 3 0 0 0 0 0 0 0 0 0 0 0 0 0
97 (khugepaged) S 2 0 0 0 -1 2097216 0 0 0 0 0 985 0 0 39 19 1 0 26 0 0 18446744073709551615 0 0 0 0 0 0 0 2147483647 0 0 0 0 17 3 0 0 0 0 0 0 0 0 0 0 0 0 0
97 (khugepaged) S 2 0 0 0 -1 2097216 0 0 0 0 0 985 0 0 39 19 1 0 26 0 0 18446744073709551615 0 0 0 0 0 0 0 2147483647 0 0 0 0 17 3 0 0 0 0 0 0 0 0 0 0 0 0 0
97 (khugepaged) S 2 0 0 0 -1 2097216 0 0 0 0 0 985 0 0 39 19 1 0 26 0 0 18446744073709551615 0 0 0 0 0 0 0 2147483647 0 0 0 0 17 3 0 0 0 0 0 0 0 0 0 0 0 0 0
97 (khugepaged) S 2 0 0 0 -1 2097216 0 0 0 0 0 985 0 0 39 19 1 0 26 0 0 18446744073709551615 0 0 0 0 0 0 0 2147483647 0 0 0 0 17 3 0 0 0 0 0 0 0 0 0 0 0 0 0
97 (khugepaged) S 2 0 0 0 -1 2097216 0 0 0 0 0 985 0 0 39 19 1 0 26 0 0 18446744073709551615 0 0 0 0 0 0 0 2147483647 0 0 0 0 17 3 0 0 0 0 0 0 0 0 0 0 0 0 0
97 (khugepaged) S 2 0 0 0 -1 2097216 0 0 0 0 0 985 0 0 39 19 1 0 26 0 0 18446744073709551615 0 0 0 0 0 0 0 2147483647 0 0 0 0 17 3 0 0 0 0 0 0 0 0 0 0 0 0 0
97 (khugepaged) S 2 0 0 0 -1 2097216 0 0 0 0 0 985 0 0 39 19 1 0 26 0 0 18446744073709551615 0 0 0 0 0 0 0 2147483647 0 0 0 0 17 3 0 0 0 0 0 0 0 0 0 0 0 0 0
97 (khugepaged) S 2 0 0 0 -1 2097216 0 0 0 0 0 985 0 0 39 19 1 0 26 0 0 18446744073709551615 0 0 0 0 0 0 0 2147483647 0 0 0 0 17 3 0 0 0 0 0 0 0 0 0 0 0 0 0
97 (khugepaged) S 2 0 0 0 -1 2097216 0 0 0 0 0 985 0 0 39 19 1 0 26 0 0 18446744073709551615 0 0 0 0 0 0 0 2147483647 0 0 0 0 17 3 0 0 0 0 0 0 0 0 0 0 0 0 0
97 (khugepaged) S 2 0 0 0 -1 2097216 0 0 0 0 0 985 0 0 39 19 1 0 26 0 0 18446744073709551615 0 0 0 0 0 0 0 2147483647 0 0 0 0 17 3 0 0 0 0 0 0 0 0 0 0 0 0 0
97 (khugepaged) S 2 0 0 0 -1 2097216 0 0 0 0 0 1010 0 0 39 19 1 0 26 0 0 18446744073709551615 0 0 0 0 0 0 0 2147483647 0 0 0 0 17 3 0 0 0 0 0 0 0 0 0 0 0 0 0
97 (khugepaged) S 2 0 0 0 -1 2097216 0 0 0 0 0 1010 0 0 39 19 1 0 26 0 0 18446744073709551615 0 0 0 0 0 0 0 2147483647 0 0 0 0 17 3 0 0 0 0 0 0 0 0 0 0 0 0 0
97 (khugepaged) S 2 0 0 0 -1 2097216 0 0 0 0 0 1010 0 0 39 19 1 0 26 0 0 18446744073709551615 0 0 0 0 0 0 0 2147483647 0 0 0 0 17 3 0 0 0 0 0 0 0 0 0 0 0 0 0
97 (khugepaged) S 2 0 0 0 -1 2097216 0 0 0 0 0 1010 0 0 39 19 1 0 26 0 0 18446744073709551615 0 0 0 0 0 0 0 2147483647 0 0 0 0 17 3 0 0 0 0 0 0 0 0 0 0 0 0 0
97 (khugepaged) S 2 0 0 0 -1 2097216 0 0 0 0 0 1010 0 0 39 19 1 0 26 0 0 18446744073709551615 0 0 0 0 0 0 0 2147483647 0 0 0 0 17 3 0 0 0 0 0 0 0 0 0 0 0 0 0
97 (khugepaged) S 2 0 0 0 -1 2097216 0 0 0 0 0 1010 0 0 39 19 1 0 26 0 0 18446744073709551615 0 0 0 0 0 0 0 2147483647 0 0 0 0 17 3 0 0 0 0 0 0 0 0 0 0 0 0 0
97 (khugepaged) S 2 0 0 0 -1 2097216 0 0 0 0 0 1010 0 0 39 19 1 0 26 0 0 18446744073709551615 0 0 0 0 0 0 0 2147483647 0 0 0 0 17 3 0 0 0 0 0 0 0 0 0 0 0 0 0
97 (khugepaged) S 2 0 0 0 -1 2097216 0 0 0 0 0 1010 0 0 39 19 1 0 26 0 0 18446744073709551615 0 0 0 0 0 0 0 2147483647 0 0 0 0 17 3 0 0 0 0 0 0 0 0 0 0 0 0 0
97 (khugepaged) S 2 0 0 0 -1 2097216 0 0 0 0 0 1046 0 0 39 19 1 0 26 0 0 18446744073709551615 0 0 0 0 0 0 0 2147483647 0 0 0 0 17 0 0 0 0 0 0 0 0 0 0 0 0 0 0
97 (khugepaged) S 2 0 0 0 -1 2097216 0 0 0 0 0 1046 0 0 39 19 1 0 26 0 0 18446744073709551615 0 0 0 0 0 0 0 2147483647 0 0 0 0 17 0 0 0 0 0 0 0 0 0 0 0 0 0 0
97 (khugepaged) S 2 0 0 0 -1 2097216 0 0 0 0 0 1046 0 0 39 19 1 0 26 0 0 18446744073709551615 0 0 0 0 0 0 0 2147483647 0 0 0 0 17 0 0 0 0 0 0 0 0 0 0 0 0 0 0
97 (khugepaged) S 2 0 0 0 -1 2097216 0 0 0 0 0 1046 0 0 39 19 1 0 26 0 0 18446744073709551615 0 0 0 0 0 0 0 2147483647 0 0 0 0 17 0 0 0 0 0 0 0 0 0 0 0 0 0 0
97 (khugepaged) S 2 0 0 0 -1 2097216 0 0 0 0 0 1046 0 0 39 19 1 0 26 0 0 18446744073709551615 0 0 0 0 0 0 0 2147483647 0 0 0 0 17 0 0 0 0 0 0 0 0 0 0 0 0 0 0
97 (khugepaged) S 2 0 0 0 -1 2097216 0 0 0 0 0 1046 0 0 39 19 1 0 26 0 0 18446744073709551615 0 0 0 0 0 0 0 2147483647 0 0 0 0 17 0 0 0 0 0 0 0 0 0 0 0 0 0 0
97 (khugepaged) S 2 0 0 0 -1 2097216 0 0 0 0 0 1046 0 0 39 19 1 0 26 0 0 18446744073709551615 0 0 0 0 0 0 0 2147483647 0 0 0 0 17 0 0 0 0 0 0 0 0 0 0 0 0 0 0
97 (khugepaged) S 2 0 0 0 -1 2097216 0 0 0 0 0 1046 0 0 39 19 1 0 26 0 0 18446744073709551615 0 0 0 0 0 0 0 2147483647 0 0 0 0 17 0 0 0 0 0 0 0 0 0 0 0 0 0 0
97 (khugepaged) S 2 0 0 0 -1 2097216 0 0 0 0 0 1046 0 0 39 19 1 0 26 0 0 18446744073709551615 0 0 0 0 0 0 0 2147483647 0 0 0 0 17 0 0 0 0 0 0 0 0 0 0 0 0 0 0
97 (khugepaged) S 2 0 0 0 -1 2097216 0 0 0 0 0 1093 0 0 39 19 1 0 26 0 0 18446744073709551615 0 0 0 0 0 0 0 2147483647 0 0 0 0 17 1 0 0 0 0 0 0 0 0 0 0 0 0 0
97 (khugepaged) S 2 0 0 0 -1 2097216 0 0 0 0 0 1093 0 0 39 19 1 0 26 0 0 18446744073709551615 0 0 0 0 0 0 0 2147483647 0 0 0 0 17 1 0 0 0 0 0 0 0 0 0 0 0 0 0
97 (khugepaged) S 2 0 0 0 -1 2097216 0 0 0 0 0 1093 0 0 39 19 1 0 26 0 0 18446744073709551615 0 0 0 0 0 0 0 2147483647 0 0 0 0 17 1 0 0 0 0 0 0 0 0 0 0 0 0 0
97 (khugepaged) S 2 0 0 0 -1 2097216 0 0 0 0 0 1093 0 0 39 19 1 0 26 0 0 18446744073709551615 0 0 0 0 0 0 0 2147483647 0 0 0 0 17 1 0 0 0 0 0 0 0 0 0 0 0 0 0
97 (khugepaged) S 2 0 0 0 -1 2097216 0 0 0 0 0 1093 0 0 39 19 1 0 26 0 0 18446744073709551615 0 0 0 0 0 0 0 2147483647 0 0 0 0 17 1 0 0 0 0 0 0 0 0 0 0 0 0 0
97 (khugepaged) S 2 0 0 0 -1 2097216 0 0 0 0 0 1093 0 0 39 19 1 0 26 0 0 18446744073709551615 0 0 0 0 0 0 0 2147483647 0 0 0 0 17 1 0 0 0 0 0 0 0 0 0 0 0 0 0
97 (khugepaged) S 2 0 0 0 -1 2097216 0 0 0 0 0 1093 0 0 39 19 1 0 26 0 0 18446744073709551615 0 0 0 0 0 0 0 2147483647 0 0 0 0 17 1 0 0 0 0 0 0 0 0 0 0 0 0 0
97 (khugepaged) S 2 0 0 0 -1 2097216 0 0 0 0 0 1093 0 0 39 19 1 0 26 0 0 18446744073709551615 0 0 0 0 0 0 0 2147483647 0 0 0 0 17 1 0 0 0 0 0 0 0 0 0 0 0 0 0
97 (khugepaged) S 2 0 0 0 -1 2097216 0 0 0 0 0 1093 0 0 39 19 1 0 26 0 0 18446744073709551615 0 0 0 0 0 0 0 2147483647 0 0 0 0 17 1 0 0 0 0 0 0 0 0 0 0 0 0 0
97 (khugepaged) R 2 0 0 0 -1 2097216 0 0 0 0 0 1127 0 0 39 19 1 0 26 0 0 18446744073709551615 0 0 0 0 0 0 0 2147483647 0 0 0 0 17 3 0 0 0 0 0 0 0 0 0 0 0 0 0
97 (khugepaged) R 2 0 0 0 -1 2097216 0 0 0 0 0 1238 0 0 39 19 1 0 26 0 0 18446744073709551615 0 0 0 0 0 0 0 2147483647 0 0 0 0 17 3 0 0 0 0 0 0 0 0 0 0 0 0 0
97 (khugepaged) S 2 0 0 0 -1 2097216 0 0 0 0 0 1316 0 0 39 19 1 0 26 0 0 18446744073709551615 0 0 0 0 0 0 0 2147483647 0 0 0 0 17 3 0 0 0 0 0 0 0 0 0 0 0 0 0
97 (khugepaged) S 2 0 0 0 -1 2097216 0 0 0 0 0 1316 0 0 39 19 1 0 26 0 0 18446744073709551615 0 0 0 0 0 0 0 2147483647 0 0 0 0 17 3 0 0 0 0 0 0 0 0 0 0 0 0 0
97 (khugepaged) S 2 0 0 0 -1 2097216 0 0 0 0 0 1316 0 0 39 19 1 0 26 0 0 18446744073709551615 0 0 0 0 0 0 0 2147483647 0 0 0 0 17 3 0 0 0 0 0 0 0 0 0 0 0 0 0
97 (khugepaged) S 2 0 0 0 -1 2097216 0 0 0 0 0 1356 0 0 39 19 1 0 26 0 0 18446744073709551615 0 0 0 0 0 0 0 2147483647 0 0 0 0 17 4 0 0 0 0 0 0 0 0 0 0 0 0 0
97 (khugepaged) S 2 0 0 0 -1 2097216 0 0 0 0 0 1356 0 0 39 19 1 0 26 0 0 18446744073709551615 0 0 0 0 0 0 0 2147483647 0 0 0 0 17 4 0 0 0 0 0 0 0 0 0 0 0 0 0
97 (khugepaged) S 2 0 0 0 -1 2097216 0 0 0 0 0 1356 0 0 39 19 1 0 26 0 0 18446744073709551615 0 0 0 0 0 0 0 2147483647 0 0 0 0 17 4 0 0 0 0 0 0 0 0 0 0 0 0 0
97 (khugepaged) S 2 0 0 0 -1 2097216 0 0 0 0 0 1356 0 0 39 19 1 0 26 0 0 18446744073709551615 0 0 0 0 0 0 0 2147483647 0 0 0 0 17 4 0 0 0 0 0 0 0 0 0 0 0 0 0
97 (khugepaged) S 2 0 0 0 -1 2097216 0 0 0 0 0 1356 0 0 39 19 1 0 26 0 0 18446744073709551615 0 0 0 0 0 0 0 2147483647 0 0 0 0 17 4 0 0 0 0 0 0 0 0 0 0 0 0 0
97 (khugepaged) S 2 0 0 0 -1 2097216 0 0 0 0 0 1356 0 0 39 19 1 0 26 0 0 18446744073709551615 0 0 0 0 0 0 0 2147483647 0 0 0 0 17 4 0 0 0 0 0 0 0 0 0 0 0 0 0
97 (khugepaged) S 2 0 0 0 -1 2097216 0 0 0 0 0 1356 0 0 39 19 1 0 26 0 0 18446744073709551615 0 0 0 0 0 0 0 2147483647 0 0 0 0 17 4 0 0 0 0 0 0 0 0 0 0 0 0 0
97 (khugepaged) S 2 0 0 0 -1 2097216 0 0 0 0 0 1356 0 0 39 19 1 0 26 0 0 18446744073709551615 0 0 0 0 0 0 0 2147483647 0 0 0 0 17 4 0 0 0 0 0 0 0 0 0 0 0 0 0
97 (khugepaged) S 2 0 0 0 -1 2097216 0 0 0 0 0 1356 0 0 39 19 1 0 26 0 0 18446744073709551615 0 0 0 0 0 0 0 2147483647 0 0 0 0 17 4 0 0 0 0 0 0 0 0 0 0 0 0 0
97 (khugepaged) S 2 0 0 0 -1 2097216 0 0 0 0 0 1356 0 0 39 19 1 0 26 0 0 18446744073709551615 0 0 0 0 0 0 0 2147483647 0 0 0 0 17 4 0 0 0 0 0 0 0 0 0 0 0 0 0
97 (khugepaged) S 2 0 0 0 -1 2097216 0 0 0 0 0 1379 0 0 39 19 1 0 26 0 0 18446744073709551615 0 0 0 0 0 0 0 2147483647 0 0 0 0 17 0 0 0 0 0 0 0 0 0 0 0 0 0 0
97 (khugepaged) S 2 0 0 0 -1 2097216 0 0 0 0 0 1379 0 0 39 19 1 0 26 0 0 18446744073709551615 0 0 0 0 0 0 0 2147483647 0 0 0 0 17 0 0 0 0 0 0 0 0 0 0 0 0 0 0
97 (khugepaged) S 2 0 0 0 -1 2097216 0 0 0 0 0 1379 0 0 39 19 1 0 26 0 0 18446744073709551615 0 0 0 0 0 0 0 2147483647 0 0 0 0 17 0 0 0 0 0 0 0 0 0 0 0 0 0 0
97 (khugepaged) S 2 0 0 0 -1 2097216 0 0 0 0 0 1379 0 0 39 19 1 0 26 0 0 18446744073709551615 0 0 0 0 0 0 0 2147483647 0 0 0 0 17 0 0 0 0 0 0 0 0 0 0 0 0 0 0
97 (khugepaged) S 2 0 0 0 -1 2097216 0 0 0 0 0 1379 0 0 39 19 1 0 26 0 0 18446744073709551615 0 0 0 0 0 0 0 2147483647 0 0 0 0 17 0 0 0 0 0 0 0 0 0 0 0 0 0 0
97 (khugepaged) S 2 0 0 0 -1 2097216 0 0 0 0 0 1379 0 0 39 19 1 0 26 0 0 18446744073709551615 0 0 0 0 0 0 0 2147483647 0 0 0 0 17 0 0 0 0 0 0 0 0 0 0 0 0 0 0
97 (khugepaged) S 2 0 0 0 -1 2097216 0 0 0 0 0 1379 0 0 39 19 1 0 26 0 0 18446744073709551615 0 0 0 0 0 0 0 2147483647 0 0 0 0 17 0 0 0 0 0 0 0 0 0 0 0 0 0 0
97 (khugepaged) S 2 0 0 0 -1 2097216 0 0 0 0 0 1379 0 0 39 19 1 0 26 0 0 18446744073709551615 0 0 0 0 0 0 0 2147483647 0 0 0 0 17 0 0 0 0 0 0 0 0 0 0 0 0 0 0
97 (khugepaged) S 2 0 0 0 -1 2097216 0 0 0 0 0 1379 0 0 39 19 1 0 26 0 0 18446744073709551615 0 0 0 0 0 0 0 2147483647 0 0 0 0 17 0 0 0 0 0 0 0 0 0 0 0 0 0 0
97 (khugepaged) S 2 0 0 0 -1 2097216 0 0 0 0 0 1401 0 0 39 19 1 0 26 0 0 18446744073709551615 0 0 0 0 0 0 0 2147483647 0 0 0 0 17 1 0 0 0 0 0 0 0 0 0 0 0 0 0
97 (khugepaged) S 2 0 0 0 -1 2097216 0 0 0 0 0 1401 0 0 39 19 1 0 26 0 0 18446744073709551615 0 0 0 0 0 0 0 2147483647 0 0 0 0 17 1 0 0 0 0 0 0 0 0 0 0 0 0 0
97 (khugepaged) S 2 0 0 0 -1 2097216 0 0 0 0 0 1401 0 0 39 19 1 0 26 0 0 18446744073709551615 0 0 0 0 0 0 0 2147483647 0 0 0 0 17 1 0 0 0 0 0 0 0 0 0 0 0 0 0
97 (khugepaged) S 2 0 0 0 -1 2097216 0 0 0 0 0 1401 0 0 39 19 1 0 26 0 0 18446744073709551615 0 0 0 0 0 0 0 2147483647 0 0 0 0 17 1 0 0 0 0 0 0 0 0 0 0 0 0 0
97 (khugepaged) S 2 0 0 0 -1 2097216 0 0 0 0 0 1401 0 0 39 19 1 0 26 0 0 18446744073709551615 0 0 0 0 0 0 0 2147483647 0 0 0 0 17 1 0 0 0 0 0 0 0 0 0 0 0 0 0
97 (khugepaged) S 2 0 0 0 -1 2097216 0 0 0 0 0 1401 0 0 39 19 1 0 26 0 0 18446744073709551615 0 0 0 0 0 0 0 2147483647 0 0 0 0 17 1 0 0 0 0 0 0 0 0 0 0 0 0 0
97 (khugepaged) S 2 0 0 0 -1 2097216 0 0 0 0 0 1401 0 0 39 19 1 0 26 0 0 18446744073709551615 0 0 0 0 0 0 0 2147483647 0 0 0 0 17 1 0 0 0 0 0 0 0 0 0 0 0 0 0
97 (khugepaged) S 2 0 0 0 -1 2097216 0 0 0 0 0 1401 0 0 39 19 1 0 26 0 0 18446744073709551615 0 0 0 0 0 0 0 2147483647 0 0 0 0 17 1 0 0 0 0 0 0 0 0 0 0 0 0 0
97 (khugepaged) S 2 0 0 0 -1 2097216 0 0 0 0 0 1401 0 0 39 19 1 0 26 0 0 18446744073709551615 0 0 0 0 0 0 0 2147483647 0 0 0 0 17 1 0 0 0 0 0 0 0 0 0 0 0 0 0
97 (khugepaged) S 2 0 0 0 -1 2097216 0 0 0 0 0 1401 0 0 39 19 1 0 26 0 0 18446744073709551615 0 0 0 0 0 0 0 2147483647 0 0 0 0 17 1 0 0 0 0 0 0 0 0 0 0 0 0 0
97 (khugepaged) S 2 0 0 0 -1 2097216 0 0 0 0 0 1424 0 0 39 19 1 0 26 0 0 18446744073709551615 0 0 0 0 0 0 0 2147483647 0 0 0 0 17 3 0 0 0 0 0 0 0 0 0 0 0 0 0
97 (khugepaged) S 2 0 0 0 -1 2097216 0 0 0 0 0 1424 0 0 39 19 1 0 26 0 0 18446744073709551615 0 0 0 0 0 0 0 2147483647 0 0 0 0 17 3 0 0 0 0 0 0 0 0 0 0 0 0 0
97 (khugepaged) S 2 0 0 0 -1 2097216 0 0 0 0 0 1424 0 0 39 19 1 0 26 0 0 18446744073709551615 0 0 0 0 0 0 0 2147483647 0 0 0 0 17 3 0 0 0 0 0 0 0 0 0 0 0 0 0
97 (khugepaged) S 2 0 0 0 -1 2097216 0 0 0 0 0 1424 0 0 39 19 1 0 26 0 0 18446744073709551615 0 0 0 0 0 0 0 2147483647 0 0 0 0 17 3 0 0 0 0 0 0 0 0 0 0 0 0 0
97 (khugepaged) S 2 0 0 0 -1 2097216 0 0 0 0 0 1424 0 0 39 19 1 0 26 0 0 18446744073709551615 0 0 0 0 0 0 0 2147483647 0 0 0 0 17 3 0 0 0 0 0 0 0 0 0 0 0 0 0
97 (khugepaged) S 2 0 0 0 -1 2097216 0 0 0 0 0 1424 0 0 39 19 1 0 26 0 0 18446744073709551615 0 0 0 0 0 0 0 2147483647 0 0 0 0 17 3 0 0 0 0 0 0 0 0 0 0 0 0 0
97 (khugepaged) S 2 0 0 0 -1 2097216 0 0 0 0 0 1424 0 0 39 19 1 0 26 0 0 18446744073709551615 0 0 0 0 0 0 0 2147483647 0 0 0 0 17 3 0 0 0 0 0 0 0 0 0 0 0 0 0
97 (khugepaged) S 2 0 0 0 -1 2097216 0 0 0 0 0 1424 0 0 39 19 1 0 26 0 0 18446744073709551615 0 0 0 0 0 0 0 2147483647 0 0 0 0 17 3 0 0 0 0 0 0 0 0 0 0 0 0 0
97 (khugepaged) S 2 0 0 0 -1 2097216 0 0 0 0 0 1447 0 0 39 19 1 0 26 0 0 18446744073709551615 0 0 0 0 0 0 0 2147483647 0 0 0 0 17 0 0 0 0 0 0 0 0 0 0 0 0 0 0
97 (khugepaged) S 2 0 0 0 -1 2097216 0 0 0 0 0 1447 0 0 39 19 1 0 26 0 0 18446744073709551615 0 0 0 0 0 0 0 2147483647 0 0 0 0 17 0 0 0 0 0 0 0 0 0 0 0 0 0 0
97 (khugepaged) S 2 0 0 0 -1 2097216 0 0 0 0 0 1447 0 0 39 19 1 0 26 0 0 18446744073709551615 0 0 0 0 0 0 0 2147483647 0 0 0 0 17 0 0 0 0 0 0 0 0 0 0 0 0 0 0
97 (khugepaged) S 2 0 0 0 -1 2097216 0 0 0 0 0 1447 0 0 39 19 1 0 26 0 0 18446744073709551615 0 0 0 0 0 0 0 2147483647 0 0 0 0 17 0 0 0 0 0 0 0 0 0 0 0 0 0 0
97 (khugepaged) S 2 0 0 0 -1 2097216 0 0 0 0 0 1447 0 0 39 19 1 0 26 0 0 18446744073709551615 0 0 0 0 0 0 0 2147483647 0 0 0 0 17 0 0 0 0 0 0 0 0 0 0 0 0 0 0
97 (khugepaged) S 2 0 0 0 -1 2097216 0 0 0 0 0 1447 0 0 39 19 1 0 26 0 0 18446744073709551615 0 0 0 0 0 0 0 2147483647 0 0 0 0 17 0 0 0 0 0 0 0 0 0 0 0 0 0 0
97 (khugepaged) S 2 0 0 0 -1 2097216 0 0 0 0 0 1447 0 0 39 19 1 0 26 0 0 18446744073709551615 0 0 0 0 0 0 0 2147483647 0 0 0 0 17 0 0 0 0 0 0 0 0 0 0 0 0 0 0
97 (khugepaged) S 2 0 0 0 -1 2097216 0 0 0 0 0 1447 0 0 39 19 1 0 26 0 0 18446744073709551615 0 0 0 0 0 0 0 2147483647 0 0 0 0 17 0 0 0 0 0 0 0 0 0 0 0 0 0 0
97 (khugepaged) S 2 0 0 0 -1 2097216 0 0 0 0 0 1447 0 0 39 19 1 0 26 0 0 18446744073709551615 0 0 0 0 0 0 0 2147483647 0 0 0 0 17 0 0 0 0 0 0 0 0 0 0 0 0 0 0
97 (khugepaged) S 2 0 0 0 -1 2097216 0 0 0 0 0 1453 0 0 39 19 1 0 26 0 0 18446744073709551615 0 0 0 0 0 0 0 2147483647 0 0 0 0 17 2 0 0 0 0 0 0 0 0 0 0 0 0 0
97 (khugepaged) S 2 0 0 0 -1 2097216 0 0 0 0 0 1453 0 0 39 19 1 0 26 0 0 18446744073709551615 0 0 0 0 0 0 0 2147483647 0 0 0 0 17 2 0 0 0 0 0 0 0 0 0 0 0 0 0
97 (khugepaged) S 2 0 0 0 -1 2097216 0 0 0 0 0 1453 0 0 39 19 1 0 26 0 0 18446744073709551615 0 0 0 0 0 0 0 2147483647 0 0 0 0 17 2 0 0 0 0 0 0 0 0 0 0 0 0 0
97 (khugepaged) S 2 0 0 0 -1 2097216 0 0 0 0 0 1453 0 0 39 19 1 0 26 0 0 18446744073709551615 0 0 0 0 0 0 0 2147483647 0 0 0 0 17 2 0 0 0 0 0 0 0 0 0 0 0 0 0
97 (khugepaged) S 2 0 0 0 -1 2097216 0 0 0 0 0 1453 0 0 39 19 1 0 26 0 0 18446744073709551615 0 0 0 0 0 0 0 2147483647 0 0 0 0 17 2 0 0 0 0 0 0 0 0 0 0 0 0 0
97 (khugepaged) S 2 0 0 0 -1 2097216 0 0 0 0 0 1453 0 0 39 19 1 0 26 0 0 18446744073709551615 0 0 0 0 0 0 0 2147483647 0 0 0 0 17 2 0 0 0 0 0 0 0 0 0 0 0 0 0
97 (khugepaged) S 2 0 0 0 -1 2097216 0 0 0 0 0 1453 0 0 39 19 1 0 26 0 0 18446744073709551615 0 0 0 0 0 0 0 2147483647 0 0 0 0 17 2 0 0 0 0 0 0 0 0 0 0 0 0 0
97 (khugepaged) S 2 0 0 0 -1 2097216 0 0 0 0 0 1453 0 0 39 19 1 0 26 0 0 18446744073709551615 0 0 0 0 0 0 0 2147483647 0 0 0 0 17 2 0 0 0 0 0 0 0 0 0 0 0 0 0
97 (khugepaged) S 2 0 0 0 -1 2097216 0 0 0 0 0 1453 0 0 39 19 1 0 26 0 0 18446744073709551615 0 0 0 0 0 0 0 2147483647 0 0 0 0 17 2 0 0 0 0 0 0 0 0 0 0 0 0 0
97 (khugepaged) S 2 0 0 0 -1 2097216 0 0 0 0 0 1453 0 0 39 19 1 0 26 0 0 18446744073709551615 0 0 0 0 0 0 0 2147483647 0 0 0 0 17 2 0 0 0 0 0 0 0 0 0 0 0 0 0
97 (khugepaged) S 2 0 0 0 -1 2097216 0 0 0 0 0 1456 0 0 39 19 1 0 26 0 0 18446744073709551615 0 0 0 0 0 0 0 2147483647 0 0 0 0 17 3 0 0 0 0 0 0 0 0 0 0 0 0 0
97 (khugepaged) S 2 0 0 0 -1 2097216 0 0 0 0 0 1456 0 0 39 19 1 0 26 0 0 18446744073709551615 0 0 0 0 0 0 0 2147483647 0 0 0 0 17 3 0 0 0 0 0 0 0 0 0 0 0 0 0
97 (khugepaged) S 2 0 0 0 -1 2097216 0 0 0 0 0 1456 0 0 39 19 1 0 26 0 0 18446744073709551615 0 0 0 0 0 0 0 2147483647 0 0 0 0 17 3 0 0 0 0 0 0 0 0 0 0 0 0 0
97 (khugepaged) S 2 0 0 0 -1 2097216 0 0 0 0 0 1456 0 0 39 19 1 0 26 0 0 18446744073709551615 0 0 0 0 0 0 0 2147483647 0 0 0 0 17 3 0 0 0 0 0 0 0 0 0 0 0 0 0
97 (khugepaged) S 2 0 0 0 -1 2097216 0 0 0 0 0 1456 0 0 39 19 1 0 26 0 0 18446744073709551615 0 0 0 0 0 0 0 2147483647 0 0 0 0 17 3 0 0 0 0 0 0 0 0 0 0 0 0 0
97 (khugepaged) S 2 0 0 0 -1 2097216 0 0 0 0 0 1456 0 0 39 19 1 0 26 0 0 18446744073709551615 0 0 0 0 0 0 0 2147483647 0 0 0 0 17 3 0 0 0 0 0 0 0 0 0 0 0 0 0
97 (khugepaged) S 2 0 0 0 -1 2097216 0 0 0 0 0 1456 0 0 39 19 1 0 26 0 0 18446744073709551615 0 0 0 0 0 0 0 2147483647 0 0 0 0 17 3 0 0 0 0 0 0 0 0 0 0 0 0 0
97 (khugepaged) S 2 0 0 0 -1 2097216 0 0 0 0 0 1456 0 0 39 19 1 0 26 0 0 18446744073709551615 0 0 0 0 0 0 0 2147483647 0 0 0 0 17 3 0 0 0 0 0 0 0 0 0 0 0 0 0
97 (khugepaged) S 2 0 0 0 -1 2097216 0 0 0 0 0 1456 0 0 39 19 1 0 26 0 0 18446744073709551615 0 0 0 0 0 0 0 2147483647 0 0 0 0 17 3 0 0 0 0 0 0 0 0 0 0 0 0 0
97 (khugepaged) S 2 0 0 0 -1 2097216 0 0 0 0 0 1456 0 0 39 19 1 0 26 0 0 18446744073709551615 0 0 0 0 0 0 0 2147483647 0 0 0 0 17 3 0 0 0 0 0 0 0 0 0 0 0 0 0
97 (khugepaged) S 2 0 0 0 -1 2097216 0 0 0 0 0 1456 0 0 39 19 1 0 26 0 0 18446744073709551615 0 0 0 0 0 0 0 2147483647 0 0 0 0 17 3 0 0 0 0 0 0 0 0 0 0 0 0 0
97 (khugepaged) S 2 0 0 0 -1 2097216 0 0 0 0 0 1456 0 0 39 19 1 0 26 0 0 18446744073709551615 0 0 0 0 0 0 0 2147483647 0 0 0 0 17 3 0 0 0 0 0 0 0 0 0 0 0 0 0
97 (khugepaged) S 2 0 0 0 -1 2097216 0 0 0 0 0 1456 0 0 39 19 1 0 26 0 0 18446744073709551615 0 0 0 0 0 0 0 2147483647 0 0 0 0 17 3 0 0 0 0 0 0 0 0 0 0 0 0 0
97 (khugepaged) S 2 0 0 0 -1 2097216 0 0 0 0 0 1456 0 0 39 19 1 0 26 0 0 18446744073709551615 0 0 0 0 0 0 0 2147483647 0 0 0 0 17 3 0 0 0 0 0 0 0 0 0 0 0 0 0
97 (khugepaged) S 2 0 0 0 -1 2097216 0 0 0 0 0 1456 0 0 39 19 1 0 26 0 0 18446744073709551615 0 0 0 0 0 0 0 2147483647 0 0 0 0 17 3 0 0 0 0 0 0 0 0 0 0 0 0 0
97 (khugepaged) S 2 0 0 0 -1 2097216 0 0 0 0 0 1456 0 0 39 19 1 0 26 0 0 18446744073709551615 0 0 0 0 0 0 0 2147483647 0 0 0 0 17 3 0 0 0 0 0 0 0 0 0 0 0 0 0
97 (khugepaged) S 2 0 0 0 -1 2097216 0 0 0 0 0 1456 0 0 39 19 1 0 26 0 0 18446744073709551615 0 0 0 0 0 0 0 2147483647 0 0 0 0 17 3 0 0 0 0 0 0 0 0 0 0 0 0 0
97 (khugepaged) S 2 0 0 0 -1 2097216 0 0 0 0 0 1456 0 0 39 19 1 0 26 0 0 18446744073709551615 0 0 0 0 0 0 0 2147483647 0 0 0 0 17 3 0 0 0 0 0 0 0 0 0 0 0 0 0
97 (khugepaged) S 2 0 0 0 -1 2097216 0 0 0 0 0 1456 0 0 39 19 1 0 26 0 0 18446744073709551615 0 0 0 0 0 0 0 2147483647 0 0 0 0 17 3 0 0 0 0 0 0 0 0 0 0 0 0 0
97 (khugepaged) S 2 0 0 0 -1 2097216 0 0 0 0 0 1456 0 0 39 19 1 0 26 0 0 18446744073709551615 0 0 0 0 0 0 0 2147483647 0 0 0 0 17 4 0 0 0 0 0 0 0 0 0 0 0 0 0
97 (khugepaged) S 2 0 0 0 -1 2097216 0 0 0 0 0 1456 0 0 39 19 1 0 26 0 0 18446744073709551615 0 0 0 0 0 0 0 2147483647 0 0 0 0 17 4 0 0 0 0 0 0 0 0 0 0 0 0 0
97 (khugepaged) S 2 0 0 0 -1 2097216 0 0 0 0 0 1456 0 0 39 19 1 0 26 0 0 18446744073709551615 0 0 0 0 0 0 0 2147483647 0 0 0 0 17 4 0 0 0 0 0 0 0 0 0 0 0 0 0
97 (khugepaged) S 2 0 0 0 -1 2097216 0 0 0 0 0 1456 0 0 39 19 1 0 26 0 0 18446744073709551615 0 0 0 0 0 0 0 2147483647 0 0 0 0 17 4 0 0 0 0 0 0 0 0 0 0 0 0 0
97 (khugepaged) S 2 0 0 0 -1 2097216 0 0 0 0 0 1456 0 0 39 19 1 0 26 0 0 18446744073709551615 0 0 0 0 0 0 0 2147483647 0 0 0 0 17 4 0 0 0 0 0 0 0 0 0 0 0 0 0
97 (khugepaged) S 2 0 0 0 -1 2097216 0 0 0 0 0 1456 0 0 39 19 1 0 26 0 0 18446744073709551615 0 0 0 0 0 0 0 2147483647 0 0 0 0 17 4 0 0 0 0 0 0 0 0 0 0 0 0 0
97 (khugepaged) S 2 0 0 0 -1 2097216 0 0 0 0 0 1456 0 0 39 19 1 0 26 0 0 18446744073709551615 0 0 0 0 0 0 0 2147483647 0 0 0 0 17 4 0 0 0 0 0 0 0 0 0 0 0 0 0
97 (khugepaged) S 2 0 0 0 -1 2097216 0 0 0 0 0 1456 0 0 39 19 1 0 26 0 0 18446744073709551615 0 0 0 0 0 0 0 2147483647 0 0 0 0 17 4 0 0 0 0 0 0 0 0 0 0 0 0 0
97 (khugepaged) S 2 0 0 0 -1 2097216 0 0 0 0 0 1456 0 0 39 19 1 0 26 0 0 18446744073709551615 0 0 0 0 0 0 0 2147483647 0 0 0 0 17 4 0 0 0 0 0 0 0 0 0 0 0 0 0
97 (khugepaged) S 2 0 0 0 -1 2097216 0 0 0 0 0 1456 0 0 39 19 1 0 26 0 0 18446744073709551615 0 0 0 0 0 0 0 2147483647 0 0 0 0 17 4 0 0 0 0 0 0 0 0 0 0 0 0 0
97 (khugepaged) S 2 0 0 0 -1 2097216 0 0 0 0 0 1456 0 0 39 19 1 0 26 0 0 18446744073709551615 0 0 0 0 0 0 0 2147483647 0 0 0 0 17 5 0 0 0 0 0 0 0 0 0 0 0 0 0
97 (khugepaged) S 2 0 0 0 -1 2097216 0 0 0 0 0 1456 0 0 39 19 1 0 26 0 0 18446744073709551615 0 0 0 0 0 0 0 2147483647 0 0 0 0 17 5 0 0 0 0 0 0 0 0 0 0 0 0 0
97 (khugepaged) S 2 0 0 0 -1 2097216 0 0 0 0 0 1456 0 0 39 19 1 0 26 0 0 18446744073709551615 0 0 0 0 0 0 0 2147483647 0 0 0 0 17 5 0 0 0 0 0 0 0 0 0 0 0 0 0
97 (khugepaged) S 2 0 0 0 -1 2097216 0 0 0 0 0 1456 0 0 39 19 1 0 26 0 0 18446744073709551615 0 0 0 0 0 0 0 2147483647 0 0 0 0 17 5 0 0 0 0 0 0 0 0 0 0 0 0 0
97 (khugepaged) S 2 0 0 0 -1 2097216 0 0 0 0 0 1456 0 0 39 19 1 0 26 0 0 18446744073709551615 0 0 0 0 0 0 0 2147483647 0 0 0 0 17 5 0 0 0 0 0 0 0 0 0 0 0 0 0
97 (khugepaged) S 2 0 0 0 -1 2097216 0 0 0 0 0 1456 0 0 39 19 1 0 26 0 0 18446744073709551615 0 0 0 0 0 0 0 2147483647 0 0 0 0 17 5 0 0 0 0 0 0 0 0 0 0 0 0 0
97 (khugepaged) S 2 0 0 0 -1 2097216 0 0 0 0 0 1456 0 0 39 19 1 0 26 0 0 18446744073709551615 0 0 0 0 0 0 0 2147483647 0 0 0 0 17 5 0 0 0 0 0 0 0 0 0 0 0 0 0
97 (khugepaged) S 2 0 0 0 -1 2097216 0 0 0 0 0 1456 0 0 39 19 1 0 26 0 0 18446744073709551615 0 0 0 0 0 0 0 2147483647 0 0 0 0 17 5 0 0 0 0 0 0 0 0 0 0 0 0 0
97 (khugepaged) S 2 0 0 0 -1 2097216 0 0 0 0 0 1456 0 0 39 19 1 0 26 0 0 18446744073709551615 0 0 0 0 0 0 0 2147483647 0 0 0 0 17 5 0 0 0 0 0 0 0 0 0 0 0 0 0
97 (khugepaged) S 2 0 0 0 -1 2097216 0 0 0 0 0 1456 0 0 39 19 1 0 26 0 0 18446744073709551615 0 0 0 0 0 0 0 2147483647 0 0 0 0 17 5 0 0 0 0 0 0 0 0 0 0 0 0 0
97 (khugepaged) S 2 0 0 0 -1 2097216 0 0 0 0 0 1456 0 0 39 19 1 0 26 0 0 18446744073709551615 0 0 0 0 0 0 0 2147483647 0 0 0 0 17 5 0 0 0 0 0 0 0 0 0 0 0 0 0
97 (khugepaged) S 2 0 0 0 -1 2097216 0 0 0 0 0 1456 0 0 39 19 1 0 26 0 0 18446744073709551615 0 0 0 0 0 0 0 2147483647 0 0 0 0 17 5 0 0 0 0 0 0 0 0 0 0 0 0 0
97 (khugepaged) S 2 0 0 0 -1 2097216 0 0 0 0 0 1456 0 0 39 19 1 0 26 0 0 18446744073709551615 0 0 0 0 0 0 0 2147483647 0 0 0 0 17 5 0 0 0 0 0 0 0 0 0 0 0 0 0
97 (khugepaged) S 2 0 0 0 -1 2097216 0 0 0 0 0 1456 0 0 39 19 1 0 26 0 0 18446744073709551615 0 0 0 0 0 0 0 2147483647 0 0 0 0 17 5 0 0 0 0 0 0 0 0 0 0 0 0 0
97 (khugepaged) S 2 0 0 0 -1 2097216 0 0 0 0 0 1456 0 0 39 19 1 0 26 0 0 18446744073709551615 0 0 0 0 0 0 0 2147483647 0 0 0 0 17 5 0 0 0 0 0 0 0 0 0 0 0 0 0
97 (khugepaged) S 2 0 0 0 -1 2097216 0 0 0 0 0 1456 0 0 39 19 1 0 26 0 0 18446744073709551615 0 0 0 0 0 0 0 2147483647 0 0 0 0 17 5 0 0 0 0 0 0 0 0 0 0 0 0 0
97 (khugepaged) S 2 0 0 0 -1 2097216 0 0 0 0 0 1456 0 0 39 19 1 0 26 0 0 18446744073709551615 0 0 0 0 0 0 0 2147483647 0 0 0 0 17 5 0 0 0 0 0 0 0 0 0 0 0 0 0
97 (khugepaged) S 2 0 0 0 -1 2097216 0 0 0 0 0 1456 0 0 39 19 1 0 26 0 0 18446744073709551615 0 0 0 0 0 0 0 2147483647 0 0 0 0 17 5 0 0 0 0 0 0 0 0 0 0 0 0 0
97 (khugepaged) S 2 0 0 0 -1 2097216 0 0 0 0 0 1456 0 0 39 19 1 0 26 0 0 18446744073709551615 0 0 0 0 0 0 0 2147483647 0 0 0 0 17 5 0 0 0 0 0 0 0 0 0 0 0 0 0
97 (khugepaged) S 2 0 0 0 -1 2097216 0 0 0 0 0 1456 0 0 39 19 1 0 26 0 0 18446744073709551615 0 0 0 0 0 0 0 2147483647 0 0 0 0 17 5 0 0 0 0 0 0 0 0 0 0 0 0 0
97 (khugepaged) S 2 0 0 0 -1 2097216 0 0 0 0 0 1456 0 0 39 19 1 0 26 0 0 18446744073709551615 0 0 0 0 0 0 0 2147483647 0 0 0 0 17 5 0 0 0 0 0 0 0 0 0 0 0 0 0
97 (khugepaged) S 2 0 0 0 -1 2097216 0 0 0 0 0 1456 0 0 39 19 1 0 26 0 0 18446744073709551615 0 0 0 0 0 0 0 2147483647 0 0 0 0 17 5 0 0 0 0 0 0 0 0 0 0 0 0 0
97 (khugepaged) S 2 0 0 0 -1 2097216 0 0 0 0 0 1456 0 0 39 19 1 0 26 0 0 18446744073709551615 0 0 0 0 0 0 0 2147483647 0 0 0 0 17 5 0 0 0 0 0 0 0 0 0 0 0 0 0
97 (khugepaged) S 2 0 0 0 -1 2097216 0 0 0 0 0 1456 0 0 39 19 1 0 26 0 0 18446744073709551615 0 0 0 0 0 0 0 2147483647 0 0 0 0 17 5 0 0 0 0 0 0 0 0 0 0 0 0 0
97 (khugepaged) S 2 0 0 0 -1 2097216 0 0 0 0 0 1456 0 0 39 19 1 0 26 0 0 18446744073709551615 0 0 0 0 0 0 0 2147483647 0 0 0 0 17 5 0 0 0 0 0 0 0 0 0 0 0 0 0
97 (khugepaged) S 2 0 0 0 -1 2097216 0 0 0 0 0 1456 0 0 39 19 1 0 26 0 0 18446744073709551615 0 0 0 0 0 0 0 2147483647 0 0 0 0 17 5 0 0 0 0 0 0 0 0 0 0 0 0 0
97 (khugepaged) S 2 0 0 0 -1 2097216 0 0 0 0 0 1456 0 0 39 19 1 0 26 0 0 18446744073709551615 0 0 0 0 0 0 0 2147483647 0 0 0 0 17 5 0 0 0 0 0 0 0 0 0 0 0 0 0
97 (khugepaged) S 2 0 0 0 -1 2097216 0 0 0 0 0 1456 0 0 39 19 1 0 26 0 0 18446744073709551615 0 0 0 0 0 0 0 2147483647 0 0 0 0 17 5 0 0 0 0 0 0 0 0 0 0 0 0 0
97 (khugepaged) S 2 0 0 0 -1 2097216 0 0 0 0 0 1456 0 0 39 19 1 0 26 0 0 18446744073709551615 0 0 0 0 0 0 0 2147483647 0 0 0 0 17 5 0 0 0 0 0 0 0 0 0 0 0 0 0
97 (khugepaged) S 2 0 0 0 -1 2097216 0 0 0 0 0 1456 0 0 39 19 1 0 26 0 0 18446744073709551615 0 0 0 0 0 0 0 2147483647 0 0 0 0 17 4 0 0 0 0 0 0 0 0 0 0 0 0 0
97 (khugepaged) S 2 0 0 0 -1 2097216 0 0 0 0 0 1456 0 0 39 19 1 0 26 0 0 18446744073709551615 0 0 0 0 0 0 0 2147483647 0 0 0 0 17 4 0 0 0 0 0 0 0 0 0 0 0 0 0
97 (khugepaged) S 2 0 0 0 -1 2097216 0 0 0 0 0 1456 0 0 39 19 1 0 26 0 0 18446744073709551615 0 0 0 0 0 0 0 2147483647 0 0 0 0 17 4 0 0 0 0 0 0 0 0 0 0 0 0 0
97 (khugepaged) S 2 0 0 0 -1 2097216 0 0 0 0 0 1456 0 0 39 19 1 0 26 0 0 18446744073709551615 0 0 0 0 0 0 0 2147483647 0 0 0 0 17 4 0 0 0 0 0 0 0 0 0 0 0 0 0
97 (khugepaged) S 2 0 0 0 -1 2097216 0 0 0 0 0 1456 0 0 39 19 1 0 26 0 0 18446744073709551615 0 0 0 0 0 0 0 2147483647 0 0 0 0 17 4 0 0 0 0 0 0 0 0 0 0 0 0 0
97 (khugepaged) S 2 0 0 0 -1 2097216 0 0 0 0 0 1456 0 0 39 19 1 0 26 0 0 18446744073709551615 0 0 0 0 0 0 0 2147483647 0 0 0 0 17 4 0 0 0 0 0 0 0 0 0 0 0 0 0
97 (khugepaged) S 2 0 0 0 -1 2097216 0 0 0 0 0 1456 0 0 39 19 1 0 26 0 0 18446744073709551615 0 0 0 0 0 0 0 2147483647 0 0 0 0 17 4 0 0 0 0 0 0 0 0 0 0 0 0 0
97 (khugepaged) S 2 0 0 0 -1 2097216 0 0 0 0 0 1456 0 0 39 19 1 0 26 0 0 18446744073709551615 0 0 0 0 0 0 0 2147483647 0 0 0 0 17 4 0 0 0 0 0 0 0 0 0 0 0 0 0
97 (khugepaged) S 2 0 0 0 -1 2097216 0 0 0 0 0 1456 0 0 39 19 1 0 26 0 0 18446744073709551615 0 0 0 0 0 0 0 2147483647 0 0 0 0 17 4 0 0 0 0 0 0 0 0 0 0 0 0 0
97 (khugepaged) S 2 0 0 0 -1 2097216 0 0 0 0 0 1456 0 0 39 19 1 0 26 0 0 18446744073709551615 0 0 0 0 0 0 0 2147483647 0 0 0 0 17 4 0 0 0 0 0 0 0 0 0 0 0 0 0
97 (khugepaged) S 2 0 0 0 -1 2097216 0 0 0 0 0 1456 0 0 39 19 1 0 26 0 0 18446744073709551615 0 0 0 0 0 0 0 2147483647 0 0 0 0 17 5 0 0 0 0 0 0 0 0 0 0 0 0 0
97 (khugepaged) S 2 0 0 0 -1 2097216 0 0 0 0 0 1456 0 0 39 19 1 0 26 0 0 18446744073709551615 0 0 0 0 0 0 0 2147483647 0 0 0 0 17 5 0 0 0 0 0 0 0 0 0 0 0 0 0
97 (khugepaged) S 2 0 0 0 -1 2097216 0 0 0 0 0 1456 0 0 39 19 1 0 26 0 0 18446744073709551615 0 0 0 0 0 0 0 2147483647 0 0 0 0 17 5 0 0 0 0 0 0 0 0 0 0 0 0 0
97 (khugepaged) S 2 0 0 0 -1 2097216 0 0 0 0 0 1456 0 0 39 19 1 0 26 0 0 18446744073709551615 0 0 0 0 0 0 0 2147483647 0 0 0 0 17 5 0 0 0 0 0 0 0 0 0 0 0 0 0
97 (khugepaged) S 2 0 0 0 -1 2097216 0 0 0 0 0 1456 0 0 39 19 1 0 26 0 0 18446744073709551615 0 0 0 0 0 0 0 2147483647 0 0 0 0 17 5 0 0 0 0 0 0 0 0 0 0 0 0 0
