1046
1046
1046
1046
1046
1046
1046
1046
1046
1046
1046
1046
1046
1046
1046
1046
1046
1046
1046
1046
1046
1046
1046
1046
1046
1046
1046
1046
1046
1046
1046
1046
1046
1046
1046
1046
1046
1046
1078
1078
1078
1078
1078
1078
1078
1078
1078
1083
1083
1083
1083
1083
1083
1083
1083
1083
1412
1412
1412
1412
1412
1412
1877
3089
3216
3216
3216
3216
3216
3216
3216
3216
3658
4010
4010
4010
4010
4010
4010
4010
4010
4010
4095
4095
4095
4095
4095
4095
4095
4095
4095
4102
4102
4102
4102
4102
4102
4102
4102
4102
4103
4103
4103
4103
4103
4103
4103
4103
4103
4103
4105
4105
4105
4105
4105
4105
4105
4105
4105
4105
4105
4105
4105
4105
4105
4105
4105
4105
4105
4105
4106
4106
4106
4106
4106
4106
4106
4106
4106
4106
4115
4115
4115
4115
4115
4115
4115
4115
4115
4115
4115
4115
4115
4115
4115
4115
4115
4115
4115
4115
4115
4115
4115
4115
4115
4115
4115
4115
4116
4116
4116
4116
4116
4116
4116
4116
4116
4116
4116
4116
4116
4116
4116
4116
4116
4116
4256
4256
4256
4256
4256
4256
4256
6484
6484
6484
6484
6484
6484
6484
6484
6484
6779
6779
6779
6779
6779
6779
6779
6779
6779
6779
6792
6792
6792
6792
6792
6792
6792
6792
6846
6847
6847
6847
6847
6847
6847
6847
6847
6847
6984
6984
6984
6984
6984
6984
6984
6984
6984
6984
7120
7120
7120
7120
7120
7120
7120
7120
7120
7120
7120
7120
7120
7120
7120
7120
7120
7120
7120
7120
7120
7120
7120
7120
7120
7120
7120
7120
7120
7120
7120
7120
7120
7120
7120
7120
7120
7120
7120
7120
7120
7120
7120
7120
7120
7120
7120
7120
7120
7120
7120
7120
7120
7120
7120
7120
7120
7120
7120
7120
7120
7120
7120
7120
7120
7120
7120
7120
7120
7120
7120
7120
7120
7120
7120
7120
7120
7120
7120
7120
7120
7120
7120
7120
7120
7204
7204
7204
7204
7204
7204
7204
7204
7204
7460
8724
9649
9649
9649
9863
9863
9863
9863
9863
9863
9863
9863
9863
9863
9867
9867
9867
9867
9867
9867
9867
9867
9867
9867
9867
9867
9867
9867
9867
9867
9867
9867
9867
9867
9867
9867
9867
9867
9867
9867
9867
9867
9867
9867
9867
9867
9867
9867
9867
9867
9867
9867
9867
9867
9867
9867
9867
9867
9867
9867
9867
9867
9867
9867
9867
9867
9867
9867
9867
9867
9867
9867
9867
9867
9867
9867
9867
9867
9867
9867
9867
9867
9867
9867
9867
9867
9867
9867
9867
9867
9867
9867
9867
9867
9867
9867
9867
9867
9867
9867
9867
9867
9867
9867
9867
9867
9867
9867
9867
9867
9867
9867
9867
9867
9867
9867
9867
9867
9867
9867
9867
9867
9867
9867
9867
9867
9867
9867
9867
9867
9867
9867
9867
