thp_fault_alloc 3986
thp_fault_fallback 1023
thp_collapse_alloc 1046
thp_collapse_alloc_failed 0
thp_split 6
thp_zero_page_alloc 1
thp_zero_page_alloc_failed 0
thp_promote 0
thp_fault_alloc 4027
thp_fault_fallback 1023
thp_collapse_alloc 1046
thp_collapse_alloc_failed 0
thp_split 6
thp_zero_page_alloc 1
thp_zero_page_alloc_failed 0
thp_promote 0
thp_fault_alloc 4066
thp_fault_fallback 1023
thp_collapse_alloc 1046
thp_collapse_alloc_failed 0
thp_split 6
thp_zero_page_alloc 1
thp_zero_page_alloc_failed 0
thp_promote 0
thp_fault_alloc 4106
thp_fault_fallback 1023
thp_collapse_alloc 1046
thp_collapse_alloc_failed 0
thp_split 6
thp_zero_page_alloc 1
thp_zero_page_alloc_failed 0
thp_promote 0
thp_fault_alloc 4146
thp_fault_fallback 1023
thp_collapse_alloc 1046
thp_collapse_alloc_failed 0
thp_split 6
thp_zero_page_alloc 1
thp_zero_page_alloc_failed 0
thp_promote 0
thp_fault_alloc 4186
thp_fault_fallback 1023
thp_collapse_alloc 1046
thp_collapse_alloc_failed 0
thp_split 6
thp_zero_page_alloc 1
thp_zero_page_alloc_failed 0
thp_promote 0
thp_fault_alloc 4226
thp_fault_fallback 1023
thp_collapse_alloc 1046
thp_collapse_alloc_failed 0
thp_split 6
thp_zero_page_alloc 1
thp_zero_page_alloc_failed 0
thp_promote 0
thp_fault_alloc 4265
thp_fault_fallback 1023
thp_collapse_alloc 1046
thp_collapse_alloc_failed 0
thp_split 6
thp_zero_page_alloc 1
thp_zero_page_alloc_failed 0
thp_promote 0
thp_fault_alloc 4305
thp_fault_fallback 1023
thp_collapse_alloc 1046
thp_collapse_alloc_failed 0
thp_split 6
thp_zero_page_alloc 1
thp_zero_page_alloc_failed 0
thp_promote 0
thp_fault_alloc 4345
thp_fault_fallback 1023
thp_collapse_alloc 1046
thp_collapse_alloc_failed 0
thp_split 6
thp_zero_page_alloc 1
thp_zero_page_alloc_failed 0
thp_promote 0
thp_fault_alloc 4385
thp_fault_fallback 1023
thp_collapse_alloc 1046
thp_collapse_alloc_failed 0
thp_split 6
thp_zero_page_alloc 1
thp_zero_page_alloc_failed 0
thp_promote 0
thp_fault_alloc 4425
thp_fault_fallback 1023
thp_collapse_alloc 1046
thp_collapse_alloc_failed 0
thp_split 6
thp_zero_page_alloc 1
thp_zero_page_alloc_failed 0
thp_promote 0
thp_fault_alloc 4465
thp_fault_fallback 1023
thp_collapse_alloc 1046
thp_collapse_alloc_failed 0
thp_split 6
thp_zero_page_alloc 1
thp_zero_page_alloc_failed 0
thp_promote 0
thp_fault_alloc 4504
thp_fault_fallback 1023
thp_collapse_alloc 1046
thp_collapse_alloc_failed 0
thp_split 6
thp_zero_page_alloc 1
thp_zero_page_alloc_failed 0
thp_promote 0
thp_fault_alloc 4544
thp_fault_fallback 1023
thp_collapse_alloc 1046
thp_collapse_alloc_failed 0
thp_split 6
thp_zero_page_alloc 1
thp_zero_page_alloc_failed 0
thp_promote 0
thp_fault_alloc 4584
thp_fault_fallback 1023
thp_collapse_alloc 1046
thp_collapse_alloc_failed 0
thp_split 6
thp_zero_page_alloc 1
thp_zero_page_alloc_failed 0
thp_promote 0
thp_fault_alloc 4624
thp_fault_fallback 1023
thp_collapse_alloc 1046
thp_collapse_alloc_failed 0
thp_split 6
thp_zero_page_alloc 1
thp_zero_page_alloc_failed 0
thp_promote 0
thp_fault_alloc 4664
thp_fault_fallback 1023
thp_collapse_alloc 1046
thp_collapse_alloc_failed 0
thp_split 6
thp_zero_page_alloc 1
thp_zero_page_alloc_failed 0
thp_promote 0
thp_fault_alloc 4704
thp_fault_fallback 1023
thp_collapse_alloc 1046
thp_collapse_alloc_failed 0
thp_split 6
thp_zero_page_alloc 1
thp_zero_page_alloc_failed 0
thp_promote 0
thp_fault_alloc 4744
thp_fault_fallback 1023
thp_collapse_alloc 1046
thp_collapse_alloc_failed 0
thp_split 6
thp_zero_page_alloc 1
thp_zero_page_alloc_failed 0
thp_promote 0
thp_fault_alloc 4784
thp_fault_fallback 1023
thp_collapse_alloc 1046
thp_collapse_alloc_failed 0
thp_split 6
thp_zero_page_alloc 1
thp_zero_page_alloc_failed 0
thp_promote 0
thp_fault_alloc 4824
thp_fault_fallback 1023
thp_collapse_alloc 1046
thp_collapse_alloc_failed 0
thp_split 6
thp_zero_page_alloc 1
thp_zero_page_alloc_failed 0
thp_promote 0
thp_fault_alloc 4864
thp_fault_fallback 1023
thp_collapse_alloc 1046
thp_collapse_alloc_failed 0
thp_split 6
thp_zero_page_alloc 1
thp_zero_page_alloc_failed 0
thp_promote 0
thp_fault_alloc 4904
thp_fault_fallback 1023
thp_collapse_alloc 1046
thp_collapse_alloc_failed 0
thp_split 6
thp_zero_page_alloc 1
thp_zero_page_alloc_failed 0
thp_promote 0
thp_fault_alloc 4944
thp_fault_fallback 1023
thp_collapse_alloc 1046
thp_collapse_alloc_failed 0
thp_split 6
thp_zero_page_alloc 1
thp_zero_page_alloc_failed 0
thp_promote 0
thp_fault_alloc 4984
thp_fault_fallback 1023
thp_collapse_alloc 1046
thp_collapse_alloc_failed 0
thp_split 6
thp_zero_page_alloc 1
thp_zero_page_alloc_failed 0
thp_promote 0
thp_fault_alloc 5024
thp_fault_fallback 1023
thp_collapse_alloc 1046
thp_collapse_alloc_failed 0
thp_split 6
thp_zero_page_alloc 1
thp_zero_page_alloc_failed 0
thp_promote 0
thp_fault_alloc 5051
thp_fault_fallback 1023
thp_collapse_alloc 1046
thp_collapse_alloc_failed 0
thp_split 6
thp_zero_page_alloc 1
thp_zero_page_alloc_failed 0
thp_promote 0
thp_fault_alloc 5056
thp_fault_fallback 5052
thp_collapse_alloc 1046
thp_collapse_alloc_failed 0
thp_split 4035
thp_zero_page_alloc 1
thp_zero_page_alloc_failed 0
thp_promote 0
thp_fault_alloc 5058
thp_fault_fallback 6581
thp_collapse_alloc 1046
thp_collapse_alloc_failed 0
thp_split 5564
thp_zero_page_alloc 1
thp_zero_page_alloc_failed 0
thp_promote 0
thp_fault_alloc 5058
thp_fault_fallback 6591
thp_collapse_alloc 1046
thp_collapse_alloc_failed 0
thp_split 5574
thp_zero_page_alloc 1
thp_zero_page_alloc_failed 0
thp_promote 0
thp_fault_alloc 5059
thp_fault_fallback 6592
thp_collapse_alloc 1046
thp_collapse_alloc_failed 0
thp_split 5575
thp_zero_page_alloc 1
thp_zero_page_alloc_failed 0
thp_promote 0
thp_fault_alloc 5059
thp_fault_fallback 6594
thp_collapse_alloc 1046
thp_collapse_alloc_failed 0
thp_split 5577
thp_zero_page_alloc 1
thp_zero_page_alloc_failed 0
thp_promote 0
thp_fault_alloc 5060
thp_fault_fallback 6596
thp_collapse_alloc 1046
thp_collapse_alloc_failed 0
thp_split 5579
thp_zero_page_alloc 1
thp_zero_page_alloc_failed 0
thp_promote 0
thp_fault_alloc 5063
thp_fault_fallback 6596
thp_collapse_alloc 1046
thp_collapse_alloc_failed 0
thp_split 5579
thp_zero_page_alloc 1
thp_zero_page_alloc_failed 0
thp_promote 0
thp_fault_alloc 5065
thp_fault_fallback 6596
thp_collapse_alloc 1046
thp_collapse_alloc_failed 0
thp_split 5579
thp_zero_page_alloc 1
thp_zero_page_alloc_failed 0
thp_promote 0
thp_fault_alloc 5069
thp_fault_fallback 6596
thp_collapse_alloc 1046
thp_collapse_alloc_failed 0
thp_split 5579
thp_zero_page_alloc 1
thp_zero_page_alloc_failed 0
thp_promote 0
thp_fault_alloc 5072
thp_fault_fallback 6596
thp_collapse_alloc 1046
thp_collapse_alloc_failed 0
thp_split 5579
thp_zero_page_alloc 1
thp_zero_page_alloc_failed 0
thp_promote 16
thp_fault_alloc 5098
thp_fault_fallback 6596
thp_collapse_alloc 1078
thp_collapse_alloc_failed 0
thp_split 5579
thp_zero_page_alloc 1
thp_zero_page_alloc_failed 0
thp_promote 16
thp_fault_alloc 5122
thp_fault_fallback 6596
thp_collapse_alloc 1078
thp_collapse_alloc_failed 0
thp_split 5579
thp_zero_page_alloc 1
thp_zero_page_alloc_failed 0
thp_promote 16
thp_fault_alloc 5144
thp_fault_fallback 6596
thp_collapse_alloc 1078
thp_collapse_alloc_failed 0
thp_split 5579
thp_zero_page_alloc 1
thp_zero_page_alloc_failed 0
thp_promote 16
thp_fault_alloc 5167
thp_fault_fallback 6596
thp_collapse_alloc 1078
thp_collapse_alloc_failed 0
thp_split 5579
thp_zero_page_alloc 1
thp_zero_page_alloc_failed 0
thp_promote 16
thp_fault_alloc 5188
thp_fault_fallback 6596
thp_collapse_alloc 1078
thp_collapse_alloc_failed 0
thp_split 5579
thp_zero_page_alloc 1
thp_zero_page_alloc_failed 0
thp_promote 16
thp_fault_alloc 5213
thp_fault_fallback 6596
thp_collapse_alloc 1078
thp_collapse_alloc_failed 0
thp_split 5579
thp_zero_page_alloc 1
thp_zero_page_alloc_failed 0
thp_promote 16
thp_fault_alloc 5257
thp_fault_fallback 6596
thp_collapse_alloc 1078
thp_collapse_alloc_failed 0
thp_split 5579
thp_zero_page_alloc 1
thp_zero_page_alloc_failed 0
thp_promote 16
thp_fault_alloc 5286
thp_fault_fallback 6596
thp_collapse_alloc 1078
thp_collapse_alloc_failed 0
thp_split 5579
thp_zero_page_alloc 1
thp_zero_page_alloc_failed 0
thp_promote 16
thp_fault_alloc 5310
thp_fault_fallback 6596
thp_collapse_alloc 1078
thp_collapse_alloc_failed 0
thp_split 5579
thp_zero_page_alloc 1
thp_zero_page_alloc_failed 0
thp_promote 16
thp_fault_alloc 5340
thp_fault_fallback 6596
thp_collapse_alloc 1083
thp_collapse_alloc_failed 0
thp_split 5579
thp_zero_page_alloc 1
thp_zero_page_alloc_failed 0
thp_promote 16
thp_fault_alloc 5377
thp_fault_fallback 6596
thp_collapse_alloc 1083
thp_collapse_alloc_failed 0
thp_split 5579
thp_zero_page_alloc 1
thp_zero_page_alloc_failed 0
thp_promote 16
thp_fault_alloc 5412
thp_fault_fallback 6596
thp_collapse_alloc 1083
thp_collapse_alloc_failed 0
thp_split 5579
thp_zero_page_alloc 1
thp_zero_page_alloc_failed 0
thp_promote 16
thp_fault_alloc 5447
thp_fault_fallback 6596
thp_collapse_alloc 1083
thp_collapse_alloc_failed 0
thp_split 5579
thp_zero_page_alloc 1
thp_zero_page_alloc_failed 0
thp_promote 16
thp_fault_alloc 5482
thp_fault_fallback 6596
thp_collapse_alloc 1083
thp_collapse_alloc_failed 0
thp_split 5579
thp_zero_page_alloc 1
thp_zero_page_alloc_failed 0
thp_promote 16
thp_fault_alloc 5518
thp_fault_fallback 6596
thp_collapse_alloc 1083
thp_collapse_alloc_failed 0
thp_split 5579
thp_zero_page_alloc 1
thp_zero_page_alloc_failed 0
thp_promote 16
thp_fault_alloc 5588
thp_fault_fallback 6596
thp_collapse_alloc 1083
thp_collapse_alloc_failed 0
thp_split 5579
thp_zero_page_alloc 1
thp_zero_page_alloc_failed 0
thp_promote 16
thp_fault_alloc 5621
thp_fault_fallback 6596
thp_collapse_alloc 1083
thp_collapse_alloc_failed 0
thp_split 5579
thp_zero_page_alloc 1
thp_zero_page_alloc_failed 0
thp_promote 16
thp_fault_alloc 5658
thp_fault_fallback 6596
thp_collapse_alloc 1083
thp_collapse_alloc_failed 0
thp_split 5579
thp_zero_page_alloc 1
thp_zero_page_alloc_failed 0
thp_promote 16
thp_fault_alloc 5692
thp_fault_fallback 6596
thp_collapse_alloc 1412
thp_collapse_alloc_failed 0
thp_split 5579
thp_zero_page_alloc 1
thp_zero_page_alloc_failed 0
thp_promote 317
thp_fault_alloc 5731
thp_fault_fallback 6596
thp_collapse_alloc 1412
thp_collapse_alloc_failed 0
thp_split 5579
thp_zero_page_alloc 1
thp_zero_page_alloc_failed 0
thp_promote 317
thp_fault_alloc 5769
thp_fault_fallback 6596
thp_collapse_alloc 1412
thp_collapse_alloc_failed 0
thp_split 5579
thp_zero_page_alloc 1
thp_zero_page_alloc_failed 0
thp_promote 317
thp_fault_alloc 5806
thp_fault_fallback 6596
thp_collapse_alloc 1412
thp_collapse_alloc_failed 0
thp_split 5579
thp_zero_page_alloc 1
thp_zero_page_alloc_failed 0
thp_promote 317
thp_fault_alloc 5845
thp_fault_fallback 6596
thp_collapse_alloc 1412
thp_collapse_alloc_failed 0
thp_split 5579
thp_zero_page_alloc 1
thp_zero_page_alloc_failed 0
thp_promote 317
thp_fault_alloc 5879
thp_fault_fallback 6596
thp_collapse_alloc 1412
thp_collapse_alloc_failed 0
thp_split 5579
thp_zero_page_alloc 1
thp_zero_page_alloc_failed 0
thp_promote 317
thp_fault_alloc 6051
thp_fault_fallback 6596
thp_collapse_alloc 1877
thp_collapse_alloc_failed 0
thp_split 5579
thp_zero_page_alloc 1
thp_zero_page_alloc_failed 0
thp_promote 2062
thp_fault_alloc 6119
thp_fault_fallback 6596
thp_collapse_alloc 3089
thp_collapse_alloc_failed 0
thp_split 5579
thp_zero_page_alloc 1
thp_zero_page_alloc_failed 0
thp_promote 2062
thp_fault_alloc 6192
thp_fault_fallback 6596
thp_collapse_alloc 3216
thp_collapse_alloc_failed 0
thp_split 5579
thp_zero_page_alloc 1
thp_zero_page_alloc_failed 0
thp_promote 2062
thp_fault_alloc 6227
thp_fault_fallback 6596
thp_collapse_alloc 3216
thp_collapse_alloc_failed 0
thp_split 5579
thp_zero_page_alloc 1
thp_zero_page_alloc_failed 0
thp_promote 2062
thp_fault_alloc 6263
thp_fault_fallback 6596
thp_collapse_alloc 3216
thp_collapse_alloc_failed 0
thp_split 5579
thp_zero_page_alloc 1
thp_zero_page_alloc_failed 0
thp_promote 2062
thp_fault_alloc 6301
thp_fault_fallback 6596
thp_collapse_alloc 3216
thp_collapse_alloc_failed 0
thp_split 5579
thp_zero_page_alloc 1
thp_zero_page_alloc_failed 0
thp_promote 2062
thp_fault_alloc 6334
thp_fault_fallback 6596
thp_collapse_alloc 3216
thp_collapse_alloc_failed 0
thp_split 5579
thp_zero_page_alloc 1
thp_zero_page_alloc_failed 0
thp_promote 2062
thp_fault_alloc 6367
thp_fault_fallback 6596
thp_collapse_alloc 3216
thp_collapse_alloc_failed 0
thp_split 5579
thp_zero_page_alloc 1
thp_zero_page_alloc_failed 0
thp_promote 2062
thp_fault_alloc 6406
thp_fault_fallback 6596
thp_collapse_alloc 3216
thp_collapse_alloc_failed 0
thp_split 5579
thp_zero_page_alloc 1
thp_zero_page_alloc_failed 0
thp_promote 2062
thp_fault_alloc 6446
thp_fault_fallback 6596
thp_collapse_alloc 3216
thp_collapse_alloc_failed 0
thp_split 5579
thp_zero_page_alloc 1
thp_zero_page_alloc_failed 0
thp_promote 2062
thp_fault_alloc 6481
thp_fault_fallback 6596
thp_collapse_alloc 3658
thp_collapse_alloc_failed 0
thp_split 5579
thp_zero_page_alloc 1
thp_zero_page_alloc_failed 0
thp_promote 2943
thp_fault_alloc 6518
thp_fault_fallback 6596
thp_collapse_alloc 4010
thp_collapse_alloc_failed 0
thp_split 5579
thp_zero_page_alloc 1
thp_zero_page_alloc_failed 0
thp_promote 2943
thp_fault_alloc 6553
thp_fault_fallback 6596
thp_collapse_alloc 4010
thp_collapse_alloc_failed 0
thp_split 5579
thp_zero_page_alloc 1
thp_zero_page_alloc_failed 0
thp_promote 2943
thp_fault_alloc 6587
thp_fault_fallback 6596
thp_collapse_alloc 4010
thp_collapse_alloc_failed 0
thp_split 5579
thp_zero_page_alloc 1
thp_zero_page_alloc_failed 0
thp_promote 2943
thp_fault_alloc 6624
thp_fault_fallback 6596
thp_collapse_alloc 4010
thp_collapse_alloc_failed 0
thp_split 5579
thp_zero_page_alloc 1
thp_zero_page_alloc_failed 0
thp_promote 2943
thp_fault_alloc 6694
thp_fault_fallback 6596
thp_collapse_alloc 4010
thp_collapse_alloc_failed 0
thp_split 5579
thp_zero_page_alloc 1
thp_zero_page_alloc_failed 0
thp_promote 2943
thp_fault_alloc 6732
thp_fault_fallback 6596
thp_collapse_alloc 4010
thp_collapse_alloc_failed 0
thp_split 5579
thp_zero_page_alloc 1
thp_zero_page_alloc_failed 0
thp_promote 2943
thp_fault_alloc 6767
thp_fault_fallback 6596
thp_collapse_alloc 4010
thp_collapse_alloc_failed 0
thp_split 5579
thp_zero_page_alloc 1
thp_zero_page_alloc_failed 0
thp_promote 2943
thp_fault_alloc 6805
thp_fault_fallback 6596
thp_collapse_alloc 4010
thp_collapse_alloc_failed 0
thp_split 5579
thp_zero_page_alloc 1
thp_zero_page_alloc_failed 0
thp_promote 2943
thp_fault_alloc 6840
thp_fault_fallback 6596
thp_collapse_alloc 4010
thp_collapse_alloc_failed 0
thp_split 5579
thp_zero_page_alloc 1
thp_zero_page_alloc_failed 0
thp_promote 2943
thp_fault_alloc 6872
thp_fault_fallback 6596
thp_collapse_alloc 4095
thp_collapse_alloc_failed 0
thp_split 5579
thp_zero_page_alloc 1
thp_zero_page_alloc_failed 0
thp_promote 3029
thp_fault_alloc 6911
thp_fault_fallback 6596
thp_collapse_alloc 4095
thp_collapse_alloc_failed 0
thp_split 5579
thp_zero_page_alloc 1
thp_zero_page_alloc_failed 0
thp_promote 3029
thp_fault_alloc 6949
thp_fault_fallback 6596
thp_collapse_alloc 4095
thp_collapse_alloc_failed 0
thp_split 5579
thp_zero_page_alloc 1
thp_zero_page_alloc_failed 0
thp_promote 3029
thp_fault_alloc 7006
thp_fault_fallback 6596
thp_collapse_alloc 4095
thp_collapse_alloc_failed 0
thp_split 5579
thp_zero_page_alloc 1
thp_zero_page_alloc_failed 0
thp_promote 3029
thp_fault_alloc 7063
thp_fault_fallback 6596
thp_collapse_alloc 4095
thp_collapse_alloc_failed 0
thp_split 5579
thp_zero_page_alloc 1
thp_zero_page_alloc_failed 0
thp_promote 3029
thp_fault_alloc 7102
thp_fault_fallback 6596
thp_collapse_alloc 4095
thp_collapse_alloc_failed 0
thp_split 5579
thp_zero_page_alloc 1
thp_zero_page_alloc_failed 0
thp_promote 3029
thp_fault_alloc 7141
thp_fault_fallback 6596
thp_collapse_alloc 4095
thp_collapse_alloc_failed 0
thp_split 5579
thp_zero_page_alloc 1
thp_zero_page_alloc_failed 0
thp_promote 3029
thp_fault_alloc 7179
thp_fault_fallback 6596
thp_collapse_alloc 4095
thp_collapse_alloc_failed 0
thp_split 5579
thp_zero_page_alloc 1
thp_zero_page_alloc_failed 0
thp_promote 3029
thp_fault_alloc 7221
thp_fault_fallback 6596
thp_collapse_alloc 4095
thp_collapse_alloc_failed 0
thp_split 5579
thp_zero_page_alloc 1
thp_zero_page_alloc_failed 0
thp_promote 3029
thp_fault_alloc 7260
thp_fault_fallback 6596
thp_collapse_alloc 4102
thp_collapse_alloc_failed 0
thp_split 5579
thp_zero_page_alloc 1
thp_zero_page_alloc_failed 0
thp_promote 3034
thp_fault_alloc 7299
thp_fault_fallback 6596
thp_collapse_alloc 4102
thp_collapse_alloc_failed 0
thp_split 5579
thp_zero_page_alloc 1
thp_zero_page_alloc_failed 0
thp_promote 3034
thp_fault_alloc 7336
thp_fault_fallback 6596
thp_collapse_alloc 4102
thp_collapse_alloc_failed 0
thp_split 5579
thp_zero_page_alloc 1
thp_zero_page_alloc_failed 0
thp_promote 3034
thp_fault_alloc 7377
thp_fault_fallback 6596
thp_collapse_alloc 4102
thp_collapse_alloc_failed 0
thp_split 5579
thp_zero_page_alloc 1
thp_zero_page_alloc_failed 0
thp_promote 3034
thp_fault_alloc 7414
thp_fault_fallback 6596
thp_collapse_alloc 4102
thp_collapse_alloc_failed 0
thp_split 5579
thp_zero_page_alloc 1
thp_zero_page_alloc_failed 0
thp_promote 3034
thp_fault_alloc 7452
thp_fault_fallback 6596
thp_collapse_alloc 4102
thp_collapse_alloc_failed 0
thp_split 5579
thp_zero_page_alloc 1
thp_zero_page_alloc_failed 0
thp_promote 3034
thp_fault_alloc 7497
thp_fault_fallback 6596
thp_collapse_alloc 4102
thp_collapse_alloc_failed 0
thp_split 5579
thp_zero_page_alloc 1
thp_zero_page_alloc_failed 0
thp_promote 3034
thp_fault_alloc 7532
thp_fault_fallback 6596
thp_collapse_alloc 4102
thp_collapse_alloc_failed 0
thp_split 5579
thp_zero_page_alloc 1
thp_zero_page_alloc_failed 0
thp_promote 3034
thp_fault_alloc 7571
thp_fault_fallback 6596
thp_collapse_alloc 4102
thp_collapse_alloc_failed 0
thp_split 5579
thp_zero_page_alloc 1
thp_zero_page_alloc_failed 0
thp_promote 3034
thp_fault_alloc 7646
thp_fault_fallback 6596
thp_collapse_alloc 4103
thp_collapse_alloc_failed 0
thp_split 5579
thp_zero_page_alloc 1
thp_zero_page_alloc_failed 0
thp_promote 3035
thp_fault_alloc 7687
thp_fault_fallback 6596
thp_collapse_alloc 4103
thp_collapse_alloc_failed 0
thp_split 5579
thp_zero_page_alloc 1
thp_zero_page_alloc_failed 0
thp_promote 3035
thp_fault_alloc 7726
thp_fault_fallback 6596
thp_collapse_alloc 4103
thp_collapse_alloc_failed 0
thp_split 5579
thp_zero_page_alloc 1
thp_zero_page_alloc_failed 0
thp_promote 3035
thp_fault_alloc 7762
thp_fault_fallback 6596
thp_collapse_alloc 4103
thp_collapse_alloc_failed 0
thp_split 5579
thp_zero_page_alloc 1
thp_zero_page_alloc_failed 0
thp_promote 3035
thp_fault_alloc 7802
thp_fault_fallback 6596
thp_collapse_alloc 4103
thp_collapse_alloc_failed 0
thp_split 5579
thp_zero_page_alloc 1
thp_zero_page_alloc_failed 0
thp_promote 3035
thp_fault_alloc 7839
thp_fault_fallback 6596
thp_collapse_alloc 4103
thp_collapse_alloc_failed 0
thp_split 5579
thp_zero_page_alloc 1
thp_zero_page_alloc_failed 0
thp_promote 3035
thp_fault_alloc 7880
thp_fault_fallback 6596
thp_collapse_alloc 4103
thp_collapse_alloc_failed 0
thp_split 5579
thp_zero_page_alloc 1
thp_zero_page_alloc_failed 0
thp_promote 3035
thp_fault_alloc 7940
thp_fault_fallback 6596
thp_collapse_alloc 4103
thp_collapse_alloc_failed 0
thp_split 5580
thp_zero_page_alloc 1
thp_zero_page_alloc_failed 0
thp_promote 3035
thp_fault_alloc 7993
thp_fault_fallback 6596
thp_collapse_alloc 4103
thp_collapse_alloc_failed 0
thp_split 5580
thp_zero_page_alloc 1
thp_zero_page_alloc_failed 0
thp_promote 3035
thp_fault_alloc 8033
thp_fault_fallback 6596
thp_collapse_alloc 4103
thp_collapse_alloc_failed 0
thp_split 5580
thp_zero_page_alloc 1
thp_zero_page_alloc_failed 0
thp_promote 3035
thp_fault_alloc 8078
thp_fault_fallback 6596
thp_collapse_alloc 4105
thp_collapse_alloc_failed 0
thp_split 5580
thp_zero_page_alloc 1
thp_zero_page_alloc_failed 0
thp_promote 5564
thp_fault_alloc 8120
thp_fault_fallback 6596
thp_collapse_alloc 4105
thp_collapse_alloc_failed 0
thp_split 5580
thp_zero_page_alloc 1
thp_zero_page_alloc_failed 0
thp_promote 5564
thp_fault_alloc 8159
thp_fault_fallback 6596
thp_collapse_alloc 4105
thp_collapse_alloc_failed 0
thp_split 5580
thp_zero_page_alloc 1
thp_zero_page_alloc_failed 0
thp_promote 5564
thp_fault_alloc 8198
thp_fault_fallback 6596
thp_collapse_alloc 4105
thp_collapse_alloc_failed 0
thp_split 5580
thp_zero_page_alloc 1
thp_zero_page_alloc_failed 0
thp_promote 5564
thp_fault_alloc 8236
thp_fault_fallback 6596
thp_collapse_alloc 4105
thp_collapse_alloc_failed 0
thp_split 5580
thp_zero_page_alloc 1
thp_zero_page_alloc_failed 0
thp_promote 5564
thp_fault_alloc 8275
thp_fault_fallback 6596
thp_collapse_alloc 4105
thp_collapse_alloc_failed 0
thp_split 5580
thp_zero_page_alloc 1
thp_zero_page_alloc_failed 0
thp_promote 5564
thp_fault_alloc 8317
thp_fault_fallback 6596
thp_collapse_alloc 4105
thp_collapse_alloc_failed 0
thp_split 5580
thp_zero_page_alloc 1
thp_zero_page_alloc_failed 0
thp_promote 5564
thp_fault_alloc 8359
thp_fault_fallback 6596
thp_collapse_alloc 4105
thp_collapse_alloc_failed 0
thp_split 5580
thp_zero_page_alloc 1
thp_zero_page_alloc_failed 0
thp_promote 5564
thp_fault_alloc 8398
thp_fault_fallback 6596
thp_collapse_alloc 4105
thp_collapse_alloc_failed 0
thp_split 5580
thp_zero_page_alloc 1
thp_zero_page_alloc_failed 0
thp_promote 5564
thp_fault_alloc 8439
thp_fault_fallback 6596
thp_collapse_alloc 4105
thp_collapse_alloc_failed 0
thp_split 5580
thp_zero_page_alloc 1
thp_zero_page_alloc_failed 0
thp_promote 5564
thp_fault_alloc 8477
thp_fault_fallback 6596
thp_collapse_alloc 4105
thp_collapse_alloc_failed 0
thp_split 5580
thp_zero_page_alloc 1
thp_zero_page_alloc_failed 0
thp_promote 5564
thp_fault_alloc 8516
thp_fault_fallback 6596
thp_collapse_alloc 4105
thp_collapse_alloc_failed 0
thp_split 5580
thp_zero_page_alloc 1
thp_zero_page_alloc_failed 0
thp_promote 5564
thp_fault_alloc 8557
thp_fault_fallback 6596
thp_collapse_alloc 4105
thp_collapse_alloc_failed 0
thp_split 5580
thp_zero_page_alloc 1
thp_zero_page_alloc_failed 0
thp_promote 5564
thp_fault_alloc 8598
thp_fault_fallback 6596
thp_collapse_alloc 4105
thp_collapse_alloc_failed 0
thp_split 5580
thp_zero_page_alloc 1
thp_zero_page_alloc_failed 0
thp_promote 5564
thp_fault_alloc 8636
thp_fault_fallback 6596
thp_collapse_alloc 4105
thp_collapse_alloc_failed 0
thp_split 5580
thp_zero_page_alloc 1
thp_zero_page_alloc_failed 0
thp_promote 5564
thp_fault_alloc 8677
thp_fault_fallback 6596
thp_collapse_alloc 4105
thp_collapse_alloc_failed 0
thp_split 5580
thp_zero_page_alloc 1
thp_zero_page_alloc_failed 0
thp_promote 5564
thp_fault_alloc 8718
thp_fault_fallback 6596
thp_collapse_alloc 4105
thp_collapse_alloc_failed 0
thp_split 5580
thp_zero_page_alloc 1
thp_zero_page_alloc_failed 0
thp_promote 5564
thp_fault_alloc 8758
thp_fault_fallback 6596
thp_collapse_alloc 4105
thp_collapse_alloc_failed 0
thp_split 5581
thp_zero_page_alloc 1
thp_zero_page_alloc_failed 0
thp_promote 5564
thp_fault_alloc 8803
thp_fault_fallback 6596
thp_collapse_alloc 4105
thp_collapse_alloc_failed 0
thp_split 5581
thp_zero_page_alloc 1
thp_zero_page_alloc_failed 0
thp_promote 5564
thp_fault_alloc 8847
thp_fault_fallback 6596
thp_collapse_alloc 4105
thp_collapse_alloc_failed 0
thp_split 5581
thp_zero_page_alloc 1
thp_zero_page_alloc_failed 0
thp_promote 5564
thp_fault_alloc 8884
thp_fault_fallback 6596
thp_collapse_alloc 4106
thp_collapse_alloc_failed 0
thp_split 5581
thp_zero_page_alloc 1
thp_zero_page_alloc_failed 0
thp_promote 5564
thp_fault_alloc 8925
thp_fault_fallback 6596
thp_collapse_alloc 4106
thp_collapse_alloc_failed 0
thp_split 5581
thp_zero_page_alloc 1
thp_zero_page_alloc_failed 0
thp_promote 5564
thp_fault_alloc 8963
thp_fault_fallback 6596
thp_collapse_alloc 4106
thp_collapse_alloc_failed 0
thp_split 5581
thp_zero_page_alloc 1
thp_zero_page_alloc_failed 0
thp_promote 5564
thp_fault_alloc 9003
thp_fault_fallback 6596
thp_collapse_alloc 4106
thp_collapse_alloc_failed 0
thp_split 5581
thp_zero_page_alloc 1
thp_zero_page_alloc_failed 0
thp_promote 5564
thp_fault_alloc 9040
thp_fault_fallback 6596
thp_collapse_alloc 4106
thp_collapse_alloc_failed 0
thp_split 5581
thp_zero_page_alloc 1
thp_zero_page_alloc_failed 0
thp_promote 5564
thp_fault_alloc 9077
thp_fault_fallback 6596
thp_collapse_alloc 4106
thp_collapse_alloc_failed 0
thp_split 5581
thp_zero_page_alloc 1
thp_zero_page_alloc_failed 0
thp_promote 5564
thp_fault_alloc 9113
thp_fault_fallback 6596
thp_collapse_alloc 4106
thp_collapse_alloc_failed 0
thp_split 5581
thp_zero_page_alloc 1
thp_zero_page_alloc_failed 0
thp_promote 5564
thp_fault_alloc 9150
thp_fault_fallback 6596
thp_collapse_alloc 4106
thp_collapse_alloc_failed 0
thp_split 5581
thp_zero_page_alloc 1
thp_zero_page_alloc_failed 0
thp_promote 5564
thp_fault_alloc 9185
thp_fault_fallback 6596
thp_collapse_alloc 4106
thp_collapse_alloc_failed 0
thp_split 5581
thp_zero_page_alloc 1
thp_zero_page_alloc_failed 0
thp_promote 5564
thp_fault_alloc 9226
thp_fault_fallback 6596
thp_collapse_alloc 4106
thp_collapse_alloc_failed 0
thp_split 5581
thp_zero_page_alloc 1
thp_zero_page_alloc_failed 0
thp_promote 5564
thp_fault_alloc 9265
thp_fault_fallback 6596
thp_collapse_alloc 4115
thp_collapse_alloc_failed 0
thp_split 5581
thp_zero_page_alloc 1
thp_zero_page_alloc_failed 0
thp_promote 5564
thp_fault_alloc 9303
thp_fault_fallback 6596
thp_collapse_alloc 4115
thp_collapse_alloc_failed 0
thp_split 5581
thp_zero_page_alloc 1
thp_zero_page_alloc_failed 0
thp_promote 5564
thp_fault_alloc 9343
thp_fault_fallback 6596
thp_collapse_alloc 4115
thp_collapse_alloc_failed 0
thp_split 5581
thp_zero_page_alloc 1
thp_zero_page_alloc_failed 0
thp_promote 5564
thp_fault_alloc 9384
thp_fault_fallback 6596
thp_collapse_alloc 4115
thp_collapse_alloc_failed 0
thp_split 5581
thp_zero_page_alloc 1
thp_zero_page_alloc_failed 0
thp_promote 5564
thp_fault_alloc 9425
thp_fault_fallback 6596
thp_collapse_alloc 4115
thp_collapse_alloc_failed 0
thp_split 5581
thp_zero_page_alloc 1
thp_zero_page_alloc_failed 0
thp_promote 5564
thp_fault_alloc 9467
thp_fault_fallback 6596
thp_collapse_alloc 4115
thp_collapse_alloc_failed 0
thp_split 5581
thp_zero_page_alloc 1
thp_zero_page_alloc_failed 0
thp_promote 5564
thp_fault_alloc 9507
thp_fault_fallback 6596
thp_collapse_alloc 4115
thp_collapse_alloc_failed 0
thp_split 5581
thp_zero_page_alloc 1
thp_zero_page_alloc_failed 0
thp_promote 5564
thp_fault_alloc 9544
thp_fault_fallback 6596
thp_collapse_alloc 4115
thp_collapse_alloc_failed 0
thp_split 5581
thp_zero_page_alloc 1
thp_zero_page_alloc_failed 0
thp_promote 5564
thp_fault_alloc 9582
thp_fault_fallback 6596
thp_collapse_alloc 4115
thp_collapse_alloc_failed 0
thp_split 5581
thp_zero_page_alloc 1
thp_zero_page_alloc_failed 0
thp_promote 5564
thp_fault_alloc 9621
thp_fault_fallback 6596
thp_collapse_alloc 4115
thp_collapse_alloc_failed 0
thp_split 5581
thp_zero_page_alloc 1
thp_zero_page_alloc_failed 0
thp_promote 5564
thp_fault_alloc 9662
thp_fault_fallback 6596
thp_collapse_alloc 4115
thp_collapse_alloc_failed 0
thp_split 5581
thp_zero_page_alloc 1
thp_zero_page_alloc_failed 0
thp_promote 5564
thp_fault_alloc 9698
thp_fault_fallback 6596
thp_collapse_alloc 4115
thp_collapse_alloc_failed 0
thp_split 5581
thp_zero_page_alloc 1
thp_zero_page_alloc_failed 0
thp_promote 5564
thp_fault_alloc 9737
thp_fault_fallback 6596
thp_collapse_alloc 4115
thp_collapse_alloc_failed 0
thp_split 5581
thp_zero_page_alloc 1
thp_zero_page_alloc_failed 0
thp_promote 5564
thp_fault_alloc 9777
thp_fault_fallback 6596
thp_collapse_alloc 4115
thp_collapse_alloc_failed 0
thp_split 5581
thp_zero_page_alloc 1
thp_zero_page_alloc_failed 0
thp_promote 5564
thp_fault_alloc 9816
thp_fault_fallback 6596
thp_collapse_alloc 4115
thp_collapse_alloc_failed 0
thp_split 5581
thp_zero_page_alloc 1
thp_zero_page_alloc_failed 0
thp_promote 5564
thp_fault_alloc 9854
thp_fault_fallback 6596
thp_collapse_alloc 4115
thp_collapse_alloc_failed 0
thp_split 5581
thp_zero_page_alloc 1
thp_zero_page_alloc_failed 0
thp_promote 5564
thp_fault_alloc 9894
thp_fault_fallback 6596
thp_collapse_alloc 4115
thp_collapse_alloc_failed 0
thp_split 5581
thp_zero_page_alloc 1
thp_zero_page_alloc_failed 0
thp_promote 5564
thp_fault_alloc 9932
thp_fault_fallback 6596
thp_collapse_alloc 4115
thp_collapse_alloc_failed 0
thp_split 5581
thp_zero_page_alloc 1
thp_zero_page_alloc_failed 0
thp_promote 5564
thp_fault_alloc 9970
thp_fault_fallback 6596
thp_collapse_alloc 4115
thp_collapse_alloc_failed 0
thp_split 5581
thp_zero_page_alloc 1
thp_zero_page_alloc_failed 0
thp_promote 5564
thp_fault_alloc 10007
thp_fault_fallback 6596
thp_collapse_alloc 4115
thp_collapse_alloc_failed 0
thp_split 5581
thp_zero_page_alloc 1
thp_zero_page_alloc_failed 0
thp_promote 5564
thp_fault_alloc 10044
thp_fault_fallback 6596
thp_collapse_alloc 4115
thp_collapse_alloc_failed 0
thp_split 5581
thp_zero_page_alloc 1
thp_zero_page_alloc_failed 0
thp_promote 5564
thp_fault_alloc 10083
thp_fault_fallback 6596
thp_collapse_alloc 4115
thp_collapse_alloc_failed 0
thp_split 5581
thp_zero_page_alloc 1
thp_zero_page_alloc_failed 0
thp_promote 5564
thp_fault_alloc 10120
thp_fault_fallback 10059
thp_collapse_alloc 4115
thp_collapse_alloc_failed 0
thp_split 9044
thp_zero_page_alloc 1
thp_zero_page_alloc_failed 0
thp_promote 5564
thp_fault_alloc 10155
thp_fault_fallback 12459
thp_collapse_alloc 4115
thp_collapse_alloc_failed 0
thp_split 11444
thp_zero_page_alloc 1
thp_zero_page_alloc_failed 0
thp_promote 5564
thp_fault_alloc 10226
thp_fault_fallback 12459
thp_collapse_alloc 4115
thp_collapse_alloc_failed 0
thp_split 11444
thp_zero_page_alloc 1
thp_zero_page_alloc_failed 0
thp_promote 5564
thp_fault_alloc 10260
thp_fault_fallback 12459
thp_collapse_alloc 4115
thp_collapse_alloc_failed 0
thp_split 11444
thp_zero_page_alloc 1
thp_zero_page_alloc_failed 0
thp_promote 5564
thp_fault_alloc 10294
thp_fault_fallback 12459
thp_collapse_alloc 4115
thp_collapse_alloc_failed 0
thp_split 11444
thp_zero_page_alloc 1
thp_zero_page_alloc_failed 0
thp_promote 5564
thp_fault_alloc 10328
thp_fault_fallback 12459
thp_collapse_alloc 4115
thp_collapse_alloc_failed 0
thp_split 11444
thp_zero_page_alloc 1
thp_zero_page_alloc_failed 0
thp_promote 5564
thp_fault_alloc 10368
thp_fault_fallback 12459
thp_collapse_alloc 4116
thp_collapse_alloc_failed 0
thp_split 11444
thp_zero_page_alloc 1
thp_zero_page_alloc_failed 0
thp_promote 5564
thp_fault_alloc 10439
thp_fault_fallback 12459
thp_collapse_alloc 4116
thp_collapse_alloc_failed 0
thp_split 11444
thp_zero_page_alloc 1
thp_zero_page_alloc_failed 0
thp_promote 5564
thp_fault_alloc 10480
thp_fault_fallback 12459
thp_collapse_alloc 4116
thp_collapse_alloc_failed 0
thp_split 11444
thp_zero_page_alloc 1
thp_zero_page_alloc_failed 0
thp_promote 5564
thp_fault_alloc 10517
thp_fault_fallback 12459
thp_collapse_alloc 4116
thp_collapse_alloc_failed 0
thp_split 11444
thp_zero_page_alloc 1
thp_zero_page_alloc_failed 0
thp_promote 5564
thp_fault_alloc 10559
thp_fault_fallback 12459
thp_collapse_alloc 4116
thp_collapse_alloc_failed 0
thp_split 11444
thp_zero_page_alloc 1
thp_zero_page_alloc_failed 0
thp_promote 5564
thp_fault_alloc 10601
thp_fault_fallback 12459
thp_collapse_alloc 4116
thp_collapse_alloc_failed 0
thp_split 11444
thp_zero_page_alloc 1
thp_zero_page_alloc_failed 0
thp_promote 5564
thp_fault_alloc 10675
thp_fault_fallback 12459
thp_collapse_alloc 4116
thp_collapse_alloc_failed 0
thp_split 11444
thp_zero_page_alloc 1
thp_zero_page_alloc_failed 0
thp_promote 5564
thp_fault_alloc 10716
thp_fault_fallback 12459
thp_collapse_alloc 4116
thp_collapse_alloc_failed 0
thp_split 11444
thp_zero_page_alloc 1
thp_zero_page_alloc_failed 0
thp_promote 5564
thp_fault_alloc 10756
thp_fault_fallback 12459
thp_collapse_alloc 4116
thp_collapse_alloc_failed 0
thp_split 11444
thp_zero_page_alloc 1
thp_zero_page_alloc_failed 0
thp_promote 5564
thp_fault_alloc 10794
thp_fault_fallback 12459
thp_collapse_alloc 4116
thp_collapse_alloc_failed 0
thp_split 11444
thp_zero_page_alloc 1
thp_zero_page_alloc_failed 0
thp_promote 5564
thp_fault_alloc 10830
thp_fault_fallback 12459
thp_collapse_alloc 4116
thp_collapse_alloc_failed 0
thp_split 11444
thp_zero_page_alloc 1
thp_zero_page_alloc_failed 0
thp_promote 5564
thp_fault_alloc 10868
thp_fault_fallback 12459
thp_collapse_alloc 4116
thp_collapse_alloc_failed 0
thp_split 11444
thp_zero_page_alloc 1
thp_zero_page_alloc_failed 0
thp_promote 5564
thp_fault_alloc 10906
thp_fault_fallback 12459
thp_collapse_alloc 4116
thp_collapse_alloc_failed 0
thp_split 11444
thp_zero_page_alloc 1
thp_zero_page_alloc_failed 0
thp_promote 5564
thp_fault_alloc 10981
thp_fault_fallback 12459
thp_collapse_alloc 4116
thp_collapse_alloc_failed 0
thp_split 11444
thp_zero_page_alloc 1
thp_zero_page_alloc_failed 0
thp_promote 5564
thp_fault_alloc 11024
thp_fault_fallback 12459
thp_collapse_alloc 4116
thp_collapse_alloc_failed 0
thp_split 11444
thp_zero_page_alloc 1
thp_zero_page_alloc_failed 0
thp_promote 5564
thp_fault_alloc 11067
thp_fault_fallback 12459
thp_collapse_alloc 4116
thp_collapse_alloc_failed 0
thp_split 11444
thp_zero_page_alloc 1
thp_zero_page_alloc_failed 0
thp_promote 5564
thp_fault_alloc 11102
thp_fault_fallback 12459
thp_collapse_alloc 4116
thp_collapse_alloc_failed 0
thp_split 11444
thp_zero_page_alloc 1
thp_zero_page_alloc_failed 0
thp_promote 5564
thp_fault_alloc 11141
thp_fault_fallback 12459
thp_collapse_alloc 4116
thp_collapse_alloc_failed 0
thp_split 11444
thp_zero_page_alloc 1
thp_zero_page_alloc_failed 0
thp_promote 5564
thp_fault_alloc 11182
thp_fault_fallback 12459
thp_collapse_alloc 4256
thp_collapse_alloc_failed 0
thp_split 11444
thp_zero_page_alloc 1
thp_zero_page_alloc_failed 0
thp_promote 5687
thp_fault_alloc 11221
thp_fault_fallback 12459
thp_collapse_alloc 4256
thp_collapse_alloc_failed 0
thp_split 11444
thp_zero_page_alloc 1
thp_zero_page_alloc_failed 0
thp_promote 5687
thp_fault_alloc 11298
thp_fault_fallback 12459
thp_collapse_alloc 4256
thp_collapse_alloc_failed 0
thp_split 11444
thp_zero_page_alloc 1
thp_zero_page_alloc_failed 0
thp_promote 5687
thp_fault_alloc 11344
thp_fault_fallback 12459
thp_collapse_alloc 4256
thp_collapse_alloc_failed 0
thp_split 11444
thp_zero_page_alloc 1
thp_zero_page_alloc_failed 0
thp_promote 5687
thp_fault_alloc 11388
thp_fault_fallback 12459
thp_collapse_alloc 4256
thp_collapse_alloc_failed 0
thp_split 11444
thp_zero_page_alloc 1
thp_zero_page_alloc_failed 0
thp_promote 5687
thp_fault_alloc 11427
thp_fault_fallback 12459
thp_collapse_alloc 4256
thp_collapse_alloc_failed 0
thp_split 11444
thp_zero_page_alloc 1
thp_zero_page_alloc_failed 0
thp_promote 5687
thp_fault_alloc 11465
thp_fault_fallback 12459
thp_collapse_alloc 4256
thp_collapse_alloc_failed 0
thp_split 11444
thp_zero_page_alloc 1
thp_zero_page_alloc_failed 0
thp_promote 5687
thp_fault_alloc 11709
thp_fault_fallback 12459
thp_collapse_alloc 6484
thp_collapse_alloc_failed 0
thp_split 11444
thp_zero_page_alloc 1
thp_zero_page_alloc_failed 0
thp_promote 7875
thp_fault_alloc 11747
thp_fault_fallback 12459
thp_collapse_alloc 6484
thp_collapse_alloc_failed 0
thp_split 11444
thp_zero_page_alloc 1
thp_zero_page_alloc_failed 0
thp_promote 7875
thp_fault_alloc 11787
thp_fault_fallback 12459
thp_collapse_alloc 6484
thp_collapse_alloc_failed 0
thp_split 11444
thp_zero_page_alloc 1
thp_zero_page_alloc_failed 0
thp_promote 7875
thp_fault_alloc 11828
thp_fault_fallback 12459
thp_collapse_alloc 6484
thp_collapse_alloc_failed 0
thp_split 11444
thp_zero_page_alloc 1
thp_zero_page_alloc_failed 0
thp_promote 7875
thp_fault_alloc 11904
thp_fault_fallback 12459
thp_collapse_alloc 6484
thp_collapse_alloc_failed 0
thp_split 11444
thp_zero_page_alloc 1
thp_zero_page_alloc_failed 0
thp_promote 7875
thp_fault_alloc 11950
thp_fault_fallback 12459
thp_collapse_alloc 6484
thp_collapse_alloc_failed 0
thp_split 11444
thp_zero_page_alloc 1
thp_zero_page_alloc_failed 0
thp_promote 7875
thp_fault_alloc 11991
thp_fault_fallback 12459
thp_collapse_alloc 6484
thp_collapse_alloc_failed 0
thp_split 11444
thp_zero_page_alloc 1
thp_zero_page_alloc_failed 0
thp_promote 7875
thp_fault_alloc 12034
thp_fault_fallback 12459
thp_collapse_alloc 6484
thp_collapse_alloc_failed 0
thp_split 11444
thp_zero_page_alloc 1
thp_zero_page_alloc_failed 0
thp_promote 7875
thp_fault_alloc 12076
thp_fault_fallback 12459
thp_collapse_alloc 6484
thp_collapse_alloc_failed 0
thp_split 11444
thp_zero_page_alloc 1
thp_zero_page_alloc_failed 0
thp_promote 7875
thp_fault_alloc 12115
thp_fault_fallback 12459
thp_collapse_alloc 6779
thp_collapse_alloc_failed 0
thp_split 11444
thp_zero_page_alloc 1
thp_zero_page_alloc_failed 0
thp_promote 8227
thp_fault_alloc 12154
thp_fault_fallback 12459
thp_collapse_alloc 6779
thp_collapse_alloc_failed 0
thp_split 11444
thp_zero_page_alloc 1
thp_zero_page_alloc_failed 0
thp_promote 8227
thp_fault_alloc 12193
thp_fault_fallback 12459
thp_collapse_alloc 6779
thp_collapse_alloc_failed 0
thp_split 11444
thp_zero_page_alloc 1
thp_zero_page_alloc_failed 0
thp_promote 8227
thp_fault_alloc 12230
thp_fault_fallback 12459
thp_collapse_alloc 6779
thp_collapse_alloc_failed 0
thp_split 11444
thp_zero_page_alloc 1
thp_zero_page_alloc_failed 0
thp_promote 8227
thp_fault_alloc 12269
thp_fault_fallback 12459
thp_collapse_alloc 6779
thp_collapse_alloc_failed 0
thp_split 11444
thp_zero_page_alloc 1
thp_zero_page_alloc_failed 0
thp_promote 8227
thp_fault_alloc 12307
thp_fault_fallback 12459
thp_collapse_alloc 6779
thp_collapse_alloc_failed 0
thp_split 11444
thp_zero_page_alloc 1
thp_zero_page_alloc_failed 0
thp_promote 8227
thp_fault_alloc 12346
thp_fault_fallback 12459
thp_collapse_alloc 6779
thp_collapse_alloc_failed 0
thp_split 11444
thp_zero_page_alloc 1
thp_zero_page_alloc_failed 0
thp_promote 8227
thp_fault_alloc 12424
thp_fault_fallback 12459
thp_collapse_alloc 6779
thp_collapse_alloc_failed 0
thp_split 11444
thp_zero_page_alloc 1
thp_zero_page_alloc_failed 0
thp_promote 8227
thp_fault_alloc 12464
thp_fault_fallback 12459
thp_collapse_alloc 6779
thp_collapse_alloc_failed 0
thp_split 11444
thp_zero_page_alloc 1
thp_zero_page_alloc_failed 0
thp_promote 8227
thp_fault_alloc 12505
thp_fault_fallback 12459
thp_collapse_alloc 6779
thp_collapse_alloc_failed 0
thp_split 11444
thp_zero_page_alloc 1
thp_zero_page_alloc_failed 0
thp_promote 8231
thp_fault_alloc 12548
thp_fault_fallback 12459
thp_collapse_alloc 6792
thp_collapse_alloc_failed 0
thp_split 11444
thp_zero_page_alloc 1
thp_zero_page_alloc_failed 0
thp_promote 8240
thp_fault_alloc 12624
thp_fault_fallback 12459
thp_collapse_alloc 6792
thp_collapse_alloc_failed 0
thp_split 11444
thp_zero_page_alloc 1
thp_zero_page_alloc_failed 0
thp_promote 8240
thp_fault_alloc 12668
thp_fault_fallback 12459
thp_collapse_alloc 6792
thp_collapse_alloc_failed 0
thp_split 11444
thp_zero_page_alloc 1
thp_zero_page_alloc_failed 0
thp_promote 8240
thp_fault_alloc 12711
thp_fault_fallback 12459
thp_collapse_alloc 6792
thp_collapse_alloc_failed 0
thp_split 11444
thp_zero_page_alloc 1
thp_zero_page_alloc_failed 0
thp_promote 8240
thp_fault_alloc 12750
thp_fault_fallback 12459
thp_collapse_alloc 6792
thp_collapse_alloc_failed 0
thp_split 11444
thp_zero_page_alloc 1
thp_zero_page_alloc_failed 0
thp_promote 8240
thp_fault_alloc 12792
thp_fault_fallback 12459
thp_collapse_alloc 6792
thp_collapse_alloc_failed 0
thp_split 11444
thp_zero_page_alloc 1
thp_zero_page_alloc_failed 0
thp_promote 8240
thp_fault_alloc 12832
thp_fault_fallback 12459
thp_collapse_alloc 6792
thp_collapse_alloc_failed 0
thp_split 11444
thp_zero_page_alloc 1
thp_zero_page_alloc_failed 0
thp_promote 8240
thp_fault_alloc 12872
thp_fault_fallback 12459
thp_collapse_alloc 6792
thp_collapse_alloc_failed 0
thp_split 11444
thp_zero_page_alloc 1
thp_zero_page_alloc_failed 0
thp_promote 8240
thp_fault_alloc 12913
thp_fault_fallback 12459
thp_collapse_alloc 6846
thp_collapse_alloc_failed 0
thp_split 11444
thp_zero_page_alloc 1
thp_zero_page_alloc_failed 0
thp_promote 8295
thp_fault_alloc 12955
thp_fault_fallback 12459
thp_collapse_alloc 6847
thp_collapse_alloc_failed 0
thp_split 11444
thp_zero_page_alloc 1
thp_zero_page_alloc_failed 0
thp_promote 8295
thp_fault_alloc 12997
thp_fault_fallback 12459
thp_collapse_alloc 6847
thp_collapse_alloc_failed 0
thp_split 11444
thp_zero_page_alloc 1
thp_zero_page_alloc_failed 0
thp_promote 8295
thp_fault_alloc 13039
thp_fault_fallback 12459
thp_collapse_alloc 6847
thp_collapse_alloc_failed 0
thp_split 11444
thp_zero_page_alloc 1
thp_zero_page_alloc_failed 0
thp_promote 8295
thp_fault_alloc 13083
thp_fault_fallback 12459
thp_collapse_alloc 6847
thp_collapse_alloc_failed 0
thp_split 11444
thp_zero_page_alloc 1
thp_zero_page_alloc_failed 0
thp_promote 8295
thp_fault_alloc 13123
thp_fault_fallback 12459
thp_collapse_alloc 6847
thp_collapse_alloc_failed 0
thp_split 11444
thp_zero_page_alloc 1
thp_zero_page_alloc_failed 0
thp_promote 8295
thp_fault_alloc 13203
thp_fault_fallback 12459
thp_collapse_alloc 6847
thp_collapse_alloc_failed 0
thp_split 11444
thp_zero_page_alloc 1
thp_zero_page_alloc_failed 0
thp_promote 8295
thp_fault_alloc 13248
thp_fault_fallback 12459
thp_collapse_alloc 6847
thp_collapse_alloc_failed 0
thp_split 11444
thp_zero_page_alloc 1
thp_zero_page_alloc_failed 0
thp_promote 8295
thp_fault_alloc 13288
thp_fault_fallback 12459
thp_collapse_alloc 6847
thp_collapse_alloc_failed 0
thp_split 11444
thp_zero_page_alloc 1
thp_zero_page_alloc_failed 0
thp_promote 8295
thp_fault_alloc 13326
thp_fault_fallback 12459
thp_collapse_alloc 6847
thp_collapse_alloc_failed 0
thp_split 11444
thp_zero_page_alloc 1
thp_zero_page_alloc_failed 0
thp_promote 8295
thp_fault_alloc 13368
thp_fault_fallback 12459
thp_collapse_alloc 6984
thp_collapse_alloc_failed 0
thp_split 11444
thp_zero_page_alloc 1
thp_zero_page_alloc_failed 0
thp_promote 8434
thp_fault_alloc 13408
thp_fault_fallback 12459
thp_collapse_alloc 6984
thp_collapse_alloc_failed 0
thp_split 11444
thp_zero_page_alloc 1
thp_zero_page_alloc_failed 0
thp_promote 8434
thp_fault_alloc 13450
thp_fault_fallback 12459
thp_collapse_alloc 6984
thp_collapse_alloc_failed 0
thp_split 11444
thp_zero_page_alloc 1
thp_zero_page_alloc_failed 0
thp_promote 8434
thp_fault_alloc 13495
thp_fault_fallback 12459
thp_collapse_alloc 6984
thp_collapse_alloc_failed 0
thp_split 11444
thp_zero_page_alloc 1
thp_zero_page_alloc_failed 0
thp_promote 8434
thp_fault_alloc 13541
thp_fault_fallback 12459
thp_collapse_alloc 6984
thp_collapse_alloc_failed 0
thp_split 11444
thp_zero_page_alloc 1
thp_zero_page_alloc_failed 0
thp_promote 8434
thp_fault_alloc 13585
thp_fault_fallback 12459
thp_collapse_alloc 6984
thp_collapse_alloc_failed 0
thp_split 11444
thp_zero_page_alloc 1
thp_zero_page_alloc_failed 0
thp_promote 8434
thp_fault_alloc 13627
thp_fault_fallback 12459
thp_collapse_alloc 6984
thp_collapse_alloc_failed 0
thp_split 11444
thp_zero_page_alloc 1
thp_zero_page_alloc_failed 0
thp_promote 8434
thp_fault_alloc 13668
thp_fault_fallback 12459
thp_collapse_alloc 6984
thp_collapse_alloc_failed 0
thp_split 11444
thp_zero_page_alloc 1
thp_zero_page_alloc_failed 0
thp_promote 8434
thp_fault_alloc 13709
thp_fault_fallback 12459
thp_collapse_alloc 6984
thp_collapse_alloc_failed 0
thp_split 11444
thp_zero_page_alloc 1
thp_zero_page_alloc_failed 0
thp_promote 8434
thp_fault_alloc 13788
thp_fault_fallback 12459
thp_collapse_alloc 6984
thp_collapse_alloc_failed 0
thp_split 11444
thp_zero_page_alloc 1
thp_zero_page_alloc_failed 0
thp_promote 8524
thp_fault_alloc 13829
thp_fault_fallback 12459
thp_collapse_alloc 7120
thp_collapse_alloc_failed 0
thp_split 11444
thp_zero_page_alloc 1
thp_zero_page_alloc_failed 0
thp_promote 8568
thp_fault_alloc 13871
thp_fault_fallback 12459
thp_collapse_alloc 7120
thp_collapse_alloc_failed 0
thp_split 11444
thp_zero_page_alloc 1
thp_zero_page_alloc_failed 0
thp_promote 8568
thp_fault_alloc 13916
thp_fault_fallback 12459
thp_collapse_alloc 7120
thp_collapse_alloc_failed 0
thp_split 11444
thp_zero_page_alloc 1
thp_zero_page_alloc_failed 0
thp_promote 8568
thp_fault_alloc 13958
thp_fault_fallback 12459
thp_collapse_alloc 7120
thp_collapse_alloc_failed 0
thp_split 11444
thp_zero_page_alloc 1
thp_zero_page_alloc_failed 0
thp_promote 8568
thp_fault_alloc 14004
thp_fault_fallback 12459
thp_collapse_alloc 7120
thp_collapse_alloc_failed 0
thp_split 11444
thp_zero_page_alloc 1
thp_zero_page_alloc_failed 0
thp_promote 8568
thp_fault_alloc 14045
thp_fault_fallback 12459
thp_collapse_alloc 7120
thp_collapse_alloc_failed 0
thp_split 11444
thp_zero_page_alloc 1
thp_zero_page_alloc_failed 0
thp_promote 8568
thp_fault_alloc 14083
thp_fault_fallback 12459
thp_collapse_alloc 7120
thp_collapse_alloc_failed 0
thp_split 11444
thp_zero_page_alloc 1
thp_zero_page_alloc_failed 0
thp_promote 8568
thp_fault_alloc 14124
thp_fault_fallback 12459
thp_collapse_alloc 7120
thp_collapse_alloc_failed 0
thp_split 11444
thp_zero_page_alloc 1
thp_zero_page_alloc_failed 0
thp_promote 8568
thp_fault_alloc 14166
thp_fault_fallback 12459
thp_collapse_alloc 7120
thp_collapse_alloc_failed 0
thp_split 11444
thp_zero_page_alloc 1
thp_zero_page_alloc_failed 0
thp_promote 8568
thp_fault_alloc 14209
thp_fault_fallback 12459
thp_collapse_alloc 7120
thp_collapse_alloc_failed 0
thp_split 11444
thp_zero_page_alloc 1
thp_zero_page_alloc_failed 0
thp_promote 11427
thp_fault_alloc 14250
thp_fault_fallback 12459
thp_collapse_alloc 7120
thp_collapse_alloc_failed 0
thp_split 11444
thp_zero_page_alloc 1
thp_zero_page_alloc_failed 0
thp_promote 11427
thp_fault_alloc 14289
thp_fault_fallback 12459
thp_collapse_alloc 7120
thp_collapse_alloc_failed 0
thp_split 11444
thp_zero_page_alloc 1
thp_zero_page_alloc_failed 0
thp_promote 11427
thp_fault_alloc 14332
thp_fault_fallback 12459
thp_collapse_alloc 7120
thp_collapse_alloc_failed 0
thp_split 11444
thp_zero_page_alloc 1
thp_zero_page_alloc_failed 0
thp_promote 11427
thp_fault_alloc 14373
thp_fault_fallback 12459
thp_collapse_alloc 7120
thp_collapse_alloc_failed 0
thp_split 11444
thp_zero_page_alloc 1
thp_zero_page_alloc_failed 0
thp_promote 11427
thp_fault_alloc 14414
thp_fault_fallback 12459
thp_collapse_alloc 7120
thp_collapse_alloc_failed 0
thp_split 11444
thp_zero_page_alloc 1
thp_zero_page_alloc_failed 0
thp_promote 11427
thp_fault_alloc 14456
thp_fault_fallback 12459
thp_collapse_alloc 7120
thp_collapse_alloc_failed 0
thp_split 11444
thp_zero_page_alloc 1
thp_zero_page_alloc_failed 0
thp_promote 11427
thp_fault_alloc 14499
thp_fault_fallback 12459
thp_collapse_alloc 7120
thp_collapse_alloc_failed 0
thp_split 11444
thp_zero_page_alloc 1
thp_zero_page_alloc_failed 0
thp_promote 11427
thp_fault_alloc 14543
thp_fault_fallback 12459
thp_collapse_alloc 7120
thp_collapse_alloc_failed 0
thp_split 11444
thp_zero_page_alloc 1
thp_zero_page_alloc_failed 0
thp_promote 11427
thp_fault_alloc 14582
thp_fault_fallback 12459
thp_collapse_alloc 7120
thp_collapse_alloc_failed 0
thp_split 11444
thp_zero_page_alloc 1
thp_zero_page_alloc_failed 0
thp_promote 11427
thp_fault_alloc 14621
thp_fault_fallback 12459
thp_collapse_alloc 7120
thp_collapse_alloc_failed 0
thp_split 11444
thp_zero_page_alloc 1
thp_zero_page_alloc_failed 0
thp_promote 11427
thp_fault_alloc 14662
thp_fault_fallback 12459
thp_collapse_alloc 7120
thp_collapse_alloc_failed 0
thp_split 11444
thp_zero_page_alloc 1
thp_zero_page_alloc_failed 0
thp_promote 11427
thp_fault_alloc 14704
thp_fault_fallback 12459
thp_collapse_alloc 7120
thp_collapse_alloc_failed 0
thp_split 11444
thp_zero_page_alloc 1
thp_zero_page_alloc_failed 0
thp_promote 11427
thp_fault_alloc 14745
thp_fault_fallback 12459
thp_collapse_alloc 7120
thp_collapse_alloc_failed 0
thp_split 11444
thp_zero_page_alloc 1
thp_zero_page_alloc_failed 0
thp_promote 11427
thp_fault_alloc 14787
thp_fault_fallback 12459
thp_collapse_alloc 7120
thp_collapse_alloc_failed 0
thp_split 11444
thp_zero_page_alloc 1
thp_zero_page_alloc_failed 0
thp_promote 11427
thp_fault_alloc 14829
thp_fault_fallback 12459
thp_collapse_alloc 7120
thp_collapse_alloc_failed 0
thp_split 11444
thp_zero_page_alloc 1
thp_zero_page_alloc_failed 0
thp_promote 11427
thp_fault_alloc 14868
thp_fault_fallback 12459
thp_collapse_alloc 7120
thp_collapse_alloc_failed 0
thp_split 11444
thp_zero_page_alloc 1
thp_zero_page_alloc_failed 0
thp_promote 11427
thp_fault_alloc 14909
thp_fault_fallback 12459
thp_collapse_alloc 7120
thp_collapse_alloc_failed 0
thp_split 11444
thp_zero_page_alloc 1
thp_zero_page_alloc_failed 0
thp_promote 11427
thp_fault_alloc 14965
thp_fault_fallback 12459
thp_collapse_alloc 7120
thp_collapse_alloc_failed 0
thp_split 11444
thp_zero_page_alloc 1
thp_zero_page_alloc_failed 0
thp_promote 11427
thp_fault_alloc 15025
thp_fault_fallback 12459
thp_collapse_alloc 7120
thp_collapse_alloc_failed 0
thp_split 11444
thp_zero_page_alloc 1
thp_zero_page_alloc_failed 0
thp_promote 11427
thp_fault_alloc 15064
thp_fault_fallback 12459
thp_collapse_alloc 7120
thp_collapse_alloc_failed 0
thp_split 11444
thp_zero_page_alloc 1
thp_zero_page_alloc_failed 0
thp_promote 11427
thp_fault_alloc 15104
thp_fault_fallback 12459
thp_collapse_alloc 7120
thp_collapse_alloc_failed 0
thp_split 11444
thp_zero_page_alloc 1
thp_zero_page_alloc_failed 0
thp_promote 11427
thp_fault_alloc 15143
thp_fault_fallback 12459
thp_collapse_alloc 7120
thp_collapse_alloc_failed 0
thp_split 11444
thp_zero_page_alloc 1
thp_zero_page_alloc_failed 0
thp_promote 11427
thp_fault_alloc 15183
thp_fault_fallback 12459
thp_collapse_alloc 7120
thp_collapse_alloc_failed 0
thp_split 11444
thp_zero_page_alloc 1
thp_zero_page_alloc_failed 0
thp_promote 11427
thp_fault_alloc 15225
thp_fault_fallback 12459
thp_collapse_alloc 7120
thp_collapse_alloc_failed 0
thp_split 11444
thp_zero_page_alloc 1
thp_zero_page_alloc_failed 0
thp_promote 11427
thp_fault_alloc 15266
thp_fault_fallback 12459
thp_collapse_alloc 7120
thp_collapse_alloc_failed 0
thp_split 11444
thp_zero_page_alloc 1
thp_zero_page_alloc_failed 0
thp_promote 11427
thp_fault_alloc 15304
thp_fault_fallback 12459
thp_collapse_alloc 7120
thp_collapse_alloc_failed 0
thp_split 11444
thp_zero_page_alloc 1
thp_zero_page_alloc_failed 0
thp_promote 11427
thp_fault_alloc 15345
thp_fault_fallback 12459
thp_collapse_alloc 7120
thp_collapse_alloc_failed 0
thp_split 11444
thp_zero_page_alloc 1
thp_zero_page_alloc_failed 0
thp_promote 11427
thp_fault_alloc 15389
thp_fault_fallback 12459
thp_collapse_alloc 7120
thp_collapse_alloc_failed 0
thp_split 11444
thp_zero_page_alloc 1
thp_zero_page_alloc_failed 0
thp_promote 11427
thp_fault_alloc 15431
thp_fault_fallback 12459
thp_collapse_alloc 7120
thp_collapse_alloc_failed 0
thp_split 11444
thp_zero_page_alloc 1
thp_zero_page_alloc_failed 0
thp_promote 11427
thp_fault_alloc 15472
thp_fault_fallback 12459
thp_collapse_alloc 7120
thp_collapse_alloc_failed 0
thp_split 11444
thp_zero_page_alloc 1
thp_zero_page_alloc_failed 0
thp_promote 11427
thp_fault_alloc 15511
thp_fault_fallback 12459
thp_collapse_alloc 7120
thp_collapse_alloc_failed 0
thp_split 11444
thp_zero_page_alloc 1
thp_zero_page_alloc_failed 0
thp_promote 11427
thp_fault_alloc 15551
thp_fault_fallback 12459
thp_collapse_alloc 7120
thp_collapse_alloc_failed 0
thp_split 11444
thp_zero_page_alloc 1
thp_zero_page_alloc_failed 0
thp_promote 11427
thp_fault_alloc 15589
thp_fault_fallback 12459
thp_collapse_alloc 7120
thp_collapse_alloc_failed 0
thp_split 11444
thp_zero_page_alloc 1
thp_zero_page_alloc_failed 0
thp_promote 11427
thp_fault_alloc 15631
thp_fault_fallback 12459
thp_collapse_alloc 7120
thp_collapse_alloc_failed 0
thp_split 11444
thp_zero_page_alloc 1
thp_zero_page_alloc_failed 0
thp_promote 11427
thp_fault_alloc 15672
thp_fault_fallback 12459
thp_collapse_alloc 7120
thp_collapse_alloc_failed 0
thp_split 11444
thp_zero_page_alloc 1
thp_zero_page_alloc_failed 0
thp_promote 11427
thp_fault_alloc 15711
thp_fault_fallback 12459
thp_collapse_alloc 7120
thp_collapse_alloc_failed 0
thp_split 11444
thp_zero_page_alloc 1
thp_zero_page_alloc_failed 0
thp_promote 11427
thp_fault_alloc 15750
thp_fault_fallback 12459
thp_collapse_alloc 7120
thp_collapse_alloc_failed 0
thp_split 11444
thp_zero_page_alloc 1
thp_zero_page_alloc_failed 0
thp_promote 11427
thp_fault_alloc 15786
thp_fault_fallback 12459
thp_collapse_alloc 7120
thp_collapse_alloc_failed 0
thp_split 11444
thp_zero_page_alloc 1
thp_zero_page_alloc_failed 0
thp_promote 11427
thp_fault_alloc 15826
thp_fault_fallback 12459
thp_collapse_alloc 7120
thp_collapse_alloc_failed 0
thp_split 11444
thp_zero_page_alloc 1
thp_zero_page_alloc_failed 0
thp_promote 11427
thp_fault_alloc 15864
thp_fault_fallback 12459
thp_collapse_alloc 7120
thp_collapse_alloc_failed 0
thp_split 11444
thp_zero_page_alloc 1
thp_zero_page_alloc_failed 0
thp_promote 11427
thp_fault_alloc 15906
thp_fault_fallback 12459
thp_collapse_alloc 7120
thp_collapse_alloc_failed 0
thp_split 11444
thp_zero_page_alloc 1
thp_zero_page_alloc_failed 0
thp_promote 11427
thp_fault_alloc 15947
thp_fault_fallback 12459
thp_collapse_alloc 7120
thp_collapse_alloc_failed 0
thp_split 11444
thp_zero_page_alloc 1
thp_zero_page_alloc_failed 0
thp_promote 11427
thp_fault_alloc 15987
thp_fault_fallback 12459
thp_collapse_alloc 7120
thp_collapse_alloc_failed 0
thp_split 11444
thp_zero_page_alloc 1
thp_zero_page_alloc_failed 0
thp_promote 11427
thp_fault_alloc 16030
thp_fault_fallback 12459
thp_collapse_alloc 7120
thp_collapse_alloc_failed 0
thp_split 11444
thp_zero_page_alloc 1
thp_zero_page_alloc_failed 0
thp_promote 11427
thp_fault_alloc 16071
thp_fault_fallback 12459
thp_collapse_alloc 7120
thp_collapse_alloc_failed 0
thp_split 11444
thp_zero_page_alloc 1
thp_zero_page_alloc_failed 0
thp_promote 11427
thp_fault_alloc 16109
thp_fault_fallback 12459
thp_collapse_alloc 7120
thp_collapse_alloc_failed 0
thp_split 11444
thp_zero_page_alloc 1
thp_zero_page_alloc_failed 0
thp_promote 11427
thp_fault_alloc 16151
thp_fault_fallback 12459
thp_collapse_alloc 7120
thp_collapse_alloc_failed 0
thp_split 11444
thp_zero_page_alloc 1
thp_zero_page_alloc_failed 0
thp_promote 11427
thp_fault_alloc 16193
thp_fault_fallback 12459
thp_collapse_alloc 7120
thp_collapse_alloc_failed 0
thp_split 11444
thp_zero_page_alloc 1
thp_zero_page_alloc_failed 0
thp_promote 11427
thp_fault_alloc 16235
thp_fault_fallback 12459
thp_collapse_alloc 7120
thp_collapse_alloc_failed 0
thp_split 11444
thp_zero_page_alloc 1
thp_zero_page_alloc_failed 0
thp_promote 11427
thp_fault_alloc 16274
thp_fault_fallback 12459
thp_collapse_alloc 7120
thp_collapse_alloc_failed 0
thp_split 11444
thp_zero_page_alloc 1
thp_zero_page_alloc_failed 0
thp_promote 11427
thp_fault_alloc 16315
thp_fault_fallback 12459
thp_collapse_alloc 7120
thp_collapse_alloc_failed 0
thp_split 11444
thp_zero_page_alloc 1
thp_zero_page_alloc_failed 0
thp_promote 11427
thp_fault_alloc 16357
thp_fault_fallback 12459
thp_collapse_alloc 7120
thp_collapse_alloc_failed 0
thp_split 11444
thp_zero_page_alloc 1
thp_zero_page_alloc_failed 0
thp_promote 11427
thp_fault_alloc 16398
thp_fault_fallback 12459
thp_collapse_alloc 7120
thp_collapse_alloc_failed 0
thp_split 11444
thp_zero_page_alloc 1
thp_zero_page_alloc_failed 0
thp_promote 11427
thp_fault_alloc 16438
thp_fault_fallback 12459
thp_collapse_alloc 7120
thp_collapse_alloc_failed 0
thp_split 11444
thp_zero_page_alloc 1
thp_zero_page_alloc_failed 0
thp_promote 11427
thp_fault_alloc 16480
thp_fault_fallback 12459
thp_collapse_alloc 7120
thp_collapse_alloc_failed 0
thp_split 11444
thp_zero_page_alloc 1
thp_zero_page_alloc_failed 0
thp_promote 11427
thp_fault_alloc 16518
thp_fault_fallback 18461
thp_collapse_alloc 7120
thp_collapse_alloc_failed 0
thp_split 17446
thp_zero_page_alloc 1
thp_zero_page_alloc_failed 0
thp_promote 11427
thp_fault_alloc 16557
thp_fault_fallback 18466
thp_collapse_alloc 7120
thp_collapse_alloc_failed 0
thp_split 17451
thp_zero_page_alloc 1
thp_zero_page_alloc_failed 0
thp_promote 11427
thp_fault_alloc 16625
thp_fault_fallback 18466
thp_collapse_alloc 7120
thp_collapse_alloc_failed 0
thp_split 17451
thp_zero_page_alloc 1
thp_zero_page_alloc_failed 0
thp_promote 11427
thp_fault_alloc 16664
thp_fault_fallback 18466
thp_collapse_alloc 7120
thp_collapse_alloc_failed 0
thp_split 17451
thp_zero_page_alloc 1
thp_zero_page_alloc_failed 0
thp_promote 11427
thp_fault_alloc 16703
thp_fault_fallback 18466
thp_collapse_alloc 7120
thp_collapse_alloc_failed 0
thp_split 17451
thp_zero_page_alloc 1
thp_zero_page_alloc_failed 0
thp_promote 11427
thp_fault_alloc 16740
thp_fault_fallback 18466
thp_collapse_alloc 7120
thp_collapse_alloc_failed 0
thp_split 17451
thp_zero_page_alloc 1
thp_zero_page_alloc_failed 0
thp_promote 11427
thp_fault_alloc 16776
thp_fault_fallback 18466
thp_collapse_alloc 7120
thp_collapse_alloc_failed 0
thp_split 17451
thp_zero_page_alloc 1
thp_zero_page_alloc_failed 0
thp_promote 11427
thp_fault_alloc 16847
thp_fault_fallback 18466
thp_collapse_alloc 7120
thp_collapse_alloc_failed 0
thp_split 17451
thp_zero_page_alloc 1
thp_zero_page_alloc_failed 0
thp_promote 11427
thp_fault_alloc 16887
thp_fault_fallback 18466
thp_collapse_alloc 7120
thp_collapse_alloc_failed 0
thp_split 17451
thp_zero_page_alloc 1
thp_zero_page_alloc_failed 0
thp_promote 11427
thp_fault_alloc 16925
thp_fault_fallback 18466
thp_collapse_alloc 7120
thp_collapse_alloc_failed 0
thp_split 17451
thp_zero_page_alloc 1
thp_zero_page_alloc_failed 0
thp_promote 11427
thp_fault_alloc 17003
thp_fault_fallback 18466
thp_collapse_alloc 7120
thp_collapse_alloc_failed 0
thp_split 17451
thp_zero_page_alloc 1
thp_zero_page_alloc_failed 0
thp_promote 11427
thp_fault_alloc 17041
thp_fault_fallback 18466
thp_collapse_alloc 7120
thp_collapse_alloc_failed 0
thp_split 17451
thp_zero_page_alloc 1
thp_zero_page_alloc_failed 0
thp_promote 11427
thp_fault_alloc 17083
thp_fault_fallback 18466
thp_collapse_alloc 7120
thp_collapse_alloc_failed 0
thp_split 17451
thp_zero_page_alloc 1
thp_zero_page_alloc_failed 0
thp_promote 11427
thp_fault_alloc 17122
thp_fault_fallback 18466
thp_collapse_alloc 7120
thp_collapse_alloc_failed 0
thp_split 17451
thp_zero_page_alloc 1
thp_zero_page_alloc_failed 0
thp_promote 11427
thp_fault_alloc 17163
thp_fault_fallback 18466
thp_collapse_alloc 7120
thp_collapse_alloc_failed 0
thp_split 17451
thp_zero_page_alloc 1
thp_zero_page_alloc_failed 0
thp_promote 11427
thp_fault_alloc 17205
thp_fault_fallback 18466
thp_collapse_alloc 7120
thp_collapse_alloc_failed 0
thp_split 17451
thp_zero_page_alloc 1
thp_zero_page_alloc_failed 0
thp_promote 11427
thp_fault_alloc 17281
thp_fault_fallback 18466
thp_collapse_alloc 7120
thp_collapse_alloc_failed 0
thp_split 17451
thp_zero_page_alloc 1
thp_zero_page_alloc_failed 0
thp_promote 11427
thp_fault_alloc 17318
thp_fault_fallback 18466
thp_collapse_alloc 7120
thp_collapse_alloc_failed 0
thp_split 17451
thp_zero_page_alloc 1
thp_zero_page_alloc_failed 0
thp_promote 11427
thp_fault_alloc 17362
thp_fault_fallback 18466
thp_collapse_alloc 7120
thp_collapse_alloc_failed 0
thp_split 17451
thp_zero_page_alloc 1
thp_zero_page_alloc_failed 0
thp_promote 11427
thp_fault_alloc 17400
thp_fault_fallback 18466
thp_collapse_alloc 7120
thp_collapse_alloc_failed 0
thp_split 17451
thp_zero_page_alloc 1
thp_zero_page_alloc_failed 0
thp_promote 11427
thp_fault_alloc 17440
thp_fault_fallback 18466
thp_collapse_alloc 7204
thp_collapse_alloc_failed 0
thp_split 17451
thp_zero_page_alloc 1
thp_zero_page_alloc_failed 0
thp_promote 11490
thp_fault_alloc 17480
thp_fault_fallback 18466
thp_collapse_alloc 7204
thp_collapse_alloc_failed 0
thp_split 17451
thp_zero_page_alloc 1
thp_zero_page_alloc_failed 0
thp_promote 11490
thp_fault_alloc 17520
thp_fault_fallback 18466
thp_collapse_alloc 7204
thp_collapse_alloc_failed 0
thp_split 17451
thp_zero_page_alloc 1
thp_zero_page_alloc_failed 0
thp_promote 11490
thp_fault_alloc 17571
thp_fault_fallback 18466
thp_collapse_alloc 7204
thp_collapse_alloc_failed 0
thp_split 17451
thp_zero_page_alloc 1
thp_zero_page_alloc_failed 0
thp_promote 11490
thp_fault_alloc 17638
thp_fault_fallback 18466
thp_collapse_alloc 7204
thp_collapse_alloc_failed 0
thp_split 17451
thp_zero_page_alloc 1
thp_zero_page_alloc_failed 0
thp_promote 11490
thp_fault_alloc 17678
thp_fault_fallback 18466
thp_collapse_alloc 7204
thp_collapse_alloc_failed 0
thp_split 17451
thp_zero_page_alloc 1
thp_zero_page_alloc_failed 0
thp_promote 11490
thp_fault_alloc 17717
thp_fault_fallback 18466
thp_collapse_alloc 7204
thp_collapse_alloc_failed 0
thp_split 17451
thp_zero_page_alloc 1
thp_zero_page_alloc_failed 0
thp_promote 11490
thp_fault_alloc 17755
thp_fault_fallback 18466
thp_collapse_alloc 7204
thp_collapse_alloc_failed 0
thp_split 17451
thp_zero_page_alloc 1
thp_zero_page_alloc_failed 0
thp_promote 11490
thp_fault_alloc 17793
thp_fault_fallback 18466
thp_collapse_alloc 7204
thp_collapse_alloc_failed 0
thp_split 17451
thp_zero_page_alloc 1
thp_zero_page_alloc_failed 0
thp_promote 11490
thp_fault_alloc 17833
thp_fault_fallback 18466
thp_collapse_alloc 7460
thp_collapse_alloc_failed 0
thp_split 17451
thp_zero_page_alloc 1
thp_zero_page_alloc_failed 0
thp_promote 13907
thp_fault_alloc 17870
thp_fault_fallback 18466
thp_collapse_alloc 8724
thp_collapse_alloc_failed 0
thp_split 17451
thp_zero_page_alloc 1
thp_zero_page_alloc_failed 0
thp_promote 13907
thp_fault_alloc 17908
thp_fault_fallback 18466
thp_collapse_alloc 9649
thp_collapse_alloc_failed 0
thp_split 17451
thp_zero_page_alloc 1
thp_zero_page_alloc_failed 0
thp_promote 13907
thp_fault_alloc 17980
thp_fault_fallback 18466
thp_collapse_alloc 9649
thp_collapse_alloc_failed 0
thp_split 17451
thp_zero_page_alloc 1
thp_zero_page_alloc_failed 0
thp_promote 13907
thp_fault_alloc 18181
thp_fault_fallback 18466
thp_collapse_alloc 9649
thp_collapse_alloc_failed 0
thp_split 17451
thp_zero_page_alloc 1
thp_zero_page_alloc_failed 0
thp_promote 13907
thp_fault_alloc 18341
thp_fault_fallback 18466
thp_collapse_alloc 9863
thp_collapse_alloc_failed 0
thp_split 17451
thp_zero_page_alloc 1
thp_zero_page_alloc_failed 0
thp_promote 14170
thp_fault_alloc 18383
thp_fault_fallback 18466
thp_collapse_alloc 9863
thp_collapse_alloc_failed 0
thp_split 17451
thp_zero_page_alloc 1
thp_zero_page_alloc_failed 0
thp_promote 14170
thp_fault_alloc 18422
thp_fault_fallback 18466
thp_collapse_alloc 9863
thp_collapse_alloc_failed 0
thp_split 17451
thp_zero_page_alloc 1
thp_zero_page_alloc_failed 0
thp_promote 14170
thp_fault_alloc 18463
thp_fault_fallback 18466
thp_collapse_alloc 9863
thp_collapse_alloc_failed 0
thp_split 17451
thp_zero_page_alloc 1
thp_zero_page_alloc_failed 0
thp_promote 14170
thp_fault_alloc 18501
thp_fault_fallback 18466
thp_collapse_alloc 9863
thp_collapse_alloc_failed 0
thp_split 17451
thp_zero_page_alloc 1
thp_zero_page_alloc_failed 0
thp_promote 14170
thp_fault_alloc 18541
thp_fault_fallback 18466
thp_collapse_alloc 9863
thp_collapse_alloc_failed 0
thp_split 17451
thp_zero_page_alloc 1
thp_zero_page_alloc_failed 0
thp_promote 14170
thp_fault_alloc 18579
thp_fault_fallback 18466
thp_collapse_alloc 9863
thp_collapse_alloc_failed 0
thp_split 17451
thp_zero_page_alloc 1
thp_zero_page_alloc_failed 0
thp_promote 14170
thp_fault_alloc 18618
thp_fault_fallback 18466
thp_collapse_alloc 9863
thp_collapse_alloc_failed 0
thp_split 17451
thp_zero_page_alloc 1
thp_zero_page_alloc_failed 0
thp_promote 14170
thp_fault_alloc 18655
thp_fault_fallback 18466
thp_collapse_alloc 9863
thp_collapse_alloc_failed 0
thp_split 17451
thp_zero_page_alloc 1
thp_zero_page_alloc_failed 0
thp_promote 14170
thp_fault_alloc 18695
thp_fault_fallback 18466
thp_collapse_alloc 9863
thp_collapse_alloc_failed 0
thp_split 17451
thp_zero_page_alloc 1
thp_zero_page_alloc_failed 0
thp_promote 14170
thp_fault_alloc 18732
thp_fault_fallback 18466
thp_collapse_alloc 9867
thp_collapse_alloc_failed 0
thp_split 17451
thp_zero_page_alloc 1
thp_zero_page_alloc_failed 0
thp_promote 14174
thp_fault_alloc 18772
thp_fault_fallback 18466
thp_collapse_alloc 9867
thp_collapse_alloc_failed 0
thp_split 17451
thp_zero_page_alloc 1
thp_zero_page_alloc_failed 0
thp_promote 14174
thp_fault_alloc 18848
thp_fault_fallback 18466
thp_collapse_alloc 9867
thp_collapse_alloc_failed 0
thp_split 17451
thp_zero_page_alloc 1
thp_zero_page_alloc_failed 0
thp_promote 14174
thp_fault_alloc 18888
thp_fault_fallback 18466
thp_collapse_alloc 9867
thp_collapse_alloc_failed 0
thp_split 17451
thp_zero_page_alloc 1
thp_zero_page_alloc_failed 0
thp_promote 14174
thp_fault_alloc 18926
thp_fault_fallback 18466
thp_collapse_alloc 9867
thp_collapse_alloc_failed 0
thp_split 17451
thp_zero_page_alloc 1
thp_zero_page_alloc_failed 0
thp_promote 14174
thp_fault_alloc 18961
thp_fault_fallback 18466
thp_collapse_alloc 9867
thp_collapse_alloc_failed 0
thp_split 17451
thp_zero_page_alloc 1
thp_zero_page_alloc_failed 0
thp_promote 14174
thp_fault_alloc 19004
thp_fault_fallback 18466
thp_collapse_alloc 9867
thp_collapse_alloc_failed 0
thp_split 17451
thp_zero_page_alloc 1
thp_zero_page_alloc_failed 0
thp_promote 14174
thp_fault_alloc 19042
thp_fault_fallback 18466
thp_collapse_alloc 9867
thp_collapse_alloc_failed 0
thp_split 17451
thp_zero_page_alloc 1
thp_zero_page_alloc_failed 0
thp_promote 14174
thp_fault_alloc 19082
thp_fault_fallback 18466
thp_collapse_alloc 9867
thp_collapse_alloc_failed 0
thp_split 17451
thp_zero_page_alloc 1
thp_zero_page_alloc_failed 0
thp_promote 14174
thp_fault_alloc 19123
thp_fault_fallback 18466
thp_collapse_alloc 9867
thp_collapse_alloc_failed 0
thp_split 17451
thp_zero_page_alloc 1
thp_zero_page_alloc_failed 0
thp_promote 14174
thp_fault_alloc 19160
thp_fault_fallback 18466
thp_collapse_alloc 9867
thp_collapse_alloc_failed 0
thp_split 17451
thp_zero_page_alloc 1
thp_zero_page_alloc_failed 0
thp_promote 14174
thp_fault_alloc 19200
thp_fault_fallback 18466
thp_collapse_alloc 9867
thp_collapse_alloc_failed 0
thp_split 17451
thp_zero_page_alloc 1
thp_zero_page_alloc_failed 0
thp_promote 14174
thp_fault_alloc 19240
thp_fault_fallback 18466
thp_collapse_alloc 9867
thp_collapse_alloc_failed 0
thp_split 17451
thp_zero_page_alloc 1
thp_zero_page_alloc_failed 0
thp_promote 14174
thp_fault_alloc 19278
thp_fault_fallback 18466
thp_collapse_alloc 9867
thp_collapse_alloc_failed 0
thp_split 17451
thp_zero_page_alloc 1
thp_zero_page_alloc_failed 0
thp_promote 14174
thp_fault_alloc 19317
thp_fault_fallback 18466
thp_collapse_alloc 9867
thp_collapse_alloc_failed 0
thp_split 17451
thp_zero_page_alloc 1
thp_zero_page_alloc_failed 0
thp_promote 14174
thp_fault_alloc 19393
thp_fault_fallback 18466
thp_collapse_alloc 9867
thp_collapse_alloc_failed 0
thp_split 17451
thp_zero_page_alloc 1
thp_zero_page_alloc_failed 0
thp_promote 14174
thp_fault_alloc 19432
thp_fault_fallback 18466
thp_collapse_alloc 9867
thp_collapse_alloc_failed 0
thp_split 17451
thp_zero_page_alloc 1
thp_zero_page_alloc_failed 0
thp_promote 14174
thp_fault_alloc 19469
thp_fault_fallback 18466
thp_collapse_alloc 9867
thp_collapse_alloc_failed 0
thp_split 17451
thp_zero_page_alloc 1
thp_zero_page_alloc_failed 0
thp_promote 14174
thp_fault_alloc 19511
thp_fault_fallback 18466
thp_collapse_alloc 9867
thp_collapse_alloc_failed 0
thp_split 17451
thp_zero_page_alloc 1
thp_zero_page_alloc_failed 0
thp_promote 14174
thp_fault_alloc 19550
thp_fault_fallback 18466
thp_collapse_alloc 9867
thp_collapse_alloc_failed 0
thp_split 17451
thp_zero_page_alloc 1
thp_zero_page_alloc_failed 0
thp_promote 14174
thp_fault_alloc 19629
thp_fault_fallback 18466
thp_collapse_alloc 9867
thp_collapse_alloc_failed 0
thp_split 17451
thp_zero_page_alloc 1
thp_zero_page_alloc_failed 0
thp_promote 14174
thp_fault_alloc 19670
thp_fault_fallback 18466
thp_collapse_alloc 9867
thp_collapse_alloc_failed 0
thp_split 17451
thp_zero_page_alloc 1
thp_zero_page_alloc_failed 0
thp_promote 14174
thp_fault_alloc 19712
thp_fault_fallback 18466
thp_collapse_alloc 9867
thp_collapse_alloc_failed 0
thp_split 17451
thp_zero_page_alloc 1
thp_zero_page_alloc_failed 0
thp_promote 14174
thp_fault_alloc 19754
thp_fault_fallback 18466
thp_collapse_alloc 9867
thp_collapse_alloc_failed 0
thp_split 17451
thp_zero_page_alloc 1
thp_zero_page_alloc_failed 0
thp_promote 14174
thp_fault_alloc 19832
thp_fault_fallback 18466
thp_collapse_alloc 9867
thp_collapse_alloc_failed 0
thp_split 17451
thp_zero_page_alloc 1
thp_zero_page_alloc_failed 0
thp_promote 14174
thp_fault_alloc 19869
thp_fault_fallback 18466
thp_collapse_alloc 9867
thp_collapse_alloc_failed 0
thp_split 17451
thp_zero_page_alloc 1
thp_zero_page_alloc_failed 0
thp_promote 14174
thp_fault_alloc 19905
thp_fault_fallback 18466
thp_collapse_alloc 9867
thp_collapse_alloc_failed 0
thp_split 17451
thp_zero_page_alloc 1
thp_zero_page_alloc_failed 0
thp_promote 14174
thp_fault_alloc 19945
thp_fault_fallback 18466
thp_collapse_alloc 9867
thp_collapse_alloc_failed 0
thp_split 17451
thp_zero_page_alloc 1
thp_zero_page_alloc_failed 0
thp_promote 14174
thp_fault_alloc 20021
thp_fault_fallback 18466
thp_collapse_alloc 9867
thp_collapse_alloc_failed 0
thp_split 17451
thp_zero_page_alloc 1
thp_zero_page_alloc_failed 0
thp_promote 14174
thp_fault_alloc 20063
thp_fault_fallback 18466
thp_collapse_alloc 9867
thp_collapse_alloc_failed 0
thp_split 17451
thp_zero_page_alloc 1
thp_zero_page_alloc_failed 0
thp_promote 14174
thp_fault_alloc 20065
thp_fault_fallback 18466
thp_collapse_alloc 9867
thp_collapse_alloc_failed 0
thp_split 17451
thp_zero_page_alloc 1
thp_zero_page_alloc_failed 0
thp_promote 14174
thp_fault_alloc 20106
thp_fault_fallback 18466
thp_collapse_alloc 9867
thp_collapse_alloc_failed 0
thp_split 17451
thp_zero_page_alloc 1
thp_zero_page_alloc_failed 0
thp_promote 14174
thp_fault_alloc 20108
thp_fault_fallback 18466
thp_collapse_alloc 9867
thp_collapse_alloc_failed 0
thp_split 17451
thp_zero_page_alloc 1
thp_zero_page_alloc_failed 0
thp_promote 14174
thp_fault_alloc 20148
thp_fault_fallback 18466
thp_collapse_alloc 9867
thp_collapse_alloc_failed 0
thp_split 17451
thp_zero_page_alloc 1
thp_zero_page_alloc_failed 0
thp_promote 14174
thp_fault_alloc 20150
thp_fault_fallback 18466
thp_collapse_alloc 9867
thp_collapse_alloc_failed 0
thp_split 17451
thp_zero_page_alloc 1
thp_zero_page_alloc_failed 0
thp_promote 14174
thp_fault_alloc 20153
thp_fault_fallback 18466
thp_collapse_alloc 9867
thp_collapse_alloc_failed 0
thp_split 17451
thp_zero_page_alloc 1
thp_zero_page_alloc_failed 0
thp_promote 14174
thp_fault_alloc 20194
thp_fault_fallback 18466
thp_collapse_alloc 9867
thp_collapse_alloc_failed 0
thp_split 17451
thp_zero_page_alloc 1
thp_zero_page_alloc_failed 0
thp_promote 16167
thp_fault_alloc 20235
thp_fault_fallback 18466
thp_collapse_alloc 9867
thp_collapse_alloc_failed 0
thp_split 17451
thp_zero_page_alloc 1
thp_zero_page_alloc_failed 0
thp_promote 16167
thp_fault_alloc 20278
thp_fault_fallback 18466
thp_collapse_alloc 9867
thp_collapse_alloc_failed 0
thp_split 17451
thp_zero_page_alloc 1
thp_zero_page_alloc_failed 0
thp_promote 16167
thp_fault_alloc 20320
thp_fault_fallback 18466
thp_collapse_alloc 9867
thp_collapse_alloc_failed 0
thp_split 17451
thp_zero_page_alloc 1
thp_zero_page_alloc_failed 0
thp_promote 16167
thp_fault_alloc 20360
thp_fault_fallback 18466
thp_collapse_alloc 9867
thp_collapse_alloc_failed 0
thp_split 17451
thp_zero_page_alloc 1
thp_zero_page_alloc_failed 0
thp_promote 16167
thp_fault_alloc 20402
thp_fault_fallback 18466
thp_collapse_alloc 9867
thp_collapse_alloc_failed 0
thp_split 17451
thp_zero_page_alloc 1
thp_zero_page_alloc_failed 0
thp_promote 16167
thp_fault_alloc 20441
thp_fault_fallback 18466
thp_collapse_alloc 9867
thp_collapse_alloc_failed 0
thp_split 17451
thp_zero_page_alloc 1
thp_zero_page_alloc_failed 0
thp_promote 16167
thp_fault_alloc 20478
thp_fault_fallback 18466
thp_collapse_alloc 9867
thp_collapse_alloc_failed 0
thp_split 17451
thp_zero_page_alloc 1
thp_zero_page_alloc_failed 0
thp_promote 16167
thp_fault_alloc 20512
thp_fault_fallback 18466
thp_collapse_alloc 9867
thp_collapse_alloc_failed 0
thp_split 17451
thp_zero_page_alloc 1
thp_zero_page_alloc_failed 0
thp_promote 16167
thp_fault_alloc 20549
thp_fault_fallback 18466
thp_collapse_alloc 9867
thp_collapse_alloc_failed 0
thp_split 17451
thp_zero_page_alloc 1
thp_zero_page_alloc_failed 0
thp_promote 16167
thp_fault_alloc 20584
thp_fault_fallback 18466
thp_collapse_alloc 9867
thp_collapse_alloc_failed 0
thp_split 17451
thp_zero_page_alloc 1
thp_zero_page_alloc_failed 0
thp_promote 17434
thp_fault_alloc 20621
thp_fault_fallback 18466
thp_collapse_alloc 9867
thp_collapse_alloc_failed 0
thp_split 17451
thp_zero_page_alloc 1
thp_zero_page_alloc_failed 0
thp_promote 17434
thp_fault_alloc 20663
thp_fault_fallback 18466
thp_collapse_alloc 9867
thp_collapse_alloc_failed 0
thp_split 17451
thp_zero_page_alloc 1
thp_zero_page_alloc_failed 0
thp_promote 17434
thp_fault_alloc 20696
thp_fault_fallback 18466
thp_collapse_alloc 9867
thp_collapse_alloc_failed 0
thp_split 17451
thp_zero_page_alloc 1
thp_zero_page_alloc_failed 0
thp_promote 17434
thp_fault_alloc 20729
thp_fault_fallback 18466
thp_collapse_alloc 9867
thp_collapse_alloc_failed 0
thp_split 17451
thp_zero_page_alloc 1
thp_zero_page_alloc_failed 0
thp_promote 17434
thp_fault_alloc 20766
thp_fault_fallback 18466
thp_collapse_alloc 9867
thp_collapse_alloc_failed 0
thp_split 17451
thp_zero_page_alloc 1
thp_zero_page_alloc_failed 0
thp_promote 17434
thp_fault_alloc 20804
thp_fault_fallback 18466
thp_collapse_alloc 9867
thp_collapse_alloc_failed 0
thp_split 17451
thp_zero_page_alloc 1
thp_zero_page_alloc_failed 0
thp_promote 17434
thp_fault_alloc 20842
thp_fault_fallback 18466
thp_collapse_alloc 9867
thp_collapse_alloc_failed 0
thp_split 17451
thp_zero_page_alloc 1
thp_zero_page_alloc_failed 0
thp_promote 17434
thp_fault_alloc 20879
thp_fault_fallback 18466
thp_collapse_alloc 9867
thp_collapse_alloc_failed 0
thp_split 17451
thp_zero_page_alloc 1
thp_zero_page_alloc_failed 0
thp_promote 17434
thp_fault_alloc 20914
thp_fault_fallback 18466
thp_collapse_alloc 9867
thp_collapse_alloc_failed 0
thp_split 17451
thp_zero_page_alloc 1
thp_zero_page_alloc_failed 0
thp_promote 17434
thp_fault_alloc 20960
thp_fault_fallback 18466
thp_collapse_alloc 9867
thp_collapse_alloc_failed 0
thp_split 17451
thp_zero_page_alloc 1
thp_zero_page_alloc_failed 0
thp_promote 17434
thp_fault_alloc 21024
thp_fault_fallback 18466
thp_collapse_alloc 9867
thp_collapse_alloc_failed 0
thp_split 17451
thp_zero_page_alloc 1
thp_zero_page_alloc_failed 0
thp_promote 17434
thp_fault_alloc 21059
thp_fault_fallback 18466
thp_collapse_alloc 9867
thp_collapse_alloc_failed 0
thp_split 17451
thp_zero_page_alloc 1
thp_zero_page_alloc_failed 0
thp_promote 17434
thp_fault_alloc 21094
thp_fault_fallback 18466
thp_collapse_alloc 9867
thp_collapse_alloc_failed 0
thp_split 17451
thp_zero_page_alloc 1
thp_zero_page_alloc_failed 0
thp_promote 17434
thp_fault_alloc 21133
thp_fault_fallback 18466
thp_collapse_alloc 9867
thp_collapse_alloc_failed 0
thp_split 17451
thp_zero_page_alloc 1
thp_zero_page_alloc_failed 0
thp_promote 17434
thp_fault_alloc 21167
thp_fault_fallback 18466
thp_collapse_alloc 9867
thp_collapse_alloc_failed 0
thp_split 17451
thp_zero_page_alloc 1
thp_zero_page_alloc_failed 0
thp_promote 17434
thp_fault_alloc 21204
thp_fault_fallback 18466
thp_collapse_alloc 9867
thp_collapse_alloc_failed 0
thp_split 17451
thp_zero_page_alloc 1
thp_zero_page_alloc_failed 0
thp_promote 17434
thp_fault_alloc 21244
thp_fault_fallback 18466
thp_collapse_alloc 9867
thp_collapse_alloc_failed 0
thp_split 17451
thp_zero_page_alloc 1
thp_zero_page_alloc_failed 0
thp_promote 17434
thp_fault_alloc 21282
thp_fault_fallback 18466
thp_collapse_alloc 9867
thp_collapse_alloc_failed 0
thp_split 17451
thp_zero_page_alloc 1
thp_zero_page_alloc_failed 0
thp_promote 17434
thp_fault_alloc 21318
thp_fault_fallback 18466
thp_collapse_alloc 9867
thp_collapse_alloc_failed 0
thp_split 17451
thp_zero_page_alloc 1
thp_zero_page_alloc_failed 0
thp_promote 17434
thp_fault_alloc 21354
thp_fault_fallback 18466
thp_collapse_alloc 9867
thp_collapse_alloc_failed 0
thp_split 17451
thp_zero_page_alloc 1
thp_zero_page_alloc_failed 0
thp_promote 17434
thp_fault_alloc 21389
thp_fault_fallback 18466
thp_collapse_alloc 9867
thp_collapse_alloc_failed 0
thp_split 17451
thp_zero_page_alloc 1
thp_zero_page_alloc_failed 0
thp_promote 17434
thp_fault_alloc 21428
thp_fault_fallback 18466
thp_collapse_alloc 9867
thp_collapse_alloc_failed 0
thp_split 17451
thp_zero_page_alloc 1
thp_zero_page_alloc_failed 0
thp_promote 17434
thp_fault_alloc 21466
thp_fault_fallback 18466
thp_collapse_alloc 9867
thp_collapse_alloc_failed 0
thp_split 17451
thp_zero_page_alloc 1
thp_zero_page_alloc_failed 0
thp_promote 17434
thp_fault_alloc 21499
thp_fault_fallback 18466
thp_collapse_alloc 9867
thp_collapse_alloc_failed 0
thp_split 17451
thp_zero_page_alloc 1
thp_zero_page_alloc_failed 0
thp_promote 17434
thp_fault_alloc 21536
thp_fault_fallback 18466
thp_collapse_alloc 9867
thp_collapse_alloc_failed 0
thp_split 17451
thp_zero_page_alloc 1
thp_zero_page_alloc_failed 0
thp_promote 17434
thp_fault_alloc 21572
thp_fault_fallback 18466
thp_collapse_alloc 9867
thp_collapse_alloc_failed 0
thp_split 17451
thp_zero_page_alloc 1
thp_zero_page_alloc_failed 0
thp_promote 17434
thp_fault_alloc 21610
thp_fault_fallback 18466
thp_collapse_alloc 9867
thp_collapse_alloc_failed 0
thp_split 17451
thp_zero_page_alloc 1
thp_zero_page_alloc_failed 0
thp_promote 17434
thp_fault_alloc 21648
thp_fault_fallback 18466
thp_collapse_alloc 9867
thp_collapse_alloc_failed 0
thp_split 17451
thp_zero_page_alloc 1
thp_zero_page_alloc_failed 0
thp_promote 17434
thp_fault_alloc 21687
thp_fault_fallback 18466
thp_collapse_alloc 9867
thp_collapse_alloc_failed 0
thp_split 17451
thp_zero_page_alloc 1
thp_zero_page_alloc_failed 0
thp_promote 17434
thp_fault_alloc 21727
thp_fault_fallback 18466
thp_collapse_alloc 9867
thp_collapse_alloc_failed 0
thp_split 17451
thp_zero_page_alloc 1
thp_zero_page_alloc_failed 0
thp_promote 17434
thp_fault_alloc 21778
thp_fault_fallback 18466
thp_collapse_alloc 9867
thp_collapse_alloc_failed 0
thp_split 17451
thp_zero_page_alloc 1
thp_zero_page_alloc_failed 0
thp_promote 17434
thp_fault_alloc 21828
thp_fault_fallback 18466
thp_collapse_alloc 9867
thp_collapse_alloc_failed 0
thp_split 17451
thp_zero_page_alloc 1
thp_zero_page_alloc_failed 0
thp_promote 17434
thp_fault_alloc 21902
thp_fault_fallback 18466
thp_collapse_alloc 9867
thp_collapse_alloc_failed 0
thp_split 17451
thp_zero_page_alloc 1
thp_zero_page_alloc_failed 0
thp_promote 17434
thp_fault_alloc 22027
thp_fault_fallback 18466
thp_collapse_alloc 9867
thp_collapse_alloc_failed 0
thp_split 17451
thp_zero_page_alloc 1
thp_zero_page_alloc_failed 0
thp_promote 17434
thp_fault_alloc 22062
thp_fault_fallback 18466
thp_collapse_alloc 9867
thp_collapse_alloc_failed 0
thp_split 17451
thp_zero_page_alloc 1
thp_zero_page_alloc_failed 0
thp_promote 17434
thp_fault_alloc 22097
thp_fault_fallback 18466
thp_collapse_alloc 9867
thp_collapse_alloc_failed 0
thp_split 17451
thp_zero_page_alloc 1
thp_zero_page_alloc_failed 0
thp_promote 17434
thp_fault_alloc 22135
thp_fault_fallback 18466
thp_collapse_alloc 9867
thp_collapse_alloc_failed 0
thp_split 17451
thp_zero_page_alloc 1
thp_zero_page_alloc_failed 0
thp_promote 17434
thp_fault_alloc 22289
thp_fault_fallback 18466
thp_collapse_alloc 9867
thp_collapse_alloc_failed 0
thp_split 17451
thp_zero_page_alloc 1
thp_zero_page_alloc_failed 0
thp_promote 17434
thp_fault_alloc 22325
thp_fault_fallback 18466
thp_collapse_alloc 9867
thp_collapse_alloc_failed 0
thp_split 17451
thp_zero_page_alloc 1
thp_zero_page_alloc_failed 0
thp_promote 17434
thp_fault_alloc 22361
thp_fault_fallback 18466
thp_collapse_alloc 9867
thp_collapse_alloc_failed 0
thp_split 17451
thp_zero_page_alloc 1
thp_zero_page_alloc_failed 0
thp_promote 17434
thp_fault_alloc 22398
thp_fault_fallback 18466
thp_collapse_alloc 9867
thp_collapse_alloc_failed 0
thp_split 17451
thp_zero_page_alloc 1
thp_zero_page_alloc_failed 0
thp_promote 17434
thp_fault_alloc 22432
thp_fault_fallback 18466
thp_collapse_alloc 9867
thp_collapse_alloc_failed 0
thp_split 17451
thp_zero_page_alloc 1
thp_zero_page_alloc_failed 0
thp_promote 17434
thp_fault_alloc 22469
thp_fault_fallback 18466
thp_collapse_alloc 9867
thp_collapse_alloc_failed 0
thp_split 17451
thp_zero_page_alloc 1
thp_zero_page_alloc_failed 0
thp_promote 17434
thp_fault_alloc 22503
thp_fault_fallback 18466
thp_collapse_alloc 9867
thp_collapse_alloc_failed 0
thp_split 17451
thp_zero_page_alloc 1
thp_zero_page_alloc_failed 0
thp_promote 17434
thp_fault_alloc 22767
thp_fault_fallback 18466
thp_collapse_alloc 9867
thp_collapse_alloc_failed 0
thp_split 17451
thp_zero_page_alloc 1
thp_zero_page_alloc_failed 0
thp_promote 17434
thp_fault_alloc 22806
thp_fault_fallback 18466
thp_collapse_alloc 9867
thp_collapse_alloc_failed 0
thp_split 17451
thp_zero_page_alloc 1
thp_zero_page_alloc_failed 0
thp_promote 17434
thp_fault_alloc 22844
thp_fault_fallback 18466
thp_collapse_alloc 9867
thp_collapse_alloc_failed 0
thp_split 17451
thp_zero_page_alloc 1
thp_zero_page_alloc_failed 0
thp_promote 17434
thp_fault_alloc 22880
thp_fault_fallback 18466
thp_collapse_alloc 9867
thp_collapse_alloc_failed 0
thp_split 17451
thp_zero_page_alloc 1
thp_zero_page_alloc_failed 0
thp_promote 17434
thp_fault_alloc 22918
thp_fault_fallback 18479
thp_collapse_alloc 9867
thp_collapse_alloc_failed 0
thp_split 17464
thp_zero_page_alloc 1
thp_zero_page_alloc_failed 0
thp_promote 17434
thp_fault_alloc 22953
thp_fault_fallback 18479
thp_collapse_alloc 9867
thp_collapse_alloc_failed 0
thp_split 17464
thp_zero_page_alloc 1
thp_zero_page_alloc_failed 0
thp_promote 17434
thp_fault_alloc 22989
thp_fault_fallback 18479
thp_collapse_alloc 9867
thp_collapse_alloc_failed 0
thp_split 17464
thp_zero_page_alloc 1
thp_zero_page_alloc_failed 0
thp_promote 17434
thp_fault_alloc 23026
thp_fault_fallback 18479
thp_collapse_alloc 9867
thp_collapse_alloc_failed 0
thp_split 17464
thp_zero_page_alloc 1
thp_zero_page_alloc_failed 0
thp_promote 17434
thp_fault_alloc 23064
thp_fault_fallback 18479
thp_collapse_alloc 9867
thp_collapse_alloc_failed 0
thp_split 17464
thp_zero_page_alloc 1
thp_zero_page_alloc_failed 0
thp_promote 17434
thp_fault_alloc 23102
thp_fault_fallback 18479
thp_collapse_alloc 9867
thp_collapse_alloc_failed 0
thp_split 17464
thp_zero_page_alloc 1
thp_zero_page_alloc_failed 0
thp_promote 17434
thp_fault_alloc 23141
thp_fault_fallback 18479
thp_collapse_alloc 9867
thp_collapse_alloc_failed 0
thp_split 17464
thp_zero_page_alloc 1
thp_zero_page_alloc_failed 0
thp_promote 17434
thp_fault_alloc 23181
thp_fault_fallback 18479
thp_collapse_alloc 9867
thp_collapse_alloc_failed 0
thp_split 17464
thp_zero_page_alloc 1
thp_zero_page_alloc_failed 0
thp_promote 17434
thp_fault_alloc 23218
thp_fault_fallback 18479
thp_collapse_alloc 9867
thp_collapse_alloc_failed 0
thp_split 17464
thp_zero_page_alloc 1
thp_zero_page_alloc_failed 0
thp_promote 17434
thp_fault_alloc 23254
thp_fault_fallback 18479
thp_collapse_alloc 9867
thp_collapse_alloc_failed 0
thp_split 17464
thp_zero_page_alloc 1
thp_zero_page_alloc_failed 0
thp_promote 17434
thp_fault_alloc 23290
thp_fault_fallback 18479
thp_collapse_alloc 9867
thp_collapse_alloc_failed 0
thp_split 17464
thp_zero_page_alloc 1
thp_zero_page_alloc_failed 0
thp_promote 17434
thp_fault_alloc 23784
thp_fault_fallback 18479
thp_collapse_alloc 9867
thp_collapse_alloc_failed 0
thp_split 17464
thp_zero_page_alloc 1
thp_zero_page_alloc_failed 0
thp_promote 17434
thp_fault_alloc 23784
thp_fault_fallback 18481
thp_collapse_alloc 9867
thp_collapse_alloc_failed 0
thp_split 17467
thp_zero_page_alloc 1
thp_zero_page_alloc_failed 0
thp_promote 17434
thp_fault_alloc 23820
thp_fault_fallback 18481
thp_collapse_alloc 9867
thp_collapse_alloc_failed 0
thp_split 17467
thp_zero_page_alloc 1
thp_zero_page_alloc_failed 0
thp_promote 17434
thp_fault_alloc 23820
thp_fault_fallback 18481
thp_collapse_alloc 9867
thp_collapse_alloc_failed 0
thp_split 17467
thp_zero_page_alloc 1
thp_zero_page_alloc_failed 0
thp_promote 17434
thp_fault_alloc 23859
thp_fault_fallback 18481
thp_collapse_alloc 9867
thp_collapse_alloc_failed 0
thp_split 17467
thp_zero_page_alloc 1
thp_zero_page_alloc_failed 0
thp_promote 17434
thp_fault_alloc 23892
thp_fault_fallback 18481
thp_collapse_alloc 9867
thp_collapse_alloc_failed 0
thp_split 17467
thp_zero_page_alloc 1
thp_zero_page_alloc_failed 0
thp_promote 17434
thp_fault_alloc 23932
thp_fault_fallback 18481
thp_collapse_alloc 9867
thp_collapse_alloc_failed 0
thp_split 17467
thp_zero_page_alloc 1
thp_zero_page_alloc_failed 0
thp_promote 17434
thp_fault_alloc 23971
thp_fault_fallback 18481
thp_collapse_alloc 9867
thp_collapse_alloc_failed 0
thp_split 17467
thp_zero_page_alloc 1
thp_zero_page_alloc_failed 0
thp_promote 17434
thp_fault_alloc 24005
thp_fault_fallback 18481
thp_collapse_alloc 9867
thp_collapse_alloc_failed 0
thp_split 17467
thp_zero_page_alloc 1
thp_zero_page_alloc_failed 0
thp_promote 17434
thp_fault_alloc 24043
thp_fault_fallback 18481
thp_collapse_alloc 9867
thp_collapse_alloc_failed 0
thp_split 17467
thp_zero_page_alloc 1
thp_zero_page_alloc_failed 0
thp_promote 17434
thp_fault_alloc 24077
thp_fault_fallback 18481
thp_collapse_alloc 9867
thp_collapse_alloc_failed 0
thp_split 17467
thp_zero_page_alloc 1
thp_zero_page_alloc_failed 0
thp_promote 17434
thp_fault_alloc 24116
thp_fault_fallback 18481
thp_collapse_alloc 9867
thp_collapse_alloc_failed 0
thp_split 17467
thp_zero_page_alloc 1
thp_zero_page_alloc_failed 0
thp_promote 17434
thp_fault_alloc 24153
thp_fault_fallback 18481
thp_collapse_alloc 9867
thp_collapse_alloc_failed 0
thp_split 17467
thp_zero_page_alloc 1
thp_zero_page_alloc_failed 0
thp_promote 17434
