10
10
10
10
10
10
10
10
10
10
10
10
10
10
10
10
10
10
10
10
10
10
10
10
10
10
10
10
10
10
10
10
10
10
10
10
10
10
10
10
10
10
10
10
10
10
10
10
10
10
10
10
10
10
10
10
10
10
10
10
12
12
12
12
12
12
12
16
16
16
16
16
16
16
16
20
20
20
20
20
20
20
20
20
24
24
24
24
24
24
24
24
28
28
28
28
28
28
28
28
28
36
36
36
36
36
36
36
36
36
44
44
44
44
44
44
44
44
44
52
52
52
52
52
52
52
52
52
60
60
60
60
60
60
60
60
60
68
68
68
68
68
68
68
68
68
76
76
76
76
76
76
76
76
76
76
76
76
76
76
76
76
76
76
76
76
76
76
76
76
76
76
76
76
76
76
76
76
76
80
80
80
80
80
80
80
80
84
84
84
84
84
84
84
84
88
88
88
88
88
88
88
88
88
92
92
92
92
92
92
92
92
96
96
96
96
96
96
96
96
104
104
104
104
104
104
104
104
104
112
112
112
112
112
112
112
112
120
120
120
120
120
120
120
120
120
128
128
128
128
128
128
128
128
128
136
136
136
136
136
136
136
136
144
144
144
144
144
144
144
144
144
144
144
144
144
144
144
144
144
144
144
144
144
144
144
144
144
144
144
144
144
144
144
144
144
144
147
147
147
147
147
147
147
147
151
151
151
151
151
151
151
155
155
155
155
155
155
155
155
155
159
159
159
159
159
159
159
159
159
163
163
163
163
163
163
163
163
167
167
167
167
167
167
167
167
171
171
171
171
171
171
171
171
171
179
179
179
179
179
179
179
179
180
180
180
180
180
180
180
180
180
183
183
183
183
183
183
183
183
183
183
183
183
183
183
183
183
183
183
183
183
183
183
183
183
183
183
183
183
183
183
183
183
183
183
183
183
183
183
183
183
183
183
183
183
183
183
183
183
183
183
183
183
183
183
183
183
183
183
185
185
185
185
185
185
