thp_fault_alloc 5081
thp_fault_fallback 6579
thp_collapse_alloc 1050
thp_collapse_alloc_failed 0
thp_split 5564
thp_zero_page_alloc 1
thp_zero_page_alloc_failed 0
thp_promote 0
thp_fault_alloc 5081
thp_fault_fallback 6590
thp_collapse_alloc 1050
thp_collapse_alloc_failed 0
thp_split 5575
thp_zero_page_alloc 1
thp_zero_page_alloc_failed 0
thp_promote 0
thp_fault_alloc 5081
thp_fault_fallback 6592
thp_collapse_alloc 1050
thp_collapse_alloc_failed 0
thp_split 5577
thp_zero_page_alloc 1
thp_zero_page_alloc_failed 0
thp_promote 0
thp_fault_alloc 5082
thp_fault_fallback 6593
thp_collapse_alloc 1074
thp_collapse_alloc_failed 0
thp_split 5578
thp_zero_page_alloc 1
thp_zero_page_alloc_failed 0
thp_promote 0
thp_fault_alloc 5084
thp_fault_fallback 6594
thp_collapse_alloc 1074
thp_collapse_alloc_failed 0
thp_split 5579
thp_zero_page_alloc 1
thp_zero_page_alloc_failed 0
thp_promote 0
thp_fault_alloc 5086
thp_fault_fallback 6594
thp_collapse_alloc 1074
thp_collapse_alloc_failed 0
thp_split 5579
thp_zero_page_alloc 1
thp_zero_page_alloc_failed 0
thp_promote 0
thp_fault_alloc 5088
thp_fault_fallback 6594
thp_collapse_alloc 1074
thp_collapse_alloc_failed 0
thp_split 5579
thp_zero_page_alloc 1
thp_zero_page_alloc_failed 0
thp_promote 0
thp_fault_alloc 5092
thp_fault_fallback 6594
thp_collapse_alloc 1074
thp_collapse_alloc_failed 0
thp_split 5579
thp_zero_page_alloc 1
thp_zero_page_alloc_failed 0
thp_promote 0
thp_fault_alloc 5095
thp_fault_fallback 6594
thp_collapse_alloc 1074
thp_collapse_alloc_failed 0
thp_split 5579
thp_zero_page_alloc 1
thp_zero_page_alloc_failed 0
thp_promote 0
thp_fault_alloc 5100
thp_fault_fallback 6594
thp_collapse_alloc 1074
thp_collapse_alloc_failed 0
thp_split 5579
thp_zero_page_alloc 1
thp_zero_page_alloc_failed 0
thp_promote 0
thp_fault_alloc 5104
thp_fault_fallback 6594
thp_collapse_alloc 1074
thp_collapse_alloc_failed 0
thp_split 5579
thp_zero_page_alloc 1
thp_zero_page_alloc_failed 0
thp_promote 0
thp_fault_alloc 5108
thp_fault_fallback 6594
thp_collapse_alloc 1085
thp_collapse_alloc_failed 0
thp_split 5579
thp_zero_page_alloc 1
thp_zero_page_alloc_failed 0
thp_promote 0
thp_fault_alloc 5111
thp_fault_fallback 6594
thp_collapse_alloc 1085
thp_collapse_alloc_failed 0
thp_split 5579
thp_zero_page_alloc 1
thp_zero_page_alloc_failed 0
thp_promote 0
thp_fault_alloc 5115
thp_fault_fallback 6594
thp_collapse_alloc 1085
thp_collapse_alloc_failed 0
thp_split 5579
thp_zero_page_alloc 1
thp_zero_page_alloc_failed 0
thp_promote 0
thp_fault_alloc 5119
thp_fault_fallback 6594
thp_collapse_alloc 1085
thp_collapse_alloc_failed 0
thp_split 5579
thp_zero_page_alloc 1
thp_zero_page_alloc_failed 0
thp_promote 0
thp_fault_alloc 5124
thp_fault_fallback 6594
thp_collapse_alloc 1085
thp_collapse_alloc_failed 0
thp_split 5579
thp_zero_page_alloc 1
thp_zero_page_alloc_failed 0
thp_promote 0
thp_fault_alloc 5128
thp_fault_fallback 6594
thp_collapse_alloc 1085
thp_collapse_alloc_failed 0
thp_split 5579
thp_zero_page_alloc 1
thp_zero_page_alloc_failed 0
thp_promote 0
thp_fault_alloc 5132
thp_fault_fallback 6594
thp_collapse_alloc 1085
thp_collapse_alloc_failed 0
thp_split 5579
thp_zero_page_alloc 1
thp_zero_page_alloc_failed 0
thp_promote 0
thp_fault_alloc 5138
thp_fault_fallback 6594
thp_collapse_alloc 1085
thp_collapse_alloc_failed 0
thp_split 5579
thp_zero_page_alloc 1
thp_zero_page_alloc_failed 0
thp_promote 0
thp_fault_alloc 5143
thp_fault_fallback 6594
thp_collapse_alloc 1085
thp_collapse_alloc_failed 0
thp_split 5579
thp_zero_page_alloc 1
thp_zero_page_alloc_failed 0
thp_promote 0
thp_fault_alloc 5147
thp_fault_fallback 6594
thp_collapse_alloc 1087
thp_collapse_alloc_failed 0
thp_split 5579
thp_zero_page_alloc 1
thp_zero_page_alloc_failed 0
thp_promote 0
thp_fault_alloc 5152
thp_fault_fallback 6594
thp_collapse_alloc 1087
thp_collapse_alloc_failed 0
thp_split 5579
thp_zero_page_alloc 1
thp_zero_page_alloc_failed 0
thp_promote 0
thp_fault_alloc 5158
thp_fault_fallback 6594
thp_collapse_alloc 1087
thp_collapse_alloc_failed 0
thp_split 5579
thp_zero_page_alloc 1
thp_zero_page_alloc_failed 0
thp_promote 0
thp_fault_alloc 5162
thp_fault_fallback 6594
thp_collapse_alloc 1087
thp_collapse_alloc_failed 0
thp_split 5579
thp_zero_page_alloc 1
thp_zero_page_alloc_failed 0
thp_promote 0
thp_fault_alloc 5167
thp_fault_fallback 6594
thp_collapse_alloc 1087
thp_collapse_alloc_failed 0
thp_split 5579
thp_zero_page_alloc 1
thp_zero_page_alloc_failed 0
thp_promote 0
thp_fault_alloc 5173
thp_fault_fallback 6594
thp_collapse_alloc 1087
thp_collapse_alloc_failed 0
thp_split 5579
thp_zero_page_alloc 1
thp_zero_page_alloc_failed 0
thp_promote 0
thp_fault_alloc 5177
thp_fault_fallback 6594
thp_collapse_alloc 1087
thp_collapse_alloc_failed 0
thp_split 5579
thp_zero_page_alloc 1
thp_zero_page_alloc_failed 0
thp_promote 0
thp_fault_alloc 5183
thp_fault_fallback 6594
thp_collapse_alloc 1087
thp_collapse_alloc_failed 0
thp_split 5579
thp_zero_page_alloc 1
thp_zero_page_alloc_failed 0
thp_promote 0
thp_fault_alloc 5188
thp_fault_fallback 6594
thp_collapse_alloc 1087
thp_collapse_alloc_failed 0
thp_split 5579
thp_zero_page_alloc 1
thp_zero_page_alloc_failed 0
thp_promote 0
thp_fault_alloc 5193
thp_fault_fallback 6594
thp_collapse_alloc 1188
thp_collapse_alloc_failed 0
thp_split 5579
thp_zero_page_alloc 1
thp_zero_page_alloc_failed 0
thp_promote 0
thp_fault_alloc 5196
thp_fault_fallback 6594
thp_collapse_alloc 1981
thp_collapse_alloc_failed 0
thp_split 5579
thp_zero_page_alloc 1
thp_zero_page_alloc_failed 0
thp_promote 0
thp_fault_alloc 5201
thp_fault_fallback 6594
thp_collapse_alloc 1981
thp_collapse_alloc_failed 0
thp_split 5579
thp_zero_page_alloc 1
thp_zero_page_alloc_failed 0
thp_promote 0
thp_fault_alloc 5225
thp_fault_fallback 6594
thp_collapse_alloc 1981
thp_collapse_alloc_failed 0
thp_split 5579
thp_zero_page_alloc 1
thp_zero_page_alloc_failed 0
thp_promote 0
thp_fault_alloc 5230
thp_fault_fallback 6594
thp_collapse_alloc 1981
thp_collapse_alloc_failed 0
thp_split 5579
thp_zero_page_alloc 1
thp_zero_page_alloc_failed 0
thp_promote 0
thp_fault_alloc 5234
thp_fault_fallback 6594
thp_collapse_alloc 1981
thp_collapse_alloc_failed 0
thp_split 5579
thp_zero_page_alloc 1
thp_zero_page_alloc_failed 0
thp_promote 0
thp_fault_alloc 5246
thp_fault_fallback 6594
thp_collapse_alloc 1981
thp_collapse_alloc_failed 0
thp_split 5579
thp_zero_page_alloc 1
thp_zero_page_alloc_failed 0
thp_promote 0
thp_fault_alloc 5251
thp_fault_fallback 6594
thp_collapse_alloc 1981
thp_collapse_alloc_failed 0
thp_split 5579
thp_zero_page_alloc 1
thp_zero_page_alloc_failed 0
thp_promote 0
thp_fault_alloc 5256
thp_fault_fallback 6594
thp_collapse_alloc 1988
thp_collapse_alloc_failed 0
thp_split 5579
thp_zero_page_alloc 1
thp_zero_page_alloc_failed 0
thp_promote 0
thp_fault_alloc 5271
thp_fault_fallback 6594
thp_collapse_alloc 5541
thp_collapse_alloc_failed 0
thp_split 5580
thp_zero_page_alloc 1
thp_zero_page_alloc_failed 0
thp_promote 0
thp_fault_alloc 5276
thp_fault_fallback 6594
thp_collapse_alloc 5541
thp_collapse_alloc_failed 0
thp_split 5580
thp_zero_page_alloc 1
thp_zero_page_alloc_failed 0
thp_promote 0
thp_fault_alloc 5282
thp_fault_fallback 6594
thp_collapse_alloc 5541
thp_collapse_alloc_failed 0
thp_split 5580
thp_zero_page_alloc 1
thp_zero_page_alloc_failed 0
thp_promote 0
thp_fault_alloc 5286
thp_fault_fallback 6594
thp_collapse_alloc 5541
thp_collapse_alloc_failed 0
thp_split 5580
thp_zero_page_alloc 1
thp_zero_page_alloc_failed 0
thp_promote 0
thp_fault_alloc 5292
thp_fault_fallback 6594
thp_collapse_alloc 5541
thp_collapse_alloc_failed 0
thp_split 5580
thp_zero_page_alloc 1
thp_zero_page_alloc_failed 0
thp_promote 0
thp_fault_alloc 5298
thp_fault_fallback 6594
thp_collapse_alloc 5541
thp_collapse_alloc_failed 0
thp_split 5580
thp_zero_page_alloc 1
thp_zero_page_alloc_failed 0
thp_promote 0
thp_fault_alloc 5302
thp_fault_fallback 6594
thp_collapse_alloc 5541
thp_collapse_alloc_failed 0
thp_split 5580
thp_zero_page_alloc 1
thp_zero_page_alloc_failed 0
thp_promote 0
thp_fault_alloc 5308
thp_fault_fallback 6594
thp_collapse_alloc 5541
thp_collapse_alloc_failed 0
thp_split 5580
thp_zero_page_alloc 1
thp_zero_page_alloc_failed 0
thp_promote 0
thp_fault_alloc 5312
thp_fault_fallback 6594
thp_collapse_alloc 5541
thp_collapse_alloc_failed 0
thp_split 5580
thp_zero_page_alloc 1
thp_zero_page_alloc_failed 0
thp_promote 0
thp_fault_alloc 5318
thp_fault_fallback 6594
thp_collapse_alloc 6515
thp_collapse_alloc_failed 0
thp_split 5580
thp_zero_page_alloc 1
thp_zero_page_alloc_failed 0
thp_promote 0
thp_fault_alloc 5322
thp_fault_fallback 6594
thp_collapse_alloc 7017
thp_collapse_alloc_failed 0
thp_split 5580
thp_zero_page_alloc 1
thp_zero_page_alloc_failed 0
thp_promote 0
thp_fault_alloc 5332
thp_fault_fallback 6594
thp_collapse_alloc 7017
thp_collapse_alloc_failed 0
thp_split 5580
thp_zero_page_alloc 1
thp_zero_page_alloc_failed 0
thp_promote 0
thp_fault_alloc 5344
thp_fault_fallback 6594
thp_collapse_alloc 7017
thp_collapse_alloc_failed 0
thp_split 5580
thp_zero_page_alloc 1
thp_zero_page_alloc_failed 0
thp_promote 0
thp_fault_alloc 5354
thp_fault_fallback 6594
thp_collapse_alloc 7017
thp_collapse_alloc_failed 0
thp_split 5580
thp_zero_page_alloc 1
thp_zero_page_alloc_failed 0
thp_promote 0
thp_fault_alloc 5363
thp_fault_fallback 6594
thp_collapse_alloc 7017
thp_collapse_alloc_failed 0
thp_split 5580
thp_zero_page_alloc 1
thp_zero_page_alloc_failed 0
thp_promote 0
thp_fault_alloc 5372
thp_fault_fallback 6594
thp_collapse_alloc 7017
thp_collapse_alloc_failed 0
thp_split 5580
thp_zero_page_alloc 1
thp_zero_page_alloc_failed 0
thp_promote 0
thp_fault_alloc 5381
thp_fault_fallback 6594
thp_collapse_alloc 7017
thp_collapse_alloc_failed 0
thp_split 5580
thp_zero_page_alloc 1
thp_zero_page_alloc_failed 0
thp_promote 0
thp_fault_alloc 5391
thp_fault_fallback 6594
thp_collapse_alloc 7017
thp_collapse_alloc_failed 0
thp_split 5580
thp_zero_page_alloc 1
thp_zero_page_alloc_failed 0
thp_promote 0
thp_fault_alloc 5399
thp_fault_fallback 6594
thp_collapse_alloc 7017
thp_collapse_alloc_failed 0
thp_split 5580
thp_zero_page_alloc 1
thp_zero_page_alloc_failed 0
thp_promote 0
thp_fault_alloc 5409
thp_fault_fallback 6594
thp_collapse_alloc 7114
thp_collapse_alloc_failed 0
thp_split 5580
thp_zero_page_alloc 1
thp_zero_page_alloc_failed 0
thp_promote 0
thp_fault_alloc 5418
thp_fault_fallback 6594
thp_collapse_alloc 7114
thp_collapse_alloc_failed 0
thp_split 5580
thp_zero_page_alloc 1
thp_zero_page_alloc_failed 0
thp_promote 0
thp_fault_alloc 5427
thp_fault_fallback 6594
thp_collapse_alloc 7114
thp_collapse_alloc_failed 0
thp_split 5580
thp_zero_page_alloc 1
thp_zero_page_alloc_failed 0
thp_promote 0
thp_fault_alloc 5436
thp_fault_fallback 6594
thp_collapse_alloc 7114
thp_collapse_alloc_failed 0
thp_split 5580
thp_zero_page_alloc 1
thp_zero_page_alloc_failed 0
thp_promote 0
thp_fault_alloc 5445
thp_fault_fallback 6594
thp_collapse_alloc 7114
thp_collapse_alloc_failed 0
thp_split 5580
thp_zero_page_alloc 1
thp_zero_page_alloc_failed 0
thp_promote 0
thp_fault_alloc 5454
thp_fault_fallback 6594
thp_collapse_alloc 7114
thp_collapse_alloc_failed 0
thp_split 5580
thp_zero_page_alloc 1
thp_zero_page_alloc_failed 0
thp_promote 0
thp_fault_alloc 5463
thp_fault_fallback 6594
thp_collapse_alloc 7114
thp_collapse_alloc_failed 0
thp_split 5580
thp_zero_page_alloc 1
thp_zero_page_alloc_failed 0
thp_promote 0
thp_fault_alloc 5472
thp_fault_fallback 6594
thp_collapse_alloc 7114
thp_collapse_alloc_failed 0
thp_split 5580
thp_zero_page_alloc 1
thp_zero_page_alloc_failed 0
thp_promote 0
thp_fault_alloc 5481
thp_fault_fallback 6594
thp_collapse_alloc 7114
thp_collapse_alloc_failed 0
thp_split 5580
thp_zero_page_alloc 1
thp_zero_page_alloc_failed 0
thp_promote 0
thp_fault_alloc 5490
thp_fault_fallback 6594
thp_collapse_alloc 7114
thp_collapse_alloc_failed 0
thp_split 5580
thp_zero_page_alloc 1
thp_zero_page_alloc_failed 0
thp_promote 0
thp_fault_alloc 5499
thp_fault_fallback 6594
thp_collapse_alloc 7130
thp_collapse_alloc_failed 0
thp_split 5580
thp_zero_page_alloc 1
thp_zero_page_alloc_failed 0
thp_promote 0
thp_fault_alloc 5512
thp_fault_fallback 6594
thp_collapse_alloc 7130
thp_collapse_alloc_failed 0
thp_split 5580
thp_zero_page_alloc 1
thp_zero_page_alloc_failed 0
thp_promote 0
thp_fault_alloc 5523
thp_fault_fallback 6594
thp_collapse_alloc 7130
thp_collapse_alloc_failed 0
thp_split 5580
thp_zero_page_alloc 1
thp_zero_page_alloc_failed 0
thp_promote 0
thp_fault_alloc 5531
thp_fault_fallback 6594
thp_collapse_alloc 7130
thp_collapse_alloc_failed 0
thp_split 5580
thp_zero_page_alloc 1
thp_zero_page_alloc_failed 0
thp_promote 0
thp_fault_alloc 5541
thp_fault_fallback 6594
thp_collapse_alloc 7130
thp_collapse_alloc_failed 0
thp_split 5580
thp_zero_page_alloc 1
thp_zero_page_alloc_failed 0
thp_promote 0
thp_fault_alloc 5549
thp_fault_fallback 6594
thp_collapse_alloc 7130
thp_collapse_alloc_failed 0
thp_split 5580
thp_zero_page_alloc 1
thp_zero_page_alloc_failed 0
thp_promote 0
thp_fault_alloc 5558
thp_fault_fallback 6594
thp_collapse_alloc 7130
thp_collapse_alloc_failed 0
thp_split 5580
thp_zero_page_alloc 1
thp_zero_page_alloc_failed 0
thp_promote 0
thp_fault_alloc 5566
thp_fault_fallback 6594
thp_collapse_alloc 7130
thp_collapse_alloc_failed 0
thp_split 5580
thp_zero_page_alloc 1
thp_zero_page_alloc_failed 0
thp_promote 0
thp_fault_alloc 5575
thp_fault_fallback 6594
thp_collapse_alloc 7130
thp_collapse_alloc_failed 0
thp_split 5580
thp_zero_page_alloc 1
thp_zero_page_alloc_failed 0
thp_promote 0
thp_fault_alloc 5583
thp_fault_fallback 6594
thp_collapse_alloc 8048
thp_collapse_alloc_failed 0
thp_split 5580
thp_zero_page_alloc 1
thp_zero_page_alloc_failed 0
thp_promote 0
thp_fault_alloc 5595
thp_fault_fallback 6594
thp_collapse_alloc 9548
thp_collapse_alloc_failed 0
thp_split 5580
thp_zero_page_alloc 1
thp_zero_page_alloc_failed 0
thp_promote 0
thp_fault_alloc 5604
thp_fault_fallback 6594
thp_collapse_alloc 9660
thp_collapse_alloc_failed 0
thp_split 5580
thp_zero_page_alloc 1
thp_zero_page_alloc_failed 0
thp_promote 0
thp_fault_alloc 5613
thp_fault_fallback 6594
thp_collapse_alloc 9660
thp_collapse_alloc_failed 0
thp_split 5580
thp_zero_page_alloc 1
thp_zero_page_alloc_failed 0
thp_promote 0
thp_fault_alloc 5622
thp_fault_fallback 6594
thp_collapse_alloc 9660
thp_collapse_alloc_failed 0
thp_split 5580
thp_zero_page_alloc 1
thp_zero_page_alloc_failed 0
thp_promote 0
thp_fault_alloc 5631
thp_fault_fallback 6594
thp_collapse_alloc 9660
thp_collapse_alloc_failed 0
thp_split 5580
thp_zero_page_alloc 1
thp_zero_page_alloc_failed 0
thp_promote 0
thp_fault_alloc 5640
thp_fault_fallback 6594
thp_collapse_alloc 9660
thp_collapse_alloc_failed 0
thp_split 5581
thp_zero_page_alloc 1
thp_zero_page_alloc_failed 0
thp_promote 0
thp_fault_alloc 5648
thp_fault_fallback 6594
thp_collapse_alloc 9660
thp_collapse_alloc_failed 0
thp_split 5581
thp_zero_page_alloc 1
thp_zero_page_alloc_failed 0
thp_promote 0
thp_fault_alloc 5657
thp_fault_fallback 6594
thp_collapse_alloc 9660
thp_collapse_alloc_failed 0
thp_split 5581
thp_zero_page_alloc 1
thp_zero_page_alloc_failed 0
thp_promote 0
thp_fault_alloc 5666
thp_fault_fallback 6594
thp_collapse_alloc 9660
thp_collapse_alloc_failed 0
thp_split 5581
thp_zero_page_alloc 1
thp_zero_page_alloc_failed 0
thp_promote 0
thp_fault_alloc 5674
thp_fault_fallback 6594
thp_collapse_alloc 9660
thp_collapse_alloc_failed 0
thp_split 5581
thp_zero_page_alloc 1
thp_zero_page_alloc_failed 0
thp_promote 0
thp_fault_alloc 5683
thp_fault_fallback 6594
thp_collapse_alloc 9662
thp_collapse_alloc_failed 0
thp_split 5581
thp_zero_page_alloc 1
thp_zero_page_alloc_failed 0
thp_promote 0
thp_fault_alloc 5696
thp_fault_fallback 6594
thp_collapse_alloc 9662
thp_collapse_alloc_failed 0
thp_split 5581
thp_zero_page_alloc 1
thp_zero_page_alloc_failed 0
thp_promote 0
thp_fault_alloc 5706
thp_fault_fallback 6594
thp_collapse_alloc 9662
thp_collapse_alloc_failed 0
thp_split 5581
thp_zero_page_alloc 1
thp_zero_page_alloc_failed 0
thp_promote 0
thp_fault_alloc 5718
thp_fault_fallback 6594
thp_collapse_alloc 9662
thp_collapse_alloc_failed 0
thp_split 5581
thp_zero_page_alloc 1
thp_zero_page_alloc_failed 0
thp_promote 0
thp_fault_alloc 5731
thp_fault_fallback 6594
thp_collapse_alloc 9662
thp_collapse_alloc_failed 0
thp_split 5581
thp_zero_page_alloc 1
thp_zero_page_alloc_failed 0
thp_promote 0
thp_fault_alloc 5742
thp_fault_fallback 6594
thp_collapse_alloc 9662
thp_collapse_alloc_failed 0
thp_split 5581
thp_zero_page_alloc 1
thp_zero_page_alloc_failed 0
thp_promote 0
thp_fault_alloc 5755
thp_fault_fallback 6594
thp_collapse_alloc 9662
thp_collapse_alloc_failed 0
thp_split 5581
thp_zero_page_alloc 1
thp_zero_page_alloc_failed 0
thp_promote 0
thp_fault_alloc 5767
thp_fault_fallback 6594
thp_collapse_alloc 9662
thp_collapse_alloc_failed 0
thp_split 5581
thp_zero_page_alloc 1
thp_zero_page_alloc_failed 0
thp_promote 0
thp_fault_alloc 5778
thp_fault_fallback 6594
thp_collapse_alloc 9662
thp_collapse_alloc_failed 0
thp_split 5581
thp_zero_page_alloc 1
thp_zero_page_alloc_failed 0
thp_promote 0
thp_fault_alloc 5790
thp_fault_fallback 6594
thp_collapse_alloc 9662
thp_collapse_alloc_failed 0
thp_split 5581
thp_zero_page_alloc 1
thp_zero_page_alloc_failed 0
thp_promote 0
thp_fault_alloc 5802
thp_fault_fallback 6594
thp_collapse_alloc 9662
thp_collapse_alloc_failed 0
thp_split 5581
thp_zero_page_alloc 1
thp_zero_page_alloc_failed 0
thp_promote 0
thp_fault_alloc 5813
thp_fault_fallback 6594
thp_collapse_alloc 9662
thp_collapse_alloc_failed 0
thp_split 5581
thp_zero_page_alloc 1
thp_zero_page_alloc_failed 0
thp_promote 0
thp_fault_alloc 5824
thp_fault_fallback 6594
thp_collapse_alloc 9662
thp_collapse_alloc_failed 0
thp_split 5581
thp_zero_page_alloc 1
thp_zero_page_alloc_failed 0
thp_promote 0
thp_fault_alloc 5836
thp_fault_fallback 6594
thp_collapse_alloc 9662
thp_collapse_alloc_failed 0
thp_split 5581
thp_zero_page_alloc 1
thp_zero_page_alloc_failed 0
thp_promote 0
thp_fault_alloc 5849
thp_fault_fallback 6594
thp_collapse_alloc 9662
thp_collapse_alloc_failed 0
thp_split 5581
thp_zero_page_alloc 1
thp_zero_page_alloc_failed 0
thp_promote 0
thp_fault_alloc 5861
thp_fault_fallback 6594
thp_collapse_alloc 9662
thp_collapse_alloc_failed 0
thp_split 5582
thp_zero_page_alloc 1
thp_zero_page_alloc_failed 0
thp_promote 0
thp_fault_alloc 5872
thp_fault_fallback 6594
thp_collapse_alloc 9662
thp_collapse_alloc_failed 0
thp_split 5582
thp_zero_page_alloc 1
thp_zero_page_alloc_failed 0
thp_promote 0
thp_fault_alloc 5885
thp_fault_fallback 6594
thp_collapse_alloc 9662
thp_collapse_alloc_failed 0
thp_split 5582
thp_zero_page_alloc 1
thp_zero_page_alloc_failed 0
thp_promote 0
thp_fault_alloc 5895
thp_fault_fallback 6594
thp_collapse_alloc 9662
thp_collapse_alloc_failed 0
thp_split 5582
thp_zero_page_alloc 1
thp_zero_page_alloc_failed 0
thp_promote 0
thp_fault_alloc 5906
thp_fault_fallback 6594
thp_collapse_alloc 9662
thp_collapse_alloc_failed 0
thp_split 5582
thp_zero_page_alloc 1
thp_zero_page_alloc_failed 0
thp_promote 0
thp_fault_alloc 5919
thp_fault_fallback 6594
thp_collapse_alloc 9663
thp_collapse_alloc_failed 0
thp_split 5582
thp_zero_page_alloc 1
thp_zero_page_alloc_failed 0
thp_promote 0
thp_fault_alloc 5930
thp_fault_fallback 6594
thp_collapse_alloc 9663
thp_collapse_alloc_failed 0
thp_split 5582
thp_zero_page_alloc 1
thp_zero_page_alloc_failed 0
thp_promote 0
thp_fault_alloc 5942
thp_fault_fallback 6594
thp_collapse_alloc 9663
thp_collapse_alloc_failed 0
thp_split 5582
thp_zero_page_alloc 1
thp_zero_page_alloc_failed 0
thp_promote 0
thp_fault_alloc 5953
thp_fault_fallback 6594
thp_collapse_alloc 9663
thp_collapse_alloc_failed 0
thp_split 5582
thp_zero_page_alloc 1
thp_zero_page_alloc_failed 0
thp_promote 0
thp_fault_alloc 5965
thp_fault_fallback 6594
thp_collapse_alloc 9663
thp_collapse_alloc_failed 0
thp_split 5582
thp_zero_page_alloc 1
thp_zero_page_alloc_failed 0
thp_promote 0
thp_fault_alloc 5976
thp_fault_fallback 6594
thp_collapse_alloc 9663
thp_collapse_alloc_failed 0
thp_split 5582
thp_zero_page_alloc 1
thp_zero_page_alloc_failed 0
thp_promote 0
thp_fault_alloc 5987
thp_fault_fallback 6594
thp_collapse_alloc 9663
thp_collapse_alloc_failed 0
thp_split 5582
thp_zero_page_alloc 1
thp_zero_page_alloc_failed 0
thp_promote 0
thp_fault_alloc 5998
thp_fault_fallback 6594
thp_collapse_alloc 9663
thp_collapse_alloc_failed 0
thp_split 5582
thp_zero_page_alloc 1
thp_zero_page_alloc_failed 0
thp_promote 0
thp_fault_alloc 6009
thp_fault_fallback 6594
thp_collapse_alloc 9663
thp_collapse_alloc_failed 0
thp_split 5582
thp_zero_page_alloc 1
thp_zero_page_alloc_failed 0
thp_promote 0
thp_fault_alloc 6020
thp_fault_fallback 6594
thp_collapse_alloc 9663
thp_collapse_alloc_failed 0
thp_split 5582
thp_zero_page_alloc 1
thp_zero_page_alloc_failed 0
thp_promote 0
thp_fault_alloc 6031
thp_fault_fallback 6594
thp_collapse_alloc 9665
thp_collapse_alloc_failed 0
thp_split 5582
thp_zero_page_alloc 1
thp_zero_page_alloc_failed 0
thp_promote 0
thp_fault_alloc 6041
thp_fault_fallback 6594
thp_collapse_alloc 9665
thp_collapse_alloc_failed 0
thp_split 5582
thp_zero_page_alloc 1
thp_zero_page_alloc_failed 0
thp_promote 0
thp_fault_alloc 6053
thp_fault_fallback 6594
thp_collapse_alloc 9665
thp_collapse_alloc_failed 0
thp_split 5582
thp_zero_page_alloc 1
thp_zero_page_alloc_failed 0
thp_promote 0
thp_fault_alloc 6065
thp_fault_fallback 6594
thp_collapse_alloc 9665
thp_collapse_alloc_failed 0
thp_split 5582
thp_zero_page_alloc 1
thp_zero_page_alloc_failed 0
thp_promote 0
thp_fault_alloc 6077
thp_fault_fallback 6594
thp_collapse_alloc 9665
thp_collapse_alloc_failed 0
thp_split 5582
thp_zero_page_alloc 1
thp_zero_page_alloc_failed 0
thp_promote 0
thp_fault_alloc 6088
thp_fault_fallback 6594
thp_collapse_alloc 9665
thp_collapse_alloc_failed 0
thp_split 5582
thp_zero_page_alloc 1
thp_zero_page_alloc_failed 0
thp_promote 0
thp_fault_alloc 6100
thp_fault_fallback 6594
thp_collapse_alloc 9665
thp_collapse_alloc_failed 0
thp_split 5582
thp_zero_page_alloc 1
thp_zero_page_alloc_failed 0
thp_promote 0
thp_fault_alloc 6112
thp_fault_fallback 6594
thp_collapse_alloc 9665
thp_collapse_alloc_failed 0
thp_split 5582
thp_zero_page_alloc 1
thp_zero_page_alloc_failed 0
thp_promote 0
thp_fault_alloc 6121
thp_fault_fallback 6594
thp_collapse_alloc 9665
thp_collapse_alloc_failed 0
thp_split 5582
thp_zero_page_alloc 1
thp_zero_page_alloc_failed 0
thp_promote 0
thp_fault_alloc 6133
thp_fault_fallback 6594
thp_collapse_alloc 9665
thp_collapse_alloc_failed 0
thp_split 5582
thp_zero_page_alloc 1
thp_zero_page_alloc_failed 0
thp_promote 0
thp_fault_alloc 6144
thp_fault_fallback 6594
thp_collapse_alloc 9667
thp_collapse_alloc_failed 0
thp_split 5582
thp_zero_page_alloc 1
thp_zero_page_alloc_failed 0
thp_promote 0
thp_fault_alloc 6157
thp_fault_fallback 6594
thp_collapse_alloc 9667
thp_collapse_alloc_failed 0
thp_split 5582
thp_zero_page_alloc 1
thp_zero_page_alloc_failed 0
thp_promote 0
thp_fault_alloc 6169
thp_fault_fallback 12441
thp_collapse_alloc 9667
thp_collapse_alloc_failed 0
thp_split 11429
thp_zero_page_alloc 1
thp_zero_page_alloc_failed 0
thp_promote 0
thp_fault_alloc 6179
thp_fault_fallback 12441
thp_collapse_alloc 9667
thp_collapse_alloc_failed 0
thp_split 11429
thp_zero_page_alloc 1
thp_zero_page_alloc_failed 0
thp_promote 0
thp_fault_alloc 6200
thp_fault_fallback 12441
thp_collapse_alloc 9667
thp_collapse_alloc_failed 0
thp_split 11429
thp_zero_page_alloc 1
thp_zero_page_alloc_failed 0
thp_promote 0
thp_fault_alloc 6209
thp_fault_fallback 12441
thp_collapse_alloc 9667
thp_collapse_alloc_failed 0
thp_split 11429
thp_zero_page_alloc 1
thp_zero_page_alloc_failed 0
thp_promote 0
thp_fault_alloc 6222
thp_fault_fallback 12441
thp_collapse_alloc 9667
thp_collapse_alloc_failed 0
thp_split 11429
thp_zero_page_alloc 1
thp_zero_page_alloc_failed 0
thp_promote 0
thp_fault_alloc 6234
thp_fault_fallback 12441
thp_collapse_alloc 9667
thp_collapse_alloc_failed 0
thp_split 11429
thp_zero_page_alloc 1
thp_zero_page_alloc_failed 0
thp_promote 0
thp_fault_alloc 6246
thp_fault_fallback 12441
thp_collapse_alloc 9667
thp_collapse_alloc_failed 0
thp_split 11429
thp_zero_page_alloc 1
thp_zero_page_alloc_failed 0
thp_promote 0
thp_fault_alloc 6279
thp_fault_fallback 12441
thp_collapse_alloc 9667
thp_collapse_alloc_failed 0
thp_split 11429
thp_zero_page_alloc 1
thp_zero_page_alloc_failed 0
thp_promote 0
thp_fault_alloc 6292
thp_fault_fallback 12441
thp_collapse_alloc 9667
thp_collapse_alloc_failed 0
thp_split 11429
thp_zero_page_alloc 1
thp_zero_page_alloc_failed 0
thp_promote 0
thp_fault_alloc 6306
thp_fault_fallback 12441
thp_collapse_alloc 9667
thp_collapse_alloc_failed 0
thp_split 11429
thp_zero_page_alloc 1
thp_zero_page_alloc_failed 0
thp_promote 0
thp_fault_alloc 6327
thp_fault_fallback 12441
thp_collapse_alloc 9667
thp_collapse_alloc_failed 0
thp_split 11429
thp_zero_page_alloc 1
thp_zero_page_alloc_failed 0
thp_promote 0
thp_fault_alloc 6339
thp_fault_fallback 12441
thp_collapse_alloc 9667
thp_collapse_alloc_failed 0
thp_split 11429
thp_zero_page_alloc 1
thp_zero_page_alloc_failed 0
thp_promote 0
thp_fault_alloc 6351
thp_fault_fallback 12441
thp_collapse_alloc 9667
thp_collapse_alloc_failed 0
thp_split 11429
thp_zero_page_alloc 1
thp_zero_page_alloc_failed 0
thp_promote 0
thp_fault_alloc 6363
thp_fault_fallback 12441
thp_collapse_alloc 9667
thp_collapse_alloc_failed 0
thp_split 11429
thp_zero_page_alloc 1
thp_zero_page_alloc_failed 0
thp_promote 0
thp_fault_alloc 6374
thp_fault_fallback 12441
thp_collapse_alloc 9667
thp_collapse_alloc_failed 0
thp_split 11429
thp_zero_page_alloc 1
thp_zero_page_alloc_failed 0
thp_promote 0
thp_fault_alloc 6387
thp_fault_fallback 12441
thp_collapse_alloc 9667
thp_collapse_alloc_failed 0
thp_split 11429
thp_zero_page_alloc 1
thp_zero_page_alloc_failed 0
thp_promote 0
thp_fault_alloc 6399
thp_fault_fallback 12441
thp_collapse_alloc 9667
thp_collapse_alloc_failed 0
thp_split 11429
thp_zero_page_alloc 1
thp_zero_page_alloc_failed 0
thp_promote 0
thp_fault_alloc 6422
thp_fault_fallback 12441
thp_collapse_alloc 9667
thp_collapse_alloc_failed 0
thp_split 11429
thp_zero_page_alloc 1
thp_zero_page_alloc_failed 0
thp_promote 0
thp_fault_alloc 6437
thp_fault_fallback 12441
thp_collapse_alloc 9667
thp_collapse_alloc_failed 0
thp_split 11429
thp_zero_page_alloc 1
thp_zero_page_alloc_failed 0
thp_promote 0
thp_fault_alloc 6451
thp_fault_fallback 12441
thp_collapse_alloc 9667
thp_collapse_alloc_failed 0
thp_split 11429
thp_zero_page_alloc 1
thp_zero_page_alloc_failed 0
thp_promote 0
thp_fault_alloc 6464
thp_fault_fallback 12441
thp_collapse_alloc 9667
thp_collapse_alloc_failed 0
thp_split 11429
thp_zero_page_alloc 1
thp_zero_page_alloc_failed 0
thp_promote 0
thp_fault_alloc 6475
thp_fault_fallback 12441
thp_collapse_alloc 9667
thp_collapse_alloc_failed 0
thp_split 11429
thp_zero_page_alloc 1
thp_zero_page_alloc_failed 0
thp_promote 0
thp_fault_alloc 6490
thp_fault_fallback 12441
thp_collapse_alloc 9667
thp_collapse_alloc_failed 0
thp_split 11429
thp_zero_page_alloc 1
thp_zero_page_alloc_failed 0
thp_promote 0
thp_fault_alloc 6502
thp_fault_fallback 12441
thp_collapse_alloc 9667
thp_collapse_alloc_failed 0
thp_split 11429
thp_zero_page_alloc 1
thp_zero_page_alloc_failed 0
thp_promote 0
thp_fault_alloc 6525
thp_fault_fallback 12441
thp_collapse_alloc 9950
thp_collapse_alloc_failed 0
thp_split 11429
thp_zero_page_alloc 1
thp_zero_page_alloc_failed 0
thp_promote 0
thp_fault_alloc 6540
thp_fault_fallback 12441
thp_collapse_alloc 9950
thp_collapse_alloc_failed 0
thp_split 11429
thp_zero_page_alloc 1
thp_zero_page_alloc_failed 0
thp_promote 0
thp_fault_alloc 6554
thp_fault_fallback 12441
thp_collapse_alloc 9950
thp_collapse_alloc_failed 0
thp_split 11429
thp_zero_page_alloc 1
thp_zero_page_alloc_failed 0
thp_promote 0
thp_fault_alloc 6567
thp_fault_fallback 12441
thp_collapse_alloc 9950
thp_collapse_alloc_failed 0
thp_split 11429
thp_zero_page_alloc 1
thp_zero_page_alloc_failed 0
thp_promote 0
thp_fault_alloc 6582
thp_fault_fallback 12441
thp_collapse_alloc 9950
thp_collapse_alloc_failed 0
thp_split 11429
thp_zero_page_alloc 1
thp_zero_page_alloc_failed 0
thp_promote 0
thp_fault_alloc 6594
thp_fault_fallback 12441
thp_collapse_alloc 9950
thp_collapse_alloc_failed 0
thp_split 11429
thp_zero_page_alloc 1
thp_zero_page_alloc_failed 0
thp_promote 0
thp_fault_alloc 6607
thp_fault_fallback 12441
thp_collapse_alloc 9950
thp_collapse_alloc_failed 0
thp_split 11429
thp_zero_page_alloc 1
thp_zero_page_alloc_failed 0
thp_promote 0
thp_fault_alloc 6633
thp_fault_fallback 12441
thp_collapse_alloc 9950
thp_collapse_alloc_failed 0
thp_split 11429
thp_zero_page_alloc 1
thp_zero_page_alloc_failed 0
thp_promote 0
thp_fault_alloc 6646
thp_fault_fallback 12441
thp_collapse_alloc 9950
thp_collapse_alloc_failed 0
thp_split 11429
thp_zero_page_alloc 1
thp_zero_page_alloc_failed 0
thp_promote 0
thp_fault_alloc 6659
thp_fault_fallback 12441
thp_collapse_alloc 11214
thp_collapse_alloc_failed 0
thp_split 11429
thp_zero_page_alloc 1
thp_zero_page_alloc_failed 0
thp_promote 0
thp_fault_alloc 6669
thp_fault_fallback 12441
thp_collapse_alloc 12714
thp_collapse_alloc_failed 0
thp_split 11429
thp_zero_page_alloc 1
thp_zero_page_alloc_failed 0
thp_promote 0
thp_fault_alloc 6682
thp_fault_fallback 12441
thp_collapse_alloc 14072
thp_collapse_alloc_failed 0
thp_split 11429
thp_zero_page_alloc 1
thp_zero_page_alloc_failed 0
thp_promote 0
thp_fault_alloc 6694
thp_fault_fallback 12441
thp_collapse_alloc 14296
thp_collapse_alloc_failed 0
thp_split 11429
thp_zero_page_alloc 1
thp_zero_page_alloc_failed 0
thp_promote 0
thp_fault_alloc 6706
thp_fault_fallback 12441
thp_collapse_alloc 14296
thp_collapse_alloc_failed 0
thp_split 11429
thp_zero_page_alloc 1
thp_zero_page_alloc_failed 0
thp_promote 0
thp_fault_alloc 6719
thp_fault_fallback 12441
thp_collapse_alloc 14296
thp_collapse_alloc_failed 0
thp_split 11429
thp_zero_page_alloc 1
thp_zero_page_alloc_failed 0
thp_promote 0
thp_fault_alloc 6732
thp_fault_fallback 12441
thp_collapse_alloc 14296
thp_collapse_alloc_failed 0
thp_split 11429
thp_zero_page_alloc 1
thp_zero_page_alloc_failed 0
thp_promote 0
thp_fault_alloc 6744
thp_fault_fallback 12441
thp_collapse_alloc 14296
thp_collapse_alloc_failed 0
thp_split 11429
thp_zero_page_alloc 1
thp_zero_page_alloc_failed 0
thp_promote 0
thp_fault_alloc 6756
thp_fault_fallback 12441
thp_collapse_alloc 14296
thp_collapse_alloc_failed 0
thp_split 11429
thp_zero_page_alloc 1
thp_zero_page_alloc_failed 0
thp_promote 0
thp_fault_alloc 6781
thp_fault_fallback 12441
thp_collapse_alloc 14296
thp_collapse_alloc_failed 0
thp_split 11429
thp_zero_page_alloc 1
thp_zero_page_alloc_failed 0
thp_promote 0
thp_fault_alloc 6796
thp_fault_fallback 12441
thp_collapse_alloc 14296
thp_collapse_alloc_failed 0
thp_split 11429
thp_zero_page_alloc 1
thp_zero_page_alloc_failed 0
thp_promote 0
thp_fault_alloc 6819
thp_fault_fallback 12441
thp_collapse_alloc 14800
thp_collapse_alloc_failed 0
thp_split 11429
thp_zero_page_alloc 1
thp_zero_page_alloc_failed 0
thp_promote 0
thp_fault_alloc 6831
thp_fault_fallback 12441
thp_collapse_alloc 14976
thp_collapse_alloc_failed 0
thp_split 11429
thp_zero_page_alloc 1
thp_zero_page_alloc_failed 0
thp_promote 0
thp_fault_alloc 6844
thp_fault_fallback 12441
thp_collapse_alloc 14976
thp_collapse_alloc_failed 0
thp_split 11429
thp_zero_page_alloc 1
thp_zero_page_alloc_failed 0
thp_promote 0
thp_fault_alloc 6856
thp_fault_fallback 12441
thp_collapse_alloc 14976
thp_collapse_alloc_failed 0
thp_split 11429
thp_zero_page_alloc 1
thp_zero_page_alloc_failed 0
thp_promote 0
thp_fault_alloc 6870
thp_fault_fallback 12441
thp_collapse_alloc 14976
thp_collapse_alloc_failed 0
thp_split 11429
thp_zero_page_alloc 1
thp_zero_page_alloc_failed 0
thp_promote 0
thp_fault_alloc 6885
thp_fault_fallback 12441
thp_collapse_alloc 14976
thp_collapse_alloc_failed 0
thp_split 11429
thp_zero_page_alloc 1
thp_zero_page_alloc_failed 0
thp_promote 0
thp_fault_alloc 6897
thp_fault_fallback 12441
thp_collapse_alloc 14976
thp_collapse_alloc_failed 0
thp_split 11429
thp_zero_page_alloc 1
thp_zero_page_alloc_failed 0
thp_promote 0
thp_fault_alloc 6910
thp_fault_fallback 12441
thp_collapse_alloc 14976
thp_collapse_alloc_failed 0
thp_split 11429
thp_zero_page_alloc 1
thp_zero_page_alloc_failed 0
thp_promote 0
thp_fault_alloc 6924
thp_fault_fallback 12441
thp_collapse_alloc 14976
thp_collapse_alloc_failed 0
thp_split 11429
thp_zero_page_alloc 1
thp_zero_page_alloc_failed 0
thp_promote 0
thp_fault_alloc 6938
thp_fault_fallback 12441
thp_collapse_alloc 14976
thp_collapse_alloc_failed 0
thp_split 11429
thp_zero_page_alloc 1
thp_zero_page_alloc_failed 0
thp_promote 0
thp_fault_alloc 6949
thp_fault_fallback 12441
thp_collapse_alloc 15011
thp_collapse_alloc_failed 0
thp_split 11429
thp_zero_page_alloc 1
thp_zero_page_alloc_failed 0
thp_promote 0
thp_fault_alloc 6962
thp_fault_fallback 12441
thp_collapse_alloc 15011
thp_collapse_alloc_failed 0
thp_split 11429
thp_zero_page_alloc 1
thp_zero_page_alloc_failed 0
thp_promote 0
thp_fault_alloc 6983
thp_fault_fallback 12441
thp_collapse_alloc 15011
thp_collapse_alloc_failed 0
thp_split 11429
thp_zero_page_alloc 1
thp_zero_page_alloc_failed 0
thp_promote 0
thp_fault_alloc 6998
thp_fault_fallback 12441
thp_collapse_alloc 15011
thp_collapse_alloc_failed 0
thp_split 11429
thp_zero_page_alloc 1
thp_zero_page_alloc_failed 0
thp_promote 0
thp_fault_alloc 7011
thp_fault_fallback 12441
thp_collapse_alloc 15011
thp_collapse_alloc_failed 0
thp_split 11429
thp_zero_page_alloc 1
thp_zero_page_alloc_failed 0
thp_promote 0
thp_fault_alloc 7025
thp_fault_fallback 12441
thp_collapse_alloc 15011
thp_collapse_alloc_failed 0
thp_split 11429
thp_zero_page_alloc 1
thp_zero_page_alloc_failed 0
thp_promote 0
thp_fault_alloc 7037
thp_fault_fallback 12441
thp_collapse_alloc 15011
thp_collapse_alloc_failed 0
thp_split 11429
thp_zero_page_alloc 1
thp_zero_page_alloc_failed 0
thp_promote 0
thp_fault_alloc 7052
thp_fault_fallback 12441
thp_collapse_alloc 15011
thp_collapse_alloc_failed 0
thp_split 11429
thp_zero_page_alloc 1
thp_zero_page_alloc_failed 0
thp_promote 0
thp_fault_alloc 7065
thp_fault_fallback 12441
thp_collapse_alloc 15011
thp_collapse_alloc_failed 0
thp_split 11429
thp_zero_page_alloc 1
thp_zero_page_alloc_failed 0
thp_promote 0
thp_fault_alloc 7078
thp_fault_fallback 12441
thp_collapse_alloc 15220
thp_collapse_alloc_failed 0
thp_split 11429
thp_zero_page_alloc 1
thp_zero_page_alloc_failed 0
thp_promote 0
thp_fault_alloc 7093
thp_fault_fallback 12441
thp_collapse_alloc 15220
thp_collapse_alloc_failed 0
thp_split 11429
thp_zero_page_alloc 1
thp_zero_page_alloc_failed 0
thp_promote 0
thp_fault_alloc 7106
thp_fault_fallback 12441
thp_collapse_alloc 15220
thp_collapse_alloc_failed 0
thp_split 11429
thp_zero_page_alloc 1
thp_zero_page_alloc_failed 0
thp_promote 0
thp_fault_alloc 7120
thp_fault_fallback 12441
thp_collapse_alloc 15220
thp_collapse_alloc_failed 0
thp_split 11429
thp_zero_page_alloc 1
thp_zero_page_alloc_failed 0
thp_promote 0
thp_fault_alloc 7134
thp_fault_fallback 12441
thp_collapse_alloc 15220
thp_collapse_alloc_failed 0
thp_split 11429
thp_zero_page_alloc 1
thp_zero_page_alloc_failed 0
thp_promote 0
thp_fault_alloc 7147
thp_fault_fallback 12441
thp_collapse_alloc 15220
thp_collapse_alloc_failed 0
thp_split 11429
thp_zero_page_alloc 1
thp_zero_page_alloc_failed 0
thp_promote 0
thp_fault_alloc 7161
thp_fault_fallback 12441
thp_collapse_alloc 15220
thp_collapse_alloc_failed 0
thp_split 11429
thp_zero_page_alloc 1
thp_zero_page_alloc_failed 0
thp_promote 0
thp_fault_alloc 7184
thp_fault_fallback 12441
thp_collapse_alloc 15220
thp_collapse_alloc_failed 0
thp_split 11429
thp_zero_page_alloc 1
thp_zero_page_alloc_failed 0
thp_promote 0
thp_fault_alloc 7198
thp_fault_fallback 12441
thp_collapse_alloc 15220
thp_collapse_alloc_failed 0
thp_split 11429
thp_zero_page_alloc 1
thp_zero_page_alloc_failed 0
thp_promote 0
thp_fault_alloc 7210
thp_fault_fallback 12441
thp_collapse_alloc 15220
thp_collapse_alloc_failed 0
thp_split 11429
thp_zero_page_alloc 1
thp_zero_page_alloc_failed 0
thp_promote 0
thp_fault_alloc 7222
thp_fault_fallback 12441
thp_collapse_alloc 15559
thp_collapse_alloc_failed 0
thp_split 11429
thp_zero_page_alloc 1
thp_zero_page_alloc_failed 0
thp_promote 0
thp_fault_alloc 7236
thp_fault_fallback 12441
thp_collapse_alloc 15559
thp_collapse_alloc_failed 0
thp_split 11429
thp_zero_page_alloc 1
thp_zero_page_alloc_failed 0
thp_promote 0
thp_fault_alloc 7250
thp_fault_fallback 12441
thp_collapse_alloc 15559
thp_collapse_alloc_failed 0
thp_split 11429
thp_zero_page_alloc 1
thp_zero_page_alloc_failed 0
thp_promote 0
thp_fault_alloc 7263
thp_fault_fallback 12441
thp_collapse_alloc 15559
thp_collapse_alloc_failed 0
thp_split 11429
thp_zero_page_alloc 1
thp_zero_page_alloc_failed 0
thp_promote 0
thp_fault_alloc 7277
thp_fault_fallback 12441
thp_collapse_alloc 15559
thp_collapse_alloc_failed 0
thp_split 11429
thp_zero_page_alloc 1
thp_zero_page_alloc_failed 0
thp_promote 0
thp_fault_alloc 7290
thp_fault_fallback 12441
thp_collapse_alloc 15559
thp_collapse_alloc_failed 0
thp_split 11429
thp_zero_page_alloc 1
thp_zero_page_alloc_failed 0
thp_promote 0
thp_fault_alloc 7314
thp_fault_fallback 12441
thp_collapse_alloc 15559
thp_collapse_alloc_failed 0
thp_split 11429
thp_zero_page_alloc 1
thp_zero_page_alloc_failed 0
thp_promote 0
thp_fault_alloc 7329
thp_fault_fallback 12441
thp_collapse_alloc 15559
thp_collapse_alloc_failed 0
thp_split 11429
thp_zero_page_alloc 1
thp_zero_page_alloc_failed 0
thp_promote 0
thp_fault_alloc 7340
thp_fault_fallback 12441
thp_collapse_alloc 15559
thp_collapse_alloc_failed 0
thp_split 11429
thp_zero_page_alloc 1
thp_zero_page_alloc_failed 0
thp_promote 0
thp_fault_alloc 7352
thp_fault_fallback 12441
thp_collapse_alloc 16945
thp_collapse_alloc_failed 0
thp_split 11429
thp_zero_page_alloc 1
thp_zero_page_alloc_failed 0
thp_promote 0
thp_fault_alloc 7363
thp_fault_fallback 12441
thp_collapse_alloc 18458
thp_collapse_alloc_failed 0
thp_split 11429
thp_zero_page_alloc 1
thp_zero_page_alloc_failed 0
thp_promote 0
thp_fault_alloc 7375
thp_fault_fallback 12441
thp_collapse_alloc 18458
thp_collapse_alloc_failed 0
thp_split 11429
thp_zero_page_alloc 1
thp_zero_page_alloc_failed 0
thp_promote 0
thp_fault_alloc 7388
thp_fault_fallback 12441
thp_collapse_alloc 18458
thp_collapse_alloc_failed 0
thp_split 11429
thp_zero_page_alloc 1
thp_zero_page_alloc_failed 0
thp_promote 0
thp_fault_alloc 7403
thp_fault_fallback 12441
thp_collapse_alloc 18458
thp_collapse_alloc_failed 0
thp_split 11429
thp_zero_page_alloc 1
thp_zero_page_alloc_failed 0
thp_promote 0
thp_fault_alloc 7418
thp_fault_fallback 12441
thp_collapse_alloc 18458
thp_collapse_alloc_failed 0
thp_split 11429
thp_zero_page_alloc 1
thp_zero_page_alloc_failed 0
thp_promote 0
thp_fault_alloc 7431
thp_fault_fallback 12441
thp_collapse_alloc 18458
thp_collapse_alloc_failed 0
thp_split 11429
thp_zero_page_alloc 1
thp_zero_page_alloc_failed 0
thp_promote 0
thp_fault_alloc 7443
thp_fault_fallback 12441
thp_collapse_alloc 18458
thp_collapse_alloc_failed 0
thp_split 11429
thp_zero_page_alloc 1
thp_zero_page_alloc_failed 0
thp_promote 0
thp_fault_alloc 7455
thp_fault_fallback 12441
thp_collapse_alloc 18458
thp_collapse_alloc_failed 0
thp_split 11429
thp_zero_page_alloc 1
thp_zero_page_alloc_failed 0
thp_promote 0
thp_fault_alloc 7470
thp_fault_fallback 12441
thp_collapse_alloc 18458
thp_collapse_alloc_failed 0
thp_split 11429
thp_zero_page_alloc 1
thp_zero_page_alloc_failed 0
thp_promote 0
thp_fault_alloc 7484
thp_fault_fallback 12441
thp_collapse_alloc 18458
thp_collapse_alloc_failed 0
thp_split 11429
thp_zero_page_alloc 1
thp_zero_page_alloc_failed 0
thp_promote 0
thp_fault_alloc 7497
thp_fault_fallback 12441
thp_collapse_alloc 18458
thp_collapse_alloc_failed 0
thp_split 11429
thp_zero_page_alloc 1
thp_zero_page_alloc_failed 0
thp_promote 0
thp_fault_alloc 7510
thp_fault_fallback 12441
thp_collapse_alloc 18458
thp_collapse_alloc_failed 0
thp_split 11429
thp_zero_page_alloc 1
thp_zero_page_alloc_failed 0
thp_promote 0
thp_fault_alloc 7525
thp_fault_fallback 12441
thp_collapse_alloc 18458
thp_collapse_alloc_failed 0
thp_split 11429
thp_zero_page_alloc 1
thp_zero_page_alloc_failed 0
thp_promote 0
thp_fault_alloc 7538
thp_fault_fallback 12441
thp_collapse_alloc 18458
thp_collapse_alloc_failed 0
thp_split 11429
thp_zero_page_alloc 1
thp_zero_page_alloc_failed 0
thp_promote 0
thp_fault_alloc 7552
thp_fault_fallback 12441
thp_collapse_alloc 18458
thp_collapse_alloc_failed 0
thp_split 11429
thp_zero_page_alloc 1
thp_zero_page_alloc_failed 0
thp_promote 0
thp_fault_alloc 7565
thp_fault_fallback 12441
thp_collapse_alloc 18458
thp_collapse_alloc_failed 0
thp_split 11429
thp_zero_page_alloc 1
thp_zero_page_alloc_failed 0
thp_promote 0
thp_fault_alloc 7580
thp_fault_fallback 12441
thp_collapse_alloc 18458
thp_collapse_alloc_failed 0
thp_split 11429
thp_zero_page_alloc 1
thp_zero_page_alloc_failed 0
thp_promote 0
thp_fault_alloc 7594
thp_fault_fallback 12441
thp_collapse_alloc 18458
thp_collapse_alloc_failed 0
thp_split 11429
thp_zero_page_alloc 1
thp_zero_page_alloc_failed 0
thp_promote 0
thp_fault_alloc 7608
thp_fault_fallback 12441
thp_collapse_alloc 18458
thp_collapse_alloc_failed 0
thp_split 11429
thp_zero_page_alloc 1
thp_zero_page_alloc_failed 0
thp_promote 0
thp_fault_alloc 7621
thp_fault_fallback 12441
thp_collapse_alloc 18458
thp_collapse_alloc_failed 0
thp_split 11429
thp_zero_page_alloc 1
thp_zero_page_alloc_failed 0
thp_promote 0
thp_fault_alloc 7634
thp_fault_fallback 12441
thp_collapse_alloc 18459
thp_collapse_alloc_failed 0
thp_split 11429
thp_zero_page_alloc 1
thp_zero_page_alloc_failed 0
thp_promote 0
thp_fault_alloc 7647
thp_fault_fallback 12441
thp_collapse_alloc 18459
thp_collapse_alloc_failed 0
thp_split 11429
thp_zero_page_alloc 1
thp_zero_page_alloc_failed 0
thp_promote 0
thp_fault_alloc 7660
thp_fault_fallback 12441
thp_collapse_alloc 18459
thp_collapse_alloc_failed 0
thp_split 11429
thp_zero_page_alloc 1
thp_zero_page_alloc_failed 0
thp_promote 0
thp_fault_alloc 7675
thp_fault_fallback 12441
thp_collapse_alloc 18459
thp_collapse_alloc_failed 0
thp_split 11429
thp_zero_page_alloc 1
thp_zero_page_alloc_failed 0
thp_promote 0
thp_fault_alloc 7693
thp_fault_fallback 12441
thp_collapse_alloc 18459
thp_collapse_alloc_failed 0
thp_split 11429
thp_zero_page_alloc 1
thp_zero_page_alloc_failed 0
thp_promote 0
thp_fault_alloc 7715
thp_fault_fallback 12441
thp_collapse_alloc 18459
thp_collapse_alloc_failed 0
thp_split 11429
thp_zero_page_alloc 1
thp_zero_page_alloc_failed 0
thp_promote 0
thp_fault_alloc 7725
thp_fault_fallback 12441
thp_collapse_alloc 18459
thp_collapse_alloc_failed 0
thp_split 11429
thp_zero_page_alloc 1
thp_zero_page_alloc_failed 0
thp_promote 0
thp_fault_alloc 7742
thp_fault_fallback 12441
thp_collapse_alloc 18459
thp_collapse_alloc_failed 0
thp_split 11429
thp_zero_page_alloc 1
thp_zero_page_alloc_failed 0
thp_promote 0
thp_fault_alloc 7757
thp_fault_fallback 12441
thp_collapse_alloc 18459
thp_collapse_alloc_failed 0
thp_split 11429
thp_zero_page_alloc 1
thp_zero_page_alloc_failed 0
thp_promote 0
thp_fault_alloc 7770
thp_fault_fallback 12441
thp_collapse_alloc 18459
thp_collapse_alloc_failed 0
thp_split 11429
thp_zero_page_alloc 1
thp_zero_page_alloc_failed 0
thp_promote 0
thp_fault_alloc 7786
thp_fault_fallback 12441
thp_collapse_alloc 18459
thp_collapse_alloc_failed 0
thp_split 11429
thp_zero_page_alloc 1
thp_zero_page_alloc_failed 0
thp_promote 0
thp_fault_alloc 7800
thp_fault_fallback 12441
thp_collapse_alloc 18459
thp_collapse_alloc_failed 0
thp_split 11429
thp_zero_page_alloc 1
thp_zero_page_alloc_failed 0
thp_promote 0
thp_fault_alloc 7813
thp_fault_fallback 12441
thp_collapse_alloc 18459
thp_collapse_alloc_failed 0
thp_split 11429
thp_zero_page_alloc 1
thp_zero_page_alloc_failed 0
thp_promote 0
thp_fault_alloc 7837
thp_fault_fallback 12441
thp_collapse_alloc 18459
thp_collapse_alloc_failed 0
thp_split 11429
thp_zero_page_alloc 1
thp_zero_page_alloc_failed 0
thp_promote 0
thp_fault_alloc 7851
thp_fault_fallback 12441
thp_collapse_alloc 18459
thp_collapse_alloc_failed 0
thp_split 11429
thp_zero_page_alloc 1
thp_zero_page_alloc_failed 0
thp_promote 0
thp_fault_alloc 7865
thp_fault_fallback 12441
thp_collapse_alloc 18459
thp_collapse_alloc_failed 0
thp_split 11429
thp_zero_page_alloc 1
thp_zero_page_alloc_failed 0
thp_promote 0
thp_fault_alloc 7877
thp_fault_fallback 12441
thp_collapse_alloc 18459
thp_collapse_alloc_failed 0
thp_split 11429
thp_zero_page_alloc 1
thp_zero_page_alloc_failed 0
thp_promote 0
thp_fault_alloc 7890
thp_fault_fallback 12441
thp_collapse_alloc 18459
thp_collapse_alloc_failed 0
thp_split 11429
thp_zero_page_alloc 1
thp_zero_page_alloc_failed 0
thp_promote 0
thp_fault_alloc 7904
thp_fault_fallback 12441
thp_collapse_alloc 18459
thp_collapse_alloc_failed 0
thp_split 11429
thp_zero_page_alloc 1
thp_zero_page_alloc_failed 0
thp_promote 0
thp_fault_alloc 7917
thp_fault_fallback 12441
thp_collapse_alloc 18459
thp_collapse_alloc_failed 0
thp_split 11429
thp_zero_page_alloc 1
thp_zero_page_alloc_failed 0
thp_promote 0
thp_fault_alloc 7932
thp_fault_fallback 12441
thp_collapse_alloc 18459
thp_collapse_alloc_failed 0
thp_split 11429
thp_zero_page_alloc 1
thp_zero_page_alloc_failed 0
thp_promote 0
thp_fault_alloc 7948
thp_fault_fallback 12441
thp_collapse_alloc 18459
thp_collapse_alloc_failed 0
thp_split 11429
thp_zero_page_alloc 1
thp_zero_page_alloc_failed 0
thp_promote 0
thp_fault_alloc 7960
thp_fault_fallback 12441
thp_collapse_alloc 18459
thp_collapse_alloc_failed 0
thp_split 11429
thp_zero_page_alloc 1
thp_zero_page_alloc_failed 0
thp_promote 0
thp_fault_alloc 7977
thp_fault_fallback 12441
thp_collapse_alloc 18459
thp_collapse_alloc_failed 0
thp_split 11429
thp_zero_page_alloc 1
thp_zero_page_alloc_failed 0
thp_promote 0
thp_fault_alloc 7989
thp_fault_fallback 12441
thp_collapse_alloc 18459
thp_collapse_alloc_failed 0
thp_split 11429
thp_zero_page_alloc 1
thp_zero_page_alloc_failed 0
thp_promote 0
thp_fault_alloc 8001
thp_fault_fallback 12441
thp_collapse_alloc 18459
thp_collapse_alloc_failed 0
thp_split 11429
thp_zero_page_alloc 1
thp_zero_page_alloc_failed 0
thp_promote 0
thp_fault_alloc 8014
thp_fault_fallback 12441
thp_collapse_alloc 18459
thp_collapse_alloc_failed 0
thp_split 11429
thp_zero_page_alloc 1
thp_zero_page_alloc_failed 0
thp_promote 0
thp_fault_alloc 8027
thp_fault_fallback 12441
thp_collapse_alloc 18459
thp_collapse_alloc_failed 0
thp_split 11429
thp_zero_page_alloc 1
thp_zero_page_alloc_failed 0
thp_promote 0
thp_fault_alloc 8040
thp_fault_fallback 12441
thp_collapse_alloc 18459
thp_collapse_alloc_failed 0
thp_split 11429
thp_zero_page_alloc 1
thp_zero_page_alloc_failed 0
thp_promote 0
thp_fault_alloc 8054
thp_fault_fallback 12441
thp_collapse_alloc 18459
thp_collapse_alloc_failed 0
thp_split 11429
thp_zero_page_alloc 1
thp_zero_page_alloc_failed 0
thp_promote 0
thp_fault_alloc 8066
thp_fault_fallback 12441
thp_collapse_alloc 18459
thp_collapse_alloc_failed 0
thp_split 11429
thp_zero_page_alloc 1
thp_zero_page_alloc_failed 0
thp_promote 0
thp_fault_alloc 8080
thp_fault_fallback 12441
thp_collapse_alloc 18459
thp_collapse_alloc_failed 0
thp_split 11429
thp_zero_page_alloc 1
thp_zero_page_alloc_failed 0
thp_promote 0
thp_fault_alloc 8094
thp_fault_fallback 12441
thp_collapse_alloc 18459
thp_collapse_alloc_failed 0
thp_split 11429
thp_zero_page_alloc 1
thp_zero_page_alloc_failed 0
thp_promote 0
thp_fault_alloc 8107
thp_fault_fallback 12441
thp_collapse_alloc 18459
thp_collapse_alloc_failed 0
thp_split 11429
thp_zero_page_alloc 1
thp_zero_page_alloc_failed 0
thp_promote 0
thp_fault_alloc 8121
thp_fault_fallback 12441
thp_collapse_alloc 18459
thp_collapse_alloc_failed 0
thp_split 11429
thp_zero_page_alloc 1
thp_zero_page_alloc_failed 0
thp_promote 0
thp_fault_alloc 8132
thp_fault_fallback 12441
thp_collapse_alloc 18459
thp_collapse_alloc_failed 0
thp_split 11429
thp_zero_page_alloc 1
thp_zero_page_alloc_failed 0
thp_promote 0
thp_fault_alloc 8146
thp_fault_fallback 12441
thp_collapse_alloc 18459
thp_collapse_alloc_failed 0
thp_split 11429
thp_zero_page_alloc 1
thp_zero_page_alloc_failed 0
thp_promote 0
thp_fault_alloc 8159
thp_fault_fallback 12441
thp_collapse_alloc 18459
thp_collapse_alloc_failed 0
thp_split 11429
thp_zero_page_alloc 1
thp_zero_page_alloc_failed 0
thp_promote 0
thp_fault_alloc 8171
thp_fault_fallback 18392
thp_collapse_alloc 18459
thp_collapse_alloc_failed 0
thp_split 17380
thp_zero_page_alloc 1
thp_zero_page_alloc_failed 0
thp_promote 0
thp_fault_alloc 8181
thp_fault_fallback 18434
thp_collapse_alloc 18459
thp_collapse_alloc_failed 0
thp_split 17422
thp_zero_page_alloc 1
thp_zero_page_alloc_failed 0
thp_promote 0
thp_fault_alloc 8191
thp_fault_fallback 18434
thp_collapse_alloc 18459
thp_collapse_alloc_failed 0
thp_split 17422
thp_zero_page_alloc 1
thp_zero_page_alloc_failed 0
thp_promote 0
thp_fault_alloc 8211
thp_fault_fallback 18434
thp_collapse_alloc 18459
thp_collapse_alloc_failed 0
thp_split 17422
thp_zero_page_alloc 1
thp_zero_page_alloc_failed 0
thp_promote 0
thp_fault_alloc 8222
thp_fault_fallback 18434
thp_collapse_alloc 18459
thp_collapse_alloc_failed 0
thp_split 17422
thp_zero_page_alloc 1
thp_zero_page_alloc_failed 0
thp_promote 0
thp_fault_alloc 8233
thp_fault_fallback 18434
thp_collapse_alloc 18459
thp_collapse_alloc_failed 0
thp_split 17422
thp_zero_page_alloc 1
thp_zero_page_alloc_failed 0
thp_promote 0
thp_fault_alloc 8243
thp_fault_fallback 18434
thp_collapse_alloc 18459
thp_collapse_alloc_failed 0
thp_split 17422
thp_zero_page_alloc 1
thp_zero_page_alloc_failed 0
thp_promote 0
thp_fault_alloc 8253
thp_fault_fallback 18434
thp_collapse_alloc 18459
thp_collapse_alloc_failed 0
thp_split 17422
thp_zero_page_alloc 1
thp_zero_page_alloc_failed 0
thp_promote 0
thp_fault_alloc 8277
thp_fault_fallback 18434
thp_collapse_alloc 18459
thp_collapse_alloc_failed 0
thp_split 17422
thp_zero_page_alloc 1
thp_zero_page_alloc_failed 0
thp_promote 0
thp_fault_alloc 8289
thp_fault_fallback 18434
thp_collapse_alloc 18459
thp_collapse_alloc_failed 0
thp_split 17422
thp_zero_page_alloc 1
thp_zero_page_alloc_failed 0
thp_promote 0
thp_fault_alloc 8302
thp_fault_fallback 18434
thp_collapse_alloc 18459
thp_collapse_alloc_failed 0
thp_split 17422
thp_zero_page_alloc 1
thp_zero_page_alloc_failed 0
thp_promote 0
thp_fault_alloc 8314
thp_fault_fallback 18434
thp_collapse_alloc 18459
thp_collapse_alloc_failed 0
thp_split 17422
thp_zero_page_alloc 1
thp_zero_page_alloc_failed 0
thp_promote 0
thp_fault_alloc 8325
thp_fault_fallback 18434
thp_collapse_alloc 18459
thp_collapse_alloc_failed 0
thp_split 17422
thp_zero_page_alloc 1
thp_zero_page_alloc_failed 0
thp_promote 0
thp_fault_alloc 8347
thp_fault_fallback 18434
thp_collapse_alloc 18459
thp_collapse_alloc_failed 0
thp_split 17422
thp_zero_page_alloc 1
thp_zero_page_alloc_failed 0
thp_promote 0
thp_fault_alloc 8359
thp_fault_fallback 18434
thp_collapse_alloc 18459
thp_collapse_alloc_failed 0
thp_split 17422
thp_zero_page_alloc 1
thp_zero_page_alloc_failed 0
thp_promote 0
thp_fault_alloc 8375
thp_fault_fallback 18434
thp_collapse_alloc 18459
thp_collapse_alloc_failed 0
thp_split 17422
thp_zero_page_alloc 1
thp_zero_page_alloc_failed 0
thp_promote 0
thp_fault_alloc 8388
thp_fault_fallback 18434
thp_collapse_alloc 18459
thp_collapse_alloc_failed 0
thp_split 17422
thp_zero_page_alloc 1
thp_zero_page_alloc_failed 0
thp_promote 0
thp_fault_alloc 8400
thp_fault_fallback 18434
thp_collapse_alloc 18459
thp_collapse_alloc_failed 0
thp_split 17422
thp_zero_page_alloc 1
thp_zero_page_alloc_failed 0
thp_promote 0
thp_fault_alloc 8411
thp_fault_fallback 18434
thp_collapse_alloc 18459
thp_collapse_alloc_failed 0
thp_split 17422
thp_zero_page_alloc 1
thp_zero_page_alloc_failed 0
thp_promote 0
thp_fault_alloc 8426
thp_fault_fallback 18434
thp_collapse_alloc 18459
thp_collapse_alloc_failed 0
thp_split 17422
thp_zero_page_alloc 1
thp_zero_page_alloc_failed 0
thp_promote 0
thp_fault_alloc 8449
thp_fault_fallback 18434
thp_collapse_alloc 18459
thp_collapse_alloc_failed 0
thp_split 17422
thp_zero_page_alloc 1
thp_zero_page_alloc_failed 0
thp_promote 0
thp_fault_alloc 8464
thp_fault_fallback 18434
thp_collapse_alloc 18459
thp_collapse_alloc_failed 0
thp_split 17422
thp_zero_page_alloc 1
thp_zero_page_alloc_failed 0
thp_promote 0
thp_fault_alloc 8478
thp_fault_fallback 18434
thp_collapse_alloc 18459
thp_collapse_alloc_failed 0
thp_split 17422
thp_zero_page_alloc 1
thp_zero_page_alloc_failed 0
thp_promote 0
thp_fault_alloc 8492
thp_fault_fallback 18434
thp_collapse_alloc 18459
thp_collapse_alloc_failed 0
thp_split 17422
thp_zero_page_alloc 1
thp_zero_page_alloc_failed 0
thp_promote 0
thp_fault_alloc 8504
thp_fault_fallback 18434
thp_collapse_alloc 18459
thp_collapse_alloc_failed 0
thp_split 17422
thp_zero_page_alloc 1
thp_zero_page_alloc_failed 0
thp_promote 0
thp_fault_alloc 8519
thp_fault_fallback 18434
thp_collapse_alloc 18459
thp_collapse_alloc_failed 0
thp_split 17422
thp_zero_page_alloc 1
thp_zero_page_alloc_failed 0
thp_promote 0
thp_fault_alloc 8530
thp_fault_fallback 18434
thp_collapse_alloc 18459
thp_collapse_alloc_failed 0
thp_split 17422
thp_zero_page_alloc 1
thp_zero_page_alloc_failed 0
thp_promote 0
thp_fault_alloc 8542
thp_fault_fallback 18434
thp_collapse_alloc 18814
thp_collapse_alloc_failed 0
thp_split 17422
thp_zero_page_alloc 1
thp_zero_page_alloc_failed 0
thp_promote 0
thp_fault_alloc 8564
thp_fault_fallback 18434
thp_collapse_alloc 20358
thp_collapse_alloc_failed 0
thp_split 17422
thp_zero_page_alloc 1
thp_zero_page_alloc_failed 0
thp_promote 0
thp_fault_alloc 8573
thp_fault_fallback 18434
thp_collapse_alloc 21742
thp_collapse_alloc_failed 0
thp_split 17422
thp_zero_page_alloc 1
thp_zero_page_alloc_failed 0
thp_promote 0
thp_fault_alloc 8585
thp_fault_fallback 18434
thp_collapse_alloc 21742
thp_collapse_alloc_failed 0
thp_split 17422
thp_zero_page_alloc 1
thp_zero_page_alloc_failed 0
thp_promote 0
thp_fault_alloc 8599
thp_fault_fallback 18434
thp_collapse_alloc 21742
thp_collapse_alloc_failed 0
thp_split 17422
thp_zero_page_alloc 1
thp_zero_page_alloc_failed 0
thp_promote 0
thp_fault_alloc 8612
thp_fault_fallback 18434
thp_collapse_alloc 21742
thp_collapse_alloc_failed 0
thp_split 17422
thp_zero_page_alloc 1
thp_zero_page_alloc_failed 0
thp_promote 0
thp_fault_alloc 8624
thp_fault_fallback 18434
thp_collapse_alloc 21742
thp_collapse_alloc_failed 0
thp_split 17422
thp_zero_page_alloc 1
thp_zero_page_alloc_failed 0
thp_promote 0
thp_fault_alloc 8637
thp_fault_fallback 18434
thp_collapse_alloc 21742
thp_collapse_alloc_failed 0
thp_split 17422
thp_zero_page_alloc 1
thp_zero_page_alloc_failed 0
thp_promote 0
thp_fault_alloc 8651
thp_fault_fallback 18434
thp_collapse_alloc 21742
thp_collapse_alloc_failed 0
thp_split 17422
thp_zero_page_alloc 1
thp_zero_page_alloc_failed 0
thp_promote 0
thp_fault_alloc 8666
thp_fault_fallback 18434
thp_collapse_alloc 21742
thp_collapse_alloc_failed 0
thp_split 17422
thp_zero_page_alloc 1
thp_zero_page_alloc_failed 0
thp_promote 0
thp_fault_alloc 8685
thp_fault_fallback 18434
thp_collapse_alloc 21742
thp_collapse_alloc_failed 0
thp_split 17422
thp_zero_page_alloc 1
thp_zero_page_alloc_failed 0
thp_promote 0
thp_fault_alloc 8699
thp_fault_fallback 18434
thp_collapse_alloc 21742
thp_collapse_alloc_failed 0
thp_split 17422
thp_zero_page_alloc 1
thp_zero_page_alloc_failed 0
thp_promote 0
thp_fault_alloc 8710
thp_fault_fallback 18434
thp_collapse_alloc 23252
thp_collapse_alloc_failed 0
thp_split 17422
thp_zero_page_alloc 1
thp_zero_page_alloc_failed 0
thp_promote 0
thp_fault_alloc 8723
thp_fault_fallback 18434
thp_collapse_alloc 23859
thp_collapse_alloc_failed 0
thp_split 17422
thp_zero_page_alloc 1
thp_zero_page_alloc_failed 0
thp_promote 0
thp_fault_alloc 8736
thp_fault_fallback 18434
thp_collapse_alloc 23859
thp_collapse_alloc_failed 0
thp_split 17422
thp_zero_page_alloc 1
thp_zero_page_alloc_failed 0
thp_promote 0
thp_fault_alloc 8746
thp_fault_fallback 18434
thp_collapse_alloc 23859
thp_collapse_alloc_failed 0
thp_split 17422
thp_zero_page_alloc 1
thp_zero_page_alloc_failed 0
thp_promote 0
thp_fault_alloc 8757
thp_fault_fallback 18434
thp_collapse_alloc 23859
thp_collapse_alloc_failed 0
thp_split 17422
thp_zero_page_alloc 1
thp_zero_page_alloc_failed 0
thp_promote 0
thp_fault_alloc 8769
thp_fault_fallback 18434
thp_collapse_alloc 23859
thp_collapse_alloc_failed 0
thp_split 17422
thp_zero_page_alloc 1
thp_zero_page_alloc_failed 0
thp_promote 0
thp_fault_alloc 8782
thp_fault_fallback 18434
thp_collapse_alloc 23859
thp_collapse_alloc_failed 0
thp_split 17422
thp_zero_page_alloc 1
thp_zero_page_alloc_failed 0
thp_promote 0
thp_fault_alloc 8796
thp_fault_fallback 18434
thp_collapse_alloc 23859
thp_collapse_alloc_failed 0
thp_split 17422
thp_zero_page_alloc 1
thp_zero_page_alloc_failed 0
thp_promote 0
thp_fault_alloc 8808
thp_fault_fallback 18434
thp_collapse_alloc 23859
thp_collapse_alloc_failed 0
thp_split 17422
thp_zero_page_alloc 1
thp_zero_page_alloc_failed 0
thp_promote 0
thp_fault_alloc 8837
thp_fault_fallback 18434
thp_collapse_alloc 23859
thp_collapse_alloc_failed 0
thp_split 17422
thp_zero_page_alloc 1
thp_zero_page_alloc_failed 0
thp_promote 0
thp_fault_alloc 8862
thp_fault_fallback 18434
thp_collapse_alloc 23939
thp_collapse_alloc_failed 0
thp_split 17422
thp_zero_page_alloc 1
thp_zero_page_alloc_failed 0
thp_promote 0
thp_fault_alloc 8876
thp_fault_fallback 18434
thp_collapse_alloc 23939
thp_collapse_alloc_failed 0
thp_split 17422
thp_zero_page_alloc 1
thp_zero_page_alloc_failed 0
thp_promote 0
thp_fault_alloc 8890
thp_fault_fallback 18434
thp_collapse_alloc 23939
thp_collapse_alloc_failed 0
thp_split 17422
thp_zero_page_alloc 1
thp_zero_page_alloc_failed 0
thp_promote 0
thp_fault_alloc 8903
thp_fault_fallback 18434
thp_collapse_alloc 23939
thp_collapse_alloc_failed 0
thp_split 17422
thp_zero_page_alloc 1
thp_zero_page_alloc_failed 0
thp_promote 0
thp_fault_alloc 8914
thp_fault_fallback 18434
thp_collapse_alloc 23939
thp_collapse_alloc_failed 0
thp_split 17422
thp_zero_page_alloc 1
thp_zero_page_alloc_failed 0
thp_promote 0
thp_fault_alloc 8929
thp_fault_fallback 18434
thp_collapse_alloc 23939
thp_collapse_alloc_failed 0
thp_split 17422
thp_zero_page_alloc 1
thp_zero_page_alloc_failed 0
thp_promote 0
thp_fault_alloc 8941
thp_fault_fallback 18434
thp_collapse_alloc 23939
thp_collapse_alloc_failed 0
thp_split 17422
thp_zero_page_alloc 1
thp_zero_page_alloc_failed 0
thp_promote 0
thp_fault_alloc 8954
thp_fault_fallback 18434
thp_collapse_alloc 23939
thp_collapse_alloc_failed 0
thp_split 17422
thp_zero_page_alloc 1
thp_zero_page_alloc_failed 0
thp_promote 0
thp_fault_alloc 8976
thp_fault_fallback 18434
thp_collapse_alloc 23939
thp_collapse_alloc_failed 0
thp_split 17422
thp_zero_page_alloc 1
thp_zero_page_alloc_failed 0
thp_promote 0
thp_fault_alloc 8990
thp_fault_fallback 18434
thp_collapse_alloc 23941
thp_collapse_alloc_failed 0
thp_split 17422
thp_zero_page_alloc 1
thp_zero_page_alloc_failed 0
thp_promote 0
thp_fault_alloc 9004
thp_fault_fallback 18434
thp_collapse_alloc 23941
thp_collapse_alloc_failed 0
thp_split 17422
thp_zero_page_alloc 1
thp_zero_page_alloc_failed 0
thp_promote 0
thp_fault_alloc 9018
thp_fault_fallback 18434
thp_collapse_alloc 23941
thp_collapse_alloc_failed 0
thp_split 17422
thp_zero_page_alloc 1
thp_zero_page_alloc_failed 0
thp_promote 0
thp_fault_alloc 9031
thp_fault_fallback 18434
thp_collapse_alloc 23941
thp_collapse_alloc_failed 0
thp_split 17422
thp_zero_page_alloc 1
thp_zero_page_alloc_failed 0
thp_promote 0
thp_fault_alloc 9042
thp_fault_fallback 18434
thp_collapse_alloc 23941
thp_collapse_alloc_failed 0
thp_split 17422
thp_zero_page_alloc 1
thp_zero_page_alloc_failed 0
thp_promote 0
thp_fault_alloc 9054
thp_fault_fallback 18434
thp_collapse_alloc 23941
thp_collapse_alloc_failed 0
thp_split 17422
thp_zero_page_alloc 1
thp_zero_page_alloc_failed 0
thp_promote 0
thp_fault_alloc 9066
thp_fault_fallback 18434
thp_collapse_alloc 23941
thp_collapse_alloc_failed 0
thp_split 17422
thp_zero_page_alloc 1
thp_zero_page_alloc_failed 0
thp_promote 0
thp_fault_alloc 9079
thp_fault_fallback 18434
thp_collapse_alloc 23941
thp_collapse_alloc_failed 0
thp_split 17422
thp_zero_page_alloc 1
thp_zero_page_alloc_failed 0
thp_promote 0
thp_fault_alloc 9099
thp_fault_fallback 18434
thp_collapse_alloc 23941
thp_collapse_alloc_failed 0
thp_split 17422
thp_zero_page_alloc 1
thp_zero_page_alloc_failed 0
thp_promote 0
thp_fault_alloc 9111
thp_fault_fallback 18434
thp_collapse_alloc 23941
thp_collapse_alloc_failed 0
thp_split 17422
thp_zero_page_alloc 1
thp_zero_page_alloc_failed 0
thp_promote 0
thp_fault_alloc 9123
thp_fault_fallback 18434
thp_collapse_alloc 23941
thp_collapse_alloc_failed 0
thp_split 17422
thp_zero_page_alloc 1
thp_zero_page_alloc_failed 0
thp_promote 0
thp_fault_alloc 9135
thp_fault_fallback 18434
thp_collapse_alloc 23941
thp_collapse_alloc_failed 0
thp_split 17422
thp_zero_page_alloc 1
thp_zero_page_alloc_failed 0
thp_promote 0
thp_fault_alloc 9149
thp_fault_fallback 18434
thp_collapse_alloc 23941
thp_collapse_alloc_failed 0
thp_split 17422
thp_zero_page_alloc 1
thp_zero_page_alloc_failed 0
thp_promote 0
thp_fault_alloc 9159
thp_fault_fallback 18434
thp_collapse_alloc 23941
thp_collapse_alloc_failed 0
thp_split 17422
thp_zero_page_alloc 1
thp_zero_page_alloc_failed 0
thp_promote 0
thp_fault_alloc 9171
thp_fault_fallback 18434
thp_collapse_alloc 23941
thp_collapse_alloc_failed 0
thp_split 17422
thp_zero_page_alloc 1
thp_zero_page_alloc_failed 0
thp_promote 0
thp_fault_alloc 9183
thp_fault_fallback 18434
thp_collapse_alloc 23941
thp_collapse_alloc_failed 0
thp_split 17422
thp_zero_page_alloc 1
thp_zero_page_alloc_failed 0
thp_promote 0
thp_fault_alloc 9196
thp_fault_fallback 18434
thp_collapse_alloc 23941
thp_collapse_alloc_failed 0
thp_split 17422
thp_zero_page_alloc 1
thp_zero_page_alloc_failed 0
thp_promote 0
thp_fault_alloc 9211
thp_fault_fallback 18434
thp_collapse_alloc 23941
thp_collapse_alloc_failed 0
thp_split 17422
thp_zero_page_alloc 1
thp_zero_page_alloc_failed 0
thp_promote 0
thp_fault_alloc 9221
thp_fault_fallback 18434
thp_collapse_alloc 23941
thp_collapse_alloc_failed 0
thp_split 17422
thp_zero_page_alloc 1
thp_zero_page_alloc_failed 0
thp_promote 0
thp_fault_alloc 9235
thp_fault_fallback 18434
thp_collapse_alloc 23941
thp_collapse_alloc_failed 0
thp_split 17422
thp_zero_page_alloc 1
thp_zero_page_alloc_failed 0
thp_promote 0
thp_fault_alloc 9246
thp_fault_fallback 18434
thp_collapse_alloc 23941
thp_collapse_alloc_failed 0
thp_split 17422
thp_zero_page_alloc 1
thp_zero_page_alloc_failed 0
thp_promote 0
thp_fault_alloc 9270
thp_fault_fallback 18434
thp_collapse_alloc 23941
thp_collapse_alloc_failed 0
thp_split 17422
thp_zero_page_alloc 1
thp_zero_page_alloc_failed 0
thp_promote 0
thp_fault_alloc 9284
thp_fault_fallback 18434
thp_collapse_alloc 23941
thp_collapse_alloc_failed 0
thp_split 17422
thp_zero_page_alloc 1
thp_zero_page_alloc_failed 0
thp_promote 0
thp_fault_alloc 9295
thp_fault_fallback 18434
thp_collapse_alloc 23941
thp_collapse_alloc_failed 0
thp_split 17422
thp_zero_page_alloc 1
thp_zero_page_alloc_failed 0
thp_promote 0
thp_fault_alloc 9306
thp_fault_fallback 18434
thp_collapse_alloc 23941
thp_collapse_alloc_failed 0
thp_split 17422
thp_zero_page_alloc 1
thp_zero_page_alloc_failed 0
thp_promote 0
thp_fault_alloc 9318
thp_fault_fallback 18434
thp_collapse_alloc 23941
thp_collapse_alloc_failed 0
thp_split 17422
thp_zero_page_alloc 1
thp_zero_page_alloc_failed 0
thp_promote 0
thp_fault_alloc 9329
thp_fault_fallback 18434
thp_collapse_alloc 23941
thp_collapse_alloc_failed 0
thp_split 17422
thp_zero_page_alloc 1
thp_zero_page_alloc_failed 0
thp_promote 0
thp_fault_alloc 9344
thp_fault_fallback 18434
thp_collapse_alloc 23958
thp_collapse_alloc_failed 0
thp_split 17422
thp_zero_page_alloc 1
thp_zero_page_alloc_failed 0
thp_promote 0
thp_fault_alloc 9355
thp_fault_fallback 18434
thp_collapse_alloc 25459
thp_collapse_alloc_failed 0
thp_split 17422
thp_zero_page_alloc 1
thp_zero_page_alloc_failed 0
thp_promote 0
thp_fault_alloc 9366
thp_fault_fallback 18434
thp_collapse_alloc 26971
thp_collapse_alloc_failed 0
thp_split 17422
thp_zero_page_alloc 1
thp_zero_page_alloc_failed 0
thp_promote 0
thp_fault_alloc 9379
thp_fault_fallback 18434
thp_collapse_alloc 27193
thp_collapse_alloc_failed 0
thp_split 17422
thp_zero_page_alloc 1
thp_zero_page_alloc_failed 0
thp_promote 0
thp_fault_alloc 9389
thp_fault_fallback 18434
thp_collapse_alloc 27193
thp_collapse_alloc_failed 0
thp_split 17422
thp_zero_page_alloc 1
thp_zero_page_alloc_failed 0
thp_promote 0
thp_fault_alloc 9403
thp_fault_fallback 18434
thp_collapse_alloc 27193
thp_collapse_alloc_failed 0
thp_split 17422
thp_zero_page_alloc 1
thp_zero_page_alloc_failed 0
thp_promote 0
thp_fault_alloc 9416
thp_fault_fallback 18434
thp_collapse_alloc 27193
thp_collapse_alloc_failed 0
thp_split 17422
thp_zero_page_alloc 1
thp_zero_page_alloc_failed 0
thp_promote 0
thp_fault_alloc 9429
thp_fault_fallback 18434
thp_collapse_alloc 27193
thp_collapse_alloc_failed 0
thp_split 17422
thp_zero_page_alloc 1
thp_zero_page_alloc_failed 0
thp_promote 0
thp_fault_alloc 9441
thp_fault_fallback 18434
thp_collapse_alloc 27193
thp_collapse_alloc_failed 0
thp_split 17422
thp_zero_page_alloc 1
thp_zero_page_alloc_failed 0
thp_promote 0
thp_fault_alloc 9454
thp_fault_fallback 18434
thp_collapse_alloc 27193
thp_collapse_alloc_failed 0
thp_split 17422
thp_zero_page_alloc 1
thp_zero_page_alloc_failed 0
thp_promote 0
thp_fault_alloc 9466
thp_fault_fallback 18434
thp_collapse_alloc 27193
thp_collapse_alloc_failed 0
thp_split 17422
thp_zero_page_alloc 1
thp_zero_page_alloc_failed 0
thp_promote 0
thp_fault_alloc 9479
thp_fault_fallback 18434
thp_collapse_alloc 27193
thp_collapse_alloc_failed 0
thp_split 17422
thp_zero_page_alloc 1
thp_zero_page_alloc_failed 0
thp_promote 0
thp_fault_alloc 9500
thp_fault_fallback 18434
thp_collapse_alloc 27193
thp_collapse_alloc_failed 0
thp_split 17422
thp_zero_page_alloc 1
thp_zero_page_alloc_failed 0
thp_promote 0
thp_fault_alloc 9513
thp_fault_fallback 18434
thp_collapse_alloc 27193
thp_collapse_alloc_failed 0
thp_split 17422
thp_zero_page_alloc 1
thp_zero_page_alloc_failed 0
thp_promote 0
thp_fault_alloc 9526
thp_fault_fallback 18434
thp_collapse_alloc 27193
thp_collapse_alloc_failed 0
thp_split 17422
thp_zero_page_alloc 1
thp_zero_page_alloc_failed 0
thp_promote 0
thp_fault_alloc 9539
thp_fault_fallback 18434
thp_collapse_alloc 27193
thp_collapse_alloc_failed 0
thp_split 17422
thp_zero_page_alloc 1
thp_zero_page_alloc_failed 0
thp_promote 0
thp_fault_alloc 9552
thp_fault_fallback 18434
thp_collapse_alloc 27193
thp_collapse_alloc_failed 0
thp_split 17422
thp_zero_page_alloc 1
thp_zero_page_alloc_failed 0
thp_promote 0
thp_fault_alloc 9566
thp_fault_fallback 18434
thp_collapse_alloc 27193
thp_collapse_alloc_failed 0
thp_split 17422
thp_zero_page_alloc 1
thp_zero_page_alloc_failed 0
thp_promote 0
thp_fault_alloc 9577
thp_fault_fallback 18434
thp_collapse_alloc 27193
thp_collapse_alloc_failed 0
thp_split 17422
thp_zero_page_alloc 1
thp_zero_page_alloc_failed 0
thp_promote 0
thp_fault_alloc 9591
thp_fault_fallback 18434
thp_collapse_alloc 27193
thp_collapse_alloc_failed 0
thp_split 17422
thp_zero_page_alloc 1
thp_zero_page_alloc_failed 0
thp_promote 0
thp_fault_alloc 9604
thp_fault_fallback 18434
thp_collapse_alloc 27193
thp_collapse_alloc_failed 0
thp_split 17422
thp_zero_page_alloc 1
thp_zero_page_alloc_failed 0
thp_promote 0
thp_fault_alloc 9616
thp_fault_fallback 18434
thp_collapse_alloc 27193
thp_collapse_alloc_failed 0
thp_split 17422
thp_zero_page_alloc 1
thp_zero_page_alloc_failed 0
thp_promote 0
thp_fault_alloc 9629
thp_fault_fallback 18434
thp_collapse_alloc 27193
thp_collapse_alloc_failed 0
thp_split 17422
thp_zero_page_alloc 1
thp_zero_page_alloc_failed 0
thp_promote 0
thp_fault_alloc 9643
thp_fault_fallback 18434
thp_collapse_alloc 27193
thp_collapse_alloc_failed 0
thp_split 17422
thp_zero_page_alloc 1
thp_zero_page_alloc_failed 0
thp_promote 0
thp_fault_alloc 9655
thp_fault_fallback 18434
thp_collapse_alloc 27193
thp_collapse_alloc_failed 0
thp_split 17422
thp_zero_page_alloc 1
thp_zero_page_alloc_failed 0
thp_promote 0
thp_fault_alloc 9668
thp_fault_fallback 18434
thp_collapse_alloc 27193
thp_collapse_alloc_failed 0
thp_split 17422
thp_zero_page_alloc 1
thp_zero_page_alloc_failed 0
thp_promote 0
thp_fault_alloc 9681
thp_fault_fallback 18434
thp_collapse_alloc 27193
thp_collapse_alloc_failed 0
thp_split 17422
thp_zero_page_alloc 1
thp_zero_page_alloc_failed 0
thp_promote 0
thp_fault_alloc 9694
thp_fault_fallback 18434
thp_collapse_alloc 27193
thp_collapse_alloc_failed 0
thp_split 17422
thp_zero_page_alloc 1
thp_zero_page_alloc_failed 0
thp_promote 0
thp_fault_alloc 9708
thp_fault_fallback 18434
thp_collapse_alloc 27193
thp_collapse_alloc_failed 0
thp_split 17422
thp_zero_page_alloc 1
thp_zero_page_alloc_failed 0
thp_promote 0
thp_fault_alloc 9722
thp_fault_fallback 18434
thp_collapse_alloc 27193
thp_collapse_alloc_failed 0
thp_split 17422
thp_zero_page_alloc 1
thp_zero_page_alloc_failed 0
thp_promote 0
thp_fault_alloc 9734
thp_fault_fallback 18434
thp_collapse_alloc 27193
thp_collapse_alloc_failed 0
thp_split 17422
thp_zero_page_alloc 1
thp_zero_page_alloc_failed 0
thp_promote 0
thp_fault_alloc 9749
thp_fault_fallback 18434
thp_collapse_alloc 27193
thp_collapse_alloc_failed 0
thp_split 17422
thp_zero_page_alloc 1
thp_zero_page_alloc_failed 0
thp_promote 0
thp_fault_alloc 9761
thp_fault_fallback 18434
thp_collapse_alloc 27193
thp_collapse_alloc_failed 0
thp_split 17422
thp_zero_page_alloc 1
thp_zero_page_alloc_failed 0
thp_promote 0
thp_fault_alloc 9771
thp_fault_fallback 18434
thp_collapse_alloc 27193
thp_collapse_alloc_failed 0
thp_split 17422
thp_zero_page_alloc 1
thp_zero_page_alloc_failed 0
thp_promote 0
thp_fault_alloc 9781
thp_fault_fallback 18434
thp_collapse_alloc 27193
thp_collapse_alloc_failed 0
thp_split 17422
thp_zero_page_alloc 1
thp_zero_page_alloc_failed 0
thp_promote 0
thp_fault_alloc 9792
thp_fault_fallback 18434
thp_collapse_alloc 27193
thp_collapse_alloc_failed 0
thp_split 17422
thp_zero_page_alloc 1
thp_zero_page_alloc_failed 0
thp_promote 0
thp_fault_alloc 9802
thp_fault_fallback 18434
thp_collapse_alloc 27193
thp_collapse_alloc_failed 0
thp_split 17422
thp_zero_page_alloc 1
thp_zero_page_alloc_failed 0
thp_promote 0
thp_fault_alloc 9812
thp_fault_fallback 18434
thp_collapse_alloc 27193
thp_collapse_alloc_failed 0
thp_split 17422
thp_zero_page_alloc 1
thp_zero_page_alloc_failed 0
thp_promote 0
thp_fault_alloc 9821
thp_fault_fallback 18434
thp_collapse_alloc 27193
thp_collapse_alloc_failed 0
thp_split 17422
thp_zero_page_alloc 1
thp_zero_page_alloc_failed 0
thp_promote 0
thp_fault_alloc 9831
thp_fault_fallback 18434
thp_collapse_alloc 27193
thp_collapse_alloc_failed 0
thp_split 17422
thp_zero_page_alloc 1
thp_zero_page_alloc_failed 0
thp_promote 0
thp_fault_alloc 9839
thp_fault_fallback 18434
thp_collapse_alloc 27193
thp_collapse_alloc_failed 0
thp_split 17422
thp_zero_page_alloc 1
thp_zero_page_alloc_failed 0
thp_promote 0
thp_fault_alloc 9849
thp_fault_fallback 18434
thp_collapse_alloc 27193
thp_collapse_alloc_failed 0
thp_split 17422
thp_zero_page_alloc 1
thp_zero_page_alloc_failed 0
thp_promote 0
thp_fault_alloc 9859
thp_fault_fallback 18434
thp_collapse_alloc 27193
thp_collapse_alloc_failed 0
thp_split 17422
thp_zero_page_alloc 1
thp_zero_page_alloc_failed 0
thp_promote 0
thp_fault_alloc 9870
thp_fault_fallback 18434
thp_collapse_alloc 27193
thp_collapse_alloc_failed 0
thp_split 17422
thp_zero_page_alloc 1
thp_zero_page_alloc_failed 0
thp_promote 0
thp_fault_alloc 9879
thp_fault_fallback 18434
thp_collapse_alloc 27193
thp_collapse_alloc_failed 0
thp_split 17422
thp_zero_page_alloc 1
thp_zero_page_alloc_failed 0
thp_promote 0
thp_fault_alloc 9888
thp_fault_fallback 18434
thp_collapse_alloc 27193
thp_collapse_alloc_failed 0
thp_split 17422
thp_zero_page_alloc 1
thp_zero_page_alloc_failed 0
thp_promote 0
thp_fault_alloc 9899
thp_fault_fallback 18434
thp_collapse_alloc 27193
thp_collapse_alloc_failed 0
thp_split 17422
thp_zero_page_alloc 1
thp_zero_page_alloc_failed 0
thp_promote 0
thp_fault_alloc 9908
thp_fault_fallback 18434
thp_collapse_alloc 27193
thp_collapse_alloc_failed 0
thp_split 17422
thp_zero_page_alloc 1
thp_zero_page_alloc_failed 0
thp_promote 0
thp_fault_alloc 9917
thp_fault_fallback 18434
thp_collapse_alloc 27193
thp_collapse_alloc_failed 0
thp_split 17422
thp_zero_page_alloc 1
thp_zero_page_alloc_failed 0
thp_promote 0
thp_fault_alloc 9926
thp_fault_fallback 18434
thp_collapse_alloc 27193
thp_collapse_alloc_failed 0
thp_split 17422
thp_zero_page_alloc 1
thp_zero_page_alloc_failed 0
thp_promote 0
thp_fault_alloc 9934
thp_fault_fallback 18434
thp_collapse_alloc 27193
thp_collapse_alloc_failed 0
thp_split 17422
thp_zero_page_alloc 1
thp_zero_page_alloc_failed 0
thp_promote 0
thp_fault_alloc 9943
thp_fault_fallback 18434
thp_collapse_alloc 27193
thp_collapse_alloc_failed 0
thp_split 17422
thp_zero_page_alloc 1
thp_zero_page_alloc_failed 0
thp_promote 0
thp_fault_alloc 9953
thp_fault_fallback 18434
thp_collapse_alloc 27193
thp_collapse_alloc_failed 0
thp_split 17422
thp_zero_page_alloc 1
thp_zero_page_alloc_failed 0
thp_promote 0
thp_fault_alloc 9963
thp_fault_fallback 18434
thp_collapse_alloc 27193
thp_collapse_alloc_failed 0
thp_split 17422
thp_zero_page_alloc 1
thp_zero_page_alloc_failed 0
thp_promote 0
thp_fault_alloc 9972
thp_fault_fallback 18434
thp_collapse_alloc 27193
thp_collapse_alloc_failed 0
thp_split 17422
thp_zero_page_alloc 1
thp_zero_page_alloc_failed 0
thp_promote 0
thp_fault_alloc 9981
thp_fault_fallback 18434
thp_collapse_alloc 27193
thp_collapse_alloc_failed 0
thp_split 17422
thp_zero_page_alloc 1
thp_zero_page_alloc_failed 0
thp_promote 0
thp_fault_alloc 9990
thp_fault_fallback 18434
thp_collapse_alloc 27193
thp_collapse_alloc_failed 0
thp_split 17422
thp_zero_page_alloc 1
thp_zero_page_alloc_failed 0
thp_promote 0
thp_fault_alloc 10000
thp_fault_fallback 18442
thp_collapse_alloc 27193
thp_collapse_alloc_failed 0
thp_split 17430
thp_zero_page_alloc 1
thp_zero_page_alloc_failed 0
thp_promote 0
thp_fault_alloc 10009
thp_fault_fallback 18442
thp_collapse_alloc 27193
thp_collapse_alloc_failed 0
thp_split 17430
thp_zero_page_alloc 1
thp_zero_page_alloc_failed 0
thp_promote 0
thp_fault_alloc 10020
thp_fault_fallback 18442
thp_collapse_alloc 27193
thp_collapse_alloc_failed 0
thp_split 17430
thp_zero_page_alloc 1
thp_zero_page_alloc_failed 0
thp_promote 0
thp_fault_alloc 10031
thp_fault_fallback 18442
thp_collapse_alloc 27193
thp_collapse_alloc_failed 0
thp_split 17430
thp_zero_page_alloc 1
thp_zero_page_alloc_failed 0
thp_promote 0
thp_fault_alloc 10040
thp_fault_fallback 18442
thp_collapse_alloc 27193
thp_collapse_alloc_failed 0
thp_split 17430
thp_zero_page_alloc 1
thp_zero_page_alloc_failed 0
thp_promote 0
thp_fault_alloc 10049
thp_fault_fallback 18442
thp_collapse_alloc 27193
thp_collapse_alloc_failed 0
thp_split 17430
thp_zero_page_alloc 1
thp_zero_page_alloc_failed 0
thp_promote 0
thp_fault_alloc 10059
thp_fault_fallback 18442
thp_collapse_alloc 27193
thp_collapse_alloc_failed 0
thp_split 17430
thp_zero_page_alloc 1
thp_zero_page_alloc_failed 0
thp_promote 0
thp_fault_alloc 10070
thp_fault_fallback 18442
thp_collapse_alloc 27193
thp_collapse_alloc_failed 0
thp_split 17430
thp_zero_page_alloc 1
thp_zero_page_alloc_failed 0
thp_promote 0
thp_fault_alloc 10080
thp_fault_fallback 18442
thp_collapse_alloc 27193
thp_collapse_alloc_failed 0
thp_split 17430
thp_zero_page_alloc 1
thp_zero_page_alloc_failed 0
thp_promote 0
thp_fault_alloc 10088
thp_fault_fallback 18442
thp_collapse_alloc 27193
thp_collapse_alloc_failed 0
thp_split 17430
thp_zero_page_alloc 1
thp_zero_page_alloc_failed 0
thp_promote 0
thp_fault_alloc 10098
thp_fault_fallback 18442
thp_collapse_alloc 27193
thp_collapse_alloc_failed 0
thp_split 17430
thp_zero_page_alloc 1
thp_zero_page_alloc_failed 0
thp_promote 0
thp_fault_alloc 10136
thp_fault_fallback 18442
thp_collapse_alloc 27193
thp_collapse_alloc_failed 0
thp_split 17430
thp_zero_page_alloc 1
thp_zero_page_alloc_failed 0
thp_promote 0
thp_fault_alloc 10174
thp_fault_fallback 18442
thp_collapse_alloc 27193
thp_collapse_alloc_failed 0
thp_split 17430
thp_zero_page_alloc 1
thp_zero_page_alloc_failed 0
thp_promote 0
thp_fault_alloc 10182
thp_fault_fallback 18442
thp_collapse_alloc 27193
thp_collapse_alloc_failed 0
thp_split 17430
thp_zero_page_alloc 1
thp_zero_page_alloc_failed 0
thp_promote 0
thp_fault_alloc 10249
thp_fault_fallback 18444
thp_collapse_alloc 27193
thp_collapse_alloc_failed 0
thp_split 17432
thp_zero_page_alloc 1
thp_zero_page_alloc_failed 0
thp_promote 0
thp_fault_alloc 10260
thp_fault_fallback 18444
thp_collapse_alloc 27193
thp_collapse_alloc_failed 0
thp_split 17432
thp_zero_page_alloc 1
thp_zero_page_alloc_failed 0
thp_promote 0
thp_fault_alloc 10269
thp_fault_fallback 18444
thp_collapse_alloc 27193
thp_collapse_alloc_failed 0
thp_split 17432
thp_zero_page_alloc 1
thp_zero_page_alloc_failed 0
thp_promote 0
thp_fault_alloc 10395
thp_fault_fallback 18444
thp_collapse_alloc 27193
thp_collapse_alloc_failed 0
thp_split 17432
thp_zero_page_alloc 1
thp_zero_page_alloc_failed 0
thp_promote 0
thp_fault_alloc 10405
thp_fault_fallback 18445
thp_collapse_alloc 27193
thp_collapse_alloc_failed 0
thp_split 17433
thp_zero_page_alloc 1
thp_zero_page_alloc_failed 0
thp_promote 0
thp_fault_alloc 10415
thp_fault_fallback 18445
thp_collapse_alloc 27193
thp_collapse_alloc_failed 0
thp_split 17433
thp_zero_page_alloc 1
thp_zero_page_alloc_failed 0
thp_promote 0
thp_fault_alloc 10425
thp_fault_fallback 18445
thp_collapse_alloc 27193
thp_collapse_alloc_failed 0
thp_split 17433
thp_zero_page_alloc 1
thp_zero_page_alloc_failed 0
thp_promote 0
thp_fault_alloc 10433
thp_fault_fallback 18445
thp_collapse_alloc 27193
thp_collapse_alloc_failed 0
thp_split 17433
thp_zero_page_alloc 1
thp_zero_page_alloc_failed 0
thp_promote 0
thp_fault_alloc 10443
thp_fault_fallback 18445
thp_collapse_alloc 27193
thp_collapse_alloc_failed 0
thp_split 17433
thp_zero_page_alloc 1
thp_zero_page_alloc_failed 0
thp_promote 0
thp_fault_alloc 10451
thp_fault_fallback 18445
thp_collapse_alloc 27193
thp_collapse_alloc_failed 0
thp_split 17433
thp_zero_page_alloc 1
thp_zero_page_alloc_failed 0
thp_promote 0
thp_fault_alloc 10689
thp_fault_fallback 18445
thp_collapse_alloc 27193
thp_collapse_alloc_failed 0
thp_split 17433
thp_zero_page_alloc 1
thp_zero_page_alloc_failed 0
thp_promote 0
thp_fault_alloc 10700
thp_fault_fallback 18445
thp_collapse_alloc 27193
thp_collapse_alloc_failed 0
thp_split 17433
thp_zero_page_alloc 1
thp_zero_page_alloc_failed 0
thp_promote 0
thp_fault_alloc 10711
thp_fault_fallback 18445
thp_collapse_alloc 27193
thp_collapse_alloc_failed 0
thp_split 17433
thp_zero_page_alloc 1
thp_zero_page_alloc_failed 0
thp_promote 0
thp_fault_alloc 10733
thp_fault_fallback 18445
thp_collapse_alloc 27193
thp_collapse_alloc_failed 0
thp_split 17433
thp_zero_page_alloc 1
thp_zero_page_alloc_failed 0
thp_promote 0
thp_fault_alloc 10742
thp_fault_fallback 18445
thp_collapse_alloc 27193
thp_collapse_alloc_failed 0
thp_split 17433
thp_zero_page_alloc 1
thp_zero_page_alloc_failed 0
thp_promote 0
thp_fault_alloc 10751
thp_fault_fallback 18445
thp_collapse_alloc 27193
thp_collapse_alloc_failed 0
thp_split 17433
thp_zero_page_alloc 1
thp_zero_page_alloc_failed 0
thp_promote 0
thp_fault_alloc 10759
thp_fault_fallback 18445
thp_collapse_alloc 27193
thp_collapse_alloc_failed 0
thp_split 17433
thp_zero_page_alloc 1
thp_zero_page_alloc_failed 0
thp_promote 0
thp_fault_alloc 10769
thp_fault_fallback 18445
thp_collapse_alloc 27193
thp_collapse_alloc_failed 0
thp_split 17433
thp_zero_page_alloc 1
thp_zero_page_alloc_failed 0
thp_promote 0
thp_fault_alloc 10779
thp_fault_fallback 18445
thp_collapse_alloc 27193
thp_collapse_alloc_failed 0
thp_split 17433
thp_zero_page_alloc 1
thp_zero_page_alloc_failed 0
thp_promote 0
thp_fault_alloc 10789
thp_fault_fallback 18445
thp_collapse_alloc 27193
thp_collapse_alloc_failed 0
thp_split 17433
thp_zero_page_alloc 1
thp_zero_page_alloc_failed 0
thp_promote 0
thp_fault_alloc 10799
thp_fault_fallback 18445
thp_collapse_alloc 27193
thp_collapse_alloc_failed 0
thp_split 17433
thp_zero_page_alloc 1
thp_zero_page_alloc_failed 0
thp_promote 0
thp_fault_alloc 10808
thp_fault_fallback 18445
thp_collapse_alloc 27193
thp_collapse_alloc_failed 0
thp_split 17433
thp_zero_page_alloc 1
thp_zero_page_alloc_failed 0
thp_promote 0
thp_fault_alloc 10818
thp_fault_fallback 18445
thp_collapse_alloc 27193
thp_collapse_alloc_failed 0
thp_split 17433
thp_zero_page_alloc 1
thp_zero_page_alloc_failed 0
thp_promote 0
thp_fault_alloc 10828
thp_fault_fallback 18445
thp_collapse_alloc 27193
thp_collapse_alloc_failed 0
thp_split 17433
thp_zero_page_alloc 1
thp_zero_page_alloc_failed 0
thp_promote 0
thp_fault_alloc 11295
thp_fault_fallback 18445
thp_collapse_alloc 27193
thp_collapse_alloc_failed 0
thp_split 17433
thp_zero_page_alloc 1
thp_zero_page_alloc_failed 0
thp_promote 0
thp_fault_alloc 11306
thp_fault_fallback 18445
thp_collapse_alloc 27193
thp_collapse_alloc_failed 0
thp_split 17433
thp_zero_page_alloc 1
thp_zero_page_alloc_failed 0
thp_promote 0
