13
13
13
13
13
13
13
13
13
13
76
76
76
76
76
76
76
76
76
76
140
140
140
140
140
140
140
140
140
140
224
268
268
268
268
268
268
268
268
268
268
268
268
268
268
268
268
268
268
268
354
448
514
514
514
514
514
514
514
514
514
514
558
629
696
765
831
896
963
1027
1092
1161
1229
1295
1361
1430
1498
1563
1622
1622
1622
1622
1622
1622
1622
1622
1622
1668
1668
1668
1668
1668
1668
1668
1668
1668
1668
1668
1668
1668
1668
1668
1668
1668
1668
1668
1668
1668
1669
1669
1669
1669
1669
1669
1669
1669
1669
1669
1669
1669
1669
1669
1669
1669
1669
1669
1669
1669
1754
1876
1978
2048
2114
2170
2170
2170
2170
2170
2170
2170
2170
2170
2170
2182
2182
2182
2182
2182
2182
2182
2182
2182
2209
2276
2344
2413
2481
2547
2615
2683
2751
2818
2884
2953
3018
3085
3150
3219
3286
3351
3449
3534
3595
3656
3719
3787
3855
3921
3986
4048
4115
4144
4144
4144
4144
4144
4144
4144
4144
4144
4144
4200
4213
4213
4213
4213
4213
4213
4213
4213
4213
4213
4213
4213
4213
4213
4213
4213
4213
4213
4213
4213
4213
4213
4213
4213
4213
4213
4213
4213
4213
4213
4213
4213
4213
4213
4213
4213
4213
4213
4213
4213
4213
4213
4213
4213
4213
4213
4213
4213
4213
4213
4213
4213
4213
4213
4213
4213
4213
4213
4213
4213
4213
4213
4213
4213
4213
4213
4213
4269
4401
4466
4537
4608
4679
4715
4715
4715
4715
4715
4715
4715
4715
4715
4728
4728
4728
4728
4728
4728
4728
4817
4875
4935
5001
5065
5129
5193
5259
5325
5390
5452
5532
5640
5707
5768
5835
5902
5968
6035
6100
6167
6234
6301
6378
6483
6547
6614
6681
6744
6828
6828
6828
6828
6828
6828
6828
6828
6828
6828
6828
6828
6828
6828
6828
6828
6828
6828
6828
6828
6828
6828
6828
6828
6828
6828
6828
6828
6828
6828
6828
6828
6828
6828
6828
6828
6828
6828
6828
6828
6828
6828
6828
6828
6828
6828
6828
6828
6828
6828
6919
7075
7225
7370
7483
7560
7634
7725
7829
7829
7829
7829
7829
7829
7829
7829
7829
7859
7859
7859
7859
7859
7859
7859
7859
7859
7950
8019
8084
8151
8219
8285
8355
8432
8548
8756
8822
8954
9021
9087
9154
9264
9339
9407
9473
9537
9602
9668
9736
9854
9920
9984
10051
10117
10184
10237
10237
10237
10237
10237
10237
10237
10237
10248
10262
10298
10324
10349
10373
10373
10374
10400
10423
10448
10473
10497
10521
10547
10574
10606
10614
10627
10643
10652
10660
10694
10724
10746
10772
10803
10850
10879
10879
10879
10879
10879
10879
10879
10879
10879
10879
10879
10879
10879
10879
10879
10879
10879
10879
10879
10879
10879
10879
10879
10879
10879
10879
10879
10879
10879
10879
10879
10879
10879
10879
10879
10879
10879
10879
10879
10879
10879
10879
10879
10879
10879
10879
