thp_fault_alloc 14
thp_fault_fallback 0
thp_collapse_alloc 13
thp_collapse_alloc_failed 0
thp_split 1
thp_zero_page_alloc 0
thp_zero_page_alloc_failed 0
thp_promote 0
thp_fault_alloc 50
thp_fault_fallback 7
thp_collapse_alloc 13
thp_collapse_alloc_failed 0
thp_split 1
thp_zero_page_alloc 1
thp_zero_page_alloc_failed 0
thp_promote 0
thp_fault_alloc 84
thp_fault_fallback 15
thp_collapse_alloc 13
thp_collapse_alloc_failed 0
thp_split 1
thp_zero_page_alloc 1
thp_zero_page_alloc_failed 0
thp_promote 0
thp_fault_alloc 124
thp_fault_fallback 31
thp_collapse_alloc 13
thp_collapse_alloc_failed 0
thp_split 2
thp_zero_page_alloc 1
thp_zero_page_alloc_failed 0
thp_promote 0
thp_fault_alloc 154
thp_fault_fallback 31
thp_collapse_alloc 13
thp_collapse_alloc_failed 0
thp_split 2
thp_zero_page_alloc 1
thp_zero_page_alloc_failed 0
thp_promote 0
thp_fault_alloc 202
thp_fault_fallback 31
thp_collapse_alloc 13
thp_collapse_alloc_failed 0
thp_split 2
thp_zero_page_alloc 1
thp_zero_page_alloc_failed 0
thp_promote 0
thp_fault_alloc 232
thp_fault_fallback 63
thp_collapse_alloc 13
thp_collapse_alloc_failed 0
thp_split 2
thp_zero_page_alloc 1
thp_zero_page_alloc_failed 0
thp_promote 0
thp_fault_alloc 255
thp_fault_fallback 63
thp_collapse_alloc 13
thp_collapse_alloc_failed 0
thp_split 2
thp_zero_page_alloc 1
thp_zero_page_alloc_failed 0
thp_promote 0
thp_fault_alloc 293
thp_fault_fallback 63
thp_collapse_alloc 13
thp_collapse_alloc_failed 0
thp_split 2
thp_zero_page_alloc 1
thp_zero_page_alloc_failed 0
thp_promote 0
thp_fault_alloc 339
thp_fault_fallback 63
thp_collapse_alloc 13
thp_collapse_alloc_failed 0
thp_split 2
thp_zero_page_alloc 1
thp_zero_page_alloc_failed 0
thp_promote 0
thp_fault_alloc 372
thp_fault_fallback 63
thp_collapse_alloc 76
thp_collapse_alloc_failed 0
thp_split 2
thp_zero_page_alloc 1
thp_zero_page_alloc_failed 0
thp_promote 0
thp_fault_alloc 413
thp_fault_fallback 127
thp_collapse_alloc 76
thp_collapse_alloc_failed 0
thp_split 2
thp_zero_page_alloc 1
thp_zero_page_alloc_failed 0
thp_promote 0
thp_fault_alloc 438
thp_fault_fallback 127
thp_collapse_alloc 76
thp_collapse_alloc_failed 0
thp_split 2
thp_zero_page_alloc 1
thp_zero_page_alloc_failed 0
thp_promote 0
thp_fault_alloc 463
thp_fault_fallback 127
thp_collapse_alloc 76
thp_collapse_alloc_failed 0
thp_split 2
thp_zero_page_alloc 1
thp_zero_page_alloc_failed 0
thp_promote 0
thp_fault_alloc 489
thp_fault_fallback 127
thp_collapse_alloc 76
thp_collapse_alloc_failed 0
thp_split 2
thp_zero_page_alloc 1
thp_zero_page_alloc_failed 0
thp_promote 0
thp_fault_alloc 534
thp_fault_fallback 127
thp_collapse_alloc 76
thp_collapse_alloc_failed 0
thp_split 2
thp_zero_page_alloc 1
thp_zero_page_alloc_failed 0
thp_promote 0
thp_fault_alloc 580
thp_fault_fallback 127
thp_collapse_alloc 76
thp_collapse_alloc_failed 0
thp_split 2
thp_zero_page_alloc 1
thp_zero_page_alloc_failed 0
thp_promote 0
thp_fault_alloc 625
thp_fault_fallback 127
thp_collapse_alloc 76
thp_collapse_alloc_failed 0
thp_split 2
thp_zero_page_alloc 1
thp_zero_page_alloc_failed 0
thp_promote 0
thp_fault_alloc 669
thp_fault_fallback 127
thp_collapse_alloc 76
thp_collapse_alloc_failed 0
thp_split 2
thp_zero_page_alloc 1
thp_zero_page_alloc_failed 0
thp_promote 0
thp_fault_alloc 712
thp_fault_fallback 127
thp_collapse_alloc 76
thp_collapse_alloc_failed 0
thp_split 2
thp_zero_page_alloc 1
thp_zero_page_alloc_failed 0
thp_promote 0
thp_fault_alloc 753
thp_fault_fallback 127
thp_collapse_alloc 140
thp_collapse_alloc_failed 0
thp_split 2
thp_zero_page_alloc 1
thp_zero_page_alloc_failed 0
thp_promote 0
thp_fault_alloc 793
thp_fault_fallback 127
thp_collapse_alloc 140
thp_collapse_alloc_failed 0
thp_split 2
thp_zero_page_alloc 1
thp_zero_page_alloc_failed 0
thp_promote 0
thp_fault_alloc 833
thp_fault_fallback 127
thp_collapse_alloc 140
thp_collapse_alloc_failed 0
thp_split 2
thp_zero_page_alloc 1
thp_zero_page_alloc_failed 0
thp_promote 0
thp_fault_alloc 856
thp_fault_fallback 255
thp_collapse_alloc 140
thp_collapse_alloc_failed 0
thp_split 2
thp_zero_page_alloc 1
thp_zero_page_alloc_failed 0
thp_promote 0
thp_fault_alloc 879
thp_fault_fallback 255
thp_collapse_alloc 140
thp_collapse_alloc_failed 0
thp_split 2
thp_zero_page_alloc 1
thp_zero_page_alloc_failed 0
thp_promote 0
thp_fault_alloc 903
thp_fault_fallback 255
thp_collapse_alloc 140
thp_collapse_alloc_failed 0
thp_split 2
thp_zero_page_alloc 1
thp_zero_page_alloc_failed 0
thp_promote 0
thp_fault_alloc 926
thp_fault_fallback 255
thp_collapse_alloc 140
thp_collapse_alloc_failed 0
thp_split 2
thp_zero_page_alloc 1
thp_zero_page_alloc_failed 0
thp_promote 0
thp_fault_alloc 946
thp_fault_fallback 255
thp_collapse_alloc 140
thp_collapse_alloc_failed 0
thp_split 2
thp_zero_page_alloc 1
thp_zero_page_alloc_failed 0
thp_promote 0
thp_fault_alloc 968
thp_fault_fallback 255
thp_collapse_alloc 140
thp_collapse_alloc_failed 0
thp_split 2
thp_zero_page_alloc 1
thp_zero_page_alloc_failed 0
thp_promote 0
thp_fault_alloc 992
thp_fault_fallback 255
thp_collapse_alloc 140
thp_collapse_alloc_failed 0
thp_split 2
thp_zero_page_alloc 1
thp_zero_page_alloc_failed 0
thp_promote 0
thp_fault_alloc 1016
thp_fault_fallback 255
thp_collapse_alloc 224
thp_collapse_alloc_failed 0
thp_split 2
thp_zero_page_alloc 1
thp_zero_page_alloc_failed 0
thp_promote 0
thp_fault_alloc 1054
thp_fault_fallback 255
thp_collapse_alloc 268
thp_collapse_alloc_failed 0
thp_split 2
thp_zero_page_alloc 1
thp_zero_page_alloc_failed 0
thp_promote 0
thp_fault_alloc 1094
thp_fault_fallback 255
thp_collapse_alloc 268
thp_collapse_alloc_failed 0
thp_split 2
thp_zero_page_alloc 1
thp_zero_page_alloc_failed 0
thp_promote 0
thp_fault_alloc 1136
thp_fault_fallback 255
thp_collapse_alloc 268
thp_collapse_alloc_failed 0
thp_split 2
thp_zero_page_alloc 1
thp_zero_page_alloc_failed 0
thp_promote 0
thp_fault_alloc 1179
thp_fault_fallback 255
thp_collapse_alloc 268
thp_collapse_alloc_failed 0
thp_split 2
thp_zero_page_alloc 1
thp_zero_page_alloc_failed 0
thp_promote 0
thp_fault_alloc 1221
thp_fault_fallback 255
thp_collapse_alloc 268
thp_collapse_alloc_failed 0
thp_split 2
thp_zero_page_alloc 1
thp_zero_page_alloc_failed 0
thp_promote 0
thp_fault_alloc 1264
thp_fault_fallback 255
thp_collapse_alloc 268
thp_collapse_alloc_failed 0
thp_split 2
thp_zero_page_alloc 1
thp_zero_page_alloc_failed 0
thp_promote 0
thp_fault_alloc 1303
thp_fault_fallback 255
thp_collapse_alloc 268
thp_collapse_alloc_failed 0
thp_split 2
thp_zero_page_alloc 1
thp_zero_page_alloc_failed 0
thp_promote 0
thp_fault_alloc 1341
thp_fault_fallback 255
thp_collapse_alloc 268
thp_collapse_alloc_failed 0
thp_split 2
thp_zero_page_alloc 1
thp_zero_page_alloc_failed 0
thp_promote 0
thp_fault_alloc 1378
thp_fault_fallback 255
thp_collapse_alloc 268
thp_collapse_alloc_failed 0
thp_split 2
thp_zero_page_alloc 1
thp_zero_page_alloc_failed 0
thp_promote 0
thp_fault_alloc 1414
thp_fault_fallback 255
thp_collapse_alloc 268
thp_collapse_alloc_failed 0
thp_split 2
thp_zero_page_alloc 1
thp_zero_page_alloc_failed 0
thp_promote 0
thp_fault_alloc 1452
thp_fault_fallback 255
thp_collapse_alloc 268
thp_collapse_alloc_failed 0
thp_split 2
thp_zero_page_alloc 1
thp_zero_page_alloc_failed 0
thp_promote 0
thp_fault_alloc 1493
thp_fault_fallback 255
thp_collapse_alloc 268
thp_collapse_alloc_failed 0
thp_split 2
thp_zero_page_alloc 1
thp_zero_page_alloc_failed 0
thp_promote 0
thp_fault_alloc 1530
thp_fault_fallback 255
thp_collapse_alloc 268
thp_collapse_alloc_failed 0
thp_split 2
thp_zero_page_alloc 1
thp_zero_page_alloc_failed 0
thp_promote 0
thp_fault_alloc 1566
thp_fault_fallback 255
thp_collapse_alloc 268
thp_collapse_alloc_failed 0
thp_split 2
thp_zero_page_alloc 1
thp_zero_page_alloc_failed 0
thp_promote 0
thp_fault_alloc 1603
thp_fault_fallback 255
thp_collapse_alloc 268
thp_collapse_alloc_failed 0
thp_split 2
thp_zero_page_alloc 1
thp_zero_page_alloc_failed 0
thp_promote 0
thp_fault_alloc 1642
thp_fault_fallback 255
thp_collapse_alloc 268
thp_collapse_alloc_failed 0
thp_split 2
thp_zero_page_alloc 1
thp_zero_page_alloc_failed 0
thp_promote 0
thp_fault_alloc 1679
thp_fault_fallback 255
thp_collapse_alloc 268
thp_collapse_alloc_failed 0
thp_split 2
thp_zero_page_alloc 1
thp_zero_page_alloc_failed 0
thp_promote 0
thp_fault_alloc 1702
thp_fault_fallback 511
thp_collapse_alloc 268
thp_collapse_alloc_failed 0
thp_split 2
thp_zero_page_alloc 1
thp_zero_page_alloc_failed 0
thp_promote 0
thp_fault_alloc 1721
thp_fault_fallback 511
thp_collapse_alloc 268
thp_collapse_alloc_failed 0
thp_split 2
thp_zero_page_alloc 1
thp_zero_page_alloc_failed 0
thp_promote 0
thp_fault_alloc 1738
thp_fault_fallback 511
thp_collapse_alloc 354
thp_collapse_alloc_failed 0
thp_split 2
thp_zero_page_alloc 1
thp_zero_page_alloc_failed 0
thp_promote 0
thp_fault_alloc 1740
thp_fault_fallback 511
thp_collapse_alloc 448
thp_collapse_alloc_failed 0
thp_split 2
thp_zero_page_alloc 1
thp_zero_page_alloc_failed 0
thp_promote 0
thp_fault_alloc 1758
thp_fault_fallback 511
thp_collapse_alloc 514
thp_collapse_alloc_failed 0
thp_split 2
thp_zero_page_alloc 1
thp_zero_page_alloc_failed 0
thp_promote 0
thp_fault_alloc 1777
thp_fault_fallback 511
thp_collapse_alloc 514
thp_collapse_alloc_failed 0
thp_split 2
thp_zero_page_alloc 1
thp_zero_page_alloc_failed 0
thp_promote 0
thp_fault_alloc 1785
thp_fault_fallback 2412
thp_collapse_alloc 514
thp_collapse_alloc_failed 0
thp_split 1903
thp_zero_page_alloc 1
thp_zero_page_alloc_failed 0
thp_promote 0
thp_fault_alloc 1787
thp_fault_fallback 2414
thp_collapse_alloc 514
thp_collapse_alloc_failed 0
thp_split 1905
thp_zero_page_alloc 1
thp_zero_page_alloc_failed 0
thp_promote 0
thp_fault_alloc 1791
thp_fault_fallback 2416
thp_collapse_alloc 514
thp_collapse_alloc_failed 0
thp_split 1907
thp_zero_page_alloc 1
thp_zero_page_alloc_failed 0
thp_promote 0
thp_fault_alloc 1798
thp_fault_fallback 2419
thp_collapse_alloc 514
thp_collapse_alloc_failed 0
thp_split 1910
thp_zero_page_alloc 1
thp_zero_page_alloc_failed 0
thp_promote 0
thp_fault_alloc 1810
thp_fault_fallback 2425
thp_collapse_alloc 514
thp_collapse_alloc_failed 0
thp_split 1916
thp_zero_page_alloc 1
thp_zero_page_alloc_failed 0
thp_promote 0
thp_fault_alloc 1825
thp_fault_fallback 2432
thp_collapse_alloc 514
thp_collapse_alloc_failed 0
thp_split 1923
thp_zero_page_alloc 1
thp_zero_page_alloc_failed 0
thp_promote 0
thp_fault_alloc 1841
thp_fault_fallback 2440
thp_collapse_alloc 514
thp_collapse_alloc_failed 0
thp_split 1931
thp_zero_page_alloc 1
thp_zero_page_alloc_failed 0
thp_promote 0
thp_fault_alloc 1857
thp_fault_fallback 2448
thp_collapse_alloc 514
thp_collapse_alloc_failed 0
thp_split 1939
thp_zero_page_alloc 1
thp_zero_page_alloc_failed 0
thp_promote 0
thp_fault_alloc 1867
thp_fault_fallback 2452
thp_collapse_alloc 558
thp_collapse_alloc_failed 0
thp_split 1943
thp_zero_page_alloc 1
thp_zero_page_alloc_failed 0
thp_promote 1055
thp_fault_alloc 1867
thp_fault_fallback 2452
thp_collapse_alloc 629
thp_collapse_alloc_failed 0
thp_split 1943
thp_zero_page_alloc 1
thp_zero_page_alloc_failed 0
thp_promote 1055
thp_fault_alloc 1876
thp_fault_fallback 2456
thp_collapse_alloc 696
thp_collapse_alloc_failed 0
thp_split 1947
thp_zero_page_alloc 1
thp_zero_page_alloc_failed 0
thp_promote 1055
thp_fault_alloc 1892
thp_fault_fallback 2465
thp_collapse_alloc 765
thp_collapse_alloc_failed 0
thp_split 1956
thp_zero_page_alloc 1
thp_zero_page_alloc_failed 0
thp_promote 1055
thp_fault_alloc 1900
thp_fault_fallback 2469
thp_collapse_alloc 831
thp_collapse_alloc_failed 0
thp_split 1960
thp_zero_page_alloc 1
thp_zero_page_alloc_failed 0
thp_promote 1055
thp_fault_alloc 1910
thp_fault_fallback 2473
thp_collapse_alloc 896
thp_collapse_alloc_failed 0
thp_split 1964
thp_zero_page_alloc 1
thp_zero_page_alloc_failed 0
thp_promote 1055
thp_fault_alloc 1917
thp_fault_fallback 2476
thp_collapse_alloc 963
thp_collapse_alloc_failed 0
thp_split 1967
thp_zero_page_alloc 1
thp_zero_page_alloc_failed 0
thp_promote 1055
thp_fault_alloc 1917
thp_fault_fallback 2477
thp_collapse_alloc 1027
thp_collapse_alloc_failed 0
thp_split 1968
thp_zero_page_alloc 1
thp_zero_page_alloc_failed 0
thp_promote 1055
thp_fault_alloc 1928
thp_fault_fallback 2482
thp_collapse_alloc 1092
thp_collapse_alloc_failed 0
thp_split 1973
thp_zero_page_alloc 1
thp_zero_page_alloc_failed 0
thp_promote 1055
thp_fault_alloc 1933
thp_fault_fallback 2485
thp_collapse_alloc 1161
thp_collapse_alloc_failed 0
thp_split 1976
thp_zero_page_alloc 1
thp_zero_page_alloc_failed 0
thp_promote 1055
thp_fault_alloc 1933
thp_fault_fallback 2485
thp_collapse_alloc 1229
thp_collapse_alloc_failed 0
thp_split 1976
thp_zero_page_alloc 1
thp_zero_page_alloc_failed 0
thp_promote 1055
thp_fault_alloc 1934
thp_fault_fallback 2485
thp_collapse_alloc 1295
thp_collapse_alloc_failed 0
thp_split 1976
thp_zero_page_alloc 1
thp_zero_page_alloc_failed 0
thp_promote 1055
thp_fault_alloc 1934
thp_fault_fallback 2485
thp_collapse_alloc 1361
thp_collapse_alloc_failed 0
thp_split 1976
thp_zero_page_alloc 1
thp_zero_page_alloc_failed 0
thp_promote 1055
thp_fault_alloc 1934
thp_fault_fallback 2485
thp_collapse_alloc 1430
thp_collapse_alloc_failed 0
thp_split 1976
thp_zero_page_alloc 1
thp_zero_page_alloc_failed 0
thp_promote 1055
thp_fault_alloc 1934
thp_fault_fallback 2485
thp_collapse_alloc 1498
thp_collapse_alloc_failed 0
thp_split 1976
thp_zero_page_alloc 1
thp_zero_page_alloc_failed 0
thp_promote 1055
thp_fault_alloc 1950
thp_fault_fallback 2492
thp_collapse_alloc 1563
thp_collapse_alloc_failed 0
thp_split 1983
thp_zero_page_alloc 1
thp_zero_page_alloc_failed 0
thp_promote 1055
thp_fault_alloc 1974
thp_fault_fallback 2496
thp_collapse_alloc 1622
thp_collapse_alloc_failed 0
thp_split 1987
thp_zero_page_alloc 1
thp_zero_page_alloc_failed 0
thp_promote 1055
thp_fault_alloc 2008
thp_fault_fallback 2496
thp_collapse_alloc 1622
thp_collapse_alloc_failed 0
thp_split 1987
thp_zero_page_alloc 1
thp_zero_page_alloc_failed 0
thp_promote 1055
thp_fault_alloc 2047
thp_fault_fallback 2496
thp_collapse_alloc 1622
thp_collapse_alloc_failed 0
thp_split 1987
thp_zero_page_alloc 1
thp_zero_page_alloc_failed 0
thp_promote 1055
thp_fault_alloc 2054
thp_fault_fallback 2496
thp_collapse_alloc 1622
thp_collapse_alloc_failed 0
thp_split 1987
thp_zero_page_alloc 1
thp_zero_page_alloc_failed 0
thp_promote 1055
thp_fault_alloc 2076
thp_fault_fallback 2496
thp_collapse_alloc 1622
thp_collapse_alloc_failed 0
thp_split 1987
thp_zero_page_alloc 1
thp_zero_page_alloc_failed 0
thp_promote 1055
thp_fault_alloc 2114
thp_fault_fallback 2496
thp_collapse_alloc 1622
thp_collapse_alloc_failed 0
thp_split 1987
thp_zero_page_alloc 1
thp_zero_page_alloc_failed 0
thp_promote 1055
thp_fault_alloc 2151
thp_fault_fallback 2496
thp_collapse_alloc 1622
thp_collapse_alloc_failed 0
thp_split 1987
thp_zero_page_alloc 1
thp_zero_page_alloc_failed 0
thp_promote 1055
thp_fault_alloc 2185
thp_fault_fallback 2496
thp_collapse_alloc 1622
thp_collapse_alloc_failed 0
thp_split 1987
thp_zero_page_alloc 1
thp_zero_page_alloc_failed 0
thp_promote 1055
thp_fault_alloc 2219
thp_fault_fallback 2496
thp_collapse_alloc 1622
thp_collapse_alloc_failed 0
thp_split 1987
thp_zero_page_alloc 1
thp_zero_page_alloc_failed 0
thp_promote 1055
thp_fault_alloc 2254
thp_fault_fallback 2496
thp_collapse_alloc 1668
thp_collapse_alloc_failed 0
thp_split 1987
thp_zero_page_alloc 1
thp_zero_page_alloc_failed 0
thp_promote 1939
thp_fault_alloc 2287
thp_fault_fallback 2496
thp_collapse_alloc 1668
thp_collapse_alloc_failed 0
thp_split 1987
thp_zero_page_alloc 1
thp_zero_page_alloc_failed 0
thp_promote 1939
thp_fault_alloc 2322
thp_fault_fallback 2496
thp_collapse_alloc 1668
thp_collapse_alloc_failed 0
thp_split 1987
thp_zero_page_alloc 1
thp_zero_page_alloc_failed 0
thp_promote 1939
thp_fault_alloc 2358
thp_fault_fallback 2496
thp_collapse_alloc 1668
thp_collapse_alloc_failed 0
thp_split 1987
thp_zero_page_alloc 1
thp_zero_page_alloc_failed 0
thp_promote 1939
thp_fault_alloc 2394
thp_fault_fallback 2496
thp_collapse_alloc 1668
thp_collapse_alloc_failed 0
thp_split 1987
thp_zero_page_alloc 1
thp_zero_page_alloc_failed 0
thp_promote 1939
thp_fault_alloc 2426
thp_fault_fallback 2496
thp_collapse_alloc 1668
thp_collapse_alloc_failed 0
thp_split 1987
thp_zero_page_alloc 1
thp_zero_page_alloc_failed 0
thp_promote 1939
thp_fault_alloc 2461
thp_fault_fallback 2496
thp_collapse_alloc 1668
thp_collapse_alloc_failed 0
thp_split 1987
thp_zero_page_alloc 1
thp_zero_page_alloc_failed 0
thp_promote 1939
thp_fault_alloc 2497
thp_fault_fallback 2496
thp_collapse_alloc 1668
thp_collapse_alloc_failed 0
thp_split 1987
thp_zero_page_alloc 1
thp_zero_page_alloc_failed 0
thp_promote 1939
thp_fault_alloc 2532
thp_fault_fallback 2496
thp_collapse_alloc 1668
thp_collapse_alloc_failed 0
thp_split 1987
thp_zero_page_alloc 1
thp_zero_page_alloc_failed 0
thp_promote 1939
thp_fault_alloc 2568
thp_fault_fallback 2496
thp_collapse_alloc 1668
thp_collapse_alloc_failed 0
thp_split 1987
thp_zero_page_alloc 1
thp_zero_page_alloc_failed 0
thp_promote 1939
thp_fault_alloc 2603
thp_fault_fallback 2496
thp_collapse_alloc 1668
thp_collapse_alloc_failed 0
thp_split 1987
thp_zero_page_alloc 1
thp_zero_page_alloc_failed 0
thp_promote 1939
thp_fault_alloc 2639
thp_fault_fallback 2496
thp_collapse_alloc 1668
thp_collapse_alloc_failed 0
thp_split 1987
thp_zero_page_alloc 1
thp_zero_page_alloc_failed 0
thp_promote 1939
thp_fault_alloc 2673
thp_fault_fallback 2496
thp_collapse_alloc 1668
thp_collapse_alloc_failed 0
thp_split 1988
thp_zero_page_alloc 1
thp_zero_page_alloc_failed 0
thp_promote 1939
thp_fault_alloc 2708
thp_fault_fallback 2496
thp_collapse_alloc 1668
thp_collapse_alloc_failed 0
thp_split 1988
thp_zero_page_alloc 1
thp_zero_page_alloc_failed 0
thp_promote 1939
thp_fault_alloc 2742
thp_fault_fallback 2496
thp_collapse_alloc 1668
thp_collapse_alloc_failed 0
thp_split 1988
thp_zero_page_alloc 1
thp_zero_page_alloc_failed 0
thp_promote 1939
thp_fault_alloc 2776
thp_fault_fallback 2496
thp_collapse_alloc 1668
thp_collapse_alloc_failed 0
thp_split 1988
thp_zero_page_alloc 1
thp_zero_page_alloc_failed 0
thp_promote 1939
thp_fault_alloc 2810
thp_fault_fallback 2496
thp_collapse_alloc 1668
thp_collapse_alloc_failed 0
thp_split 1988
thp_zero_page_alloc 1
thp_zero_page_alloc_failed 0
thp_promote 1939
thp_fault_alloc 2843
thp_fault_fallback 2496
thp_collapse_alloc 1668
thp_collapse_alloc_failed 0
thp_split 1988
thp_zero_page_alloc 1
thp_zero_page_alloc_failed 0
thp_promote 1939
thp_fault_alloc 2874
thp_fault_fallback 2496
thp_collapse_alloc 1668
thp_collapse_alloc_failed 0
thp_split 1988
thp_zero_page_alloc 1
thp_zero_page_alloc_failed 0
thp_promote 1939
thp_fault_alloc 2905
thp_fault_fallback 2496
thp_collapse_alloc 1668
thp_collapse_alloc_failed 0
thp_split 1988
thp_zero_page_alloc 1
thp_zero_page_alloc_failed 0
thp_promote 1939
thp_fault_alloc 2938
thp_fault_fallback 2496
thp_collapse_alloc 1668
thp_collapse_alloc_failed 0
thp_split 1988
thp_zero_page_alloc 1
thp_zero_page_alloc_failed 0
thp_promote 1939
thp_fault_alloc 2971
thp_fault_fallback 2496
thp_collapse_alloc 1669
thp_collapse_alloc_failed 0
thp_split 1988
thp_zero_page_alloc 1
thp_zero_page_alloc_failed 0
thp_promote 1939
thp_fault_alloc 3004
thp_fault_fallback 2496
thp_collapse_alloc 1669
thp_collapse_alloc_failed 0
thp_split 1988
thp_zero_page_alloc 1
thp_zero_page_alloc_failed 0
thp_promote 1939
thp_fault_alloc 3037
thp_fault_fallback 2496
thp_collapse_alloc 1669
thp_collapse_alloc_failed 0
thp_split 1988
thp_zero_page_alloc 1
thp_zero_page_alloc_failed 0
thp_promote 1939
thp_fault_alloc 3070
thp_fault_fallback 2496
thp_collapse_alloc 1669
thp_collapse_alloc_failed 0
thp_split 1988
thp_zero_page_alloc 1
thp_zero_page_alloc_failed 0
thp_promote 1939
thp_fault_alloc 3102
thp_fault_fallback 2496
thp_collapse_alloc 1669
thp_collapse_alloc_failed 0
thp_split 1988
thp_zero_page_alloc 1
thp_zero_page_alloc_failed 0
thp_promote 1939
thp_fault_alloc 3135
thp_fault_fallback 2496
thp_collapse_alloc 1669
thp_collapse_alloc_failed 0
thp_split 1988
thp_zero_page_alloc 1
thp_zero_page_alloc_failed 0
thp_promote 1939
thp_fault_alloc 3166
thp_fault_fallback 2496
thp_collapse_alloc 1669
thp_collapse_alloc_failed 0
thp_split 1988
thp_zero_page_alloc 1
thp_zero_page_alloc_failed 0
thp_promote 1939
thp_fault_alloc 3198
thp_fault_fallback 2496
thp_collapse_alloc 1669
thp_collapse_alloc_failed 0
thp_split 1988
thp_zero_page_alloc 1
thp_zero_page_alloc_failed 0
thp_promote 1939
thp_fault_alloc 3230
thp_fault_fallback 2496
thp_collapse_alloc 1669
thp_collapse_alloc_failed 0
thp_split 1988
thp_zero_page_alloc 1
thp_zero_page_alloc_failed 0
thp_promote 1939
thp_fault_alloc 3261
thp_fault_fallback 2496
thp_collapse_alloc 1669
thp_collapse_alloc_failed 0
thp_split 1988
thp_zero_page_alloc 1
thp_zero_page_alloc_failed 0
thp_promote 1939
thp_fault_alloc 3292
thp_fault_fallback 2496
thp_collapse_alloc 1669
thp_collapse_alloc_failed 0
thp_split 1988
thp_zero_page_alloc 1
thp_zero_page_alloc_failed 0
thp_promote 1939
thp_fault_alloc 3322
thp_fault_fallback 2496
thp_collapse_alloc 1669
thp_collapse_alloc_failed 0
thp_split 1988
thp_zero_page_alloc 1
thp_zero_page_alloc_failed 0
thp_promote 1939
thp_fault_alloc 3352
thp_fault_fallback 2496
thp_collapse_alloc 1669
thp_collapse_alloc_failed 0
thp_split 1989
thp_zero_page_alloc 1
thp_zero_page_alloc_failed 0
thp_promote 1939
thp_fault_alloc 3381
thp_fault_fallback 2496
thp_collapse_alloc 1669
thp_collapse_alloc_failed 0
thp_split 1989
thp_zero_page_alloc 1
thp_zero_page_alloc_failed 0
thp_promote 1939
thp_fault_alloc 3400
thp_fault_fallback 3008
thp_collapse_alloc 1669
thp_collapse_alloc_failed 0
thp_split 1989
thp_zero_page_alloc 1
thp_zero_page_alloc_failed 0
thp_promote 1939
thp_fault_alloc 3414
thp_fault_fallback 3008
thp_collapse_alloc 1669
thp_collapse_alloc_failed 0
thp_split 1989
thp_zero_page_alloc 1
thp_zero_page_alloc_failed 0
thp_promote 1939
thp_fault_alloc 3426
thp_fault_fallback 3008
thp_collapse_alloc 1669
thp_collapse_alloc_failed 0
thp_split 1989
thp_zero_page_alloc 1
thp_zero_page_alloc_failed 0
thp_promote 1939
thp_fault_alloc 3441
thp_fault_fallback 3008
thp_collapse_alloc 1669
thp_collapse_alloc_failed 0
thp_split 1989
thp_zero_page_alloc 1
thp_zero_page_alloc_failed 0
thp_promote 1939
thp_fault_alloc 3455
thp_fault_fallback 3008
thp_collapse_alloc 1669
thp_collapse_alloc_failed 0
thp_split 1989
thp_zero_page_alloc 1
thp_zero_page_alloc_failed 0
thp_promote 1939
thp_fault_alloc 3471
thp_fault_fallback 3008
thp_collapse_alloc 1669
thp_collapse_alloc_failed 0
thp_split 1989
thp_zero_page_alloc 1
thp_zero_page_alloc_failed 0
thp_promote 1939
thp_fault_alloc 3478
thp_fault_fallback 3008
thp_collapse_alloc 1754
thp_collapse_alloc_failed 0
thp_split 1989
thp_zero_page_alloc 1
thp_zero_page_alloc_failed 0
thp_promote 1939
thp_fault_alloc 3479
thp_fault_fallback 3008
thp_collapse_alloc 1876
thp_collapse_alloc_failed 0
thp_split 1989
thp_zero_page_alloc 1
thp_zero_page_alloc_failed 0
thp_promote 1939
thp_fault_alloc 3492
thp_fault_fallback 3008
thp_collapse_alloc 1978
thp_collapse_alloc_failed 0
thp_split 1989
thp_zero_page_alloc 1
thp_zero_page_alloc_failed 0
thp_promote 1939
thp_fault_alloc 3493
thp_fault_fallback 3008
thp_collapse_alloc 2048
thp_collapse_alloc_failed 0
thp_split 1989
thp_zero_page_alloc 1
thp_zero_page_alloc_failed 0
thp_promote 1939
thp_fault_alloc 3507
thp_fault_fallback 3008
thp_collapse_alloc 2114
thp_collapse_alloc_failed 0
thp_split 1989
thp_zero_page_alloc 1
thp_zero_page_alloc_failed 0
thp_promote 1939
thp_fault_alloc 3522
thp_fault_fallback 3008
thp_collapse_alloc 2170
thp_collapse_alloc_failed 0
thp_split 1989
thp_zero_page_alloc 1
thp_zero_page_alloc_failed 0
thp_promote 1939
thp_fault_alloc 3535
thp_fault_fallback 3008
thp_collapse_alloc 2170
thp_collapse_alloc_failed 0
thp_split 1989
thp_zero_page_alloc 1
thp_zero_page_alloc_failed 0
thp_promote 1939
thp_fault_alloc 3550
thp_fault_fallback 3008
thp_collapse_alloc 2170
thp_collapse_alloc_failed 0
thp_split 1989
thp_zero_page_alloc 1
thp_zero_page_alloc_failed 0
thp_promote 1939
thp_fault_alloc 3564
thp_fault_fallback 3008
thp_collapse_alloc 2170
thp_collapse_alloc_failed 0
thp_split 1989
thp_zero_page_alloc 1
thp_zero_page_alloc_failed 0
thp_promote 1939
thp_fault_alloc 3579
thp_fault_fallback 3008
thp_collapse_alloc 2170
thp_collapse_alloc_failed 0
thp_split 1989
thp_zero_page_alloc 1
thp_zero_page_alloc_failed 0
thp_promote 1939
thp_fault_alloc 3595
thp_fault_fallback 3008
thp_collapse_alloc 2170
thp_collapse_alloc_failed 0
thp_split 1989
thp_zero_page_alloc 1
thp_zero_page_alloc_failed 0
thp_promote 1939
thp_fault_alloc 3597
thp_fault_fallback 6831
thp_collapse_alloc 2170
thp_collapse_alloc_failed 0
thp_split 5812
thp_zero_page_alloc 1
thp_zero_page_alloc_failed 0
thp_promote 1939
thp_fault_alloc 3599
thp_fault_fallback 6835
thp_collapse_alloc 2170
thp_collapse_alloc_failed 0
thp_split 5816
thp_zero_page_alloc 1
thp_zero_page_alloc_failed 0
thp_promote 1939
thp_fault_alloc 3600
thp_fault_fallback 6836
thp_collapse_alloc 2170
thp_collapse_alloc_failed 0
thp_split 5817
thp_zero_page_alloc 1
thp_zero_page_alloc_failed 0
thp_promote 1939
thp_fault_alloc 3603
thp_fault_fallback 6837
thp_collapse_alloc 2170
thp_collapse_alloc_failed 0
thp_split 5818
thp_zero_page_alloc 1
thp_zero_page_alloc_failed 0
thp_promote 1939
thp_fault_alloc 3605
thp_fault_fallback 6839
thp_collapse_alloc 2182
thp_collapse_alloc_failed 0
thp_split 5820
thp_zero_page_alloc 1
thp_zero_page_alloc_failed 0
thp_promote 1951
thp_fault_alloc 3608
thp_fault_fallback 6841
thp_collapse_alloc 2182
thp_collapse_alloc_failed 0
thp_split 5822
thp_zero_page_alloc 1
thp_zero_page_alloc_failed 0
thp_promote 1951
thp_fault_alloc 3614
thp_fault_fallback 6844
thp_collapse_alloc 2182
thp_collapse_alloc_failed 0
thp_split 5825
thp_zero_page_alloc 1
thp_zero_page_alloc_failed 0
thp_promote 1951
thp_fault_alloc 3620
thp_fault_fallback 6848
thp_collapse_alloc 2182
thp_collapse_alloc_failed 0
thp_split 5829
thp_zero_page_alloc 1
thp_zero_page_alloc_failed 0
thp_promote 1951
thp_fault_alloc 3627
thp_fault_fallback 6854
thp_collapse_alloc 2182
thp_collapse_alloc_failed 0
thp_split 5835
thp_zero_page_alloc 1
thp_zero_page_alloc_failed 0
thp_promote 1951
thp_fault_alloc 3638
thp_fault_fallback 6860
thp_collapse_alloc 2182
thp_collapse_alloc_failed 0
thp_split 5841
thp_zero_page_alloc 1
thp_zero_page_alloc_failed 0
thp_promote 1951
thp_fault_alloc 3649
thp_fault_fallback 6868
thp_collapse_alloc 2182
thp_collapse_alloc_failed 0
thp_split 5849
thp_zero_page_alloc 1
thp_zero_page_alloc_failed 0
thp_promote 1951
thp_fault_alloc 3660
thp_fault_fallback 6876
thp_collapse_alloc 2182
thp_collapse_alloc_failed 0
thp_split 5857
thp_zero_page_alloc 1
thp_zero_page_alloc_failed 0
thp_promote 1951
thp_fault_alloc 3672
thp_fault_fallback 6883
thp_collapse_alloc 2182
thp_collapse_alloc_failed 0
thp_split 5864
thp_zero_page_alloc 1
thp_zero_page_alloc_failed 0
thp_promote 1951
thp_fault_alloc 3682
thp_fault_fallback 6889
thp_collapse_alloc 2209
thp_collapse_alloc_failed 0
thp_split 5870
thp_zero_page_alloc 1
thp_zero_page_alloc_failed 0
thp_promote 3777
thp_fault_alloc 3682
thp_fault_fallback 6889
thp_collapse_alloc 2276
thp_collapse_alloc_failed 0
thp_split 5870
thp_zero_page_alloc 1
thp_zero_page_alloc_failed 0
thp_promote 3777
thp_fault_alloc 3685
thp_fault_fallback 6892
thp_collapse_alloc 2344
thp_collapse_alloc_failed 0
thp_split 5873
thp_zero_page_alloc 1
thp_zero_page_alloc_failed 0
thp_promote 3777
thp_fault_alloc 3693
thp_fault_fallback 6898
thp_collapse_alloc 2413
thp_collapse_alloc_failed 0
thp_split 5879
thp_zero_page_alloc 1
thp_zero_page_alloc_failed 0
thp_promote 3777
thp_fault_alloc 3693
thp_fault_fallback 6898
thp_collapse_alloc 2481
thp_collapse_alloc_failed 0
thp_split 5879
thp_zero_page_alloc 1
thp_zero_page_alloc_failed 0
thp_promote 3777
thp_fault_alloc 3699
thp_fault_fallback 6901
thp_collapse_alloc 2547
thp_collapse_alloc_failed 0
thp_split 5882
thp_zero_page_alloc 1
thp_zero_page_alloc_failed 0
thp_promote 3777
thp_fault_alloc 3705
thp_fault_fallback 6905
thp_collapse_alloc 2615
thp_collapse_alloc_failed 0
thp_split 5886
thp_zero_page_alloc 1
thp_zero_page_alloc_failed 0
thp_promote 3777
thp_fault_alloc 3711
thp_fault_fallback 6910
thp_collapse_alloc 2683
thp_collapse_alloc_failed 0
thp_split 5891
thp_zero_page_alloc 1
thp_zero_page_alloc_failed 0
thp_promote 3777
thp_fault_alloc 3723
thp_fault_fallback 6918
thp_collapse_alloc 2751
thp_collapse_alloc_failed 0
thp_split 5899
thp_zero_page_alloc 1
thp_zero_page_alloc_failed 0
thp_promote 3777
thp_fault_alloc 3736
thp_fault_fallback 6926
thp_collapse_alloc 2818
thp_collapse_alloc_failed 0
thp_split 5907
thp_zero_page_alloc 1
thp_zero_page_alloc_failed 0
thp_promote 3777
thp_fault_alloc 3739
thp_fault_fallback 6929
thp_collapse_alloc 2884
thp_collapse_alloc_failed 0
thp_split 5910
thp_zero_page_alloc 1
thp_zero_page_alloc_failed 0
thp_promote 3777
thp_fault_alloc 3739
thp_fault_fallback 6929
thp_collapse_alloc 2953
thp_collapse_alloc_failed 0
thp_split 5910
thp_zero_page_alloc 1
thp_zero_page_alloc_failed 0
thp_promote 3777
thp_fault_alloc 3748
thp_fault_fallback 6935
thp_collapse_alloc 3018
thp_collapse_alloc_failed 0
thp_split 5916
thp_zero_page_alloc 1
thp_zero_page_alloc_failed 0
thp_promote 3777
thp_fault_alloc 3761
thp_fault_fallback 6943
thp_collapse_alloc 3085
thp_collapse_alloc_failed 0
thp_split 5924
thp_zero_page_alloc 1
thp_zero_page_alloc_failed 0
thp_promote 3777
thp_fault_alloc 3773
thp_fault_fallback 6951
thp_collapse_alloc 3150
thp_collapse_alloc_failed 0
thp_split 5932
thp_zero_page_alloc 1
thp_zero_page_alloc_failed 0
thp_promote 3777
thp_fault_alloc 3774
thp_fault_fallback 6952
thp_collapse_alloc 3219
thp_collapse_alloc_failed 0
thp_split 5933
thp_zero_page_alloc 1
thp_zero_page_alloc_failed 0
thp_promote 3777
thp_fault_alloc 3797
thp_fault_fallback 6952
thp_collapse_alloc 3286
thp_collapse_alloc_failed 0
thp_split 5933
thp_zero_page_alloc 1
thp_zero_page_alloc_failed 0
thp_promote 3777
thp_fault_alloc 3798
thp_fault_fallback 6952
thp_collapse_alloc 3351
thp_collapse_alloc_failed 0
thp_split 5933
thp_zero_page_alloc 1
thp_zero_page_alloc_failed 0
thp_promote 3777
thp_fault_alloc 3799
thp_fault_fallback 6952
thp_collapse_alloc 3449
thp_collapse_alloc_failed 0
thp_split 5933
thp_zero_page_alloc 1
thp_zero_page_alloc_failed 0
thp_promote 3777
thp_fault_alloc 3800
thp_fault_fallback 6952
thp_collapse_alloc 3534
thp_collapse_alloc_failed 0
thp_split 5933
thp_zero_page_alloc 1
thp_zero_page_alloc_failed 0
thp_promote 3777
thp_fault_alloc 3823
thp_fault_fallback 6952
thp_collapse_alloc 3595
thp_collapse_alloc_failed 0
thp_split 5933
thp_zero_page_alloc 1
thp_zero_page_alloc_failed 0
thp_promote 3777
thp_fault_alloc 3826
thp_fault_fallback 6952
thp_collapse_alloc 3656
thp_collapse_alloc_failed 0
thp_split 5933
thp_zero_page_alloc 1
thp_zero_page_alloc_failed 0
thp_promote 3777
thp_fault_alloc 3850
thp_fault_fallback 6952
thp_collapse_alloc 3719
thp_collapse_alloc_failed 0
thp_split 5933
thp_zero_page_alloc 1
thp_zero_page_alloc_failed 0
thp_promote 3777
thp_fault_alloc 3870
thp_fault_fallback 6952
thp_collapse_alloc 3787
thp_collapse_alloc_failed 0
thp_split 5933
thp_zero_page_alloc 1
thp_zero_page_alloc_failed 0
thp_promote 3777
thp_fault_alloc 3870
thp_fault_fallback 6952
thp_collapse_alloc 3855
thp_collapse_alloc_failed 0
thp_split 5933
thp_zero_page_alloc 1
thp_zero_page_alloc_failed 0
thp_promote 3777
thp_fault_alloc 3878
thp_fault_fallback 6952
thp_collapse_alloc 3921
thp_collapse_alloc_failed 0
thp_split 5933
thp_zero_page_alloc 1
thp_zero_page_alloc_failed 0
thp_promote 3777
thp_fault_alloc 3895
thp_fault_fallback 6952
thp_collapse_alloc 3986
thp_collapse_alloc_failed 0
thp_split 5933
thp_zero_page_alloc 1
thp_zero_page_alloc_failed 0
thp_promote 3777
thp_fault_alloc 3895
thp_fault_fallback 6952
thp_collapse_alloc 4048
thp_collapse_alloc_failed 0
thp_split 5933
thp_zero_page_alloc 1
thp_zero_page_alloc_failed 0
thp_promote 3777
thp_fault_alloc 3896
thp_fault_fallback 6952
thp_collapse_alloc 4115
thp_collapse_alloc_failed 0
thp_split 5933
thp_zero_page_alloc 1
thp_zero_page_alloc_failed 0
thp_promote 3777
thp_fault_alloc 3908
thp_fault_fallback 6952
thp_collapse_alloc 4144
thp_collapse_alloc_failed 0
thp_split 5933
thp_zero_page_alloc 1
thp_zero_page_alloc_failed 0
thp_promote 3777
thp_fault_alloc 3932
thp_fault_fallback 6952
thp_collapse_alloc 4144
thp_collapse_alloc_failed 0
thp_split 5933
thp_zero_page_alloc 1
thp_zero_page_alloc_failed 0
thp_promote 3777
thp_fault_alloc 3959
thp_fault_fallback 6952
thp_collapse_alloc 4144
thp_collapse_alloc_failed 0
thp_split 5933
thp_zero_page_alloc 1
thp_zero_page_alloc_failed 0
thp_promote 3777
thp_fault_alloc 3985
thp_fault_fallback 6952
thp_collapse_alloc 4144
thp_collapse_alloc_failed 0
thp_split 5933
thp_zero_page_alloc 1
thp_zero_page_alloc_failed 0
thp_promote 3777
thp_fault_alloc 3994
thp_fault_fallback 6952
thp_collapse_alloc 4144
thp_collapse_alloc_failed 0
thp_split 5933
thp_zero_page_alloc 1
thp_zero_page_alloc_failed 0
thp_promote 3777
thp_fault_alloc 3997
thp_fault_fallback 6952
thp_collapse_alloc 4144
thp_collapse_alloc_failed 0
thp_split 5933
thp_zero_page_alloc 1
thp_zero_page_alloc_failed 0
thp_promote 3777
thp_fault_alloc 4000
thp_fault_fallback 6952
thp_collapse_alloc 4144
thp_collapse_alloc_failed 0
thp_split 5933
thp_zero_page_alloc 1
thp_zero_page_alloc_failed 0
thp_promote 3777
thp_fault_alloc 4024
thp_fault_fallback 6952
thp_collapse_alloc 4144
thp_collapse_alloc_failed 0
thp_split 5933
thp_zero_page_alloc 1
thp_zero_page_alloc_failed 0
thp_promote 3777
thp_fault_alloc 4049
thp_fault_fallback 6952
thp_collapse_alloc 4144
thp_collapse_alloc_failed 0
thp_split 5933
thp_zero_page_alloc 1
thp_zero_page_alloc_failed 0
thp_promote 3777
thp_fault_alloc 4073
thp_fault_fallback 6952
thp_collapse_alloc 4144
thp_collapse_alloc_failed 0
thp_split 5933
thp_zero_page_alloc 1
thp_zero_page_alloc_failed 0
thp_promote 3777
thp_fault_alloc 4080
thp_fault_fallback 6952
thp_collapse_alloc 4200
thp_collapse_alloc_failed 0
thp_split 5933
thp_zero_page_alloc 1
thp_zero_page_alloc_failed 0
thp_promote 4958
thp_fault_alloc 4106
thp_fault_fallback 6952
thp_collapse_alloc 4213
thp_collapse_alloc_failed 0
thp_split 5933
thp_zero_page_alloc 1
thp_zero_page_alloc_failed 0
thp_promote 5818
thp_fault_alloc 4131
thp_fault_fallback 6952
thp_collapse_alloc 4213
thp_collapse_alloc_failed 0
thp_split 5933
thp_zero_page_alloc 1
thp_zero_page_alloc_failed 0
thp_promote 5818
thp_fault_alloc 4158
thp_fault_fallback 6952
thp_collapse_alloc 4213
thp_collapse_alloc_failed 0
thp_split 5933
thp_zero_page_alloc 1
thp_zero_page_alloc_failed 0
thp_promote 5818
thp_fault_alloc 4184
thp_fault_fallback 6952
thp_collapse_alloc 4213
thp_collapse_alloc_failed 0
thp_split 5933
thp_zero_page_alloc 1
thp_zero_page_alloc_failed 0
thp_promote 5818
thp_fault_alloc 4210
thp_fault_fallback 6952
thp_collapse_alloc 4213
thp_collapse_alloc_failed 0
thp_split 5933
thp_zero_page_alloc 1
thp_zero_page_alloc_failed 0
thp_promote 5818
thp_fault_alloc 4237
thp_fault_fallback 6952
thp_collapse_alloc 4213
thp_collapse_alloc_failed 0
thp_split 5933
thp_zero_page_alloc 1
thp_zero_page_alloc_failed 0
thp_promote 5818
thp_fault_alloc 4265
thp_fault_fallback 6952
thp_collapse_alloc 4213
thp_collapse_alloc_failed 0
thp_split 5933
thp_zero_page_alloc 1
thp_zero_page_alloc_failed 0
thp_promote 5818
thp_fault_alloc 4292
thp_fault_fallback 6952
thp_collapse_alloc 4213
thp_collapse_alloc_failed 0
thp_split 5933
thp_zero_page_alloc 1
thp_zero_page_alloc_failed 0
thp_promote 5818
thp_fault_alloc 4319
thp_fault_fallback 6952
thp_collapse_alloc 4213
thp_collapse_alloc_failed 0
thp_split 5933
thp_zero_page_alloc 1
thp_zero_page_alloc_failed 0
thp_promote 5818
thp_fault_alloc 4347
thp_fault_fallback 6952
thp_collapse_alloc 4213
thp_collapse_alloc_failed 0
thp_split 5933
thp_zero_page_alloc 1
thp_zero_page_alloc_failed 0
thp_promote 5818
thp_fault_alloc 4373
thp_fault_fallback 6952
thp_collapse_alloc 4213
thp_collapse_alloc_failed 0
thp_split 5933
thp_zero_page_alloc 1
thp_zero_page_alloc_failed 0
thp_promote 5818
thp_fault_alloc 4400
thp_fault_fallback 6952
thp_collapse_alloc 4213
thp_collapse_alloc_failed 0
thp_split 5933
thp_zero_page_alloc 1
thp_zero_page_alloc_failed 0
thp_promote 5818
thp_fault_alloc 4426
thp_fault_fallback 6952
thp_collapse_alloc 4213
thp_collapse_alloc_failed 0
thp_split 5933
thp_zero_page_alloc 1
thp_zero_page_alloc_failed 0
thp_promote 5818
thp_fault_alloc 4450
thp_fault_fallback 6952
thp_collapse_alloc 4213
thp_collapse_alloc_failed 0
thp_split 5933
thp_zero_page_alloc 1
thp_zero_page_alloc_failed 0
thp_promote 5818
thp_fault_alloc 4474
thp_fault_fallback 6952
thp_collapse_alloc 4213
thp_collapse_alloc_failed 0
thp_split 5933
thp_zero_page_alloc 1
thp_zero_page_alloc_failed 0
thp_promote 5818
thp_fault_alloc 4498
thp_fault_fallback 6952
thp_collapse_alloc 4213
thp_collapse_alloc_failed 0
thp_split 5933
thp_zero_page_alloc 1
thp_zero_page_alloc_failed 0
thp_promote 5818
thp_fault_alloc 4522
thp_fault_fallback 6952
thp_collapse_alloc 4213
thp_collapse_alloc_failed 0
thp_split 5933
thp_zero_page_alloc 1
thp_zero_page_alloc_failed 0
thp_promote 5818
thp_fault_alloc 4548
thp_fault_fallback 6952
thp_collapse_alloc 4213
thp_collapse_alloc_failed 0
thp_split 5933
thp_zero_page_alloc 1
thp_zero_page_alloc_failed 0
thp_promote 5818
thp_fault_alloc 4575
thp_fault_fallback 6952
thp_collapse_alloc 4213
thp_collapse_alloc_failed 0
thp_split 5933
thp_zero_page_alloc 1
thp_zero_page_alloc_failed 0
thp_promote 5818
thp_fault_alloc 4600
thp_fault_fallback 6952
thp_collapse_alloc 4213
thp_collapse_alloc_failed 0
thp_split 5933
thp_zero_page_alloc 1
thp_zero_page_alloc_failed 0
thp_promote 5818
thp_fault_alloc 4623
thp_fault_fallback 6952
thp_collapse_alloc 4213
thp_collapse_alloc_failed 0
thp_split 5933
thp_zero_page_alloc 1
thp_zero_page_alloc_failed 0
thp_promote 5818
thp_fault_alloc 4646
thp_fault_fallback 6952
thp_collapse_alloc 4213
thp_collapse_alloc_failed 0
thp_split 5933
thp_zero_page_alloc 1
thp_zero_page_alloc_failed 0
thp_promote 5818
thp_fault_alloc 4672
thp_fault_fallback 6952
thp_collapse_alloc 4213
thp_collapse_alloc_failed 0
thp_split 5933
thp_zero_page_alloc 1
thp_zero_page_alloc_failed 0
thp_promote 5818
thp_fault_alloc 4697
thp_fault_fallback 6952
thp_collapse_alloc 4213
thp_collapse_alloc_failed 0
thp_split 5933
thp_zero_page_alloc 1
thp_zero_page_alloc_failed 0
thp_promote 5818
thp_fault_alloc 4722
thp_fault_fallback 6952
thp_collapse_alloc 4213
thp_collapse_alloc_failed 0
thp_split 5933
thp_zero_page_alloc 1
thp_zero_page_alloc_failed 0
thp_promote 5818
thp_fault_alloc 4748
thp_fault_fallback 6952
thp_collapse_alloc 4213
thp_collapse_alloc_failed 0
thp_split 5933
thp_zero_page_alloc 1
thp_zero_page_alloc_failed 0
thp_promote 5818
thp_fault_alloc 4768
thp_fault_fallback 6952
thp_collapse_alloc 4213
thp_collapse_alloc_failed 0
thp_split 5933
thp_zero_page_alloc 1
thp_zero_page_alloc_failed 0
thp_promote 5818
thp_fault_alloc 4789
thp_fault_fallback 6952
thp_collapse_alloc 4213
thp_collapse_alloc_failed 0
thp_split 5933
thp_zero_page_alloc 1
thp_zero_page_alloc_failed 0
thp_promote 5818
thp_fault_alloc 4809
thp_fault_fallback 6952
thp_collapse_alloc 4213
thp_collapse_alloc_failed 0
thp_split 5933
thp_zero_page_alloc 1
thp_zero_page_alloc_failed 0
thp_promote 5818
thp_fault_alloc 4828
thp_fault_fallback 6952
thp_collapse_alloc 4213
thp_collapse_alloc_failed 0
thp_split 5933
thp_zero_page_alloc 1
thp_zero_page_alloc_failed 0
thp_promote 5818
thp_fault_alloc 4848
thp_fault_fallback 6952
thp_collapse_alloc 4213
thp_collapse_alloc_failed 0
thp_split 5933
thp_zero_page_alloc 1
thp_zero_page_alloc_failed 0
thp_promote 5818
thp_fault_alloc 4870
thp_fault_fallback 6952
thp_collapse_alloc 4213
thp_collapse_alloc_failed 0
thp_split 5933
thp_zero_page_alloc 1
thp_zero_page_alloc_failed 0
thp_promote 5818
thp_fault_alloc 4892
thp_fault_fallback 6952
thp_collapse_alloc 4213
thp_collapse_alloc_failed 0
thp_split 5933
thp_zero_page_alloc 1
thp_zero_page_alloc_failed 0
thp_promote 5818
thp_fault_alloc 4915
thp_fault_fallback 6952
thp_collapse_alloc 4213
thp_collapse_alloc_failed 0
thp_split 5933
thp_zero_page_alloc 1
thp_zero_page_alloc_failed 0
thp_promote 5818
thp_fault_alloc 4939
thp_fault_fallback 6952
thp_collapse_alloc 4213
thp_collapse_alloc_failed 0
thp_split 5933
thp_zero_page_alloc 1
thp_zero_page_alloc_failed 0
thp_promote 5818
thp_fault_alloc 4960
thp_fault_fallback 6952
thp_collapse_alloc 4213
thp_collapse_alloc_failed 0
thp_split 5933
thp_zero_page_alloc 1
thp_zero_page_alloc_failed 0
thp_promote 5818
thp_fault_alloc 4982
thp_fault_fallback 6952
thp_collapse_alloc 4213
thp_collapse_alloc_failed 0
thp_split 5933
thp_zero_page_alloc 1
thp_zero_page_alloc_failed 0
thp_promote 5818
thp_fault_alloc 5004
thp_fault_fallback 6952
thp_collapse_alloc 4213
thp_collapse_alloc_failed 0
thp_split 5933
thp_zero_page_alloc 1
thp_zero_page_alloc_failed 0
thp_promote 5818
thp_fault_alloc 5027
thp_fault_fallback 6952
thp_collapse_alloc 4213
thp_collapse_alloc_failed 0
thp_split 5933
thp_zero_page_alloc 1
thp_zero_page_alloc_failed 0
thp_promote 5818
thp_fault_alloc 5051
thp_fault_fallback 6952
thp_collapse_alloc 4213
thp_collapse_alloc_failed 0
thp_split 5933
thp_zero_page_alloc 1
thp_zero_page_alloc_failed 0
thp_promote 5818
thp_fault_alloc 5072
thp_fault_fallback 6952
thp_collapse_alloc 4213
thp_collapse_alloc_failed 0
thp_split 5933
thp_zero_page_alloc 1
thp_zero_page_alloc_failed 0
thp_promote 5818
thp_fault_alloc 5093
thp_fault_fallback 6952
thp_collapse_alloc 4213
thp_collapse_alloc_failed 0
thp_split 5933
thp_zero_page_alloc 1
thp_zero_page_alloc_failed 0
thp_promote 5818
thp_fault_alloc 5116
thp_fault_fallback 6952
thp_collapse_alloc 4213
thp_collapse_alloc_failed 0
thp_split 5933
thp_zero_page_alloc 1
thp_zero_page_alloc_failed 0
thp_promote 5818
thp_fault_alloc 5139
thp_fault_fallback 6952
thp_collapse_alloc 4213
thp_collapse_alloc_failed 0
thp_split 5933
thp_zero_page_alloc 1
thp_zero_page_alloc_failed 0
thp_promote 5818
thp_fault_alloc 5163
thp_fault_fallback 6952
thp_collapse_alloc 4213
thp_collapse_alloc_failed 0
thp_split 5933
thp_zero_page_alloc 1
thp_zero_page_alloc_failed 0
thp_promote 5818
thp_fault_alloc 5185
thp_fault_fallback 6952
thp_collapse_alloc 4213
thp_collapse_alloc_failed 0
thp_split 5933
thp_zero_page_alloc 1
thp_zero_page_alloc_failed 0
thp_promote 5818
thp_fault_alloc 5208
thp_fault_fallback 6952
thp_collapse_alloc 4213
thp_collapse_alloc_failed 0
thp_split 5933
thp_zero_page_alloc 1
thp_zero_page_alloc_failed 0
thp_promote 5818
thp_fault_alloc 5230
thp_fault_fallback 6952
thp_collapse_alloc 4213
thp_collapse_alloc_failed 0
thp_split 5933
thp_zero_page_alloc 1
thp_zero_page_alloc_failed 0
thp_promote 5818
thp_fault_alloc 5254
thp_fault_fallback 6952
thp_collapse_alloc 4213
thp_collapse_alloc_failed 0
thp_split 5933
thp_zero_page_alloc 1
thp_zero_page_alloc_failed 0
thp_promote 5818
thp_fault_alloc 5276
thp_fault_fallback 6952
thp_collapse_alloc 4213
thp_collapse_alloc_failed 0
thp_split 5933
thp_zero_page_alloc 1
thp_zero_page_alloc_failed 0
thp_promote 5818
thp_fault_alloc 5298
thp_fault_fallback 6952
thp_collapse_alloc 4213
thp_collapse_alloc_failed 0
thp_split 5933
thp_zero_page_alloc 1
thp_zero_page_alloc_failed 0
thp_promote 5818
thp_fault_alloc 5320
thp_fault_fallback 6952
thp_collapse_alloc 4213
thp_collapse_alloc_failed 0
thp_split 5933
thp_zero_page_alloc 1
thp_zero_page_alloc_failed 0
thp_promote 5818
thp_fault_alloc 5339
thp_fault_fallback 11515
thp_collapse_alloc 4213
thp_collapse_alloc_failed 0
thp_split 10496
thp_zero_page_alloc 1
thp_zero_page_alloc_failed 0
thp_promote 5818
thp_fault_alloc 5345
thp_fault_fallback 12364
thp_collapse_alloc 4213
thp_collapse_alloc_failed 0
thp_split 11345
thp_zero_page_alloc 1
thp_zero_page_alloc_failed 0
thp_promote 5818
thp_fault_alloc 5351
thp_fault_fallback 12364
thp_collapse_alloc 4213
thp_collapse_alloc_failed 0
thp_split 11345
thp_zero_page_alloc 1
thp_zero_page_alloc_failed 0
thp_promote 5818
thp_fault_alloc 5358
thp_fault_fallback 12364
thp_collapse_alloc 4213
thp_collapse_alloc_failed 0
thp_split 11345
thp_zero_page_alloc 1
thp_zero_page_alloc_failed 0
thp_promote 5818
thp_fault_alloc 5365
thp_fault_fallback 12364
thp_collapse_alloc 4213
thp_collapse_alloc_failed 0
thp_split 11345
thp_zero_page_alloc 1
thp_zero_page_alloc_failed 0
thp_promote 5818
thp_fault_alloc 5373
thp_fault_fallback 12364
thp_collapse_alloc 4213
thp_collapse_alloc_failed 0
thp_split 11345
thp_zero_page_alloc 1
thp_zero_page_alloc_failed 0
thp_promote 5818
thp_fault_alloc 5381
thp_fault_fallback 12364
thp_collapse_alloc 4213
thp_collapse_alloc_failed 0
thp_split 11345
thp_zero_page_alloc 1
thp_zero_page_alloc_failed 0
thp_promote 5818
thp_fault_alloc 5391
thp_fault_fallback 12364
thp_collapse_alloc 4213
thp_collapse_alloc_failed 0
thp_split 11345
thp_zero_page_alloc 1
thp_zero_page_alloc_failed 0
thp_promote 5818
thp_fault_alloc 5401
thp_fault_fallback 12364
thp_collapse_alloc 4213
thp_collapse_alloc_failed 0
thp_split 11345
thp_zero_page_alloc 1
thp_zero_page_alloc_failed 0
thp_promote 5818
thp_fault_alloc 5411
thp_fault_fallback 12364
thp_collapse_alloc 4213
thp_collapse_alloc_failed 0
thp_split 11345
thp_zero_page_alloc 1
thp_zero_page_alloc_failed 0
thp_promote 5818
thp_fault_alloc 5422
thp_fault_fallback 12364
thp_collapse_alloc 4213
thp_collapse_alloc_failed 0
thp_split 11345
thp_zero_page_alloc 1
thp_zero_page_alloc_failed 0
thp_promote 5818
thp_fault_alloc 5434
thp_fault_fallback 12364
thp_collapse_alloc 4213
thp_collapse_alloc_failed 0
thp_split 11345
thp_zero_page_alloc 1
thp_zero_page_alloc_failed 0
thp_promote 5818
thp_fault_alloc 5447
thp_fault_fallback 12364
thp_collapse_alloc 4213
thp_collapse_alloc_failed 0
thp_split 11345
thp_zero_page_alloc 1
thp_zero_page_alloc_failed 0
thp_promote 5818
thp_fault_alloc 5460
thp_fault_fallback 12364
thp_collapse_alloc 4213
thp_collapse_alloc_failed 0
thp_split 11345
thp_zero_page_alloc 1
thp_zero_page_alloc_failed 0
thp_promote 5818
thp_fault_alloc 5474
thp_fault_fallback 12364
thp_collapse_alloc 4213
thp_collapse_alloc_failed 0
thp_split 11345
thp_zero_page_alloc 1
thp_zero_page_alloc_failed 0
thp_promote 5818
thp_fault_alloc 5476
thp_fault_fallback 12364
thp_collapse_alloc 4269
thp_collapse_alloc_failed 0
thp_split 11345
thp_zero_page_alloc 1
thp_zero_page_alloc_failed 0
thp_promote 6312
thp_fault_alloc 5488
thp_fault_fallback 12364
thp_collapse_alloc 4401
thp_collapse_alloc_failed 0
thp_split 11345
thp_zero_page_alloc 1
thp_zero_page_alloc_failed 0
thp_promote 6312
thp_fault_alloc 5488
thp_fault_fallback 12364
thp_collapse_alloc 4466
thp_collapse_alloc_failed 0
thp_split 11345
thp_zero_page_alloc 1
thp_zero_page_alloc_failed 0
thp_promote 6312
thp_fault_alloc 5492
thp_fault_fallback 12364
thp_collapse_alloc 4537
thp_collapse_alloc_failed 0
thp_split 11345
thp_zero_page_alloc 1
thp_zero_page_alloc_failed 0
thp_promote 6312
thp_fault_alloc 5507
thp_fault_fallback 12364
thp_collapse_alloc 4608
thp_collapse_alloc_failed 0
thp_split 11345
thp_zero_page_alloc 1
thp_zero_page_alloc_failed 0
thp_promote 6312
thp_fault_alloc 5515
thp_fault_fallback 12364
thp_collapse_alloc 4679
thp_collapse_alloc_failed 0
thp_split 11345
thp_zero_page_alloc 1
thp_zero_page_alloc_failed 0
thp_promote 6312
thp_fault_alloc 5525
thp_fault_fallback 12364
thp_collapse_alloc 4715
thp_collapse_alloc_failed 0
thp_split 11345
thp_zero_page_alloc 1
thp_zero_page_alloc_failed 0
thp_promote 6312
thp_fault_alloc 5541
thp_fault_fallback 12364
thp_collapse_alloc 4715
thp_collapse_alloc_failed 0
thp_split 11345
thp_zero_page_alloc 1
thp_zero_page_alloc_failed 0
thp_promote 6312
thp_fault_alloc 5558
thp_fault_fallback 12364
thp_collapse_alloc 4715
thp_collapse_alloc_failed 0
thp_split 11345
thp_zero_page_alloc 1
thp_zero_page_alloc_failed 0
thp_promote 6312
thp_fault_alloc 5575
thp_fault_fallback 12364
thp_collapse_alloc 4715
thp_collapse_alloc_failed 0
thp_split 11345
thp_zero_page_alloc 1
thp_zero_page_alloc_failed 0
thp_promote 6312
thp_fault_alloc 5593
thp_fault_fallback 12364
thp_collapse_alloc 4715
thp_collapse_alloc_failed 0
thp_split 11345
thp_zero_page_alloc 1
thp_zero_page_alloc_failed 0
thp_promote 6312
thp_fault_alloc 5611
thp_fault_fallback 12364
thp_collapse_alloc 4715
thp_collapse_alloc_failed 0
thp_split 11345
thp_zero_page_alloc 1
thp_zero_page_alloc_failed 0
thp_promote 6312
thp_fault_alloc 5630
thp_fault_fallback 12364
thp_collapse_alloc 4715
thp_collapse_alloc_failed 0
thp_split 11345
thp_zero_page_alloc 1
thp_zero_page_alloc_failed 0
thp_promote 6312
thp_fault_alloc 5647
thp_fault_fallback 12364
thp_collapse_alloc 4715
thp_collapse_alloc_failed 0
thp_split 11345
thp_zero_page_alloc 1
thp_zero_page_alloc_failed 0
thp_promote 6312
thp_fault_alloc 5666
thp_fault_fallback 12364
thp_collapse_alloc 4715
thp_collapse_alloc_failed 0
thp_split 11345
thp_zero_page_alloc 1
thp_zero_page_alloc_failed 0
thp_promote 6312
thp_fault_alloc 5684
thp_fault_fallback 12364
thp_collapse_alloc 4728
thp_collapse_alloc_failed 0
thp_split 11345
thp_zero_page_alloc 1
thp_zero_page_alloc_failed 0
thp_promote 6333
thp_fault_alloc 5735
thp_fault_fallback 12364
thp_collapse_alloc 4728
thp_collapse_alloc_failed 0
thp_split 11345
thp_zero_page_alloc 1
thp_zero_page_alloc_failed 0
thp_promote 6333
thp_fault_alloc 5754
thp_fault_fallback 12364
thp_collapse_alloc 4728
thp_collapse_alloc_failed 0
thp_split 11345
thp_zero_page_alloc 1
thp_zero_page_alloc_failed 0
thp_promote 6333
thp_fault_alloc 5773
thp_fault_fallback 12364
thp_collapse_alloc 4728
thp_collapse_alloc_failed 0
thp_split 11345
thp_zero_page_alloc 1
thp_zero_page_alloc_failed 0
thp_promote 6333
thp_fault_alloc 5809
thp_fault_fallback 12364
thp_collapse_alloc 4728
thp_collapse_alloc_failed 0
thp_split 11345
thp_zero_page_alloc 1
thp_zero_page_alloc_failed 0
thp_promote 6333
thp_fault_alloc 5828
thp_fault_fallback 12364
thp_collapse_alloc 4728
thp_collapse_alloc_failed 0
thp_split 11345
thp_zero_page_alloc 1
thp_zero_page_alloc_failed 0
thp_promote 6333
thp_fault_alloc 5847
thp_fault_fallback 12364
thp_collapse_alloc 4728
thp_collapse_alloc_failed 0
thp_split 11345
thp_zero_page_alloc 1
thp_zero_page_alloc_failed 0
thp_promote 6333
thp_fault_alloc 5864
thp_fault_fallback 12364
thp_collapse_alloc 4817
thp_collapse_alloc_failed 0
thp_split 11345
thp_zero_page_alloc 1
thp_zero_page_alloc_failed 0
thp_promote 7462
thp_fault_alloc 5879
thp_fault_fallback 12364
thp_collapse_alloc 4875
thp_collapse_alloc_failed 0
thp_split 11345
thp_zero_page_alloc 1
thp_zero_page_alloc_failed 0
thp_promote 7462
thp_fault_alloc 5883
thp_fault_fallback 12364
thp_collapse_alloc 4935
thp_collapse_alloc_failed 0
thp_split 11345
thp_zero_page_alloc 1
thp_zero_page_alloc_failed 0
thp_promote 7462
thp_fault_alloc 5900
thp_fault_fallback 12364
thp_collapse_alloc 5001
thp_collapse_alloc_failed 0
thp_split 11345
thp_zero_page_alloc 1
thp_zero_page_alloc_failed 0
thp_promote 7462
thp_fault_alloc 5911
thp_fault_fallback 12364
thp_collapse_alloc 5065
thp_collapse_alloc_failed 0
thp_split 11345
thp_zero_page_alloc 1
thp_zero_page_alloc_failed 0
thp_promote 7462
thp_fault_alloc 5919
thp_fault_fallback 12364
thp_collapse_alloc 5129
thp_collapse_alloc_failed 0
thp_split 11345
thp_zero_page_alloc 1
thp_zero_page_alloc_failed 0
thp_promote 7462
thp_fault_alloc 5936
thp_fault_fallback 12364
thp_collapse_alloc 5193
thp_collapse_alloc_failed 0
thp_split 11345
thp_zero_page_alloc 1
thp_zero_page_alloc_failed 0
thp_promote 7462
thp_fault_alloc 5954
thp_fault_fallback 12364
thp_collapse_alloc 5259
thp_collapse_alloc_failed 0
thp_split 11345
thp_zero_page_alloc 1
thp_zero_page_alloc_failed 0
thp_promote 7462
thp_fault_alloc 5971
thp_fault_fallback 12364
thp_collapse_alloc 5325
thp_collapse_alloc_failed 0
thp_split 11345
thp_zero_page_alloc 1
thp_zero_page_alloc_failed 0
thp_promote 7462
thp_fault_alloc 5988
thp_fault_fallback 12364
thp_collapse_alloc 5390
thp_collapse_alloc_failed 0
thp_split 11345
thp_zero_page_alloc 1
thp_zero_page_alloc_failed 0
thp_promote 7462
thp_fault_alloc 6005
thp_fault_fallback 12364
thp_collapse_alloc 5452
thp_collapse_alloc_failed 0
thp_split 11345
thp_zero_page_alloc 1
thp_zero_page_alloc_failed 0
thp_promote 7462
thp_fault_alloc 6008
thp_fault_fallback 12364
thp_collapse_alloc 5532
thp_collapse_alloc_failed 0
thp_split 11345
thp_zero_page_alloc 1
thp_zero_page_alloc_failed 0
thp_promote 7462
thp_fault_alloc 6024
thp_fault_fallback 12364
thp_collapse_alloc 5640
thp_collapse_alloc_failed 0
thp_split 11345
thp_zero_page_alloc 1
thp_zero_page_alloc_failed 0
thp_promote 7462
thp_fault_alloc 6041
thp_fault_fallback 12364
thp_collapse_alloc 5707
thp_collapse_alloc_failed 0
thp_split 11345
thp_zero_page_alloc 1
thp_zero_page_alloc_failed 0
thp_promote 7462
thp_fault_alloc 6059
thp_fault_fallback 12364
thp_collapse_alloc 5768
thp_collapse_alloc_failed 0
thp_split 11345
thp_zero_page_alloc 1
thp_zero_page_alloc_failed 0
thp_promote 7462
thp_fault_alloc 6076
thp_fault_fallback 12364
thp_collapse_alloc 5835
thp_collapse_alloc_failed 0
thp_split 11345
thp_zero_page_alloc 1
thp_zero_page_alloc_failed 0
thp_promote 7462
thp_fault_alloc 6094
thp_fault_fallback 12364
thp_collapse_alloc 5902
thp_collapse_alloc_failed 0
thp_split 11345
thp_zero_page_alloc 1
thp_zero_page_alloc_failed 0
thp_promote 7462
thp_fault_alloc 6111
thp_fault_fallback 12364
thp_collapse_alloc 5968
thp_collapse_alloc_failed 0
thp_split 11345
thp_zero_page_alloc 1
thp_zero_page_alloc_failed 0
thp_promote 7462
thp_fault_alloc 6118
thp_fault_fallback 12364
thp_collapse_alloc 6035
thp_collapse_alloc_failed 0
thp_split 11345
thp_zero_page_alloc 1
thp_zero_page_alloc_failed 0
thp_promote 7462
thp_fault_alloc 6129
thp_fault_fallback 12364
thp_collapse_alloc 6100
thp_collapse_alloc_failed 0
thp_split 11345
thp_zero_page_alloc 1
thp_zero_page_alloc_failed 0
thp_promote 7462
thp_fault_alloc 6146
thp_fault_fallback 12364
thp_collapse_alloc 6167
thp_collapse_alloc_failed 0
thp_split 11345
thp_zero_page_alloc 1
thp_zero_page_alloc_failed 0
thp_promote 7462
thp_fault_alloc 6162
thp_fault_fallback 12364
thp_collapse_alloc 6234
thp_collapse_alloc_failed 0
thp_split 11345
thp_zero_page_alloc 1
thp_zero_page_alloc_failed 0
thp_promote 7462
thp_fault_alloc 6180
thp_fault_fallback 12364
thp_collapse_alloc 6301
thp_collapse_alloc_failed 0
thp_split 11345
thp_zero_page_alloc 1
thp_zero_page_alloc_failed 0
thp_promote 7462
thp_fault_alloc 6197
thp_fault_fallback 12364
thp_collapse_alloc 6378
thp_collapse_alloc_failed 0
thp_split 11345
thp_zero_page_alloc 1
thp_zero_page_alloc_failed 0
thp_promote 7462
thp_fault_alloc 6214
thp_fault_fallback 12364
thp_collapse_alloc 6483
thp_collapse_alloc_failed 0
thp_split 11345
thp_zero_page_alloc 1
thp_zero_page_alloc_failed 0
thp_promote 7462
thp_fault_alloc 6216
thp_fault_fallback 12364
thp_collapse_alloc 6547
thp_collapse_alloc_failed 0
thp_split 11345
thp_zero_page_alloc 1
thp_zero_page_alloc_failed 0
thp_promote 7462
thp_fault_alloc 6233
thp_fault_fallback 12364
thp_collapse_alloc 6614
thp_collapse_alloc_failed 0
thp_split 11345
thp_zero_page_alloc 1
thp_zero_page_alloc_failed 0
thp_promote 7462
thp_fault_alloc 6249
thp_fault_fallback 12364
thp_collapse_alloc 6681
thp_collapse_alloc_failed 0
thp_split 11345
thp_zero_page_alloc 1
thp_zero_page_alloc_failed 0
thp_promote 7462
thp_fault_alloc 6276
thp_fault_fallback 12364
thp_collapse_alloc 6744
thp_collapse_alloc_failed 0
thp_split 11345
thp_zero_page_alloc 1
thp_zero_page_alloc_failed 0
thp_promote 7462
thp_fault_alloc 6294
thp_fault_fallback 12364
thp_collapse_alloc 6828
thp_collapse_alloc_failed 0
thp_split 11345
thp_zero_page_alloc 1
thp_zero_page_alloc_failed 0
thp_promote 7462
thp_fault_alloc 6310
thp_fault_fallback 12364
thp_collapse_alloc 6828
thp_collapse_alloc_failed 0
thp_split 11345
thp_zero_page_alloc 1
thp_zero_page_alloc_failed 0
thp_promote 7462
thp_fault_alloc 6326
thp_fault_fallback 12364
thp_collapse_alloc 6828
thp_collapse_alloc_failed 0
thp_split 11345
thp_zero_page_alloc 1
thp_zero_page_alloc_failed 0
thp_promote 7462
thp_fault_alloc 6344
thp_fault_fallback 12364
thp_collapse_alloc 6828
thp_collapse_alloc_failed 0
thp_split 11345
thp_zero_page_alloc 1
thp_zero_page_alloc_failed 0
thp_promote 7462
thp_fault_alloc 6360
thp_fault_fallback 12364
thp_collapse_alloc 6828
thp_collapse_alloc_failed 0
thp_split 11345
thp_zero_page_alloc 1
thp_zero_page_alloc_failed 0
thp_promote 7462
thp_fault_alloc 6376
thp_fault_fallback 12364
thp_collapse_alloc 6828
thp_collapse_alloc_failed 0
thp_split 11345
thp_zero_page_alloc 1
thp_zero_page_alloc_failed 0
thp_promote 7462
thp_fault_alloc 6392
thp_fault_fallback 12364
thp_collapse_alloc 6828
thp_collapse_alloc_failed 0
thp_split 11345
thp_zero_page_alloc 1
thp_zero_page_alloc_failed 0
thp_promote 7462
thp_fault_alloc 6408
thp_fault_fallback 12364
thp_collapse_alloc 6828
thp_collapse_alloc_failed 0
thp_split 11345
thp_zero_page_alloc 1
thp_zero_page_alloc_failed 0
thp_promote 7462
thp_fault_alloc 6423
thp_fault_fallback 12364
thp_collapse_alloc 6828
thp_collapse_alloc_failed 0
thp_split 11345
thp_zero_page_alloc 1
thp_zero_page_alloc_failed 0
thp_promote 7462
thp_fault_alloc 6439
thp_fault_fallback 12364
thp_collapse_alloc 6828
thp_collapse_alloc_failed 0
thp_split 11345
thp_zero_page_alloc 1
thp_zero_page_alloc_failed 0
thp_promote 7462
thp_fault_alloc 6456
thp_fault_fallback 12364
thp_collapse_alloc 6828
thp_collapse_alloc_failed 0
thp_split 11345
thp_zero_page_alloc 1
thp_zero_page_alloc_failed 0
thp_promote 10585
thp_fault_alloc 6474
thp_fault_fallback 12364
thp_collapse_alloc 6828
thp_collapse_alloc_failed 0
thp_split 11345
thp_zero_page_alloc 1
thp_zero_page_alloc_failed 0
thp_promote 11230
thp_fault_alloc 6492
thp_fault_fallback 12364
thp_collapse_alloc 6828
thp_collapse_alloc_failed 0
thp_split 11345
thp_zero_page_alloc 1
thp_zero_page_alloc_failed 0
thp_promote 11230
thp_fault_alloc 6509
thp_fault_fallback 12364
thp_collapse_alloc 6828
thp_collapse_alloc_failed 0
thp_split 11345
thp_zero_page_alloc 1
thp_zero_page_alloc_failed 0
thp_promote 11230
thp_fault_alloc 6526
thp_fault_fallback 12364
thp_collapse_alloc 6828
thp_collapse_alloc_failed 0
thp_split 11345
thp_zero_page_alloc 1
thp_zero_page_alloc_failed 0
thp_promote 11230
thp_fault_alloc 6543
thp_fault_fallback 12364
thp_collapse_alloc 6828
thp_collapse_alloc_failed 0
thp_split 11345
thp_zero_page_alloc 1
thp_zero_page_alloc_failed 0
thp_promote 11230
thp_fault_alloc 6560
thp_fault_fallback 12364
thp_collapse_alloc 6828
thp_collapse_alloc_failed 0
thp_split 11345
thp_zero_page_alloc 1
thp_zero_page_alloc_failed 0
thp_promote 11230
thp_fault_alloc 6577
thp_fault_fallback 12364
thp_collapse_alloc 6828
thp_collapse_alloc_failed 0
thp_split 11345
thp_zero_page_alloc 1
thp_zero_page_alloc_failed 0
thp_promote 11230
thp_fault_alloc 6594
thp_fault_fallback 12364
thp_collapse_alloc 6828
thp_collapse_alloc_failed 0
thp_split 11345
thp_zero_page_alloc 1
thp_zero_page_alloc_failed 0
thp_promote 11230
thp_fault_alloc 6611
thp_fault_fallback 12364
thp_collapse_alloc 6828
thp_collapse_alloc_failed 0
thp_split 11345
thp_zero_page_alloc 1
thp_zero_page_alloc_failed 0
thp_promote 11230
thp_fault_alloc 6628
thp_fault_fallback 12364
thp_collapse_alloc 6828
thp_collapse_alloc_failed 0
thp_split 11345
thp_zero_page_alloc 1
thp_zero_page_alloc_failed 0
thp_promote 11230
thp_fault_alloc 6645
thp_fault_fallback 12364
thp_collapse_alloc 6828
thp_collapse_alloc_failed 0
thp_split 11345
thp_zero_page_alloc 1
thp_zero_page_alloc_failed 0
thp_promote 11230
thp_fault_alloc 6662
thp_fault_fallback 12364
thp_collapse_alloc 6828
thp_collapse_alloc_failed 0
thp_split 11345
thp_zero_page_alloc 1
thp_zero_page_alloc_failed 0
thp_promote 11230
thp_fault_alloc 6679
thp_fault_fallback 12364
thp_collapse_alloc 6828
thp_collapse_alloc_failed 0
thp_split 11345
thp_zero_page_alloc 1
thp_zero_page_alloc_failed 0
thp_promote 11230
thp_fault_alloc 6695
thp_fault_fallback 12364
thp_collapse_alloc 6828
thp_collapse_alloc_failed 0
thp_split 11345
thp_zero_page_alloc 1
thp_zero_page_alloc_failed 0
thp_promote 11230
thp_fault_alloc 6711
thp_fault_fallback 12364
thp_collapse_alloc 6828
thp_collapse_alloc_failed 0
thp_split 11345
thp_zero_page_alloc 1
thp_zero_page_alloc_failed 0
thp_promote 11230
thp_fault_alloc 6728
thp_fault_fallback 12364
thp_collapse_alloc 6828
thp_collapse_alloc_failed 0
thp_split 11345
thp_zero_page_alloc 1
thp_zero_page_alloc_failed 0
thp_promote 11230
thp_fault_alloc 6744
thp_fault_fallback 12364
thp_collapse_alloc 6828
thp_collapse_alloc_failed 0
thp_split 11345
thp_zero_page_alloc 1
thp_zero_page_alloc_failed 0
thp_promote 11230
thp_fault_alloc 6760
thp_fault_fallback 12364
thp_collapse_alloc 6828
thp_collapse_alloc_failed 0
thp_split 11345
thp_zero_page_alloc 1
thp_zero_page_alloc_failed 0
thp_promote 11230
thp_fault_alloc 6776
thp_fault_fallback 12364
thp_collapse_alloc 6828
thp_collapse_alloc_failed 0
thp_split 11345
thp_zero_page_alloc 1
thp_zero_page_alloc_failed 0
thp_promote 11230
thp_fault_alloc 6792
thp_fault_fallback 12364
thp_collapse_alloc 6828
thp_collapse_alloc_failed 0
thp_split 11345
thp_zero_page_alloc 1
thp_zero_page_alloc_failed 0
thp_promote 11230
thp_fault_alloc 6809
thp_fault_fallback 12364
thp_collapse_alloc 6828
thp_collapse_alloc_failed 0
thp_split 11345
thp_zero_page_alloc 1
thp_zero_page_alloc_failed 0
thp_promote 11230
thp_fault_alloc 6825
thp_fault_fallback 12364
thp_collapse_alloc 6828
thp_collapse_alloc_failed 0
thp_split 11345
thp_zero_page_alloc 1
thp_zero_page_alloc_failed 0
thp_promote 11230
thp_fault_alloc 6841
thp_fault_fallback 12364
thp_collapse_alloc 6828
thp_collapse_alloc_failed 0
thp_split 11345
thp_zero_page_alloc 1
thp_zero_page_alloc_failed 0
thp_promote 11230
thp_fault_alloc 6857
thp_fault_fallback 12364
thp_collapse_alloc 6828
thp_collapse_alloc_failed 0
thp_split 11345
thp_zero_page_alloc 1
thp_zero_page_alloc_failed 0
thp_promote 11230
thp_fault_alloc 6873
thp_fault_fallback 12364
thp_collapse_alloc 6828
thp_collapse_alloc_failed 0
thp_split 11345
thp_zero_page_alloc 1
thp_zero_page_alloc_failed 0
thp_promote 11230
thp_fault_alloc 6889
thp_fault_fallback 12364
thp_collapse_alloc 6828
thp_collapse_alloc_failed 0
thp_split 11345
thp_zero_page_alloc 1
thp_zero_page_alloc_failed 0
thp_promote 11230
thp_fault_alloc 6905
thp_fault_fallback 12364
thp_collapse_alloc 6828
thp_collapse_alloc_failed 0
thp_split 11345
thp_zero_page_alloc 1
thp_zero_page_alloc_failed 0
thp_promote 11230
thp_fault_alloc 6920
thp_fault_fallback 12364
thp_collapse_alloc 6828
thp_collapse_alloc_failed 0
thp_split 11345
thp_zero_page_alloc 1
thp_zero_page_alloc_failed 0
thp_promote 11230
thp_fault_alloc 6936
thp_fault_fallback 12364
thp_collapse_alloc 6828
thp_collapse_alloc_failed 0
thp_split 11345
thp_zero_page_alloc 1
thp_zero_page_alloc_failed 0
thp_promote 11230
thp_fault_alloc 6952
thp_fault_fallback 12364
thp_collapse_alloc 6828
thp_collapse_alloc_failed 0
thp_split 11345
thp_zero_page_alloc 1
thp_zero_page_alloc_failed 0
thp_promote 11230
thp_fault_alloc 6967
thp_fault_fallback 12364
thp_collapse_alloc 6828
thp_collapse_alloc_failed 0
thp_split 11345
thp_zero_page_alloc 1
thp_zero_page_alloc_failed 0
thp_promote 11230
thp_fault_alloc 6982
thp_fault_fallback 12364
thp_collapse_alloc 6828
thp_collapse_alloc_failed 0
thp_split 11345
thp_zero_page_alloc 1
thp_zero_page_alloc_failed 0
thp_promote 11230
thp_fault_alloc 6998
thp_fault_fallback 12364
thp_collapse_alloc 6828
thp_collapse_alloc_failed 0
thp_split 11345
thp_zero_page_alloc 1
thp_zero_page_alloc_failed 0
thp_promote 11230
thp_fault_alloc 7008
thp_fault_fallback 13388
thp_collapse_alloc 6828
thp_collapse_alloc_failed 0
thp_split 11345
thp_zero_page_alloc 1
thp_zero_page_alloc_failed 0
thp_promote 11230
thp_fault_alloc 7016
thp_fault_fallback 13388
thp_collapse_alloc 6828
thp_collapse_alloc_failed 0
thp_split 11345
thp_zero_page_alloc 1
thp_zero_page_alloc_failed 0
thp_promote 11230
thp_fault_alloc 7022
thp_fault_fallback 13388
thp_collapse_alloc 6828
thp_collapse_alloc_failed 0
thp_split 11345
thp_zero_page_alloc 1
thp_zero_page_alloc_failed 0
thp_promote 11230
thp_fault_alloc 7028
thp_fault_fallback 13388
thp_collapse_alloc 6828
thp_collapse_alloc_failed 0
thp_split 11345
thp_zero_page_alloc 1
thp_zero_page_alloc_failed 0
thp_promote 11230
thp_fault_alloc 7036
thp_fault_fallback 13388
thp_collapse_alloc 6828
thp_collapse_alloc_failed 0
thp_split 11345
thp_zero_page_alloc 1
thp_zero_page_alloc_failed 0
thp_promote 11230
thp_fault_alloc 7042
thp_fault_fallback 13388
thp_collapse_alloc 6828
thp_collapse_alloc_failed 0
thp_split 11345
thp_zero_page_alloc 1
thp_zero_page_alloc_failed 0
thp_promote 11230
thp_fault_alloc 7046
thp_fault_fallback 13388
thp_collapse_alloc 6919
thp_collapse_alloc_failed 0
thp_split 11345
thp_zero_page_alloc 1
thp_zero_page_alloc_failed 0
thp_promote 11230
thp_fault_alloc 7046
thp_fault_fallback 13388
thp_collapse_alloc 7075
thp_collapse_alloc_failed 0
thp_split 11345
thp_zero_page_alloc 1
thp_zero_page_alloc_failed 0
thp_promote 11230
thp_fault_alloc 7046
thp_fault_fallback 13388
thp_collapse_alloc 7225
thp_collapse_alloc_failed 0
thp_split 11345
thp_zero_page_alloc 1
thp_zero_page_alloc_failed 0
thp_promote 11230
thp_fault_alloc 7052
thp_fault_fallback 13388
thp_collapse_alloc 7370
thp_collapse_alloc_failed 0
thp_split 11345
thp_zero_page_alloc 1
thp_zero_page_alloc_failed 0
thp_promote 11230
thp_fault_alloc 7052
thp_fault_fallback 13388
thp_collapse_alloc 7483
thp_collapse_alloc_failed 0
thp_split 11345
thp_zero_page_alloc 1
thp_zero_page_alloc_failed 0
thp_promote 11230
thp_fault_alloc 7053
thp_fault_fallback 13388
thp_collapse_alloc 7560
thp_collapse_alloc_failed 0
thp_split 11345
thp_zero_page_alloc 1
thp_zero_page_alloc_failed 0
thp_promote 11230
thp_fault_alloc 7060
thp_fault_fallback 13388
thp_collapse_alloc 7634
thp_collapse_alloc_failed 0
thp_split 11345
thp_zero_page_alloc 1
thp_zero_page_alloc_failed 0
thp_promote 11230
thp_fault_alloc 7066
thp_fault_fallback 13388
thp_collapse_alloc 7725
thp_collapse_alloc_failed 0
thp_split 11345
thp_zero_page_alloc 1
thp_zero_page_alloc_failed 0
thp_promote 11230
thp_fault_alloc 7073
thp_fault_fallback 13388
thp_collapse_alloc 7829
thp_collapse_alloc_failed 0
thp_split 11345
thp_zero_page_alloc 1
thp_zero_page_alloc_failed 0
thp_promote 11230
thp_fault_alloc 7081
thp_fault_fallback 13388
thp_collapse_alloc 7829
thp_collapse_alloc_failed 0
thp_split 11345
thp_zero_page_alloc 1
thp_zero_page_alloc_failed 0
thp_promote 11230
thp_fault_alloc 7082
thp_fault_fallback 20726
thp_collapse_alloc 7829
thp_collapse_alloc_failed 0
thp_split 18683
thp_zero_page_alloc 1
thp_zero_page_alloc_failed 0
thp_promote 11230
thp_fault_alloc 7083
thp_fault_fallback 20732
thp_collapse_alloc 7829
thp_collapse_alloc_failed 0
thp_split 18689
thp_zero_page_alloc 1
thp_zero_page_alloc_failed 0
thp_promote 11230
thp_fault_alloc 7084
thp_fault_fallback 20733
thp_collapse_alloc 7829
thp_collapse_alloc_failed 0
thp_split 18690
thp_zero_page_alloc 1
thp_zero_page_alloc_failed 0
thp_promote 11230
thp_fault_alloc 7086
thp_fault_fallback 20734
thp_collapse_alloc 7829
thp_collapse_alloc_failed 0
thp_split 18691
thp_zero_page_alloc 1
thp_zero_page_alloc_failed 0
thp_promote 11230
thp_fault_alloc 7086
thp_fault_fallback 20736
thp_collapse_alloc 7829
thp_collapse_alloc_failed 0
thp_split 18693
thp_zero_page_alloc 1
thp_zero_page_alloc_failed 0
thp_promote 11230
thp_fault_alloc 7087
thp_fault_fallback 20738
thp_collapse_alloc 7829
thp_collapse_alloc_failed 0
thp_split 18695
thp_zero_page_alloc 1
thp_zero_page_alloc_failed 0
thp_promote 11230
thp_fault_alloc 7088
thp_fault_fallback 20740
thp_collapse_alloc 7829
thp_collapse_alloc_failed 0
thp_split 18697
thp_zero_page_alloc 1
thp_zero_page_alloc_failed 0
thp_promote 11230
thp_fault_alloc 7091
thp_fault_fallback 20742
thp_collapse_alloc 7859
thp_collapse_alloc_failed 0
thp_split 18699
thp_zero_page_alloc 1
thp_zero_page_alloc_failed 0
thp_promote 11260
thp_fault_alloc 7092
thp_fault_fallback 20744
thp_collapse_alloc 7859
thp_collapse_alloc_failed 0
thp_split 18701
thp_zero_page_alloc 1
thp_zero_page_alloc_failed 0
thp_promote 11260
thp_fault_alloc 7095
thp_fault_fallback 20747
thp_collapse_alloc 7859
thp_collapse_alloc_failed 0
thp_split 18704
thp_zero_page_alloc 1
thp_zero_page_alloc_failed 0
thp_promote 11260
thp_fault_alloc 7097
thp_fault_fallback 20751
thp_collapse_alloc 7859
thp_collapse_alloc_failed 0
thp_split 18708
thp_zero_page_alloc 1
thp_zero_page_alloc_failed 0
thp_promote 11260
thp_fault_alloc 7100
thp_fault_fallback 20755
thp_collapse_alloc 7859
thp_collapse_alloc_failed 0
thp_split 18712
thp_zero_page_alloc 1
thp_zero_page_alloc_failed 0
thp_promote 11260
thp_fault_alloc 7103
thp_fault_fallback 20760
thp_collapse_alloc 7859
thp_collapse_alloc_failed 0
thp_split 18717
thp_zero_page_alloc 1
thp_zero_page_alloc_failed 0
thp_promote 11260
thp_fault_alloc 7108
thp_fault_fallback 20766
thp_collapse_alloc 7859
thp_collapse_alloc_failed 0
thp_split 18723
thp_zero_page_alloc 1
thp_zero_page_alloc_failed 0
thp_promote 11260
thp_fault_alloc 7112
thp_fault_fallback 20773
thp_collapse_alloc 7859
thp_collapse_alloc_failed 0
thp_split 18730
thp_zero_page_alloc 1
thp_zero_page_alloc_failed 0
thp_promote 11260
thp_fault_alloc 7117
thp_fault_fallback 20780
thp_collapse_alloc 7859
thp_collapse_alloc_failed 0
thp_split 18737
thp_zero_page_alloc 1
thp_zero_page_alloc_failed 0
thp_promote 11260
thp_fault_alloc 7118
thp_fault_fallback 20781
thp_collapse_alloc 7950
thp_collapse_alloc_failed 0
thp_split 18738
thp_zero_page_alloc 1
thp_zero_page_alloc_failed 0
thp_promote 11485
thp_fault_alloc 7124
thp_fault_fallback 20788
thp_collapse_alloc 8019
thp_collapse_alloc_failed 0
thp_split 18745
thp_zero_page_alloc 1
thp_zero_page_alloc_failed 0
thp_promote 11485
thp_fault_alloc 7129
thp_fault_fallback 20796
thp_collapse_alloc 8084
thp_collapse_alloc_failed 0
thp_split 18753
thp_zero_page_alloc 1
thp_zero_page_alloc_failed 0
thp_promote 11485
thp_fault_alloc 7135
thp_fault_fallback 20803
thp_collapse_alloc 8151
thp_collapse_alloc_failed 0
thp_split 18760
thp_zero_page_alloc 1
thp_zero_page_alloc_failed 0
thp_promote 11485
thp_fault_alloc 7140
thp_fault_fallback 20811
thp_collapse_alloc 8219
thp_collapse_alloc_failed 0
thp_split 18768
thp_zero_page_alloc 1
thp_zero_page_alloc_failed 0
thp_promote 11485
thp_fault_alloc 7142
thp_fault_fallback 20814
thp_collapse_alloc 8285
thp_collapse_alloc_failed 0
thp_split 18771
thp_zero_page_alloc 1
thp_zero_page_alloc_failed 0
thp_promote 11485
thp_fault_alloc 7142
thp_fault_fallback 20814
thp_collapse_alloc 8355
thp_collapse_alloc_failed 0
thp_split 18771
thp_zero_page_alloc 1
thp_zero_page_alloc_failed 0
thp_promote 11485
thp_fault_alloc 7147
thp_fault_fallback 20821
thp_collapse_alloc 8432
thp_collapse_alloc_failed 0
thp_split 18778
thp_zero_page_alloc 1
thp_zero_page_alloc_failed 0
thp_promote 11485
thp_fault_alloc 7147
thp_fault_fallback 20822
thp_collapse_alloc 8548
thp_collapse_alloc_failed 0
thp_split 18779
thp_zero_page_alloc 1
thp_zero_page_alloc_failed 0
thp_promote 11485
thp_fault_alloc 7161
thp_fault_fallback 20841
thp_collapse_alloc 8756
thp_collapse_alloc_failed 0
thp_split 18798
thp_zero_page_alloc 1
thp_zero_page_alloc_failed 0
thp_promote 11485
thp_fault_alloc 7166
thp_fault_fallback 20849
thp_collapse_alloc 8822
thp_collapse_alloc_failed 0
thp_split 18806
thp_zero_page_alloc 1
thp_zero_page_alloc_failed 0
thp_promote 11485
thp_fault_alloc 7174
thp_fault_fallback 20860
thp_collapse_alloc 8954
thp_collapse_alloc_failed 0
thp_split 18817
thp_zero_page_alloc 1
thp_zero_page_alloc_failed 0
thp_promote 11485
thp_fault_alloc 7176
thp_fault_fallback 20863
thp_collapse_alloc 9021
thp_collapse_alloc_failed 0
thp_split 18820
thp_zero_page_alloc 1
thp_zero_page_alloc_failed 0
thp_promote 11485
thp_fault_alloc 7180
thp_fault_fallback 20869
thp_collapse_alloc 9087
thp_collapse_alloc_failed 0
thp_split 18826
thp_zero_page_alloc 1
thp_zero_page_alloc_failed 0
thp_promote 11485
thp_fault_alloc 7186
thp_fault_fallback 20877
thp_collapse_alloc 9154
thp_collapse_alloc_failed 0
thp_split 18834
thp_zero_page_alloc 1
thp_zero_page_alloc_failed 0
thp_promote 11485
thp_fault_alloc 7192
thp_fault_fallback 20885
thp_collapse_alloc 9264
thp_collapse_alloc_failed 0
thp_split 18842
thp_zero_page_alloc 1
thp_zero_page_alloc_failed 0
thp_promote 11485
thp_fault_alloc 7193
thp_fault_fallback 20886
thp_collapse_alloc 9339
thp_collapse_alloc_failed 0
thp_split 18843
thp_zero_page_alloc 1
thp_zero_page_alloc_failed 0
thp_promote 11485
thp_fault_alloc 7198
thp_fault_fallback 20894
thp_collapse_alloc 9407
thp_collapse_alloc_failed 0
thp_split 18851
thp_zero_page_alloc 1
thp_zero_page_alloc_failed 0
thp_promote 11485
thp_fault_alloc 7202
thp_fault_fallback 20900
thp_collapse_alloc 9473
thp_collapse_alloc_failed 0
thp_split 18857
thp_zero_page_alloc 1
thp_zero_page_alloc_failed 0
thp_promote 11485
thp_fault_alloc 7205
thp_fault_fallback 20904
thp_collapse_alloc 9537
thp_collapse_alloc_failed 0
thp_split 18861
thp_zero_page_alloc 1
thp_zero_page_alloc_failed 0
thp_promote 11485
thp_fault_alloc 7210
thp_fault_fallback 20912
thp_collapse_alloc 9602
thp_collapse_alloc_failed 0
thp_split 18869
thp_zero_page_alloc 1
thp_zero_page_alloc_failed 0
thp_promote 11485
thp_fault_alloc 7212
thp_fault_fallback 20914
thp_collapse_alloc 9668
thp_collapse_alloc_failed 0
thp_split 18871
thp_zero_page_alloc 1
thp_zero_page_alloc_failed 0
thp_promote 11485
thp_fault_alloc 7217
thp_fault_fallback 20921
thp_collapse_alloc 9736
thp_collapse_alloc_failed 0
thp_split 18878
thp_zero_page_alloc 1
thp_zero_page_alloc_failed 0
thp_promote 11485
thp_fault_alloc 7222
thp_fault_fallback 20929
thp_collapse_alloc 9854
thp_collapse_alloc_failed 0
thp_split 18886
thp_zero_page_alloc 1
thp_zero_page_alloc_failed 0
thp_promote 11485
thp_fault_alloc 7223
thp_fault_fallback 20931
thp_collapse_alloc 9920
thp_collapse_alloc_failed 0
thp_split 18888
thp_zero_page_alloc 1
thp_zero_page_alloc_failed 0
thp_promote 11485
thp_fault_alloc 7229
thp_fault_fallback 20939
thp_collapse_alloc 9984
thp_collapse_alloc_failed 0
thp_split 18896
thp_zero_page_alloc 1
thp_zero_page_alloc_failed 0
thp_promote 11485
thp_fault_alloc 7234
thp_fault_fallback 20947
thp_collapse_alloc 10051
thp_collapse_alloc_failed 0
thp_split 18904
thp_zero_page_alloc 1
thp_zero_page_alloc_failed 0
thp_promote 11485
thp_fault_alloc 7241
thp_fault_fallback 20955
thp_collapse_alloc 10117
thp_collapse_alloc_failed 0
thp_split 18912
thp_zero_page_alloc 1
thp_zero_page_alloc_failed 0
thp_promote 11485
thp_fault_alloc 7246
thp_fault_fallback 20964
thp_collapse_alloc 10184
thp_collapse_alloc_failed 0
thp_split 18921
thp_zero_page_alloc 1
thp_zero_page_alloc_failed 0
thp_promote 11485
thp_fault_alloc 7252
thp_fault_fallback 20972
thp_collapse_alloc 10237
thp_collapse_alloc_failed 0
thp_split 18929
thp_zero_page_alloc 1
thp_zero_page_alloc_failed 0
thp_promote 11485
thp_fault_alloc 7258
thp_fault_fallback 20981
thp_collapse_alloc 10237
thp_collapse_alloc_failed 0
thp_split 18938
thp_zero_page_alloc 1
thp_zero_page_alloc_failed 0
thp_promote 11485
thp_fault_alloc 7265
thp_fault_fallback 20990
thp_collapse_alloc 10237
thp_collapse_alloc_failed 0
thp_split 18947
thp_zero_page_alloc 1
thp_zero_page_alloc_failed 0
thp_promote 11485
thp_fault_alloc 7270
thp_fault_fallback 20999
thp_collapse_alloc 10237
thp_collapse_alloc_failed 0
thp_split 18956
thp_zero_page_alloc 1
thp_zero_page_alloc_failed 0
thp_promote 11485
thp_fault_alloc 7276
thp_fault_fallback 21008
thp_collapse_alloc 10237
thp_collapse_alloc_failed 0
thp_split 18965
thp_zero_page_alloc 1
thp_zero_page_alloc_failed 0
thp_promote 11485
thp_fault_alloc 7282
thp_fault_fallback 21017
thp_collapse_alloc 10237
thp_collapse_alloc_failed 0
thp_split 18974
thp_zero_page_alloc 1
thp_zero_page_alloc_failed 0
thp_promote 11485
thp_fault_alloc 7289
thp_fault_fallback 21026
thp_collapse_alloc 10237
thp_collapse_alloc_failed 0
thp_split 18983
thp_zero_page_alloc 1
thp_zero_page_alloc_failed 0
thp_promote 11485
thp_fault_alloc 7295
thp_fault_fallback 21034
thp_collapse_alloc 10237
thp_collapse_alloc_failed 0
thp_split 18991
thp_zero_page_alloc 1
thp_zero_page_alloc_failed 0
thp_promote 11485
thp_fault_alloc 7300
thp_fault_fallback 21044
thp_collapse_alloc 10248
thp_collapse_alloc_failed 0
thp_split 19001
thp_zero_page_alloc 1
thp_zero_page_alloc_failed 0
thp_promote 12118
thp_fault_alloc 7305
thp_fault_fallback 21051
thp_collapse_alloc 10262
thp_collapse_alloc_failed 0
thp_split 19008
thp_zero_page_alloc 1
thp_zero_page_alloc_failed 0
thp_promote 13688
thp_fault_alloc 7312
thp_fault_fallback 21060
thp_collapse_alloc 10298
thp_collapse_alloc_failed 0
thp_split 19017
thp_zero_page_alloc 1
thp_zero_page_alloc_failed 0
thp_promote 15540
thp_fault_alloc 7317
thp_fault_fallback 21072
thp_collapse_alloc 10324
thp_collapse_alloc_failed 0
thp_split 19027
thp_zero_page_alloc 1
thp_zero_page_alloc_failed 0
thp_promote 15540
thp_fault_alloc 7323
thp_fault_fallback 21082
thp_collapse_alloc 10349
thp_collapse_alloc_failed 0
thp_split 19036
thp_zero_page_alloc 1
thp_zero_page_alloc_failed 0
thp_promote 15540
thp_fault_alloc 7324
thp_fault_fallback 21086
thp_collapse_alloc 10373
thp_collapse_alloc_failed 0
thp_split 19040
thp_zero_page_alloc 1
thp_zero_page_alloc_failed 0
thp_promote 15540
thp_fault_alloc 7324
thp_fault_fallback 21086
thp_collapse_alloc 10373
thp_collapse_alloc_failed 0
thp_split 19040
thp_zero_page_alloc 1
thp_zero_page_alloc_failed 0
thp_promote 15540
thp_fault_alloc 7324
thp_fault_fallback 21086
thp_collapse_alloc 10374
thp_collapse_alloc_failed 0
thp_split 19040
thp_zero_page_alloc 1
thp_zero_page_alloc_failed 0
thp_promote 15540
thp_fault_alloc 7324
thp_fault_fallback 21086
thp_collapse_alloc 10400
thp_collapse_alloc_failed 0
thp_split 19040
thp_zero_page_alloc 1
thp_zero_page_alloc_failed 0
thp_promote 15540
thp_fault_alloc 7324
thp_fault_fallback 21086
thp_collapse_alloc 10423
thp_collapse_alloc_failed 0
thp_split 19040
thp_zero_page_alloc 1
thp_zero_page_alloc_failed 0
thp_promote 15540
thp_fault_alloc 7324
thp_fault_fallback 21086
thp_collapse_alloc 10448
thp_collapse_alloc_failed 0
thp_split 19040
thp_zero_page_alloc 1
thp_zero_page_alloc_failed 0
thp_promote 15540
thp_fault_alloc 7324
thp_fault_fallback 21086
thp_collapse_alloc 10473
thp_collapse_alloc_failed 0
thp_split 19040
thp_zero_page_alloc 1
thp_zero_page_alloc_failed 0
thp_promote 15540
thp_fault_alloc 7324
thp_fault_fallback 21086
thp_collapse_alloc 10497
thp_collapse_alloc_failed 0
thp_split 19040
thp_zero_page_alloc 1
thp_zero_page_alloc_failed 0
thp_promote 15540
thp_fault_alloc 7324
thp_fault_fallback 21086
thp_collapse_alloc 10521
thp_collapse_alloc_failed 0
thp_split 19040
thp_zero_page_alloc 1
thp_zero_page_alloc_failed 0
thp_promote 15540
thp_fault_alloc 7324
thp_fault_fallback 21086
thp_collapse_alloc 10547
thp_collapse_alloc_failed 0
thp_split 19040
thp_zero_page_alloc 1
thp_zero_page_alloc_failed 0
thp_promote 15540
thp_fault_alloc 7324
thp_fault_fallback 21086
thp_collapse_alloc 10574
thp_collapse_alloc_failed 0
thp_split 19040
thp_zero_page_alloc 1
thp_zero_page_alloc_failed 0
thp_promote 15540
thp_fault_alloc 7324
thp_fault_fallback 21086
thp_collapse_alloc 10606
thp_collapse_alloc_failed 0
thp_split 19040
thp_zero_page_alloc 1
thp_zero_page_alloc_failed 0
thp_promote 15540
thp_fault_alloc 7324
thp_fault_fallback 21086
thp_collapse_alloc 10614
thp_collapse_alloc_failed 0
thp_split 19040
thp_zero_page_alloc 1
thp_zero_page_alloc_failed 0
thp_promote 15540
thp_fault_alloc 7324
thp_fault_fallback 21086
thp_collapse_alloc 10627
thp_collapse_alloc_failed 0
thp_split 19040
thp_zero_page_alloc 1
thp_zero_page_alloc_failed 0
thp_promote 15540
thp_fault_alloc 7324
thp_fault_fallback 21086
thp_collapse_alloc 10643
thp_collapse_alloc_failed 0
thp_split 19040
thp_zero_page_alloc 1
thp_zero_page_alloc_failed 0
thp_promote 15540
thp_fault_alloc 7324
thp_fault_fallback 21086
thp_collapse_alloc 10652
thp_collapse_alloc_failed 0
thp_split 19040
thp_zero_page_alloc 1
thp_zero_page_alloc_failed 0
thp_promote 15540
thp_fault_alloc 7324
thp_fault_fallback 21086
thp_collapse_alloc 10660
thp_collapse_alloc_failed 0
thp_split 19040
thp_zero_page_alloc 1
thp_zero_page_alloc_failed 0
thp_promote 15540
thp_fault_alloc 7324
thp_fault_fallback 21086
thp_collapse_alloc 10694
thp_collapse_alloc_failed 0
thp_split 19040
thp_zero_page_alloc 1
thp_zero_page_alloc_failed 0
thp_promote 15540
thp_fault_alloc 7324
thp_fault_fallback 21086
thp_collapse_alloc 10724
thp_collapse_alloc_failed 0
thp_split 19040
thp_zero_page_alloc 1
thp_zero_page_alloc_failed 0
thp_promote 15540
thp_fault_alloc 7324
thp_fault_fallback 21086
thp_collapse_alloc 10746
thp_collapse_alloc_failed 0
thp_split 19040
thp_zero_page_alloc 1
thp_zero_page_alloc_failed 0
thp_promote 15540
thp_fault_alloc 7324
thp_fault_fallback 21086
thp_collapse_alloc 10772
thp_collapse_alloc_failed 0
thp_split 19040
thp_zero_page_alloc 1
thp_zero_page_alloc_failed 0
thp_promote 15540
thp_fault_alloc 7324
thp_fault_fallback 21086
thp_collapse_alloc 10803
thp_collapse_alloc_failed 0
thp_split 19040
thp_zero_page_alloc 1
thp_zero_page_alloc_failed 0
thp_promote 15540
thp_fault_alloc 7324
thp_fault_fallback 21086
thp_collapse_alloc 10850
thp_collapse_alloc_failed 0
thp_split 19040
thp_zero_page_alloc 1
thp_zero_page_alloc_failed 0
thp_promote 15540
thp_fault_alloc 7324
thp_fault_fallback 21086
thp_collapse_alloc 10879
thp_collapse_alloc_failed 1
thp_split 19040
thp_zero_page_alloc 1
thp_zero_page_alloc_failed 0
thp_promote 15540
thp_fault_alloc 7324
thp_fault_fallback 21086
thp_collapse_alloc 10879
thp_collapse_alloc_failed 1
thp_split 19040
thp_zero_page_alloc 1
thp_zero_page_alloc_failed 0
thp_promote 15540
thp_fault_alloc 7324
thp_fault_fallback 21086
thp_collapse_alloc 10879
thp_collapse_alloc_failed 1
thp_split 19040
thp_zero_page_alloc 1
thp_zero_page_alloc_failed 0
thp_promote 15540
thp_fault_alloc 7324
thp_fault_fallback 21086
thp_collapse_alloc 10879
thp_collapse_alloc_failed 1
thp_split 19040
thp_zero_page_alloc 1
thp_zero_page_alloc_failed 0
thp_promote 15540
thp_fault_alloc 7324
thp_fault_fallback 21086
thp_collapse_alloc 10879
thp_collapse_alloc_failed 1
thp_split 19040
thp_zero_page_alloc 1
thp_zero_page_alloc_failed 0
thp_promote 15540
thp_fault_alloc 7324
thp_fault_fallback 21086
thp_collapse_alloc 10879
thp_collapse_alloc_failed 1
thp_split 19040
thp_zero_page_alloc 1
thp_zero_page_alloc_failed 0
thp_promote 15540
thp_fault_alloc 7324
thp_fault_fallback 21086
thp_collapse_alloc 10879
thp_collapse_alloc_failed 1
thp_split 19040
thp_zero_page_alloc 1
thp_zero_page_alloc_failed 0
thp_promote 15540
thp_fault_alloc 7324
thp_fault_fallback 21086
thp_collapse_alloc 10879
thp_collapse_alloc_failed 1
thp_split 19040
thp_zero_page_alloc 1
thp_zero_page_alloc_failed 0
thp_promote 15540
thp_fault_alloc 7331
thp_fault_fallback 21086
thp_collapse_alloc 10879
thp_collapse_alloc_failed 1
thp_split 19040
thp_zero_page_alloc 1
thp_zero_page_alloc_failed 0
thp_promote 15540
thp_fault_alloc 7353
thp_fault_fallback 21086
thp_collapse_alloc 10879
thp_collapse_alloc_failed 1
thp_split 19040
thp_zero_page_alloc 1
thp_zero_page_alloc_failed 0
thp_promote 15540
thp_fault_alloc 7381
thp_fault_fallback 21086
thp_collapse_alloc 10879
thp_collapse_alloc_failed 1
thp_split 19040
thp_zero_page_alloc 1
thp_zero_page_alloc_failed 0
thp_promote 15540
thp_fault_alloc 7438
thp_fault_fallback 21086
thp_collapse_alloc 10879
thp_collapse_alloc_failed 1
thp_split 19040
thp_zero_page_alloc 1
thp_zero_page_alloc_failed 0
thp_promote 15540
thp_fault_alloc 7438
thp_fault_fallback 21086
thp_collapse_alloc 10879
thp_collapse_alloc_failed 1
thp_split 19040
thp_zero_page_alloc 1
thp_zero_page_alloc_failed 0
thp_promote 15540
thp_fault_alloc 7438
thp_fault_fallback 21086
thp_collapse_alloc 10879
thp_collapse_alloc_failed 1
thp_split 19040
thp_zero_page_alloc 1
thp_zero_page_alloc_failed 0
thp_promote 15540
thp_fault_alloc 7553
thp_fault_fallback 21086
thp_collapse_alloc 10879
thp_collapse_alloc_failed 1
thp_split 19040
thp_zero_page_alloc 1
thp_zero_page_alloc_failed 0
thp_promote 15540
thp_fault_alloc 7553
thp_fault_fallback 21086
thp_collapse_alloc 10879
thp_collapse_alloc_failed 1
thp_split 19040
thp_zero_page_alloc 1
thp_zero_page_alloc_failed 0
thp_promote 15540
thp_fault_alloc 7553
thp_fault_fallback 21086
thp_collapse_alloc 10879
thp_collapse_alloc_failed 1
thp_split 19040
thp_zero_page_alloc 1
thp_zero_page_alloc_failed 0
thp_promote 15540
thp_fault_alloc 7553
thp_fault_fallback 21086
thp_collapse_alloc 10879
thp_collapse_alloc_failed 1
thp_split 19040
thp_zero_page_alloc 1
thp_zero_page_alloc_failed 0
thp_promote 15540
thp_fault_alloc 7553
thp_fault_fallback 21086
thp_collapse_alloc 10879
thp_collapse_alloc_failed 1
thp_split 19040
thp_zero_page_alloc 1
thp_zero_page_alloc_failed 0
thp_promote 15540
thp_fault_alloc 7553
thp_fault_fallback 21086
thp_collapse_alloc 10879
thp_collapse_alloc_failed 1
thp_split 19040
thp_zero_page_alloc 1
thp_zero_page_alloc_failed 0
thp_promote 15540
thp_fault_alloc 7782
thp_fault_fallback 21086
thp_collapse_alloc 10879
thp_collapse_alloc_failed 1
thp_split 19040
thp_zero_page_alloc 1
thp_zero_page_alloc_failed 0
thp_promote 15540
thp_fault_alloc 7782
thp_fault_fallback 21086
thp_collapse_alloc 10879
thp_collapse_alloc_failed 1
thp_split 19040
thp_zero_page_alloc 1
thp_zero_page_alloc_failed 0
thp_promote 15540
thp_fault_alloc 7782
thp_fault_fallback 21086
thp_collapse_alloc 10879
thp_collapse_alloc_failed 1
thp_split 19040
thp_zero_page_alloc 1
thp_zero_page_alloc_failed 0
thp_promote 15540
thp_fault_alloc 7782
thp_fault_fallback 21086
thp_collapse_alloc 10879
thp_collapse_alloc_failed 1
thp_split 19040
thp_zero_page_alloc 1
thp_zero_page_alloc_failed 0
thp_promote 15540
thp_fault_alloc 7782
thp_fault_fallback 21086
thp_collapse_alloc 10879
thp_collapse_alloc_failed 1
thp_split 19040
thp_zero_page_alloc 1
thp_zero_page_alloc_failed 0
thp_promote 15540
thp_fault_alloc 7782
thp_fault_fallback 21086
thp_collapse_alloc 10879
thp_collapse_alloc_failed 1
thp_split 19040
thp_zero_page_alloc 1
thp_zero_page_alloc_failed 0
thp_promote 15540
thp_fault_alloc 7782
thp_fault_fallback 21086
thp_collapse_alloc 10879
thp_collapse_alloc_failed 1
thp_split 19040
thp_zero_page_alloc 1
thp_zero_page_alloc_failed 0
thp_promote 15540
thp_fault_alloc 7782
thp_fault_fallback 21086
thp_collapse_alloc 10879
thp_collapse_alloc_failed 1
thp_split 19040
thp_zero_page_alloc 1
thp_zero_page_alloc_failed 0
thp_promote 15540
thp_fault_alloc 7782
thp_fault_fallback 21086
thp_collapse_alloc 10879
thp_collapse_alloc_failed 1
thp_split 19040
thp_zero_page_alloc 1
thp_zero_page_alloc_failed 0
thp_promote 15540
thp_fault_alloc 7782
thp_fault_fallback 21086
thp_collapse_alloc 10879
thp_collapse_alloc_failed 1
thp_split 19040
thp_zero_page_alloc 1
thp_zero_page_alloc_failed 0
thp_promote 15540
thp_fault_alloc 7782
thp_fault_fallback 21086
thp_collapse_alloc 10879
thp_collapse_alloc_failed 1
thp_split 19040
thp_zero_page_alloc 1
thp_zero_page_alloc_failed 0
thp_promote 15540
thp_fault_alloc 7782
thp_fault_fallback 21086
thp_collapse_alloc 10879
thp_collapse_alloc_failed 1
thp_split 19040
thp_zero_page_alloc 1
thp_zero_page_alloc_failed 0
thp_promote 15540
thp_fault_alloc 8239
thp_fault_fallback 21086
thp_collapse_alloc 10879
thp_collapse_alloc_failed 1
thp_split 19040
thp_zero_page_alloc 1
thp_zero_page_alloc_failed 0
thp_promote 15540
thp_fault_alloc 8239
thp_fault_fallback 21086
thp_collapse_alloc 10879
thp_collapse_alloc_failed 1
thp_split 19041
thp_zero_page_alloc 1
thp_zero_page_alloc_failed 0
thp_promote 15540
thp_fault_alloc 8239
thp_fault_fallback 21086
thp_collapse_alloc 10879
thp_collapse_alloc_failed 1
thp_split 19041
thp_zero_page_alloc 1
thp_zero_page_alloc_failed 0
thp_promote 15540
thp_fault_alloc 8239
thp_fault_fallback 21086
thp_collapse_alloc 10879
thp_collapse_alloc_failed 1
thp_split 19041
thp_zero_page_alloc 1
thp_zero_page_alloc_failed 0
thp_promote 15540
thp_fault_alloc 8239
thp_fault_fallback 21086
thp_collapse_alloc 10879
thp_collapse_alloc_failed 1
thp_split 19041
thp_zero_page_alloc 1
thp_zero_page_alloc_failed 0
thp_promote 15540
thp_fault_alloc 8239
thp_fault_fallback 21086
thp_collapse_alloc 10879
thp_collapse_alloc_failed 1
thp_split 19041
thp_zero_page_alloc 1
thp_zero_page_alloc_failed 0
thp_promote 15540
thp_fault_alloc 8239
thp_fault_fallback 21086
thp_collapse_alloc 10879
thp_collapse_alloc_failed 1
thp_split 19041
thp_zero_page_alloc 1
thp_zero_page_alloc_failed 0
thp_promote 15540
thp_fault_alloc 8239
thp_fault_fallback 21086
thp_collapse_alloc 10879
thp_collapse_alloc_failed 1
thp_split 19041
thp_zero_page_alloc 1
thp_zero_page_alloc_failed 0
thp_promote 15540
thp_fault_alloc 8239
thp_fault_fallback 21086
thp_collapse_alloc 10879
thp_collapse_alloc_failed 1
thp_split 19041
thp_zero_page_alloc 1
thp_zero_page_alloc_failed 0
thp_promote 15540
thp_fault_alloc 8239
thp_fault_fallback 21086
thp_collapse_alloc 10879
thp_collapse_alloc_failed 1
thp_split 19041
thp_zero_page_alloc 1
thp_zero_page_alloc_failed 0
thp_promote 15540
thp_fault_alloc 8239
thp_fault_fallback 21086
thp_collapse_alloc 10879
thp_collapse_alloc_failed 1
thp_split 19041
thp_zero_page_alloc 1
thp_zero_page_alloc_failed 0
thp_promote 15540
thp_fault_alloc 8239
thp_fault_fallback 21086
thp_collapse_alloc 10879
thp_collapse_alloc_failed 1
thp_split 19041
thp_zero_page_alloc 1
thp_zero_page_alloc_failed 0
thp_promote 15540
thp_fault_alloc 8239
thp_fault_fallback 21086
thp_collapse_alloc 10879
thp_collapse_alloc_failed 1
thp_split 19041
thp_zero_page_alloc 1
thp_zero_page_alloc_failed 0
thp_promote 15540
thp_fault_alloc 8239
thp_fault_fallback 21086
thp_collapse_alloc 10879
thp_collapse_alloc_failed 1
thp_split 19041
thp_zero_page_alloc 1
thp_zero_page_alloc_failed 0
thp_promote 15540
